Glasgow,Preston,1,2,6.60022e-05,-0.482414,6.60022e-05
Glasgow,Edinburgh,1,13,6.60022e-05,-0.482414,6.60022e-05
Preston,Birmingham,2,3,6.60022e-05,-0.482414,6.60022e-05
Birmingham,Cambridge,3,636,6.60022e-05,-0.482414,6.60022e-05
Le Havre,Paris,4,5,2.01887,-0.51578,3.06016
Le Havre,Amiens,4,657,1.13958,-0.51684,1.72856
Paris,Orléans,5,6,2.06899,-0.512308,3.12896
Paris,Calais,5,16,1.74795,-0.515694,2.64935
Paris,Lyon,5,17,2.57745,-0.512331,3.89796
Paris,Brussels,5,326,3.09901,-0.517209,4.70184
Paris,Le Mans,5,366,1.67088,-0.513422,2.52874
Paris,Reims,5,367,1.94165,-0.516235,2.94401
Paris,Chaumont,5,665,2.82054,-0.516701,4.27792
Orléans,Bordeaux,6,7,0.974592,-0.506403,1.46813
Orléans,Tours,6,392,1.07786,-0.506896,1.62422
Orléans,Montargis,6,393,1.35703,-0.508888,2.04761
Orléans,Toulouse,6,466,1.10607,-0.5044,1.66398
Bordeaux,San Sebastián,7,8,0.530998,-0.498931,0.795929
Bordeaux,Clermont-Ferrand,7,446,1.03121,-0.503442,1.55036
Bordeaux,Toulouse,7,466,0.444668,-0.496611,0.665496
Bordeaux,Angoulême,7,731,0.598602,-0.501284,0.898672
San Sebastián,Burgos,8,9,0.256802,-0.486942,0.38185
San Sebastián,Bilbao,8,445,0.209093,-0.488532,0.311242
San Sebastián,Toulouse,8,466,0.350857,-0.493899,0.524145
Burgos,Madrid,9,10,0.14291,-0.476294,0.210977
Burgos,Valladolid,9,465,0.0951954,-0.478658,0.140762
Madrid,Seville,10,11,0.0874179,-0.46689,0.128232
Madrid,Barcelona,10,21,0.216381,-0.483403,0.320981
Madrid,Valencia,10,24,0.0985473,-0.469745,0.144839
Madrid,Lisbon,10,464,0.0892106,-0.469669,0.13111
Seville,Algeciras,11,12,0.0399506,-0.457793,0.0582397
Seville,Huelva,11,486,0.0417498,-0.457357,0.0608443
Algeciras,Málaga,12,28,0.0170508,-0.451945,0.0247568
Edinburgh,Newcastle,13,14,6.60022e-05,-0.482414,6.60022e-05
Newcastle,London,14,15,6.60022e-05,-0.482414,6.60022e-05
London,Colchester,15,305,6.60022e-05,-0.482414,6.60022e-05
Calais,Bruges,16,324,1.79051,-0.51726,2.71667
Calais,Rouen,16,662,1.17042,-0.516387,1.77481
Lyon,Orange,17,18,1.13315,-0.505632,1.70611
Lyon,Clermont-Ferrand,17,446,1.26872,-0.505854,1.9105
Lyon,Chambéry,17,447,1.15489,-0.509421,1.74322
Orange,Narbonne,18,19,0.506009,-0.503517,0.760794
Orange,Marseille,18,736,0.489851,-0.5069,0.738156
Narbonne,Girona,19,20,0.270916,-0.497386,0.405666
Girona,Barcelona,20,21,0.305323,-0.489937,0.454913
Barcelona,Tarragona,21,22,0.190349,-0.485237,0.282713
Barcelona,Toulouse,21,466,0.565765,-0.491682,0.843941
Tarragona,Castellón de la Plana,22,23,0.0888167,-0.479167,0.131375
Castellón de la Plana,Valencia,23,24,0.0724005,-0.470131,0.106438
Valencia,Alicante,24,25,0.0513421,-0.46242,0.0750836
Alicante,Murcia,25,26,0.0212698,-0.456844,0.0309868
Murcia,Almería,26,27,0.0106315,-0.450072,0.0154164
Almería,Málaga,27,28,0.00956306,-0.447356,0.0138412
Hook of Holland,Rotterdam,29,30,0.58983,-0.521152,0.89722
Hook of Holland,The Hague,29,307,0.318323,-0.521418,0.484303
Rotterdam,Eindhoven,30,31,1.47612,-0.520964,2.24512
Eindhoven,Maastricht,31,32,1.59273,-0.520901,2.42238
Eindhoven,Antwerp,31,505,2.64338,-0.519205,4.01583
Eindhoven,Venlo,31,643,2.03215,-0.521521,3.09196
Eindhoven,Breda,31,706,1.49196,-0.520973,2.26922
Maastricht,Liège,32,33,1.98523,-0.521206,3.01994
Liège,Bastogne,33,34,1.85431,-0.521379,2.82111
Liège,Leuven,33,327,3.01805,-0.521073,4.59067
Liège,Eupen,33,328,1.94276,-0.522264,2.95739
Liège,Antwerp,33,505,3.33747,-0.519328,5.07071
Liège,Namur,33,652,2.06047,-0.520775,3.13351
Liège,St. Vith,33,653,1.69505,-0.521427,2.57889
Liège,Charleville-Mézières,33,658,2.19687,-0.520588,3.34054
Bastogne,Arlon,34,35,1.12037,-0.521722,1.70488
Arlon,Luxembourg,35,36,1.55545,-0.52134,2.36638
Luxembourg,Metz,36,37,2.55687,-0.519785,3.8859
Luxembourg,St. Vith,36,653,1.88822,-0.521966,2.87381
Luxembourg,Charleville-Mézières,36,658,1.43591,-0.519125,2.18133
Luxembourg,Trier,36,659,1.86173,-0.522202,2.83393
Metz,Saint-Avold,37,38,3.05967,-0.518988,4.64761
Metz,Lausanne,37,44,2.51598,-0.518115,3.81955
Metz,Geneva,37,45,2.70497,-0.515559,4.09954
Metz,Brussels,37,326,3.50169,-0.519174,5.31968
Metz,Reims,37,367,2.5234,-0.512625,3.81696
Metz,Saarbrücken,37,368,2.93221,-0.520805,4.45932
Saint-Avold,Strasbourg,38,39,2.32827,-0.519956,3.53886
Strasbourg,Mulhouse,39,40,2.94137,-0.521063,4.47401
Strasbourg,Appenweier,39,664,2.2208,-0.521529,3.37902
Mulhouse,Basel,40,41,2.81126,-0.520363,4.27413
Mulhouse,Belfort,40,398,2.1056,-0.5195,3.19946
Mulhouse,Chaumont,40,665,2.65923,-0.5191,4.03963
Basel,Olten,41,42,1.6758,-0.51975,2.5468
Basel,Offenburg,41,61,2.4097,-0.521163,3.66554
Basel,Zürich,41,399,1.96624,-0.5202,2.98908
Basel,Waldshut,41,666,2.31812,-0.519835,3.52316
Olten,Bern,42,43,1.67994,-0.514969,2.54505
Olten,Lucerne,42,62,1.04943,-0.518751,1.59383
Bern,Lausanne,43,44,1.37608,-0.517044,2.08758
Bern,Belfort,43,398,1.7332,-0.519081,2.63287
Bern,Martigny,43,506,0.950988,-0.514556,1.44032
Lausanne,Geneva,44,45,1.04511,-0.510581,1.57872
Lausanne,Martigny,44,506,0.820668,-0.514019,1.24251
Geneva,Mont Blanc,45,46,1.16536,-0.510499,1.76027
Geneva,Chambéry,45,447,1.28603,-0.508316,1.93974
Geneva,Mâcon,45,677,2.06274,-0.512662,3.12023
Mont Blanc,Aosta,46,47,0.677084,-0.507725,1.02086
Aosta,Ivrea,47,48,0.571547,-0.498224,0.856305
Aosta,Martigny,47,506,0.785562,-0.504055,1.18153
Ivrea,Vercelli,48,49,0.222437,-0.493038,0.332107
Ivrea,Turin,48,449,0.328239,-0.492147,0.489781
Vercelli,Alessandria,49,50,0.176626,-0.484152,0.26214
Alessandria,Genoa,50,51,0.211819,-0.474688,0.312367
Alessandria,Turin,50,449,0.225241,-0.485944,0.334696
Alessandria,Tortona,50,450,0.151041,-0.476376,0.222994
Alessandria,Asti,50,686,0.197631,-0.478798,0.292256
Genoa,Rome,51,74,0.39272,-0.462504,0.574355
Genoa,Tortona,51,450,0.230377,-0.468002,0.338194
Genoa,Nice,51,467,0.356409,-0.479105,0.527166
Amsterdam,Utrecht,52,53,1.35319,-0.521304,2.05861
Amsterdam,Amersfoort,52,309,0.787394,-0.520846,1.1975
Amsterdam,Brussels,52,326,3.31504,-0.519879,5.03846
Amsterdam,Groningen,52,624,1.41503,-0.521744,2.15331
Utrecht,Arnhem,53,54,1.03192,-0.52231,1.57091
Utrecht,Gouda,53,308,0.834462,-0.521815,1.2699
Utrecht,Amersfoort,53,309,0.777784,-0.522033,1.18381
Utrecht,Gorinchem,53,707,0.987951,-0.521709,1.50337
Arnhem,Emmerich,54,55,0.941308,-0.52326,1.43386
Emmerich,Oberhausen,55,56,1.83579,-0.523679,2.79715
Oberhausen,Cologne,56,57,3.16401,-0.52408,4.82221
Oberhausen,Dortmund,56,508,2.22324,-0.523717,3.38759
Oberhausen,Venlo,56,643,2.08295,-0.522786,3.17189
Cologne,Frankfurt am Main,57,58,3.69463,-0.524672,5.63309
Cologne,Aachen,57,329,3.23562,-0.524703,4.93336
Cologne,Olpe,57,330,2.28326,-0.524709,3.4813
Cologne,Bremen,57,507,3.34679,-0.523873,5.10009
Frankfurt am Main,Heidelberg,58,59,3.31554,-0.524802,5.05554
Frankfurt am Main,Gießen,58,332,2.35851,-0.525114,3.597
Frankfurt am Main,Mannheim,58,369,3.81476,-0.524612,5.81603
Frankfurt am Main,Aschaffenburg,58,509,2.75658,-0.524346,4.20198
Frankfurt am Main,Wiesbaden,58,656,2.70911,-0.525181,4.13189
Heidelberg,Karlsruhe,59,60,2.78952,-0.523877,4.25089
Karlsruhe,Offenburg,60,61,2.37669,-0.521971,3.61726
Karlsruhe,Stuttgart,60,510,3.31819,-0.522136,5.05074
Karlsruhe,Appenweier,60,664,2.53928,-0.522608,3.86632
Lucerne,Altdorf,62,63,0.771878,-0.519421,1.17281
Altdorf,Gotthard Pass,63,64,0.541028,-0.519511,0.822098
Altdorf,Zürich,63,399,1.0173,-0.519495,1.54579
Gotthard Pass,Bellinzona,64,65,0.271065,-0.51826,0.411547
Bellinzona,Lugano,65,66,0.135449,-0.512051,0.204805
Bellinzona,San Bernardino,65,516,0.152118,-0.515823,0.230584
Lugano,Chiasso,66,67,0.0823393,-0.495442,0.123134
Chiasso,Como,67,68,0.110819,-0.477604,0.163746
Como,Milan,68,69,0.245153,-0.473614,0.361262
Milan,Piacenza,69,70,0.28077,-0.470161,0.412778
Milan,Turin,69,449,0.345649,-0.482769,0.512517
Milan,Tortona,69,450,0.2,-0.472254,0.294452
Milan,Brescia,69,451,0.247857,-0.469522,0.364232
Milan,Gravellona Toce,69,680,0.270529,-0.47696,0.39956
Piacenza,Parma,70,71,0.201979,-0.464018,0.2957
Parma,Modena,71,72,0.310631,-0.461205,0.453895
Modena,Florence,72,73,0.355649,-0.45661,0.518042
Modena,Verona,72,94,0.418398,-0.460797,0.611194
Modena,Bologna,72,95,0.346925,-0.456136,0.50517
Florence,Rome,73,74,0.320284,-0.456274,0.466421
Rome,Pescara,74,125,0.312926,-0.454581,0.455176
Östersund,Mora,75,76,0.0284565,-0.344669,0.0382646
Östersund,Trondheim,75,493,0.0339062,-0.344693,0.0455935
Östersund,Sundsvall,75,610,0.0354134,-0.343889,0.0475917
Mora,Säffle,76,77,0.0208305,-0.345219,0.0280216
Säffle,Gothenburg,77,78,0.0275867,-0.345613,0.0371211
Gothenburg,Halmstad,78,300,0.0264424,-0.345729,0.0355843
Gothenburg,Örebro,78,301,0.0285336,-0.345579,0.0383942
Gothenburg,Oslo,78,489,0.0242606,-0.345803,0.03265
Hamburg,Hanover,79,80,2.04466,-0.522123,3.11222
Hamburg,Berlin,79,108,2.2147,-0.521046,3.36866
Hamburg,Bremen,79,507,2.56904,-0.522912,3.91242
Hamburg,Lübeck,79,517,1.16703,-0.521783,1.77596
Hanover,Göttingen,80,81,1.4281,-0.523157,2.17523
Hanover,Bad Oeynhausen,80,312,1.63938,-0.523111,2.49696
Hanover,Braunschweig,80,313,1.50486,-0.521474,2.2896
Göttingen,Kassel,81,82,1.29708,-0.523793,1.97648
Kassel,Fulda,82,83,1.75449,-0.524019,2.67387
Kassel,Dortmund,82,508,2.03397,-0.524012,3.09979
Fulda,Würzburg,83,84,2.54222,-0.523745,3.87369
Würzburg,Nuremberg,84,85,3.77228,-0.522377,5.74284
Würzburg,Aschaffenburg,84,509,3.34841,-0.523912,5.10269
Würzburg,Stuttgart,84,510,2.66706,-0.523431,4.06308
Würzburg,Ulm,84,512,1.71497,-0.521578,2.60946
Nuremberg,Munich,85,86,3.13856,-0.518432,4.7657
Nuremberg,Heilbronn,85,370,3.38971,-0.522431,5.1606
Nuremberg,Rozvadov,85,371,2.6317,-0.519772,3.99958
Nuremberg,Bayreuth,85,529,3.53571,-0.520284,5.37528
Nuremberg,Regensburg,85,667,2.50302,-0.519947,3.80446
Munich,Rosenheim,86,87,2.21417,-0.515656,3.35591
Munich,Salzburg,86,115,2.62349,-0.514345,3.97286
Munich,Ulm,86,512,2.2571,-0.518198,3.42672
Munich,Lindau,86,513,2.45482,-0.515804,3.72102
Munich,Deggendorf,86,531,2.44769,-0.517026,3.71322
Munich,Garmisch-Partenkirchen,86,718,2.15014,-0.51587,3.25933
Munich,Braunau am Inn,86,721,1.91214,-0.515728,2.89828
Rosenheim,Wörgl,87,88,1.46435,-0.514343,2.21753
Rosenheim,Bad Reichenhall,87,407,1.16481,-0.514178,1.76374
Wörgl,Innsbruck,88,89,1.38162,-0.512629,2.08987
Wörgl,St. Johann in Tirol,88,732,1.0386,-0.51317,1.57158
Innsbruck,Brenner,89,90,0.798683,-0.510389,1.20632
Innsbruck,Telfs,89,405,0.704695,-0.512051,1.06553
Innsbruck,Imst,89,406,0.720269,-0.512114,1.08913
Innsbruck,Seefeld,89,720,0.830365,-0.512096,1.25559
Brenner,Fortezza,90,91,0.478655,-0.506248,0.720974
Fortezza,Bolzano,91,92,0.309801,-0.496817,0.463715
Fortezza,Innichen,91,681,0.415769,-0.503713,0.625198
Bolzano,Trento,92,93,0.227881,-0.478338,0.336885
Trento,Verona,93,94,0.363968,-0.464858,0.533162
Verona,Mestre,94,120,0.512122,-0.462686,0.749073
Verona,Brescia,94,451,0.382399,-0.463162,0.559512
Bologna,Cesena,95,96,0.294538,-0.45408,0.428282
Cesena,Perugia,96,97,0.204256,-0.453095,0.296803
Cesena,Ravenna,96,121,0.309047,-0.457075,0.450304
Cesena,Rimini,96,122,0.211438,-0.452827,0.307183
Perugia,Fiano Romano,97,98,0.0839666,-0.451578,0.121884
Fiano Romano,Naples,98,99,0.0395124,-0.449723,0.0572821
Naples,Salerno,99,100,0.0104957,-0.447916,0.0151969
Naples,Avellino,99,741,0.0156445,-0.446445,0.0226289
Salerno,Sicignano degli Alburni,100,101,0.00607827,-0.443359,0.00877313
Salerno,Avellino,100,741,0.00795861,-0.442982,0.0114841
Sicignano degli Alburni,Potenza,101,743,0.00321729,-0.440684,0.00463509
Messina,Catania,102,103,6.60022e-05,-0.482414,6.60022e-05
Messina,Palermo,102,474,6.60022e-05,-0.482414,6.60022e-05
Catania,Siracusa,103,104,6.60022e-05,-0.482414,6.60022e-05
Siracusa,Gela,104,105,6.60022e-05,-0.482414,6.60022e-05
Gela,Mazara del Vallo,105,473,6.60022e-05,-0.482414,6.60022e-05
Helsingborg,Copenhagen,299,106,0.00589159,-0.345627,0.00792789
Copenhagen,Malmö,106,135,0.00301639,-0.345402,0.00405826
Rostock,Berlin,107,108,1.65663,-0.520168,2.51836
Rostock,Lübeck,107,517,0.833525,-0.520843,1.26766
Rostock,Sassnitz,107,625,0.700289,-0.520169,1.06456
Berlin,Lübbenau,108,109,2.47716,-0.519784,3.76475
Berlin,Szczecin,108,137,1.96385,-0.520127,2.9853
Berlin,Świebodzin,108,139,2.35258,-0.520726,3.57763
Berlin,Magdeburg,108,314,2.48464,-0.520217,3.7772
Berlin,Leipzig,108,526,2.18757,-0.519743,3.32455
Berlin,Neubrandenburg,108,700,1.52775,-0.520141,2.32239
Lübbenau,Dresden,109,110,1.81918,-0.519234,2.76375
Lübbenau,Cottbus,109,644,1.35297,-0.519532,2.05587
Dresden,Ústí nad Labem,110,111,1.84341,-0.517748,2.79784
Dresden,Chemnitz,110,337,2.07212,-0.518842,3.14723
Dresden,Görlitz,110,338,1.33122,-0.518977,2.02209
Ústí nad Labem,Prague,111,112,2.06271,-0.516124,3.12732
Prague,Tábor,112,113,1.98128,-0.513905,2.99946
Prague,Mladá Boleslav,112,146,1.16175,-0.515821,1.76101
Prague,Jihlava,112,147,1.99993,-0.513385,3.02667
Prague,Plzeň,112,372,2.24663,-0.51536,3.40445
Prague,Karlovy Vary,112,523,1.38844,-0.51611,2.10503
Prague,Hradec Králové,112,551,1.50451,-0.515314,2.2798
Tábor,Linz,113,114,1.74379,-0.513369,2.639
Linz,Salzburg,114,115,1.83251,-0.512597,2.77185
Linz,Sattledt,114,408,0.742865,-0.512463,1.12356
Linz,Sankt Pölten,114,409,1.73243,-0.51158,2.61871
Linz,Wels,114,669,1.31833,-0.513512,1.99531
Salzburg,Villach,115,116,2.68971,-0.509008,4.05879
Salzburg,Bad Reichenhall,115,407,1.40804,-0.512565,2.12975
Salzburg,Sattledt,115,408,1.47468,-0.510383,2.22733
Salzburg,Lofer,115,733,1.68362,-0.512758,2.5469
Villach,Tarvisio,116,117,1.37159,-0.504907,2.06412
Villach,Karavanke Tunnel,116,537,1.17353,-0.5028,1.76358
Villach,Spittal an der Drau,116,682,1.34906,-0.506006,2.03169
Villach,Klagenfurt,116,683,1.43463,-0.504482,2.15838
Tarvisio,Udine,117,118,0.646511,-0.499163,0.969226
Udine,Palmanova,118,119,0.566858,-0.486216,0.842474
Palmanova,Mestre,119,120,0.620759,-0.473559,0.914724
Palmanova,Trieste,119,452,0.653466,-0.48164,0.968202
Mestre,Ravenna,120,121,0.390969,-0.46286,0.571932
Rimini,Fano,122,123,0.104727,-0.45062,0.15192
Fano,Ancona,123,124,0.0924009,-0.449162,0.133904
Ancona,Pescara,124,125,0.16308,-0.450384,0.236529
Pescara,Canosa di Puglia,125,126,0.176519,-0.449905,0.255936
Canosa di Puglia,Bari,126,127,0.0568213,-0.446615,0.0821985
Canosa di Puglia,Benevento,126,742,0.0584615,-0.446866,0.084586
Bari,Brindisi,127,128,0.0152837,-0.444741,0.022081
Bari,Taranto,127,476,0.0144895,-0.444581,0.0209312
Brindisi,Taranto,128,476,0.00355991,-0.441444,0.00513141
Igoumenitsa,Preveza,129,130,0.0085709,-0.406153,0.012052
Igoumenitsa,Ioannina,129,477,0.0197903,-0.408462,0.0278738
Preveza,Rhion,130,131,0.00431374,-0.402653,0.00605068
Rhion,Patras,131,132,0.00156941,-0.397053,0.00219255
Rhion,Aigio,131,175,0.00156941,-0.397053,0.00219255
Patras,Pyrgos,132,133,0.000683314,-0.392442,0.000951476
Pyrgos,Kalamata,133,134,0.000333544,-0.386129,0.000462335
Kalamata,Tripoli,134,177,0.000241356,-0.38196,0.000333544
Malmö,Helsingborg,135,299,0.00811126,-0.345571,0.0109143
Malmö,Kalmar,135,626,0.00772078,-0.345383,0.0103874
Goleniów,Szczecin,136,137,0.836471,-0.520205,1.27161
Goleniów,Koszalin,136,637,0.36088,-0.520988,0.548895
Szczecin,Gorzów Wielkopolski,137,138,0.891415,-0.520502,1.3554
Gorzów Wielkopolski,Świebodzin,138,139,1.07151,-0.52131,1.6301
Świebodzin,Zielona Góra,139,140,1.41694,-0.521365,2.15569
Świebodzin,Poznań,139,315,2.2482,-0.522918,3.42382
Zielona Góra,Legnica,140,141,1.4209,-0.521447,2.16182
Legnica,Jelenia Góra,141,142,1.2707,-0.520134,1.93163
Legnica,Görlitz,141,338,1.40918,-0.519809,2.14168
Legnica,Wrocław,141,339,2.14326,-0.52042,3.25866
Legnica,Cottbus,141,644,1.41068,-0.519843,2.14401
Jelenia Góra,Harrachov,142,143,0.547232,-0.519623,0.831586
Harrachov,Železný Brod,143,144,0.392476,-0.518315,0.595902
Železný Brod,Turnov,144,145,0.644572,-0.517148,0.977911
Turnov,Mladá Boleslav,145,146,0.683388,-0.516297,1.03622
Turnov,Hradec Králové,145,551,0.964684,-0.516202,1.46266
Turnov,Teplice,145,715,0.834047,-0.517159,1.26538
Jihlava,Brno,147,148,1.0096,-0.511793,1.52631
Jihlava,Vienna,147,410,1.62541,-0.511537,2.45686
Brno,Bratislava,148,149,1.41679,-0.509538,2.1387
Brno,Trenčín,148,373,1.4046,-0.511442,2.12298
Brno,Vienna,148,410,1.61609,-0.509397,2.43933
Brno,Olomouc,148,716,1.41991,-0.512695,2.14789
Bratislava,Rajka,149,150,1.51582,-0.508269,2.28626
Bratislava,Žilina,149,195,1.61332,-0.511588,2.43867
Bratislava,Győr,149,196,1.53598,-0.503337,2.30909
Bratislava,Vienna,149,410,2.11976,-0.504803,3.18982
Bratislava,Zvolen,149,568,2.12493,-0.509875,3.20838
Bratislava,Dunajská Streda,149,724,1.30174,-0.508419,1.96357
Rajka,Csorna,150,151,0.600508,-0.508018,0.905577
Csorna,Szombathely,151,152,0.295334,-0.504741,0.444402
Szombathely,Zalaegerszeg,152,153,0.288296,-0.497051,0.431593
Zalaegerszeg,Nagykanizsa,153,154,0.567852,-0.492862,0.847725
Nagykanizsa,Letenye,154,155,0.353207,-0.49197,0.526973
Nagykanizsa,Zagreb,154,156,0.767743,-0.489663,1.14368
Nagykanizsa,Balatonvilágos,154,553,1.12551,-0.493169,1.68057
Letenye,Zagreb,155,156,0.414536,-0.487697,0.616705
Zagreb,Karlovac,156,157,0.607465,-0.487219,0.903434
Zagreb,Ljubljana,156,454,0.590295,-0.488904,0.878893
Zagreb,Slavonski Brod,156,455,0.66863,-0.479491,0.989232
Zagreb,Maribor,156,535,0.712888,-0.492576,1.06404
Karlovac,Rijeka,157,158,0.268505,-0.485168,0.398775
Karlovac,Knin,157,554,0.215548,-0.485309,0.320155
Rijeka,Split,158,159,0.181136,-0.482823,0.268593
Rijeka,Trieste,158,452,0.460681,-0.48471,0.683978
Split,Dubrovnik,159,160,0.129549,-0.475883,0.1912
Split,Knin,159,554,0.128179,-0.482091,0.189973
Dubrovnik,Petrovac,160,161,0.0420519,-0.469097,0.0617783
Dubrovnik,Podgorica,160,162,0.0926835,-0.462197,0.135522
Petrovac,Podgorica,161,162,0.0608514,-0.456323,0.0886194
Petrovac,Prizren,161,744,0.0557853,-0.456792,0.0812676
Podgorica,Bijelo Polje,162,163,0.0934407,-0.457055,0.136148
Podgorica,Pristina,162,164,0.12906,-0.45591,0.187899
Podgorica,Sarajevo,162,737,0.160759,-0.457574,0.234318
Bijelo Polje,Pristina,163,164,0.129924,-0.455839,0.189149
Bijelo Polje,Nova Varoš,163,740,0.1418,-0.458735,0.206849
Pristina,Skopje,164,165,0.173806,-0.452586,0.252468
Pristina,Niš,164,202,0.344513,-0.458182,0.502363
Pristina,Prizren,164,744,0.106795,-0.45524,0.155413
Skopje,Kičevo,165,166,0.118013,-0.448801,0.170978
Skopje,Kumanovo,165,203,0.170455,-0.45244,0.247575
Skopje,Veles,165,204,0.124393,-0.446851,0.179978
Kičevo,Ohrid,166,167,0.0486221,-0.446112,0.070313
Ohrid,Bitola,167,168,0.0226126,-0.43938,0.0325482
Bitola,Niki,168,169,0.0164743,-0.424631,0.0234697
Niki,Vevi,169,170,0.0243268,-0.413622,0.0343889
Vevi,Kozani,170,171,0.0523036,-0.411779,0.0738411
Kozani,Larissa,171,172,0.035381,-0.411587,0.0499434
Kozani,Thessaloniki,171,207,0.115953,-0.414136,0.163974
Kozani,Ioannina,171,477,0.0430726,-0.411207,0.0607843
Larissa,Domokos,172,173,0.015692,-0.410511,0.0221337
Larissa,Lamia,172,174,0.015692,-0.410511,0.0221337
Larissa,Katerini,172,208,0.0450519,-0.412629,0.0636417
Larissa,Trikala,172,687,0.0223237,-0.409861,0.0314733
Domokos,Lamia,173,174,6.60022e-05,-0.482414,3.30011e-05
Aigio,Corinth,175,176,0.000683314,-0.392442,0.000951476
Corinth,Tripoli,176,177,0.000333544,-0.386129,0.000462335
Varangerbotn,Utsjoki,178,179,0.0674835,-0.49775,0.101073
Varangerbotn,Kirkenes,178,243,0.17205,-0.525391,0.262444
Varangerbotn,Karasjok,178,502,0.0674113,-0.497371,0.10094
Utsjoki,Inari,179,180,0.0263176,-0.503443,0.0395669
Inari,Ivalo,180,181,0.0116503,-0.497479,0.0174461
Ivalo,Sodankylä,181,182,0.00857472,-0.436803,0.0123202
Sodankylä,Rovaniemi,182,183,0.00923028,-0.382254,0.0127586
Sodankylä,Kemijärvi,182,539,0.00596739,-0.394177,0.0083196
Rovaniemi,Kemi,183,184,0.0127457,-0.367149,0.0174253
Kemi,Oulu,184,185,0.018997,-0.37412,0.0261042
Kemi,Tornio,184,614,0.0130605,-0.360008,0.0177623
Oulu,Jyväskylä,185,186,0.0190664,-0.395383,0.0266049
Oulu,Kokkola,185,615,0.0144431,-0.392195,0.0201076
Jyväskylä,Heinola,186,187,0.0257034,-0.430779,0.0367758
Jyväskylä,Kuopio,186,544,0.0185843,-0.405196,0.0261145
Jyväskylä,Tampere,186,545,0.0252305,-0.422419,0.0358884
Heinola,Lahti,187,188,0.0292594,-0.472242,0.043077
Lahti,Helsinki,188,189,0.0604506,-0.497775,0.0905415
Helsinki,Hämeenlinna,189,618,0.0610073,-0.497405,0.0913526
Helsinki,Kotka,189,621,0.169053,-0.52114,0.257153
Gdańsk,Świecie,190,191,1.74532,-0.526946,2.66502
Gdańsk,Kaliningrad,190,563,1.35214,-0.529802,2.06851
Gdańsk,Elbląg,190,564,1.49692,-0.527489,2.28653
Gdańsk,Gdynia,190,639,1.06936,-0.527819,1.63379
Świecie,Łódź,191,192,1.23204,-0.525379,1.87933
Świecie,Poznań,191,315,1.64253,-0.525576,2.50581
Łódź,Piotrków Trybunalski,192,193,1.41181,-0.525314,2.15346
Piotrków Trybunalski,Katowice,193,194,1.66747,-0.523571,2.54051
Piotrków Trybunalski,Warsaw,193,316,2.43727,-0.527113,3.72198
Piotrków Trybunalski,Wrocław,193,339,1.6847,-0.523566,2.56675
Katowice,Žilina,194,195,1.36118,-0.518277,2.06665
Katowice,Zabrze,194,342,1.20305,-0.521246,1.83013
Katowice,Kraków,194,343,1.84713,-0.521529,2.81046
Katowice,Český Těšín,194,717,0.954277,-0.520252,1.45074
Žilina,Olomouc,195,716,0.814124,-0.514468,1.23296
Győr,Budapest,196,197,2.12376,-0.501246,3.18829
Győr,Vámosszabadi,196,726,0.967874,-0.504017,1.4557
Budapest,Szeged,197,198,2.18532,-0.491001,3.25831
Budapest,Mosonmagyaróvár,197,412,2.25669,-0.499765,3.38451
Budapest,Szolnok,197,413,2.17823,-0.493243,3.25263
Budapest,Miskolc,197,552,2.24514,-0.498418,3.36415
Budapest,Balatonvilágos,197,553,1.95399,-0.49401,2.91927
Budapest,Szekszárd,197,555,1.77928,-0.494665,2.65942
Budapest,Zvolen,197,568,2.08324,-0.50101,3.12696
Szeged,Subotica,198,199,1.27992,-0.489305,1.90619
Szeged,Arad,198,684,1.55862,-0.482482,2.31063
Subotica,Novi Sad,199,200,0.73252,-0.481874,1.0855
Subotica,Sombor,199,735,0.673867,-0.487543,1.00241
Novi Sad,Belgrade,200,201,0.702047,-0.474276,1.03501
Belgrade,Niš,201,202,0.585575,-0.466287,0.858621
Belgrade,Slavonski Brod,201,455,0.629114,-0.474289,0.927495
Belgrade,Vršac,201,456,0.571643,-0.469638,0.840108
Belgrade,Čačak,201,739,0.504352,-0.467028,0.739898
Niš,Kumanovo,202,203,0.24678,-0.459583,0.360196
Niš,Drobeta-Turnu Severin,202,458,0.567194,-0.464642,0.830736
Niš,Sofia,202,468,0.41716,-0.449494,0.604671
Kumanovo,Kyustendil,203,745,0.155613,-0.450585,0.22573
Veles,Gevgelija,204,205,0.0666233,-0.436897,0.0957308
Gevgelija,Evzoni,205,206,0.0670684,-0.422215,0.0953857
Evzoni,Thessaloniki,206,207,0.124148,-0.416233,0.175823
Thessaloniki,Katerini,207,208,0.0840142,-0.41492,0.118873
Thessaloniki,Alexandroupoli,207,233,0.174979,-0.413676,0.247364
Thessaloniki,Serres,207,577,0.150273,-0.420947,0.21353
Klaipėda,Kaunas,209,210,2.00903,-0.534143,3.08214
Klaipėda,Palanga,209,704,1.1785,-0.534999,1.80899
Kaunas,Vilnius,210,211,2.22908,-0.533873,3.41913
Kaunas,Warsaw,210,316,4.27323,-0.531412,6.54408
Kaunas,Riga,210,547,2.93647,-0.533511,4.50311
Kaunas,Ukmergė,210,701,1.87451,-0.533942,2.87539
Vilnius,Lida,211,212,2.08493,-0.534349,3.19902
Vilnius,Minsk,211,318,4.22087,-0.532365,6.46791
Vilnius,Marijampolė,211,641,2.18916,-0.53456,3.3594
Vilnius,Ukmergė,211,701,2.19135,-0.534567,3.36277
Lida,Slonim,212,213,0.814892,-0.534238,1.25024
Slonim,Kobryn,213,214,0.415542,-0.530423,0.635954
Kobryn,Dubno,214,215,0.457017,-0.52234,0.695735
Dubno,Ternopil,215,216,0.975928,-0.51841,1.48186
Ternopil,Chernivtsi,216,217,1.09525,-0.515731,1.6601
Ternopil,Stryj,216,379,1.55192,-0.514996,2.35116
Ternopil,Khmelnytskyi,216,380,1.3903,-0.520461,2.1139
Chernivtsi,Siret,217,218,0.813498,-0.509854,1.22826
Siret,Suceava,218,219,1.36128,-0.505043,2.04879
Suceava,Roman,219,220,1.3353,-0.502773,2.00665
Suceava,Halmeu,219,578,2.05703,-0.501754,3.08916
Suceava,Iaşi,219,670,1.81453,-0.506511,2.73361
Roman,Urziceni,220,221,0.729235,-0.498443,1.09272
Urziceni,Bucharest,221,222,0.497721,-0.486979,0.740101
Urziceni,Slobozia,221,421,0.412861,-0.494177,0.616887
Bucharest,Giurgiu,222,223,0.249741,-0.475137,0.368402
Bucharest,Ploieşti,222,420,0.225187,-0.478483,0.332934
Bucharest,Constanţa,222,423,0.337682,-0.481985,0.500439
Bucharest,Alexandria,222,460,0.258592,-0.474888,0.381395
Bucharest,Piteşti,222,583,0.281594,-0.476095,0.415659
Giurgiu,Ruse,223,224,0.128684,-0.46911,0.189051
Ruse,Byala,224,225,0.066389,-0.458745,0.0968446
Ruse,Razgrad,224,461,0.0618113,-0.46029,0.0902624
Byala,Veliko Tarnovo,225,226,0.0517343,-0.45179,0.0751073
Byala,Pleven,225,584,0.0505395,-0.448969,0.0732301
Veliko Tarnovo,Stara Zagora,226,227,0.0581986,-0.449407,0.0843535
Veliko Tarnovo,Shumen,226,462,0.0565376,-0.456337,0.0823378
Stara Zagora,Haskovo,227,228,0.0350261,-0.446245,0.0506564
Stara Zagora,Burgas,227,590,0.0515639,-0.455861,0.07507
Haskovo,Svilengrad,228,229,0.0164623,-0.437187,0.0236594
Svilengrad,Ormenio,229,230,0.0122927,-0.422485,0.0174862
Ormenio,Kastanies,230,231,0.01851,-0.413176,0.026158
Kastanies,Didymoteicho,231,232,0.0400232,-0.411636,0.0564982
Didymoteicho,Alexandroupoli,232,233,0.0944864,-0.412051,0.13342
Alexandroupoli,Gelibolu,233,478,0.118001,-0.411937,0.166611
Saint Petersburg,Pskov,234,235,4.11786,-0.529793,6.29948
Saint Petersburg,Moscow,234,239,7.67713,-0.525077,11.7082
Saint Petersburg,Petrozavodsk,234,245,2.62446,-0.527261,4.00823
Saint Petersburg,Narva,234,304,3.11052,-0.529336,4.75703
Saint Petersburg,Vyborg,234,623,2.62447,-0.527254,4.00823
Pskov,Gomel,235,236,5.46164,-0.531508,8.36454
Pskov,Riga,235,547,3.93889,-0.532431,6.03608
Gomel,Kiev,236,237,7.5492,-0.528282,11.5373
Gomel,Babruysk,236,703,4.56704,-0.531466,6.99427
Kiev,Odessa,237,238,5.4302,-0.522506,8.26752
Kiev,Hlukhiv,237,242,6.63842,-0.524264,10.1187
Kiev,Kharkiv,237,247,6.45352,-0.522443,9.82511
Kiev,Rivne,237,348,4.80527,-0.525283,7.32939
Kiev,Zhytomyr,237,349,3.82709,-0.525141,5.83686
Odessa,Izmail,238,586,1.80097,-0.520456,2.73829
Odessa,Chişinău,238,672,2.1322,-0.520144,3.24125
Odessa,Mykolaiv,238,673,2.09908,-0.521525,3.1938
Moscow,Kaluga,239,240,5.40796,-0.522837,8.23544
Moscow,Orel,239,246,5.76682,-0.521408,8.77369
Moscow,Voronezh,239,248,5.99513,-0.514756,9.08116
Moscow,Tambov,239,256,5.1845,-0.515734,7.85833
Moscow,Smolensk,239,319,5.93608,-0.525975,9.05831
Moscow,Ryazan,239,320,4.44277,-0.514341,6.72788
Moscow,Velikiye Luki,239,628,5.20941,-0.523404,7.93604
Moscow,Vladimir,239,629,4.54089,-0.513602,6.8731
Kaluga,Bryansk,240,241,2.98369,-0.524688,4.54919
Bryansk,Hlukhiv,241,242,3.69043,-0.525326,5.62911
Hlukhiv,Kursk,242,645,3.92816,-0.524285,5.98763
Kirkenes,Murmansk,243,244,0.377607,-0.528572,0.5772
Murmansk,Petrozavodsk,244,245,0.98235,-0.528001,1.50103
Orel,Kharkiv,246,247,4.35258,-0.521242,6.62132
Kharkiv,Luhansk,247,350,3.50298,-0.522106,5.33191
Voronezh,Novorossiysk,248,249,3.85554,-0.50771,5.81304
Voronezh,Kursk,248,645,3.77998,-0.520986,5.74929
Voronezh,Saratov,248,646,3.13138,-0.507628,4.72096
Novorossiysk,Dzhankoy,249,601,1.5461,-0.515933,2.34378
Novorossiysk,Sochi,249,602,1.50073,-0.515766,2.27475
Mineralnye Vody,Nalchik,250,251,0.195482,-0.501494,0.293515
Mineralnye Vody,Makhachkala,250,260,0.438854,-0.500532,0.658515
Mineralnye Vody,Armavir,250,387,0.231801,-0.503998,0.348628
Nalchik,Vladikavkaz,251,252,0.0747664,-0.501146,0.112235
Vladikavkaz,Stepantsminda,252,253,0.0289885,-0.500365,0.0434933
Stepantsminda,Mtskheta,253,254,0.0122201,-0.498379,0.0183104
Mtskheta,Tbilisi,254,255,0.00763227,-0.495035,0.0114105
Tbilisi,Gori,255,428,0.00493724,-0.494636,0.00737938
Tbilisi,Rustavi,255,429,0.00714797,-0.494826,0.010685
Tambov,Povorino,256,257,2.35338,-0.516705,3.56939
Povorino,Volgograd,257,258,1.95427,-0.515849,2.96238
Volgograd,Astrakhan,258,259,2.08784,-0.50836,3.14921
Volgograd,Luhansk,258,350,2.2921,-0.518641,3.48088
Astrakhan,Makhachkala,259,260,1.34926,-0.50022,2.02418
Astrakhan,Atyrau,259,265,1.76417,-0.4908,2.63002
Makhachkala,Kuba,260,261,0.432437,-0.500237,0.648759
Kuba,Baku,261,262,0.165214,-0.500215,0.247857
Baku,Yevlakh,262,431,0.0632758,-0.500149,0.0949232
Samara,Oral,263,264,1.45216,-0.470891,2.13597
Samara,Penza,263,321,1.3568,-0.489518,2.02098
Samara,Ufa,263,322,1.04915,-0.465886,1.53794
Oral,Atyrau,264,265,1.54263,-0.46544,2.26063
Oral,Saratov,264,646,2.07444,-0.491688,3.09442
Oral,Aktobe,264,647,1.04567,-0.469318,1.53642
Atyrau,Beineu,265,266,0.727186,-0.476101,1.0734
Atyrau,Beyneu,265,351,0.727186,-0.476101,1.0734
Beineu,Shetpe,266,267,0.284242,-0.474974,0.419249
Shetpe,Zhetybai,267,268,0.111312,-0.473968,0.16407
Zhetybai,Fetisovo,268,269,0.0438994,-0.472746,0.0646527
Fetisovo,Bekdash,269,270,0.0179932,-0.469173,0.0264351
Bekdash,Türkmenbaşy,270,271,0.00897086,-0.45583,0.01306
Türkmenbaşy,Gyzylarbat,271,272,0.00812689,-0.432331,0.0116404
Gyzylarbat,Ashgabat,272,432,0.0143099,-0.423473,0.0203698
Chelyabinsk,Kostanay,273,274,0.219411,-0.463647,0.321141
Chelyabinsk,Ufa,273,322,0.469647,-0.466098,0.688549
Chelyabinsk,Kurgan,273,323,0.241949,-0.461961,0.353721
Kostanay,Esil,274,275,0.094747,-0.459802,0.138312
Esil,Derzhavinsk,275,276,0.0572121,-0.445452,0.0826974
Derzhavinsk,Arkalyk,276,277,0.0706478,-0.426699,0.100793
Arkalyk,Jezkazgan,277,278,0.144374,-0.419581,0.204951
Jezkazgan,Kyzylorda,278,279,0.223494,-0.41541,0.316336
Jezkazgan,Karaganda,278,286,0.2132,-0.418793,0.302486
Kyzylorda,Shymkent,279,280,0.207043,-0.412155,0.292377
Kyzylorda,Novokazalinsk,279,650,0.16227,-0.422129,0.230768
Shymkent,Tashkent,280,281,0.157047,-0.402934,0.220326
Shymkent,Zhambyl,280,359,0.127277,-0.404183,0.17872
Tashkent,Ayni,281,282,0.0556734,-0.398559,0.0778626
Tashkent,Jizzakh,281,358,0.071687,-0.398123,0.100227
Tashkent,Kokand,281,689,0.0587787,-0.399474,0.0822592
Ayni,Dushanbe,282,283,0.0426935,-0.392984,0.0594714
Ayni,Kokand,282,689,0.0213567,-0.39391,0.0297693
Dushanbe,Termez,283,440,0.023124,-0.389515,0.0321312
Dushanbe,Jirgatal,283,441,0.0236134,-0.389915,0.0328206
Dushanbe,Kulob,283,692,0.0172855,-0.389766,0.0240228
Ishim,Astana,284,285,0.104557,-0.437199,0.150269
Ishim,Omsk,284,291,0.104557,-0.437199,0.150269
Ishim,Kurgan,284,323,0.167419,-0.453705,0.243378
Ishim,Tyumen,284,635,0.113081,-0.45039,0.164011
Astana,Karaganda,285,286,0.10985,-0.425271,0.156566
Karaganda,Balkhash,286,287,0.123749,-0.414766,0.175076
Karaganda,Pavlodar,286,292,0.130522,-0.420831,0.18545
Balkhash,Burubaytal,287,288,0.073071,-0.40998,0.103029
Burubaytal,Almaty,288,289,0.0823082,-0.403553,0.115524
Almaty,Bishkek,289,290,0.124315,-0.399875,0.174025
Almaty,Sary-Ozek,289,360,0.060044,-0.400542,0.0840942
Almaty,Kokpek,289,695,0.0492871,-0.400643,0.0690336
Bishkek,Zhambyl,290,359,0.111644,-0.400481,0.156355
Bishkek,Osh,290,691,0.111308,-0.398276,0.15564
Omsk,Pavlodar,291,292,0.0802034,-0.429411,0.114644
Pavlodar,Semey,292,293,0.0669097,-0.423874,0.0952709
Semey,Georgiyevka,293,294,0.0277549,-0.423717,0.0395151
Georgiyevka,Ayagoz,294,364,0.0121206,-0.422186,0.0172377
Narvik,Kiruna,295,296,0.00269202,-0.352363,0.00364059
Narvik,Setermoen,295,498,0.001617,-0.395675,0.0022568
Kiruna,Töre,296,297,0.00566418,-0.342761,0.00760564
Töre,Luleå,297,298,0.0125193,-0.341704,0.0167971
Luleå,Umeå,298,612,0.0216876,-0.341929,0.0291032
Luleå,Haparanda,298,613,0.013948,-0.342964,0.0187316
Helsingborg,Halmstad,299,300,0.0177569,-0.345711,0.0238957
Helsingborg,Jönköping,299,605,0.0109382,-0.345563,0.0147181
Örebro,Stockholm,301,302,0.0341639,-0.345439,0.0459655
Örebro,Karlstad,301,620,0.0204047,-0.345645,0.0274575
Stockholm,Södertälje,302,608,0.0252429,-0.345231,0.0339575
Stockholm,Uppsala,302,609,0.0298582,-0.344908,0.0401565
Tallinn,Narva,303,304,1.85756,-0.531351,2.84457
Tallinn,Riga,303,547,2.57862,-0.532334,3.95132
Colchester,Ipswich,305,306,6.60022e-05,-0.482414,6.60022e-05
Ipswich,Cambridge,306,636,6.60022e-05,-0.482414,6.60022e-05
The Hague,Gouda,307,308,0.378776,-0.521723,0.576393
Amersfoort,Oldenzaal,309,310,0.645409,-0.522221,0.982456
Amersfoort,Hoogeveen,309,698,0.602392,-0.522175,0.916947
Oldenzaal,Osnabrück,310,311,0.558422,-0.523119,0.850543
Osnabrück,Bad Oeynhausen,311,312,1.05568,-0.523572,1.6084
Bad Oeynhausen,Dortmund,312,508,1.82034,-0.523996,2.7742
Braunschweig,Magdeburg,313,314,1.39157,-0.520899,2.11644
Magdeburg,Halle,314,518,1.47245,-0.52013,2.23832
Poznań,Warsaw,315,316,2.81629,-0.526635,4.29945
Poznań,Wrocław,315,339,1.63451,-0.523925,2.49086
Warsaw,Elbląg,316,564,2.2658,-0.528079,3.46233
Warsaw,Radom,316,565,2.67352,-0.526417,4.08091
Warsaw,Lublin,316,713,3.18711,-0.527058,4.86689
Brest,Rennes,317,365,0.322947,-0.512784,0.488549
Brest,Lorient,317,388,0.176366,-0.512233,0.266707
Minsk,Smolensk,318,319,4.43713,-0.529552,6.78683
Minsk,Babruysk,318,703,4.04014,-0.532012,6.18954
Ryazan,Penza,320,321,1.92215,-0.508619,2.89979
Ufa,Yelabuga,322,632,0.514413,-0.469881,0.756126
Bruges,Ghent,324,325,1.61322,-0.517897,2.44871
Bruges,Zeebrugge,324,642,1.8279,-0.518116,2.77497
Ghent,Brussels,325,326,2.19949,-0.518206,3.33928
Brussels,Leuven,326,327,2.83125,-0.520407,4.30465
Leuven,Hasselt,327,708,1.87273,-0.522506,2.85124
Eupen,Aachen,328,329,2.27922,-0.524366,3.47436
Eupen,St. Vith,328,653,1.16861,-0.523585,1.78048
Aachen,Heerlen,329,709,1.79688,-0.524735,2.73977
Olpe,Wetzlar,330,331,2.13968,-0.524687,3.26234
Wetzlar,Gießen,331,332,2.14187,-0.524957,3.26627
Wetzlar,Dortmund,331,508,2.98077,-0.524628,4.54457
Wetzlar,Aschaffenburg,331,509,2.29658,-0.524573,3.5013
Wetzlar,Koblenz,331,660,2.24709,-0.524767,3.42629
Gießen,Bad Hersfeld,332,333,1.3323,-0.525192,2.03201
Bad Hersfeld,Eisenach,333,334,0.619655,-0.524288,0.944533
Eisenach,Erfurt,334,335,0.55677,-0.52148,0.847114
Erfurt,Gera,335,336,1.07457,-0.519808,1.63315
Gera,Chemnitz,336,337,1.59897,-0.519313,2.42934
Gera,Leipzig,336,526,1.61137,-0.519544,2.44855
Gera,Hirschberg,336,527,1.13413,-0.519523,1.72334
Chemnitz,Plauen,337,519,1.50721,-0.519269,2.28985
Wrocław,Opole,339,340,1.34818,-0.522077,2.05203
Wrocław,Kłodzko,339,548,1.36807,-0.522044,2.08226
Opole,Gliwice,340,341,0.642184,-0.521829,0.977294
Gliwice,Zabrze,341,342,0.606413,-0.521433,0.922616
Kraków,Rzeszów,343,344,0.871307,-0.521666,1.32584
Kraków,Radom,343,565,1.07094,-0.524596,1.63275
Kraków,Trstená,343,566,1.08713,-0.519632,1.65204
Rzeszów,Jarosław,344,345,0.839758,-0.522942,1.2789
Rzeszów,Radom,344,565,0.927995,-0.5254,1.41556
Rzeszów,Barwinek,344,710,0.658028,-0.522862,1.00209
Jarosław,Korczowa,345,346,0.909262,-0.521646,1.38357
Korczowa,Lviv,346,347,1.92739,-0.520586,2.93076
Lviv,Rivne,347,348,2.62097,-0.522779,3.99116
Lviv,Mukachevo,347,378,3.40437,-0.51576,5.16021
Lviv,Lublin,347,713,1.9518,-0.522843,2.97228
Rivne,Zhytomyr,348,349,1.654,-0.5253,2.52285
Rivne,Kovel,348,714,1.63299,-0.525378,2.49092
Zhytomyr,Vinnytsia,349,381,2.76326,-0.525587,4.21559
Beyneu,Qo‘ng‘irot,351,352,0.287033,-0.474485,0.423225
Qo‘ng‘irot,Nukus,352,353,0.119265,-0.470943,0.175432
Nukus,Daşoguz,353,354,0.0638307,-0.460479,0.0932234
Daşoguz,Bukhara,354,355,0.0246901,-0.429677,0.0352989
Daşoguz,Ashgabat,354,432,0.0278198,-0.430487,0.0397959
Daşoguz,Uchkuduk,354,688,0.0180236,-0.444032,0.0260266
Bukhara,Navoiy,355,356,0.0220372,-0.404334,0.0309476
Bukhara,Alat,355,436,0.0176565,-0.406655,0.0248366
Bukhara,Karshi,355,437,0.0179534,-0.406066,0.0252437
Bukhara,Uchkuduk,355,688,0.012456,-0.413224,0.0176031
Navoiy,Samarkand,356,357,0.0195704,-0.397697,0.0273535
Samarkand,Jizzakh,357,358,0.0326698,-0.396664,0.0456287
Sary-Ozek,Taldykorgan,360,361,0.0286997,-0.400038,0.0401807
Sary-Ozek,Koktal,360,697,0.0270799,-0.399917,0.0379097
Taldykorgan,Ucharal,361,362,0.0127122,-0.400731,0.0178064
Ucharal,Taskesken,362,363,0.00691298,-0.405523,0.00971636
Taskesken,Ayagoz,363,364,0.00672053,-0.416076,0.00951678
Rennes,Le Mans,365,366,0.800732,-0.513044,1.21154
Le Mans,Angers,366,391,0.653107,-0.513104,0.988218
Le Mans,Tours,366,392,0.760312,-0.511899,1.14951
Le Mans,Rouen,366,662,1.25388,-0.515275,1.89997
Reims,Charleroi,367,651,1.75092,-0.518002,2.65789
Reims,Charleville-Mézières,367,658,1.60177,-0.51877,2.43272
Reims,Rouen,367,662,1.81084,-0.516034,2.74529
Saarbrücken,Mannheim,368,369,3.124,-0.524011,4.76101
Saarbrücken,Trier,368,659,1.61141,-0.522819,2.45388
Mannheim,Heilbronn,369,370,2.92257,-0.523742,4.45324
Rozvadov,Plzeň,371,372,2.33586,-0.518311,3.54656
Plzeň,Karlovy Vary,372,523,1.6191,-0.517715,2.45734
Plzeň,České Budějovice,372,524,1.86755,-0.516227,2.83163
Plzeň,Bayerisch Eisenstein,372,530,1.9165,-0.517276,2.90785
Trenčín,Prešov,373,374,1.21823,-0.51155,1.84142
Prešov,Košice,374,375,1.88267,-0.51028,2.84336
Prešov,Svidník,374,712,0.925576,-0.511908,1.39939
Košice,Vyšné Nemecké,375,376,0.948693,-0.50945,1.432
Košice,Uzhhorod,375,377,1.84774,-0.511084,2.79209
Košice,Miskolc,375,552,1.67971,-0.505761,2.52925
Košice,Zvolen,375,568,1.77473,-0.507898,2.6761
Vyšné Nemecké,Uzhhorod,376,377,0.899045,-0.512809,1.36008
Uzhhorod,Mukachevo,377,378,2.99417,-0.514111,4.53351
Uzhhorod,Chop,377,723,1.49747,-0.511076,2.26278
Mukachevo,Stryj,378,379,2.19562,-0.511822,3.31938
Mukachevo,Halmeu,378,578,2.62645,-0.506523,3.95681
Khmelnytskyi,Vinnytsia,380,381,1.7211,-0.524122,2.62316
Vinnytsia,Uman,381,382,1.67801,-0.524744,2.55854
Vinnytsia,Mohyliv-Podilskyi,381,728,1.54969,-0.524283,2.36216
Uman,Kirovohrad,382,383,1.26105,-0.522798,1.92033
Kirovohrad,Dnipropetrovsk,383,384,0.873212,-0.521176,1.32831
Kirovohrad,Chişinău,383,672,1.74023,-0.520028,2.64519
Dnipropetrovsk,Donetsk,384,385,0.364698,-0.520456,0.554507
Donetsk,Rostov-on-Don,385,386,0.235802,-0.517762,0.357891
Rostov-on-Don,Armavir,386,387,0.197098,-0.511395,0.297893
Rostov-on-Don,Taganrog,386,675,0.211628,-0.517321,0.321107
Lorient,Vannes,388,389,0.210466,-0.511723,0.318167
Vannes,Nantes,389,390,0.459967,-0.511712,0.695338
Nantes,Angers,390,391,0.641062,-0.511611,0.969037
Nantes,Poitiers,390,676,0.899269,-0.512096,1.35978
Angers,Tours,391,392,0.49733,-0.508394,0.750169
Tours,Vierzon,392,503,0.648857,-0.507127,0.97791
Montargis,Auxerre,393,394,1.19,-0.510992,1.79808
Auxerre,Beaune,394,395,2.23912,-0.512662,3.38703
Beaune,Dole,395,396,2.28394,-0.514955,3.46007
Beaune,Antwerp,395,505,3.91584,-0.516138,5.93695
Dole,Besançon,396,397,1.21299,-0.516492,1.83948
Besançon,Belfort,397,398,1.39502,-0.518682,2.1186
Zürich,Winterthur,399,400,1.37111,-0.518966,2.08266
Winterthur,St. Gallen,400,401,0.976287,-0.518846,1.48283
Winterthur,Schaffhausen,400,511,1.33692,-0.520969,2.03342
St. Gallen,St. Margrethen,401,402,0.889886,-0.516886,1.34986
St. Margrethen,Bregenz,402,403,1.45948,-0.515566,2.21194
St. Margrethen,Buchs,402,514,0.68071,-0.515856,1.03186
Bregenz,Feldkirch,403,748,1.40055,-0.514875,2.12166
Bregenz,Lindau,403,513,2.2052,-0.515731,3.34249
Feldkirch,Landeck,748,404,0.636122,-0.513401,0.962707
Feldkirch,Imst,748,406,0.663634,-0.513317,1.00429
Landeck,Telfs,404,405,0.44327,-0.512415,0.670408
Sattledt,Liezen,408,532,0.9345,-0.510972,1.412
Sattledt,Wels,408,669,0.997323,-0.513454,1.5094
Sankt Pölten,Vienna,409,410,1.94296,-0.509407,2.93272
Vienna,Nickelsdorf,410,411,2.11778,-0.50718,3.19188
Vienna,Halámky,410,525,2.05248,-0.509538,3.0983
Vienna,Graz,410,534,2.60069,-0.506469,3.91786
Nickelsdorf,Mosonmagyaróvár,411,412,1.45466,-0.503606,2.18724
Szolnok,Püspökladány,413,414,1.56531,-0.490102,2.33247
Püspökladány,Oradea,414,415,1.96308,-0.488842,2.92271
Püspökladány,Nyíregyháza,414,722,1.22791,-0.493565,1.83396
Oradea,Cluj-Napoca,415,416,0.923128,-0.483374,1.36934
Oradea,Berettyóújfalu,415,570,1.34854,-0.48873,2.0076
Oradea,Beiuş,415,571,0.875849,-0.484616,1.3003
Oradea,Satu Mare,415,579,1.43755,-0.489146,2.14072
Oradea,Arad,415,684,1.47553,-0.482377,2.18729
Cluj-Napoca,Turda,416,417,0.581305,-0.483603,0.862426
Cluj-Napoca,Zalău,416,580,0.566901,-0.487287,0.843144
Turda,Târgu Mureş,417,418,0.25374,-0.480385,0.375633
Turda,Sebeş,417,581,0.262203,-0.480092,0.388085
Târgu Mureş,Braşov,418,419,0.178481,-0.47719,0.26365
Braşov,Ploieşti,419,420,0.151684,-0.476135,0.223906
Braşov,Sibiu,419,582,0.210363,-0.476267,0.310552
Braşov,Piteşti,419,583,0.125316,-0.472649,0.184547
Slobozia,Hârşova,421,422,0.286269,-0.4951,0.428001
Slobozia,Galaţi,421,588,0.494938,-0.502766,0.743776
Hârşova,Constanţa,422,423,0.288806,-0.488854,0.42999
Constanţa,Varna,423,463,0.233174,-0.477374,0.344485
Constanţa,Tulcea,423,589,0.289935,-0.493321,0.432966
Senaki,Samtredia,424,425,0.030036,-0.51924,0.0456319
Senaki,Zugdidi,424,604,0.0797779,-0.518542,0.121146
Samtredia,Kutaisi,425,426,0.011486,-0.51925,0.01745
Kutaisi,Khashuri,426,427,0.00486406,-0.515757,0.00737274
Khashuri,Gori,427,428,0.00325952,-0.503488,0.00490065
Rustavi,Ganja,429,430,0.0106076,-0.498,0.0158902
Ganja,Yevlakh,430,431,0.0246324,-0.49972,0.0369417
Ashgabat,Tejen,432,433,0.0139443,-0.419636,0.0197958
Tejen,Mary,433,434,0.00685703,-0.409514,0.00966508
Mary,Türkmenabat,434,435,0.00538587,-0.400108,0.0075408
Türkmenabat,Alat,435,436,0.00822456,-0.400825,0.0115212
Karshi,Guzar,437,438,0.00897947,-0.397916,0.0125525
Guzar,Sherobod,438,439,0.00715165,-0.390145,0.00994184
Sherobod,Termez,439,440,0.0109042,-0.388258,0.0151378
Jirgatal,Sary Tash,441,442,0.0217418,-0.391455,0.0302527
Jirgatal,Khorugh,441,694,0.0131413,-0.389168,0.0182555
Sary Tash,Irkeshtam,442,443,0.028755,-0.394493,0.0400987
Irkeshtam,Osh,443,691,0.0584556,-0.396308,0.081622
A Coruña,Bilbao,444,445,0.081988,-0.485167,0.121766
A Coruña,Pontevedra,444,481,0.0344385,-0.479394,0.0509481
Clermont-Ferrand,Montluçon,446,504,0.746578,-0.504053,1.12289
Chambéry,Susa,447,448,0.810109,-0.505266,1.21943
Chambéry,Marseille,447,736,0.617283,-0.506255,0.929785
Susa,Turin,448,449,0.504702,-0.497938,0.756012
Tortona,Brescia,450,451,0.17327,-0.465499,0.253927
Trieste,Postojna,452,453,0.246547,-0.484722,0.366054
Trieste,Ljubljana,452,454,0.492979,-0.489747,0.734414
Postojna,Ljubljana,453,454,0.350068,-0.493096,0.522685
Ljubljana,Maribor,454,535,0.623814,-0.497264,0.934014
Ljubljana,Naklo,454,538,0.906278,-0.497031,1.35673
Vršac,Timişoara,456,457,0.577655,-0.470675,0.849543
Timişoara,Drobeta-Turnu Severin,457,458,0.645529,-0.469911,0.94887
Timişoara,Arad,457,684,1.07784,-0.475767,1.59064
Drobeta-Turnu Severin,Craiova,458,459,0.611552,-0.466477,0.896828
Craiova,Alexandria,459,460,0.257185,-0.468908,0.377782
Craiova,Târgu Jiu,459,574,0.359389,-0.4672,0.527295
Craiova,Piteşti,459,583,0.334519,-0.468214,0.491146
Razgrad,Shumen,461,462,0.0547725,-0.458106,0.0798642
Shumen,Varna,462,463,0.0904507,-0.465656,0.13257
Varna,Burgas,463,590,0.0889426,-0.46576,0.130368
Lisbon,Valladolid,464,465,0.0573486,-0.469179,0.0842553
Lisbon,Porto,464,483,0.0502145,-0.461299,0.0733785
Lisbon,Albufeira,464,484,0.0487016,-0.458978,0.0710545
Toulouse,Nice,466,467,0.687235,-0.491587,1.02507
Nice,Cuneo,467,685,0.276254,-0.484392,0.410069
Sofia,Plovdiv,468,469,0.226677,-0.444998,0.327548
Sofia,Botevgrad,468,575,0.227565,-0.445006,0.328832
Sofia,Blagoevgrad,468,576,0.24319,-0.442574,0.35082
Sofia,Kyustendil,468,745,0.174765,-0.447671,0.253003
Plovdiv,Istanbul,469,470,0.094017,-0.443782,0.13574
Istanbul,İzmit,470,471,0.0448033,-0.442338,0.0646215
İzmit,Gerede,471,472,0.0152265,-0.440328,0.0219312
İzmit,Bursa,471,479,0.0152108,-0.439274,0.0218925
Gerede,Kızılcahamam,472,599,0.0070608,-0.438626,0.0101579
Mazara del Vallo,Palermo,473,474,6.60022e-05,-0.482414,6.60022e-05
Metaponto,Taranto,475,476,0.00597242,-0.441263,0.00860782
Metaponto,Potenza,475,743,0.00319191,-0.439529,0.00459485
Ioannina,Trikala,477,687,0.0177974,-0.409042,0.0250773
Gelibolu,Keşan,478,596,0.0561794,-0.411346,0.0792886
Gelibolu,Ayvalık,478,597,0.0561852,-0.411345,0.0792968
Bursa,Ankara,479,480,0.00755881,-0.435968,0.0108542
Bursa,Balıkesir,479,746,0.00872434,-0.431387,0.0124879
Ankara,Kızılcahamam,480,599,0.0050892,-0.436337,0.00730981
Pontevedra,Valença,481,482,0.0199082,-0.468182,0.0292289
Valença,Porto,482,483,0.0240193,-0.459716,0.0350614
Albufeira,Castro Marim,484,485,0.0246275,-0.452873,0.0357807
Castro Marim,Huelva,485,486,0.0228598,-0.451837,0.0331886
Cherbourg-Octeville,La Rochelle,487,488,0.172231,-0.513056,0.260596
Cherbourg-Octeville,Caen,487,661,0.38242,-0.515943,0.579728
La Rochelle,Saintes,488,730,0.138771,-0.505453,0.208913
Oslo,Hamar,489,490,0.0156766,-0.345929,0.0210995
Oslo,Askim,489,619,0.0163281,-0.345812,0.0219745
Hamar,Lillehammer,490,491,0.00991447,-0.345896,0.0133438
Lillehammer,Dombås,491,492,0.0110111,-0.345546,0.014816
Dombås,Trondheim,492,493,0.0197175,-0.345144,0.0265228
Trondheim,Stjørdal,493,494,0.0192868,-0.345006,0.0259409
Stjørdal,Steinkjer,494,495,0.00970369,-0.344811,0.0130496
Steinkjer,Mosjøen,495,496,0.00681245,-0.343777,0.00915441
Mosjøen,Mo i Rana,496,497,0.00860512,-0.342537,0.0115527
Mo i Rana,Umeå,497,612,0.016293,-0.342165,0.0218678
Setermoen,Alta,498,499,0.00182158,-0.474433,0.0026858
Alta,Olderfjord,499,500,0.0037546,-0.516247,0.00569291
Olderfjord,Lakselv,500,501,0.00956423,-0.526368,0.0145985
Lakselv,Karasjok,501,502,0.0254425,-0.512736,0.0384877
Vierzon,Montluçon,503,504,0.463643,-0.50486,0.697718
Antwerp,Zeebrugge,505,642,2.67148,-0.518257,4.05599
Martigny,Sion,506,678,0.611609,-0.510004,0.923532
Bremen,Groningen,507,624,2.28609,-0.523202,3.48217
Stuttgart,Schaffhausen,510,511,2.05627,-0.52221,3.13007
Stuttgart,Ulm,510,512,1.80493,-0.52086,2.74504
Ulm,Lindau,512,513,1.54368,-0.518939,2.34476
Lindau,Waldshut,513,666,2.11025,-0.518139,3.20365
Buchs,Chur,514,515,0.270568,-0.515632,0.410081
Chur,San Bernardino,515,516,0.139452,-0.51552,0.211343
Halle,Plauen,518,519,1.40168,-0.519692,2.13012
Plauen,Schönberg,519,520,1.14473,-0.519479,1.73939
Plauen,Hof,519,528,1.52195,-0.519642,2.31282
Schönberg,Vojtanov,520,521,0.691008,-0.519379,1.0499
Vojtanov,Cheb,521,522,0.955075,-0.519148,1.4509
Cheb,Karlovy Vary,522,523,1.57376,-0.518312,2.38946
Cheb,Marktredwitz,522,663,1.26489,-0.519514,1.92202
Karlovy Vary,Teplice,523,715,0.967418,-0.517455,1.46801
České Budějovice,Halámky,524,525,1.29549,-0.512956,1.96002
Hirschberg,Hof,527,528,1.17824,-0.51963,1.79049
Hof,Bayreuth,528,529,1.92329,-0.519907,2.92322
Bayreuth,Marktredwitz,529,663,1.73651,-0.520027,2.63954
Bayerisch Eisenstein,Deggendorf,530,531,1.43815,-0.517294,2.1821
Liezen,Sankt Michael,532,533,0.749322,-0.507904,1.12991
Sankt Michael,Graz,533,534,1.32531,-0.505361,1.99507
Graz,Maribor,534,535,1.10497,-0.502317,1.66002
Graz,Spielfeld,534,536,0.850884,-0.504555,1.2802
Graz,Klagenfurt,534,683,1.55753,-0.502774,2.34062
Maribor,Spielfeld,535,536,0.364987,-0.498401,0.546896
Karavanke Tunnel,Naklo,537,538,0.804748,-0.501464,1.2083
Naklo,Loiblpass,538,734,0.762349,-0.500626,1.144
Kemijärvi,Posio,539,540,0.00278006,-0.381327,0.00384018
Posio,Kuusamo,540,541,0.00171297,-0.371499,0.00234933
Kuusamo,Kajaani,541,542,0.0019186,-0.373997,0.00263615
Kajaani,Iisalmi,542,543,0.00355933,-0.38444,0.00492768
Iisalmi,Kuopio,543,544,0.00793677,-0.395,0.0110718
Tampere,Turku,545,546,0.0130296,-0.436179,0.0187128
Tampere,Vaasa,545,616,0.0145954,-0.424915,0.0207972
Tampere,Hämeenlinna,545,618,0.0346832,-0.470783,0.0510114
Turku,Pori,546,617,0.00728547,-0.419381,0.0103408
Riga,Šiauliai,547,561,2.69017,-0.534334,4.12762
Riga,Rēzekne,547,627,2.8259,-0.53273,4.33134
Kłodzko,Kudowa-Zdrój,548,549,0.619423,-0.52093,0.942099
Kudowa-Zdrój,Náchod,549,550,0.51613,-0.518101,0.783537
Náchod,Hradec Králové,550,551,0.94765,-0.516124,1.43675
Hradec Králové,Olomouc,551,716,1.29792,-0.51469,1.96594
Miskolc,Debrecen,552,569,1.31527,-0.500124,1.97307
Szekszárd,Mohács,555,556,0.74922,-0.494643,1.11982
Mohács,Osijek,556,557,0.460354,-0.493482,0.687531
Osijek,Đakovo,557,558,0.27002,-0.491627,0.402769
Osijek,Sombor,557,735,0.438566,-0.490052,0.653486
Đakovo,Šamac,558,559,0.116251,-0.488146,0.172998
Šamac,Zenica,559,560,0.0759769,-0.474916,0.11206
Zenica,Sarajevo,560,737,0.107868,-0.461847,0.157687
Šiauliai,Tolpaki,561,562,2.08964,-0.535242,3.2081
Šiauliai,Palanga,561,704,1.60895,-0.534944,2.46965
Šiauliai,Panevėžys,561,705,1.66496,-0.53497,2.55566
Tolpaki,Kaliningrad,562,563,1.30514,-0.533543,2.00149
Tolpaki,Nesterov,562,640,1.23405,-0.535329,1.89467
Trstená,Ružomberok,566,567,0.86582,-0.513087,1.31006
Ružomberok,Zvolen,567,568,1.53299,-0.508085,2.31188
Debrecen,Berettyóújfalu,569,570,0.891142,-0.494602,1.3319
Beiuş,Deva,571,572,0.56923,-0.479993,0.842457
Deva,Petroşani,572,573,0.443867,-0.473004,0.653819
Deva,Sibiu,572,582,0.574581,-0.473536,0.846666
Deva,Arad,572,684,0.803655,-0.476116,1.18629
Petroşani,Târgu Jiu,573,574,0.273267,-0.469726,0.401628
Botevgrad,Jablanica,575,585,0.0964084,-0.444011,0.139215
Blagoevgrad,Serres,576,577,0.137259,-0.433291,0.196732
Halmeu,Satu Mare,578,579,1.84343,-0.495401,2.75667
Satu Mare,Zalău,579,580,0.767786,-0.490825,1.14464
Sebeş,Sibiu,581,582,0.261658,-0.475419,0.386055
Sibiu,Piteşti,582,583,0.275214,-0.471379,0.404944
Pleven,Jablanica,584,585,0.0508649,-0.444491,0.0734739
Izmail,Reni,586,587,0.805668,-0.518368,1.2233
Reni,Galaţi,587,588,0.645633,-0.512693,0.976644
Galaţi,Tulcea,588,589,0.379801,-0.504414,0.571378
Galaţi,Giurgiuleşti,588,729,0.774868,-0.51338,1.17267
Burgas,Malko Tarnovo,590,591,0.0431954,-0.45724,0.0629461
Malko Tarnovo,Dereköy,591,592,0.0178227,-0.451461,0.0258689
Dereköy,Kırklareli,592,593,0.00854246,-0.440754,0.0123076
Kırklareli,Babaeski,593,594,0.00679249,-0.423541,0.00966939
Babaeski,Havsa,594,595,0.0107963,-0.413383,0.0152593
Havsa,Keşan,595,596,0.0237262,-0.411432,0.0334879
Ayvalık,İzmir,597,598,0.0237445,-0.411391,0.0335128
İzmir,Manisa,598,747,0.0108404,-0.412883,0.0153162
Kherson,Dzhankoy,600,601,1.02408,-0.518957,1.55553
Kherson,Mykolaiv,600,673,1.18656,-0.521163,1.80494
Kherson,Melitopol,600,674,0.648854,-0.520459,0.986556
Sochi,Sukhumi,602,603,0.564551,-0.517122,0.856492
Sukhumi,Zugdidi,603,604,0.212256,-0.517808,0.322164
Jönköping,Linköping,605,606,0.00808714,-0.34543,0.0108807
Linköping,Norrköping,606,607,0.0108231,-0.34536,0.014561
Norrköping,Södertälje,607,608,0.0168194,-0.345273,0.0226266
Norrköping,Kalmar,607,626,0.0107828,-0.345356,0.0145067
Uppsala,Sundsvall,609,610,0.0307557,-0.344266,0.0413439
Sundsvall,Örnsköldsvik,610,611,0.028453,-0.343597,0.0382294
Örnsköldsvik,Umeå,611,612,0.0228618,-0.342721,0.030697
Haparanda,Tornio,613,614,0.0100094,-0.349158,0.0135042
Kokkola,Vaasa,615,616,0.0118795,-0.398817,0.0166173
Vaasa,Pori,616,617,0.00765211,-0.410413,0.0107926
Askim,Karlstad,619,620,0.0136475,-0.345769,0.0183664
Kotka,Vaalimaa,621,622,0.376983,-0.527053,0.575673
Vaalimaa,Vyborg,622,623,0.982293,-0.527777,1.50072
Groningen,Hoogeveen,624,698,0.829564,-0.522671,1.26315
Sassnitz,Stralsund,625,699,0.443702,-0.519943,0.674402
Rēzekne,Velikiye Luki,627,628,3.07259,-0.527648,4.69384
Rēzekne,Daugavpils,627,702,1.90521,-0.532226,2.91921
Vladimir,Nizhny Novgorod,629,630,1.74389,-0.513399,2.6392
Nizhny Novgorod,Kazan,630,631,0.737514,-0.509669,1.1134
Kazan,Yelabuga,631,632,0.482914,-0.494306,0.721621
Yelabuga,Perm,632,633,0.302721,-0.480634,0.44822
Perm,Yekaterinburg,633,634,0.130648,-0.477009,0.192968
Yekaterinburg,Tyumen,634,635,0.0832153,-0.464446,0.121864
Koszalin,Słupsk,637,638,0.261319,-0.524163,0.398292
Słupsk,Gdynia,638,639,0.435704,-0.527045,0.665339
Nesterov,Marijampolė,640,641,1.1148,-0.535342,1.7116
Aktobe,Karabutak,647,648,0.419464,-0.466815,0.615276
Karabutak,Aral,648,649,0.184881,-0.460094,0.269943
Aral,Novokazalinsk,649,650,0.120422,-0.441388,0.173575
Charleroi,Namur,651,652,1.25385,-0.51987,1.90569
St. Vith,Wittlich,653,654,1.24018,-0.523192,1.88903
Wittlich,Bingen,654,655,0.782028,-0.524586,1.19227
Bingen,Wiesbaden,655,656,1.14436,-0.525366,1.74557
Amiens,Charleville-Mézières,657,658,1.43824,-0.517977,2.18322
Trier,Koblenz,659,660,1.68077,-0.523939,2.56139
Caen,Rouen,661,662,0.987224,-0.516171,1.4968
Regensburg,Passau,667,668,1.22554,-0.51887,1.86143
Passau,Wels,668,669,1.21985,-0.516137,1.84946
Wels,Braunau am Inn,669,721,1.41126,-0.514341,2.13712
Iaşi,Sculeni,670,671,1.27843,-0.512257,1.93332
Iaşi,Bălţi,670,727,1.08902,-0.512032,1.64664
Sculeni,Chişinău,671,672,1.50479,-0.517122,2.28295
Chişinău,Giurgiuleşti,672,729,1.19772,-0.517917,1.81804
Melitopol,Taganrog,674,675,0.283071,-0.519903,0.430241
Poitiers,Mâcon,676,677,1.68579,-0.512467,2.54969
Sion,Simplon,678,679,0.262651,-0.504979,0.395284
Simplon,Gravellona Toce,679,680,0.178958,-0.489678,0.26659
Innichen,Spittal an der Drau,681,682,0.586168,-0.505396,0.882415
Klagenfurt,Loiblpass,683,734,0.893202,-0.502585,1.34211
Cuneo,Asti,685,686,0.160043,-0.480496,0.236942
Kokand,Andijan,689,690,0.0466145,-0.396123,0.0650796
Andijan,Osh,690,691,0.0611974,-0.395653,0.0854103
Kulob,Kalaikhumb,692,693,0.00911404,-0.388166,0.0126518
Kalaikhumb,Khorugh,693,694,0.00801814,-0.387811,0.0111277
Kokpek,Chundzha,695,696,0.0241358,-0.400053,0.0337914
Chundzha,Koktal,696,697,0.0182958,-0.39966,0.0256079
Stralsund,Neubrandenburg,699,700,0.648515,-0.519971,0.985724
Ukmergė,Daugavpils,701,702,1.8666,-0.534335,2.86399
Ukmergė,Panevėžys,701,705,1.71308,-0.535155,2.62985
Breda,Gorinchem,706,707,0.815035,-0.52135,1.23995
Hasselt,Heerlen,708,709,1.20402,-0.523899,1.83481
Barwinek,Vyšný Komárnik,710,711,0.355629,-0.51985,0.540503
Vyšný Komárnik,Svidník,711,712,0.422977,-0.514507,0.640602
Lublin,Kovel,713,714,1.55263,-0.525684,2.36883
Olomouc,Český Těšín,716,717,0.829861,-0.516304,1.25832
Garmisch-Partenkirchen,Mittenwald,718,719,0.897797,-0.515376,1.3605
Mittenwald,Seefeld,719,720,0.570858,-0.513652,0.864081
Nyíregyháza,Chop,722,723,0.906357,-0.503476,1.36269
Dunajská Streda,Medveďov,724,725,0.604701,-0.508069,0.911932
Medveďov,Vámosszabadi,725,726,0.522124,-0.505941,0.786288
Bălţi,Mohyliv-Podilskyi,727,728,0.868293,-0.519481,1.31935
Saintes,Angoulême,730,731,0.245595,-0.501198,0.368687
St. Johann in Tirol,Lofer,732,733,0.899651,-0.512931,1.36111
Sarajevo,Užice,737,738,0.144402,-0.459829,0.210803
Užice,Čačak,738,739,0.217779,-0.462516,0.318505
Čačak,Nova Varoš,739,740,0.217522,-0.462448,0.318114
Avellino,Benevento,741,742,0.0283741,-0.444633,0.0409902
Balıkesir,Manisa,746,747,0.00688794,-0.420218,0.00978238
Warsaw,Brest-Litovsk,316,0,2.9471,-0.530093,4.50934
Brest-Litovsk,Minsk,0,318,2.92593,-0.53171,4.48167
Lyon,Mâcon,17,677,1.6763,-0.510774,2.53251
Beaune,Mâcon,395,677,2.97541,-0.513831,4.50427
