Glasgow,Preston,1,2,6.602e-05,-0.477927,6.602e-05
Glasgow,Edinburgh,1,13,6.602e-05,-0.477927,6.602e-05
Preston,Birmingham,2,3,6.602e-05,-0.477927,6.602e-05
Birmingham,Cambridge,3,636,6.602e-05,-0.477927,6.602e-05
Le Havre,Paris,4,5,2.01017,-0.516013,3.04745
Le Havre,Amiens,4,657,1.12772,-0.517601,1.71143
Paris,Orléans,5,6,2.10282,-0.510693,3.17671
Paris,Calais,5,16,1.74041,-0.516057,2.63856
Paris,Lyon,5,17,2.61872,-0.510895,3.95661
Paris,Brussels,5,326,3.05591,-0.518519,4.64046
Paris,Le Mans,5,366,1.68628,-0.51253,2.55056
Paris,Reims,5,367,1.92669,-0.516901,2.92259
Paris,Chaumont,5,665,2.79335,-0.517356,4.2385
Orléans,Bordeaux,6,7,1.02645,-0.50166,1.54138
Orléans,Tours,6,392,1.13129,-0.502631,1.69991
Orléans,Montargis,6,393,1.4069,-0.505906,2.11866
Orléans,Toulouse,6,466,1.17916,-0.498448,1.76691
Bordeaux,San Sebastián,7,8,0.586001,-0.489448,0.872818
Bordeaux,Clermont-Ferrand,7,446,1.10499,-0.497348,1.65456
Bordeaux,Toulouse,7,466,0.495704,-0.487354,0.737288
Bordeaux,Angoulême,7,731,0.64991,-0.493988,0.970958
San Sebastián,Burgos,8,9,0.306066,-0.469367,0.449724
San Sebastián,Bilbao,8,445,0.246729,-0.471913,0.363164
San Sebastián,Toulouse,8,466,0.399379,-0.481511,0.591685
Burgos,Madrid,9,10,0.181712,-0.453384,0.264098
Burgos,Valladolid,9,465,0.119401,-0.456649,0.173925
Madrid,Seville,10,11,0.117418,-0.44066,0.16916
Madrid,Barcelona,10,21,0.262982,-0.464863,0.385232
Madrid,Valencia,10,24,0.128801,-0.447313,0.186415
Madrid,Lisbon,10,464,0.117946,-0.444094,0.170325
Seville,Algeciras,11,12,0.0565597,-0.428326,0.0807856
Seville,Huelva,11,486,0.0592649,-0.427709,0.084613
Algeciras,Málaga,12,28,0.0249292,-0.421108,0.0354271
Edinburgh,Newcastle,13,14,6.602e-05,-0.477927,6.602e-05
Newcastle,London,14,15,6.602e-05,-0.477927,6.602e-05
London,Colchester,15,305,6.602e-05,-0.477927,6.602e-05
Calais,Bruges,16,324,1.76634,-0.518576,2.68232
Calais,Rouen,16,662,1.16066,-0.517159,1.76091
Lyon,Orange,17,18,1.19832,-0.50062,1.79822
Lyon,Clermont-Ferrand,17,446,1.34005,-0.500916,2.0113
Lyon,Chambéry,17,447,1.19245,-0.507034,1.79706
Orange,Narbonne,18,19,0.541814,-0.49772,0.811486
Orange,Marseille,18,736,0.51331,-0.503415,0.771718
Narbonne,Girona,19,20,0.301283,-0.487941,0.448291
Girona,Barcelona,20,21,0.354768,-0.476625,0.52386
Barcelona,Tarragona,21,22,0.227423,-0.469421,0.334179
Barcelona,Toulouse,21,466,0.647701,-0.480493,0.958916
Tarragona,Castellón de la Plana,22,23,0.110454,-0.459505,0.161208
Castellón de la Plana,Valencia,23,24,0.0949935,-0.446956,0.137451
Valencia,Alicante,24,25,0.0703759,-0.438879,0.101262
Alicante,Murcia,25,26,0.030006,-0.432184,0.0429741
Murcia,Almería,26,27,0.0155723,-0.422407,0.0221502
Almería,Málaga,27,28,0.0142944,-0.416687,0.0202508
Hook of Holland,Rotterdam,29,30,0.572598,-0.521544,0.871233
Hook of Holland,The Hague,29,307,0.309017,-0.521245,0.470091
Rotterdam,Eindhoven,30,31,1.43345,-0.521565,2.18108
Eindhoven,Maastricht,31,32,1.54375,-0.522471,2.35031
Eindhoven,Antwerp,31,505,2.58452,-0.520491,3.92973
Eindhoven,Venlo,31,643,1.96668,-0.522277,2.99383
Eindhoven,Breda,31,706,1.44882,-0.521557,2.20446
Maastricht,Liège,32,33,1.91816,-0.523532,2.92238
Liège,Bastogne,33,34,1.78804,-0.524148,2.72523
Liège,Leuven,33,327,2.91845,-0.52327,4.44558
Liège,Eupen,33,328,1.86582,-0.524989,2.84535
Liège,Antwerp,33,505,3.25348,-0.521457,4.95003
Liège,Namur,33,652,1.99302,-0.523385,3.03614
Liège,St. Vith,33,653,1.63406,-0.524201,2.49064
Liège,Charleville-Mézières,33,658,2.12755,-0.523066,3.24039
Bastogne,Arlon,34,35,1.07827,-0.524663,1.644
Arlon,Luxembourg,35,36,1.49997,-0.52413,2.28615
Luxembourg,Metz,36,37,2.48729,-0.52189,3.78539
Luxembourg,St. Vith,36,653,1.81572,-0.524793,2.76859
Luxembourg,Charleville-Mézières,36,658,1.39418,-0.522671,2.12288
Luxembourg,Trier,36,659,1.78822,-0.524946,2.72693
Metz,Saint-Avold,37,38,2.98222,-0.521525,4.53752
Metz,Lausanne,37,44,2.46227,-0.52058,3.74408
Metz,Geneva,37,45,2.69555,-0.515813,4.08595
Metz,Brussels,37,326,3.41974,-0.520853,5.20093
Metz,Reims,37,367,2.49614,-0.519736,3.79347
Metz,Saarbrücken,37,368,2.83828,-0.522992,4.32268
Saint-Avold,Strasbourg,38,39,2.25938,-0.522593,3.44011
Strasbourg,Mulhouse,39,40,2.84267,-0.523416,4.33057
Strasbourg,Appenweier,39,664,2.14152,-0.523914,3.26349
Mulhouse,Basel,40,41,2.72496,-0.522926,4.14991
Mulhouse,Belfort,40,398,2.04708,-0.522532,3.11674
Mulhouse,Chaumont,40,665,2.59675,-0.520957,3.94954
Basel,Olten,41,42,1.6278,-0.522498,2.47832
Basel,Offenburg,41,61,2.3291,-0.523222,3.54773
Basel,Zürich,41,399,1.90956,-0.522056,2.90645
Basel,Waldshut,41,666,2.25689,-0.521395,3.43362
Olten,Bern,42,43,1.65637,-0.522001,2.52099
Olten,Lucerne,42,62,1.02278,-0.522336,1.55702
Bern,Lausanne,43,44,1.3528,-0.520167,2.05648
Bern,Belfort,43,398,1.68839,-0.521858,2.56949
Bern,Martigny,43,506,0.94857,-0.516534,1.43854
Lausanne,Geneva,44,45,1.06609,-0.511477,1.61137
Lausanne,Martigny,44,506,0.822935,-0.514345,1.24621
Geneva,Mont Blanc,45,46,1.19326,-0.509182,1.80085
Geneva,Chambéry,45,447,1.33123,-0.506599,2.00563
Geneva,Mâcon,45,677,2.08725,-0.512324,3.15659
Mont Blanc,Aosta,46,47,0.701584,-0.506475,1.05692
Aosta,Ivrea,47,48,0.616422,-0.497578,0.923141
Aosta,Martigny,47,506,0.833117,-0.500574,1.25015
Ivrea,Vercelli,48,49,0.2484,-0.488294,0.369692
Ivrea,Turin,48,449,0.369898,-0.486128,0.549716
Vercelli,Alessandria,49,50,0.208582,-0.475026,0.307664
Alessandria,Genoa,50,51,0.264066,-0.462907,0.386304
Alessandria,Turin,50,449,0.264163,-0.47666,0.390079
Alessandria,Tortona,50,450,0.186232,-0.465681,0.272957
Alessandria,Asti,50,686,0.241233,-0.46754,0.354019
Genoa,Rome,51,74,0.518738,-0.451059,0.752719
Genoa,Tortona,51,450,0.296471,-0.456367,0.43177
Genoa,Nice,51,467,0.435407,-0.466938,0.638714
Amsterdam,Utrecht,52,53,1.31267,-0.52165,1.99743
Amsterdam,Amersfoort,52,309,0.764255,-0.521888,1.16311
Amsterdam,Brussels,52,326,3.22889,-0.521313,4.91216
Amsterdam,Groningen,52,624,1.36907,-0.522365,2.08422
Utrecht,Arnhem,53,54,0.998078,-0.521892,1.51897
Utrecht,Gouda,53,308,0.809192,-0.521258,1.23099
Utrecht,Amersfoort,53,309,0.753378,-0.521537,1.14629
Utrecht,Gorinchem,53,707,0.958073,-0.521367,1.45758
Arnhem,Emmerich,54,55,0.90576,-0.523182,1.37964
Emmerich,Oberhausen,55,56,1.7612,-0.524075,2.6842
Oberhausen,Cologne,56,57,3.02546,-0.52511,4.61415
Oberhausen,Dortmund,56,508,2.13194,-0.524251,3.24961
Oberhausen,Venlo,56,643,2.00667,-0.523141,3.05645
Cologne,Frankfurt am Main,57,58,3.51561,-0.526646,5.36709
Cologne,Aachen,57,329,3.07736,-0.526807,4.69854
Cologne,Olpe,57,330,2.17444,-0.526245,3.31873
Cologne,Bremen,57,507,3.20502,-0.524673,4.88661
Frankfurt am Main,Heidelberg,58,59,3.14972,-0.527234,4.81036
Frankfurt am Main,Gießen,58,332,2.23841,-0.527345,3.41883
Frankfurt am Main,Mannheim,58,369,3.628,-0.526952,5.53979
Frankfurt am Main,Aschaffenburg,58,509,2.62573,-0.52653,4.00826
Frankfurt am Main,Wiesbaden,58,656,2.56859,-0.527709,3.92405
Heidelberg,Karlsruhe,59,60,2.66213,-0.526175,4.06288
Karlsruhe,Offenburg,60,61,2.29033,-0.523781,3.48996
Karlsruhe,Stuttgart,60,510,3.19465,-0.524043,4.86878
Karlsruhe,Appenweier,60,664,2.43757,-0.524851,3.71693
Lucerne,Altdorf,62,63,0.750606,-0.522073,1.14248
Altdorf,Gotthard Pass,63,64,0.527128,-0.521073,0.8018
Altdorf,Zürich,63,399,0.990824,-0.521459,1.5075
Gotthard Pass,Bellinzona,64,65,0.266937,-0.517792,0.405155
Bellinzona,Lugano,65,66,0.138842,-0.507016,0.209237
Bellinzona,San Bernardino,65,516,0.152464,-0.512847,0.230655
Lugano,Chiasso,66,67,0.0925919,-0.4848,0.137481
Chiasso,Como,67,68,0.136119,-0.465918,0.19954
Como,Milan,68,69,0.306487,-0.462589,0.448265
Milan,Piacenza,69,70,0.356583,-0.459501,0.520434
Milan,Turin,69,449,0.411994,-0.473139,0.606924
Milan,Tortona,69,450,0.25174,-0.461189,0.36784
Milan,Brescia,69,451,0.315397,-0.459321,0.460265
Milan,Gravellona Toce,69,680,0.332545,-0.466265,0.487599
Piacenza,Parma,70,71,0.263757,-0.454044,0.383515
Parma,Modena,71,72,0.410446,-0.451943,0.595944
Modena,Florence,72,73,0.47997,-0.447777,0.694889
Modena,Verona,72,94,0.552582,-0.452481,0.802615
Modena,Bologna,72,95,0.467979,-0.448345,0.677794
Florence,Rome,73,74,0.43429,-0.446287,0.628109
Rome,Pescara,74,125,0.428488,-0.443971,0.618724
Östersund,Mora,75,76,0.0653924,-0.345685,0.0879976
Östersund,Trondheim,75,493,0.0778705,-0.345868,0.104803
Östersund,Sundsvall,75,610,0.0818144,-0.344488,0.109998
Mora,Säffle,76,77,0.0477411,-0.346147,0.0642665
Säffle,Gothenburg,77,78,0.0631407,-0.346274,0.0850046
Gothenburg,Halmstad,78,300,0.0605295,-0.346095,0.0814784
Gothenburg,Örebro,78,301,0.0653919,-0.345824,0.088006
Gothenburg,Oslo,78,489,0.0554742,-0.346473,0.0746945
Hamburg,Hanover,79,80,1.97883,-0.521891,3.01156
Hamburg,Berlin,79,108,2.15772,-0.520187,3.28014
Hamburg,Bremen,79,507,2.47582,-0.522947,3.77055
Hamburg,Lübeck,79,517,1.13225,-0.52122,1.72239
Hanover,Göttingen,80,81,1.37427,-0.523343,2.09348
Hanover,Bad Oeynhausen,80,312,1.57818,-0.523232,2.40393
Hanover,Braunschweig,80,313,1.46197,-0.520929,2.22355
Göttingen,Kassel,81,82,1.24317,-0.52445,1.89515
Kassel,Fulda,82,83,1.67712,-0.525351,2.55819
Kassel,Dortmund,82,508,1.94681,-0.524796,2.96849
Fulda,Würzburg,83,84,2.43069,-0.525523,3.70807
Würzburg,Nuremberg,84,85,3.62659,-0.524579,5.52902
Würzburg,Aschaffenburg,84,509,3.19792,-0.525833,4.87949
Würzburg,Stuttgart,84,510,2.55026,-0.525938,3.89153
Würzburg,Ulm,84,512,1.65723,-0.523076,2.52409
Nuremberg,Munich,85,86,3.07892,-0.519702,4.67904
Nuremberg,Heilbronn,85,370,3.25862,-0.524465,4.96766
Nuremberg,Rozvadov,85,371,2.56297,-0.521491,3.89953
Nuremberg,Bayreuth,85,529,3.43581,-0.521936,5.22909
Nuremberg,Regensburg,85,667,2.4359,-0.521661,3.70662
Munich,Rosenheim,86,87,2.20701,-0.51566,3.34507
Munich,Salzburg,86,115,2.63005,-0.514459,3.9831
Munich,Ulm,86,512,2.21864,-0.519109,3.37035
Munich,Lindau,86,513,2.44441,-0.516351,3.70658
Munich,Deggendorf,86,531,2.4187,-0.517986,3.67155
Munich,Garmisch-Partenkirchen,86,718,2.14058,-0.515966,3.24505
Munich,Braunau am Inn,86,721,1.90065,-0.516584,2.8825
Rosenheim,Wörgl,87,88,1.47144,-0.513512,2.22704
Rosenheim,Bad Reichenhall,87,407,1.17009,-0.513805,1.77128
Wörgl,Innsbruck,88,89,1.4035,-0.510609,2.12015
Wörgl,St. Johann in Tirol,88,732,1.0508,-0.511781,1.58858
Innsbruck,Brenner,89,90,0.822054,-0.507273,1.23906
Innsbruck,Telfs,89,405,0.718945,-0.509378,1.08516
Innsbruck,Imst,89,406,0.734584,-0.509461,1.10883
Innsbruck,Seefeld,89,720,0.846576,-0.509607,1.278
Brenner,Fortezza,90,91,0.503444,-0.502208,0.756278
Fortezza,Bolzano,91,92,0.342501,-0.490614,0.510537
Fortezza,Innichen,91,681,0.441528,-0.500601,0.662558
Bolzano,Trento,92,93,0.276926,-0.469592,0.406969
Trento,Verona,93,94,0.471436,-0.456495,0.686644
Verona,Mestre,94,120,0.668615,-0.455292,0.97303
Verona,Brescia,94,451,0.500091,-0.454233,0.727249
Bologna,Cesena,95,96,0.400101,-0.447413,0.579111
Cesena,Perugia,96,97,0.278258,-0.447146,0.40268
Cesena,Ravenna,96,121,0.413582,-0.450593,0.599939
Cesena,Rimini,96,122,0.288547,-0.446704,0.417442
Perugia,Fiano Romano,97,98,0.115115,-0.445988,0.166455
Fiano Romano,Naples,98,99,0.0546531,-0.444096,0.0789243
Naples,Salerno,99,100,0.0146601,-0.44175,0.0211361
Naples,Avellino,99,741,0.0221132,-0.438398,0.0318076
Salerno,Sicignano degli Alburni,100,101,0.00875533,-0.4334,0.0125499
Salerno,Avellino,100,741,0.0115308,-0.43167,0.0165084
Sicignano degli Alburni,Potenza,101,743,0.00472073,-0.428295,0.0067426
Messina,Catania,102,103,6.602e-05,-0.477927,6.602e-05
Messina,Palermo,102,474,6.602e-05,-0.477927,6.602e-05
Catania,Siracusa,103,104,6.602e-05,-0.477927,6.602e-05
Siracusa,Gela,104,105,6.602e-05,-0.477927,6.602e-05
Gela,Mazara del Vallo,105,473,6.602e-05,-0.477927,6.602e-05
Helsingborg,Copenhagen,299,106,0.0135211,-0.345133,0.0181876
Copenhagen,Malmö,106,135,0.00693972,-0.344393,0.00932971
Rostock,Berlin,107,108,1.62173,-0.519023,2.46344
Rostock,Lübeck,107,517,0.813203,-0.519819,1.23592
Rostock,Sassnitz,107,625,0.685792,-0.518898,1.04165
Berlin,Lübbenau,108,109,2.4287,-0.518747,3.68858
Berlin,Szczecin,108,137,1.92322,-0.51891,2.92119
Berlin,Świebodzin,108,139,2.29732,-0.519527,3.49084
Berlin,Magdeburg,108,314,2.42799,-0.519619,3.68962
Berlin,Leipzig,108,526,2.14488,-0.518768,3.25758
Berlin,Neubrandenburg,108,700,1.49578,-0.518989,2.27208
Lübbenau,Dresden,109,110,1.78755,-0.518334,2.7141
Lübbenau,Cottbus,109,644,1.32839,-0.518391,2.01702
Dresden,Ústí nad Labem,110,111,1.82009,-0.517679,2.76232
Dresden,Chemnitz,110,337,2.03865,-0.518173,3.09502
Dresden,Görlitz,110,338,1.30949,-0.518115,1.98795
Ústí nad Labem,Prague,111,112,2.04674,-0.517069,3.10505
Prague,Tábor,112,113,1.98354,-0.515406,3.00587
Prague,Mladá Boleslav,112,146,1.15292,-0.517252,1.74927
Prague,Jihlava,112,147,2.00622,-0.515027,3.03947
Prague,Plzeň,112,372,2.23293,-0.517059,3.38749
Prague,Karlovy Vary,112,523,1.37616,-0.517505,2.08833
Prague,Hradec Králové,112,551,1.49642,-0.51677,2.26973
Tábor,Linz,113,114,1.75115,-0.51467,2.65242
Linz,Salzburg,114,115,1.85058,-0.513012,2.79994
Linz,Sattledt,114,408,0.749412,-0.513636,1.13434
Linz,Sankt Pölten,114,409,1.75386,-0.512955,2.6535
Linz,Wels,114,669,1.32265,-0.51474,2.00348
Salzburg,Villach,115,116,2.7675,-0.508553,4.17492
Salzburg,Bad Reichenhall,115,407,1.42389,-0.51234,2.1534
Salzburg,Sattledt,115,408,1.49273,-0.512589,2.25788
Salzburg,Lofer,115,733,1.7018,-0.512379,2.57377
Villach,Tarvisio,116,117,1.43803,-0.504648,2.16373
Villach,Karavanke Tunnel,116,537,1.23206,-0.505022,1.85428
Villach,Spittal an der Drau,116,682,1.40603,-0.50606,2.11756
Villach,Klagenfurt,116,683,1.50624,-0.504262,2.26578
Tarvisio,Udine,117,118,0.699899,-0.49689,1.04767
Udine,Palmanova,118,119,0.657317,-0.481082,0.97354
Palmanova,Mestre,119,120,0.767483,-0.466994,1.12589
Palmanova,Trieste,119,452,0.77463,-0.476346,1.14362
Mestre,Ravenna,120,121,0.509634,-0.455753,0.741901
Rimini,Fano,122,123,0.144641,-0.443984,0.208859
Fano,Ancona,123,124,0.129171,-0.440595,0.186083
Ancona,Pescara,124,125,0.227526,-0.440333,0.327713
Pescara,Canosa di Puglia,125,126,0.247131,-0.439376,0.355714
Canosa di Puglia,Bari,126,127,0.0808887,-0.435611,0.116125
Canosa di Puglia,Benevento,126,742,0.0831085,-0.435964,0.119341
Bari,Brindisi,127,128,0.0219727,-0.433351,0.0314946
Bari,Taranto,127,476,0.020854,-0.433029,0.0298843
Brindisi,Taranto,128,476,0.0052176,-0.428464,0.00745316
Igoumenitsa,Preveza,129,130,0.0148209,-0.396798,0.0207018
Igoumenitsa,Ioannina,129,477,0.0337239,-0.400679,0.0472363
Preveza,Rhion,130,131,0.00767969,-0.387964,0.0106591
Rhion,Patras,131,132,0.00295312,-0.370594,0.00404752
Rhion,Aigio,131,175,0.00295312,-0.370594,0.00404752
Patras,Pyrgos,132,133,0.00134707,-0.356418,0.00182719
Pyrgos,Kalamata,133,134,0.000701272,-0.337535,0.000937976
Kalamata,Tripoli,134,177,0.000528879,-0.325959,0.000701272
Malmö,Helsingborg,135,299,0.0186259,-0.344967,0.0250512
Malmö,Kalmar,135,626,0.0177587,-0.34453,0.0238772
Goleniów,Szczecin,136,137,0.819422,-0.518743,1.24449
Goleniów,Koszalin,136,637,0.352438,-0.519317,0.535465
Szczecin,Gorzów Wielkopolski,137,138,0.871889,-0.519097,1.32448
Gorzów Wielkopolski,Świebodzin,138,139,1.04376,-0.520024,1.58654
Świebodzin,Zielona Góra,139,140,1.37953,-0.520162,2.0971
Świebodzin,Poznań,139,315,2.17152,-0.52201,3.30508
Zielona Góra,Legnica,140,141,1.38303,-0.520195,2.10247
Legnica,Jelenia Góra,141,142,1.24433,-0.518889,1.89
Legnica,Görlitz,141,338,1.38168,-0.518685,2.09833
Legnica,Wrocław,141,339,2.09328,-0.519678,3.18112
Legnica,Cottbus,141,644,1.38299,-0.5187,2.10035
Jelenia Góra,Harrachov,142,143,0.537012,-0.518466,0.815435
Harrachov,Železný Brod,143,144,0.386538,-0.518112,0.586807
Železný Brod,Turnov,144,145,0.636602,-0.517981,0.96635
Turnov,Mladá Boleslav,145,146,0.676855,-0.517603,1.0272
Turnov,Hradec Králové,145,551,0.956024,-0.517431,1.4507
Turnov,Teplice,145,715,0.822844,-0.518425,1.24943
Jihlava,Brno,147,148,1.01931,-0.51378,1.54301
Jihlava,Vienna,147,410,1.6437,-0.513379,2.48754
Brno,Bratislava,148,149,1.44197,-0.512626,2.18116
Brno,Trenčín,148,373,1.41797,-0.51406,2.14689
Brno,Vienna,148,410,1.6499,-0.511357,2.49359
Brno,Olomouc,148,716,1.42802,-0.514552,2.16282
Bratislava,Rajka,149,150,1.55215,-0.511306,2.34577
Bratislava,Žilina,149,195,1.63005,-0.513813,2.46759
Bratislava,Győr,149,196,1.60991,-0.506675,2.4256
Bratislava,Vienna,149,410,2.2103,-0.507077,3.3311
Bratislava,Zvolen,149,568,2.16201,-0.512434,3.2699
Bratislava,Dunajská Streda,149,724,1.33195,-0.511318,2.013
Rajka,Csorna,150,151,0.61538,-0.51097,0.929821
Csorna,Szombathely,151,152,0.307494,-0.507293,0.463484
Szombathely,Zalaegerszeg,152,153,0.311588,-0.499403,0.467196
Zalaegerszeg,Nagykanizsa,153,154,0.626899,-0.495164,0.937316
Nagykanizsa,Letenye,154,155,0.391899,-0.494194,0.585573
Nagykanizsa,Zagreb,154,156,0.865928,-0.489199,1.28954
Nagykanizsa,Balatonvilágos,154,553,1.24136,-0.495047,1.8559
Letenye,Zagreb,155,156,0.474029,-0.485069,0.703966
Zagreb,Karlovac,156,157,0.697709,-0.483729,1.03521
Zagreb,Ljubljana,156,454,0.671937,-0.485789,0.998357
Zagreb,Slavonski Brod,156,455,0.800192,-0.474254,1.17969
Zagreb,Maribor,156,535,0.79613,-0.49012,1.18633
Karlovac,Rijeka,157,158,0.311916,-0.481007,0.46195
Karlovac,Knin,157,554,0.250206,-0.481159,0.370595
Rijeka,Split,158,159,0.213219,-0.477869,0.31511
Rijeka,Trieste,158,452,0.536633,-0.480382,0.794422
Split,Dubrovnik,159,160,0.158489,-0.468752,0.232782
Split,Knin,159,554,0.151509,-0.476843,0.223754
Dubrovnik,Petrovac,160,161,0.0533288,-0.46062,0.0778932
Dubrovnik,Podgorica,160,162,0.121799,-0.452709,0.176939
Petrovac,Podgorica,161,162,0.0823356,-0.446477,0.119097
Petrovac,Prizren,161,744,0.07519,-0.447599,0.108845
Podgorica,Bijelo Polje,162,163,0.125916,-0.447405,0.182251
Podgorica,Pristina,162,164,0.174497,-0.447137,0.252521
Podgorica,Sarajevo,162,737,0.216274,-0.447555,0.313069
Bijelo Polje,Pristina,163,164,0.17565,-0.447218,0.254204
Bijelo Polje,Nova Varoš,163,740,0.189083,-0.450059,0.274182
Pristina,Skopje,164,165,0.238602,-0.444191,0.344587
Pristina,Niš,164,202,0.45923,-0.450736,0.666221
Pristina,Prizren,164,744,0.14479,-0.44666,0.209462
Skopje,Kičevo,165,166,0.165036,-0.440397,0.237717
Skopje,Kumanovo,165,203,0.233542,-0.445123,0.337497
Skopje,Veles,165,204,0.175778,-0.438147,0.252795
Kičevo,Ohrid,166,167,0.0689546,-0.437425,0.0991171
Ohrid,Bitola,167,168,0.0331984,-0.430182,0.0474797
Bitola,Niki,168,169,0.0260048,-0.415641,0.0368135
Niki,Vevi,169,170,0.0404286,-0.40581,0.056835
Vevi,Kozani,170,171,0.0876651,-0.404112,0.123092
Kozani,Larissa,171,172,0.0593542,-0.403903,0.0833275
Kozani,Thessaloniki,171,207,0.192092,-0.406064,0.270093
Kozani,Ioannina,171,477,0.0723982,-0.4035,0.101611
Larissa,Domokos,172,173,0.02646,-0.403051,0.0371247
Larissa,Lamia,172,174,0.02646,-0.403051,0.0371247
Larissa,Katerini,172,208,0.0752205,-0.404707,0.105663
Larissa,Trikala,172,687,0.037753,-0.402493,0.0529483
Domokos,Lamia,173,174,6.602e-05,-0.477927,3.301e-05
Aigio,Corinth,175,176,0.00134707,-0.356418,0.00182719
Corinth,Tripoli,176,177,0.000701272,-0.337535,0.000937976
Varangerbotn,Utsjoki,178,179,0.065065,-0.523068,0.0990984
Varangerbotn,Kirkenes,178,243,0.160932,-0.529291,0.246113
Varangerbotn,Karasjok,178,502,0.0643468,-0.525376,0.0981531
Utsjoki,Inari,179,180,0.0263223,-0.505683,0.0396331
Inari,Ivalo,180,181,0.0142012,-0.448965,0.020577
Ivalo,Sodankylä,181,182,0.0148316,-0.373912,0.0203774
Sodankylä,Rovaniemi,182,183,0.0199617,-0.34003,0.0267492
Sodankylä,Kemijärvi,182,539,0.0124529,-0.343351,0.0167286
Rovaniemi,Kemi,183,184,0.0286549,-0.336879,0.0383081
Kemi,Oulu,184,185,0.0407964,-0.345499,0.0548914
Kemi,Tornio,184,614,0.0298581,-0.336297,0.0398993
Oulu,Jyväskylä,185,186,0.0383323,-0.355259,0.0519503
Oulu,Kokkola,185,615,0.0292041,-0.35508,0.0395739
Jyväskylä,Heinola,186,187,0.0440918,-0.383331,0.0609935
Jyväskylä,Kuopio,186,544,0.035696,-0.364254,0.0486983
Jyväskylä,Tampere,186,545,0.0449187,-0.377056,0.0618556
Heinola,Lahti,187,188,0.0404676,-0.42601,0.0577072
Lahti,Helsinki,188,189,0.0713227,-0.463472,0.104379
Helsinki,Hämeenlinna,189,618,0.0721561,-0.462859,0.105554
Helsinki,Kotka,189,621,0.167909,-0.511377,0.253774
Gdańsk,Świecie,190,191,1.65469,-0.526008,2.52507
Gdańsk,Kaliningrad,190,563,1.26294,-0.529553,1.93173
Gdańsk,Elbląg,190,564,1.41307,-0.527293,2.15816
Gdańsk,Gdynia,190,639,1.00978,-0.526868,1.5418
Świecie,Łódź,191,192,1.17662,-0.524419,1.79366
Świecie,Poznań,191,315,1.56589,-0.524967,2.38793
Łódź,Piotrków Trybunalski,192,193,1.34722,-0.524798,2.05423
Piotrków Trybunalski,Katowice,193,194,1.60257,-0.523407,2.44137
Piotrków Trybunalski,Warsaw,193,316,2.30083,-0.527606,3.51476
Piotrków Trybunalski,Wrocław,193,339,1.62122,-0.522901,2.46895
Katowice,Žilina,194,195,1.33866,-0.518709,2.03303
Katowice,Zabrze,194,342,1.16955,-0.520765,1.77861
Katowice,Kraków,194,343,1.79222,-0.521296,2.72649
Katowice,Český Těšín,194,717,0.930971,-0.520213,1.41527
Žilina,Olomouc,195,716,0.812652,-0.516026,1.232
Győr,Budapest,196,197,2.24594,-0.504788,3.37966
Győr,Vámosszabadi,196,726,1.00933,-0.507867,1.52194
Budapest,Szeged,197,198,2.43251,-0.49317,3.63215
Budapest,Mosonmagyaróvár,197,412,2.40346,-0.503286,3.61309
Budapest,Szolnok,197,413,2.39262,-0.49665,3.58092
Budapest,Miskolc,197,552,2.40828,-0.501626,3.61634
Budapest,Balatonvilágos,197,553,2.14875,-0.495398,3.21324
Budapest,Szekszárd,197,555,1.94254,-0.498258,2.91042
Budapest,Zvolen,197,568,2.20505,-0.504694,3.31793
Szeged,Subotica,198,199,1.43411,-0.492568,2.1405
Szeged,Arad,198,684,1.8167,-0.482257,2.69281
Subotica,Novi Sad,199,200,0.85723,-0.48101,1.26957
Subotica,Sombor,199,735,0.761833,-0.489678,1.13489
Novi Sad,Belgrade,200,201,0.857983,-0.470735,1.26187
Belgrade,Niš,201,202,0.746858,-0.46137,1.09144
Belgrade,Slavonski Brod,201,455,0.773098,-0.468442,1.13525
Belgrade,Vršac,201,456,0.716912,-0.464661,1.05003
Belgrade,Čačak,201,739,0.642409,-0.460841,0.938457
Niš,Kumanovo,202,203,0.326042,-0.453057,0.473758
Niš,Drobeta-Turnu Severin,202,458,0.73288,-0.457229,1.06797
Niš,Sofia,202,468,0.57834,-0.446354,0.836484
Kumanovo,Kyustendil,203,745,0.214177,-0.445877,0.309674
Veles,Gevgelija,204,205,0.0991109,-0.427351,0.141466
Gevgelija,Evzoni,205,206,0.107154,-0.413067,0.151415
Evzoni,Thessaloniki,206,207,0.20372,-0.407845,0.286806
Thessaloniki,Katerini,207,208,0.138626,-0.406757,0.195013
Thessaloniki,Alexandroupoli,207,233,0.289328,-0.406013,0.406799
Thessaloniki,Serres,207,577,0.240519,-0.412958,0.339844
Klaipėda,Kaunas,209,210,1.82374,-0.537448,2.8039
Klaipėda,Palanga,209,704,1.06546,-0.538347,1.63905
Kaunas,Vilnius,210,211,2.02522,-0.537361,3.1135
Kaunas,Warsaw,210,316,3.93717,-0.533769,6.03871
Kaunas,Riga,210,547,2.66841,-0.53762,4.10301
Kaunas,Ukmergė,210,701,1.70214,-0.537509,2.61705
Vilnius,Lida,211,212,1.88744,-0.538466,2.90377
Vilnius,Minsk,211,318,3.85539,-0.536568,5.92407
Vilnius,Marijampolė,211,641,1.9804,-0.538562,3.04697
Vilnius,Ukmergė,211,701,1.98118,-0.538805,3.04865
Lida,Slonim,212,213,0.738192,-0.538286,1.13555
Slonim,Kobryn,213,214,0.383659,-0.533807,0.588459
Kobryn,Dubno,214,215,0.438725,-0.524972,0.669044
Dubno,Ternopil,215,216,0.954428,-0.520899,1.45159
Ternopil,Chernivtsi,216,217,1.08575,-0.517799,1.64794
Ternopil,Stryj,216,379,1.54345,-0.517186,2.3417
Ternopil,Khmelnytskyi,216,380,1.34528,-0.52343,2.04944
Chernivtsi,Siret,217,218,0.831437,-0.510747,1.25609
Siret,Suceava,218,219,1.42644,-0.504995,2.14678
Suceava,Roman,219,220,1.41749,-0.501716,2.12867
Suceava,Halmeu,219,578,2.1913,-0.501152,3.28948
Suceava,Iaşi,219,670,1.88901,-0.506323,2.84547
Roman,Urziceni,220,221,0.795216,-0.494418,1.18838
Urziceni,Bucharest,221,222,0.576023,-0.479723,0.852355
Urziceni,Slobozia,221,421,0.465286,-0.484456,0.690697
Bucharest,Giurgiu,222,223,0.311514,-0.461363,0.455234
Bucharest,Ploieşti,222,420,0.27437,-0.467668,0.402684
Bucharest,Constanţa,222,423,0.40853,-0.467541,0.599534
Bucharest,Alexandria,222,460,0.319636,-0.465383,0.46839
Bucharest,Piteşti,222,583,0.346106,-0.466506,0.507567
Giurgiu,Ruse,223,224,0.166649,-0.452212,0.24201
Ruse,Byala,224,225,0.0911344,-0.439007,0.131143
Ruse,Razgrad,224,461,0.0843016,-0.44028,0.121418
Byala,Veliko Tarnovo,225,226,0.0735906,-0.432048,0.105385
Byala,Pleven,225,584,0.0720446,-0.432983,0.103239
Veliko Tarnovo,Stara Zagora,226,227,0.0840613,-0.428826,0.120109
Veliko Tarnovo,Shumen,226,462,0.0789868,-0.43499,0.113345
Stara Zagora,Haskovo,227,228,0.0513887,-0.425752,0.0732676
Stara Zagora,Burgas,227,590,0.0722996,-0.434082,0.103684
Haskovo,Svilengrad,228,229,0.0251649,-0.418167,0.0356881
Svilengrad,Ormenio,229,230,0.0199875,-0.406361,0.0281096
Ormenio,Kastanies,230,231,0.0310543,-0.401552,0.0435242
Kastanies,Didymoteicho,231,232,0.067061,-0.402447,0.0940495
Didymoteicho,Alexandroupoli,232,233,0.157045,-0.404614,0.220587
Alexandroupoli,Gelibolu,233,478,0.193319,-0.409595,0.272502
Saint Petersburg,Pskov,234,235,3.79627,-0.535077,5.82757
Saint Petersburg,Moscow,234,239,7.21366,-0.530997,11.0441
Saint Petersburg,Petrozavodsk,234,245,2.45789,-0.530538,3.7619
Saint Petersburg,Narva,234,304,2.87558,-0.534258,4.41187
Saint Petersburg,Vyborg,234,623,2.45802,-0.530523,3.76206
Pskov,Gomel,235,236,5.0018,-0.536285,7.68419
Pskov,Riga,235,547,3.58999,-0.537414,5.5193
Gomel,Kiev,236,237,7.0186,-0.532991,10.7594
Gomel,Babruysk,236,703,4.18264,-0.536325,6.42589
Kiev,Odessa,237,238,5.19885,-0.526015,7.93352
Kiev,Hlukhiv,237,242,6.26758,-0.530296,9.59125
Kiev,Kharkiv,237,247,6.14878,-0.527842,9.39437
Kiev,Rivne,237,348,4.52506,-0.530444,6.92535
Kiev,Zhytomyr,237,349,3.61123,-0.529693,5.52407
Odessa,Izmail,238,586,1.752,-0.521166,2.66509
Odessa,Chişinău,238,672,2.07821,-0.520633,3.16019
Odessa,Mykolaiv,238,673,2.02795,-0.523033,3.08863
Moscow,Kaluga,239,240,5.12058,-0.53026,7.83582
Moscow,Orel,239,246,5.50686,-0.52803,8.41465
Moscow,Voronezh,239,248,5.94318,-0.518942,9.02734
Moscow,Tambov,239,256,5.02276,-0.526105,7.66526
Moscow,Smolensk,239,319,5.56263,-0.53165,8.52
Moscow,Ryazan,239,320,4.40939,-0.518777,6.69688
Moscow,Velikiye Luki,239,628,4.92741,-0.530693,7.54236
Moscow,Vladimir,239,629,4.52386,-0.518103,6.86769
Kaluga,Bryansk,240,241,2.7969,-0.532931,4.28746
Bryansk,Hlukhiv,241,242,3.45433,-0.533108,5.29586
Hlukhiv,Kursk,242,645,3.6975,-0.531729,5.66357
Kirkenes,Murmansk,243,244,0.352306,-0.530935,0.539358
Murmansk,Petrozavodsk,244,245,0.917784,-0.530968,1.4051
Orel,Kharkiv,246,247,4.15124,-0.528408,6.34479
Kharkiv,Luhansk,247,350,3.33642,-0.528549,5.09988
Voronezh,Novorossiysk,248,249,3.79691,-0.520867,5.7746
Voronezh,Kursk,248,645,3.61336,-0.528058,5.52143
Voronezh,Saratov,248,646,3.21948,-0.510338,4.8625
Novorossiysk,Dzhankoy,249,601,1.51973,-0.520496,2.31075
Novorossiysk,Sochi,249,602,1.47591,-0.520417,2.244
Mineralnye Vody,Nalchik,250,251,0.209476,-0.49795,0.313784
Mineralnye Vody,Makhachkala,250,260,0.46995,-0.499529,0.704704
Mineralnye Vody,Armavir,250,387,0.245749,-0.500086,0.368645
Nalchik,Vladikavkaz,251,252,0.0806095,-0.495524,0.120554
Vladikavkaz,Stepantsminda,252,253,0.0316314,-0.490915,0.0471598
Stepantsminda,Mtskheta,253,254,0.01371,-0.480399,0.0202963
Mtskheta,Tbilisi,254,255,0.00896116,-0.463532,0.0131149
Tbilisi,Gori,255,428,0.00591714,-0.45462,0.00860718
Tbilisi,Rustavi,255,429,0.00838206,-0.464207,0.0122731
Tambov,Povorino,256,257,2.26994,-0.5265,3.46507
Povorino,Volgograd,257,258,1.90737,-0.523174,2.90526
Volgograd,Astrakhan,258,259,2.13625,-0.511775,3.22953
Volgograd,Luhansk,258,350,2.22093,-0.524693,3.38624
Astrakhan,Makhachkala,259,260,1.44143,-0.501548,2.16438
Astrakhan,Atyrau,259,265,1.9826,-0.490542,2.95515
Makhachkala,Kuba,260,261,0.46291,-0.500034,0.69438
Kuba,Baku,261,262,0.177059,-0.499308,0.265466
Baku,Yevlakh,262,431,0.0680219,-0.497903,0.10189
Samara,Oral,263,264,1.80686,-0.467568,2.65169
Samara,Penza,263,321,1.5314,-0.490892,2.28315
Samara,Ufa,263,322,1.33006,-0.468477,1.95316
Oral,Atyrau,264,265,1.98157,-0.460298,2.89368
Oral,Saratov,264,646,2.32754,-0.490077,3.46821
Oral,Aktobe,264,647,1.31791,-0.463885,1.92927
Atyrau,Beineu,265,266,0.882232,-0.473561,1.30002
Atyrau,Beyneu,265,351,0.882232,-0.473561,1.30002
Beineu,Shetpe,266,267,0.345086,-0.474403,0.508795
Shetpe,Zhetybai,267,268,0.135359,-0.473095,0.199396
Zhetybai,Fetisovo,268,269,0.0537073,-0.470736,0.0789892
Fetisovo,Bekdash,269,270,0.0226196,-0.46261,0.0330836
Bekdash,Türkmenbaşy,270,271,0.01246,-0.435403,0.0178851
Türkmenbaşy,Gyzylarbat,271,272,0.0131507,-0.399559,0.0184051
Gyzylarbat,Ashgabat,272,432,0.0243503,-0.388819,0.0338181
Chelyabinsk,Kostanay,273,274,0.276862,-0.46741,0.40627
Chelyabinsk,Ufa,273,322,0.588878,-0.471678,0.866639
Chelyabinsk,Kurgan,273,323,0.30857,-0.46457,0.451923
Kostanay,Esil,274,275,0.121954,-0.46163,0.178251
Esil,Derzhavinsk,275,276,0.0796408,-0.443849,0.114989
Derzhavinsk,Arkalyk,276,277,0.108025,-0.425003,0.153936
Arkalyk,Jezkazgan,277,278,0.228231,-0.418731,0.323798
Jezkazgan,Kyzylorda,278,279,0.356941,-0.416961,0.505772
Jezkazgan,Karaganda,278,286,0.338299,-0.417757,0.479626
Kyzylorda,Shymkent,279,280,0.339682,-0.41175,0.479546
Kyzylorda,Novokazalinsk,279,650,0.254163,-0.4206,0.361063
Shymkent,Tashkent,280,281,0.27044,-0.402014,0.379161
Shymkent,Zhambyl,280,359,0.217413,-0.403507,0.305141
Tashkent,Ayni,281,282,0.0992112,-0.393346,0.138235
Tashkent,Jizzakh,281,358,0.128178,-0.392261,0.178457
Tashkent,Kokand,281,689,0.10306,-0.3995,0.144232
Ayni,Dushanbe,282,283,0.0781351,-0.387507,0.108413
Ayni,Kokand,282,689,0.0386684,-0.390465,0.053767
Dushanbe,Termez,283,440,0.0432876,-0.381557,0.0598043
Dushanbe,Jirgatal,283,441,0.0440353,-0.382572,0.060882
Dushanbe,Kulob,283,692,0.0322646,-0.382464,0.0446046
Ishim,Astana,284,285,0.152204,-0.433752,0.218223
Ishim,Omsk,284,291,0.152204,-0.433752,0.218223
Ishim,Kurgan,284,323,0.223829,-0.452144,0.325032
Ishim,Tyumen,284,635,0.154749,-0.44606,0.223776
Astana,Karaganda,285,286,0.169641,-0.422154,0.241256
Karaganda,Balkhash,286,287,0.201222,-0.412001,0.284126
Karaganda,Pavlodar,286,292,0.20358,-0.421758,0.289442
Balkhash,Burubaytal,287,288,0.121796,-0.407047,0.171372
Burubaytal,Almaty,288,289,0.141523,-0.401008,0.198275
Almaty,Bishkek,289,290,0.217348,-0.39794,0.303839
Almaty,Sary-Ozek,289,360,0.104724,-0.398206,0.146426
Almaty,Kokpek,289,695,0.0859119,-0.398342,0.120134
Bishkek,Zhambyl,290,359,0.194402,-0.399337,0.272033
Bishkek,Osh,290,691,0.196312,-0.396003,0.274051
Omsk,Pavlodar,291,292,0.121094,-0.426531,0.172744
Pavlodar,Semey,292,293,0.103315,-0.422488,0.146964
Semey,Georgiyevka,293,294,0.0430404,-0.421198,0.0611689
Georgiyevka,Ayagoz,294,364,0.0190231,-0.418467,0.0269837
Narvik,Kiruna,295,296,0.00616908,-0.341655,0.00827677
Narvik,Setermoen,295,498,0.00318729,-0.361597,0.0043398
Kiruna,Töre,296,297,0.0133663,-0.338371,0.017889
Töre,Luleå,297,298,0.0296089,-0.338319,0.0396262
Luleå,Umeå,298,612,0.0510113,-0.339957,0.0683529
Luleå,Haparanda,298,613,0.0330135,-0.337275,0.0441482
Helsingborg,Halmstad,299,300,0.0406887,-0.345685,0.0547542
Helsingborg,Jönköping,299,605,0.0251221,-0.344899,0.0337867
Örebro,Stockholm,301,302,0.0783861,-0.345511,0.105469
Örebro,Karlstad,301,620,0.046732,-0.346027,0.0629025
Stockholm,Södertälje,302,608,0.0579669,-0.345442,0.0779912
Stockholm,Uppsala,302,609,0.0686395,-0.345362,0.0923451
Tallinn,Narva,303,304,1.70077,-0.536491,2.61322
Tallinn,Riga,303,547,2.35087,-0.537372,3.61415
Colchester,Ipswich,305,306,6.602e-05,-0.477927,6.602e-05
Ipswich,Cambridge,306,636,6.602e-05,-0.477927,6.602e-05
The Hague,Gouda,307,308,0.367584,-0.521024,0.559104
Amersfoort,Oldenzaal,309,310,0.623955,-0.522224,0.949799
Amersfoort,Hoogeveen,309,698,0.582354,-0.522268,0.886499
Oldenzaal,Osnabrück,310,311,0.537627,-0.523164,0.818894
Osnabrück,Bad Oeynhausen,311,312,1.01383,-0.52381,1.54489
Bad Oeynhausen,Dortmund,312,508,1.74313,-0.52462,2.65762
Braunschweig,Magdeburg,313,314,1.35607,-0.52017,2.06145
Magdeburg,Halle,314,518,1.44012,-0.51936,2.18807
Poznań,Warsaw,315,316,2.6655,-0.52698,4.07017
Poznań,Wrocław,315,339,1.57102,-0.523097,2.39282
Warsaw,Elbląg,316,564,2.12855,-0.528757,3.25403
Warsaw,Radom,316,565,2.52691,-0.527742,3.86047
Warsaw,Lublin,316,713,2.99968,-0.528918,4.58627
Brest,Rennes,317,365,0.327089,-0.51171,0.494463
Brest,Lorient,317,388,0.179111,-0.511065,0.270649
Minsk,Smolensk,318,319,4.0891,-0.535484,6.27875
Minsk,Babruysk,318,703,3.68868,-0.537117,5.66993
Ryazan,Penza,320,321,1.96455,-0.511998,2.97039
Ufa,Yelabuga,322,632,0.634413,-0.474652,0.935538
Bruges,Ghent,324,325,1.58539,-0.519467,2.40895
Bruges,Zeebrugge,324,642,1.79415,-0.519936,2.727
Ghent,Brussels,325,326,2.15136,-0.520524,3.27119
Brussels,Leuven,326,327,2.74682,-0.522502,4.18204
Leuven,Hasselt,327,708,1.79776,-0.524988,2.74157
Eupen,Aachen,328,329,2.16848,-0.526984,3.31123
Eupen,St. Vith,328,653,1.11496,-0.526557,1.70205
Aachen,Heerlen,329,709,1.70707,-0.527247,2.60712
Olpe,Wetzlar,330,331,2.03787,-0.526237,3.11027
Wetzlar,Gießen,331,332,2.03569,-0.526884,3.10826
Wetzlar,Dortmund,331,508,2.84117,-0.525969,4.33554
Wetzlar,Aschaffenburg,331,509,2.18726,-0.526371,3.33857
Wetzlar,Koblenz,331,660,2.13739,-0.526735,3.26323
Gießen,Bad Hersfeld,332,333,1.26434,-0.527316,1.93105
Bad Hersfeld,Eisenach,333,334,0.591246,-0.5259,0.902182
Eisenach,Erfurt,334,335,0.540025,-0.521674,0.821742
Erfurt,Gera,335,336,1.05224,-0.519255,1.59862
Gera,Chemnitz,336,337,1.56933,-0.518746,2.38342
Gera,Leipzig,336,526,1.58101,-0.518679,2.40104
Gera,Hirschberg,336,527,1.11184,-0.519024,1.68891
Chemnitz,Plauen,337,519,1.47957,-0.518695,2.24701
Wrocław,Opole,339,340,1.30727,-0.521118,1.98852
Wrocław,Kłodzko,339,548,1.32719,-0.52097,2.01861
Opole,Gliwice,340,341,0.623746,-0.520641,0.948494
Gliwice,Zabrze,341,342,0.589714,-0.520475,0.896646
Kraków,Rzeszów,343,344,0.844005,-0.521835,1.28444
Kraków,Radom,343,565,1.02312,-0.524935,1.56019
Kraków,Trstená,343,566,1.06257,-0.519971,1.61508
Rzeszów,Jarosław,344,345,0.806082,-0.524453,1.22883
Rzeszów,Radom,344,565,0.881662,-0.526489,1.34585
Rzeszów,Barwinek,344,710,0.632867,-0.523695,0.964296
Jarosław,Korczowa,345,346,0.87536,-0.5245,1.33449
Korczowa,Lviv,346,347,1.86289,-0.523887,2.83883
Lviv,Rivne,347,348,2.50235,-0.526998,3.82109
Lviv,Mukachevo,347,378,3.36912,-0.518505,5.11603
Lviv,Lublin,347,713,1.87025,-0.525378,2.85284
Rivne,Zhytomyr,348,349,1.55855,-0.530123,2.38478
Rivne,Kovel,348,714,1.53936,-0.529899,2.35506
Zhytomyr,Vinnytsia,349,381,2.60214,-0.530081,3.98149
Beyneu,Qo‘ng‘irot,351,352,0.349807,-0.473254,0.515355
Qo‘ng‘irot,Nukus,352,353,0.148478,-0.466214,0.217701
Nukus,Daşoguz,353,354,0.0855951,-0.445204,0.123702
Daşoguz,Bukhara,354,355,0.0399757,-0.399972,0.0559648
Daşoguz,Ashgabat,354,432,0.0453044,-0.398054,0.063338
Daşoguz,Uchkuduk,354,688,0.0269774,-0.417604,0.0382433
Bukhara,Navoiy,355,356,0.0400604,-0.380187,0.0552908
Bukhara,Alat,355,436,0.0324637,-0.373999,0.0446051
Bukhara,Karshi,355,437,0.0330182,-0.374375,0.0453794
Bukhara,Uchkuduk,355,688,0.0220738,-0.381796,0.0305015
Navoiy,Samarkand,356,357,0.0355328,-0.388347,0.0493319
Samarkand,Jizzakh,357,358,0.0586034,-0.396771,0.0818555
Sary-Ozek,Taldykorgan,360,361,0.0502115,-0.397473,0.0701692
Sary-Ozek,Koktal,360,697,0.0473955,-0.397445,0.0662326
Taldykorgan,Ucharal,361,362,0.0221881,-0.397731,0.031013
Ucharal,Taskesken,362,363,0.0118144,-0.401465,0.0165575
Taskesken,Ayagoz,363,364,0.010927,-0.411075,0.0154188
Rennes,Le Mans,365,366,0.809815,-0.512094,1.22452
Le Mans,Angers,366,391,0.660273,-0.512189,0.998457
Le Mans,Tours,366,392,0.774611,-0.510159,1.16979
Le Mans,Rouen,366,662,1.25142,-0.51547,1.89649
Reims,Charleroi,367,651,1.71076,-0.521089,2.60221
Reims,Charleville-Mézières,367,658,1.56591,-0.520702,2.38128
Reims,Rouen,367,662,1.78807,-0.518411,2.71502
Saarbrücken,Mannheim,368,369,2.97981,-0.526274,4.54801
Saarbrücken,Trier,368,659,1.54527,-0.525155,2.35678
Mannheim,Heilbronn,369,370,2.79103,-0.526026,4.25919
Rozvadov,Plzeň,371,372,2.28944,-0.520162,3.48031
Plzeň,Karlovy Vary,372,523,1.59153,-0.519489,2.41831
Plzeň,České Budějovice,372,524,1.84779,-0.518144,2.80521
Plzeň,Bayerisch Eisenstein,372,530,1.88775,-0.519048,2.86758
Trenčín,Prešov,373,374,1.22732,-0.514752,1.85908
Prešov,Košice,374,375,1.90617,-0.513893,2.88573
Prešov,Svidník,374,712,0.930468,-0.515299,1.40994
Košice,Vyšné Nemecké,375,376,0.964199,-0.513138,1.45897
Košice,Uzhhorod,375,377,1.86489,-0.5146,2.82456
Košice,Miskolc,375,552,1.73652,-0.509605,2.62146
Košice,Zvolen,375,568,1.81901,-0.511187,2.74887
Vyšné Nemecké,Uzhhorod,376,377,0.900692,-0.516164,1.3656
Uzhhorod,Mukachevo,377,378,2.98646,-0.516786,4.52981
Uzhhorod,Chop,377,723,1.51173,-0.514625,2.28971
Mukachevo,Stryj,378,379,2.21896,-0.513543,3.35849
Mukachevo,Halmeu,378,578,2.72058,-0.508337,4.10355
Khmelnytskyi,Vinnytsia,380,381,1.63442,-0.527866,2.49717
Vinnytsia,Uman,381,382,1.59076,-0.52799,2.43067
Vinnytsia,Mohyliv-Podilskyi,381,728,1.47082,-0.527977,2.24738
Uman,Kirovohrad,382,383,1.21227,-0.523908,1.84739
Kirovohrad,Dnipropetrovsk,383,384,0.848887,-0.520702,1.2909
Kirovohrad,Chişinău,383,672,1.701,-0.519545,2.58474
Dnipropetrovsk,Donetsk,384,385,0.356664,-0.518767,0.54169
Donetsk,Rostov-on-Don,385,386,0.234492,-0.514078,0.35504
Rostov-on-Don,Armavir,386,387,0.202423,-0.506387,0.304927
Rostov-on-Don,Taganrog,386,675,0.210454,-0.514465,0.318725
Lorient,Vannes,388,389,0.214209,-0.510665,0.323599
Vannes,Nantes,389,390,0.468086,-0.510786,0.707178
Nantes,Angers,390,391,0.65332,-0.510278,0.986696
Nantes,Poitiers,390,676,0.912855,-0.511526,1.3798
Angers,Tours,391,392,0.517007,-0.505138,0.778167
Tours,Vierzon,392,503,0.679748,-0.503171,1.02178
Montargis,Auxerre,393,394,1.2173,-0.509527,1.83755
Auxerre,Beaune,394,395,2.26819,-0.511959,3.42941
Beaune,Dole,395,396,2.28126,-0.515657,3.45761
Beaune,Antwerp,395,505,3.88999,-0.516768,5.90022
Dole,Besançon,396,397,1.19983,-0.51821,1.82159
Besançon,Belfort,397,398,1.36191,-0.521429,2.07205
Zürich,Winterthur,399,400,1.34479,-0.519121,2.0429
Winterthur,St. Gallen,400,401,0.958655,-0.518774,1.45598
Winterthur,Schaffhausen,400,511,1.29693,-0.521943,1.97385
St. Gallen,St. Margrethen,401,402,0.884215,-0.515777,1.34027
St. Margrethen,Bregenz,402,403,1.46026,-0.514166,2.21108
St. Margrethen,Buchs,402,514,0.680469,-0.514269,1.03041
Bregenz,Feldkirch,403,748,1.40656,-0.513261,2.12849
Bregenz,Lindau,403,513,2.20173,-0.514858,3.33531
Feldkirch,Landeck,748,404,0.644376,-0.511079,0.973704
Feldkirch,Imst,748,406,0.672537,-0.510976,1.01619
Landeck,Telfs,404,405,0.45152,-0.509701,0.681661
Sattledt,Liezen,408,532,0.948815,-0.511977,1.43459
Sattledt,Wels,408,669,1.001,-0.514499,1.51602
Sankt Pölten,Vienna,409,410,1.98518,-0.511095,2.99979
Vienna,Nickelsdorf,410,411,2.18263,-0.50953,3.29475
Vienna,Halámky,410,525,2.09431,-0.511477,3.1655
Vienna,Graz,410,534,2.69719,-0.50763,4.06637
Nickelsdorf,Mosonmagyaróvár,411,412,1.52173,-0.506864,2.29305
Szolnok,Püspökladány,413,414,1.74594,-0.493192,2.60702
Püspökladány,Oradea,414,415,2.20129,-0.492178,3.28472
Püspökladány,Nyíregyháza,414,722,1.3447,-0.497447,2.01362
Oradea,Cluj-Napoca,415,416,1.06878,-0.484211,1.58629
Oradea,Berettyóújfalu,415,570,1.51399,-0.491784,2.25854
Oradea,Beiuş,415,571,1.00639,-0.486135,1.49563
Oradea,Satu Mare,415,579,1.61703,-0.490706,2.41052
Oradea,Arad,415,684,1.71695,-0.483503,2.54711
Cluj-Napoca,Turda,416,417,0.671228,-0.485079,0.996826
Cluj-Napoca,Zalău,416,580,0.643515,-0.488732,0.958021
Turda,Târgu Mureş,417,418,0.298267,-0.480785,0.44167
Turda,Sebeş,417,581,0.308693,-0.480433,0.456999
Târgu Mureş,Braşov,418,419,0.2143,-0.475166,0.316128
Braşov,Ploieşti,419,420,0.185183,-0.469285,0.272086
Braşov,Sibiu,419,582,0.253569,-0.474449,0.373874
Braşov,Piteşti,419,583,0.155666,-0.465649,0.228152
Slobozia,Hârşova,421,422,0.322582,-0.483429,0.478527
Slobozia,Galaţi,421,588,0.536189,-0.492811,0.800429
Hârşova,Constanţa,422,423,0.332156,-0.479136,0.491303
Constanţa,Varna,423,463,0.289979,-0.46032,0.423462
Constanţa,Tulcea,423,589,0.332156,-0.479136,0.491303
Senaki,Samtredia,424,425,0.0290182,-0.525457,0.0442661
Senaki,Zugdidi,424,604,0.0774043,-0.524503,0.118003
Samtredia,Kutaisi,425,426,0.0111279,-0.524461,0.016964
Kutaisi,Khashuri,426,427,0.00490977,-0.507984,0.00740386
Khashuri,Gori,427,428,0.00367985,-0.471108,0.00541346
Rustavi,Ganja,429,430,0.0118333,-0.483257,0.0175518
Ganja,Yevlakh,430,431,0.0267215,-0.494213,0.0399276
Ashgabat,Tejen,432,433,0.0242488,-0.384236,0.033566
Tejen,Mary,433,434,0.0126126,-0.372665,0.0173129
Mary,Türkmenabat,434,435,0.0103771,-0.363266,0.0141467
Türkmenabat,Alat,435,436,0.0156808,-0.36603,0.0214204
Karshi,Guzar,437,438,0.0171185,-0.368248,0.0234224
Guzar,Sherobod,438,439,0.0138265,-0.369317,0.0189329
Sherobod,Termez,439,440,0.0207473,-0.376424,0.0285571
Jirgatal,Sary Tash,441,442,0.0401429,-0.384619,0.0555826
Jirgatal,Khorugh,441,694,0.0246346,-0.380961,0.0340194
Sary Tash,Irkeshtam,442,443,0.0520044,-0.389659,0.0722684
Irkeshtam,Osh,443,691,0.104394,-0.39285,0.145405
A Coruña,Bilbao,444,445,0.0987572,-0.466802,0.144857
A Coruña,Pontevedra,444,481,0.0429851,-0.457982,0.0626715
Clermont-Ferrand,Montluçon,446,504,0.796773,-0.498447,1.19392
Chambéry,Susa,447,448,0.855216,-0.501722,1.2843
Chambéry,Marseille,447,736,0.648481,-0.502772,0.974518
Susa,Turin,448,449,0.554907,-0.491869,0.827848
Tortona,Brescia,450,451,0.224725,-0.455458,0.327078
Trieste,Postojna,452,453,0.287393,-0.480182,0.425394
Trieste,Ljubljana,452,454,0.559677,-0.486167,0.831774
Postojna,Ljubljana,453,454,0.390314,-0.490365,0.58171
Ljubljana,Maribor,454,535,0.680377,-0.495482,1.01749
Ljubljana,Naklo,454,538,0.989005,-0.495409,1.47897
Vršac,Timişoara,456,457,0.719009,-0.466731,1.05459
Timişoara,Drobeta-Turnu Severin,457,458,0.806829,-0.465808,1.18266
Timişoara,Arad,457,684,1.30358,-0.473562,1.92091
Drobeta-Turnu Severin,Craiova,458,459,0.780617,-0.460484,1.14008
Craiova,Alexandria,459,460,0.325544,-0.461568,0.475805
Craiova,Târgu Jiu,459,574,0.45686,-0.46153,0.667715
Craiova,Piteşti,459,583,0.423939,-0.461793,0.619711
Razgrad,Shumen,461,462,0.0757484,-0.437154,0.108862
Shumen,Varna,462,463,0.120429,-0.44508,0.174029
Varna,Burgas,463,590,0.118397,-0.445062,0.171091
Lisbon,Valladolid,464,465,0.0761238,-0.443045,0.10985
Lisbon,Porto,464,483,0.0697522,-0.432577,0.0999254
Lisbon,Albufeira,464,484,0.0685352,-0.429635,0.0979803
Toulouse,Nice,466,467,0.788132,-0.480626,1.16693
Nice,Cuneo,467,685,0.328829,-0.472464,0.484188
Sofia,Plovdiv,468,469,0.319019,-0.441868,0.459984
Sofia,Botevgrad,468,575,0.320393,-0.441714,0.461914
Sofia,Blagoevgrad,468,576,0.347024,-0.438661,0.49925
Sofia,Kyustendil,468,745,0.243289,-0.443048,0.351078
Plovdiv,Istanbul,469,470,0.132937,-0.440184,0.191454
Istanbul,İzmit,470,471,0.0638892,-0.437661,0.091851
İzmit,Gerede,471,472,0.0220344,-0.433633,0.0315892
İzmit,Bursa,471,479,0.022168,-0.431868,0.0317416
Gerede,Kızılcahamam,472,599,0.0103584,-0.429939,0.0148119
Mazara del Vallo,Palermo,473,474,6.602e-05,-0.477927,6.602e-05
Metaponto,Taranto,475,476,0.00876432,-0.428083,0.0125162
Metaponto,Potenza,475,743,0.00472987,-0.425521,0.00674252
Ioannina,Trikala,477,687,0.0302174,-0.401655,0.0423544
Gelibolu,Keşan,478,596,0.0932893,-0.403986,0.130977
Gelibolu,Ayvalık,478,597,0.0932928,-0.404003,0.130983
Bursa,Ankara,479,480,0.0112825,-0.425736,0.0160859
Bursa,Balıkesir,479,746,0.0133877,-0.419449,0.0190032
Ankara,Kızılcahamam,480,599,0.00758952,-0.425713,0.0108205
Pontevedra,Valença,481,482,0.0265859,-0.441695,0.0383287
Valença,Porto,482,483,0.0336723,-0.430526,0.048169
Albufeira,Castro Marim,484,485,0.0358763,-0.421843,0.0510105
Castro Marim,Huelva,485,486,0.0334857,-0.420624,0.0475706
Cherbourg-Octeville,La Rochelle,487,488,0.174352,-0.511707,0.26357
Cherbourg-Octeville,Caen,487,661,0.380132,-0.516493,0.576467
La Rochelle,Saintes,488,730,0.147008,-0.500134,0.220531
Oslo,Hamar,489,490,0.0357956,-0.346886,0.0482125
Oslo,Askim,489,619,0.0373357,-0.346479,0.0502717
Hamar,Lillehammer,490,491,0.02262,-0.347196,0.0304736
Lillehammer,Dombås,491,492,0.0251516,-0.347057,0.0338806
Dombås,Trondheim,492,493,0.0451412,-0.34659,0.0607867
Trondheim,Stjørdal,493,494,0.0441917,-0.346415,0.0595004
Stjørdal,Steinkjer,494,495,0.0222623,-0.346128,0.0299679
Steinkjer,Mosjøen,495,496,0.0157442,-0.344432,0.021167
Mosjøen,Mo i Rana,496,497,0.0200716,-0.342267,0.0269415
Mo i Rana,Umeå,497,612,0.0381388,-0.341366,0.0511581
Setermoen,Alta,498,499,0.00251052,-0.424267,0.00357566
Alta,Olderfjord,499,500,0.00396402,-0.489341,0.00590378
Olderfjord,Lakselv,500,501,0.00929704,-0.514261,0.0140781
Lakselv,Karasjok,501,502,0.0241923,-0.522054,0.0368219
Vierzon,Montluçon,503,504,0.492227,-0.499836,0.73826
Antwerp,Zeebrugge,505,642,2.62146,-0.519932,3.98444
Martigny,Sion,506,678,0.627712,-0.508598,0.946965
Bremen,Groningen,507,624,2.1983,-0.523573,3.34927
Stuttgart,Schaffhausen,510,511,1.97976,-0.524005,3.01717
Stuttgart,Ulm,510,512,1.75016,-0.522275,2.66422
Ulm,Lindau,512,513,1.51368,-0.519371,2.29984
Lindau,Waldshut,513,666,2.07654,-0.518583,3.1534
Buchs,Chur,514,515,0.271017,-0.513629,0.410219
Chur,San Bernardino,515,516,0.139969,-0.512766,0.21174
Halle,Plauen,518,519,1.37339,-0.519058,2.08625
Plauen,Schönberg,519,520,1.12207,-0.519101,1.70454
Plauen,Hof,519,528,1.48975,-0.519526,2.26372
Schönberg,Vojtanov,520,521,0.676684,-0.51955,1.02825
Vojtanov,Cheb,521,522,0.934441,-0.520098,1.42044
Cheb,Karlovy Vary,522,523,1.54416,-0.519675,2.34661
Cheb,Marktredwitz,522,663,1.23492,-0.520657,1.8779
Karlovy Vary,Teplice,523,715,0.95269,-0.518937,1.44708
České Budějovice,Halámky,524,525,1.30109,-0.514919,1.97105
Hirschberg,Hof,527,528,1.15307,-0.519626,1.75223
Hof,Bayreuth,528,529,1.87554,-0.520809,2.85233
Bayreuth,Marktredwitz,529,663,1.69175,-0.521101,2.57333
Bayerisch Eisenstein,Deggendorf,530,531,1.41783,-0.518671,2.15322
Liezen,Sankt Michael,532,533,0.773195,-0.508472,1.16634
Sankt Michael,Graz,533,534,1.38387,-0.50589,2.08396
Graz,Maribor,534,535,1.17239,-0.502075,1.76102
Graz,Spielfeld,534,536,0.891985,-0.505011,1.34245
Graz,Klagenfurt,534,683,1.64944,-0.502745,2.47868
Maribor,Spielfeld,535,536,0.395539,-0.497003,0.592123
Karavanke Tunnel,Naklo,537,538,0.855507,-0.501827,1.28482
Naklo,Loiblpass,538,734,0.815404,-0.500261,1.22332
Kemijärvi,Posio,539,540,0.00611068,-0.335573,0.00816126
Posio,Kuusamo,540,541,0.00386965,-0.333708,0.00516099
Kuusamo,Kajaani,541,542,0.00421129,-0.341912,0.00565118
Kajaani,Iisalmi,542,543,0.00743272,-0.351364,0.0100443
Iisalmi,Kuopio,543,544,0.0158773,-0.358186,0.0215643
Tampere,Turku,545,546,0.0217233,-0.389175,0.0301774
Tampere,Vaasa,545,616,0.025729,-0.378347,0.0354635
Tampere,Hämeenlinna,545,618,0.0483531,-0.424368,0.0688726
Turku,Pori,546,617,0.013101,-0.376239,0.0180301
Riga,Šiauliai,547,561,2.43382,-0.538704,3.74493
Riga,Rēzekne,547,627,2.5701,-0.538029,3.95288
Kłodzko,Kudowa-Zdrój,548,549,0.603788,-0.520003,0.91776
Kudowa-Zdrój,Náchod,549,550,0.508335,-0.518279,0.771795
Náchod,Hradec Králové,550,551,0.939802,-0.517216,1.42588
Hradec Králové,Olomouc,551,716,1.29461,-0.516135,1.9628
Miskolc,Debrecen,552,569,1.39597,-0.504144,2.09974
Szekszárd,Mohács,555,556,0.814394,-0.501066,1.22246
Mohács,Osijek,556,557,0.50238,-0.498904,0.753019
Osijek,Đakovo,557,558,0.298006,-0.495162,0.445568
Osijek,Sombor,557,735,0.48827,-0.493212,0.72909
Đakovo,Šamac,558,559,0.131367,-0.488554,0.195546
Šamac,Zenica,559,560,0.0930865,-0.468344,0.136683
Zenica,Sarajevo,560,737,0.141999,-0.452119,0.2062
Šiauliai,Tolpaki,561,562,1.88803,-0.538374,2.9045
Šiauliai,Palanga,561,704,1.45437,-0.538477,2.23752
Šiauliai,Panevėžys,561,705,1.50442,-0.538616,2.31473
Tolpaki,Kaliningrad,562,563,1.19323,-0.534995,1.83161
Tolpaki,Nesterov,562,640,1.11576,-0.538004,1.71605
Trstená,Ružomberok,566,567,0.869209,-0.51489,1.31676
Ružomberok,Zvolen,567,568,1.57094,-0.511109,2.37386
Debrecen,Berettyóújfalu,569,570,0.970947,-0.498515,1.45498
Beiuş,Deva,571,572,0.670871,-0.480201,0.993024
Deva,Petroşani,572,573,0.545395,-0.469759,0.801599
Deva,Sibiu,572,582,0.703354,-0.470772,1.03447
Deva,Arad,572,684,0.97065,-0.473753,1.4305
Petroşani,Târgu Jiu,573,574,0.34195,-0.465501,0.501128
Botevgrad,Jablanica,575,585,0.136524,-0.439444,0.196519
Blagoevgrad,Serres,576,577,0.205869,-0.42698,0.293772
Halmeu,Satu Mare,578,579,2.02582,-0.494269,3.02712
Satu Mare,Zalău,579,580,0.859932,-0.49094,1.28211
Sebeş,Sibiu,581,582,0.316701,-0.473579,0.466685
Sibiu,Piteşti,582,583,0.342125,-0.466578,0.501753
Pleven,Jablanica,584,585,0.0726459,-0.435518,0.104285
Izmail,Reni,586,587,0.795589,-0.516847,1.20679
Reni,Galaţi,587,588,0.66157,-0.506772,0.996835
Galaţi,Tulcea,588,589,0.407934,-0.494686,0.609733
Galaţi,Giurgiuleşti,588,729,0.790468,-0.507979,1.19201
Burgas,Malko Tarnovo,590,591,0.0602461,-0.434627,0.0864307
Malko Tarnovo,Dereköy,591,592,0.0256483,-0.427355,0.0366093
Dereköy,Kırklareli,592,593,0.0129724,-0.416348,0.0183734
Kırklareli,Babaeski,593,594,0.0110985,-0.403503,0.0155768
Babaeski,Havsa,594,595,0.0181812,-0.399271,0.0254405
Havsa,Keşan,595,596,0.0397825,-0.401001,0.0557353
Ayvalık,İzmir,597,598,0.0397967,-0.401135,0.0557606
İzmir,Manisa,598,747,0.0182284,-0.400017,0.0255201
Kherson,Dzhankoy,600,601,0.997351,-0.522177,1.51814
Kherson,Mykolaiv,600,673,1.1472,-0.523079,1.74728
Kherson,Melitopol,600,674,0.628956,-0.522661,0.957687
Sochi,Sukhumi,602,603,0.553016,-0.52156,0.841448
Sukhumi,Zugdidi,603,604,0.206988,-0.522845,0.31521
Jönköping,Linköping,605,606,0.0185945,-0.344619,0.0250026
Linköping,Norrköping,606,607,0.0248831,-0.344774,0.0334621
Norrköping,Södertälje,607,608,0.0386429,-0.345189,0.051982
Norrköping,Kalmar,607,626,0.024791,-0.344768,0.0333381
Uppsala,Sundsvall,609,610,0.0709082,-0.344908,0.095365
Sundsvall,Örnsköldsvik,610,611,0.0658673,-0.344044,0.0885285
Örnsköldsvik,Umeå,611,612,0.0532861,-0.342401,0.0715314
Haparanda,Tornio,613,614,0.023545,-0.335137,0.0314358
Kokkola,Vaasa,615,616,0.0234353,-0.359625,0.0318633
Vaasa,Pori,616,617,0.014337,-0.3689,0.0196259
Askim,Karlstad,619,620,0.0312204,-0.346356,0.0420338
Kotka,Vaalimaa,621,622,0.355925,-0.527333,0.543616
Vaalimaa,Vyborg,622,623,0.919324,-0.530445,1.40697
Groningen,Hoogeveen,624,698,0.799595,-0.523074,1.21784
Sassnitz,Stralsund,625,699,0.435124,-0.518552,0.660759
Rēzekne,Velikiye Luki,627,628,2.85031,-0.534606,4.3741
Rēzekne,Daugavpils,627,702,1.73594,-0.537729,2.66941
Vladimir,Nizhny Novgorod,629,630,1.73585,-0.518378,2.63567
Nizhny Novgorod,Kazan,630,631,0.747476,-0.514381,1.13196
Kazan,Yelabuga,631,632,0.528082,-0.497722,0.79092
Yelabuga,Perm,632,633,0.353093,-0.48397,0.52398
Perm,Yekaterinburg,633,634,0.155265,-0.478605,0.229576
Yekaterinburg,Tyumen,634,635,0.106059,-0.461517,0.155007
Koszalin,Słupsk,637,638,0.251508,-0.522406,0.382897
Słupsk,Gdynia,638,639,0.413357,-0.525662,0.630643
Nesterov,Marijampolė,640,641,1.006,-0.538849,1.54808
Aktobe,Karabutak,647,648,0.533977,-0.461577,0.780448
Karabutak,Aral,648,649,0.242982,-0.454769,0.353483
Aral,Novokazalinsk,649,650,0.17299,-0.436918,0.248572
Charleroi,Namur,651,652,1.21614,-0.522759,1.85189
St. Vith,Wittlich,653,654,1.18485,-0.526372,1.80852
Wittlich,Bingen,654,655,0.742252,-0.527832,1.13404
Bingen,Wiesbaden,655,656,1.08322,-0.528235,1.65542
Amiens,Charleville-Mézières,657,658,1.41269,-0.519496,2.14658
Trier,Koblenz,659,660,1.60323,-0.526335,2.44706
Caen,Rouen,661,662,0.978582,-0.517246,1.48475
Regensburg,Passau,667,668,1.19883,-0.520535,1.82286
Passau,Wels,668,669,1.20981,-0.517351,1.83571
Wels,Braunau am Inn,669,721,1.41171,-0.515161,2.13897
Iaşi,Sculeni,670,671,1.29573,-0.511962,1.9591
Iaşi,Bălţi,670,727,1.10298,-0.512503,1.66825
Sculeni,Chişinău,671,672,1.49162,-0.516509,2.26206
Chişinău,Giurgiuleşti,672,729,1.18594,-0.516153,1.79806
Melitopol,Taganrog,674,675,0.276022,-0.520551,0.419705
Poitiers,Mâcon,676,677,1.70772,-0.512044,2.58215
Sion,Simplon,678,679,0.277763,-0.500942,0.416907
Simplon,Gravellona Toce,679,680,0.206101,-0.480604,0.305154
Innichen,Spittal an der Drau,681,682,0.613976,-0.504584,0.923779
Klagenfurt,Loiblpass,683,734,0.94516,-0.503007,1.42058
Cuneo,Asti,685,686,0.194081,-0.46862,0.285031
Kokand,Andijan,689,690,0.083166,-0.394245,0.115954
Andijan,Osh,690,691,0.1097,-0.392185,0.152723
Kulob,Kalaikhumb,692,693,0.0171917,-0.379564,0.023717
Kalaikhumb,Khorugh,693,694,0.0151695,-0.378634,0.0209131
Kokpek,Chundzha,695,696,0.042205,-0.397673,0.0589888
Chundzha,Koktal,696,697,0.0320657,-0.397137,0.0448003
Stralsund,Neubrandenburg,699,700,0.635726,-0.518664,0.965454
Ukmergė,Daugavpils,701,702,1.6876,-0.538987,2.59719
Ukmergė,Panevėžys,701,705,1.54595,-0.538984,2.37919
Breda,Gorinchem,706,707,0.790989,-0.521443,1.20345
Hasselt,Heerlen,708,709,1.14798,-0.526521,1.75242
Barwinek,Vyšný Komárnik,710,711,0.346284,-0.521288,0.526798
Vyšný Komárnik,Svidník,711,712,0.420729,-0.517308,0.638376
Lublin,Kovel,713,714,1.46638,-0.528783,2.24178
Olomouc,Český Těšín,716,717,0.822598,-0.517225,1.24807
Garmisch-Partenkirchen,Mittenwald,718,719,0.896654,-0.515076,1.3585
Mittenwald,Seefeld,719,720,0.576413,-0.512136,0.871615
Nyíregyháza,Chop,722,723,0.947528,-0.50731,1.42822
Dunajská Streda,Medveďov,724,725,0.619148,-0.511212,0.935665
Medveďov,Vámosszabadi,725,726,0.53938,-0.509586,0.81424
Bălţi,Mohyliv-Podilskyi,727,728,0.845688,-0.521719,1.2869
Saintes,Angoulême,730,731,0.26671,-0.493978,0.398459
St. Johann in Tirol,Lofer,732,733,0.910259,-0.511988,1.3763
Sarajevo,Užice,737,738,0.191695,-0.450803,0.278112
Užice,Čačak,738,739,0.284554,-0.454775,0.413962
Čačak,Nova Varoš,739,740,0.284293,-0.454735,0.413571
Avellino,Benevento,741,742,0.0407698,-0.433607,0.0584478
Balıkesir,Manisa,746,747,0.0112435,-0.405976,0.0158081
Warsaw,Brest-Litovsk,316,0,2.73146,-0.532536,4.18606
Brest-Litovsk,Minsk,0,318,2.68125,-0.535814,4.11791
Lyon,Mâcon,17,677,1.71658,-0.509078,2.59046
Beaune,Mâcon,395,677,2.99134,-0.513894,4.52857
