Glasgow,Preston,1,2,6.60129e-05,-0.479334,6.60129e-05
Glasgow,Edinburgh,1,13,6.60129e-05,-0.479334,6.60129e-05
Preston,Birmingham,2,3,6.60129e-05,-0.479334,6.60129e-05
Birmingham,Cambridge,3,636,6.60129e-05,-0.479334,6.60129e-05
Le Havre,Paris,4,5,2.01327,-0.515915,3.05195
Le Havre,Amiens,4,657,1.13176,-0.517318,1.71724
Paris,Orléans,5,6,2.09174,-0.511221,3.16109
Paris,Calais,5,16,1.74317,-0.515929,2.64253
Paris,Lyon,5,17,2.60553,-0.511319,3.93779
Paris,Brussels,5,326,3.0705,-0.518183,4.66158
Paris,Le Mans,5,366,1.68137,-0.512841,2.54364
Paris,Reims,5,367,1.93185,-0.516703,2.93004
Paris,Chaumont,5,665,2.8025,-0.517141,4.25179
Orléans,Bordeaux,6,7,1.0092,-0.503128,1.51695
Orléans,Tours,6,392,1.11364,-0.503936,1.67485
Orléans,Montargis,6,393,1.39076,-0.506731,2.09551
Orléans,Toulouse,6,466,1.15455,-0.500352,1.73224
Bordeaux,San Sebastián,7,8,0.567131,-0.492504,0.846446
Bordeaux,Clermont-Ferrand,7,446,1.08034,-0.499242,1.6197
Bordeaux,Toulouse,7,466,0.478381,-0.490342,0.712952
Bordeaux,Angoulême,7,731,0.63265,-0.496271,0.946616
San Sebastián,Burgos,8,9,0.288552,-0.475106,0.425644
San Sebastián,Bilbao,8,445,0.233391,-0.477343,0.344799
San Sebastián,Toulouse,8,466,0.382539,-0.485522,0.56827
Burgos,Madrid,9,10,0.167708,-0.460785,0.244985
Burgos,Valladolid,9,465,0.110682,-0.463755,0.162011
Madrid,Seville,10,11,0.106516,-0.448805,0.154321
Madrid,Barcelona,10,21,0.246439,-0.470847,0.362474
Madrid,Valencia,10,24,0.117897,-0.454908,0.17153
Madrid,Lisbon,10,464,0.107499,-0.45227,0.156117
Seville,Algeciras,11,12,0.0504511,-0.437588,0.0725279
Seville,Huelva,11,486,0.0528191,-0.437006,0.0759014
Algeciras,Málaga,12,28,0.0220154,-0.430746,0.0314985
Edinburgh,Newcastle,13,14,6.60129e-05,-0.479334,6.60129e-05
Newcastle,London,14,15,6.60129e-05,-0.479334,6.60129e-05
London,Colchester,15,305,6.60129e-05,-0.479334,6.60129e-05
Calais,Bruges,16,324,1.77479,-0.518067,2.69426
Calais,Rouen,16,662,1.16414,-0.516868,1.76584
Lyon,Orange,17,18,1.17658,-0.502202,1.76747
Lyon,Clermont-Ferrand,17,446,1.31625,-0.502478,1.97764
Lyon,Chambéry,17,447,1.18047,-0.507704,1.7798
Orange,Narbonne,18,19,0.529939,-0.499392,0.794587
Orange,Marseille,18,736,0.505759,-0.50434,0.760834
Narbonne,Girona,19,20,0.290966,-0.490798,0.433772
Girona,Barcelona,20,21,0.337604,-0.480955,0.499977
Barcelona,Tarragona,21,22,0.214393,-0.474751,0.316177
Barcelona,Toulouse,21,466,0.619539,-0.484521,0.919719
Tarragona,Castellón de la Plana,22,23,0.102766,-0.465909,0.150646
Castellón de la Plana,Valencia,23,24,0.0868991,-0.453994,0.126351
Valencia,Alicante,24,25,0.0635558,-0.444352,0.091797
Alicante,Murcia,25,26,0.0268911,-0.43788,0.0386661
Murcia,Almería,26,27,0.0137764,-0.431318,0.0197185
Almería,Málaga,27,28,0.0125458,-0.426442,0.0178959
Hook of Holland,Rotterdam,29,30,0.57768,-0.521463,0.878918
Hook of Holland,The Hague,29,307,0.311664,-0.521409,0.474169
Rotterdam,Eindhoven,30,31,1.44617,-0.521412,2.20022
Eindhoven,Maastricht,31,32,1.5591,-0.521941,2.37286
Eindhoven,Antwerp,31,505,2.60345,-0.519993,3.95722
Eindhoven,Venlo,31,643,1.98604,-0.522179,3.0231
Eindhoven,Breda,31,706,1.46167,-0.521412,2.2238
Maastricht,Liège,32,33,1.93975,-0.52272,2.95369
Liège,Bastogne,33,34,1.80955,-0.523216,2.75634
Liège,Leuven,33,327,2.95035,-0.522528,4.492
Liège,Eupen,33,328,1.89038,-0.524089,2.8811
Liège,Antwerp,33,505,3.28123,-0.520731,4.98987
Liège,Namur,33,652,2.01503,-0.522512,3.0679
Liège,St. Vith,33,653,1.65384,-0.523268,2.51924
Liège,Charleville-Mézières,33,658,2.15016,-0.522233,3.27305
Bastogne,Arlon,34,35,1.09196,-0.523656,1.66377
Arlon,Luxembourg,35,36,1.51799,-0.5232,2.3122
Luxembourg,Metz,36,37,2.50998,-0.521208,3.81821
Luxembourg,St. Vith,36,653,1.8391,-0.523832,2.80249
Luxembourg,Charleville-Mézières,36,658,1.4083,-0.521894,2.14328
Luxembourg,Trier,36,659,1.81166,-0.524057,2.76107
Metz,Saint-Avold,37,38,3.008,-0.520866,4.57477
Metz,Lausanne,37,44,2.48055,-0.520011,3.77046
Metz,Geneva,37,45,2.69899,-0.515727,4.09094
Metz,Brussels,37,326,3.4464,-0.520307,5.23958
Metz,Reims,37,367,2.51196,-0.519258,3.81631
Metz,Saarbrücken,37,368,2.86831,-0.522298,4.36642
Saint-Avold,Strasbourg,38,39,2.28205,-0.521855,3.47295
Strasbourg,Mulhouse,39,40,2.87433,-0.522705,4.37675
Strasbourg,Appenweier,39,664,2.16677,-0.523188,3.3004
Mulhouse,Basel,40,41,2.75361,-0.52219,4.19152
Mulhouse,Belfort,40,398,2.06745,-0.521646,3.14592
Mulhouse,Chaumont,40,665,2.61734,-0.520411,3.97943
Basel,Olten,41,42,1.64401,-0.52181,2.50187
Basel,Offenburg,41,61,2.35456,-0.522663,3.58521
Basel,Zürich,41,399,1.92758,-0.521642,2.93309
Basel,Waldshut,41,666,2.27626,-0.521042,3.46228
Olten,Bern,42,43,1.67059,-0.517119,2.53448
Olten,Lucerne,42,62,1.03277,-0.521412,1.57127
Bern,Lausanne,43,44,1.36211,-0.5193,2.06945
Bern,Belfort,43,398,1.70371,-0.521177,2.59165
Bern,Martigny,43,506,0.950694,-0.516161,1.44141
Lausanne,Geneva,44,45,1.06086,-0.510459,1.60238
Lausanne,Martigny,44,506,0.822427,-0.514385,1.24547
Geneva,Mont Blanc,45,46,1.18458,-0.509658,1.78831
Geneva,Chambéry,45,447,1.31714,-0.507266,1.98528
Geneva,Mâcon,45,677,2.0804,-0.512334,3.14625
Mont Blanc,Aosta,46,47,0.69405,-0.507081,1.04599
Aosta,Ivrea,47,48,0.60279,-0.499148,0.903672
Aosta,Martigny,47,506,0.817913,-0.501863,1.22839
Ivrea,Vercelli,48,49,0.239961,-0.490547,0.357673
Ivrea,Turin,48,449,0.3563,-0.488454,0.530337
Vercelli,Alessandria,49,50,0.197968,-0.478001,0.292597
Alessandria,Genoa,50,51,0.246565,-0.46632,0.361543
Alessandria,Turin,50,449,0.251264,-0.479502,0.371746
Alessandria,Tortona,50,450,0.174532,-0.468795,0.256351
Alessandria,Asti,50,686,0.226665,-0.470835,0.333386
Genoa,Rome,51,74,0.476512,-0.454269,0.692977
Genoa,Tortona,51,450,0.274344,-0.459686,0.400456
Genoa,Nice,51,467,0.408819,-0.470532,0.601181
Amsterdam,Utrecht,52,53,1.32454,-0.521633,2.01547
Amsterdam,Amersfoort,52,309,0.771329,-0.521586,1.17364
Amsterdam,Brussels,52,326,3.25615,-0.520864,4.95216
Amsterdam,Groningen,52,624,1.38269,-0.522233,2.10478
Utrecht,Arnhem,53,54,1.00754,-0.522191,1.53366
Utrecht,Gouda,53,308,0.816195,-0.52161,1.24193
Utrecht,Amersfoort,53,309,0.760169,-0.521861,1.15687
Utrecht,Gorinchem,53,707,0.966469,-0.521622,1.4706
Arnhem,Emmerich,54,55,0.915851,-0.52335,1.39516
Emmerich,Oberhausen,55,56,1.78279,-0.524053,2.71706
Oberhausen,Cologne,56,57,3.06645,-0.524847,4.67586
Oberhausen,Dortmund,56,508,2.15852,-0.524165,3.28994
Oberhausen,Venlo,56,643,2.02879,-0.523132,3.09012
Cologne,Frankfurt am Main,57,58,3.56998,-0.526025,5.44788
Cologne,Aachen,57,329,3.12558,-0.526149,4.7701
Cologne,Olpe,57,330,2.20704,-0.52579,3.36747
Cologne,Bremen,57,507,3.24668,-0.524493,4.94954
Frankfurt am Main,Heidelberg,58,59,3.2007,-0.526437,4.88567
Frankfurt am Main,Gießen,58,332,2.27503,-0.526618,3.4731
Frankfurt am Main,Mannheim,58,369,3.68539,-0.52618,5.62457
Frankfurt am Main,Aschaffenburg,58,509,2.66587,-0.525836,4.06767
Frankfurt am Main,Wiesbaden,58,656,2.61175,-0.526874,3.98781
Heidelberg,Karlsruhe,59,60,2.70153,-0.525441,4.12102
Karlsruhe,Offenburg,60,61,2.31709,-0.523251,3.52952
Karlsruhe,Stuttgart,60,510,3.23306,-0.523475,4.92548
Karlsruhe,Appenweier,60,664,2.46936,-0.524138,3.76365
Lucerne,Altdorf,62,63,0.757706,-0.521649,1.15296
Altdorf,Gotthard Pass,63,64,0.531463,-0.520902,0.808304
Altdorf,Zürich,63,399,0.99942,-0.521125,1.52024
Gotthard Pass,Bellinzona,64,65,0.268036,-0.518285,0.406955
Bellinzona,Lugano,65,66,0.137514,-0.509031,0.207513
Bellinzona,San Bernardino,65,516,0.152139,-0.514151,0.230362
Lugano,Chiasso,66,67,0.0890707,-0.4884,0.132573
Chiasso,Como,67,68,0.127632,-0.469506,0.187555
Como,Milan,68,69,0.28604,-0.465862,0.419295
Milan,Piacenza,69,70,0.331369,-0.462603,0.484661
Milan,Turin,69,449,0.390022,-0.476053,0.575693
Milan,Tortona,69,450,0.234491,-0.464419,0.343393
Milan,Brescia,69,451,0.293004,-0.46225,0.428446
Milan,Gravellona Toce,69,680,0.31191,-0.469447,0.458335
Piacenza,Parma,70,71,0.243254,-0.456873,0.35439
Parma,Modena,71,72,0.377411,-0.45451,0.548949
Modena,Florence,72,73,0.438783,-0.450169,0.63631
Modena,Verona,72,94,0.508427,-0.454732,0.739625
Modena,Bologna,72,95,0.428107,-0.450407,0.620929
Florence,Rome,73,74,0.396255,-0.449028,0.574185
Rome,Pescara,74,125,0.38974,-0.44692,0.563922
Östersund,Mora,75,76,0.0515978,-0.345316,0.0694153
Östersund,Trondheim,75,493,0.0614592,-0.345451,0.0826903
Östersund,Sundsvall,75,610,0.0644432,-0.34423,0.0866265
Mora,Säffle,76,77,0.0376964,-0.345817,0.0507325
Säffle,Gothenburg,77,78,0.0498673,-0.34604,0.0671233
Gothenburg,Halmstad,78,300,0.0477946,-0.345981,0.0643306
Gothenburg,Örebro,78,301,0.0516136,-0.345738,0.0694584
Gothenburg,Oslo,78,489,0.043825,-0.346221,0.0589981
Hamburg,Hanover,79,80,1.99747,-0.522054,3.04025
Hamburg,Berlin,79,108,2.17328,-0.52051,3.3045
Hamburg,Bremen,79,507,2.50253,-0.523011,3.81138
Hamburg,Lübeck,79,517,1.14193,-0.521465,1.73741
Hanover,Göttingen,80,81,1.38978,-0.523341,2.11711
Hanover,Bad Oeynhausen,80,312,1.59577,-0.52325,2.43076
Hanover,Braunschweig,80,313,1.47391,-0.521174,2.24208
Göttingen,Kassel,81,82,1.25896,-0.524279,1.919
Kassel,Fulda,82,83,1.70029,-0.524952,2.59286
Kassel,Dortmund,82,508,1.97241,-0.524591,3.00712
Fulda,Würzburg,83,84,2.46471,-0.524975,3.75863
Würzburg,Nuremberg,84,85,3.6726,-0.523774,5.59621
Würzburg,Aschaffenburg,84,509,3.24395,-0.525235,4.94778
Würzburg,Stuttgart,84,510,2.58713,-0.524918,3.94516
Würzburg,Ulm,84,512,1.67509,-0.522615,2.55051
Nuremberg,Munich,85,86,3.09839,-0.519308,4.70741
Nuremberg,Heilbronn,85,370,3.29951,-0.523802,5.0278
Nuremberg,Rozvadov,85,371,2.58512,-0.520949,3.93184
Nuremberg,Bayreuth,85,529,3.46757,-0.521415,5.27561
Nuremberg,Regensburg,85,667,2.45749,-0.521098,3.73808
Munich,Rosenheim,86,87,2.2095,-0.515708,3.34896
Munich,Salzburg,86,115,2.62881,-0.514458,3.98122
Munich,Ulm,86,512,2.23104,-0.51886,3.38864
Munich,Lindau,86,513,2.44927,-0.515669,3.71228
Munich,Deggendorf,86,531,2.4286,-0.517714,3.68592
Munich,Garmisch-Partenkirchen,86,718,2.14385,-0.515987,3.25005
Munich,Braunau am Inn,86,721,1.90496,-0.516389,2.88867
Rosenheim,Wörgl,87,88,1.46906,-0.513825,2.22389
Rosenheim,Bad Reichenhall,87,407,1.16858,-0.513952,1.76917
Wörgl,Innsbruck,88,89,1.39605,-0.511308,2.10986
Wörgl,St. Johann in Tirol,88,732,1.04676,-0.512261,1.58297
Innsbruck,Brenner,89,90,0.814182,-0.508332,1.22806
Innsbruck,Telfs,89,405,0.714015,-0.510294,1.07837
Innsbruck,Imst,89,406,0.729625,-0.51037,1.102
Innsbruck,Seefeld,89,720,0.84101,-0.510467,1.27032
Brenner,Fortezza,90,91,0.495324,-0.503548,0.744744
Fortezza,Bolzano,91,92,0.331864,-0.492561,0.495327
Fortezza,Innichen,91,681,0.433433,-0.501632,0.650856
Bolzano,Trento,92,93,0.260861,-0.472114,0.384017
Trento,Verona,93,94,0.43617,-0.458779,0.636276
Verona,Mestre,94,120,0.617507,-0.457253,0.899864
Verona,Brescia,94,451,0.461277,-0.456703,0.671944
Bologna,Cesena,95,96,0.365494,-0.449108,0.52964
Cesena,Perugia,96,97,0.254075,-0.448611,0.368057
Cesena,Ravenna,96,121,0.379463,-0.452231,0.551067
Cesena,Rimini,96,122,0.263315,-0.448226,0.38134
Perugia,Fiano Romano,97,98,0.104939,-0.447352,0.151884
Fiano Romano,Naples,98,99,0.0496932,-0.44553,0.0718329
Naples,Salerno,99,100,0.0132879,-0.443476,0.0191808
Naples,Avellino,99,741,0.0199552,-0.440786,0.0287512
Salerno,Sicignano degli Alburni,100,101,0.00784909,-0.436746,0.0112771
Salerno,Avellino,100,741,0.0103134,-0.435332,0.0148032
Sicignano degli Alburni,Potenza,101,743,0.00420373,-0.432714,0.00602275
Messina,Catania,102,103,6.60129e-05,-0.479334,6.60129e-05
Messina,Palermo,102,474,6.60129e-05,-0.479334,6.60129e-05
Catania,Siracusa,103,104,6.60129e-05,-0.479334,6.60129e-05
Siracusa,Gela,104,105,6.60129e-05,-0.479334,6.60129e-05
Gela,Mazara del Vallo,105,473,6.60129e-05,-0.479334,6.60129e-05
Helsingborg,Copenhagen,299,106,0.0106628,-0.345405,0.0143458
Copenhagen,Malmö,106,135,0.00546713,-0.344872,0.00735258
Rostock,Berlin,107,108,1.63097,-0.519433,2.47815
Rostock,Lübeck,107,517,0.818683,-0.520186,1.24455
Rostock,Sassnitz,107,625,0.689592,-0.519331,1.04772
Berlin,Lübbenau,108,109,2.44162,-0.519115,3.7091
Berlin,Szczecin,108,137,1.9339,-0.519338,2.93825
Berlin,Świebodzin,108,139,2.31197,-0.519967,3.51412
Berlin,Magdeburg,108,314,2.44368,-0.519947,3.71426
Berlin,Leipzig,108,526,2.15633,-0.519111,3.27571
Berlin,Neubrandenburg,108,700,1.50424,-0.5194,2.28554
Lübbenau,Dresden,109,110,1.79605,-0.518653,2.72758
Lübbenau,Cottbus,109,644,1.33485,-0.518793,2.02736
Dresden,Ústí nad Labem,110,111,1.827,-0.517721,2.77288
Dresden,Chemnitz,110,337,2.04785,-0.518412,3.10948
Dresden,Görlitz,110,338,1.31533,-0.518425,1.99723
Ústí nad Labem,Prague,111,112,2.05263,-0.516781,3.1134
Prague,Tábor,112,113,1.98475,-0.514922,3.00675
Prague,Mladá Boleslav,112,146,1.15646,-0.51682,1.75415
Prague,Jihlava,112,147,2.00642,-0.514518,3.03876
Prague,Plzeň,112,372,2.23913,-0.516524,3.3957
Prague,Karlovy Vary,112,523,1.38085,-0.517089,2.09488
Prague,Hradec Králové,112,551,1.50007,-0.516345,2.27462
Tábor,Linz,113,114,1.75054,-0.514222,2.6507
Linz,Salzburg,114,115,1.84608,-0.51289,2.79292
Linz,Sattledt,114,408,0.748131,-0.513212,1.13208
Linz,Sankt Pölten,114,409,1.74926,-0.512489,2.64574
Linz,Wels,114,669,1.32235,-0.514376,2.00253
Salzburg,Villach,115,116,2.74486,-0.508736,4.14126
Salzburg,Bad Reichenhall,115,407,1.4193,-0.512494,2.14669
Salzburg,Sattledt,115,408,1.48832,-0.512573,2.2512
Salzburg,Lofer,115,733,1.69644,-0.512575,2.56599
Villach,Tarvisio,116,117,1.4187,-0.504649,2.13465
Villach,Karavanke Tunnel,116,537,1.21625,-0.505083,1.83056
Villach,Spittal an der Drau,116,682,1.3897,-0.505969,2.09284
Villach,Klagenfurt,116,683,1.48541,-0.504356,2.23458
Tarvisio,Udine,117,118,0.683597,-0.497502,1.02369
Udine,Palmanova,118,119,0.628672,-0.48254,0.932031
Palmanova,Mestre,119,120,0.720216,-0.468774,1.05783
Palmanova,Trieste,119,452,0.736147,-0.477831,1.0879
Mestre,Ravenna,120,121,0.470961,-0.45762,0.686482
Rimini,Fano,122,123,0.131506,-0.445686,0.190116
Fano,Ancona,123,124,0.116917,-0.44293,0.168703
Ancona,Pescara,124,125,0.2059,-0.443137,0.297142
Pescara,Canosa di Puglia,125,126,0.22336,-0.442368,0.322167
Canosa di Puglia,Bari,126,127,0.0727359,-0.438916,0.104661
Canosa di Puglia,Benevento,126,742,0.0747667,-0.439206,0.107605
Bari,Brindisi,127,128,0.0196976,-0.436864,0.0283027
Bari,Taranto,127,476,0.0186869,-0.436622,0.026846
Brindisi,Taranto,128,476,0.004647,-0.432775,0.0066581
Igoumenitsa,Preveza,129,130,0.0126152,-0.399727,0.0176578
Igoumenitsa,Ioannina,129,477,0.0288546,-0.402765,0.0404763
Preveza,Rhion,130,131,0.00646094,-0.39343,0.00900287
Rhion,Patras,131,132,0.00242769,-0.381228,0.0033532
Rhion,Aigio,131,175,0.00242769,-0.381228,0.0033532
Patras,Pyrgos,132,133,0.00108632,-0.370976,0.00148932
Pyrgos,Kalamata,133,134,0.000550942,-0.356841,0.000747541
Kalamata,Tripoli,134,177,0.000408762,-0.347831,0.000550942
Malmö,Helsingborg,135,299,0.0146851,-0.345282,0.0197556
Malmö,Kalmar,135,626,0.0139928,-0.344928,0.0188193
Goleniów,Szczecin,136,137,0.823809,-0.519233,1.25156
Goleniów,Koszalin,136,637,0.354601,-0.519875,0.538949
Szczecin,Gorzów Wielkopolski,137,138,0.876965,-0.519582,1.33262
Gorzów Wielkopolski,Świebodzin,138,139,1.05111,-0.520494,1.59821
Świebodzin,Zielona Góra,139,140,1.3895,-0.520624,2.1129
Świebodzin,Poznań,139,315,2.19248,-0.522394,3.33782
Zielona Góra,Legnica,140,141,1.39309,-0.520674,2.11844
Legnica,Jelenia Góra,141,142,1.25123,-0.51936,1.90107
Legnica,Görlitz,141,338,1.38894,-0.5191,2.10993
Legnica,Wrocław,141,339,2.10698,-0.520004,3.20262
Legnica,Cottbus,141,644,1.39029,-0.519121,2.11202
Jelenia Góra,Harrachov,142,143,0.539686,-0.518916,0.819738
Harrachov,Železný Brod,143,144,0.388243,-0.518268,0.589457
Železný Brod,Turnov,144,145,0.639229,-0.517799,0.970221
Turnov,Mladá Boleslav,145,146,0.679266,-0.51724,1.03061
Turnov,Hradec Králové,145,551,0.959225,-0.517105,1.45524
Turnov,Teplice,145,715,0.826678,-0.518088,1.25497
Jihlava,Brno,147,148,1.01773,-0.513189,1.54002
Jihlava,Vienna,147,410,1.64027,-0.512809,2.48141
Brno,Bratislava,148,149,1.43726,-0.511547,2.17248
Brno,Trenčín,148,373,1.4162,-0.513301,2.14314
Brno,Vienna,148,410,1.64206,-0.510787,2.4808
Brno,Olomouc,148,716,1.42728,-0.514004,2.16091
Bratislava,Rajka,149,150,1.54439,-0.510238,2.3324
Bratislava,Žilina,149,195,1.62741,-0.513,2.46226
Bratislava,Győr,149,196,1.59154,-0.505121,2.39546
Bratislava,Vienna,149,410,2.18715,-0.506221,3.29433
Bratislava,Zvolen,149,568,2.15458,-0.511575,3.25681
Bratislava,Dunajská Streda,149,724,1.32545,-0.510444,2.00202
Rajka,Csorna,150,151,0.612125,-0.510147,0.924398
Csorna,Szombathely,151,152,0.304404,-0.506801,0.458677
Szombathely,Zalaegerszeg,152,153,0.305228,-0.498563,0.457404
Zalaegerszeg,Nagykanizsa,153,154,0.610404,-0.493838,0.911845
Nagykanizsa,Letenye,154,155,0.38101,-0.492678,0.568725
Nagykanizsa,Zagreb,154,156,0.836753,-0.488965,1.2459
Nagykanizsa,Balatonvilágos,154,553,1.20875,-0.494082,1.80598
Letenye,Zagreb,155,156,0.455743,-0.48586,0.677171
Zagreb,Karlovac,156,157,0.669628,-0.484819,0.994277
Zagreb,Ljubljana,156,454,0.646669,-0.486792,0.961462
Zagreb,Slavonski Brod,156,455,0.758343,-0.475875,1.11922
Zagreb,Maribor,156,535,0.770621,-0.490961,1.14897
Karlovac,Rijeka,157,158,0.298283,-0.482329,0.442154
Karlovac,Knin,157,554,0.239322,-0.4825,0.354794
Rijeka,Split,158,159,0.20305,-0.479402,0.300392
Rijeka,Trieste,158,452,0.512745,-0.48171,0.759739
Split,Dubrovnik,159,160,0.14911,-0.470963,0.219336
Split,Knin,159,554,0.144088,-0.478488,0.213033
Dubrovnik,Petrovac,160,161,0.049626,-0.463236,0.0726146
Dubrovnik,Podgorica,160,162,0.112133,-0.455682,0.16323
Petrovac,Podgorica,161,162,0.0751557,-0.449577,0.108944
Petrovac,Prizren,161,744,0.0687336,-0.450454,0.0996948
Podgorica,Bijelo Polje,162,163,0.115082,-0.450468,0.166923
Podgorica,Pristina,162,164,0.159406,-0.44988,0.231119
Podgorica,Sarajevo,162,737,0.197718,-0.450761,0.286841
Bijelo Polje,Pristina,163,164,0.160476,-0.449935,0.23268
Bijelo Polje,Nova Varoš,163,740,0.173431,-0.452774,0.251956
Pristina,Skopje,164,165,0.217067,-0.44677,0.314045
Pristina,Niš,164,202,0.421541,-0.453053,0.612522
Pristina,Prizren,164,744,0.132178,-0.449342,0.191571
Skopje,Kičevo,165,166,0.149349,-0.442936,0.215501
Skopje,Kumanovo,165,203,0.212726,-0.447412,0.307902
Skopje,Veles,165,204,0.158577,-0.440738,0.228468
Kičevo,Ohrid,166,167,0.0621431,-0.439964,0.0894839
Ohrid,Bitola,167,168,0.0296187,-0.432759,0.0424364
Bitola,Niki,168,169,0.0227297,-0.417996,0.0322307
Niki,Vevi,169,170,0.0348426,-0.407745,0.0490496
Vevi,Kozani,170,171,0.0753694,-0.40603,0.105972
Kozani,Larissa,171,172,0.0510144,-0.405841,0.0717182
Kozani,Thessaloniki,171,207,0.165627,-0.408301,0.233252
Kozani,Ioannina,171,477,0.0621906,-0.405457,0.0874062
Larissa,Domokos,172,173,0.0227135,-0.404858,0.0319093
Larissa,Lamia,172,174,0.0227135,-0.404858,0.0319093
Larissa,Katerini,172,208,0.0647274,-0.406739,0.0910545
Larissa,Trikala,172,687,0.0323818,-0.404296,0.0454737
Domokos,Lamia,173,174,6.60129e-05,-0.479334,3.30065e-05
Aigio,Corinth,175,176,0.00108632,-0.370976,0.00148932
Corinth,Tripoli,176,177,0.000550942,-0.356841,0.000747541
Varangerbotn,Utsjoki,178,179,0.065843,-0.525796,0.100463
Varangerbotn,Kirkenes,178,243,0.164053,-0.529701,0.250952
Varangerbotn,Karasjok,178,502,0.0652991,-0.527472,0.0997425
Utsjoki,Inari,179,180,0.0260768,-0.513205,0.0394595
Inari,Ivalo,180,181,0.013076,-0.466662,0.0191781
Ivalo,Sodankylä,181,182,0.0122794,-0.39184,0.017091
Sodankylä,Rovaniemi,182,183,0.0156802,-0.350528,0.0211765
Sodankylä,Kemijärvi,182,539,0.00983912,-0.356274,0.0133445
Rovaniemi,Kemi,183,184,0.0223806,-0.344602,0.030093
Kemi,Oulu,184,185,0.0322822,-0.353898,0.0437068
Kemi,Tornio,184,614,0.0232862,-0.342371,0.0312588
Oulu,Jyväskylä,185,186,0.0307869,-0.364915,0.0420215
Oulu,Kokkola,185,615,0.023444,-0.364125,0.0319806
Jyväskylä,Heinola,186,187,0.0369238,-0.395381,0.0515227
Jyväskylä,Kuopio,186,544,0.0290484,-0.373765,0.0399056
Jyväskylä,Tampere,186,545,0.0372639,-0.388207,0.0517301
Heinola,Lahti,187,188,0.0360339,-0.439788,0.0518812
Lahti,Helsinki,188,189,0.0668386,-0.47503,0.098589
Helsinki,Hämeenlinna,189,618,0.0675642,-0.474473,0.0996217
Helsinki,Kotka,189,621,0.167379,-0.515315,0.253633
Gdańsk,Świecie,190,191,1.6795,-0.526461,2.56369
Gdańsk,Kaliningrad,190,563,1.28776,-0.529822,1.97005
Gdańsk,Elbląg,190,564,1.43655,-0.527504,2.19434
Gdańsk,Gdynia,190,639,1.02608,-0.527335,1.56716
Świecie,Łódź,191,192,1.19177,-0.524864,1.81728
Świecie,Poznań,191,315,1.58713,-0.525292,2.42084
Łódź,Piotrków Trybunalski,192,193,1.36518,-0.525099,2.08203
Piotrków Trybunalski,Katowice,193,194,1.62092,-0.523597,2.46962
Piotrków Trybunalski,Warsaw,193,316,2.33985,-0.527586,3.57432
Piotrków Trybunalski,Wrocław,193,339,1.63877,-0.523244,2.49624
Katowice,Žilina,194,195,1.34556,-0.518668,2.04346
Katowice,Zabrze,194,342,1.17888,-0.521066,1.79315
Katowice,Kraków,194,343,1.80773,-0.521519,2.7505
Katowice,Český Těšín,194,717,0.937667,-0.520359,1.42559
Žilina,Olomouc,195,716,0.813854,-0.515594,1.23347
Győr,Budapest,196,197,2.21506,-0.503294,3.32989
Győr,Vámosszabadi,196,726,0.999565,-0.506349,1.50569
Budapest,Szeged,197,198,2.36276,-0.492201,3.52571
Budapest,Mosonmagyaróvár,197,412,2.36568,-0.501755,3.55267
Budapest,Szolnok,197,413,2.33431,-0.495149,3.49014
Budapest,Miskolc,197,552,2.36522,-0.500175,3.54825
Budapest,Balatonvilágos,197,553,2.0935,-0.494642,3.12903
Budapest,Szekszárd,197,555,1.89872,-0.496292,2.84104
Budapest,Zvolen,197,568,2.17436,-0.503093,3.26826
Szeged,Subotica,198,199,1.39125,-0.490732,2.07397
Szeged,Arad,198,684,1.73938,-0.482136,2.578
Subotica,Novi Sad,199,200,0.819524,-0.481198,1.21388
Subotica,Sombor,199,735,0.736655,-0.488996,1.09688
Novi Sad,Belgrade,200,201,0.808994,-0.471674,1.19058
Belgrade,Niš,201,202,0.695349,-0.462314,1.01682
Belgrade,Slavonski Brod,201,455,0.726919,-0.470197,1.06871
Belgrade,Vršac,201,456,0.670518,-0.466005,0.982983
Belgrade,Čačak,201,739,0.597791,-0.462591,0.874324
Niš,Kumanovo,202,203,0.300212,-0.455059,0.436826
Niš,Drobeta-Turnu Severin,202,458,0.678756,-0.459513,0.990653
Niš,Sofia,202,468,0.526275,-0.444277,0.760087
Kumanovo,Kyustendil,203,745,0.19519,-0.4463,0.282304
Veles,Gevgelija,204,205,0.0880758,-0.429993,0.125948
Gevgelija,Evzoni,205,206,0.0933186,-0.415467,0.132089
Evzoni,Thessaloniki,206,207,0.176103,-0.410168,0.248335
Thessaloniki,Katerini,207,208,0.119649,-0.40909,0.168596
Thessaloniki,Alexandroupoli,207,233,0.249514,-0.40897,0.351558
Thessaloniki,Serres,207,577,0.209433,-0.415373,0.296426
Klaipėda,Kaunas,209,210,1.87808,-0.536539,2.88575
Klaipėda,Palanga,209,704,1.0985,-0.537443,1.68889
Kaunas,Vilnius,210,211,2.08528,-0.536371,3.20376
Kaunas,Warsaw,210,316,4.0355,-0.533151,6.18704
Kaunas,Riga,210,547,2.74826,-0.536411,4.22246
Kaunas,Ukmergė,210,701,1.75294,-0.536508,2.69341
Vilnius,Lida,211,212,1.94605,-0.537236,2.99153
Vilnius,Minsk,211,318,3.96522,-0.535288,6.08775
Vilnius,Marijampolė,211,641,2.04218,-0.537378,3.13959
Vilnius,Ukmergė,211,701,2.04357,-0.537541,3.14207
Lida,Slonim,212,213,0.760942,-0.537083,1.16963
Slonim,Kobryn,213,214,0.393214,-0.53283,0.60273
Kobryn,Dubno,214,215,0.444518,-0.524223,0.677544
Dubno,Ternopil,215,216,0.961875,-0.520159,1.4622
Ternopil,Chernivtsi,216,217,1.08979,-0.517146,1.65337
Ternopil,Stryj,216,379,1.54789,-0.516436,2.34728
Ternopil,Khmelnytskyi,216,380,1.36022,-0.522533,2.07098
Chernivtsi,Siret,217,218,0.826854,-0.510349,1.24884
Siret,Suceava,218,219,1.40789,-0.504822,2.11862
Suceava,Roman,219,220,1.39313,-0.501893,2.09234
Suceava,Halmeu,219,578,2.15196,-0.50121,3.23055
Suceava,Iaşi,219,670,1.86778,-0.506212,2.81328
Roman,Urziceni,220,221,0.774292,-0.495758,1.15815
Urziceni,Bucharest,221,222,0.550251,-0.482932,0.815984
Urziceni,Slobozia,221,421,0.447362,-0.487945,0.66565
Bucharest,Giurgiu,222,223,0.290384,-0.465978,0.425697
Bucharest,Ploieşti,222,420,0.257881,-0.471304,0.379422
Bucharest,Constanţa,222,423,0.384065,-0.472312,0.565463
Bucharest,Alexandria,222,460,0.299432,-0.468451,0.439701
Bucharest,Piteşti,222,583,0.324731,-0.469623,0.477232
Giurgiu,Ruse,223,224,0.153459,-0.457754,0.223706
Ruse,Byala,224,225,0.0824309,-0.445279,0.119136
Ruse,Razgrad,224,461,0.0763811,-0.446567,0.11049
Byala,Veliko Tarnovo,225,226,0.0658957,-0.437712,0.0947391
Byala,Pleven,225,584,0.0645806,-0.437949,0.0928637
Veliko Tarnovo,Stara Zagora,226,227,0.0749257,-0.434349,0.10747
Veliko Tarnovo,Shumen,226,462,0.0710372,-0.441266,0.102384
Stara Zagora,Haskovo,227,228,0.0456068,-0.431125,0.0652691
Stara Zagora,Burgas,227,590,0.0649435,-0.440482,0.09355
Haskovo,Svilengrad,228,229,0.0220897,-0.422993,0.0314334
Svilengrad,Ormenio,229,230,0.01726,-0.410994,0.0243538
Ormenio,Kastanies,230,231,0.026618,-0.405231,0.0374044
Kastanies,Didymoteicho,231,232,0.0575488,-0.405856,0.0809053
Didymoteicho,Alexandroupoli,232,233,0.135193,-0.408133,0.190369
Alexandroupoli,Gelibolu,233,478,0.167674,-0.414254,0.237133
Saint Petersburg,Pskov,234,235,3.89635,-0.533369,5.97454
Saint Petersburg,Moscow,234,239,7.36426,-0.529257,11.2619
Saint Petersburg,Petrozavodsk,234,245,2.50848,-0.529698,3.83722
Saint Petersburg,Narva,234,304,2.94833,-0.532723,4.51897
Saint Petersburg,Vyborg,234,623,2.50857,-0.529685,3.83732
Pskov,Gomel,235,236,5.14198,-0.534778,7.8918
Pskov,Riga,235,547,3.69597,-0.535857,5.67648
Gomel,Kiev,236,237,7.18427,-0.531449,11.0023
Gomel,Babruysk,236,703,4.30001,-0.534773,6.59954
Kiev,Odessa,237,238,5.27404,-0.524906,8.04242
Kiev,Hlukhiv,237,242,6.39174,-0.528216,9.76796
Kiev,Kharkiv,237,247,6.25134,-0.526134,9.54038
Kiev,Rivne,237,348,4.61616,-0.5287,7.05673
Kiev,Zhytomyr,237,349,3.68062,-0.528186,5.62466
Odessa,Izmail,238,586,1.76668,-0.521079,2.68726
Odessa,Chişinău,238,672,2.09422,-0.520639,3.18456
Odessa,Mykolaiv,238,673,2.04979,-0.522691,3.12119
Moscow,Kaluga,239,240,5.22114,-0.527773,7.97672
Moscow,Orel,239,246,5.59915,-0.525792,8.54313
Moscow,Voronezh,239,248,5.97224,-0.517283,9.06157
Moscow,Tambov,239,256,5.09441,-0.524057,7.76417
Moscow,Smolensk,239,319,5.68358,-0.529881,8.6952
Moscow,Ryazan,239,320,4.43004,-0.517101,6.72081
Moscow,Velikiye Luki,239,628,5.0254,-0.527814,7.67788
Moscow,Vladimir,239,629,4.54056,-0.516182,6.88432
Kaluga,Bryansk,240,241,2.86134,-0.53005,4.37799
Bryansk,Hlukhiv,241,242,3.53484,-0.530308,5.40939
Hlukhiv,Kursk,242,645,3.77701,-0.529044,5.77521
Kirkenes,Murmansk,243,244,0.359792,-0.530438,0.550639
Murmansk,Petrozavodsk,244,245,0.937225,-0.530194,1.43414
Orel,Kharkiv,246,247,4.2228,-0.526185,6.44478
Kharkiv,Luhansk,247,350,3.39459,-0.526346,5.18132
Voronezh,Novorossiysk,248,249,3.82501,-0.519115,5.81062
Voronezh,Kursk,248,645,3.6737,-0.525623,5.60468
Voronezh,Saratov,248,646,3.1994,-0.509293,4.82883
Novorossiysk,Dzhankoy,249,601,1.53046,-0.519204,2.32508
Novorossiysk,Sochi,249,602,1.48615,-0.519099,2.25762
Mineralnye Vody,Nalchik,250,251,0.204978,-0.499834,0.307433
Mineralnye Vody,Makhachkala,250,260,0.460669,-0.500296,0.69114
Mineralnye Vody,Armavir,250,387,0.241167,-0.502072,0.362251
Nalchik,Vladikavkaz,251,252,0.0786481,-0.498245,0.117834
Vladikavkaz,Stepantsminda,252,253,0.0306906,-0.495275,0.0458909
Stepantsminda,Mtskheta,253,254,0.0131336,-0.488501,0.0195494
Mtskheta,Tbilisi,254,255,0.00840819,-0.477469,0.0124228
Tbilisi,Gori,255,428,0.00549268,-0.472197,0.00808632
Tbilisi,Rustavi,255,429,0.00787131,-0.477855,0.0116327
Tambov,Povorino,256,257,2.30327,-0.52424,3.51074
Povorino,Volgograd,257,258,1.92707,-0.521056,2.93118
Volgograd,Astrakhan,258,259,2.12674,-0.510429,3.2123
Volgograd,Luhansk,258,350,2.24835,-0.522578,3.42329
Astrakhan,Makhachkala,259,260,1.41605,-0.500921,2.12538
Astrakhan,Atyrau,259,265,1.91867,-0.489582,2.85801
Makhachkala,Kuba,260,261,0.454019,-0.500474,0.681243
Kuba,Baku,261,262,0.173504,-0.500146,0.260281
Baku,Yevlakh,262,431,0.0665439,-0.499234,0.0997649
Samara,Oral,263,264,1.69618,-0.46781,2.48966
Samara,Penza,263,321,1.48198,-0.488501,2.20593
Samara,Ufa,263,322,1.24557,-0.463244,1.82257
Oral,Atyrau,264,265,1.8416,-0.460474,2.68961
Oral,Saratov,264,646,2.25172,-0.489905,3.35485
Oral,Aktobe,264,647,1.2311,-0.464802,1.80331
Atyrau,Beineu,265,266,0.834465,-0.472986,1.22916
Atyrau,Beyneu,265,351,0.834465,-0.472986,1.22916
Beineu,Shetpe,266,267,0.326717,-0.47305,0.48127
Shetpe,Zhetybai,267,268,0.128076,-0.473243,0.188687
Zhetybai,Fetisovo,268,269,0.0506564,-0.472511,0.0745921
Fetisovo,Bekdash,269,270,0.0211085,-0.465656,0.0309378
Bekdash,Türkmenbaşy,270,271,0.0112192,-0.442815,0.0161872
Türkmenbaşy,Gyzylarbat,271,272,0.0112659,-0.409673,0.0158813
Gyzylarbat,Ashgabat,272,432,0.0205433,-0.399164,0.0287435
Chelyabinsk,Kostanay,273,274,0.259888,-0.466418,0.381104
Chelyabinsk,Ufa,273,322,0.554444,-0.46573,0.812665
Chelyabinsk,Kurgan,273,323,0.288555,-0.463996,0.422443
Kostanay,Esil,274,275,0.11358,-0.46271,0.166135
Esil,Derzhavinsk,275,276,0.0723822,-0.445039,0.104595
Derzhavinsk,Arkalyk,276,277,0.0956098,-0.425506,0.136292
Arkalyk,Jezkazgan,277,278,0.200203,-0.418854,0.284058
Jezkazgan,Kyzylorda,278,279,0.312289,-0.416813,0.442455
Jezkazgan,Karaganda,278,286,0.29637,-0.41811,0.420286
Kyzylorda,Shymkent,279,280,0.294985,-0.411321,0.416318
Kyzylorda,Novokazalinsk,279,650,0.223519,-0.420579,0.317526
Shymkent,Tashkent,280,281,0.231551,-0.401422,0.324501
Shymkent,Zhambyl,280,359,0.186612,-0.403183,0.26185
Tashkent,Ayni,281,282,0.0839509,-0.393805,0.117011
Tashkent,Jizzakh,281,358,0.108336,-0.393081,0.15092
Tashkent,Kokand,281,689,0.0878533,-0.397511,0.122776
Ayni,Dushanbe,282,283,0.0655847,-0.388858,0.0910879
Ayni,Kokand,282,689,0.0325924,-0.391393,0.0453488
Dushanbe,Termez,283,440,0.0360419,-0.384154,0.0498876
Dushanbe,Jirgatal,283,441,0.0367151,-0.384981,0.0508497
Dushanbe,Kulob,283,692,0.0268956,-0.384794,0.0372449
Ishim,Astana,284,285,0.13643,-0.435457,0.195839
Ishim,Omsk,284,291,0.13643,-0.435457,0.195839
Ishim,Kurgan,284,323,0.205813,-0.453865,0.299225
Ishim,Tyumen,284,635,0.141117,-0.448016,0.204339
Astana,Karaganda,285,286,0.149579,-0.423261,0.21289
Karaganda,Balkhash,286,287,0.174886,-0.41288,0.247094
Karaganda,Pavlodar,286,292,0.179404,-0.422847,0.255264
Balkhash,Burubaytal,287,288,0.105113,-0.407881,0.147987
Burubaytal,Almaty,288,289,0.121087,-0.401735,0.169731
Almaty,Bishkek,289,290,0.18514,-0.398513,0.258921
Almaty,Sary-Ozek,289,360,0.0892454,-0.398926,0.124848
Almaty,Kokpek,289,695,0.0732277,-0.39905,0.102449
Bishkek,Zhambyl,290,359,0.165897,-0.399303,0.23214
Bishkek,Osh,290,691,0.16677,-0.396757,0.232938
Omsk,Pavlodar,291,292,0.107444,-0.427961,0.153426
Pavlodar,Semey,292,293,0.0911416,-0.42369,0.129757
Semey,Georgiyevka,293,294,0.0379025,-0.422464,0.0539149
Georgiyevka,Ayagoz,294,364,0.0166881,-0.419868,0.023695
Narvik,Kiruna,295,296,0.00484356,-0.344098,0.00651023
Narvik,Setermoen,295,498,0.00258259,-0.369863,0.0035378
Kiruna,Töre,296,297,0.0104379,-0.33945,0.013981
Töre,Luleå,297,298,0.0231184,-0.339174,0.0309596
Luleå,Umeå,298,612,0.0399209,-0.340428,0.0535111
Luleå,Haparanda,298,613,0.0257418,-0.338689,0.0344602
Helsingborg,Halmstad,299,300,0.0321109,-0.345749,0.0432133
Helsingborg,Jönköping,299,605,0.0198051,-0.34524,0.0266426
Örebro,Stockholm,301,302,0.061843,-0.345496,0.0832095
Örebro,Karlstad,301,620,0.0368955,-0.345876,0.0496567
Stockholm,Södertälje,302,608,0.0457266,-0.345337,0.0615177
Stockholm,Uppsala,302,609,0.054137,-0.345158,0.0728228
Tallinn,Narva,303,304,1.74884,-0.534867,2.68423
Tallinn,Riga,303,547,2.42014,-0.535816,3.71689
Colchester,Ipswich,305,306,6.60129e-05,-0.479334,6.60129e-05
Ipswich,Cambridge,306,636,6.60129e-05,-0.479334,6.60129e-05
The Hague,Gouda,307,308,0.370658,-0.521428,0.56393
Amersfoort,Oldenzaal,309,310,0.630099,-0.522332,0.95922
Amersfoort,Hoogeveen,309,698,0.588118,-0.522351,0.895321
Oldenzaal,Osnabrück,310,311,0.543582,-0.52323,0.828
Osnabrück,Bad Oeynhausen,311,312,1.0259,-0.523791,1.56326
Bad Oeynhausen,Dortmund,312,508,1.76568,-0.524473,2.69174
Braunschweig,Magdeburg,313,314,1.36581,-0.520479,2.07669
Magdeburg,Halle,314,518,1.44893,-0.519684,2.20192
Poznań,Warsaw,315,316,2.70852,-0.527002,4.13591
Poznań,Wrocław,315,339,1.58846,-0.52348,2.41999
Warsaw,Elbląg,316,564,2.16786,-0.528677,3.31396
Warsaw,Radom,316,565,2.56997,-0.52743,3.92544
Warsaw,Lublin,316,713,3.0553,-0.528418,4.66977
Brest,Rennes,317,365,0.32579,-0.512081,0.492621
Brest,Lorient,317,388,0.178252,-0.511494,0.269427
Minsk,Smolensk,318,319,4.1988,-0.53351,6.4389
Minsk,Babruysk,318,703,3.79601,-0.535495,5.82875
Ryazan,Penza,320,321,1.95671,-0.510704,2.95601
Ufa,Yelabuga,322,632,0.599852,-0.469195,0.8813
Bruges,Ghent,324,325,1.59483,-0.51892,2.42242
Bruges,Zeebrugge,324,642,1.80584,-0.519216,2.74345
Ghent,Brussels,325,326,2.16719,-0.519981,3.29409
Brussels,Leuven,326,327,2.7741,-0.521803,4.22163
Leuven,Hasselt,327,708,1.82148,-0.524166,2.77623
Eupen,Aachen,328,329,2.20282,-0.52614,3.36181
Eupen,St. Vith,328,653,1.13193,-0.525568,1.72684
Aachen,Heerlen,329,709,1.73473,-0.52645,2.64798
Olpe,Wetzlar,330,331,2.06839,-0.525773,3.15589
Wetzlar,Gießen,331,332,2.06782,-0.526275,3.15607
Wetzlar,Dortmund,331,508,2.88278,-0.525573,4.39789
Wetzlar,Aschaffenburg,331,509,2.22033,-0.525808,3.3878
Wetzlar,Koblenz,331,660,2.17069,-0.526104,3.3127
Gießen,Bad Hersfeld,332,333,1.28499,-0.526623,1.96169
Bad Hersfeld,Eisenach,333,334,0.599821,-0.525373,0.914951
Eisenach,Erfurt,334,335,0.544913,-0.521618,0.82915
Erfurt,Gera,335,336,1.05848,-0.51945,1.60831
Gera,Chemnitz,336,337,1.57759,-0.518952,2.39629
Gera,Leipzig,336,526,1.58924,-0.518977,2.41402
Gera,Hirschberg,336,527,1.11809,-0.519208,1.69861
Chemnitz,Plauen,337,519,1.48726,-0.518907,2.25901
Wrocław,Opole,339,340,1.31837,-0.52155,2.00597
Wrocław,Kłodzko,339,548,1.3382,-0.521431,2.03599
Opole,Gliwice,340,341,0.628665,-0.521156,0.956297
Gliwice,Zabrze,341,342,0.594223,-0.520928,0.903771
Kraków,Rzeszów,343,344,0.851879,-0.521934,1.2965
Kraków,Radom,343,565,1.03685,-0.524967,1.58116
Kraków,Trstená,343,566,1.06984,-0.520008,1.62616
Rzeszów,Jarosław,344,345,0.81628,-0.524094,1.24409
Rzeszów,Radom,344,565,0.895245,-0.526276,1.36639
Rzeszów,Barwinek,344,710,0.640288,-0.523581,0.975531
Jarosław,Korczowa,345,346,0.886328,-0.523609,1.35042
Korczowa,Lviv,346,347,1.88456,-0.522786,2.86977
Lviv,Rivne,347,348,2.54152,-0.525575,3.87728
Lviv,Mukachevo,347,378,3.38447,-0.517578,5.13619
Lviv,Lublin,347,713,1.8959,-0.524577,2.89045
Rivne,Zhytomyr,348,349,1.58935,-0.528527,2.42937
Rivne,Kovel,348,714,1.56937,-0.528399,2.39862
Zhytomyr,Vinnytsia,349,381,2.65355,-0.528632,4.0563
Beyneu,Qo‘ng‘irot,351,352,0.330706,-0.472175,0.486857
Qo‘ng‘irot,Nukus,352,353,0.139248,-0.467825,0.204392
Nukus,Daşoguz,353,354,0.0780776,-0.451376,0.11332
Daşoguz,Bukhara,354,355,0.0342695,-0.410132,0.0483245
Daşoguz,Ashgabat,354,432,0.0387363,-0.408601,0.054564
Daşoguz,Uchkuduk,354,688,0.0237007,-0.426622,0.033812
Bukhara,Navoiy,355,356,0.0333569,-0.388238,0.0463074
Bukhara,Alat,355,436,0.0268095,-0.384276,0.0371117
Bukhara,Karshi,355,437,0.0272795,-0.384358,0.0377645
Bukhara,Uchkuduk,355,688,0.0184341,-0.391785,0.0256563
Navoiy,Samarkand,356,357,0.0298836,-0.388576,0.0414956
Samarkand,Jizzakh,357,358,0.0496343,-0.392375,0.0691096
Sary-Ozek,Taldykorgan,360,361,0.0427458,-0.398272,0.0597702
Sary-Ozek,Koktal,360,697,0.0403462,-0.398206,0.0564123
Taldykorgan,Ucharal,361,362,0.0188974,-0.398686,0.0264315
Ucharal,Taskesken,362,363,0.0101173,-0.40279,0.0141924
Taskesken,Ayagoz,363,364,0.00948745,-0.412678,0.0134027
Rennes,Le Mans,365,366,0.806991,-0.512402,1.22049
Le Mans,Angers,366,391,0.65805,-0.512485,0.99529
Le Mans,Tours,366,392,0.769993,-0.510698,1.16323
Le Mans,Rouen,366,662,1.25247,-0.515407,1.898
Reims,Charleroi,367,651,1.72456,-0.520439,2.62209
Reims,Charleville-Mézières,367,658,1.57777,-0.520102,2.39837
Reims,Rouen,367,662,1.79633,-0.518044,2.72691
Saarbrücken,Mannheim,368,369,3.02428,-0.525526,4.61362
Saarbrücken,Trier,368,659,1.56601,-0.524367,2.38717
Mannheim,Heilbronn,369,370,2.83177,-0.525279,4.31923
Rozvadov,Plzeň,371,372,2.30515,-0.519569,3.50284
Plzeň,Karlovy Vary,372,523,1.60106,-0.518932,2.4319
Plzeň,České Budějovice,372,524,1.85553,-0.517528,2.81581
Plzeň,Bayerisch Eisenstein,372,530,1.89794,-0.51848,2.88198
Trenčín,Prešov,373,374,1.22683,-0.513825,1.85721
Prešov,Košice,374,375,1.90315,-0.512811,2.87911
Prešov,Svidník,374,712,0.930756,-0.514316,1.40946
Košice,Vyšné Nemecké,375,376,0.961699,-0.512,1.45409
Košice,Uzhhorod,375,377,1.86362,-0.513453,2.82051
Košice,Miskolc,375,552,1.7239,-0.508314,2.60018
Košice,Zvolen,375,568,1.80966,-0.510089,2.73275
Vyšné Nemecké,Uzhhorod,376,377,0.901924,-0.515002,1.36642
Uzhhorod,Mukachevo,377,378,2.99328,-0.51587,4.53743
Uzhhorod,Chop,377,723,1.51068,-0.513365,2.28622
Mukachevo,Stryj,378,379,2.21468,-0.512878,3.35053
Mukachevo,Halmeu,378,578,2.69656,-0.507558,4.06522
Khmelnytskyi,Vinnytsia,380,381,1.66206,-0.526716,2.5375
Vinnytsia,Uman,381,382,1.61804,-0.52703,2.47079
Vinnytsia,Mohyliv-Podilskyi,381,728,1.49591,-0.526824,2.28399
Uman,Kirovohrad,382,383,1.2268,-0.523725,1.86931
Kirovohrad,Dnipropetrovsk,383,384,0.855621,-0.521092,1.30148
Kirovohrad,Chişinău,383,672,1.71186,-0.519893,2.60184
Dnipropetrovsk,Donetsk,384,385,0.358644,-0.519661,0.545017
Donetsk,Rostov-on-Don,385,386,0.234413,-0.515829,0.35533
Rostov-on-Don,Armavir,386,387,0.200347,-0.508728,0.30227
Rostov-on-Don,Taganrog,386,675,0.210471,-0.515939,0.319061
Lorient,Vannes,388,389,0.213064,-0.511031,0.321947
Vannes,Nantes,389,390,0.465641,-0.51106,0.703612
Nantes,Angers,390,391,0.649504,-0.510696,0.981203
Nantes,Poitiers,390,676,0.908916,-0.511626,1.37394
Angers,Tours,391,392,0.510595,-0.506147,0.769031
Tours,Vierzon,392,503,0.669611,-0.504391,1.00736
Montargis,Auxerre,393,394,1.2089,-0.509811,1.82521
Auxerre,Beaune,394,395,2.25966,-0.512039,3.4167
Beaune,Dole,395,396,2.28344,-0.515264,3.46001
Beaune,Antwerp,395,505,3.89954,-0.516449,5.91346
Dole,Besançon,396,397,1.20489,-0.517505,1.82843
Besançon,Belfort,397,398,1.37342,-0.520588,2.0884
Zürich,Winterthur,399,400,1.35249,-0.519214,2.05472
Winterthur,St. Gallen,400,401,0.963726,-0.518933,1.46383
Winterthur,Schaffhausen,400,511,1.30905,-0.521703,1.99199
St. Gallen,St. Margrethen,401,402,0.88547,-0.516215,1.34256
St. Margrethen,Bregenz,402,403,1.45926,-0.514673,2.2103
St. Margrethen,Buchs,402,514,0.680109,-0.514842,1.03026
Bregenz,Feldkirch,403,748,1.40394,-0.513833,2.12533
Bregenz,Lindau,403,513,2.20212,-0.51521,3.33667
Feldkirch,Landeck,748,404,0.641374,-0.511877,0.969679
Feldkirch,Imst,748,406,0.669314,-0.511781,1.01186
Landeck,Telfs,404,405,0.448618,-0.510629,0.677695
Sattledt,Liezen,408,532,0.945179,-0.511744,1.42887
Sattledt,Wels,408,669,1.00049,-0.514241,1.51498
Sankt Pölten,Vienna,409,410,1.97508,-0.510562,2.98348
Vienna,Nickelsdorf,410,411,2.16691,-0.508803,3.26943
Vienna,Halámky,410,525,2.08468,-0.51089,3.14972
Vienna,Graz,410,534,2.67139,-0.507276,4.02651
Nickelsdorf,Mosonmagyaróvár,411,412,1.50519,-0.505655,2.26629
Szolnok,Püspökladány,413,414,1.69566,-0.491887,2.52973
Püspökladány,Oradea,414,415,2.13491,-0.49077,3.18266
Püspökladány,Nyíregyháza,414,722,1.31331,-0.495896,1.96458
Oradea,Cluj-Napoca,415,416,1.0258,-0.483641,1.52191
Oradea,Berettyóújfalu,415,570,1.46762,-0.49048,2.18746
Oradea,Beiuş,415,571,0.968349,-0.485342,1.43833
Oradea,Satu Mare,415,579,1.56544,-0.489839,2.33226
Oradea,Arad,415,684,1.64607,-0.48239,2.44011
Cluj-Napoca,Turda,416,417,0.644943,-0.484287,0.957281
Cluj-Napoca,Zalău,416,580,0.621342,-0.48787,0.924477
Turda,Târgu Mureş,417,418,0.284969,-0.480369,0.421859
Turda,Sebeş,417,581,0.294791,-0.480032,0.4363
Târgu Mureş,Braşov,418,419,0.203252,-0.475569,0.299913
Braşov,Ploieşti,419,420,0.174344,-0.471399,0.25653
Braşov,Sibiu,419,582,0.240255,-0.474768,0.35432
Braşov,Piteşti,419,583,0.145829,-0.467739,0.214039
Slobozia,Hârşova,421,422,0.309809,-0.487701,0.460903
Slobozia,Galaţi,421,588,0.521371,-0.496405,0.780182
Hârşova,Constanţa,422,423,0.317222,-0.483927,0.470734
Constanţa,Varna,423,463,0.270035,-0.466114,0.395902
Constanţa,Tulcea,423,589,0.317222,-0.483927,0.470734
Senaki,Samtredia,424,425,0.0294087,-0.523137,0.0447935
Senaki,Zugdidi,424,604,0.0783284,-0.522239,0.119235
Samtredia,Kutaisi,425,426,0.0112587,-0.522592,0.0171423
Kutaisi,Khashuri,426,427,0.00487595,-0.512258,0.0073737
Khashuri,Gori,427,428,0.00348874,-0.486015,0.00518432
Rustavi,Ganja,429,430,0.0113743,-0.490079,0.0169486
Ganja,Yevlakh,430,431,0.0260259,-0.496937,0.0389591
Ashgabat,Tejen,432,433,0.0203236,-0.394698,0.0283453
Tejen,Mary,433,434,0.0103964,-0.383339,0.0143817
Mary,Türkmenabat,434,435,0.00843982,-0.374328,0.0115991
Türkmenabat,Alat,435,436,0.0128018,-0.376735,0.0176247
Karshi,Guzar,437,438,0.0140134,-0.377452,0.0193028
Guzar,Sherobod,438,439,0.0113261,-0.37602,0.0155849
Sherobod,Termez,439,440,0.0171565,-0.380469,0.023684
Jirgatal,Sary Tash,441,442,0.0335698,-0.387039,0.0465626
Jirgatal,Khorugh,441,694,0.0204964,-0.383881,0.0283646
Sary Tash,Irkeshtam,442,443,0.0437944,-0.39142,0.0609363
Irkeshtam,Osh,443,691,0.0883028,-0.394124,0.123105
A Coruña,Bilbao,444,445,0.0927878,-0.472752,0.136653
A Coruña,Pontevedra,444,481,0.0399154,-0.464841,0.0584698
Clermont-Ferrand,Montluçon,446,504,0.780097,-0.50017,1.17028
Chambéry,Susa,447,448,0.840773,-0.502755,1.26347
Chambéry,Marseille,447,736,0.63842,-0.503813,0.960064
Susa,Turin,448,449,0.538547,-0.493685,0.80442
Tortona,Brescia,450,451,0.207658,-0.45828,0.302824
Trieste,Postojna,452,453,0.274522,-0.481501,0.406704
Trieste,Ljubljana,452,454,0.538906,-0.487265,0.801496
Postojna,Ljubljana,453,454,0.377927,-0.491244,0.563581
Ljubljana,Maribor,454,535,0.663249,-0.496074,0.992269
Ljubljana,Naklo,454,538,0.964014,-0.495947,1.44211
Vršac,Timişoara,456,457,0.674311,-0.467757,0.989724
Timişoara,Drobeta-Turnu Severin,457,458,0.755729,-0.466865,1.10855
Timişoara,Arad,457,684,1.23374,-0.474039,1.81858
Drobeta-Turnu Severin,Craiova,458,459,0.726051,-0.462205,1.06164
Craiova,Alexandria,459,460,0.303284,-0.463742,0.443929
Craiova,Târgu Jiu,459,574,0.425503,-0.463077,0.622544
Craiova,Piteşti,459,583,0.395023,-0.46362,0.578164
Razgrad,Shumen,461,462,0.0683298,-0.443486,0.0986332
Shumen,Varna,462,463,0.109836,-0.451352,0.159411
Varna,Burgas,463,590,0.107981,-0.451383,0.156723
Lisbon,Valladolid,464,465,0.069283,-0.451343,0.100553
Lisbon,Porto,464,483,0.0625817,-0.441541,0.0902141
Lisbon,Albufeira,464,484,0.0612428,-0.438807,0.0881166
Toulouse,Nice,466,467,0.753844,-0.484077,1.11876
Nice,Cuneo,467,685,0.311079,-0.476054,0.45917
Sofia,Plovdiv,468,469,0.289133,-0.44223,0.416997
Sofia,Botevgrad,468,575,0.290321,-0.442129,0.418681
Sofia,Blagoevgrad,468,576,0.313139,-0.439276,0.450694
Sofia,Kyustendil,468,745,0.220942,-0.444777,0.319213
Plovdiv,Istanbul,469,470,0.120242,-0.441761,0.173361
Istanbul,İzmit,470,471,0.0575881,-0.439756,0.0829127
İzmit,Gerede,471,472,0.019754,-0.436208,0.0283708
İzmit,Bursa,471,479,0.0198266,-0.434671,0.0284446
Gerede,Kızılcahamam,472,599,0.00924089,-0.433113,0.0132432
Mazara del Vallo,Palermo,473,474,6.60129e-05,-0.479334,6.60129e-05
Metaponto,Taranto,475,476,0.00780203,-0.432512,0.0111765
Metaponto,Potenza,475,743,0.0041964,-0.430482,0.00600288
Ioannina,Trikala,477,687,0.0258882,-0.403523,0.0363347
Gelibolu,Keşan,478,596,0.0802694,-0.408619,0.113069
Gelibolu,Ayvalık,478,597,0.0802745,-0.408637,0.113078
Bursa,Ankara,479,480,0.010008,-0.429381,0.0143052
Bursa,Balıkesir,479,746,0.0117724,-0.423472,0.0167576
Ankara,Kızılcahamam,480,599,0.00673251,-0.429546,0.00962443
Pontevedra,Valença,481,482,0.0241517,-0.450011,0.0350202
Valença,Porto,482,483,0.030125,-0.43956,0.0433667
Albufeira,Castro Marim,484,485,0.0317149,-0.431417,0.0453973
Castro Marim,Huelva,485,486,0.0295518,-0.43027,0.042267
Cherbourg-Octeville,La Rochelle,487,488,0.173663,-0.512141,0.262602
Cherbourg-Octeville,Caen,487,661,0.380951,-0.516328,0.577647
La Rochelle,Saintes,488,730,0.144253,-0.501814,0.216642
Oslo,Hamar,489,490,0.0282949,-0.346527,0.0380999
Oslo,Askim,489,619,0.0294955,-0.346217,0.0397074
Hamar,Lillehammer,490,491,0.0178878,-0.346735,0.0240901
Lillehammer,Dombås,491,492,0.0198852,-0.346543,0.0267763
Dombås,Trondheim,492,493,0.0356649,-0.346097,0.0480084
Trondheim,Stjørdal,493,494,0.0349058,-0.345934,0.0469809
Stjørdal,Steinkjer,494,495,0.0175771,-0.345676,0.023653
Steinkjer,Mosjøen,495,496,0.0124003,-0.344175,0.0166682
Mosjøen,Mo i Rana,496,497,0.0157593,-0.342272,0.0211533
Mo i Rana,Umeå,497,612,0.0299063,-0.341515,0.0401197
Setermoen,Alta,498,499,0.00223203,-0.44023,0.00321464
Alta,Olderfjord,499,500,0.00384669,-0.500224,0.00577089
Olderfjord,Lakselv,500,501,0.00930976,-0.519987,0.0141507
Lakselv,Karasjok,501,502,0.0244547,-0.525449,0.0373044
Vierzon,Montluçon,503,504,0.482791,-0.501381,0.724854
Antwerp,Zeebrugge,505,642,2.63854,-0.51925,4.00861
Martigny,Sion,506,678,0.622711,-0.509291,0.939852
Bremen,Groningen,507,624,2.22377,-0.523539,3.388
Stuttgart,Schaffhausen,510,511,2.00349,-0.523463,3.05224
Stuttgart,Ulm,510,512,1.76717,-0.521852,2.68938
Ulm,Lindau,512,513,1.52275,-0.519296,2.31351
Lindau,Waldshut,513,666,2.0869,-0.518589,3.16915
Buchs,Chur,514,515,0.27066,-0.51436,0.409876
Chur,San Bernardino,515,516,0.139644,-0.51385,0.2114
Halle,Plauen,518,519,1.3812,-0.519305,2.09847
Plauen,Schönberg,519,520,1.12848,-0.51926,1.71446
Plauen,Hof,519,528,1.49906,-0.519594,2.27797
Schönberg,Vojtanov,520,521,0.680919,-0.519545,1.03469
Vojtanov,Cheb,521,522,0.94089,-0.519846,1.43001
Cheb,Karlovy Vary,522,523,1.55387,-0.51928,2.36077
Cheb,Marktredwitz,522,663,1.24433,-0.520331,1.89179
Karlovy Vary,Teplice,523,715,0.957742,-0.518504,1.45433
České Budějovice,Halámky,524,525,1.30099,-0.514305,1.9701
Hirschberg,Hof,527,528,1.16041,-0.519656,1.76343
Hof,Bayreuth,528,529,1.89024,-0.52055,2.8742
Bayreuth,Marktredwitz,529,663,1.70563,-0.520783,2.5939
Bayerisch Eisenstein,Deggendorf,530,531,1.42485,-0.518246,2.16327
Liezen,Sankt Michael,532,533,0.766677,-0.508276,1.15636
Sankt Michael,Graz,533,534,1.36754,-0.505711,2.05912
Graz,Maribor,534,535,1.15281,-0.502201,1.73175
Graz,Spielfeld,534,536,0.880442,-0.504848,1.32493
Graz,Klagenfurt,534,683,1.62297,-0.502536,2.43857
Maribor,Spielfeld,535,536,0.386358,-0.497516,0.578578
Karavanke Tunnel,Naklo,537,538,0.840801,-0.501771,1.26269
Naklo,Loiblpass,538,734,0.79987,-0.500349,1.20008
Kemijärvi,Posio,539,540,0.00476965,-0.346934,0.0064244
Posio,Kuusamo,540,541,0.00300967,-0.342806,0.00404141
Kuusamo,Kajaani,541,542,0.00331317,-0.349135,0.00446991
Kajaani,Iisalmi,542,543,0.00593015,-0.358562,0.00805647
Iisalmi,Kuopio,543,544,0.0127998,-0.366373,0.0174893
Tampere,Turku,545,546,0.0183451,-0.401172,0.0257046
Tampere,Vaasa,545,616,0.0213888,-0.390036,0.0297312
Tampere,Hämeenlinna,545,618,0.0429554,-0.438088,0.0617736
Turku,Pori,546,617,0.0108519,-0.3865,0.0150462
Riga,Šiauliai,547,561,2.51012,-0.537419,3.85911
Riga,Rēzekne,547,627,2.64806,-0.536416,4.06852
Kłodzko,Kudowa-Zdrój,548,549,0.608017,-0.520413,0.924437
Kudowa-Zdrój,Náchod,549,550,0.51067,-0.518311,0.775355
Náchod,Hradec Králové,550,551,0.942694,-0.516934,1.43
Hradec Králové,Olomouc,551,716,1.29669,-0.515738,1.96544
Miskolc,Debrecen,552,569,1.37567,-0.502646,2.06714
Szekszárd,Mohács,555,556,0.798249,-0.497289,1.19521
Mohács,Osijek,556,557,0.491697,-0.49675,0.735948
Osijek,Đakovo,557,558,0.290268,-0.494584,0.43383
Osijek,Sombor,557,735,0.474353,-0.492645,0.708041
Đakovo,Šamac,558,559,0.12687,-0.488953,0.188903
Šamac,Zenica,559,560,0.0875388,-0.470814,0.128753
Zenica,Sarajevo,560,737,0.130637,-0.455335,0.19012
Šiauliai,Tolpaki,561,562,1.9467,-0.537556,2.99317
Šiauliai,Palanga,561,704,1.49969,-0.537505,2.30578
Šiauliai,Panevėžys,561,705,1.55156,-0.537603,2.38568
Tolpaki,Kaliningrad,562,563,1.22515,-0.534744,1.88029
Tolpaki,Nesterov,562,640,1.14994,-0.537345,1.76786
Trstená,Ružomberok,566,567,0.869173,-0.514423,1.3163
Ružomberok,Zvolen,567,568,1.56276,-0.510106,2.35993
Debrecen,Berettyóújfalu,569,570,0.949651,-0.497019,1.42165
Beiuş,Deva,571,572,0.640484,-0.4798,0.947789
Deva,Petroşani,572,573,0.513562,-0.470553,0.75522
Deva,Sibiu,572,582,0.663178,-0.471405,0.975803
Deva,Arad,572,684,0.918893,-0.474304,1.35473
Petroşani,Târgu Jiu,573,574,0.320157,-0.466568,0.469532
Botevgrad,Jablanica,575,585,0.123372,-0.441317,0.177819
Blagoevgrad,Serres,576,577,0.182835,-0.429082,0.261286
Halmeu,Satu Mare,578,579,1.97134,-0.494465,2.9461
Satu Mare,Zalău,579,580,0.832867,-0.490531,1.24141
Sebeş,Sibiu,581,582,0.299718,-0.473891,0.441752
Sibiu,Piteşti,582,583,0.320818,-0.467865,0.470918
Pleven,Jablanica,584,585,0.065316,-0.438797,0.0939765
Izmail,Reni,586,587,0.797918,-0.517537,1.21087
Reni,Galaţi,587,588,0.655058,-0.508957,0.988454
Galaţi,Tulcea,588,589,0.397657,-0.498278,0.595801
Galaţi,Giurgiuleşti,588,729,0.783894,-0.509988,1.18367
Burgas,Malko Tarnovo,590,591,0.0541695,-0.441553,0.0780881
Malko Tarnovo,Dereköy,591,592,0.0228364,-0.435003,0.0327703
Dereköy,Kırklareli,592,593,0.0113711,-0.423925,0.0161916
Kırklareli,Babaeski,593,594,0.00954687,-0.409348,0.0134549
Babaeski,Havsa,594,595,0.0155386,-0.403908,0.0218148
Havsa,Keşan,595,596,0.0340827,-0.405524,0.047904
Ayvalık,İzmir,597,598,0.0341014,-0.405644,0.0479345
İzmir,Manisa,598,747,0.0155945,-0.404433,0.0219014
Kherson,Dzhankoy,600,601,1.0067,-0.521123,1.53132
Kherson,Mykolaiv,600,673,1.15956,-0.52257,1.76551
Kherson,Melitopol,600,674,0.635358,-0.522041,0.967041
Sochi,Sukhumi,602,603,0.55764,-0.51999,0.847607
Sukhumi,Zugdidi,603,604,0.20906,-0.521017,0.317984
Jönköping,Linköping,605,606,0.0146532,-0.345004,0.0197087
Linköping,Norrköping,606,607,0.0196122,-0.345038,0.0263792
Norrköping,Södertälje,607,608,0.0304732,-0.345208,0.0409927
Norrköping,Kalmar,607,626,0.0195395,-0.345032,0.0262813
Uppsala,Sundsvall,609,610,0.0558869,-0.344623,0.0751468
Sundsvall,Örnsköldsvik,610,611,0.0518483,-0.343815,0.0696745
Örnsköldsvik,Umeå,611,612,0.0418461,-0.342401,0.0561742
Haparanda,Tornio,613,614,0.0183136,-0.338569,0.024514
Kokkola,Vaasa,615,616,0.0189398,-0.368761,0.025924
Vaasa,Pori,616,617,0.0117473,-0.3786,0.0161948
Askim,Karlstad,619,620,0.0246602,-0.346118,0.0331955
Kotka,Vaalimaa,621,622,0.36187,-0.527577,0.552784
Vaalimaa,Vyborg,622,623,0.938189,-0.529776,1.43522
Groningen,Hoogeveen,624,698,0.808328,-0.523029,1.23111
Sassnitz,Stralsund,625,699,0.437339,-0.519009,0.664322
Rēzekne,Velikiye Luki,627,628,2.92313,-0.532104,4.47853
Rēzekne,Daugavpils,627,702,1.78787,-0.536061,2.74628
Vladimir,Nizhny Novgorod,629,630,1.74309,-0.516617,2.6436
Nizhny Novgorod,Kazan,630,631,0.746639,-0.512914,1.1296
Kazan,Yelabuga,631,632,0.516111,-0.496279,0.772247
Yelabuga,Perm,632,633,0.338873,-0.482681,0.502441
Perm,Yekaterinburg,633,634,0.147948,-0.479087,0.218828
Yekaterinburg,Tyumen,634,635,0.0987835,-0.463124,0.144533
Koszalin,Słupsk,637,638,0.25409,-0.523051,0.386992
Słupsk,Gdynia,638,639,0.419383,-0.526251,0.640083
Nesterov,Marijampolė,640,641,1.03784,-0.537866,1.59606
Aktobe,Karabutak,647,648,0.497403,-0.462913,0.727657
Karabutak,Aral,648,649,0.224219,-0.456387,0.32655
Aral,Novokazalinsk,649,650,0.155697,-0.437853,0.223869
Charleroi,Namur,651,652,1.22857,-0.521924,1.86979
St. Vith,Wittlich,653,654,1.20255,-0.525293,1.83425
Wittlich,Bingen,654,655,0.754779,-0.526733,1.15234
Bingen,Wiesbaden,655,656,1.10214,-0.527273,1.68326
Amiens,Charleville-Mézières,657,658,1.4212,-0.519025,2.15884
Trier,Koblenz,659,660,1.62726,-0.525538,2.48244
Caen,Rouen,661,662,0.981632,-0.516982,1.48912
Regensburg,Passau,667,668,1.20765,-0.519958,1.83558
Passau,Wels,668,669,1.21367,-0.516901,1.84101
Wels,Braunau am Inn,669,721,1.41226,-0.514972,2.13953
Iaşi,Sculeni,670,671,1.29087,-0.512009,1.9518
Iaşi,Bălţi,670,727,1.09951,-0.512254,1.66273
Sculeni,Chişinău,671,672,1.49512,-0.516816,2.26782
Chişinău,Giurgiuleşti,672,729,1.18835,-0.516918,1.80263
Melitopol,Taganrog,674,675,0.278125,-0.520592,0.422915
Poitiers,Mâcon,676,677,1.70148,-0.512096,2.5728
Sion,Simplon,678,679,0.272832,-0.502391,0.4099
Simplon,Gravellona Toce,679,680,0.197088,-0.483452,0.292371
Innichen,Spittal an der Drau,681,682,0.605777,-0.504786,0.911564
Klagenfurt,Loiblpass,683,734,0.930335,-0.502709,1.39802
Cuneo,Asti,685,686,0.182642,-0.472127,0.268872
Kokand,Andijan,689,690,0.0704617,-0.394279,0.0982433
Andijan,Osh,690,691,0.0927022,-0.393392,0.129171
Kulob,Kalaikhumb,692,693,0.014276,-0.382601,0.0197381
Kalaikhumb,Khorugh,693,694,0.0125805,-0.381995,0.0173862
Kokpek,Chundzha,695,696,0.0359385,-0.398401,0.0502565
Chundzha,Koktal,696,697,0.0272852,-0.397912,0.0381423
Stralsund,Neubrandenburg,699,700,0.639053,-0.519107,0.970789
Ukmergė,Daugavpils,701,702,1.74109,-0.537612,2.67711
Ukmergė,Panevėžys,701,705,1.59511,-0.537902,2.45312
Breda,Gorinchem,706,707,0.797943,-0.521498,1.21407
Hasselt,Heerlen,708,709,1.16546,-0.525674,1.77811
Barwinek,Vyšný Komárnik,710,711,0.349215,-0.520973,0.531147
Vyšný Komárnik,Svidník,711,712,0.422006,-0.51653,0.639986
Lublin,Kovel,713,714,1.49307,-0.527814,2.28112
Olomouc,Český Těšín,716,717,0.825163,-0.517032,1.2518
Garmisch-Partenkirchen,Mittenwald,718,719,0.897004,-0.515227,1.35917
Mittenwald,Seefeld,719,720,0.574481,-0.512682,0.869007
Nyíregyháza,Chop,722,723,0.937677,-0.505846,1.412
Dunajská Streda,Medveďov,724,725,0.616043,-0.510407,0.930476
Medveďov,Vámosszabadi,725,726,0.535501,-0.508501,0.807804
Bălţi,Mohyliv-Podilskyi,727,728,0.8532,-0.52099,1.29771
Saintes,Angoulême,730,731,0.259621,-0.496229,0.388452
St. Johann in Tirol,Lofer,732,733,0.906958,-0.512307,1.3716
Sarajevo,Užice,737,738,0.176016,-0.45366,0.255867
Užice,Čačak,738,739,0.262652,-0.457084,0.382707
Čačak,Nova Varoš,739,740,0.262395,-0.457033,0.382319
Avellino,Benevento,741,742,0.0365604,-0.437035,0.0525385
Balıkesir,Manisa,746,747,0.00970144,-0.410454,0.0136834
Warsaw,Brest-Litovsk,316,0,2.79511,-0.53186,4.28172
Brest-Litovsk,Minsk,0,318,2.75496,-0.534569,4.22768
Lyon,Mâcon,17,677,1.70388,-0.509592,2.57216
Beaune,Mâcon,395,677,2.98762,-0.51381,4.52268
