Glasgow,Preston,1,2,6.601e-05,-0.479998,6.601e-05
Glasgow,Edinburgh,1,13,6.601e-05,-0.479998,6.601e-05
Preston,Birmingham,2,3,6.601e-05,-0.479998,6.601e-05
Birmingham,Cambridge,3,636,6.601e-05,-0.479998,6.601e-05
Le Havre,Paris,4,5,2.01459,-0.515884,3.05389
Le Havre,Amiens,4,657,1.13355,-0.517202,1.71982
Paris,Orléans,5,6,2.08663,-0.51148,3.15391
Paris,Calais,5,16,1.74433,-0.515885,2.64421
Paris,Lyon,5,17,2.59934,-0.511537,3.929
Paris,Brussels,5,326,3.07711,-0.518042,4.67118
Paris,Le Mans,5,366,1.67906,-0.512994,2.5404
Paris,Reims,5,367,1.93412,-0.516627,2.93334
Paris,Chaumont,5,665,2.8066,-0.517059,4.25779
Orléans,Bordeaux,6,7,1.00134,-0.503834,1.50585
Orléans,Tours,6,392,1.10557,-0.504568,1.6634
Orléans,Montargis,6,393,1.38324,-0.507169,2.08478
Orléans,Toulouse,6,466,1.14345,-0.501258,1.71661
Bordeaux,San Sebastián,7,8,0.558739,-0.493927,0.834715
Bordeaux,Clermont-Ferrand,7,446,1.06916,-0.500147,1.6039
Bordeaux,Toulouse,7,466,0.470619,-0.491755,0.702049
Bordeaux,Angoulême,7,731,0.624861,-0.497355,0.935639
San Sebastián,Burgos,8,9,0.280968,-0.477758,0.415202
San Sebastián,Bilbao,8,445,0.227602,-0.47985,0.336817
San Sebastián,Toulouse,8,466,0.375115,-0.487384,0.55794
Burgos,Madrid,9,10,0.161714,-0.464215,0.236785
Burgos,Valladolid,9,465,0.106943,-0.467069,0.156893
Madrid,Seville,10,11,0.101867,-0.452717,0.147984
Madrid,Barcelona,10,21,0.239269,-0.473608,0.352589
Madrid,Valencia,10,24,0.113227,-0.458454,0.165136
Madrid,Lisbon,10,464,0.103053,-0.456089,0.150054
Seville,Algeciras,11,12,0.0478757,-0.441899,0.0690319
Seville,Huelva,11,486,0.0501025,-0.441343,0.0722149
Algeciras,Málaga,12,28,0.0207921,-0.435369,0.0298444
Edinburgh,Newcastle,13,14,6.601e-05,-0.479998,6.601e-05
Newcastle,London,14,15,6.601e-05,-0.479998,6.601e-05
London,Colchester,15,305,6.601e-05,-0.479998,6.601e-05
Calais,Bruges,16,324,1.77848,-0.517858,2.69948
Calais,Rouen,16,662,1.16563,-0.516748,1.76797
Lyon,Orange,17,18,1.1667,-0.50297,1.75352
Lyon,Clermont-Ferrand,17,446,1.30544,-0.503232,1.96238
Lyon,Chambéry,17,447,1.17485,-0.50805,1.77173
Orange,Narbonne,18,19,0.524507,-0.500255,0.786894
Orange,Marseille,18,736,0.502226,-0.504857,0.755779
Narbonne,Girona,19,20,0.286333,-0.492218,0.427271
Girona,Barcelona,20,21,0.330035,-0.483013,0.489446
Barcelona,Tarragona,21,22,0.208708,-0.477199,0.308303
Barcelona,Toulouse,21,466,0.607107,-0.486406,0.902407
Tarragona,Castellón de la Plana,22,23,0.0994415,-0.468764,0.146056
Castellón de la Plana,Valencia,23,24,0.0834041,-0.457507,0.121562
Valencia,Alicante,24,25,0.0605952,-0.447986,0.087741
Alicante,Murcia,25,26,0.0255235,-0.44203,0.0368057
Murcia,Almería,26,27,0.0130162,-0.434241,0.0186683
Almería,Málaga,27,28,0.0118131,-0.430967,0.0169041
Hook of Holland,Rotterdam,29,30,0.580174,-0.521411,0.882683
Hook of Holland,The Hague,29,307,0.312999,-0.521449,0.476212
Rotterdam,Eindhoven,30,31,1.45237,-0.521333,2.20954
Eindhoven,Maastricht,31,32,1.56632,-0.521708,2.38348
Eindhoven,Antwerp,31,505,2.61216,-0.519797,3.96996
Eindhoven,Venlo,31,643,1.99555,-0.522117,3.03746
Eindhoven,Breda,31,706,1.46793,-0.521336,2.23322
Maastricht,Liège,32,33,1.94973,-0.522365,2.96821
Liège,Bastogne,33,34,1.81946,-0.522804,2.77068
Liège,Leuven,33,327,2.96517,-0.5222,4.51358
Liège,Eupen,33,328,1.90182,-0.523686,2.89777
Liège,Antwerp,33,505,3.29381,-0.520428,5.00801
Liège,Namur,33,652,2.02512,-0.522128,3.08249
Liège,St. Vith,33,653,1.66295,-0.522857,2.53244
Liège,Charleville-Mézières,33,658,2.16054,-0.521867,3.28805
Bastogne,Arlon,34,35,1.09826,-0.523209,1.67287
Arlon,Luxembourg,35,36,1.52628,-0.522789,2.32421
Luxembourg,Metz,36,37,2.5204,-0.52091,3.8333
Luxembourg,St. Vith,36,653,1.84992,-0.523403,2.81818
Luxembourg,Charleville-Mézières,36,658,1.41478,-0.521552,2.15266
Luxembourg,Trier,36,659,1.82258,-0.523661,2.777
Metz,Saint-Avold,37,38,3.0198,-0.520582,4.59186
Metz,Lausanne,37,44,2.48888,-0.519738,3.78244
Metz,Geneva,37,45,2.70043,-0.515709,4.09306
Metz,Brussels,37,326,3.45865,-0.520068,5.25738
Metz,Reims,37,367,2.51914,-0.519054,3.82672
Metz,Saarbrücken,37,368,2.88227,-0.521993,4.3868
Saint-Avold,Strasbourg,38,39,2.29249,-0.521501,3.48803
Strasbourg,Mulhouse,39,40,2.88909,-0.522378,4.39829
Strasbourg,Appenweier,39,664,2.1786,-0.522854,3.31768
Mulhouse,Basel,40,41,2.76682,-0.521582,4.20994
Mulhouse,Belfort,40,398,2.07662,-0.520876,3.15829
Mulhouse,Chaumont,40,665,2.62682,-0.520142,3.99314
Basel,Olten,41,42,1.65148,-0.521213,2.51226
Basel,Offenburg,41,61,2.3666,-0.522386,3.60287
Basel,Zürich,41,399,1.93613,-0.521403,2.94564
Basel,Waldshut,41,666,2.28545,-0.520845,3.47582
Olten,Bern,42,43,1.67301,-0.517002,2.53796
Olten,Lucerne,42,62,1.03719,-0.520015,1.57655
Bern,Lausanne,43,44,1.36605,-0.518326,2.0741
Bern,Belfort,43,398,1.71075,-0.520767,2.60165
Bern,Martigny,43,506,0.951471,-0.51515,1.44162
Lausanne,Geneva,44,45,1.05773,-0.510544,1.59775
Lausanne,Martigny,44,506,0.822136,-0.514408,1.24505
Geneva,Mont Blanc,45,46,1.18046,-0.509876,1.78235
Geneva,Chambéry,45,447,1.31048,-0.507599,1.97569
Geneva,Mâcon,45,677,2.07684,-0.512366,3.14095
Mont Blanc,Aosta,46,47,0.690458,-0.507378,1.04078
Aosta,Ivrea,47,48,0.596514,-0.499831,0.89467
Aosta,Martigny,47,506,0.810863,-0.502411,1.21825
Ivrea,Vercelli,48,49,0.2361,-0.491635,0.352175
Ivrea,Turin,48,449,0.350075,-0.489588,0.521468
Vercelli,Alessandria,49,50,0.193144,-0.479456,0.285747
Alessandria,Genoa,50,51,0.238654,-0.46802,0.35035
Alessandria,Turin,50,449,0.24539,-0.480903,0.363398
Alessandria,Tortona,50,450,0.169218,-0.470338,0.248807
Alessandria,Asti,50,686,0.220068,-0.472465,0.324043
Genoa,Rome,51,74,0.457434,-0.455899,0.665978
Genoa,Tortona,51,450,0.264341,-0.461353,0.386296
Genoa,Nice,51,467,0.39684,-0.472304,0.584269
Amsterdam,Utrecht,52,53,1.33041,-0.521594,2.02434
Amsterdam,Amersfoort,52,309,0.774722,-0.521434,1.17869
Amsterdam,Brussels,52,326,3.26892,-0.520657,4.97091
Amsterdam,Groningen,52,624,1.38936,-0.522149,2.11482
Utrecht,Arnhem,53,54,1.01237,-0.522274,1.5411
Utrecht,Gouda,53,308,0.819798,-0.521715,1.2475
Utrecht,Amersfoort,53,309,0.763651,-0.521956,1.16224
Utrecht,Gorinchem,53,707,0.970743,-0.521692,1.47717
Arnhem,Emmerich,54,55,0.920946,-0.52338,1.40295
Emmerich,Oberhausen,55,56,1.79353,-0.524009,2.73336
Oberhausen,Cologne,56,57,3.08654,-0.524703,4.70605
Oberhausen,Dortmund,56,508,2.17169,-0.524098,3.30987
Oberhausen,Venlo,56,643,2.03979,-0.523097,3.10679
Cologne,Frankfurt am Main,57,58,3.59614,-0.525734,5.48676
Cologne,Aachen,57,329,3.14875,-0.525838,4.80448
Cologne,Olpe,57,330,2.22287,-0.525567,3.39114
Cologne,Bremen,57,507,3.26719,-0.524385,4.98045
Frankfurt am Main,Heidelberg,58,59,3.22503,-0.526078,4.92164
Frankfurt am Main,Gießen,58,332,2.29259,-0.526288,3.49916
Frankfurt am Main,Mannheim,58,369,3.71278,-0.525832,5.66508
Frankfurt am Main,Aschaffenburg,58,509,2.68507,-0.525493,4.09606
Frankfurt am Main,Wiesbaden,58,656,2.63235,-0.526497,4.01828
Heidelberg,Karlsruhe,59,60,2.72029,-0.525073,4.14864
Karlsruhe,Offenburg,60,61,2.32983,-0.523007,3.54835
Karlsruhe,Stuttgart,60,510,3.25131,-0.523185,4.95235
Karlsruhe,Appenweier,60,664,2.48438,-0.523819,3.78575
Lucerne,Altdorf,62,63,0.761071,-0.521277,1.1578
Altdorf,Gotthard Pass,63,64,0.533561,-0.520794,0.811437
Altdorf,Zürich,63,399,1.00351,-0.520844,1.52619
Gotthard Pass,Bellinzona,64,65,0.268631,-0.518437,0.4079
Bellinzona,Lugano,65,66,0.136979,-0.509839,0.206817
Bellinzona,San Bernardino,65,516,0.152062,-0.514644,0.23032
Lugano,Chiasso,66,67,0.0875113,-0.490005,0.130392
Chiasso,Como,67,68,0.123805,-0.471214,0.182144
Como,Milan,68,69,0.276777,-0.467457,0.406158
Milan,Piacenza,69,70,0.319925,-0.464135,0.468413
Milan,Turin,69,449,0.380015,-0.477482,0.561466
Milan,Tortona,69,450,0.226674,-0.466014,0.332307
Milan,Brescia,69,451,0.282817,-0.463711,0.413962
Milan,Gravellona Toce,69,680,0.302547,-0.471002,0.445047
Piacenza,Parma,70,71,0.233933,-0.458293,0.341143
Parma,Modena,71,72,0.362361,-0.455819,0.527532
Modena,Florence,72,73,0.420028,-0.451409,0.609632
Modena,Verona,72,94,0.488226,-0.455898,0.710808
Modena,Bologna,72,95,0.409875,-0.451491,0.59493
Florence,Rome,73,74,0.379019,-0.450437,0.549744
Rome,Pescara,74,125,0.372245,-0.448422,0.539168
Östersund,Mora,75,76,0.0458211,-0.345156,0.0616364
Östersund,Trondheim,75,493,0.0545839,-0.345266,0.0734298
Östersund,Sundsvall,75,610,0.0571822,-0.344128,0.0768602
Mora,Säffle,76,77,0.0334885,-0.345672,0.0450646
Säffle,Gothenburg,77,78,0.0443081,-0.345938,0.059636
Gothenburg,Halmstad,78,300,0.0424646,-0.345927,0.0571542
Gothenburg,Örebro,78,301,0.0458495,-0.345703,0.0616998
Gothenburg,Oslo,78,489,0.0389447,-0.346118,0.0524241
Hamburg,Hanover,79,80,2.00687,-0.52211,3.05467
Hamburg,Berlin,79,108,2.1813,-0.52065,3.31699
Hamburg,Bremen,79,507,2.51589,-0.523018,3.83175
Hamburg,Lübeck,79,517,1.14687,-0.521563,1.74503
Hanover,Göttingen,80,81,1.3975,-0.523327,2.12885
Hanover,Bad Oeynhausen,80,312,1.60454,-0.523245,2.44411
Hanover,Braunschweig,80,313,1.48,-0.521278,2.25149
Göttingen,Kassel,81,82,1.26673,-0.524192,1.93074
Kassel,Fulda,82,83,1.71155,-0.524763,2.6097
Kassel,Dortmund,82,508,1.985,-0.524485,3.02611
Fulda,Würzburg,83,84,2.48107,-0.524669,3.78281
Würzburg,Nuremberg,84,85,3.69406,-0.523437,5.62767
Würzburg,Aschaffenburg,84,509,3.26603,-0.524918,4.98043
Würzburg,Stuttgart,84,510,2.6042,-0.524572,3.97029
Würzburg,Ulm,84,512,1.68359,-0.522391,2.56309
Nuremberg,Munich,85,86,3.10736,-0.519103,4.7204
Nuremberg,Heilbronn,85,370,3.31885,-0.523503,5.05628
Nuremberg,Rozvadov,85,371,2.59541,-0.520682,3.94679
Nuremberg,Bayreuth,85,529,3.48243,-0.521162,5.29734
Nuremberg,Regensburg,85,667,2.46751,-0.52083,3.75266
Munich,Rosenheim,86,87,2.21065,-0.515669,3.35061
Munich,Salzburg,86,115,2.628,-0.514412,3.97988
Munich,Ulm,86,512,2.23684,-0.518672,3.39703
Munich,Lindau,86,513,2.45048,-0.515681,3.71414
Munich,Deggendorf,86,531,2.43308,-0.517534,3.69228
Munich,Garmisch-Partenkirchen,86,718,2.14536,-0.515932,3.25221
Munich,Braunau am Inn,86,721,1.90681,-0.516241,2.89118
Rosenheim,Wörgl,87,88,1.46799,-0.513963,2.22249
Rosenheim,Bad Reichenhall,87,407,1.16783,-0.514018,1.76812
Wörgl,Innsbruck,88,89,1.39272,-0.51162,2.10526
Wörgl,St. Johann in Tirol,88,732,1.04492,-0.512478,1.58042
Innsbruck,Brenner,89,90,0.81064,-0.508807,1.2231
Innsbruck,Telfs,89,405,0.711834,-0.510702,1.07537
Innsbruck,Imst,89,406,0.727432,-0.510775,1.09899
Innsbruck,Seefeld,89,720,0.838537,-0.510849,1.2669
Brenner,Fortezza,90,91,0.491605,-0.50416,0.739453
Fortezza,Bolzano,91,92,0.326965,-0.493485,0.488317
Fortezza,Innichen,91,681,0.42963,-0.502044,0.645324
Bolzano,Trento,92,93,0.25349,-0.473376,0.373485
Trento,Verona,93,94,0.420006,-0.459957,0.61319
Verona,Mestre,94,120,0.594,-0.458286,0.866223
Verona,Brescia,94,451,0.44355,-0.457965,0.646681
Bologna,Cesena,95,96,0.349616,-0.450023,0.50695
Cesena,Perugia,96,97,0.242954,-0.449419,0.352142
Cesena,Ravenna,96,121,0.363759,-0.45312,0.528586
Cesena,Rimini,96,122,0.251722,-0.44906,0.364761
Perugia,Fiano Romano,97,98,0.100259,-0.448107,0.145186
Fiano Romano,Naples,98,99,0.0474169,-0.446295,0.0685789
Naples,Salerno,99,100,0.0126612,-0.444331,0.018287
Naples,Avellino,99,741,0.0189787,-0.441929,0.0273659
Salerno,Sicignano degli Alburni,100,101,0.00744404,-0.438207,0.0107061
Salerno,Avellino,100,741,0.00977156,-0.436983,0.0140416
Sicignano degli Alburni,Potenza,101,743,0.00397562,-0.434564,0.00570327
Messina,Catania,102,103,6.601e-05,-0.479998,6.601e-05
Messina,Palermo,102,474,6.601e-05,-0.479998,6.601e-05
Catania,Siracusa,103,104,6.601e-05,-0.479998,6.601e-05
Siracusa,Gela,104,105,6.601e-05,-0.479998,6.601e-05
Gela,Mazara del Vallo,105,473,6.601e-05,-0.479998,6.601e-05
Helsingborg,Copenhagen,299,106,0.00946965,-0.34549,0.0127413
Copenhagen,Malmö,106,135,0.00485344,-0.345036,0.00652805
Rostock,Berlin,107,108,1.63583,-0.519618,2.48583
Rostock,Lübeck,107,517,0.821528,-0.520349,1.24901
Rostock,Sassnitz,107,625,0.691599,-0.519529,1.0509
Berlin,Lübbenau,108,109,2.44838,-0.519278,3.71977
Berlin,Szczecin,108,137,1.93954,-0.519533,2.94719
Berlin,Świebodzin,108,139,2.31967,-0.520162,3.52628
Berlin,Magdeburg,108,314,2.45178,-0.520091,3.72693
Berlin,Leipzig,108,526,2.16229,-0.519265,3.2851
Berlin,Neubrandenburg,108,700,1.50869,-0.519586,2.29258
Lübbenau,Dresden,109,110,1.80047,-0.518794,2.73455
Lübbenau,Cottbus,109,644,1.33826,-0.518972,2.03278
Dresden,Ústí nad Labem,110,111,1.83038,-0.517735,2.77803
Dresden,Chemnitz,110,337,2.05257,-0.518517,3.11686
Dresden,Görlitz,110,338,1.31837,-0.518561,2.00203
Ústí nad Labem,Prague,111,112,2.05515,-0.516644,3.11694
Prague,Tábor,112,113,1.98475,-0.5147,3.00631
Prague,Mladá Boleslav,112,146,1.15791,-0.516612,1.7561
Prague,Jihlava,112,147,2.00589,-0.514275,3.03746
Prague,Plzeň,112,372,2.2415,-0.516275,3.39873
Prague,Karlovy Vary,112,523,1.38283,-0.516886,2.09759
Prague,Hradec Králové,112,551,1.50148,-0.516132,2.27644
Tábor,Linz,113,114,1.74973,-0.514028,2.64914
Linz,Salzburg,114,115,1.84361,-0.512839,2.78908
Linz,Sattledt,114,408,0.747287,-0.513036,1.13067
Linz,Sankt Pölten,114,409,1.74645,-0.512285,2.64113
Linz,Wels,114,669,1.32187,-0.514229,2.00161
Salzburg,Villach,115,116,2.73365,-0.508825,4.1246
Salzburg,Bad Reichenhall,115,407,1.41703,-0.512562,2.14334
Salzburg,Sattledt,115,408,1.48602,-0.512571,2.2477
Salzburg,Lofer,115,733,1.69381,-0.512662,2.56216
Villach,Tarvisio,116,117,1.40908,-0.504736,2.1203
Villach,Karavanke Tunnel,116,537,1.20835,-0.505135,1.81873
Villach,Spittal an der Drau,116,682,1.38148,-0.506013,2.08053
Villach,Klagenfurt,116,683,1.47505,-0.504431,2.2191
Tarvisio,Udine,117,118,0.675736,-0.49786,1.01216
Udine,Palmanova,118,119,0.615234,-0.483241,0.91254
Palmanova,Mestre,119,120,0.698276,-0.469705,1.02626
Palmanova,Trieste,119,452,0.718123,-0.478596,1.06181
Mestre,Ravenna,120,121,0.453147,-0.458611,0.660965
Rimini,Fano,122,123,0.125495,-0.446597,0.181541
Fano,Ancona,123,124,0.111361,-0.444131,0.160819
Ancona,Pescara,124,125,0.196143,-0.444558,0.28334
Pescara,Canosa di Puglia,125,126,0.212663,-0.443863,0.307056
Canosa di Puglia,Bari,126,127,0.0690866,-0.440497,0.0995191
Canosa di Puglia,Benevento,126,742,0.0710299,-0.440769,0.102338
Bari,Brindisi,127,128,0.0186826,-0.43851,0.0268752
Bari,Taranto,127,476,0.017721,-0.438296,0.0254881
Brindisi,Taranto,128,476,0.00439501,-0.434688,0.00630548
Igoumenitsa,Preveza,129,130,0.0116559,-0.401057,0.0163306
Igoumenitsa,Ioannina,129,477,0.0267184,-0.403832,0.0375081
Preveza,Rhion,130,131,0.0059428,-0.395648,0.00829405
Rhion,Patras,131,132,0.00221345,-0.38539,0.00306649
Rhion,Aigio,131,175,0.00221345,-0.38539,0.00306649
Patras,Pyrgos,132,133,0.000983099,-0.376717,0.00135345
Pyrgos,Kalamata,133,134,0.000493452,-0.364648,0.000673388
Kalamata,Tripoli,134,177,0.000363677,-0.356841,0.000493452
Malmö,Helsingborg,135,299,0.0130407,-0.345383,0.0175447
Malmö,Kalmar,135,626,0.0124226,-0.345069,0.0167093
Goleniów,Szczecin,136,137,0.826153,-0.51946,1.25531
Goleniów,Koszalin,136,637,0.35576,-0.520133,0.540803
Szczecin,Gorzów Wielkopolski,137,138,0.879662,-0.519802,1.33691
Gorzów Wielkopolski,Świebodzin,138,139,1.05498,-0.520699,1.60431
Świebodzin,Zielona Góra,139,140,1.39473,-0.520819,2.12113
Świebodzin,Poznań,139,315,2.2033,-0.522547,3.35462
Zielona Góra,Legnica,140,141,1.39838,-0.520876,2.12676
Legnica,Jelenia Góra,141,142,1.2549,-0.519559,1.90689
Legnica,Görlitz,141,338,1.39277,-0.519278,2.116
Legnica,Wrocław,141,339,2.11405,-0.520129,3.21363
Legnica,Cottbus,141,644,1.39415,-0.519302,2.11813
Jelenia Góra,Harrachov,142,143,0.541109,-0.519102,0.822
Harrachov,Železný Brod,143,144,0.389101,-0.51831,0.590776
Železný Brod,Turnov,144,145,0.640443,-0.517685,0.971991
Turnov,Mladá Boleslav,145,146,0.680305,-0.517053,1.03206
Turnov,Hradec Králové,145,551,0.960607,-0.516932,1.45718
Turnov,Teplice,145,715,0.828406,-0.517908,1.25744
Jihlava,Brno,147,148,1.01656,-0.512881,1.53794
Jihlava,Vienna,147,410,1.63798,-0.512529,2.47749
Brno,Bratislava,148,149,1.43405,-0.511092,2.16699
Brno,Trenčín,148,373,1.41469,-0.512914,2.1403
Brno,Vienna,148,410,1.63758,-0.51049,2.47354
Brno,Olomouc,148,716,1.42642,-0.513724,2.1592
Bratislava,Rajka,149,150,1.53962,-0.509773,2.32447
Bratislava,Žilina,149,195,1.62534,-0.512679,2.45862
Bratislava,Győr,149,196,1.58124,-0.504649,2.37921
Bratislava,Vienna,149,410,2.17459,-0.505857,3.27462
Bratislava,Zvolen,149,568,2.14982,-0.511176,3.24876
Bratislava,Dunajská Streda,149,724,1.32153,-0.509976,1.99548
Rajka,Csorna,150,151,0.610195,-0.509672,0.921195
Csorna,Szombathely,151,152,0.302772,-0.506293,0.456064
Szombathely,Zalaegerszeg,152,153,0.301933,-0.498151,0.452341
Zalaegerszeg,Nagykanizsa,153,154,0.601909,-0.493471,0.898933
Nagykanizsa,Letenye,154,155,0.375416,-0.49237,0.560259
Nagykanizsa,Zagreb,154,156,0.822416,-0.489027,1.2246
Nagykanizsa,Balatonvilágos,154,553,1.19213,-0.493719,1.7807
Letenye,Zagreb,155,156,0.447,-0.486219,0.664341
Zagreb,Karlovac,156,157,0.656322,-0.485316,0.974846
Zagreb,Ljubljana,156,454,0.634661,-0.487222,0.943882
Zagreb,Slavonski Brod,156,455,0.738797,-0.476632,1.09093
Zagreb,Maribor,156,535,0.758432,-0.4913,1.13105
Karlovac,Rijeka,157,158,0.291866,-0.48293,0.432816
Karlovac,Knin,157,554,0.2342,-0.483096,0.347341
Rijeka,Split,158,159,0.198289,-0.480142,0.293496
Rijeka,Trieste,158,452,0.501504,-0.482333,0.743395
Split,Dubrovnik,159,160,0.144783,-0.472028,0.213125
Split,Knin,159,554,0.140623,-0.479276,0.20802
Dubrovnik,Petrovac,160,161,0.0479329,-0.464492,0.0701973
Dubrovnik,Podgorica,160,162,0.107748,-0.457094,0.156999
Petrovac,Podgorica,161,162,0.0719139,-0.451045,0.10435
Petrovac,Prizren,161,744,0.0658086,-0.45182,0.0955422
Podgorica,Bijelo Polje,162,163,0.110186,-0.45189,0.159978
Podgorica,Pristina,162,164,0.152562,-0.451184,0.221395
Podgorica,Sarajevo,162,737,0.189344,-0.45225,0.274974
Bijelo Polje,Pristina,163,164,0.153592,-0.451205,0.222894
Bijelo Polje,Nova Varoš,163,740,0.166316,-0.454038,0.24183
Pristina,Skopje,164,165,0.207301,-0.448015,0.300175
Pristina,Niš,164,202,0.404326,-0.45409,0.587926
Pristina,Prizren,164,744,0.126456,-0.450617,0.183439
Skopje,Kičevo,165,166,0.142252,-0.444173,0.205437
Skopje,Kumanovo,165,203,0.203246,-0.448327,0.294367
Skopje,Veles,165,204,0.150811,-0.442012,0.217472
Kičevo,Ohrid,166,167,0.0590683,-0.441252,0.0851323
Ohrid,Bitola,167,168,0.0280123,-0.434081,0.0401719
Bitola,Niki,168,169,0.0212755,-0.419238,0.030195
Niki,Vevi,169,170,0.0323776,-0.408802,0.0456137
Vevi,Kozani,170,171,0.0699519,-0.407093,0.0984288
Kozani,Larissa,171,172,0.0473412,-0.406918,0.0666052
Kozani,Thessaloniki,171,207,0.15397,-0.409535,0.217026
Kozani,Ioannina,171,477,0.0576968,-0.406533,0.0811525
Larissa,Domokos,172,173,0.0210633,-0.405867,0.0296122
Larissa,Lamia,172,174,0.0210633,-0.405867,0.0296122
Larissa,Katerini,172,208,0.0601051,-0.407873,0.0846203
Larissa,Trikala,172,687,0.0300172,-0.405289,0.0421828
Domokos,Lamia,173,174,6.601e-05,-0.479998,3.3005e-05
Aigio,Corinth,175,176,0.000983099,-0.376717,0.00135345
Corinth,Tripoli,176,177,0.000493452,-0.364648,0.000673388
Varangerbotn,Utsjoki,178,179,0.0663156,-0.526651,0.101241
Varangerbotn,Kirkenes,178,243,0.165654,-0.529694,0.253399
Varangerbotn,Karasjok,178,502,0.0658401,-0.528077,0.100609
Utsjoki,Inari,179,180,0.0260472,-0.515998,0.0394875
Inari,Ivalo,180,181,0.0126595,-0.474351,0.0186645
Ivalo,Sodankylä,181,182,0.0112818,-0.401003,0.0158058
Sodankylä,Rovaniemi,182,183,0.0139786,-0.356271,0.0189588
Sodankylä,Kemijärvi,182,539,0.00880874,-0.363263,0.0120086
Rovaniemi,Kemi,183,184,0.0198644,-0.348894,0.026795
Kemi,Oulu,184,185,0.0288508,-0.358656,0.0391984
Kemi,Tornio,184,614,0.0206339,-0.345758,0.0277682
Oulu,Jyväskylä,185,186,0.0277384,-0.370378,0.0380121
Oulu,Kokkola,185,615,0.0211104,-0.369291,0.0289063
Jyväskylä,Heinola,186,187,0.0340101,-0.402015,0.0476827
Jyväskylä,Kuopio,186,544,0.0263417,-0.379244,0.0363317
Jyväskylä,Tampere,186,545,0.034147,-0.394456,0.0476165
Heinola,Lahti,187,188,0.0342468,-0.446687,0.0495444
Lahti,Helsinki,188,189,0.0650786,-0.480347,0.0963389
Helsinki,Hämeenlinna,189,618,0.0657603,-0.479825,0.0973136
Helsinki,Kotka,189,621,0.167423,-0.516897,0.253963
Gdańsk,Świecie,190,191,1.69229,-0.526628,2.5835
Gdańsk,Kaliningrad,190,563,1.30043,-0.52989,1.98951
Gdańsk,Elbląg,190,564,1.44848,-0.527559,2.21264
Gdańsk,Gdynia,190,639,1.03448,-0.527506,1.58018
Świecie,Łódź,191,192,1.19959,-0.525032,1.82941
Świecie,Poznań,191,315,1.598,-0.525406,2.43759
Łódź,Piotrków Trybunalski,192,193,1.37435,-0.5252,2.09616
Piotrków Trybunalski,Katowice,193,194,1.6302,-0.523641,2.48384
Piotrków Trybunalski,Warsaw,193,316,2.35941,-0.527536,3.60408
Piotrków Trybunalski,Wrocław,193,339,1.64777,-0.523365,2.51015
Katowice,Žilina,194,195,1.34889,-0.51861,2.04843
Katowice,Zabrze,194,342,1.18366,-0.521158,1.80053
Katowice,Kraków,194,343,1.8156,-0.521577,2.76258
Katowice,Český Těšín,194,717,0.941033,-0.520385,1.43073
Žilina,Olomouc,195,716,0.814215,-0.515353,1.23382
Győr,Budapest,196,197,2.19806,-0.502726,3.30309
Győr,Vámosszabadi,196,726,0.993909,-0.505767,1.49659
Budapest,Szeged,197,198,2.32732,-0.491778,3.47184
Budapest,Mosonmagyaróvár,197,412,2.34512,-0.501189,3.52047
Budapest,Szolnok,197,413,2.30384,-0.494572,3.44326
Budapest,Miskolc,197,552,2.3422,-0.499659,3.5125
Budapest,Balatonvilágos,197,553,2.06547,-0.494391,3.08662
Budapest,Szekszárd,197,555,1.87537,-0.495775,2.80513
Budapest,Zvolen,197,568,2.15738,-0.50252,3.24151
Szeged,Subotica,198,199,1.36903,-0.490232,2.04017
Szeged,Arad,198,684,1.70173,-0.482055,2.52207
Subotica,Novi Sad,199,200,0.80128,-0.481276,1.18692
Subotica,Sombor,199,735,0.724048,-0.488577,1.0778
Novi Sad,Belgrade,200,201,0.785899,-0.472128,1.15694
Belgrade,Niš,201,202,0.671202,-0.463045,0.981998
Belgrade,Slavonski Brod,201,455,0.705458,-0.47106,1.03777
Belgrade,Vršac,201,456,0.648867,-0.466739,0.951719
Belgrade,Čačak,201,739,0.577141,-0.463513,0.844653
Niš,Kumanovo,202,203,0.288349,-0.45587,0.419798
Niš,Drobeta-Turnu Severin,202,458,0.65393,-0.460566,0.955108
Niš,Sofia,202,468,0.501733,-0.445134,0.725072
Kumanovo,Kyustendil,203,745,0.186349,-0.447106,0.269667
Veles,Gevgelija,204,205,0.0831381,-0.431376,0.119002
Gevgelija,Evzoni,205,206,0.0871922,-0.416777,0.123532
Evzoni,Thessaloniki,206,207,0.163926,-0.411448,0.231373
Thessaloniki,Katerini,207,208,0.11129,-0.410373,0.156961
Thessaloniki,Alexandroupoli,207,233,0.232063,-0.410531,0.327332
Thessaloniki,Serres,207,577,0.195671,-0.416607,0.277189
Klaipėda,Kaunas,209,210,1.90488,-0.53607,2.92603
Klaipėda,Palanga,209,704,1.11483,-0.536968,1.71346
Kaunas,Vilnius,210,211,2.1148,-0.535874,3.24807
Kaunas,Warsaw,210,316,4.08406,-0.532823,6.26015
Kaunas,Riga,210,547,2.78725,-0.53582,4.28071
Kaunas,Ukmergė,210,701,1.77792,-0.536001,2.73089
Vilnius,Lida,211,212,1.97471,-0.536641,3.03442
Vilnius,Minsk,211,318,4.01852,-0.534662,6.16707
Vilnius,Marijampolė,211,641,2.07245,-0.536801,3.18494
Vilnius,Ukmergė,211,701,2.07408,-0.53693,3.18772
Lida,Slonim,212,213,0.772073,-0.536495,1.18629
Slonim,Kobryn,213,214,0.397862,-0.532341,0.60966
Kobryn,Dubno,214,215,0.447247,-0.523836,0.681531
Dubno,Ternopil,215,216,0.9652,-0.519782,1.46689
Ternopil,Chernivtsi,216,217,1.09139,-0.516827,1.65545
Ternopil,Stryj,216,379,1.54944,-0.516105,2.34911
Ternopil,Khmelnytskyi,216,380,1.36705,-0.522088,2.08077
Chernivtsi,Siret,217,218,0.824358,-0.510199,1.24495
Siret,Suceava,218,219,1.3985,-0.504808,2.10447
Suceava,Roman,219,220,1.38115,-0.502039,2.07454
Suceava,Halmeu,219,578,2.13248,-0.501298,3.20149
Suceava,Iaşi,219,670,1.85705,-0.506221,2.79712
Roman,Urziceni,220,221,0.764497,-0.49641,1.144
Urziceni,Bucharest,221,222,0.538631,-0.484427,0.799559
Urziceni,Slobozia,221,421,0.439396,-0.489538,0.654496
Bucharest,Giurgiu,222,223,0.281002,-0.468136,0.41255
Bucharest,Ploieşti,222,420,0.250456,-0.473016,0.368926
Bucharest,Constanţa,222,423,0.373262,-0.474532,0.550387
Bucharest,Alexandria,222,460,0.290246,-0.469929,0.426641
Bucharest,Piteşti,222,583,0.315021,-0.471118,0.463433
Giurgiu,Ruse,223,224,0.147668,-0.460286,0.215638
Ruse,Byala,224,225,0.0786415,-0.44817,0.113886
Ruse,Razgrad,224,461,0.0729347,-0.449503,0.105719
Byala,Veliko Tarnovo,225,226,0.0625373,-0.440647,0.0900942
Byala,Pleven,225,584,0.0612993,-0.44036,0.0882931
Veliko Tarnovo,Stara Zagora,226,227,0.0709407,-0.43734,0.101966
Veliko Tarnovo,Shumen,226,462,0.0675834,-0.444388,0.0976166
Stara Zagora,Haskovo,227,228,0.0430841,-0.434086,0.0617863
Stara Zagora,Burgas,227,590,0.0617523,-0.443621,0.089147
Haskovo,Svilengrad,228,229,0.0207492,-0.425598,0.02958
Svilengrad,Ormenio,229,230,0.016076,-0.413286,0.0227199
Ormenio,Kastanies,230,231,0.0246906,-0.407042,0.0347408
Kastanies,Didymoteicho,231,232,0.0534056,-0.407656,0.0751767
Didymoteicho,Alexandroupoli,232,233,0.125663,-0.409951,0.177178
Alexandroupoli,Gelibolu,233,478,0.156532,-0.412997,0.221179
Saint Petersburg,Pskov,234,235,3.94379,-0.532578,6.04417
Saint Petersburg,Moscow,234,239,7.43395,-0.528437,11.3623
Saint Petersburg,Petrozavodsk,234,245,2.53295,-0.52925,3.87351
Saint Petersburg,Narva,234,304,2.98297,-0.532013,4.56995
Saint Petersburg,Vyborg,234,623,2.53302,-0.529239,3.87359
Pskov,Gomel,235,236,5.20937,-0.534066,7.99152
Pskov,Riga,235,547,3.74705,-0.535129,5.7522
Gomel,Kiev,236,237,7.26265,-0.530748,11.1173
Gomel,Babruysk,236,703,4.35636,-0.534057,6.6829
Kiev,Odessa,237,238,5.3088,-0.524376,8.09261
Kiev,Hlukhiv,237,242,6.44783,-0.527313,9.84786
Kiev,Kharkiv,237,247,6.29761,-0.52537,9.60618
Kiev,Rivne,237,348,4.65814,-0.527921,7.11728
Kiev,Zhytomyr,237,349,3.71284,-0.527505,5.67138
Odessa,Izmail,238,586,1.77386,-0.520994,2.69803
Odessa,Chişinău,238,672,2.10212,-0.520588,3.19647
Odessa,Mykolaiv,238,673,2.0603,-0.522485,3.13677
Moscow,Kaluga,239,240,5.26543,-0.526684,8.03866
Moscow,Orel,239,246,5.63932,-0.524804,8.59886
Moscow,Voronezh,239,248,5.98155,-0.516642,9.07186
Moscow,Tambov,239,256,5.12513,-0.523148,7.80633
Moscow,Smolensk,239,319,5.7397,-0.529024,8.77615
Moscow,Ryazan,239,320,4.43641,-0.51643,6.7275
Moscow,Velikiye Luki,239,628,5.06817,-0.526812,7.73814
Moscow,Vladimir,239,629,4.54434,-0.515541,6.88713
Kaluga,Bryansk,240,241,2.88991,-0.528796,4.41809
Bryansk,Hlukhiv,241,242,3.57074,-0.529121,5.4601
Hlukhiv,Kursk,242,645,3.81222,-0.527908,5.82472
Kirkenes,Murmansk,243,244,0.363477,-0.530121,0.556163
Murmansk,Petrozavodsk,244,245,0.946673,-0.52979,1.44821
Orel,Kharkiv,246,247,4.2542,-0.525207,6.48853
Kharkiv,Luhansk,247,350,3.42019,-0.5254,5.21716
Voronezh,Novorossiysk,248,249,3.83559,-0.518327,5.82369
Voronezh,Kursk,248,645,3.69965,-0.524563,5.64035
Voronezh,Saratov,248,646,3.18751,-0.508779,4.80925
Novorossiysk,Dzhankoy,249,601,1.53478,-0.51863,2.33077
Novorossiysk,Sochi,249,602,1.49025,-0.518514,2.26297
Mineralnye Vody,Nalchik,250,251,0.202936,-0.500446,0.304495
Mineralnye Vody,Makhachkala,250,260,0.456222,-0.50038,0.684506
Mineralnye Vody,Armavir,250,387,0.239122,-0.502737,0.359337
Nalchik,Vladikavkaz,251,252,0.0777823,-0.499241,0.116614
Vladikavkaz,Stepantsminda,252,253,0.0302926,-0.49685,0.0453434
Stepantsminda,Mtskheta,253,254,0.0129045,-0.491446,0.0192464
Mtskheta,Tbilisi,254,255,0.00820031,-0.482605,0.0121578
Tbilisi,Gori,255,428,0.00533778,-0.478841,0.00789372
Tbilisi,Rustavi,255,429,0.00767872,-0.482848,0.0113864
Tambov,Povorino,256,257,2.31744,-0.523233,3.53
Povorino,Volgograd,257,258,1.93487,-0.520126,2.94125
Volgograd,Astrakhan,258,259,2.12044,-0.509841,3.20152
Volgograd,Luhansk,258,350,2.25972,-0.521645,3.43848
Astrakhan,Makhachkala,259,260,1.40297,-0.500603,2.10529
Astrakhan,Atyrau,259,265,1.88657,-0.489514,2.81008
Makhachkala,Kuba,260,261,0.449689,-0.50042,0.674722
Kuba,Baku,261,262,0.171812,-0.500315,0.257772
Baku,Yevlakh,262,431,0.0658548,-0.499727,0.0987643
Samara,Oral,263,264,1.64343,-0.467972,2.41251
Samara,Penza,263,321,1.45614,-0.488291,2.16716
Samara,Ufa,263,322,1.20308,-0.463277,1.76044
Oral,Atyrau,264,265,1.77541,-0.461261,2.59434
Oral,Saratov,264,646,2.21454,-0.490015,3.29969
Oral,Aktobe,264,647,1.19037,-0.465473,1.74445
Atyrau,Beineu,265,266,0.811366,-0.473177,1.19529
Atyrau,Beyneu,265,351,0.811366,-0.473177,1.19529
Beineu,Shetpe,266,267,0.317687,-0.47302,0.467959
Shetpe,Zhetybai,267,268,0.124552,-0.472977,0.183462
Zhetybai,Fetisovo,268,269,0.0492383,-0.47217,0.0724871
Fetisovo,Bekdash,269,270,0.020422,-0.467126,0.0299617
Bekdash,Türkmenbaşy,270,271,0.0106852,-0.446175,0.0154526
Türkmenbaşy,Gyzylarbat,271,272,0.0104832,-0.414583,0.0148294
Gyzylarbat,Ashgabat,272,432,0.0189736,-0.40441,0.0266467
Chelyabinsk,Kostanay,273,274,0.251567,-0.464921,0.368525
Chelyabinsk,Ufa,273,322,0.53644,-0.465567,0.786189
Chelyabinsk,Kurgan,273,323,0.278855,-0.462783,0.407904
Kostanay,Esil,274,275,0.109666,-0.461761,0.160305
Esil,Derzhavinsk,275,276,0.0690432,-0.445706,0.0998162
Derzhavinsk,Arkalyk,276,277,0.0899666,-0.425807,0.128275
Arkalyk,Jezkazgan,277,278,0.187507,-0.418967,0.266066
Jezkazgan,Kyzylorda,278,279,0.292065,-0.416824,0.413804
Jezkazgan,Karaganda,278,286,0.27743,-0.418327,0.393487
Kyzylorda,Shymkent,279,280,0.274812,-0.4113,0.387842
Kyzylorda,Novokazalinsk,279,650,0.209599,-0.420713,0.29778
Shymkent,Tashkent,280,281,0.214203,-0.401486,0.300202
Shymkent,Zhambyl,280,359,0.172847,-0.403184,0.242537
Tashkent,Ayni,281,282,0.0772391,-0.394609,0.107718
Tashkent,Jizzakh,281,358,0.0996225,-0.393949,0.138869
Tashkent,Kokand,281,689,0.0810444,-0.397548,0.113263
Ayni,Dushanbe,282,283,0.0601271,-0.389524,0.0835481
Ayni,Kokand,282,689,0.0299347,-0.391666,0.0416592
Dushanbe,Termez,283,440,0.0329308,-0.385305,0.0456192
Dushanbe,Jirgatal,283,441,0.0335659,-0.38606,0.0465243
Dushanbe,Kulob,283,692,0.0245854,-0.385856,0.0340718
Ishim,Astana,284,285,0.129274,-0.436311,0.185677
Ishim,Omsk,284,291,0.129274,-0.436311,0.185677
Ishim,Kurgan,284,323,0.197518,-0.453864,0.287165
Ishim,Tyumen,284,635,0.134884,-0.448948,0.19544
Astana,Karaganda,285,286,0.140529,-0.423837,0.20009
Karaganda,Balkhash,286,287,0.163107,-0.413336,0.230524
Karaganda,Pavlodar,286,292,0.1685,-0.423414,0.239845
Balkhash,Burubaytal,287,288,0.0976859,-0.408321,0.137573
Burubaytal,Almaty,288,289,0.11204,-0.4021,0.157091
Almaty,Bishkek,289,290,0.170914,-0.398755,0.239066
Almaty,Sary-Ozek,289,360,0.0824119,-0.399267,0.115316
Almaty,Kokpek,289,695,0.0676267,-0.399385,0.0946358
Bishkek,Zhambyl,290,359,0.153236,-0.399419,0.214441
Bishkek,Osh,290,691,0.153762,-0.397047,0.214813
Omsk,Pavlodar,291,292,0.101276,-0.428688,0.144692
Pavlodar,Semey,292,293,0.0856529,-0.424301,0.121996
Semey,Georgiyevka,293,294,0.0355892,-0.423099,0.050647
Georgiyevka,Ayagoz,294,364,0.015641,-0.420505,0.0222182
Narvik,Kiruna,295,296,0.0042974,-0.345482,0.00578207
Narvik,Setermoen,295,498,0.0023353,-0.374423,0.00320969
Kiruna,Töre,296,297,0.00922885,-0.340027,0.0123669
Töre,Luleå,297,298,0.0204364,-0.339625,0.0273771
Luleå,Umeå,298,612,0.0353227,-0.340685,0.0473566
Luleå,Haparanda,298,613,0.0227472,-0.339437,0.0304684
Helsingborg,Halmstad,299,300,0.0285251,-0.345758,0.0383878
Helsingborg,Jönköping,299,605,0.0175868,-0.345351,0.0236604
Örebro,Stockholm,301,302,0.0549266,-0.345488,0.0739031
Örebro,Karlstad,301,620,0.0327784,-0.345819,0.0441138
Stockholm,Södertälje,302,608,0.0406078,-0.345306,0.0546299
Stockholm,Uppsala,302,609,0.0480703,-0.345086,0.0646587
Tallinn,Narva,303,304,1.77186,-0.534117,2.71824
Tallinn,Riga,303,547,2.45352,-0.535068,3.76632
Colchester,Ipswich,305,306,6.601e-05,-0.479998,6.601e-05
Ipswich,Cambridge,306,636,6.601e-05,-0.479998,6.601e-05
The Hague,Gouda,307,308,0.37225,-0.521554,0.566399
Amersfoort,Oldenzaal,309,310,0.633181,-0.522346,0.96392
Amersfoort,Hoogeveen,309,698,0.591002,-0.522351,0.899712
Oldenzaal,Osnabrück,310,311,0.546563,-0.523236,0.832544
Osnabrück,Bad Oeynhausen,311,312,1.03191,-0.523766,1.57239
Bad Oeynhausen,Dortmund,312,508,1.77682,-0.52439,2.70856
Braunschweig,Magdeburg,313,314,1.37082,-0.520612,2.08449
Magdeburg,Halle,314,518,1.45349,-0.519827,2.20905
Poznań,Warsaw,315,316,2.73012,-0.526973,4.16881
Poznań,Wrocław,315,339,1.59743,-0.523625,2.43389
Warsaw,Elbląg,316,564,2.18754,-0.528599,3.34388
Warsaw,Radom,316,565,2.59119,-0.52725,3.95739
Warsaw,Lublin,316,713,3.08252,-0.528154,4.71056
Brest,Rennes,317,365,0.325179,-0.512238,0.491749
Brest,Lorient,317,388,0.177849,-0.511666,0.268848
Minsk,Smolensk,318,319,4.25032,-0.532618,6.51412
Minsk,Babruysk,318,703,3.84756,-0.534726,5.90495
Ryazan,Penza,320,321,1.95126,-0.509932,2.94627
Ufa,Yelabuga,322,632,0.581746,-0.469114,0.854651
Bruges,Ghent,324,325,1.59904,-0.518691,2.42845
Bruges,Zeebrugge,324,642,1.81095,-0.518927,2.75071
Ghent,Brussels,325,326,2.17443,-0.519741,3.30457
Brussels,Leuven,326,327,2.7867,-0.521489,4.23993
Leuven,Hasselt,327,708,1.83259,-0.52379,2.79248
Eupen,Aachen,328,329,2.21913,-0.525748,3.38584
Eupen,St. Vith,328,653,1.13988,-0.525117,1.73846
Aachen,Heerlen,329,709,1.74793,-0.526075,2.66748
Olpe,Wetzlar,330,331,2.0832,-0.525548,3.17802
Wetzlar,Gießen,331,332,2.08332,-0.525991,3.17913
Wetzlar,Dortmund,331,508,2.90305,-0.525381,4.42825
Wetzlar,Aschaffenburg,331,509,2.23628,-0.525546,3.41155
Wetzlar,Koblenz,331,660,2.18671,-0.525813,3.33651
Gießen,Bad Hersfeld,332,333,1.29491,-0.526308,1.97644
Bad Hersfeld,Eisenach,333,334,0.603959,-0.525133,0.921118
Eisenach,Erfurt,334,335,0.547322,-0.521592,0.832801
Erfurt,Gera,335,336,1.06164,-0.519536,1.61321
Gera,Chemnitz,336,337,1.58179,-0.519041,2.4028
Gera,Leipzig,336,526,1.59349,-0.519111,2.42069
Gera,Hirschberg,336,527,1.12125,-0.519288,1.70351
Chemnitz,Plauen,337,519,1.49117,-0.518998,2.26509
Wrocław,Opole,339,340,1.32414,-0.521715,2.01496
Wrocław,Kłodzko,339,548,1.34395,-0.52161,2.04497
Opole,Gliwice,340,341,0.631252,-0.521357,0.96036
Gliwice,Zabrze,341,342,0.596579,-0.521097,0.907455
Kraków,Rzeszów,343,344,0.855822,-0.521935,1.30251
Kraków,Radom,343,565,1.04372,-0.524941,1.59162
Kraków,Trstená,343,566,1.07343,-0.519978,1.63159
Rzeszów,Jarosław,344,345,0.821222,-0.523878,1.25144
Rzeszów,Radom,344,565,0.901955,-0.526132,1.3765
Rzeszów,Barwinek,344,710,0.643948,-0.52348,0.981042
Jarosław,Korczowa,345,346,0.89141,-0.523182,1.35778
Korczowa,Lviv,346,347,1.89434,-0.522291,2.88373
Lviv,Rivne,347,348,2.55939,-0.524939,3.90292
Lviv,Mukachevo,347,378,3.3904,-0.51717,5.14382
Lviv,Lublin,347,713,1.90798,-0.524204,2.90816
Rivne,Zhytomyr,348,349,1.60362,-0.5278,2.45002
Rivne,Kovel,348,714,1.58333,-0.527719,2.41888
Zhytomyr,Vinnytsia,349,381,2.67757,-0.527961,4.09122
Beyneu,Qo‘ng‘irot,351,352,0.321374,-0.472248,0.473142
Qo‘ng‘irot,Nukus,352,353,0.134919,-0.468203,0.198088
Nukus,Daşoguz,353,354,0.0748025,-0.453415,0.108719
Daşoguz,Bukhara,354,355,0.031899,-0.414977,0.0451363
Daşoguz,Ashgabat,354,432,0.0360177,-0.413702,0.0509183
Daşoguz,Uchkuduk,354,688,0.0223193,-0.431003,0.031939
Bukhara,Navoiy,355,356,0.0305675,-0.390954,0.042518
Bukhara,Alat,355,436,0.0244974,-0.389221,0.0340324
Bukhara,Karshi,355,437,0.0249284,-0.389153,0.0346293
Bukhara,Uchkuduk,355,688,0.0169357,-0.396601,0.0236524
Navoiy,Samarkand,356,357,0.0273913,-0.390712,0.0380934
Samarkand,Jizzakh,357,358,0.0456193,-0.392107,0.0635069
Sary-Ozek,Taldykorgan,360,361,0.0394543,-0.398648,0.0551827
Sary-Ozek,Koktal,360,697,0.0372377,-0.398568,0.0520795
Taldykorgan,Ucharal,361,362,0.0174474,-0.399136,0.0244114
Ucharal,Taskesken,362,363,0.00936842,-0.403363,0.0131473
Taskesken,Ayagoz,363,364,0.00884713,-0.413422,0.0125047
Rennes,Le Mans,365,366,0.805648,-0.512541,1.21858
Le Mans,Angers,366,391,0.656991,-0.512618,0.993776
Le Mans,Tours,366,392,0.767846,-0.510956,1.16018
Le Mans,Rouen,366,662,1.25287,-0.515383,1.89858
Reims,Charleroi,367,651,1.73084,-0.520156,2.63115
Reims,Charleville-Mézières,367,658,1.58317,-0.51984,2.40616
Reims,Rouen,367,662,1.80004,-0.517885,2.73225
Saarbrücken,Mannheim,368,369,3.04545,-0.52519,4.6449
Saarbrücken,Trier,368,659,1.57577,-0.524016,2.4015
Mannheim,Heilbronn,369,370,2.85112,-0.524927,4.34776
Rozvadov,Plzeň,371,372,2.31222,-0.519296,3.51295
Plzeň,Karlovy Vary,372,523,1.6053,-0.518671,2.43792
Plzeň,České Budějovice,372,524,1.85872,-0.517246,2.82013
Plzeň,Bayerisch Eisenstein,372,530,1.90239,-0.51822,2.88825
Trenčín,Prešov,373,374,1.22594,-0.513361,1.8553
Prešov,Košice,374,375,1.9005,-0.512265,2.87406
Prešov,Svidník,374,712,0.930383,-0.513827,1.40844
Košice,Vyšné Nemecké,375,376,0.959845,-0.511421,1.45073
Košice,Uzhhorod,375,377,1.86182,-0.512911,2.81676
Košice,Miskolc,375,552,1.71638,-0.507691,2.58777
Košice,Zvolen,375,568,1.80389,-0.509571,2.7231
Vyšné Nemecké,Uzhhorod,376,377,0.901971,-0.514497,1.36603
Uzhhorod,Mukachevo,377,378,2.99516,-0.515469,4.53907
Uzhhorod,Chop,377,723,1.50913,-0.512823,2.28305
Mukachevo,Stryj,378,379,2.21169,-0.512615,3.34543
Mukachevo,Halmeu,378,578,2.68345,-0.507267,4.04468
Khmelnytskyi,Vinnytsia,380,381,1.675,-0.526162,2.55633
Vinnytsia,Uman,381,382,1.63097,-0.526556,2.48977
Vinnytsia,Mohyliv-Podilskyi,381,728,1.50766,-0.526276,2.30111
Uman,Kirovohrad,382,383,1.23393,-0.523584,1.88
Kirovohrad,Dnipropetrovsk,383,384,0.859106,-0.521197,1.30687
Kirovohrad,Chişinău,383,672,1.71747,-0.519995,2.61055
Dnipropetrovsk,Donetsk,384,385,0.359766,-0.51996,0.54683
Donetsk,Rostov-on-Don,385,386,0.234553,-0.51645,0.355689
Rostov-on-Don,Armavir,386,387,0.199528,-0.509582,0.301204
Rostov-on-Don,Taganrog,386,675,0.210612,-0.516431,0.319379
Lorient,Vannes,388,389,0.212517,-0.51118,0.321152
Vannes,Nantes,389,390,0.464454,-0.511187,0.701878
Nantes,Angers,390,391,0.647692,-0.510888,0.97859
Nantes,Poitiers,390,676,0.906938,-0.511706,1.37102
Angers,Tours,391,392,0.507637,-0.506625,0.764819
Tours,Vierzon,392,503,0.664956,-0.504972,1.00074
Montargis,Auxerre,393,394,1.20482,-0.510017,1.8193
Auxerre,Beaune,394,395,2.25536,-0.512134,3.41041
Beaune,Dole,395,396,2.28395,-0.515148,3.46052
Beaune,Antwerp,395,505,3.90347,-0.516347,5.91902
Dole,Besançon,396,397,1.20694,-0.517264,1.83125
Besançon,Belfort,397,398,1.37855,-0.520208,2.09569
Zürich,Winterthur,399,400,1.35632,-0.519234,2.06057
Winterthur,St. Gallen,400,401,0.966277,-0.518981,1.46776
Winterthur,Schaffhausen,400,511,1.31491,-0.521578,2.00074
St. Gallen,St. Margrethen,401,402,0.886226,-0.5164,1.34387
St. Margrethen,Bregenz,402,403,1.45902,-0.514897,2.21026
St. Margrethen,Buchs,402,514,0.680073,-0.515092,1.03037
Bregenz,Feldkirch,403,748,1.40293,-0.514089,2.12417
Bregenz,Lindau,403,513,2.20253,-0.51536,3.33763
Feldkirch,Landeck,748,404,0.640085,-0.512234,0.967959
Feldkirch,Imst,748,406,0.667927,-0.512141,1.01
Landeck,Telfs,404,405,0.447346,-0.511043,0.675959
Sattledt,Liezen,408,532,0.943196,-0.511659,1.42579
Sattledt,Wels,408,669,1.00004,-0.514145,1.5142
Sankt Pölten,Vienna,409,410,1.96939,-0.510302,2.97438
Vienna,Nickelsdorf,410,411,2.15815,-0.508425,3.25541
Vienna,Halámky,410,525,2.07913,-0.510595,3.14072
Vienna,Graz,410,534,2.6579,-0.507088,4.00569
Nickelsdorf,Mosonmagyaróvár,411,412,1.49598,-0.505124,2.25164
Szolnok,Püspökladány,413,414,1.66987,-0.491328,2.49033
Püspökladány,Oradea,414,415,2.10087,-0.490194,3.13071
Püspökladány,Nyíregyháza,414,722,1.29682,-0.49526,1.93908
Oradea,Cluj-Napoca,415,416,1.00462,-0.483464,1.49031
Oradea,Berettyóújfalu,415,570,1.44394,-0.489942,2.15139
Oradea,Beiuş,415,571,0.949442,-0.485059,1.40998
Oradea,Satu Mare,415,579,1.53952,-0.489535,2.29317
Oradea,Arad,415,684,1.61072,-0.482245,2.38748
Cluj-Napoca,Turda,416,417,0.631901,-0.484006,0.937745
Cluj-Napoca,Zalău,416,580,0.610247,-0.487609,0.907809
Turda,Târgu Mureş,417,418,0.278469,-0.480257,0.412206
Turda,Sebeş,417,581,0.288002,-0.479929,0.426222
Târgu Mureş,Braşov,418,419,0.197972,-0.475829,0.292173
Braşov,Ploieşti,419,420,0.169335,-0.472428,0.249334
Braşov,Sibiu,419,582,0.233887,-0.475001,0.344983
Braşov,Piteşti,419,583,0.141287,-0.468771,0.207519
Slobozia,Hârşova,421,422,0.304242,-0.489643,0.453212
Slobozia,Galaţi,421,588,0.514998,-0.49801,0.771472
Hârşova,Constanţa,422,423,0.310732,-0.48611,0.461782
Constanţa,Varna,423,463,0.261335,-0.468816,0.383853
Constanţa,Tulcea,423,589,0.310732,-0.48611,0.461782
Senaki,Samtredia,424,425,0.0295682,-0.522283,0.0450112
Senaki,Zugdidi,424,604,0.0787067,-0.521279,0.119735
Samtredia,Kutaisi,425,426,0.0113157,-0.521589,0.0172178
Kutaisi,Khashuri,426,427,0.00486738,-0.513939,0.00736892
Khashuri,Gori,427,428,0.00342217,-0.491036,0.00510258
Rustavi,Ganja,429,430,0.0111878,-0.492506,0.0166978
Ganja,Yevlakh,430,431,0.0257169,-0.497898,0.0385213
Ashgabat,Tejen,432,433,0.0187108,-0.400027,0.0261956
Tejen,Mary,433,434,0.00949338,-0.388721,0.0131837
Mary,Türkmenabat,434,435,0.00765656,-0.379695,0.0105637
Türkmenabat,Alat,435,436,0.011634,-0.381894,0.016077
Karshi,Guzar,437,438,0.0127418,-0.381912,0.017608
Guzar,Sherobod,438,439,0.0102876,-0.379113,0.0141878
Sherobod,Termez,439,440,0.0156338,-0.382209,0.0216092
Jirgatal,Sary Tash,441,442,0.030736,-0.388095,0.0426645
Jirgatal,Khorugh,441,694,0.0187234,-0.385122,0.0259343
Sary Tash,Irkeshtam,442,443,0.0402241,-0.392173,0.0559988
Irkeshtam,Osh,443,691,0.0812617,-0.394648,0.113331
A Coruña,Bilbao,444,445,0.0902049,-0.475517,0.133099
A Coruña,Pontevedra,444,481,0.0385959,-0.468055,0.0566609
Clermont-Ferrand,Montluçon,446,504,0.7725,-0.500999,1.15952
Chambéry,Susa,447,448,0.83402,-0.503287,1.25377
Chambéry,Marseille,447,736,0.633738,-0.504342,0.953359
Susa,Turin,448,449,0.530997,-0.494601,0.793629
Tortona,Brescia,450,451,0.199894,-0.459709,0.291787
Trieste,Postojna,452,453,0.268466,-0.48217,0.397912
Trieste,Ljubljana,452,454,0.529067,-0.487785,0.787138
Postojna,Ljubljana,453,454,0.37202,-0.491638,0.554919
Ljubljana,Maribor,454,535,0.654997,-0.496342,0.980099
Ljubljana,Naklo,454,538,0.951939,-0.496188,1.42428
Vršac,Timişoara,456,457,0.653317,-0.468278,0.959251
Timişoara,Drobeta-Turnu Severin,457,458,0.731755,-0.467384,1.07377
Timişoara,Arad,457,684,1.20044,-0.474288,1.7698
Drobeta-Turnu Severin,Craiova,458,459,0.700785,-0.463066,1.0253
Craiova,Alexandria,459,460,0.293038,-0.464824,0.429248
Craiova,Târgu Jiu,459,574,0.410941,-0.463888,0.601572
Craiova,Piteşti,459,583,0.381646,-0.46455,0.55894
Razgrad,Shumen,461,462,0.0651078,-0.446541,0.0941811
Shumen,Varna,462,463,0.105227,-0.454424,0.153045
Varna,Burgas,463,590,0.103453,-0.454468,0.150468
Lisbon,Valladolid,464,465,0.0663753,-0.455261,0.0965935
Lisbon,Porto,464,483,0.0595503,-0.445824,0.0860993
Lisbon,Albufeira,464,484,0.0581658,-0.443127,0.0839406
Toulouse,Nice,466,467,0.738495,-0.485727,1.0972
Nice,Cuneo,467,685,0.303098,-0.477804,0.447919
Sofia,Plovdiv,468,469,0.27526,-0.442491,0.39706
Sofia,Botevgrad,468,575,0.276371,-0.442416,0.398642
Sofia,Blagoevgrad,468,576,0.297503,-0.439662,0.428304
Sofia,Kyustendil,468,745,0.210712,-0.444968,0.304472
Plovdiv,Istanbul,469,470,0.114435,-0.441819,0.164995
Istanbul,İzmit,470,471,0.0547307,-0.440523,0.0788408
İzmit,Gerede,471,472,0.0187276,-0.437429,0.0269196
İzmit,Bursa,471,479,0.0187763,-0.435984,0.0269624
Gerede,Kızılcahamam,472,599,0.00874186,-0.434514,0.0125403
Mazara del Vallo,Palermo,473,474,6.601e-05,-0.479998,6.601e-05
Metaponto,Taranto,475,476,0.0073776,-0.434458,0.0105829
Metaponto,Potenza,475,743,0.0039625,-0.432582,0.00567661
Ioannina,Trikala,477,687,0.0239845,-0.404522,0.0336868
Gelibolu,Keşan,478,596,0.0746369,-0.410942,0.105308
Gelibolu,Ayvalık,478,597,0.0746425,-0.410958,0.105317
Bursa,Ankara,479,480,0.00944286,-0.430981,0.0135126
Bursa,Balıkesir,479,746,0.0110617,-0.425297,0.0157662
Ankara,Kızılcahamam,480,599,0.00635308,-0.431173,0.00909236
Pontevedra,Valença,481,482,0.0231168,-0.453967,0.0336111
Valença,Porto,482,483,0.0286264,-0.443899,0.0413336
Albufeira,Castro Marim,484,485,0.0299668,-0.436028,0.0430331
Castro Marim,Huelva,485,486,0.0279005,-0.434909,0.0400346
Cherbourg-Octeville,La Rochelle,487,488,0.173344,-0.512342,0.262155
Cherbourg-Octeville,Caen,487,661,0.381305,-0.516254,0.578155
La Rochelle,Saintes,488,730,0.143005,-0.502607,0.21488
Oslo,Hamar,489,490,0.0251497,-0.346379,0.033861
Oslo,Askim,489,619,0.0262108,-0.346114,0.0352828
Hamar,Lillehammer,490,491,0.0159019,-0.346534,0.0214124
Lillehammer,Dombås,491,492,0.0176751,-0.34631,0.0237961
Dombås,Trondheim,492,493,0.0316904,-0.345874,0.0426512
Trondheim,Stjørdal,493,494,0.0310121,-0.345716,0.0417334
Stjørdal,Steinkjer,494,495,0.0156134,-0.345473,0.0210074
Steinkjer,Mosjøen,495,496,0.0110027,-0.344067,0.0147883
Mosjøen,Mo i Rana,496,497,0.0139633,-0.342294,0.0187428
Mo i Rana,Umeå,497,612,0.026483,-0.341611,0.0355299
Setermoen,Alta,498,499,0.00212198,-0.447859,0.00307233
Alta,Olderfjord,499,500,0.00380937,-0.504563,0.00573143
Olderfjord,Lakselv,500,501,0.00934088,-0.52202,0.014217
Lakselv,Karasjok,501,502,0.0246246,-0.526538,0.0375905
Vierzon,Montluçon,503,504,0.478476,-0.502119,0.718728
Antwerp,Zeebrugge,505,642,2.64608,-0.518985,4.01936
Martigny,Sion,506,678,0.620396,-0.509525,0.936504
Bremen,Groningen,507,624,2.23642,-0.523495,3.40717
Stuttgart,Schaffhausen,510,511,2.01478,-0.523164,3.06884
Stuttgart,Ulm,510,512,1.77526,-0.521658,2.70134
Ulm,Lindau,512,513,1.52715,-0.519253,2.32012
Lindau,Waldshut,513,666,2.09195,-0.518457,3.17654
Buchs,Chur,514,515,0.270559,-0.514673,0.409809
Chur,San Bernardino,515,516,0.139545,-0.514285,0.211311
Halle,Plauen,518,519,1.3852,-0.519411,2.10469
Plauen,Schönberg,519,520,1.13172,-0.519322,1.71944
Plauen,Hof,519,528,1.50369,-0.519617,2.28503
Schönberg,Vojtanov,520,521,0.682997,-0.519526,1.03783
Vojtanov,Cheb,521,522,0.943948,-0.51971,1.43453
Cheb,Karlovy Vary,522,523,1.55834,-0.519082,2.36725
Cheb,Marktredwitz,522,663,1.24877,-0.520167,1.89834
Karlovy Vary,Teplice,523,715,0.960006,-0.518288,1.45757
České Budějovice,Halámky,524,525,1.30046,-0.514016,1.96892
Hirschberg,Hof,527,528,1.16404,-0.519662,1.76895
Hof,Bayreuth,528,529,1.89726,-0.520421,2.88463
Bayreuth,Marktredwitz,529,663,1.71223,-0.520628,2.60367
Bayerisch Eisenstein,Deggendorf,530,531,1.42797,-0.51805,2.16774
Liezen,Sankt Michael,532,533,0.763313,-0.508177,1.15121
Sankt Michael,Graz,533,534,1.35923,-0.505627,2.04649
Graz,Maribor,534,535,1.14313,-0.502208,1.71722
Graz,Spielfeld,534,536,0.874588,-0.504781,1.31606
Graz,Klagenfurt,534,683,1.6097,-0.502556,2.41867
Maribor,Spielfeld,535,536,0.381919,-0.497709,0.572004
Karavanke Tunnel,Naklo,537,538,0.833501,-0.501824,1.25177
Naklo,Loiblpass,538,734,0.792175,-0.500417,1.18859
Kemijärvi,Posio,539,540,0.00424075,-0.353119,0.00573823
Posio,Kuusamo,540,541,0.00266773,-0.347836,0.00359567
Kuusamo,Kajaani,541,542,0.00295059,-0.353257,0.0039929
Kajaani,Iisalmi,542,543,0.00531808,-0.362828,0.00724762
Iisalmi,Kuopio,543,544,0.0115447,-0.371187,0.0158299
Tampere,Turku,545,546,0.0169676,-0.407769,0.0238865
Tampere,Vaasa,545,616,0.0196256,-0.396502,0.0274072
Tampere,Hämeenlinna,545,618,0.0407768,-0.444996,0.0589222
Turku,Pori,546,617,0.00993199,-0.392361,0.0138289
Riga,Šiauliai,547,561,2.5474,-0.536789,3.91481
Riga,Rēzekne,547,627,2.68563,-0.535568,4.12397
Kłodzko,Kudowa-Zdrój,548,549,0.610221,-0.520569,0.927883
Kudowa-Zdrój,Náchod,549,550,0.511812,-0.518298,0.777083
Náchod,Hradec Králové,550,551,0.943946,-0.516783,1.43176
Hradec Králové,Olomouc,551,716,1.29739,-0.515528,1.96623
Miskolc,Debrecen,552,569,1.36452,-0.501987,2.04949
Szekszárd,Mohács,555,556,0.788957,-0.496386,1.18058
Mohács,Osijek,556,557,0.485799,-0.495876,0.726695
Osijek,Đakovo,557,558,0.286371,-0.493872,0.427802
Osijek,Sombor,557,735,0.467378,-0.491962,0.69731
Đakovo,Šamac,558,559,0.124695,-0.489076,0.185681
Šamac,Zenica,559,560,0.08499,-0.471898,0.125097
Zenica,Sarajevo,560,737,0.125498,-0.456796,0.182825
Šiauliai,Tolpaki,561,562,1.97579,-0.537116,3.03702
Šiauliai,Palanga,561,704,1.52204,-0.537002,2.33938
Šiauliai,Panevėžys,561,705,1.57478,-0.537084,2.42058
Tolpaki,Kaliningrad,562,563,1.24118,-0.534559,1.90466
Tolpaki,Nesterov,562,640,1.16697,-0.536974,1.7936
Trstená,Ružomberok,566,567,0.868887,-0.51413,1.31561
Ružomberok,Zvolen,567,568,1.55779,-0.509618,2.35166
Debrecen,Berettyóújfalu,569,570,0.938428,-0.496366,1.40423
Beiuş,Deva,571,572,0.625635,-0.479619,0.925702
Deva,Petroşani,572,573,0.498521,-0.470987,0.733317
Deva,Sibiu,572,582,0.644128,-0.47177,0.948008
Deva,Arad,572,684,0.894256,-0.474616,1.31868
Petroşani,Târgu Jiu,573,574,0.309938,-0.467166,0.454731
Botevgrad,Jablanica,575,585,0.117378,-0.441517,0.169202
Blagoevgrad,Serres,576,577,0.172475,-0.429696,0.246587
Halmeu,Satu Mare,578,579,1.94472,-0.494636,2.90665
Satu Mare,Zalău,579,580,0.819457,-0.490494,1.2214
Sebeş,Sibiu,581,582,0.2916,-0.474126,0.429856
Sibiu,Piteşti,582,583,0.310853,-0.468558,0.456505
Pleven,Jablanica,584,585,0.0620339,-0.44016,0.0893387
Izmail,Reni,586,587,0.799295,-0.5178,1.21317
Reni,Galaţi,587,588,0.652479,-0.509895,0.985174
Galaţi,Tulcea,588,589,0.393288,-0.499869,0.589881
Galaţi,Giurgiuleşti,588,729,0.781341,-0.510845,1.18049
Burgas,Malko Tarnovo,590,591,0.051546,-0.444829,0.0744751
Malko Tarnovo,Dereköy,591,592,0.0216317,-0.438494,0.031117
Dereköy,Kırklareli,592,593,0.0106881,-0.42744,0.0152566
Kırklareli,Babaeski,593,594,0.00888155,-0.412367,0.012544
Babaeski,Havsa,594,595,0.0143999,-0.406361,0.0202515
Havsa,Keşan,595,596,0.0316214,-0.407855,0.0445184
Ayvalık,İzmir,597,598,0.0316416,-0.407953,0.0445498
İzmir,Manisa,598,747,0.0144571,-0.406709,0.020337
Kherson,Dzhankoy,600,601,1.01082,-0.520656,1.53711
Kherson,Mykolaiv,600,673,1.16541,-0.522302,1.77411
Kherson,Melitopol,600,674,0.638344,-0.521726,0.971384
Sochi,Sukhumi,602,603,0.559506,-0.519335,0.850077
Sukhumi,Zugdidi,603,604,0.209901,-0.520267,0.319106
Jönköping,Linköping,605,606,0.0130097,-0.345139,0.0174998
Linköping,Norrköping,606,607,0.0174129,-0.345135,0.0234227
Norrköping,Södertälje,607,608,0.0270593,-0.345225,0.0364008
Norrköping,Kalmar,607,626,0.0173483,-0.345129,0.0233356
Uppsala,Sundsvall,609,610,0.0496044,-0.344517,0.066694
Sundsvall,Örnsköldsvik,610,611,0.0459921,-0.343734,0.0618012
Örnsköldsvik,Umeå,611,612,0.0370806,-0.342429,0.0497781
Haparanda,Tornio,613,614,0.0161817,-0.340438,0.0216905
Kokkola,Vaasa,615,616,0.0171124,-0.374002,0.0235125
Vaasa,Pori,616,617,0.0106902,-0.38417,0.0147971
Askim,Karlstad,619,620,0.0219123,-0.346028,0.0294946
Kotka,Vaalimaa,621,622,0.364893,-0.527587,0.557406
Vaalimaa,Vyborg,622,623,0.947389,-0.52942,1.44895
Groningen,Hoogeveen,624,698,0.812654,-0.522981,1.23766
Sassnitz,Stralsund,625,699,0.438519,-0.519223,0.666208
Rēzekne,Velikiye Luki,627,628,2.95628,-0.531073,4.52628
Rēzekne,Daugavpils,627,702,1.81282,-0.535148,2.78295
Vladimir,Nizhny Novgorod,629,630,1.74504,-0.515721,2.64499
Nizhny Novgorod,Kazan,630,631,0.74565,-0.51197,1.1274
Kazan,Yelabuga,631,632,0.50976,-0.495319,0.762254
Yelabuga,Perm,632,633,0.331661,-0.481441,0.491337
Perm,Yekaterinburg,633,634,0.144449,-0.478267,0.213534
Yekaterinburg,Tyumen,634,635,0.0954059,-0.463918,0.139666
Koszalin,Słupsk,637,638,0.255453,-0.52333,0.38914
Słupsk,Gdynia,638,639,0.422519,-0.526485,0.644969
Nesterov,Marijampolė,640,641,1.05356,-0.537366,1.61971
Aktobe,Karabutak,647,648,0.480326,-0.463506,0.702961
Karabutak,Aral,648,649,0.215556,-0.456938,0.314051
Aral,Novokazalinsk,649,650,0.147776,-0.438511,0.212577
Charleroi,Namur,651,652,1.23425,-0.521556,1.87798
St. Vith,Wittlich,653,654,1.21079,-0.524809,1.84622
Wittlich,Bingen,654,655,0.760663,-0.52624,1.16095
Bingen,Wiesbaden,655,656,1.11112,-0.526842,1.69651
Amiens,Charleville-Mézières,657,658,1.42505,-0.518823,2.1644
Trier,Koblenz,659,660,1.63866,-0.525179,2.49925
Caen,Rouen,661,662,0.982967,-0.516865,1.49103
Regensburg,Passau,667,668,1.21166,-0.519711,1.84138
Passau,Wels,668,669,1.21525,-0.516719,1.8432
Wels,Braunau am Inn,669,721,1.4123,-0.514894,2.13949
Iaşi,Sculeni,670,671,1.28838,-0.512047,1.9481
Iaşi,Bălţi,670,727,1.09757,-0.51217,1.65971
Sculeni,Chişinău,671,672,1.49699,-0.516925,2.27082
Chişinău,Giurgiuleşti,672,729,1.18992,-0.517214,1.80536
Melitopol,Taganrog,674,675,0.279166,-0.520523,0.424478
Poitiers,Mâcon,676,677,1.69831,-0.512144,2.56808
Sion,Simplon,678,679,0.270575,-0.503079,0.406695
Simplon,Gravellona Toce,679,680,0.192994,-0.484818,0.286561
Innichen,Spittal an der Drau,681,682,0.601724,-0.504938,0.905557
Klagenfurt,Loiblpass,683,734,0.922835,-0.502734,1.38678
Cuneo,Asti,685,686,0.177482,-0.473854,0.261583
Kokand,Andijan,689,690,0.0648504,-0.394505,0.0904342
Andijan,Osh,690,691,0.0852655,-0.393832,0.118846
Kulob,Kalaikhumb,692,693,0.0130291,-0.383902,0.018031
Kalaikhumb,Khorugh,693,694,0.0114766,-0.383356,0.0158763
Kokpek,Chundzha,695,696,0.0331743,-0.398741,0.0464022
Chundzha,Koktal,696,697,0.0251778,-0.398298,0.035206
Stralsund,Neubrandenburg,699,700,0.640818,-0.519312,0.973602
Ukmergė,Daugavpils,701,702,1.76716,-0.536943,2.71603
Ukmergė,Panevėžys,701,705,1.6193,-0.537355,2.48945
Breda,Gorinchem,706,707,0.801407,-0.521496,1.21934
Hasselt,Heerlen,708,709,1.17373,-0.52528,1.79026
Barwinek,Vyšný Komárnik,710,711,0.35061,-0.52078,0.533201
Vyšný Komárnik,Svidník,711,712,0.422454,-0.516132,0.640497
Lublin,Kovel,713,714,1.50577,-0.527354,2.29984
Olomouc,Český Těšín,716,717,0.826313,-0.516896,1.25343
Garmisch-Partenkirchen,Mittenwald,718,719,0.897185,-0.515288,1.35949
Mittenwald,Seefeld,719,720,0.573632,-0.512924,0.867861
Nyíregyháza,Chop,722,723,0.93206,-0.505241,1.40297
Dunajská Streda,Medveďov,724,725,0.614207,-0.509884,0.927382
Medveďov,Vámosszabadi,725,726,0.533232,-0.507897,0.804058
Bălţi,Mohyliv-Podilskyi,727,728,0.856617,-0.520652,1.30262
Saintes,Angoulême,730,731,0.256417,-0.4973,0.383933
St. Johann in Tirol,Lofer,732,733,0.905392,-0.512455,1.36937
Sarajevo,Užice,737,738,0.168898,-0.454981,0.245743
Užice,Čačak,738,739,0.252625,-0.458219,0.368382
Čačak,Nova Varoš,739,740,0.252369,-0.458163,0.367994
Avellino,Benevento,741,742,0.0346807,-0.43863,0.0498927
Balıkesir,Manisa,746,747,0.00903244,-0.412623,0.0127594
Warsaw,Brest-Litovsk,316,0,2.82636,-0.531516,4.32862
Brest-Litovsk,Minsk,0,318,2.79069,-0.53395,4.28078
Lyon,Mâcon,17,677,1.69788,-0.509843,2.56354
Beaune,Mâcon,395,677,2.98542,-0.513796,4.51932
