Glasgow,Preston,1,2,6.60249e-05,-0.477153,6.60249e-05
Glasgow,Edinburgh,1,13,6.60249e-05,-0.477153,6.60249e-05
Preston,Birmingham,2,3,6.60249e-05,-0.477153,6.60249e-05
Birmingham,Cambridge,3,636,6.60249e-05,-0.477153,6.60249e-05
Le Havre,Paris,4,5,2.00833,-0.516082,3.0448
Le Havre,Amiens,4,657,1.12544,-0.517766,1.70815
Paris,Orléans,5,6,2.10875,-0.51043,3.18512
Paris,Calais,5,16,1.73875,-0.51614,2.63618
Paris,Lyon,5,17,2.62565,-0.510694,3.96656
Paris,Brussels,5,326,3.04781,-0.518717,4.62877
Paris,Le Mans,5,366,1.68888,-0.51237,2.5542
Paris,Reims,5,367,1.92372,-0.517028,2.91834
Paris,Chaumont,5,665,2.7882,-0.517492,4.23107
Orléans,Bordeaux,6,7,1.03588,-0.500907,1.55476
Orléans,Tours,6,392,1.14088,-0.501962,1.71355
Orléans,Montargis,6,393,1.41544,-0.505558,2.13103
Orléans,Toulouse,6,466,1.19273,-0.497459,1.78606
Bordeaux,San Sebastián,7,8,0.596588,-0.487814,0.887612
Bordeaux,Clermont-Ferrand,7,446,1.11853,-0.496356,1.67373
Bordeaux,Toulouse,7,466,0.505352,-0.485777,0.75084
Bordeaux,Angoulême,7,731,0.659446,-0.492791,0.984415
San Sebastián,Burgos,8,9,0.316172,-0.466282,0.463597
San Sebastián,Bilbao,8,445,0.254405,-0.468992,0.373719
San Sebastián,Toulouse,8,466,0.408917,-0.479365,0.604937
Burgos,Madrid,9,10,0.189891,-0.449458,0.275238
Burgos,Valladolid,9,465,0.124481,-0.452879,0.180855
Madrid,Seville,10,11,0.123835,-0.436207,0.177853
Madrid,Barcelona,10,21,0.272526,-0.461648,0.398337
Madrid,Valencia,10,24,0.135184,-0.443171,0.195094
Madrid,Lisbon,10,464,0.124082,-0.439791,0.178652
Seville,Algeciras,11,12,0.0601828,-0.423506,0.0856705
Seville,Huelva,11,486,0.0630894,-0.422873,0.0897682
Algeciras,Málaga,12,28,0.0266638,-0.416154,0.0377601
Edinburgh,Newcastle,13,14,6.60249e-05,-0.477153,6.60249e-05
Newcastle,London,14,15,6.60249e-05,-0.477153,6.60249e-05
London,Colchester,15,305,6.60249e-05,-0.477153,6.60249e-05
Calais,Bruges,16,324,1.76147,-0.518878,2.67546
Calais,Rouen,16,662,1.15865,-0.517333,1.75805
Lyon,Orange,17,18,1.21018,-0.49984,1.81508
Lyon,Clermont-Ferrand,17,446,1.35306,-0.500127,2.02976
Lyon,Chambéry,17,447,1.19874,-0.506742,1.80619
Orange,Narbonne,18,19,0.548234,-0.496958,0.820682
Orange,Marseille,18,736,0.517278,-0.503076,0.777508
Narbonne,Girona,19,20,0.306979,-0.486586,0.456351
Girona,Barcelona,20,21,0.364469,-0.474379,0.537365
Barcelona,Tarragona,21,22,0.234884,-0.466574,0.344475
Barcelona,Toulouse,21,466,0.663624,-0.47835,0.981068
Tarragona,Castellón de la Plana,22,23,0.114901,-0.456064,0.167304
Castellón de la Plana,Valencia,23,24,0.0997233,-0.442853,0.143886
Valencia,Alicante,24,25,0.0742602,-0.435465,0.106598
Alicante,Murcia,25,26,0.0318373,-0.427567,0.0454499
Murcia,Almería,26,27,0.0166396,-0.417542,0.0235873
Almería,Málaga,27,28,0.0153374,-0.411698,0.0216517
Hook of Holland,Rotterdam,29,30,0.570008,-0.521575,0.86731
Hook of Holland,The Hague,29,307,0.307715,-0.521105,0.468067
Rotterdam,Eindhoven,30,31,1.42691,-0.521639,2.17123
Eindhoven,Maastricht,31,32,1.53556,-0.522773,2.3383
Eindhoven,Antwerp,31,505,2.57413,-0.520808,3.91475
Eindhoven,Venlo,31,643,1.95684,-0.522311,2.97892
Eindhoven,Breda,31,706,1.44222,-0.521627,2.19452
Maastricht,Liège,32,33,1.90645,-0.523994,2.90542
Liège,Bastogne,33,34,1.77633,-0.524673,2.70833
Liège,Leuven,33,327,2.90122,-0.523686,4.42055
Liège,Eupen,33,328,1.85261,-0.52549,2.82614
Liège,Antwerp,33,505,3.23809,-0.521892,4.92803
Liège,Namur,33,652,1.98101,-0.523878,3.01882
Liège,St. Vith,33,653,1.62331,-0.524729,2.4751
Liège,Charleville-Mézières,33,658,2.1152,-0.523535,3.22258
Bastogne,Arlon,34,35,1.07083,-0.525228,1.63325
Arlon,Luxembourg,35,36,1.49018,-0.524651,2.272
Luxembourg,Metz,36,37,2.4749,-0.522277,3.76748
Luxembourg,St. Vith,36,653,1.80306,-0.525327,2.75025
Luxembourg,Charleville-Mézières,36,658,1.38648,-0.523109,2.11176
Luxembourg,Trier,36,659,1.77562,-0.525442,2.7086
Metz,Saint-Avold,37,38,2.96809,-0.521905,4.51715
Metz,Lausanne,37,44,2.45221,-0.520908,3.72958
Metz,Geneva,37,45,2.69341,-0.515895,4.08293
Metz,Brussels,37,326,3.4052,-0.521164,5.17986
Metz,Reims,37,367,2.4874,-0.520015,3.78089
Metz,Saarbrücken,37,368,2.82208,-0.523387,4.29912
Saint-Avold,Strasbourg,38,39,2.24703,-0.523017,3.42226
Strasbourg,Mulhouse,39,40,2.82564,-0.523823,4.30577
Strasbourg,Appenweier,39,664,2.12798,-0.524328,3.24374
Mulhouse,Basel,40,41,2.70959,-0.523286,4.12747
Mulhouse,Belfort,40,398,2.03596,-0.522966,3.1007
Mulhouse,Chaumont,40,665,2.58551,-0.521275,3.93327
Basel,Olten,41,42,1.6191,-0.522833,2.46561
Basel,Offenburg,41,61,2.31558,-0.523534,3.52787
Basel,Zürich,41,399,1.90004,-0.522277,2.89239
Basel,Waldshut,41,666,2.24666,-0.521586,3.41849
Olten,Bern,42,43,1.64802,-0.522362,2.50889
Olten,Lucerne,42,62,1.01745,-0.522637,1.5492
Bern,Lausanne,43,44,1.34764,-0.520492,2.04907
Bern,Belfort,43,398,1.68,-0.522256,2.55739
Bern,Martigny,43,506,0.947384,-0.51659,1.43679
Lausanne,Geneva,44,45,1.06842,-0.511385,1.6148
Lausanne,Martigny,44,506,0.823122,-0.514349,1.24649
Geneva,Mont Blanc,45,46,1.19779,-0.508968,1.80743
Geneva,Chambéry,45,447,1.33867,-0.506274,2.01641
Geneva,Mâcon,45,677,2.09048,-0.512352,3.16154
Mont Blanc,Aosta,46,47,0.70558,-0.506114,1.06268
Aosta,Ivrea,47,48,0.623808,-0.496761,0.933691
Aosta,Martigny,47,506,0.841366,-0.499844,1.26192
Ivrea,Vercelli,48,49,0.253004,-0.48713,0.37625
Ivrea,Turin,48,449,0.377315,-0.484922,0.560283
Vercelli,Alessandria,49,50,0.21441,-0.473518,0.315938
Alessandria,Genoa,50,51,0.273733,-0.461203,0.399979
Alessandria,Turin,50,449,0.271235,-0.475202,0.400126
Alessandria,Tortona,50,450,0.192666,-0.46411,0.282084
Alessandria,Asti,50,686,0.249265,-0.465884,0.365393
Genoa,Rome,51,74,0.542073,-0.449488,0.785729
Genoa,Tortona,51,450,0.308692,-0.454724,0.449062
Genoa,Nice,51,467,0.450137,-0.465125,0.659508
Amsterdam,Utrecht,52,53,1.3067,-0.521615,1.98829
Amsterdam,Amersfoort,52,309,0.76057,-0.522032,1.15761
Amsterdam,Brussels,52,326,3.21434,-0.521552,4.89078
Amsterdam,Groningen,52,624,1.36213,-0.522406,2.07372
Utrecht,Arnhem,53,54,0.993508,-0.521661,1.51178
Utrecht,Gouda,53,308,0.80584,-0.520993,1.22568
Utrecht,Amersfoort,53,309,0.75011,-0.521292,1.14114
Utrecht,Gorinchem,53,707,0.953996,-0.521167,1.45119
Arnhem,Emmerich,54,55,0.9008,-0.523033,1.37195
Emmerich,Oberhausen,55,56,1.75039,-0.524046,2.66767
Oberhausen,Cologne,56,57,3.00457,-0.525225,4.58264
Oberhausen,Dortmund,56,508,2.11855,-0.524265,3.22923
Oberhausen,Venlo,56,643,1.99559,-0.523108,3.0395
Cologne,Frankfurt am Main,57,58,3.48732,-0.526979,5.32507
Cologne,Aachen,57,329,3.05226,-0.527152,4.66126
Cologne,Olpe,57,330,2.15765,-0.526477,3.29361
Cologne,Bremen,57,507,3.1839,-0.52474,4.85462
Frankfurt am Main,Heidelberg,58,59,3.12295,-0.527681,4.77087
Frankfurt am Main,Gießen,58,332,2.21929,-0.527747,3.39051
Frankfurt am Main,Mannheim,58,369,3.59787,-0.527381,5.49531
Frankfurt am Main,Aschaffenburg,58,509,2.60472,-0.526914,3.97718
Frankfurt am Main,Wiesbaden,58,656,2.54593,-0.528175,3.89062
Heidelberg,Karlsruhe,59,60,2.64139,-0.526586,4.03232
Karlsruhe,Offenburg,60,61,2.27623,-0.524075,3.46915
Karlsruhe,Stuttgart,60,510,3.1744,-0.524357,4.83891
Karlsruhe,Appenweier,60,664,2.42068,-0.525258,3.69217
Lucerne,Altdorf,62,63,0.746862,-0.522286,1.13694
Altdorf,Gotthard Pass,63,64,0.524901,-0.521119,0.798437
Altdorf,Zürich,63,399,0.98631,-0.521625,1.50079
Gotthard Pass,Bellinzona,64,65,0.266459,-0.517412,0.404328
Bellinzona,Lugano,65,66,0.139667,-0.505749,0.210303
Bellinzona,San Bernardino,65,516,0.152737,-0.511984,0.230936
Lugano,Chiasso,66,67,0.0945856,-0.482767,0.140248
Chiasso,Como,67,68,0.14083,-0.464024,0.206179
Como,Milan,68,69,0.317772,-0.460903,0.464235
Milan,Piacenza,69,70,0.370468,-0.457926,0.540115
Milan,Turin,69,449,0.424048,-0.471637,0.624045
Milan,Tortona,69,450,0.261251,-0.45955,0.381309
Milan,Brescia,69,451,0.327694,-0.45785,0.477729
Milan,Gravellona Toce,69,680,0.343911,-0.464634,0.503704
Piacenza,Parma,70,71,0.275025,-0.452636,0.399511
Parma,Modena,71,72,0.428555,-0.450688,0.6217
Modena,Florence,72,73,0.502552,-0.44663,0.727007
Modena,Verona,72,94,0.576679,-0.451401,0.836992
Modena,Bologna,72,95,0.489745,-0.447373,0.708844
Florence,Rome,73,74,0.455249,-0.444962,0.657817
Rome,Pescara,74,125,0.449925,-0.442525,0.649028
Östersund,Mora,75,76,0.0735938,-0.345894,0.0990495
Östersund,Trondheim,75,493,0.0876233,-0.346102,0.11795
Östersund,Sundsvall,75,610,0.092161,-0.344644,0.123924
Mora,Säffle,76,77,0.0537114,-0.346327,0.0723131
Säffle,Gothenburg,77,78,0.0710325,-0.346408,0.0956387
Gothenburg,Halmstad,78,300,0.0681078,-0.346155,0.0916836
Gothenburg,Örebro,78,301,0.0735942,-0.345877,0.0990487
Gothenburg,Oslo,78,489,0.0623977,-0.346628,0.0840264
Hamburg,Hanover,79,80,1.96961,-0.521782,2.99731
Hamburg,Berlin,79,108,2.15018,-0.520003,3.26829
Hamburg,Bremen,79,507,2.4625,-0.522887,3.75011
Hamburg,Lübeck,79,517,1.1275,-0.521072,1.71501
Hanover,Göttingen,80,81,1.36647,-0.523333,2.08159
Hanover,Bad Oeynhausen,80,312,1.56935,-0.52321,2.39045
Hanover,Braunschweig,80,313,1.45611,-0.520789,2.21444
Göttingen,Kassel,81,82,1.23514,-0.524535,1.88302
Kassel,Fulda,82,83,1.66516,-0.525569,2.54032
Kassel,Dortmund,82,508,1.93379,-0.524896,2.94882
Fulda,Würzburg,83,84,2.41296,-0.525822,3.68175
Würzburg,Nuremberg,84,85,3.6022,-0.524948,5.49317
Würzburg,Aschaffenburg,84,509,3.17389,-0.526163,4.84387
Würzburg,Stuttgart,84,510,2.5308,-0.526339,3.86285
Würzburg,Ulm,84,512,1.64783,-0.523337,2.5102
Nuremberg,Munich,85,86,3.06832,-0.519925,4.66362
Nuremberg,Heilbronn,85,370,3.23694,-0.524839,4.93582
Nuremberg,Rozvadov,85,371,2.55102,-0.52179,3.88211
Nuremberg,Bayreuth,85,529,3.41882,-0.522222,5.2042
Nuremberg,Regensburg,85,667,2.42424,-0.521983,3.68965
Munich,Rosenheim,86,87,2.20564,-0.515633,3.34294
Munich,Salzburg,86,115,2.63045,-0.514461,3.98371
Munich,Ulm,86,512,2.21199,-0.519248,3.36055
Munich,Lindau,86,513,2.44186,-0.516276,3.70253
Munich,Deggendorf,86,531,2.41321,-0.518136,3.66358
Munich,Garmisch-Partenkirchen,86,718,2.13881,-0.515953,3.24233
Munich,Braunau am Inn,86,721,1.89814,-0.5167,2.87891
Rosenheim,Wörgl,87,88,1.47275,-0.513339,2.22878
Rosenheim,Bad Reichenhall,87,407,1.17083,-0.513732,1.77232
Wörgl,Innsbruck,88,89,1.40767,-0.510215,2.12588
Wörgl,St. Johann in Tirol,88,732,1.05301,-0.511514,1.59164
Innsbruck,Brenner,89,90,0.826428,-0.506678,1.24516
Innsbruck,Telfs,89,405,0.721723,-0.508864,1.08898
Innsbruck,Imst,89,406,0.73738,-0.508951,1.11267
Innsbruck,Seefeld,89,720,0.849702,-0.50912,1.2823
Brenner,Fortezza,90,91,0.507876,-0.501475,0.762563
Fortezza,Bolzano,91,92,0.348273,-0.489593,0.518785
Fortezza,Innichen,91,681,0.445838,-0.500052,0.66878
Bolzano,Trento,92,93,0.285669,-0.468336,0.419458
Trento,Verona,93,94,0.490644,-0.455395,0.714081
Verona,Mestre,94,120,0.696347,-0.454371,1.01275
Verona,Brescia,94,451,0.521315,-0.453028,0.757485
Bologna,Cesena,95,96,0.418922,-0.44664,0.60603
Cesena,Perugia,96,97,0.291377,-0.446494,0.421475
Cesena,Ravenna,96,121,0.432079,-0.44985,0.62645
Cesena,Rimini,96,122,0.302251,-0.44602,0.437061
Perugia,Fiano Romano,97,98,0.120636,-0.445379,0.174364
Fiano Romano,Naples,98,99,0.0573518,-0.443418,0.0827827
Naples,Salerno,99,100,0.0154114,-0.440846,0.0222055
Naples,Avellino,99,741,0.023307,-0.43711,0.0334948
Salerno,Sicignano degli Alburni,100,101,0.00926463,-0.431427,0.0132616
Salerno,Avellino,100,741,0.0122174,-0.42958,0.0174657
Sicignano degli Alburni,Potenza,101,743,0.00501587,-0.425568,0.00715046
Messina,Catania,102,103,6.60249e-05,-0.477153,6.60249e-05
Messina,Palermo,102,474,6.60249e-05,-0.477153,6.60249e-05
Catania,Siracusa,103,104,6.60249e-05,-0.477153,6.60249e-05
Siracusa,Gela,104,105,6.60249e-05,-0.477153,6.60249e-05
Gela,Mazara del Vallo,105,473,6.60249e-05,-0.477153,6.60249e-05
Helsingborg,Copenhagen,299,106,0.0152278,-0.344927,0.0204803
Copenhagen,Malmö,106,135,0.00782084,-0.344044,0.0105116
Rostock,Berlin,107,108,1.61734,-0.518801,2.45642
Rostock,Lübeck,107,517,0.810569,-0.519615,1.23175
Rostock,Sassnitz,107,625,0.683998,-0.518668,1.03877
Berlin,Lübbenau,108,109,2.42254,-0.518544,3.67874
Berlin,Szczecin,108,137,1.91817,-0.51868,2.91308
Berlin,Świebodzin,108,139,2.29038,-0.519282,3.47973
Berlin,Magdeburg,108,314,2.42041,-0.519436,3.67766
Berlin,Leipzig,108,526,2.13939,-0.51858,3.24883
Berlin,Neubrandenburg,108,700,1.49177,-0.518766,2.26565
Lübbenau,Dresden,109,110,1.78347,-0.518156,2.70759
Lübbenau,Cottbus,109,644,1.32535,-0.518167,2.01211
Dresden,Ústí nad Labem,110,111,1.81655,-0.517651,2.75688
Dresden,Chemnitz,110,337,2.03415,-0.518039,3.08792
Dresden,Görlitz,110,338,1.30668,-0.517941,1.98347
Ústí nad Labem,Prague,111,112,2.04334,-0.51722,3.10019
Prague,Tábor,112,113,1.98226,-0.515672,3.00446
Prague,Mladá Boleslav,112,146,1.15081,-0.517473,1.74632
Prague,Jihlava,112,147,2.00541,-0.515304,3.0388
Prague,Plzeň,112,372,2.22903,-0.517347,3.38221
Prague,Karlovy Vary,112,523,1.37342,-0.517715,2.08446
Prague,Hradec Králové,112,551,1.49416,-0.516985,2.26662
Tábor,Linz,113,114,1.75088,-0.514929,2.65246
Linz,Salzburg,114,115,1.85253,-0.513097,2.80306
Linz,Sattledt,114,408,0.74981,-0.51389,1.13513
Linz,Sankt Pölten,114,409,1.75555,-0.513227,2.65655
Linz,Wels,114,669,1.32242,-0.514965,2.00341
Salzburg,Villach,115,116,2.77897,-0.508441,4.19192
Salzburg,Bad Reichenhall,115,407,1.42617,-0.512267,2.15675
Salzburg,Sattledt,115,408,1.49477,-0.512618,2.26102
Salzburg,Lofer,115,733,1.70452,-0.51228,2.57771
Villach,Tarvisio,116,117,1.44771,-0.504559,2.17817
Villach,Karavanke Tunnel,116,537,1.24006,-0.504923,1.8662
Villach,Spittal an der Drau,116,682,1.41413,-0.506013,2.1297
Villach,Klagenfurt,116,683,1.51511,-0.505829,2.2815
Tarvisio,Udine,117,118,0.708401,-0.496514,1.06013
Udine,Palmanova,118,119,0.672551,-0.480384,0.995633
Palmanova,Mestre,119,120,0.792891,-0.466155,1.1625
Palmanova,Trieste,119,452,0.795131,-0.47564,1.17333
Mestre,Ravenna,120,121,0.530585,-0.454883,0.771939
Rimini,Fano,122,123,0.151807,-0.443196,0.219087
Fano,Ancona,123,124,0.135923,-0.439457,0.195655
Ancona,Pescara,124,125,0.239503,-0.438946,0.344631
Pescara,Canosa di Puglia,125,126,0.260335,-0.437869,0.374327
Canosa di Puglia,Bari,126,127,0.0854493,-0.433851,0.122522
Canosa di Puglia,Benevento,126,742,0.0877696,-0.434253,0.125884
Bari,Brindisi,127,128,0.0232507,-0.431436,0.0332819
Bari,Taranto,127,476,0.0220727,-0.431057,0.0315873
Brindisi,Taranto,128,476,0.00554222,-0.425976,0.00790307
Igoumenitsa,Preveza,129,130,0.0160912,-0.395113,0.0224491
Igoumenitsa,Ioannina,129,477,0.0364965,-0.399622,0.0510813
Preveza,Rhion,130,131,0.00840168,-0.38453,0.0116324
Rhion,Patras,131,132,0.00327972,-0.363857,0.00447307
Rhion,Aigio,131,175,0.00327972,-0.363857,0.00447307
Patras,Pyrgos,132,133,0.00151436,-0.347368,0.0020404
Pyrgos,Kalamata,133,134,0.00080109,-0.325959,0.00106221
Kalamata,Tripoli,134,177,0.000610062,-0.313128,0.00080109
Malmö,Helsingborg,135,299,0.02098,-0.344731,0.0282125
Malmö,Kalmar,135,626,0.0200103,-0.344258,0.026899
Goleniów,Szczecin,136,137,0.817377,-0.518483,1.24117
Goleniów,Koszalin,136,637,0.351434,-0.519021,0.533835
Szczecin,Gorzów Wielkopolski,137,138,0.869511,-0.518834,1.32064
Gorzów Wielkopolski,Świebodzin,138,139,1.04028,-0.519759,1.58098
Świebodzin,Zielona Góra,139,140,1.37481,-0.519894,2.08956
Świebodzin,Poznań,139,315,2.16141,-0.521777,3.28919
Zielona Góra,Legnica,140,141,1.37827,-0.519916,2.09486
Legnica,Jelenia Góra,141,142,1.24112,-0.518614,1.88478
Legnica,Görlitz,141,338,1.37826,-0.518448,2.09281
Legnica,Wrocław,141,339,2.0867,-0.519474,3.17068
Legnica,Cottbus,141,644,1.37956,-0.518459,2.09481
Jelenia Góra,Harrachov,142,143,0.535773,-0.518198,0.813409
Harrachov,Železný Brod,143,144,0.385698,-0.51799,0.585486
Železný Brod,Turnov,144,145,0.6352,-0.518038,0.964257
Turnov,Mladá Boleslav,145,146,0.675482,-0.517772,1.02523
Turnov,Hradec Králové,145,551,0.954208,-0.517576,1.44808
Turnov,Teplice,145,715,0.820743,-0.518571,1.24636
Jihlava,Brno,147,148,1.01973,-0.514069,1.54395
Jihlava,Vienna,147,410,1.64479,-0.513684,2.4897
Brno,Bratislava,148,149,1.44356,-0.513027,2.18415
Brno,Trenčín,148,373,1.41821,-0.514438,2.14779
Brno,Vienna,148,410,1.65321,-0.511662,2.49909
Brno,Olomouc,148,716,1.42791,-0.514814,2.16302
Bratislava,Rajka,149,150,1.55526,-0.511658,2.35103
Bratislava,Žilina,149,195,1.63073,-0.514063,2.46903
Bratislava,Győr,149,196,1.61612,-0.508864,2.43851
Bratislava,Vienna,149,410,2.22106,-0.507357,3.34793
Bratislava,Zvolen,149,568,2.1643,-0.513091,3.27479
Bratislava,Dunajská Streda,149,724,1.33461,-0.511678,2.0175
Rajka,Csorna,150,151,0.616757,-0.511312,0.932112
Csorna,Szombathely,151,152,0.30896,-0.50751,0.46576
Szombathely,Zalaegerszeg,152,153,0.314763,-0.499419,0.471961
Zalaegerszeg,Nagykanizsa,153,154,0.634962,-0.495458,0.949559
Nagykanizsa,Letenye,154,155,0.397143,-0.494693,0.593607
Nagykanizsa,Zagreb,154,156,0.880831,-0.489065,1.31162
Nagykanizsa,Balatonvilágos,154,553,1.25578,-0.49731,1.88028
Letenye,Zagreb,155,156,0.483689,-0.484444,0.718009
Zagreb,Karlovac,156,157,0.712576,-0.483092,1.05682
Zagreb,Ljubljana,156,454,0.685287,-0.485186,1.01778
Zagreb,Slavonski Brod,156,455,0.822675,-0.473298,1.21205
Zagreb,Maribor,156,535,0.809539,-0.489605,1.20589
Karlovac,Rijeka,157,158,0.319156,-0.480333,0.472458
Karlovac,Knin,157,554,0.255991,-0.480466,0.378986
Rijeka,Split,158,159,0.218646,-0.477098,0.322961
Rijeka,Trieste,158,452,0.549317,-0.479718,0.812835
Split,Dubrovnik,159,160,0.163576,-0.467597,0.240063
Split,Knin,159,554,0.15548,-0.476001,0.229489
Dubrovnik,Petrovac,160,161,0.0553548,-0.459256,0.0807768
Dubrovnik,Podgorica,160,162,0.127133,-0.451152,0.184489
Petrovac,Podgorica,161,162,0.0863152,-0.444858,0.124713
Petrovac,Prizren,161,744,0.0787549,-0.446129,0.11389
Podgorica,Bijelo Polje,162,163,0.131916,-0.445794,0.190724
Podgorica,Pristina,162,164,0.182823,-0.445709,0.264309
Podgorica,Sarajevo,162,737,0.226572,-0.445853,0.327589
Bijelo Polje,Pristina,163,164,0.18402,-0.445798,0.266056
Bijelo Polje,Nova Varoš,163,740,0.197719,-0.44854,0.286403
Pristina,Skopje,164,165,0.250477,-0.442885,0.361409
Pristina,Niš,164,202,0.479888,-0.449487,0.695592
Pristina,Prizren,164,744,0.151745,-0.445265,0.219312
Skopje,Kičevo,165,166,0.173699,-0.439148,0.249979
Skopje,Kumanovo,165,203,0.244993,-0.443898,0.353745
Skopje,Veles,165,204,0.185297,-0.436883,0.26625
Kičevo,Ohrid,166,167,0.0727241,-0.436182,0.104445
Ohrid,Bitola,167,168,0.0351912,-0.42892,0.0502853
Bitola,Niki,168,169,0.0278466,-0.414513,0.0393893
Niki,Vevi,169,170,0.0435875,-0.40492,0.061237
Vevi,Kozani,170,171,0.0946274,-0.403249,0.132786
Kozani,Larissa,171,172,0.0640778,-0.403034,0.0899034
Kozani,Thessaloniki,171,207,0.207079,-0.405067,0.29096
Kozani,Ioannina,171,477,0.0781837,-0.402608,0.109661
Larissa,Domokos,172,173,0.0285819,-0.402245,0.0400788
Larissa,Lamia,172,174,0.0285819,-0.402245,0.0400788
Larissa,Katerini,172,208,0.0811621,-0.403809,0.113936
Larissa,Trikala,172,687,0.0407971,-0.401672,0.0571842
Domokos,Lamia,173,174,6.60249e-05,-0.477153,3.30125e-05
Aigio,Corinth,175,176,0.00151436,-0.347368,0.0020404
Corinth,Tripoli,176,177,0.00080109,-0.325959,0.00106221
Varangerbotn,Utsjoki,178,179,0.0647932,-0.521048,0.0985536
Varangerbotn,Kirkenes,178,243,0.15945,-0.528776,0.243763
Varangerbotn,Karasjok,178,502,0.0639644,-0.523749,0.0974658
Utsjoki,Inari,179,180,0.0265665,-0.500775,0.0398703
Inari,Ivalo,180,181,0.0149474,-0.439077,0.0215104
Ivalo,Sodankylä,181,182,0.0164544,-0.365314,0.0224654
Sodankylä,Rovaniemi,182,183,0.0226446,-0.335234,0.0302358
Sodankylä,Kemijärvi,182,539,0.0141034,-0.337432,0.0188623
Rovaniemi,Kemi,183,184,0.0325516,-0.333373,0.0434034
Kemi,Oulu,184,185,0.0460531,-0.341798,0.061794
Kemi,Tornio,184,614,0.0339144,-0.33353,0.0452259
Oulu,Jyväskylä,185,186,0.0429756,-0.351041,0.0580618
Oulu,Kokkola,185,615,0.0327388,-0.351158,0.0442353
Jyväskylä,Heinola,186,187,0.0484642,-0.378038,0.0667855
Jyväskylä,Kuopio,186,544,0.0397491,-0.360241,0.0540684
Jyväskylä,Tampere,186,545,0.049582,-0.372232,0.0680381
Heinola,Lahti,187,188,0.0431856,-0.419364,0.0612961
Lahti,Helsinki,188,189,0.0741279,-0.457374,0.108032
Helsinki,Hämeenlinna,189,618,0.0750266,-0.456741,0.109294
Helsinki,Kotka,189,621,0.168545,-0.508975,0.254331
Gdańsk,Świecie,190,191,1.64273,-0.525718,2.50635
Gdańsk,Kaliningrad,190,563,1.25084,-0.529346,1.91297
Gdańsk,Elbląg,190,564,1.40155,-0.527133,2.14036
Gdańsk,Gdynia,190,639,1.00192,-0.526567,1.5295
Świecie,Łódź,191,192,1.16933,-0.524138,1.78222
Świecie,Poznań,191,315,1.55556,-0.524753,2.37185
Łódź,Piotrków Trybunalski,192,193,1.33847,-0.524594,2.04062
Piotrków Trybunalski,Katowice,193,194,1.59356,-0.523261,2.42741
Piotrków Trybunalski,Warsaw,193,316,2.28144,-0.527571,3.48505
Piotrków Trybunalski,Wrocław,193,339,1.61272,-0.522675,2.45565
Katowice,Žilina,194,195,1.33515,-0.518673,2.02766
Katowice,Zabrze,194,342,1.16504,-0.520558,1.7715
Katowice,Kraków,194,343,1.78464,-0.521129,2.71466
Katowice,Český Těšín,194,717,0.927662,-0.520097,1.41014
Žilina,Olomouc,195,716,0.811844,-0.5162,1.23092
Győr,Budapest,196,197,2.25988,-0.505346,3.4019
Győr,Vámosszabadi,196,726,1.01358,-0.508346,1.52883
Budapest,Szeged,197,198,2.46681,-0.493629,3.68451
Budapest,Mosonmagyaróvár,197,412,2.42037,-0.504114,3.64051
Budapest,Szolnok,197,413,2.41993,-0.497603,3.62409
Budapest,Miskolc,197,552,2.42793,-0.502439,3.64781
Budapest,Balatonvilágos,197,553,2.17621,-0.495577,3.2547
Budapest,Szekszárd,197,555,1.95963,-0.501484,2.94235
Budapest,Zvolen,197,568,2.21886,-0.505266,3.33998
Szeged,Subotica,198,199,1.45502,-0.492926,2.17223
Szeged,Arad,198,684,1.85627,-0.482403,2.75174
Subotica,Novi Sad,199,200,0.876735,-0.480996,1.29844
Subotica,Sombor,199,735,0.774536,-0.489852,1.15394
Novi Sad,Belgrade,200,201,0.883787,-0.470468,1.29958
Belgrade,Niš,201,202,0.774439,-0.46075,1.13126
Belgrade,Slavonski Brod,201,455,0.797862,-0.467679,1.17101
Belgrade,Vršac,201,456,0.74165,-0.464172,1.0859
Belgrade,Čačak,201,739,0.666436,-0.460084,0.973052
Niš,Kumanovo,202,203,0.34013,-0.451956,0.493854
Niš,Drobeta-Turnu Severin,202,458,0.762407,-0.456031,1.11009
Niš,Sofia,202,468,0.605266,-0.447309,0.876008
Kumanovo,Kyustendil,203,745,0.224542,-0.444776,0.324413
Veles,Gevgelija,204,205,0.105268,-0.426103,0.150123
Gevgelija,Evzoni,205,206,0.114948,-0.411984,0.162305
Evzoni,Thessaloniki,206,207,0.219342,-0.406811,0.308573
Thessaloniki,Katerini,207,208,0.149373,-0.405718,0.209976
Thessaloniki,Alexandroupoli,207,233,0.311995,-0.40465,0.438244
Thessaloniki,Serres,207,577,0.258035,-0.411877,0.364313
Klaipėda,Kaunas,209,210,1.79624,-0.537879,2.7624
Klaipėda,Palanga,209,704,1.0488,-0.538766,1.61385
Kaunas,Vilnius,210,211,1.99473,-0.53785,3.06759
Kaunas,Warsaw,210,316,3.88748,-0.534055,5.96361
Kaunas,Riga,210,547,2.62758,-0.538233,4.04183
Kaunas,Ukmergė,210,701,1.67635,-0.537997,2.57822
Vilnius,Lida,211,212,1.85751,-0.539102,2.8589
Vilnius,Minsk,211,318,3.79882,-0.53725,5.83974
Vilnius,Marijampolė,211,641,1.94891,-0.539169,2.9997
Vilnius,Ukmergė,211,701,1.94931,-0.539457,3.00088
Lida,Slonim,212,213,0.726583,-0.538896,1.11814
Slonim,Kobryn,213,214,0.37876,-0.534284,0.581126
Kobryn,Dubno,214,215,0.435669,-0.525319,0.664534
Dubno,Ternopil,215,216,0.950308,-0.521261,1.44567
Ternopil,Chernivtsi,216,217,1.08327,-0.518151,1.64457
Ternopil,Stryj,216,379,1.54058,-0.517519,2.33786
Ternopil,Khmelnytskyi,216,380,1.33717,-0.52388,2.03768
Chernivtsi,Siret,217,218,0.833481,-0.510978,1.25937
Siret,Suceava,218,219,1.43547,-0.50516,2.16061
Suceava,Roman,219,220,1.42977,-0.501686,2.14706
Suceava,Halmeu,219,578,2.21089,-0.501274,3.31915
Suceava,Iaşi,219,670,1.89936,-0.506442,2.86128
Roman,Urziceni,220,221,0.806384,-0.493715,1.20451
Urziceni,Bucharest,221,222,0.590315,-0.478023,0.872499
Urziceni,Slobozia,221,421,0.475365,-0.48258,0.704766
Bucharest,Giurgiu,222,223,0.323435,-0.458866,0.471848
Bucharest,Ploieşti,222,420,0.283533,-0.465741,0.415586
Bucharest,Constanţa,222,423,0.422398,-0.464963,0.618797
Bucharest,Alexandria,222,460,0.33075,-0.463796,0.484151
Bucharest,Piteşti,222,583,0.357874,-0.464888,0.524245
Giurgiu,Ruse,223,224,0.174174,-0.449258,0.252423
Ruse,Byala,224,225,0.0961567,-0.435581,0.138041
Ruse,Razgrad,224,461,0.0888732,-0.436779,0.127691
Byala,Veliko Tarnovo,225,226,0.0779541,-0.429909,0.111467
Byala,Pleven,225,584,0.0763039,-0.430145,0.109126
Veliko Tarnovo,Stara Zagora,226,227,0.0891808,-0.427742,0.127327
Veliko Tarnovo,Shumen,226,462,0.0836006,-0.4311,0.119641
Stara Zagora,Haskovo,227,228,0.0546681,-0.423831,0.0778381
Stara Zagora,Burgas,227,590,0.0765779,-0.43007,0.109512
Haskovo,Svilengrad,228,229,0.0269478,-0.414482,0.0381172
Svilengrad,Ormenio,229,230,0.0215663,-0.403809,0.0302749
Ormenio,Kastanies,230,231,0.0336021,-0.399848,0.0470378
Kastanies,Didymoteicho,231,232,0.0725093,-0.400881,0.101577
Didymoteicho,Alexandroupoli,232,233,0.169552,-0.402962,0.237875
Alexandroupoli,Gelibolu,233,478,0.208089,-0.407183,0.29282
Saint Petersburg,Pskov,234,235,3.74373,-0.535952,5.75019
Saint Petersburg,Moscow,234,239,7.13216,-0.532002,10.9265
Saint Petersburg,Petrozavodsk,234,245,2.43179,-0.530954,3.72295
Saint Petersburg,Narva,234,304,2.83735,-0.535101,4.35562
Saint Petersburg,Vyborg,234,623,2.43194,-0.530937,3.72315
Pskov,Gomel,235,236,4.92889,-0.537101,7.57619
Pskov,Riga,235,547,3.53503,-0.538242,5.43773
Gomel,Kiev,236,237,6.93096,-0.533845,10.631
Gomel,Babruysk,236,703,4.12148,-0.53717,6.33542
Kiev,Odessa,237,238,5.15827,-0.526609,7.87466
Kiev,Hlukhiv,237,242,6.19879,-0.531502,9.49346
Kiev,Kharkiv,237,247,6.09199,-0.528814,9.31352
Kiev,Rivne,237,348,4.47563,-0.531423,6.85408
Kiev,Zhytomyr,237,349,3.57386,-0.530529,5.4699
Odessa,Izmail,238,586,1.74455,-0.521169,2.65375
Odessa,Chişinău,238,672,2.07017,-0.520572,3.14785
Odessa,Mykolaiv,238,673,2.01667,-0.523165,3.07172
Moscow,Kaluga,239,240,5.06371,-0.531704,7.75611
Moscow,Orel,239,246,5.45416,-0.529329,8.34121
Moscow,Voronezh,239,248,5.92356,-0.51971,9.00209
Moscow,Tambov,239,256,4.98135,-0.527285,7.60795
Moscow,Smolensk,239,319,5.49739,-0.532668,8.42568
Moscow,Ryazan,239,320,4.39538,-0.519522,6.67888
Moscow,Velikiye Luki,239,628,4.87184,-0.53197,7.46352
Moscow,Vladimir,239,629,4.51152,-0.518838,6.85227
Kaluga,Bryansk,240,241,2.76053,-0.534652,4.23645
Bryansk,Hlukhiv,241,242,3.40918,-0.534753,5.23225
Hlukhiv,Kursk,242,645,3.65259,-0.533317,5.60058
Kirkenes,Murmansk,243,244,0.348538,-0.53107,0.533636
Murmansk,Petrozavodsk,244,245,0.907823,-0.531314,1.39016
Orel,Kharkiv,246,247,4.11042,-0.529737,6.28786
Kharkiv,Luhansk,247,350,3.30337,-0.529845,5.05365
Voronezh,Novorossiysk,248,249,3.77884,-0.521938,5.75116
Voronezh,Kursk,248,645,3.57831,-0.529532,5.47314
Voronezh,Saratov,248,646,3.22769,-0.510838,4.87652
Novorossiysk,Dzhankoy,249,601,1.51317,-0.521266,2.30193
Novorossiysk,Sochi,249,602,1.46959,-0.521209,2.23555
Mineralnye Vody,Nalchik,250,251,0.211997,-0.496676,0.317291
Mineralnye Vody,Makhachkala,250,260,0.474896,-0.498919,0.711831
Mineralnye Vody,Armavir,250,387,0.248363,-0.498754,0.372235
Nalchik,Vladikavkaz,251,252,0.0817443,-0.493666,0.122099
Vladikavkaz,Stepantsminda,252,253,0.0322002,-0.48794,0.0479119
Stepantsminda,Mtskheta,253,254,0.0140795,-0.474943,0.0207665
Mtskheta,Tbilisi,254,255,0.00933278,-0.45438,0.0135734
Tbilisi,Gori,255,428,0.0062097,-0.44333,0.00896265
Tbilisi,Rustavi,255,429,0.00872485,-0.455182,0.0126962
Tambov,Povorino,256,257,2.25035,-0.527878,3.43827
Povorino,Volgograd,257,258,1.89518,-0.524436,2.88908
Volgograd,Astrakhan,258,259,2.13956,-0.512348,3.23576
Volgograd,Luhansk,258,350,2.20456,-0.525938,3.36403
Astrakhan,Makhachkala,259,260,1.45403,-0.501568,2.18333
Astrakhan,Atyrau,259,265,2.01395,-0.491121,3.00304
Makhachkala,Kuba,260,261,0.467553,-0.499652,0.701167
Kuba,Baku,261,262,0.178942,-0.498754,0.26819
Baku,Yevlakh,262,431,0.0688272,-0.496972,0.103032
Samara,Oral,263,264,1.86508,-0.467414,2.73684
Samara,Penza,263,321,1.556,-0.490743,2.3196
Samara,Ufa,263,322,1.36478,-0.476158,2.01463
Oral,Atyrau,264,265,2.05181,-0.462842,3.00147
Oral,Saratov,264,646,2.3652,-0.490573,3.5255
Oral,Aktobe,264,647,1.36455,-0.462928,1.99623
Atyrau,Beineu,265,266,0.906149,-0.474714,1.33631
Atyrau,Beyneu,265,351,0.906149,-0.474714,1.33631
Beineu,Shetpe,266,267,0.354717,-0.473568,0.522699
Shetpe,Zhetybai,267,268,0.139249,-0.472378,0.205027
Zhetybai,Fetisovo,268,269,0.0553376,-0.470067,0.08135
Fetisovo,Bekdash,269,270,0.0234511,-0.460985,0.0342617
Bekdash,Türkmenbaşy,270,271,0.0131858,-0.431315,0.0188731
Türkmenbaşy,Gyzylarbat,271,272,0.0142951,-0.393435,0.0199192
Gyzylarbat,Ashgabat,272,432,0.0266526,-0.383848,0.0368832
Chelyabinsk,Kostanay,273,274,0.285866,-0.466986,0.419361
Chelyabinsk,Ufa,273,322,0.60626,-0.471267,0.89197
Chelyabinsk,Kurgan,273,323,0.319255,-0.464003,0.46739
Kostanay,Esil,274,275,0.126424,-0.461138,0.184723
Esil,Derzhavinsk,275,276,0.0835796,-0.443313,0.120631
Derzhavinsk,Arkalyk,276,277,0.114839,-0.424815,0.163624
Arkalyk,Jezkazgan,277,278,0.243669,-0.418723,0.345699
Jezkazgan,Kyzylorda,278,279,0.381541,-0.417034,0.540657
Jezkazgan,Karaganda,278,286,0.361463,-0.417626,0.51242
Kyzylorda,Shymkent,279,280,0.364317,-0.412272,0.514515
Kyzylorda,Novokazalinsk,279,650,0.270979,-0.420693,0.384978
Shymkent,Tashkent,280,281,0.292107,-0.40234,0.409634
Shymkent,Zhambyl,280,359,0.2346,-0.403729,0.329314
Tashkent,Ayni,281,282,0.107842,-0.393466,0.150275
Tashkent,Jizzakh,281,358,0.138698,-0.399805,0.194151
Tashkent,Kokand,281,689,0.111434,-0.400869,0.156104
Ayni,Dushanbe,282,283,0.0853224,-0.3871,0.118351
Ayni,Kokand,282,689,0.0421516,-0.389526,0.0585707
Dushanbe,Termez,283,440,0.047518,-0.379844,0.0655675
Dushanbe,Jirgatal,283,441,0.048298,-0.381009,0.0667
Dushanbe,Kulob,283,692,0.0353911,-0.380884,0.048871
Ishim,Astana,284,285,0.160897,-0.432856,0.230543
Ishim,Omsk,284,291,0.160897,-0.432856,0.230543
Ishim,Kurgan,284,323,0.233611,-0.451271,0.339032
Ishim,Tyumen,284,635,0.162214,-0.444982,0.234397
Astana,Karaganda,285,286,0.180743,-0.421653,0.256955
Karaganda,Balkhash,286,287,0.21592,-0.411588,0.30479
Karaganda,Pavlodar,286,292,0.216963,-0.421264,0.308362
Balkhash,Burubaytal,287,288,0.131143,-0.406734,0.184483
Burubaytal,Almaty,288,289,0.153047,-0.400641,0.214364
Almaty,Bishkek,289,290,0.235562,-0.397576,0.329215
Almaty,Sary-Ozek,289,360,0.113477,-0.397857,0.158625
Almaty,Kokpek,289,695,0.0930826,-0.398007,0.13013
Bishkek,Zhambyl,290,359,0.210411,-0.399446,0.294459
Bishkek,Osh,290,691,0.213078,-0.39551,0.297352
Omsk,Pavlodar,291,292,0.12864,-0.425838,0.18342
Pavlodar,Semey,292,293,0.11006,-0.42186,0.15649
Semey,Georgiyevka,293,294,0.0458916,-0.420588,0.065193
Georgiyevka,Ayagoz,294,364,0.0203258,-0.417617,0.0288142
Narvik,Kiruna,295,296,0.00697028,-0.340586,0.00934426
Narvik,Setermoen,295,498,0.00355556,-0.357807,0.00482776
Kiruna,Töre,296,297,0.015133,-0.33786,0.0202458
Töre,Luleå,297,298,0.0335213,-0.337911,0.0448485
Luleå,Umeå,298,612,0.0576728,-0.339737,0.0772664
Luleå,Haparanda,298,613,0.0374125,-0.336594,0.0500054
Helsingborg,Halmstad,299,300,0.0458012,-0.345619,0.0616309
Helsingborg,Jönköping,299,605,0.0282991,-0.344647,0.0380523
Örebro,Stockholm,301,302,0.0882413,-0.345526,0.118731
Örebro,Karlstad,301,620,0.0525841,-0.346121,0.0707846
Stockholm,Södertälje,302,608,0.0652548,-0.345528,0.0878022
Stockholm,Uppsala,302,609,0.0772704,-0.345508,0.103968
Tallinn,Narva,303,304,1.6757,-0.53736,2.57615
Tallinn,Riga,303,547,2.31495,-0.538195,3.56084
Colchester,Ipswich,305,306,6.60249e-05,-0.477153,6.60249e-05
Ipswich,Cambridge,306,636,6.60249e-05,-0.477153,6.60249e-05
The Hague,Gouda,307,308,0.366125,-0.520731,0.556777
Amersfoort,Oldenzaal,309,310,0.620909,-0.522123,0.9451
Amersfoort,Hoogeveen,309,698,0.579492,-0.522176,0.882088
Oldenzaal,Osnabrück,310,311,0.53466,-0.523101,0.81434
Osnabrück,Bad Oeynhausen,311,312,1.00777,-0.523805,1.53565
Bad Oeynhausen,Dortmund,312,508,1.73171,-0.524684,2.64031
Braunschweig,Magdeburg,313,314,1.35134,-0.519995,2.05403
Magdeburg,Halle,314,518,1.43587,-0.51918,2.18134
Poznań,Warsaw,315,316,2.64415,-0.526926,4.03742
Poznań,Wrocław,315,339,1.5626,-0.522855,2.37962
Warsaw,Elbląg,316,564,2.10897,-0.528756,3.22409
Warsaw,Radom,316,565,2.50514,-0.52786,3.8275
Warsaw,Lublin,316,713,2.97133,-0.529145,4.5436
Brest,Rennes,317,365,0.327783,-0.511483,0.495439
Brest,Lorient,317,388,0.179574,-0.510795,0.271299
Minsk,Smolensk,318,319,4.03107,-0.536499,6.19374
Minsk,Babruysk,318,703,3.63276,-0.538008,5.58721
Ryazan,Penza,320,321,1.96729,-0.512584,2.97569
Ufa,Yelabuga,322,632,0.65178,-0.474333,0.960941
Bruges,Ghent,324,325,1.58007,-0.519789,2.40138
Bruges,Zeebrugge,324,642,1.78744,-0.520382,2.71759
Ghent,Brussels,325,326,2.14268,-0.520829,3.25865
Brussels,Leuven,326,327,2.73204,-0.522889,4.16059
Leuven,Hasselt,327,708,1.78511,-0.525434,2.72306
Eupen,Aachen,328,329,2.15039,-0.527436,3.28458
Eupen,St. Vith,328,653,1.10591,-0.527097,1.68883
Aachen,Heerlen,329,709,1.69257,-0.527668,2.58569
Olpe,Wetzlar,330,331,2.02214,-0.526477,3.08674
Wetzlar,Gießen,331,332,2.019,-0.527214,3.08345
Wetzlar,Dortmund,331,508,2.8198,-0.526172,4.30351
Wetzlar,Aschaffenburg,331,509,2.17009,-0.52668,3.31303
Wetzlar,Koblenz,331,660,2.12005,-0.527079,3.23749
Gießen,Bad Hersfeld,332,333,1.25358,-0.527699,1.91509
Bad Hersfeld,Eisenach,333,334,0.586791,-0.526193,0.895557
Eisenach,Erfurt,334,335,0.537537,-0.521705,0.817972
Erfurt,Gera,335,336,1.04915,-0.519146,1.59382
Gera,Chemnitz,336,337,1.56526,-0.51863,2.37706
Gera,Leipzig,336,526,1.57703,-0.518514,2.39474
Gera,Hirschberg,336,527,1.10875,-0.518917,1.68409
Chemnitz,Plauen,337,519,1.47579,-0.518573,2.24109
Wrocław,Opole,339,340,1.30198,-0.520846,1.98012
Wrocław,Kłodzko,339,548,1.32196,-0.520685,2.01028
Opole,Gliwice,340,341,0.621438,-0.520319,0.944784
Gliwice,Zabrze,341,342,0.587584,-0.520185,0.893237
Kraków,Rzeszów,343,344,0.840102,-0.52173,1.27841
Kraków,Radom,343,565,1.01629,-0.524871,1.54971
Kraków,Trstená,343,566,1.05893,-0.519908,1.60948
Rzeszów,Jarosław,344,345,0.800844,-0.524601,1.22097
Rzeszów,Radom,344,565,0.87481,-0.526556,1.33545
Rzeszów,Barwinek,344,710,0.629125,-0.523702,0.958599
Jarosław,Korczowa,345,346,0.869493,-0.524914,1.3259
Korczowa,Lviv,346,347,1.85096,-0.524456,2.82171
Lviv,Rivne,347,348,2.48093,-0.527775,3.7903
Lviv,Mukachevo,347,378,3.35933,-0.51911,5.10319
Lviv,Lublin,347,713,1.85663,-0.525803,2.83286
Rivne,Zhytomyr,348,349,1.54196,-0.53099,2.36073
Rivne,Kovel,348,714,1.52325,-0.530715,2.33166
Zhytomyr,Vinnytsia,349,381,2.57465,-0.530863,3.94144
Beyneu,Qo‘ng‘irot,351,352,0.359888,-0.472268,0.529851
Qo‘ng‘irot,Nukus,352,353,0.153553,-0.464638,0.224899
Nukus,Daşoguz,353,354,0.089911,-0.441985,0.12965
Daşoguz,Bukhara,354,355,0.0434205,-0.394522,0.0605509
Daşoguz,Ashgabat,354,432,0.0492501,-0.393343,0.0686223
Daşoguz,Uchkuduk,354,688,0.0289141,-0.41324,0.0408626
Bukhara,Navoiy,355,356,0.0441008,-0.37592,0.0606792
Bukhara,Alat,355,436,0.0359251,-0.368752,0.0491726
Bukhara,Karshi,355,437,0.0365251,-0.369265,0.0500125
Bukhara,Uchkuduk,355,688,0.0242891,-0.376549,0.0334351
Navoiy,Samarkand,356,357,0.038834,-0.385935,0.0538213
Samarkand,Jizzakh,357,358,0.0635418,-0.396972,0.0887661
Sary-Ozek,Taldykorgan,360,361,0.0544401,-0.397042,0.076055
Sary-Ozek,Koktal,360,697,0.0513871,-0.397036,0.0717897
Taldykorgan,Ucharal,361,362,0.0240537,-0.397216,0.0336082
Ucharal,Taskesken,362,363,0.0127763,-0.400666,0.0178953
Taskesken,Ayagoz,363,364,0.0117369,-0.410173,0.016551
Rennes,Le Mans,365,366,0.811305,-0.511913,1.22662
Le Mans,Angers,366,391,0.661443,-0.512015,1.00011
Le Mans,Tours,366,392,0.777085,-0.509873,1.1733
Le Mans,Rouen,366,662,1.25075,-0.515506,1.89552
Reims,Charleroi,367,651,1.70315,-0.521457,2.59127
Reims,Charleville-Mézières,367,658,1.55938,-0.521038,2.37187
Reims,Rouen,367,662,1.78345,-0.518616,2.70838
Saarbrücken,Mannheim,368,369,2.9564,-0.526691,4.5135
Saarbrücken,Trier,368,659,1.53423,-0.525597,2.34061
Mannheim,Heilbronn,369,370,2.76954,-0.526445,4.22756
Rozvadov,Plzeň,371,372,2.28071,-0.520487,3.46779
Plzeň,Karlovy Vary,372,523,1.5862,-0.519783,2.41068
Plzeň,České Budějovice,372,524,1.84318,-0.51848,2.79884
Plzeň,Bayerisch Eisenstein,372,530,1.88195,-0.519358,2.85936
Trenčín,Prešov,373,374,1.22689,-0.515222,1.85901
Prešov,Košice,374,375,1.90648,-0.514446,2.88726
Prešov,Svidník,374,712,0.929795,-0.51579,1.40937
Košice,Vyšné Nemecké,375,376,0.964821,-0.513717,1.46047
Košice,Uzhhorod,375,377,1.86427,-0.5152,2.82474
Košice,Miskolc,375,552,1.74167,-0.510213,2.6303
Košice,Zvolen,375,568,1.8226,-0.51171,2.75524
Vyšné Nemecké,Uzhhorod,376,377,0.899447,-0.516791,1.36427
Uzhhorod,Mukachevo,377,378,2.98114,-0.517395,4.52356
Uzhhorod,Chop,377,723,1.51113,-0.515298,2.28981
Mukachevo,Stryj,378,379,2.22005,-0.513946,3.36104
Mukachevo,Halmeu,378,578,2.73114,-0.508836,4.12084
Khmelnytskyi,Vinnytsia,380,381,1.6197,-0.528458,2.47564
Vinnytsia,Uman,381,382,1.57643,-0.52847,2.40952
Vinnytsia,Mohyliv-Podilskyi,381,728,1.45746,-0.528578,2.22784
Uman,Kirovohrad,382,383,1.20492,-0.523936,1.83622
Kirovohrad,Dnipropetrovsk,383,384,0.845701,-0.5204,1.2858
Kirovohrad,Chişinău,383,672,1.69586,-0.519285,2.57649
Dnipropetrovsk,Donetsk,384,385,0.355854,-0.518142,0.540237
Donetsk,Rostov-on-Don,385,386,0.234773,-0.512884,0.355184
Rostov-on-Don,Armavir,386,387,0.203753,-0.504805,0.306609
Rostov-on-Don,Taganrog,386,675,0.210632,-0.513413,0.318773
Lorient,Vannes,388,389,0.214815,-0.510427,0.324462
Vannes,Nantes,389,390,0.46935,-0.510616,0.709007
Nantes,Angers,390,391,0.655335,-0.510037,0.98958
Nantes,Poitiers,390,676,0.914789,-0.511492,1.3827
Angers,Tours,391,392,0.520476,-0.504599,0.783107
Tours,Vierzon,392,503,0.685252,-0.502526,1.02961
Montargis,Auxerre,393,394,1.22149,-0.509494,1.84384
Auxerre,Beaune,394,395,2.27223,-0.512,3.43561
Beaune,Dole,395,396,2.27932,-0.515981,3.45541
Beaune,Antwerp,395,505,3.88405,-0.51701,5.89215
Dole,Besançon,396,397,1.19665,-0.51871,1.81737
Besançon,Belfort,397,398,1.35541,-0.521959,2.06288
Zürich,Winterthur,399,400,1.34094,-0.51904,2.03694
Winterthur,St. Gallen,400,401,0.956154,-0.518656,1.45207
Winterthur,Schaffhausen,400,511,1.29065,-0.522062,1.96445
St. Gallen,St. Margrethen,401,402,0.883733,-0.51552,1.33932
St. Margrethen,Bregenz,402,403,1.46104,-0.513883,2.21185
St. Margrethen,Buchs,402,514,0.680805,-0.513945,1.0307
Bregenz,Feldkirch,403,748,1.40818,-0.512945,2.1305
Bregenz,Lindau,403,513,2.20179,-0.514659,3.33495
Feldkirch,Landeck,748,404,0.646107,-0.510636,0.976033
Feldkirch,Imst,748,406,0.674391,-0.51053,1.01869
Landeck,Telfs,404,405,0.453169,-0.509184,0.683915
Sattledt,Liezen,408,532,0.950422,-0.512133,1.43716
Sattledt,Wels,408,669,1.00102,-0.514671,1.51621
Sankt Pölten,Vienna,409,410,1.98952,-0.511387,3.00694
Vienna,Nickelsdorf,410,411,2.18955,-0.509904,3.30602
Vienna,Halámky,410,525,2.09833,-0.511791,3.17224
Vienna,Graz,410,534,2.70956,-0.507777,4.08542
Nickelsdorf,Mosonmagyaróvár,411,412,1.52907,-0.507427,2.30496
Szolnok,Püspökladány,413,414,1.77018,-0.493952,2.64456
Püspökladány,Oradea,414,415,2.23317,-0.493068,3.33428
Püspökladány,Nyíregyháza,414,722,1.3593,-0.49843,2.03681
Oradea,Cluj-Napoca,415,416,1.09043,-0.484618,1.61887
Oradea,Berettyóújfalu,415,570,1.53639,-0.492607,2.29323
Oradea,Beiuş,415,571,1.02536,-0.486675,1.52438
Oradea,Satu Mare,415,579,1.64238,-0.49131,2.4493
Oradea,Arad,415,684,1.75264,-0.483852,2.60066
Cluj-Napoca,Turda,416,417,0.684368,-0.48561,1.0167
Cluj-Napoca,Zalău,416,580,0.654517,-0.489231,0.974728
Turda,Târgu Mureş,417,418,0.305031,-0.481108,0.451783
Turda,Sebeş,417,581,0.315769,-0.480752,0.467575
Târgu Mureş,Braşov,418,419,0.220067,-0.474996,0.324598
Braşov,Ploieşti,419,420,0.191048,-0.468193,0.280495
Braşov,Sibiu,419,582,0.260506,-0.474358,0.384079
Braşov,Piteşti,419,583,0.160992,-0.46459,0.235787
Slobozia,Hârşova,421,422,0.329897,-0.481105,0.488612
Slobozia,Galaţi,421,588,0.544776,-0.49082,0.812162
Hârşova,Constanţa,422,423,0.34074,-0.476532,0.503114
Constanţa,Varna,423,463,0.301436,-0.457123,0.439229
Constanţa,Tulcea,423,589,0.34074,-0.476532,0.503114
Senaki,Samtredia,424,425,0.0287726,-0.527622,0.0439537
Senaki,Zugdidi,424,604,0.0768508,-0.525602,0.117244
Samtredia,Kutaisi,425,426,0.0110566,-0.524454,0.0168553
Kutaisi,Khashuri,426,427,0.00493798,-0.506041,0.0074368
Khashuri,Gori,427,428,0.00381698,-0.460275,0.00557384
Rustavi,Ganja,429,430,0.0121226,-0.478546,0.0179238
Ganja,Yevlakh,430,431,0.0271227,-0.492289,0.0404749
Ashgabat,Tejen,432,433,0.0266306,-0.379222,0.0367294
Tejen,Mary,433,434,0.0139802,-0.366522,0.0191043
Mary,Türkmenabat,434,435,0.011578,-0.357583,0.0157181
Türkmenabat,Alat,435,436,0.0174559,-0.360659,0.0237516
Karshi,Guzar,437,438,0.0190158,-0.36357,0.0259293
Guzar,Sherobod,438,439,0.0153336,-0.365825,0.020943
Sherobod,Termez,439,440,0.0228702,-0.374095,0.0314258
Jirgatal,Sary Tash,441,442,0.0439573,-0.383255,0.0608042
Jirgatal,Khorugh,441,694,0.0270533,-0.379274,0.0373139
Sary Tash,Irkeshtam,442,443,0.0567218,-0.38872,0.0787707
Irkeshtam,Osh,443,691,0.113584,-0.392138,0.158125
A Coruña,Bilbao,444,445,0.102203,-0.463631,0.149587
A Coruña,Pontevedra,444,481,0.0447684,-0.454357,0.0651093
Clermont-Ferrand,Montluçon,446,504,0.805895,-0.497549,1.20687
Chambéry,Susa,447,448,0.862864,-0.501268,1.29539
Chambéry,Marseille,447,736,0.653824,-0.502314,0.982249
Susa,Turin,448,449,0.56373,-0.490986,0.840514
Tortona,Brescia,450,451,0.234095,-0.454068,0.34039
Trieste,Postojna,452,453,0.29422,-0.479546,0.435313
Trieste,Ljubljana,452,454,0.570628,-0.485625,0.84774
Postojna,Ljubljana,453,454,0.396802,-0.489926,0.591206
Ljubljana,Maribor,454,535,0.689249,-0.495195,1.03056
Ljubljana,Naklo,454,538,1.00196,-0.495111,1.49804
Vršac,Timişoara,456,457,0.742771,-0.466237,1.08908
Timişoara,Drobeta-Turnu Severin,457,458,0.834037,-0.46528,1.2221
Timişoara,Arad,457,684,1.34014,-0.473369,1.97452
Drobeta-Turnu Severin,Craiova,458,459,0.810064,-0.459633,1.1824
Craiova,Alexandria,459,460,0.337627,-0.460488,0.4931
Craiova,Târgu Jiu,459,574,0.473711,-0.460813,0.692003
Craiova,Piteşti,459,583,0.439547,-0.460909,0.642138
Razgrad,Shumen,461,462,0.080044,-0.433408,0.114736
Shumen,Varna,462,463,0.126478,-0.442248,0.182413
Varna,Burgas,463,590,0.124346,-0.442223,0.179335
Lisbon,Valladolid,464,465,0.0801447,-0.438701,0.115304
Lisbon,Porto,464,483,0.0739903,-0.427932,0.105653
Lisbon,Albufeira,464,484,0.0728553,-0.424878,0.10381
Toulouse,Nice,466,467,0.807245,-0.478829,1.19378
Nice,Cuneo,467,685,0.33868,-0.470634,0.498074
Sofia,Plovdiv,468,469,0.335358,-0.440897,0.483216
Sofia,Botevgrad,468,575,0.336843,-0.440721,0.485296
Sofia,Blagoevgrad,468,576,0.365624,-0.437639,0.525635
Sofia,Kyustendil,468,745,0.255548,-0.442033,0.368508
Plovdiv,Istanbul,469,470,0.139906,-0.439252,0.201359
Istanbul,İzmit,470,471,0.0673605,-0.436635,0.0967725
İzmit,Gerede,471,472,0.0233032,-0.432219,0.0333753
İzmit,Bursa,471,479,0.0234758,-0.430311,0.0335777
Gerede,Kızılcahamam,472,599,0.0109869,-0.428054,0.0156899
Mazara del Vallo,Palermo,473,474,6.60249e-05,-0.477153,6.60249e-05
Metaponto,Taranto,475,476,0.00931273,-0.425495,0.0132753
Metaponto,Potenza,475,743,0.00503629,-0.422535,0.0071643
Ioannina,Trikala,477,687,0.0326751,-0.400764,0.0457702
Gelibolu,Keşan,478,596,0.100805,-0.401761,0.141305
Gelibolu,Ayvalık,478,597,0.100808,-0.401774,0.14131
Bursa,Ankara,479,480,0.0120047,-0.423571,0.0170895
Bursa,Balıkesir,479,746,0.0143091,-0.417158,0.0202783
Ankara,Kızılcahamam,480,599,0.00807653,-0.423359,0.0114958
Pontevedra,Valença,481,482,0.0280159,-0.437375,0.0402694
Valença,Porto,482,483,0.0357704,-0.425848,0.0510031
Albufeira,Castro Marim,484,485,0.0383518,-0.416923,0.0543416
Castro Marim,Huelva,485,486,0.035828,-0.415671,0.0507206
Cherbourg-Octeville,La Rochelle,487,488,0.174723,-0.51148,0.26409
Cherbourg-Octeville,Caen,487,661,0.379659,-0.516581,0.575783
La Rochelle,Saintes,488,730,0.148522,-0.49925,0.222671
Oslo,Hamar,489,490,0.0402489,-0.347099,0.0542193
Oslo,Askim,489,619,0.0419946,-0.34665,0.0565521
Hamar,Lillehammer,490,491,0.0254274,-0.347457,0.0342624
Lillehammer,Dombås,491,492,0.0282758,-0.347334,0.0380969
Dombås,Trondheim,492,493,0.0507665,-0.346857,0.0683751
Trondheim,Stjørdal,493,494,0.0497052,-0.346678,0.0669369
Stjørdal,Steinkjer,494,495,0.0250455,-0.346374,0.0337206
Steinkjer,Mosjøen,495,496,0.017736,-0.344585,0.0238476
Mosjøen,Mo i Rana,496,497,0.0226497,-0.342285,0.0304024
Mo i Rana,Umeå,497,612,0.0430687,-0.341312,0.0577686
Setermoen,Alta,498,499,0.00268525,-0.416136,0.00380267
Alta,Olderfjord,499,500,0.00404979,-0.482616,0.00600428
Olderfjord,Lakselv,500,501,0.00932332,-0.510425,0.0140822
Lakselv,Karasjok,501,502,0.0241146,-0.519575,0.0366439
Vierzon,Montluçon,503,504,0.497375,-0.499018,0.745574
Antwerp,Zeebrugge,505,642,2.61167,-0.52037,3.97071
Martigny,Sion,506,678,0.630397,-0.508244,0.950792
Bremen,Groningen,507,624,2.18551,-0.523558,3.32975
Stuttgart,Schaffhausen,510,511,1.96729,-0.524302,2.99874
Stuttgart,Ulm,510,512,1.74117,-0.522515,2.65095
Ulm,Lindau,512,513,1.50898,-0.519411,2.29276
Lindau,Waldshut,513,666,2.07126,-0.518552,3.14532
Buchs,Chur,514,515,0.271283,-0.513206,0.410507
Chur,San Bernardino,515,516,0.14021,-0.512091,0.21201
Halle,Plauen,518,519,1.36957,-0.518917,2.08026
Plauen,Schönberg,519,520,1.11889,-0.519002,1.69959
Plauen,Hof,519,528,1.48506,-0.51948,2.25652
Schönberg,Vojtanov,520,521,0.67453,-0.51953,1.02497
Vojtanov,Cheb,521,522,0.931051,-0.520208,1.41539
Cheb,Karlovy Vary,522,523,1.5389,-0.519866,2.33892
Cheb,Marktredwitz,522,663,1.22995,-0.520814,1.87053
Karlovy Vary,Teplice,523,715,0.949897,-0.519149,1.44303
České Budějovice,Halámky,524,525,1.30061,-0.515257,1.97076
Hirschberg,Hof,527,528,1.14934,-0.519601,1.74655
Hof,Bayreuth,528,529,1.86783,-0.520939,2.84086
Bayreuth,Marktredwitz,529,663,1.68444,-0.521265,2.56249
Bayerisch Eisenstein,Deggendorf,530,531,1.4139,-0.518909,2.14758
Liezen,Sankt Michael,532,533,0.776317,-0.508603,1.17115
Sankt Michael,Graz,533,534,1.39189,-0.505973,2.09614
Graz,Maribor,534,535,1.1823,-0.502001,1.77581
Graz,Spielfeld,534,536,0.897693,-0.505063,1.35108
Graz,Klagenfurt,534,683,1.66254,-0.502758,2.49839
Maribor,Spielfeld,535,536,0.400283,-0.496741,0.59912
Karavanke Tunnel,Naklo,537,538,0.862874,-0.501762,1.29583
Naklo,Loiblpass,538,734,0.823323,-0.500124,1.23509
Kemijärvi,Posio,539,540,0.0069575,-0.330336,0.00925581
Posio,Kuusamo,540,541,0.00440826,-0.329625,0.00586134
Kuusamo,Kajaani,541,542,0.00476518,-0.338633,0.00637882
Kajaani,Iisalmi,542,543,0.00834938,-0.348399,0.0112583
Iisalmi,Kuopio,543,544,0.0177514,-0.354781,0.0240493
Tampere,Turku,545,546,0.0237762,-0.383911,0.0329041
Tampere,Vaasa,545,616,0.0283801,-0.3732,0.0389715
Tampere,Hämeenlinna,545,618,0.051658,-0.41779,0.0732401
Turku,Pori,546,617,0.0144646,-0.3719,0.019844
Riga,Šiauliai,547,561,2.39483,-0.539354,3.68649
Riga,Rēzekne,547,627,2.5297,-0.538883,3.89291
Kłodzko,Kudowa-Zdrój,548,549,0.601781,-0.519745,0.914554
Kudowa-Zdrój,Náchod,549,550,0.507153,-0.518226,0.769972
Náchod,Hradec Králové,550,551,0.938163,-0.517339,1.42351
Hradec Králové,Olomouc,551,716,1.29321,-0.516333,1.96094
Miskolc,Debrecen,552,569,1.40498,-0.504975,2.11446
Szekszárd,Mohács,555,556,0.821374,-0.501822,1.23356
Mohács,Osijek,556,557,0.507486,-0.499452,0.760951
Osijek,Đakovo,557,558,0.301843,-0.495438,0.451388
Osijek,Sombor,557,735,0.495207,-0.493474,0.739579
Đakovo,Šamac,558,559,0.1337,-0.488265,0.19898
Šamac,Zenica,559,560,0.0961172,-0.466933,0.140997
Zenica,Sarajevo,560,737,0.148295,-0.450383,0.215085
Šiauliai,Tolpaki,561,562,1.85853,-0.538739,2.85979
Šiauliai,Palanga,561,704,1.43146,-0.538935,2.20293
Šiauliai,Panevėžys,561,705,1.48056,-0.5391,2.27874
Tolpaki,Kaliningrad,562,563,1.17741,-0.53505,1.80738
Tolpaki,Nesterov,562,640,1.09865,-0.538281,1.69004
Trstená,Ružomberok,566,567,0.868973,-0.515105,1.31658
Ružomberok,Zvolen,567,568,1.57424,-0.511515,2.37949
Debrecen,Berettyóújfalu,569,570,0.980866,-0.499375,1.47069
Beiuş,Deva,571,572,0.686375,-0.480478,1.01616
Deva,Petroşani,572,573,0.562187,-0.469451,0.826106
Deva,Sibiu,572,582,0.724469,-0.470548,1.06537
Deva,Arad,572,684,0.99777,-0.473524,1.47024
Petroşani,Târgu Jiu,573,574,0.353533,-0.465067,0.517949
Botevgrad,Jablanica,575,585,0.143769,-0.438369,0.206793
Blagoevgrad,Serres,576,577,0.21869,-0.425897,0.311829
Halmeu,Satu Mare,578,579,2.05321,-0.494488,3.0685
Satu Mare,Zalău,579,580,0.873409,-0.491322,1.30253
Sebeş,Sibiu,581,582,0.325555,-0.473503,0.479706
Sibiu,Piteşti,582,583,0.353487,-0.466006,0.518215
Pleven,Jablanica,584,585,0.0767426,-0.433836,0.110036
Izmail,Reni,586,587,0.794688,-0.516411,1.20507
Reni,Galaţi,587,588,0.665602,-0.505518,1.00208
Galaţi,Tulcea,588,589,0.413949,-0.492683,0.617895
Galaţi,Giurgiuleşti,588,729,0.794599,-0.506819,1.19732
Burgas,Malko Tarnovo,590,591,0.0637884,-0.430581,0.0912544
Malko Tarnovo,Dereköy,591,592,0.0272965,-0.423235,0.0388494
Dereköy,Kırklareli,592,593,0.0139103,-0.41256,0.0196492
Kırklareli,Babaeski,593,594,0.0120019,-0.400685,0.0168109
Babaeski,Havsa,594,595,0.0197114,-0.397111,0.027539
Havsa,Keşan,595,596,0.0430761,-0.398877,0.0602582
Ayvalık,İzmir,597,598,0.0430878,-0.399001,0.0602798
İzmir,Manisa,598,747,0.0197518,-0.397876,0.0276105
Kherson,Dzhankoy,600,601,0.992066,-0.522761,1.51068
Kherson,Mykolaiv,600,673,1.14071,-0.523309,1.73766
Kherson,Melitopol,600,674,0.625545,-0.522954,0.952676
Sochi,Sukhumi,602,603,0.550195,-0.52246,0.837651
Sukhumi,Zugdidi,603,604,0.205715,-0.524066,0.313523
Jönköping,Linköping,605,606,0.0209506,-0.344357,0.028165
Linköping,Norrköping,606,607,0.028031,-0.344592,0.0376902
Norrköping,Södertälje,607,608,0.0435116,-0.345207,0.0585321
Norrköping,Kalmar,607,626,0.0279274,-0.344585,0.0375508
Uppsala,Sundsvall,609,610,0.0798482,-0.345105,0.107404
Sundsvall,Örnsköldsvik,610,611,0.074222,-0.344194,0.0997687
Örnsköldsvik,Umeå,611,612,0.060124,-0.342429,0.0807122
Haparanda,Tornio,613,614,0.0267438,-0.333523,0.0356635
Kokkola,Vaasa,615,616,0.0261839,-0.355694,0.0354973
Vaasa,Pori,616,617,0.0159118,-0.364776,0.0217161
Askim,Karlstad,619,620,0.0351193,-0.346536,0.0472894
Kotka,Vaalimaa,621,622,0.353043,-0.52706,0.539118
Vaalimaa,Vyborg,622,623,0.90969,-0.530734,1.39249
Groningen,Hoogeveen,624,698,0.795201,-0.523064,1.21114
Sassnitz,Stralsund,625,699,0.434087,-0.518312,0.65908
Rēzekne,Velikiye Luki,627,628,2.81127,-0.535728,4.31735
Rēzekne,Daugavpils,627,702,1.70895,-0.538622,2.62942
Vladimir,Nizhny Novgorod,629,630,1.7305,-0.519376,2.62927
Nizhny Novgorod,Kazan,630,631,0.74703,-0.515599,1.1322
Kazan,Yelabuga,631,632,0.533898,-0.498194,0.799883
Yelabuga,Perm,632,633,0.360375,-0.484089,0.534828
Perm,Yekaterinburg,633,634,0.159079,-0.478378,0.235179
Yekaterinburg,Tyumen,634,635,0.109984,-0.460637,0.160647
Koszalin,Słupsk,637,638,0.250293,-0.522043,0.380957
Słupsk,Gdynia,638,639,0.410481,-0.525305,0.626109
Nesterov,Marijampolė,640,641,0.989902,-0.539324,1.52378
Aktobe,Karabutak,647,648,0.553696,-0.460749,0.808811
Karabutak,Aral,648,649,0.253075,-0.45429,0.368044
Aral,Novokazalinsk,649,650,0.182392,-0.436618,0.262027
Charleroi,Namur,651,652,1.20933,-0.523226,1.84208
St. Vith,Wittlich,653,654,1.17532,-0.526971,1.79469
Wittlich,Bingen,654,655,0.735575,-0.528444,1.12428
Bingen,Wiesbaden,655,656,1.07325,-0.528774,1.64075
Amiens,Charleville-Mézières,657,658,1.40797,-0.519768,2.13979
Trier,Koblenz,659,660,1.59054,-0.526778,2.4284
Caen,Rouen,661,662,0.976843,-0.51739,1.48225
Regensburg,Passau,667,668,1.19395,-0.520876,1.81585
Passau,Wels,668,669,1.20747,-0.517628,1.83249
Wels,Braunau am Inn,669,721,1.41116,-0.515287,2.13831
Iaşi,Sculeni,670,671,1.29808,-0.511952,1.96264
Iaşi,Bălţi,670,727,1.10445,-0.512668,1.67067
Sculeni,Chişinău,671,672,1.49003,-0.516307,2.25935
Chişinău,Giurgiuleşti,672,729,1.18517,-0.515674,1.79633
Melitopol,Taganrog,674,675,0.274985,-0.520404,0.418088
Poitiers,Mâcon,676,677,1.71067,-0.512079,2.58667
Sion,Simplon,678,679,0.280449,-0.500187,0.420726
Simplon,Gravellona Toce,679,680,0.211056,-0.479134,0.31218
Innichen,Spittal an der Drau,681,682,0.618182,-0.504389,0.929985
Klagenfurt,Loiblpass,683,734,0.952511,-0.503005,1.43163
Cuneo,Asti,685,686,0.20041,-0.466852,0.293972
Kokand,Andijan,689,690,0.0903898,-0.393642,0.125971
Andijan,Osh,690,691,0.119422,-0.391386,0.166162
Kulob,Kalaikhumb,692,693,0.0189009,-0.377717,0.0260401
Kalaikhumb,Khorugh,693,694,0.0166892,-0.376765,0.0229771
Kokpek,Chundzha,695,696,0.0457524,-0.397251,0.0639276
Chundzha,Koktal,696,697,0.0347726,-0.396781,0.0485698
Stralsund,Neubrandenburg,699,700,0.634162,-0.518428,0.96293
Ukmergė,Daugavpils,701,702,1.66018,-0.539704,2.55619
Ukmergė,Panevėžys,701,705,1.52103,-0.539512,2.34164
Breda,Gorinchem,706,707,0.787512,-0.521382,1.19811
Hasselt,Heerlen,708,709,1.13875,-0.526971,1.73884
Barwinek,Vyšný Komárnik,710,711,0.344758,-0.521401,0.524515
Vyšný Komárnik,Svidník,711,712,0.419904,-0.517671,0.637276
Lublin,Kovel,713,714,1.4524,-0.529279,2.22112
Olomouc,Český Těšín,716,717,0.821182,-0.517305,1.24598
Garmisch-Partenkirchen,Mittenwald,718,719,0.896476,-0.514995,1.35816
Mittenwald,Seefeld,719,720,0.577506,-0.511827,0.873089
Nyíregyháza,Chop,722,723,0.951629,-0.508165,1.43521
Dunajská Streda,Medveďov,724,725,0.620411,-0.511611,0.93782
Medveďov,Vámosszabadi,725,726,0.541033,-0.510065,0.816995
Bălţi,Mohyliv-Podilskyi,727,728,0.841563,-0.522116,1.28096
Saintes,Angoulême,730,731,0.27062,-0.492809,0.403984
St. Johann in Tirol,Lofer,732,733,0.911991,-0.511818,1.37876
Sarajevo,Užice,737,738,0.20036,-0.449189,0.29036
Užice,Čačak,738,739,0.296542,-0.453461,0.431013
Čačak,Nova Varoš,739,740,0.296277,-0.453428,0.430617
Avellino,Benevento,741,742,0.0431325,-0.431722,0.0617537
Balıkesir,Manisa,746,747,0.0121332,-0.403622,0.0170304
Warsaw,Brest-Litovsk,316,0,2.69907,-0.532871,4.13732
Brest-Litovsk,Minsk,0,318,2.64324,-0.536479,4.06128
Lyon,Mâcon,17,677,1.72324,-0.508845,2.6001
Beaune,Mâcon,395,677,2.99273,-0.513988,4.53096
