Glasgow,Preston,1,2,6.60165e-05,-0.485654,6.60165e-05
Glasgow,Edinburgh,1,13,6.60165e-05,-0.485654,6.60165e-05
Preston,Birmingham,2,3,6.60165e-05,-0.485654,6.60165e-05
Birmingham,Cambridge,3,636,6.60165e-05,-0.485654,6.60165e-05
Le Havre,Paris,4,5,2.02391,-0.515097,3.06642
Le Havre,Amiens,4,657,1.14733,-0.515858,1.73918
Paris,Orléans,5,6,2.04634,-0.512856,3.09582
Paris,Calais,5,16,1.75096,-0.514927,2.65258
Paris,Lyon,5,17,2.54223,-0.512015,3.84389
Paris,Brussels,5,326,3.12456,-0.516177,4.73739
Paris,Le Mans,5,366,1.66003,-0.513603,2.51262
Paris,Reims,5,367,1.94955,-0.515348,2.95425
Paris,Chaumont,5,665,2.83867,-0.515848,4.303
Orléans,Bordeaux,6,7,0.942474,-0.509115,1.4223
Orléans,Tours,6,392,1.0432,-0.509134,1.57432
Orléans,Montargis,6,393,1.3251,-0.51073,2.00187
Orléans,Toulouse,6,466,1.06172,-0.508011,1.60108
Bordeaux,San Sebastián,7,8,0.498305,-0.504122,0.749511
Bordeaux,Clermont-Ferrand,7,446,0.978379,-0.505631,1.47308
Bordeaux,Toulouse,7,466,0.412942,-0.502167,0.620308
Bordeaux,Angoulême,7,731,0.566437,-0.505248,0.852629
San Sebastián,Burgos,8,9,0.230708,-0.497484,0.345481
San Sebastián,Bilbao,8,445,0.189003,-0.498459,0.283213
San Sebastián,Toulouse,8,466,0.32354,-0.501559,0.485815
Burgos,Madrid,9,10,0.123204,-0.491032,0.183701
Burgos,Valladolid,9,465,0.0828321,-0.492404,0.123619
Madrid,Seville,10,11,0.0726293,-0.485143,0.107865
Madrid,Barcelona,10,21,0.191621,-0.49517,0.286506
Madrid,Valencia,10,24,0.0826729,-0.486507,0.122894
Madrid,Lisbon,10,464,0.0746851,-0.486001,0.110982
Seville,Algeciras,11,12,0.0319999,-0.479242,0.0473355
Seville,Huelva,11,486,0.033384,-0.478977,0.0493742
Algeciras,Málaga,12,28,0.0133289,-0.475184,0.0196626
Edinburgh,Newcastle,13,14,6.60165e-05,-0.485654,6.60165e-05
Newcastle,London,14,15,6.60165e-05,-0.485654,6.60165e-05
London,Colchester,15,305,6.60165e-05,-0.485654,6.60165e-05
Calais,Bruges,16,324,1.80567,-0.516165,2.7377
Calais,Rouen,16,662,1.17601,-0.515481,1.78222
Lyon,Orange,17,18,1.09092,-0.508123,1.64524
Lyon,Clermont-Ferrand,17,446,1.22411,-0.508683,1.84679
Lyon,Chambéry,17,447,1.12843,-0.51046,1.70445
Orange,Narbonne,18,19,0.483648,-0.506978,0.728847
Orange,Marseille,18,736,0.474286,-0.508991,0.715694
Narbonne,Girona,19,20,0.253007,-0.503412,0.380374
Girona,Barcelona,20,21,0.277101,-0.49896,0.415363
Barcelona,Tarragona,21,22,0.169577,-0.496028,0.253692
Barcelona,Toulouse,21,466,0.517138,-0.500144,0.775781
Tarragona,Castellón de la Plana,22,23,0.0771713,-0.491903,0.115132
Castellón de la Plana,Valencia,23,24,0.0606869,-0.486084,0.0901859
Valencia,Alicante,24,25,0.0417843,-0.481453,0.0619015
Alicante,Murcia,25,26,0.016924,-0.477638,0.0250075
Murcia,Almería,26,27,0.00823069,-0.473103,0.0121247
Almería,Málaga,27,28,0.00732535,-0.471576,0.0107798
Hook of Holland,Rotterdam,29,30,0.606012,-0.520334,0.921341
Hook of Holland,The Hague,29,307,0.327635,-0.520816,0.498272
Rotterdam,Eindhoven,30,31,1.51505,-0.520064,2.30297
Eindhoven,Maastricht,31,32,1.63188,-0.519429,2.47952
Eindhoven,Antwerp,31,505,2.69047,-0.518177,4.08461
Eindhoven,Venlo,31,643,2.09067,-0.520546,3.17896
Eindhoven,Breda,31,706,1.53139,-0.520079,2.32784
Maastricht,Liège,32,33,2.03562,-0.519399,3.09291
Liège,Bastogne,33,34,1.90162,-0.519309,2.88914
Liège,Leuven,33,327,3.0931,-0.519344,4.69949
Liège,Eupen,33,328,2.00064,-0.520226,3.04142
Liège,Antwerp,33,505,3.39115,-0.517565,5.14629
Liège,Namur,33,652,2.10682,-0.518696,3.19962
Liège,St. Vith,33,653,1.73868,-0.519367,2.64169
Liège,Charleville-Mézières,33,658,2.24511,-0.518625,3.40948
Bastogne,Arlon,34,35,1.1505,-0.519522,1.74821
Arlon,Luxembourg,35,36,1.59481,-0.519249,2.42292
Luxembourg,Metz,36,37,2.60475,-0.518037,3.95411
Luxembourg,St. Vith,36,653,1.94155,-0.519835,2.95083
Luxembourg,Charleville-Mézières,36,658,1.45779,-0.517385,2.21203
Luxembourg,Trier,36,659,1.91678,-0.520195,2.91388
Metz,Saint-Avold,37,38,3.10484,-0.517238,4.71077
Metz,Lausanne,37,44,2.54341,-0.516466,3.857
Metz,Geneva,37,45,2.70853,-0.514835,4.10297
Metz,Brussels,37,326,3.55821,-0.517582,5.39987
Metz,Reims,37,367,2.49252,-0.512294,3.76942
Metz,Saarbrücken,37,368,3.00113,-0.51906,4.5589
Saint-Avold,Strasbourg,38,39,2.37279,-0.518065,3.60206
Strasbourg,Mulhouse,39,40,3.01398,-0.519274,4.57906
Strasbourg,Appenweier,39,664,2.28018,-0.519681,3.46515
Mulhouse,Basel,40,41,2.87123,-0.51837,4.35959
Mulhouse,Belfort,40,398,2.14137,-0.51768,3.24992
Mulhouse,Chaumont,40,665,2.70259,-0.517664,4.10163
Basel,Olten,41,42,1.70642,-0.517948,2.59026
Basel,Offenburg,41,61,2.47109,-0.519504,3.75482
Basel,Zürich,41,399,2.00781,-0.518642,3.04915
Basel,Waldshut,41,666,2.36419,-0.518471,3.58995
Olten,Bern,42,43,1.67652,-0.514003,2.53826
Olten,Lucerne,42,62,1.06277,-0.516791,1.612
Bern,Lausanne,43,44,1.38387,-0.51539,2.09711
Bern,Belfort,43,398,1.75967,-0.517267,2.66989
Bern,Martigny,43,506,0.945131,-0.512652,1.42965
Lausanne,Geneva,44,45,1.02494,-0.510788,1.54847
Lausanne,Martigny,44,506,0.814775,-0.512592,1.23242
Geneva,Mont Blanc,45,46,1.14295,-0.510871,1.72684
Geneva,Chambéry,45,447,1.2504,-0.509319,1.88726
Geneva,Mâcon,45,677,2.04042,-0.51254,3.08621
Mont Blanc,Aosta,46,47,0.656109,-0.508299,0.989609
Aosta,Ivrea,47,48,0.53099,-0.499457,0.796197
Aosta,Martigny,47,506,0.750068,-0.505598,1.1293
Ivrea,Vercelli,48,49,0.202606,-0.496506,0.303201
Ivrea,Turin,48,449,0.29817,-0.49654,0.446223
Vercelli,Alessandria,49,50,0.155232,-0.490978,0.231447
Alessandria,Genoa,50,51,0.179086,-0.48458,0.265867
Alessandria,Turin,50,449,0.199694,-0.492983,0.298141
Alessandria,Tortona,50,450,0.128397,-0.485124,0.190685
Alessandria,Asti,50,686,0.170057,-0.487776,0.253006
Genoa,Rome,51,74,0.314085,-0.473662,0.462855
Genoa,Tortona,51,450,0.189032,-0.478774,0.279535
Genoa,Nice,51,467,0.30778,-0.488986,0.45828
Amsterdam,Utrecht,52,53,1.3909,-0.520342,2.11464
Amsterdam,Amersfoort,52,309,0.807027,-0.51957,1.22633
Amsterdam,Brussels,52,326,3.3805,-0.518386,5.13291
Amsterdam,Groningen,52,624,1.45713,-0.520709,2.21587
Utrecht,Arnhem,53,54,1.06647,-0.521691,1.62284
Utrecht,Gouda,53,308,0.86056,-0.521256,1.30913
Utrecht,Amersfoort,53,309,0.802907,-0.521472,1.2216
Utrecht,Gorinchem,53,707,1.01822,-0.521096,1.5488
Arnhem,Emmerich,54,55,0.976765,-0.522509,1.48713
Emmerich,Oberhausen,55,56,1.90779,-0.522751,2.9051
Oberhausen,Cologne,56,57,3.2923,-0.522899,5.01384
Oberhausen,Dortmund,56,508,2.31076,-0.522778,3.51878
Oberhausen,Venlo,56,643,2.156,-0.521906,3.28123
Cologne,Frankfurt am Main,57,58,3.85141,-0.523092,5.86605
Cologne,Aachen,57,329,3.37272,-0.523023,5.13672
Cologne,Olpe,57,330,2.38157,-0.52332,3.6279
Cologne,Bremen,57,507,3.48015,-0.522816,5.29963
Frankfurt am Main,Heidelberg,58,59,3.457,-0.523067,5.26524
Frankfurt am Main,Gießen,58,332,2.46313,-0.523459,3.75248
Frankfurt am Main,Mannheim,58,369,3.97431,-0.522902,6.05249
Frankfurt am Main,Aschaffenburg,58,509,2.86902,-0.522745,4.36879
Frankfurt am Main,Wiesbaden,58,656,2.82928,-0.523388,4.31009
Heidelberg,Karlsruhe,59,60,2.89677,-0.522234,4.40956
Karlsruhe,Offenburg,60,61,2.44713,-0.520443,3.72073
Karlsruhe,Stuttgart,60,510,3.41915,-0.520611,5.19919
Karlsruhe,Appenweier,60,664,2.62093,-0.520865,3.98609
Lucerne,Altdorf,62,63,0.784695,-0.517545,1.19081
Altdorf,Gotthard Pass,63,64,0.550629,-0.517861,0.835779
Altdorf,Zürich,63,399,1.0353,-0.51792,1.57151
Gotthard Pass,Bellinzona,64,65,0.274683,-0.517255,0.416764
Bellinzona,Lugano,65,66,0.134124,-0.513545,0.203003
Bellinzona,San Bernardino,65,516,0.152882,-0.516118,0.231788
Lugano,Chiasso,66,67,0.0762542,-0.501829,0.114521
Chiasso,Como,67,68,0.0949174,-0.486946,0.141137
Como,Milan,68,69,0.20602,-0.482886,0.305504
Milan,Piacenza,69,70,0.232166,-0.479626,0.343519
Milan,Turin,69,449,0.302187,-0.49027,0.450341
Milan,Tortona,69,450,0.167075,-0.48179,0.24757
Milan,Brescia,69,451,0.204167,-0.476501,0.301453
Milan,Gravellona Toce,69,680,0.230637,-0.485019,0.342501
Piacenza,Parma,70,71,0.162232,-0.473505,0.239049
Parma,Modena,71,72,0.245933,-0.467872,0.360998
Modena,Florence,72,73,0.275545,-0.466173,0.403997
Modena,Verona,72,94,0.330304,-0.469753,0.485465
Modena,Bologna,72,95,0.267746,-0.46498,0.392242
Florence,Rome,73,74,0.24823,-0.466814,0.364107
Rome,Pescara,74,125,0.240804,-0.465588,0.35292
Östersund,Mora,75,76,0.0123391,-0.344372,0.0165883
Östersund,Trondheim,75,493,0.0147,-0.344289,0.0197611
Östersund,Sundsvall,75,610,0.0153096,-0.344089,0.0205775
Mora,Säffle,76,77,0.00905717,-0.344828,0.0121803
Säffle,Gothenburg,77,78,0.0120216,-0.345259,0.0161722
Gothenburg,Halmstad,78,300,0.0115325,-0.345447,0.0155164
Gothenburg,Örebro,78,301,0.0124374,-0.34538,0.0167331
Gothenburg,Oslo,78,489,0.0105828,-0.345446,0.0142386
Hamburg,Hanover,79,80,2.11244,-0.521828,3.21476
Hamburg,Berlin,79,108,2.27907,-0.521233,3.467
Hamburg,Bremen,79,507,2.66245,-0.522355,4.05319
Hamburg,Lübeck,79,517,1.2044,-0.521713,1.83275
Hanover,Göttingen,80,81,1.48164,-0.522605,2.25596
Hanover,Bad Oeynhausen,80,312,1.70061,-0.522595,2.58934
Hanover,Braunschweig,80,313,1.55111,-0.521512,2.36003
Göttingen,Kassel,81,82,1.34886,-0.522973,2.05428
Kassel,Fulda,82,83,1.82519,-0.522888,2.77955
Kassel,Dortmund,82,508,2.11681,-0.523077,3.22406
Fulda,Würzburg,83,84,2.64026,-0.52243,4.01962
Würzburg,Nuremberg,84,85,3.89223,-0.520955,5.91991
Würzburg,Aschaffenburg,84,509,3.47959,-0.522514,5.29772
Würzburg,Stuttgart,84,510,2.76455,-0.521894,4.20735
Würzburg,Ulm,84,512,1.76399,-0.520417,2.682
Nuremberg,Munich,85,86,3.18209,-0.51735,4.82834
Nuremberg,Heilbronn,85,370,3.49801,-0.520965,5.32035
Nuremberg,Rozvadov,85,371,2.68383,-0.518497,4.07539
Nuremberg,Bayreuth,85,529,3.61448,-0.519039,5.49054
Nuremberg,Regensburg,85,667,2.55423,-0.518622,3.87891
Munich,Rosenheim,86,87,2.21473,-0.514718,3.35469
Munich,Salzburg,86,115,2.61373,-0.513949,3.95705
Munich,Ulm,86,512,2.28717,-0.517365,3.47047
Munich,Lindau,86,513,2.4642,-0.515702,3.73499
Munich,Deggendorf,86,531,2.46673,-0.516153,3.73994
Munich,Garmisch-Partenkirchen,86,718,2.15808,-0.51557,3.27072
Munich,Braunau am Inn,86,721,1.91519,-0.51487,2.90126
Rosenheim,Wörgl,87,88,1.46119,-0.514581,2.21309
Rosenheim,Bad Reichenhall,87,407,1.15973,-0.513868,1.75567
Wörgl,Innsbruck,88,89,1.37008,-0.513653,2.07383
Wörgl,St. Johann in Tirol,88,732,1.03148,-0.513729,1.56137
Innsbruck,Brenner,89,90,0.785124,-0.512193,1.18726
Innsbruck,Telfs,89,405,0.697584,-0.513513,1.0558
Innsbruck,Imst,89,406,0.713187,-0.513561,1.07945
Innsbruck,Seefeld,89,720,0.821958,-0.513447,1.24399
Brenner,Fortezza,90,91,0.462319,-0.508837,0.697564
Fortezza,Bolzano,91,92,0.287562,-0.501435,0.431756
Fortezza,Innichen,91,681,0.396285,-0.505729,0.596698
Bolzano,Trento,92,93,0.195255,-0.486386,0.290224
Trento,Verona,93,94,0.292886,-0.473695,0.431625
Verona,Mestre,94,120,0.407302,-0.470921,0.599109
Verona,Brescia,94,451,0.305498,-0.472293,0.449783
Bologna,Cesena,95,96,0.224721,-0.462313,0.328612
Cesena,Perugia,96,97,0.154934,-0.460843,0.226334
Cesena,Ravenna,96,121,0.239085,-0.465037,0.350268
Cesena,Rimini,96,122,0.160217,-0.460694,0.234028
Perugia,Fiano Romano,97,98,0.0631899,-0.459064,0.0921981
Fiano Romano,Naples,98,99,0.0294621,-0.457071,0.0429284
Naples,Salerno,99,100,0.00775824,-0.455245,0.0112901
Naples,Avellino,99,741,0.0115112,-0.454903,0.0167477
Salerno,Sicignano degli Alburni,100,101,0.00440826,-0.451937,0.00640052
Salerno,Avellino,100,741,0.00577879,-0.452962,0.00839636
Sicignano degli Alburni,Potenza,101,743,0.00230694,-0.449881,0.00334478
Messina,Catania,102,103,6.60165e-05,-0.485654,6.60165e-05
Messina,Palermo,102,474,6.60165e-05,-0.485654,6.60165e-05
Catania,Siracusa,103,104,6.60165e-05,-0.485654,6.60165e-05
Siracusa,Gela,104,105,6.60165e-05,-0.485654,6.60165e-05
Gela,Mazara del Vallo,105,473,6.60165e-05,-0.485654,6.60165e-05
Helsingborg,Copenhagen,299,106,0.00256962,-0.345542,0.00345753
Copenhagen,Malmö,106,135,0.00131469,-0.345496,0.00176891
Rostock,Berlin,107,108,1.69894,-0.520654,2.5835
Rostock,Lübeck,107,517,0.857175,-0.521158,1.3039
Rostock,Sassnitz,107,625,0.718295,-0.520733,1.09233
Berlin,Lübbenau,108,109,2.53543,-0.520174,3.8543
Berlin,Szczecin,108,137,2.01384,-0.520664,3.06238
Berlin,Świebodzin,108,139,2.41859,-0.521135,3.679
Berlin,Magdeburg,108,314,2.54782,-0.520555,3.8741
Berlin,Leipzig,108,526,2.23854,-0.520127,3.40287
Berlin,Neubrandenburg,108,700,1.56659,-0.520636,2.38222
Lübbenau,Dresden,109,110,1.857,-0.519558,2.82182
Lübbenau,Cottbus,109,644,1.38335,-0.519967,2.10265
Dresden,Ústí nad Labem,110,111,1.86694,-0.517594,2.83325
Dresden,Chemnitz,110,337,2.11092,-0.519069,3.20663
Dresden,Görlitz,110,338,1.3572,-0.519265,2.06195
Ústí nad Labem,Prague,111,112,2.07048,-0.515311,3.13741
Prague,Tábor,112,113,1.96692,-0.512727,2.97541
Prague,Mladá Boleslav,112,146,1.16355,-0.514624,1.76235
Prague,Jihlava,112,147,1.98031,-0.512143,2.99452
Prague,Plzeň,112,372,2.24491,-0.514097,3.39901
Prague,Karlovy Vary,112,523,1.3925,-0.514926,2.10953
Prague,Hradec Králové,112,551,1.50323,-0.514096,2.27604
Tábor,Linz,113,114,1.72682,-0.512196,2.61129
Linz,Salzburg,114,115,1.8096,-0.511875,2.73589
Linz,Sattledt,114,408,0.732294,-0.511197,1.10664
Linz,Sankt Pölten,114,409,1.70133,-0.510403,2.5697
Linz,Wels,114,669,1.30569,-0.512245,1.97452
Salzburg,Villach,115,116,2.61736,-0.508999,3.94959
Salzburg,Bad Reichenhall,115,407,1.3916,-0.512306,2.10452
Salzburg,Sattledt,115,408,1.44164,-0.509789,2.17656
Salzburg,Lofer,115,733,1.66596,-0.512618,2.51996
Villach,Tarvisio,116,117,1.30818,-0.500281,1.96264
Villach,Karavanke Tunnel,116,537,1.11103,-0.503501,1.67043
Villach,Spittal an der Drau,116,682,1.29463,-0.505971,1.94968
Villach,Klagenfurt,116,683,1.36643,-0.504364,2.05561
Tarvisio,Udine,117,118,0.603125,-0.499419,0.904337
Udine,Palmanova,118,119,0.50049,-0.490883,0.746172
Palmanova,Mestre,119,120,0.51846,-0.480302,0.767478
Palmanova,Trieste,119,452,0.565123,-0.486659,0.840145
Mestre,Ravenna,120,121,0.311058,-0.470874,0.457527
Rimini,Fano,122,123,0.0785784,-0.458847,0.114634
Fano,Ancona,123,124,0.0690505,-0.458755,0.100728
Ancona,Pescara,124,125,0.122877,-0.461032,0.179527
Pescara,Canosa di Puglia,125,126,0.132763,-0.460774,0.193937
Canosa di Puglia,Bari,126,127,0.0420492,-0.457307,0.0612786
Canosa di Puglia,Benevento,126,742,0.0433179,-0.457592,0.0631398
Bari,Brindisi,127,128,0.0112084,-0.455415,0.0163128
Bari,Taranto,127,476,0.0106182,-0.455269,0.0154523
Brindisi,Taranto,128,476,0.00257018,-0.45218,0.00373237
Igoumenitsa,Preveza,129,130,0.00518033,-0.414402,0.00732708
Igoumenitsa,Ioannina,129,477,0.0120844,-0.4162,0.0171139
Preveza,Rhion,130,131,0.00256979,-0.41206,0.00362869
Rhion,Patras,131,132,0.000915338,-0.408984,0.0012897
Rhion,Aigio,131,175,0.000915338,-0.408984,0.0012897
Patras,Pyrgos,132,133,0.000391869,-0.406649,0.000551222
Pyrgos,Kalamata,133,134,0.000187106,-0.403814,0.000262662
Kalamata,Tripoli,134,177,0.000133454,-0.40202,0.000187106
Malmö,Helsingborg,135,299,0.0035371,-0.345529,0.00475928
Malmö,Kalmar,135,626,0.00336458,-0.345461,0.00452691
Goleniów,Szczecin,136,137,0.858361,-0.520894,1.30548
Goleniów,Koszalin,136,637,0.371732,-0.521744,0.56568
Szczecin,Gorzów Wielkopolski,137,138,0.915809,-0.521085,1.39302
Gorzów Wielkopolski,Świebodzin,138,139,1.10449,-0.521679,1.68068
Świebodzin,Zielona Góra,139,140,1.46055,-0.521597,2.22236
Świebodzin,Poznań,139,315,2.33253,-0.522836,3.55206
Zielona Góra,Legnica,140,141,1.46524,-0.521693,2.22965
Legnica,Jelenia Góra,141,142,1.30261,-0.52045,1.98056
Legnica,Görlitz,141,338,1.44241,-0.52014,2.19266
Legnica,Wrocław,141,339,2.19807,-0.520323,3.34178
Legnica,Cottbus,141,644,1.4442,-0.520185,2.19545
Jelenia Góra,Harrachov,142,143,0.559579,-0.519877,0.85049
Harrachov,Železný Brod,143,144,0.398369,-0.517939,0.604699
Železný Brod,Turnov,144,145,0.64982,-0.516129,0.985211
Turnov,Mladá Boleslav,145,146,0.685946,-0.515085,1.03927
Turnov,Hradec Králové,145,551,0.96788,-0.514993,1.46633
Turnov,Teplice,145,715,0.840462,-0.515915,1.27407
Jihlava,Brno,147,148,0.992043,-0.510413,1.49839
Jihlava,Vienna,147,410,1.59564,-0.510283,2.40987
Brno,Bratislava,148,149,1.37632,-0.507606,2.07495
Brno,Trenčín,148,373,1.37619,-0.509489,2.07734
Brno,Vienna,148,410,1.57054,-0.50807,2.36848
Brno,Olomouc,148,716,1.40109,-0.511279,2.11743
Bratislava,Rajka,149,150,1.46411,-0.50623,2.20528
Bratislava,Žilina,149,195,1.5836,-0.509903,2.39108
Bratislava,Győr,149,196,1.45204,-0.502222,2.18128
Bratislava,Vienna,149,410,2.01829,-0.503799,3.0351
Bratislava,Zvolen,149,568,2.06096,-0.505636,3.10306
Bratislava,Dunajská Streda,149,724,1.25797,-0.506275,1.89485
Rajka,Csorna,150,151,0.579295,-0.506073,0.872461
Csorna,Szombathely,151,152,0.280814,-0.503411,0.422179
Szombathely,Zalaegerszeg,152,153,0.265063,-0.496908,0.396775
Zalaegerszeg,Nagykanizsa,153,154,0.512736,-0.493351,0.765694
Nagykanizsa,Letenye,154,155,0.317752,-0.492636,0.474287
Nagykanizsa,Zagreb,154,156,0.684806,-0.491398,1.02132
Nagykanizsa,Balatonvilágos,154,553,1.01736,-0.49327,1.51919
Letenye,Zagreb,155,156,0.367055,-0.490327,0.547031
Zagreb,Karlovac,156,157,0.537091,-0.489699,0.800103
Zagreb,Ljubljana,156,454,0.525657,-0.491584,0.784062
Zagreb,Slavonski Brod,156,455,0.571778,-0.483947,0.848488
Zagreb,Maribor,156,535,0.645105,-0.494622,0.964188
Karlovac,Rijeka,157,158,0.235391,-0.488611,0.350406
Karlovac,Knin,157,554,0.189058,-0.488637,0.281439
Rijeka,Split,158,159,0.157243,-0.48696,0.233814
Rijeka,Trieste,158,452,0.403215,-0.488488,0.600181
Split,Dubrovnik,159,160,0.10917,-0.481445,0.161729
Split,Knin,159,554,0.110911,-0.486315,0.164848
Dubrovnik,Petrovac,160,161,0.0343935,-0.475774,0.050757
Dubrovnik,Podgorica,160,162,0.0734692,-0.469636,0.107973
Petrovac,Podgorica,161,162,0.0469298,-0.464094,0.0687097
Petrovac,Prizren,161,744,0.0431014,-0.464448,0.0631197
Podgorica,Bijelo Polje,162,163,0.0722962,-0.464693,0.105892
Podgorica,Pristina,162,164,0.0992647,-0.463464,0.14527
Podgorica,Sarajevo,162,737,0.124695,-0.465178,0.182701
Bijelo Polje,Pristina,163,164,0.0998769,-0.463309,0.146151
Bijelo Polje,Nova Varoš,163,740,0.110484,-0.465927,0.161962
Pristina,Skopje,164,165,0.131578,-0.460265,0.192139
Pristina,Niš,164,202,0.267613,-0.465326,0.392141
Pristina,Prizren,164,744,0.0818684,-0.462772,0.119755
Skopje,Kičevo,165,166,0.0877599,-0.456687,0.127839
Skopje,Kumanovo,165,203,0.128897,-0.459998,0.18819
Skopje,Veles,165,204,0.091699,-0.455031,0.133425
Kičevo,Ohrid,166,167,0.0357103,-0.454237,0.0519313
Ohrid,Bitola,167,168,0.0161026,-0.448278,0.0233211
Bitola,Niki,168,169,0.0109318,-0.434102,0.0156773
Niki,Vevi,169,170,0.015252,-0.421833,0.0216859
Vevi,Kozani,170,171,0.0324399,-0.419217,0.0460393
Kozani,Larissa,171,172,0.0219156,-0.418868,0.0310953
Kozani,Thessaloniki,171,207,0.0726644,-0.421112,0.103264
Kozani,Ioannina,171,477,0.0266331,-0.418538,0.0377801
Larissa,Domokos,172,173,0.00967195,-0.417904,0.0137139
Larissa,Lamia,172,174,0.00967195,-0.417904,0.0137139
Larissa,Katerini,172,208,0.028034,-0.419694,0.0397997
Larissa,Trikala,172,687,0.0137179,-0.417326,0.0194427
Domokos,Lamia,173,174,6.60165e-05,-0.485654,3.30082e-05
Aigio,Corinth,175,176,0.000391869,-0.406649,0.000551222
Corinth,Tripoli,176,177,0.000187106,-0.403814,0.000262662
Varangerbotn,Utsjoki,178,179,0.0620245,-0.501629,0.0931378
Varangerbotn,Kirkenes,178,243,0.177403,-0.519686,0.269596
Varangerbotn,Karasjok,178,502,0.0619812,-0.501702,0.0930772
Utsjoki,Inari,179,180,0.0241094,-0.497938,0.0361143
Inari,Ivalo,180,181,0.0102042,-0.488049,0.0151843
Ivalo,Sodankylä,181,182,0.00625931,-0.461232,0.00914631
Sodankylä,Rovaniemi,182,183,0.00531943,-0.422071,0.00756461
Sodankylä,Kemijärvi,182,539,0.00368355,-0.434878,0.00528544
Rovaniemi,Kemi,183,184,0.0067275,-0.405438,0.00945508
Kemi,Oulu,184,185,0.0104659,-0.416795,0.0148281
Kemi,Tornio,184,614,0.00655642,-0.393293,0.00913501
Oulu,Jyväskylä,185,186,0.0118948,-0.443846,0.0171743
Oulu,Kokkola,185,615,0.00883955,-0.435735,0.0126913
Jyväskylä,Heinola,186,187,0.0190383,-0.476079,0.028102
Jyväskylä,Kuopio,186,544,0.0122062,-0.454679,0.017756
Jyväskylä,Tampere,186,545,0.0179831,-0.469497,0.0264262
Heinola,Lahti,187,188,0.0256428,-0.501807,0.0385105
Lahti,Helsinki,188,189,0.0579827,-0.513584,0.0877616
Helsinki,Hämeenlinna,189,618,0.0584431,-0.513427,0.0884494
Helsinki,Kotka,189,621,0.174795,-0.522272,0.266086
Gdańsk,Świecie,190,191,1.84343,-0.526489,2.81397
Gdańsk,Kaliningrad,190,563,1.44503,-0.528691,2.20901
Gdańsk,Elbląg,190,564,1.58342,-0.526571,2.4172
Gdańsk,Gdynia,190,639,1.13389,-0.527304,1.73179
Świecie,Łódź,191,192,1.29225,-0.525044,1.97074
Świecie,Poznań,191,315,1.72362,-0.52505,2.62861
Łódź,Piotrków Trybunalski,192,193,1.4795,-0.524716,2.25582
Piotrków Trybunalski,Katowice,193,194,1.73284,-0.522822,2.63881
Piotrków Trybunalski,Warsaw,193,316,2.57149,-0.525817,3.92363
Piotrków Trybunalski,Wrocław,193,339,1.75192,-0.523138,2.66842
Katowice,Žilina,194,195,1.38017,-0.51743,2.09431
Katowice,Zabrze,194,342,1.23748,-0.520726,1.88187
Katowice,Kraków,194,343,1.90176,-0.52084,2.89227
Katowice,Český Těšín,194,717,0.976682,-0.519557,1.48412
Žilina,Olomouc,195,716,0.8102,-0.513197,1.22599
Győr,Budapest,196,197,1.98724,-0.499575,2.98002
Győr,Vámosszabadi,196,726,0.916927,-0.502325,1.37752
Budapest,Szeged,197,198,1.95402,-0.490712,2.91288
Budapest,Mosonmagyaróvár,197,412,2.09523,-0.49739,3.13738
Budapest,Szolnok,197,413,1.96655,-0.492708,2.93548
Budapest,Miskolc,197,552,2.06658,-0.495917,3.09143
Budapest,Balatonvilágos,197,553,1.77206,-0.493709,2.64694
Budapest,Szekszárd,197,555,1.61575,-0.493456,2.41305
Budapest,Zvolen,197,568,1.94786,-0.499695,2.9212
Szeged,Subotica,198,199,1.1176,-0.4829,1.65728
Szeged,Arad,198,684,1.34319,-0.483643,1.99281
Subotica,Novi Sad,199,200,0.62684,-0.480422,0.927987
Subotica,Sombor,199,735,0.589312,-0.483345,0.874152
Novi Sad,Belgrade,200,201,0.584385,-0.476923,0.863092
Belgrade,Niš,201,202,0.471504,-0.47189,0.694001
Belgrade,Slavonski Brod,201,455,0.525621,-0.479253,0.777527
Belgrade,Vršac,201,456,0.467077,-0.474618,0.68876
Belgrade,Čačak,201,739,0.407581,-0.472588,0.600199
Niš,Kumanovo,202,203,0.192876,-0.466495,0.282852
Niš,Drobeta-Turnu Severin,202,458,0.454209,-0.471558,0.668395
Niš,Sofia,202,468,0.311386,-0.457645,0.453891
Kumanovo,Kyustendil,203,745,0.116597,-0.458131,0.170014
Veles,Gevgelija,204,205,0.0468825,-0.445864,0.0677857
Gevgelija,Evzoni,205,206,0.0438724,-0.430602,0.062764
Evzoni,Thessaloniki,206,207,0.0786455,-0.423442,0.111947
Thessaloniki,Katerini,207,208,0.0528369,-0.421797,0.0751233
Thessaloniki,Alexandroupoli,207,233,0.109134,-0.419687,0.154936
Thessaloniki,Serres,207,577,0.0974518,-0.4284,0.1392
Klaipėda,Kaunas,209,210,2.17975,-0.530819,3.3368
Klaipėda,Palanga,209,704,1.28336,-0.531563,1.96555
Kaunas,Vilnius,210,211,2.41534,-0.53052,3.69672
Kaunas,Warsaw,210,316,4.58578,-0.528817,7.01082
Kaunas,Riga,210,547,3.17421,-0.529781,4.85585
Kaunas,Ukmergė,210,701,2.03148,-0.530517,3.10921
Vilnius,Lida,211,212,2.26267,-0.53073,3.46353
Vilnius,Minsk,211,318,4.54007,-0.528819,6.94095
Vilnius,Marijampolė,211,641,2.37824,-0.530971,3.64102
Vilnius,Ukmergė,211,701,2.38007,-0.530859,3.64354
Lida,Slonim,212,213,0.883974,-0.530665,1.35307
Slonim,Kobryn,213,214,0.44347,-0.527424,0.677366
Kobryn,Dubno,214,215,0.470759,-0.520213,0.715655
Dubno,Ternopil,215,216,0.987839,-0.516441,1.498
Ternopil,Chernivtsi,216,217,1.09606,-0.51426,1.65972
Ternopil,Stryj,216,379,1.54714,-0.512896,2.34066
Ternopil,Khmelnytskyi,216,380,1.41944,-0.518088,2.15483
Chernivtsi,Siret,217,218,0.794203,-0.509741,1.19904
Siret,Suceava,218,219,1.30202,-0.505792,1.96057
Suceava,Roman,219,220,1.26529,-0.504102,1.90312
Suceava,Halmeu,219,578,1.93905,-0.502697,2.91381
Suceava,Iaşi,219,670,1.74752,-0.507264,2.63397
Roman,Urziceni,220,221,0.6793,-0.501304,1.01984
Urziceni,Bucharest,221,222,0.442922,-0.49349,0.6615
Urziceni,Slobozia,221,421,0.379007,-0.499237,0.568222
Bucharest,Giurgiu,222,223,0.211326,-0.484248,0.313661
Bucharest,Ploieşti,222,420,0.192806,-0.485693,0.28645
Bucharest,Constanţa,222,423,0.29425,-0.489327,0.438235
Bucharest,Alexandria,222,460,0.217551,-0.48193,0.322395
Bucharest,Piteşti,222,583,0.238209,-0.483019,0.353269
Giurgiu,Ruse,223,224,0.106284,-0.480189,0.15732
Ruse,Byala,224,225,0.0525412,-0.472885,0.0773871
Ruse,Razgrad,224,461,0.0492875,-0.474422,0.0726706
Byala,Veliko Tarnovo,225,226,0.0397686,-0.467863,0.0583748
Byala,Pleven,225,584,0.0380791,-0.462431,0.055688
Veliko Tarnovo,Stara Zagora,226,227,0.04441,-0.467305,0.065163
Veliko Tarnovo,Shumen,226,462,0.0444508,-0.472591,0.0654578
Stara Zagora,Haskovo,227,228,0.0263643,-0.464927,0.0386218
Stara Zagora,Burgas,227,590,0.0404954,-0.472642,0.0596352
Haskovo,Svilengrad,228,229,0.011852,-0.455854,0.0172547
Svilengrad,Ormenio,229,230,0.0081451,-0.436411,0.0116997
Ormenio,Kastanies,230,231,0.0115475,-0.420517,0.0164034
Kastanies,Didymoteicho,231,232,0.0246616,-0.416847,0.0349418
Didymoteicho,Alexandroupoli,232,233,0.0583361,-0.417195,0.0826736
Alexandroupoli,Gelibolu,233,478,0.0727261,-0.416618,0.103025
Saint Petersburg,Pskov,234,235,4.36795,-0.525133,6.6617
Saint Petersburg,Moscow,234,239,7.94247,-0.51912,12.0656
Saint Petersburg,Petrozavodsk,234,245,2.75015,-0.522431,4.18691
Saint Petersburg,Narva,234,304,3.28868,-0.524196,5.01259
Saint Petersburg,Vyborg,234,623,2.75011,-0.522432,4.18686
Pskov,Gomel,235,236,5.84639,-0.527503,8.93037
Pskov,Riga,235,547,4.23154,-0.528072,6.46609
Gomel,Kiev,236,237,7.95902,-0.524187,12.131
Gomel,Babruysk,236,703,4.88773,-0.527452,7.46577
Kiev,Odessa,237,238,5.58477,-0.519096,8.4838
Kiev,Hlukhiv,237,242,6.83968,-0.518606,10.3868
Kiev,Kharkiv,237,247,6.59162,-0.517041,9.99976
Kiev,Rivne,237,348,4.99166,-0.52074,7.59102
Kiev,Zhytomyr,237,349,3.97445,-0.52082,6.04443
Odessa,Izmail,238,586,1.84145,-0.518596,2.79641
Odessa,Chişinău,238,672,2.17705,-0.518258,3.30533
Odessa,Mykolaiv,238,673,2.15432,-0.519075,3.27257
Moscow,Kaluga,239,240,5.54144,-0.516705,8.40473
Moscow,Orel,239,246,5.81739,-0.511461,8.79276
Moscow,Voronezh,239,248,5.9378,-0.510889,8.97136
Moscow,Tambov,239,256,5.11389,-0.50946,7.71922
Moscow,Smolensk,239,319,6.18785,-0.521215,9.41305
Moscow,Ryazan,239,320,4.40192,-0.511056,6.65155
Moscow,Velikiye Luki,239,628,5.36162,-0.5181,8.13947
Moscow,Vladimir,239,629,4.47587,-0.508074,6.74994
Kaluga,Bryansk,240,241,3.08329,-0.518517,4.68203
Bryansk,Hlukhiv,241,242,3.82261,-0.519207,5.80734
Hlukhiv,Kursk,242,645,4.0461,-0.518086,6.14232
Kirkenes,Murmansk,243,244,0.397388,-0.523226,0.605311
Murmansk,Petrozavodsk,244,245,1.03322,-0.523168,1.57377
Orel,Kharkiv,246,247,4.41333,-0.513931,6.68148
Kharkiv,Luhansk,247,350,3.57348,-0.515908,5.41706
Voronezh,Novorossiysk,248,249,3.69761,-0.504947,5.5647
Voronezh,Kursk,248,645,3.82775,-0.514767,5.79815
Voronezh,Saratov,248,646,3.00154,-0.505082,4.51757
Novorossiysk,Dzhankoy,249,601,1.51374,-0.507749,2.28234
Novorossiysk,Sochi,249,602,1.46725,-0.507417,2.21176
Mineralnye Vody,Nalchik,250,251,0.18399,-0.502431,0.276432
Mineralnye Vody,Makhachkala,250,260,0.41108,-0.501363,0.61718
Mineralnye Vody,Armavir,250,387,0.220786,-0.504966,0.332276
Nalchik,Vladikavkaz,251,252,0.0702909,-0.502241,0.105594
Vladikavkaz,Stepantsminda,252,253,0.0271975,-0.502004,0.0408508
Stepantsminda,Mtskheta,253,254,0.0114108,-0.50164,0.0171349
Mtskheta,Tbilisi,254,255,0.0070722,-0.501217,0.0106169
Tbilisi,Gori,255,428,0.00458814,-0.502551,0.00689391
Tbilisi,Rustavi,255,429,0.00661035,-0.500632,0.0099197
Tambov,Povorino,256,257,2.33592,-0.510146,3.52758
Povorino,Volgograd,257,258,1.94126,-0.510621,2.9325
Volgograd,Astrakhan,258,259,2.01668,-0.506403,3.03793
Volgograd,Luhansk,258,350,2.30632,-0.513421,3.49044
Astrakhan,Makhachkala,259,260,1.2618,-0.500956,1.8939
Astrakhan,Atyrau,259,265,1.58774,-0.494279,2.37253
Makhachkala,Kuba,260,261,0.404407,-0.500981,0.607007
Kuba,Baku,261,262,0.154421,-0.500819,0.231758
Baku,Yevlakh,262,431,0.0591091,-0.50065,0.0887021
Samara,Oral,263,264,1.19639,-0.477452,1.76761
Samara,Penza,263,321,1.21477,-0.493348,1.81407
Samara,Ufa,263,322,0.843842,-0.472534,1.24259
Oral,Atyrau,264,265,1.24329,-0.473756,1.83231
Oral,Saratov,264,646,1.86879,-0.494141,2.79223
Oral,Aktobe,264,647,0.857365,-0.476931,1.26627
Atyrau,Beineu,265,266,0.614645,-0.482857,0.911431
Atyrau,Beyneu,265,351,0.614645,-0.482857,0.911431
Beineu,Shetpe,266,267,0.238808,-0.481549,0.353805
Shetpe,Zhetybai,267,268,0.0929649,-0.4802,0.137607
Zhetybai,Fetisovo,268,269,0.0364057,-0.478601,0.0538295
Fetisovo,Bekdash,269,270,0.0146941,-0.475809,0.0216856
Bekdash,Türkmenbaşy,270,271,0.00696561,-0.467957,0.0102252
Türkmenbaşy,Gyzylarbat,271,272,0.00575636,-0.453573,0.00836729
Gyzylarbat,Ashgabat,272,432,0.00976897,-0.44752,0.0141408
Chelyabinsk,Kostanay,273,274,0.17337,-0.467226,0.254373
Chelyabinsk,Ufa,273,322,0.376678,-0.471026,0.554103
Chelyabinsk,Kurgan,273,323,0.189672,-0.465601,0.277984
Kostanay,Esil,274,275,0.0733891,-0.462656,0.107343
Esil,Derzhavinsk,275,276,0.0413159,-0.447488,0.0598043
Derzhavinsk,Arkalyk,276,277,0.0462196,-0.425211,0.0658727
Arkalyk,Jezkazgan,277,278,0.0904295,-0.415625,0.128014
Jezkazgan,Kyzylorda,278,279,0.135956,-0.410842,0.191813
Jezkazgan,Karaganda,278,286,0.133542,-0.416091,0.189108
Kyzylorda,Shymkent,279,280,0.125873,-0.410918,0.177596
Kyzylorda,Novokazalinsk,279,650,0.103755,-0.422072,0.147548
Shymkent,Tashkent,280,281,0.0921805,-0.405222,0.129534
Shymkent,Zhambyl,280,359,0.0750241,-0.40559,0.105453
Tashkent,Ayni,281,282,0.0323207,-0.405672,0.0454323
Tashkent,Jizzakh,281,358,0.0415712,-0.405745,0.0584385
Tashkent,Kokand,281,689,0.0340662,-0.403703,0.0478188
Ayni,Dushanbe,282,283,0.0240802,-0.399829,0.0337082
Ayni,Kokand,282,689,0.01206,-0.399282,0.0168753
Dushanbe,Termez,283,440,0.01283,-0.396877,0.017922
Dushanbe,Jirgatal,283,441,0.0131028,-0.396383,0.0182966
Dushanbe,Kulob,283,692,0.00959196,-0.396606,0.0133962
Ishim,Astana,284,285,0.0726852,-0.440095,0.104673
Ishim,Omsk,284,291,0.0726852,-0.440095,0.104673
Ishim,Kurgan,284,323,0.126045,-0.456919,0.183638
Ishim,Tyumen,284,635,0.0837903,-0.453532,0.121792
Astana,Karaganda,285,286,0.0717448,-0.426057,0.102312
Karaganda,Balkhash,286,287,0.0767457,-0.41536,0.108623
Karaganda,Pavlodar,286,292,0.083523,-0.422245,0.11879
Balkhash,Burubaytal,287,288,0.0443564,-0.411388,0.0626041
Burubaytal,Almaty,288,289,0.0484625,-0.405751,0.0681262
Almaty,Bishkek,289,290,0.0718916,-0.402368,0.100818
Almaty,Sary-Ozek,289,360,0.0348317,-0.402936,0.0488666
Almaty,Kokpek,289,695,0.0286063,-0.403036,0.0401357
Bishkek,Zhambyl,290,359,0.0647741,-0.402968,0.090876
Bishkek,Osh,290,691,0.0638914,-0.401056,0.0895154
Omsk,Pavlodar,291,292,0.0535907,-0.431367,0.076708
Pavlodar,Semey,292,293,0.0434623,-0.425223,0.0619435
Semey,Georgiyevka,293,294,0.0179905,-0.424622,0.0256296
Georgiyevka,Ayagoz,294,364,0.00779697,-0.423081,0.0110957
Narvik,Kiruna,295,296,0.00126139,-0.368728,0.0017265
Narvik,Setermoen,295,498,0.000982703,-0.424756,0.00140011
Kiruna,Töre,296,297,0.00247031,-0.349861,0.00333457
Töre,Luleå,297,298,0.00540774,-0.346949,0.00728396
Luleå,Umeå,298,612,0.00934175,-0.345261,0.0125671
Luleå,Haparanda,298,613,0.00610078,-0.351372,0.00824443
Helsingborg,Halmstad,299,300,0.00774559,-0.345512,0.0104218
Helsingborg,Jönköping,299,605,0.00476983,-0.345533,0.00641796
Örebro,Stockholm,301,302,0.0148834,-0.345311,0.0200228
Örebro,Karlstad,301,620,0.00889646,-0.345414,0.0119694
Stockholm,Södertälje,302,608,0.0109857,-0.345139,0.0147774
Stockholm,Uppsala,302,609,0.0129715,-0.344822,0.0174443
Tallinn,Narva,303,304,1.98395,-0.526522,3.02855
Tallinn,Riga,303,547,2.76842,-0.527867,4.22978
Colchester,Ipswich,305,306,6.60165e-05,-0.485654,6.60165e-05
Ipswich,Cambridge,306,636,6.60165e-05,-0.485654,6.60165e-05
The Hague,Gouda,307,308,0.390532,-0.521251,0.594097
Amersfoort,Oldenzaal,309,310,0.666593,-0.521512,1.01423
Amersfoort,Hoogeveen,309,698,0.62194,-0.521396,0.946217
Oldenzaal,Osnabrück,310,311,0.579225,-0.522505,0.881872
Osnabrück,Bad Oeynhausen,311,312,1.09715,-0.522925,1.67088
Bad Oeynhausen,Dortmund,312,508,1.89462,-0.523121,2.88573
Braunschweig,Magdeburg,313,314,1.43096,-0.52108,2.17661
Magdeburg,Halle,314,518,1.50906,-0.520416,2.2944
Poznań,Warsaw,315,316,2.96571,-0.525475,4.52411
Poznań,Wrocław,315,339,1.70306,-0.523642,2.59485
Warsaw,Elbląg,316,564,2.40054,-0.526647,3.66478
Warsaw,Radom,316,565,2.80923,-0.524721,4.2833
Warsaw,Lublin,316,713,3.35668,-0.525069,5.11917
Brest,Rennes,317,365,0.320082,-0.513124,0.484324
Brest,Lorient,317,388,0.174402,-0.512629,0.263806
Minsk,Smolensk,318,319,4.70421,-0.525139,7.17458
Minsk,Babruysk,318,703,4.33452,-0.527997,6.62313
Ryazan,Penza,320,321,1.86306,-0.507381,2.80834
Ufa,Yelabuga,322,632,0.420212,-0.474882,0.619763
Bruges,Ghent,324,325,1.6302,-0.51653,2.47225
Bruges,Zeebrugge,324,642,1.85024,-0.516897,2.80663
Ghent,Brussels,325,326,2.2259,-0.51681,3.37627
Brussels,Leuven,326,327,2.89067,-0.518464,4.38939
Leuven,Hasselt,327,708,1.93104,-0.520524,2.93619
Eupen,Aachen,328,329,2.37059,-0.522398,3.60898
Eupen,St. Vith,328,653,1.21064,-0.521437,1.84191
Aachen,Heerlen,329,709,1.87236,-0.522822,2.85127
Olpe,Wetzlar,330,331,2.23162,-0.523306,3.39943
Wetzlar,Gießen,331,332,2.23592,-0.52343,3.40627
Wetzlar,Dortmund,331,508,3.10883,-0.52337,4.73591
Wetzlar,Aschaffenburg,331,509,2.39376,-0.52316,3.64608
Wetzlar,Koblenz,331,660,2.34354,-0.523206,3.5697
Gießen,Bad Hersfeld,332,333,1.39209,-0.523607,2.121
Bad Hersfeld,Eisenach,333,334,0.645269,-0.52306,0.982784
Eisenach,Erfurt,334,335,0.573476,-0.521179,0.87236
Erfurt,Gera,335,336,1.09945,-0.519986,1.67115
Gera,Chemnitz,336,337,1.63222,-0.519478,2.48012
Gera,Leipzig,336,526,1.64728,-0.519894,2.50368
Gera,Hirschberg,336,527,1.1587,-0.519637,1.76081
Chemnitz,Plauen,337,519,1.53817,-0.519417,2.33712
Wrocław,Opole,339,340,1.39312,-0.521901,2.12019
Wrocław,Kłodzko,339,548,1.41379,-0.521979,2.15176
Opole,Gliwice,340,341,0.662983,-0.521749,1.00889
Gliwice,Zabrze,341,342,0.624669,-0.521175,0.950231
Kraków,Rzeszów,343,344,0.897092,-0.520698,1.3642
Kraków,Radom,343,565,1.11733,-0.523492,1.70224
Kraków,Trstená,343,566,1.10906,-0.518757,1.68439
Rzeszów,Jarosław,344,345,0.868346,-0.52125,1.32097
Rzeszów,Radom,344,565,0.970781,-0.52382,1.4793
Rzeszów,Barwinek,344,710,0.680568,-0.521422,1.03543
Jarosław,Korczowa,345,346,0.933549,-0.519436,1.41847
Korczowa,Lviv,346,347,1.96859,-0.518128,2.98857
Lviv,Rivne,347,348,2.69959,-0.519472,4.10195
Lviv,Mukachevo,347,378,3.40339,-0.513467,5.15091
Lviv,Lublin,347,713,2.01562,-0.520662,3.06508
Rivne,Zhytomyr,348,349,1.72173,-0.521507,2.61962
Rivne,Kovel,348,714,1.70072,-0.521686,2.58796
Zhytomyr,Vinnytsia,349,381,2.88028,-0.521831,4.3833
Beyneu,Qo‘ng‘irot,351,352,0.24072,-0.481282,0.356575
Qo‘ng‘irot,Nukus,352,353,0.0985045,-0.478543,0.145643
Nukus,Daşoguz,353,354,0.050566,-0.471748,0.0744204
Daşoguz,Bukhara,354,355,0.0171977,-0.450309,0.0249421
Daşoguz,Ashgabat,354,432,0.0195364,-0.45214,0.0283696
Daşoguz,Uchkuduk,354,688,0.0133725,-0.461096,0.0195385
Bukhara,Navoiy,355,356,0.0135552,-0.424954,0.0193155
Bukhara,Alat,355,436,0.0110759,-0.430684,0.0158461
Bukhara,Karshi,355,437,0.0112124,-0.429471,0.0160278
Bukhara,Uchkuduk,355,688,0.00805142,-0.436139,0.011563
Navoiy,Samarkand,356,357,0.0114829,-0.411873,0.0162124
Samarkand,Jizzakh,357,358,0.0188696,-0.405807,0.0265271
Sary-Ozek,Taldykorgan,360,361,0.0166063,-0.402435,0.0232892
Sary-Ozek,Koktal,360,697,0.0156584,-0.402292,0.0219576
Taldykorgan,Ucharal,361,362,0.00738302,-0.4032,0.0103599
Ucharal,Taskesken,362,363,0.00411343,-0.408067,0.00579199
Taskesken,Ayagoz,363,364,0.00420095,-0.417585,0.0059552
Rennes,Le Mans,365,366,0.794245,-0.513218,1.20187
Le Mans,Angers,366,391,0.647936,-0.51324,0.980483
Le Mans,Tours,366,392,0.75096,-0.5126,1.1359
Le Mans,Rouen,366,662,1.25426,-0.514685,1.89981
Reims,Charleroi,367,651,1.76842,-0.516314,2.68148
Reims,Charleville-Mézières,367,658,1.6243,-0.517115,2.46425
Reims,Rouen,367,662,1.81428,-0.514834,2.74833
Saarbrücken,Mannheim,368,369,3.24557,-0.522302,4.94074
Saarbrücken,Trier,368,659,1.66458,-0.521008,2.53185
Mannheim,Heilbronn,369,370,3.03328,-0.522134,4.61705
Rozvadov,Plzeň,371,372,2.36568,-0.516955,3.58863
Plzeň,Karlovy Vary,372,523,1.63523,-0.516345,2.47957
Plzeň,České Budějovice,372,524,1.87307,-0.514835,2.83739
Plzeň,Bayerisch Eisenstein,372,530,1.93185,-0.515952,2.9286
Trenčín,Prešov,373,374,1.19297,-0.509058,1.80026
Prešov,Košice,374,375,1.83246,-0.507366,2.76219
Prešov,Svidník,374,712,0.907565,-0.509222,1.36972
Košice,Vyšné Nemecké,375,376,0.919934,-0.506181,1.38559
Košice,Uzhhorod,375,377,1.80207,-0.506235,2.71434
Košice,Miskolc,375,552,1.60262,-0.503331,2.40926
Košice,Zvolen,375,568,1.70968,-0.505269,2.57353
Vyšné Nemecké,Uzhhorod,376,377,0.882138,-0.506292,1.32876
Uzhhorod,Mukachevo,377,378,2.93513,-0.505936,4.42012
Uzhhorod,Chop,377,723,1.45997,-0.505465,2.19793
Mukachevo,Stryj,378,379,2.15609,-0.509331,3.25425
Mukachevo,Halmeu,378,578,2.52198,-0.505429,3.79667
Khmelnytskyi,Vinnytsia,380,381,1.78443,-0.521078,2.71425
Vinnytsia,Uman,381,382,1.74531,-0.521813,2.65604
Vinnytsia,Mohyliv-Podilskyi,381,728,1.6081,-0.52128,2.44637
Uman,Kirovohrad,382,383,1.30302,-0.520949,1.98183
Kirovohrad,Dnipropetrovsk,383,384,0.897113,-0.520114,1.36371
Kirovohrad,Chişinău,383,672,1.7789,-0.519048,2.70224
Dnipropetrovsk,Donetsk,384,385,0.373774,-0.519793,0.568059
Donetsk,Rostov-on-Don,385,386,0.239006,-0.517623,0.36272
Rostov-on-Don,Armavir,386,387,0.194243,-0.511957,0.293687
Rostov-on-Don,Taganrog,386,675,0.213754,-0.516173,0.324088
Lorient,Vannes,388,389,0.20753,-0.511827,0.313749
Vannes,Nantes,389,390,0.453097,-0.511538,0.684873
Nantes,Angers,390,391,0.631807,-0.511907,0.955234
Nantes,Poitiers,390,676,0.884968,-0.511289,1.33744
Angers,Tours,391,392,0.484474,-0.510161,0.731634
Tours,Vierzon,392,503,0.629118,-0.509441,0.949616
Montargis,Auxerre,393,394,1.17118,-0.511954,1.77077
Auxerre,Beaune,394,395,2.21645,-0.512845,3.35314
Beaune,Dole,395,396,2.28294,-0.514622,3.4578
Beaune,Antwerp,395,505,3.93226,-0.515456,5.95916
Dole,Besançon,396,397,1.21973,-0.515681,1.84873
Besançon,Belfort,397,398,1.41451,-0.517112,2.14597
Zürich,Winterthur,399,400,1.3947,-0.518206,2.11743
Winterthur,St. Gallen,400,401,0.992858,-0.51823,1.50739
Winterthur,Schaffhausen,400,511,1.3715,-0.519861,2.08449
St. Gallen,St. Margrethen,401,402,0.898331,-0.517036,1.3628
St. Margrethen,Bregenz,402,403,1.46546,-0.516068,2.22173
St. Margrethen,Buchs,402,514,0.684491,-0.516396,1.03796
Bregenz,Feldkirch,403,748,1.40236,-0.515568,2.12537
Bregenz,Lindau,403,513,2.21456,-0.515958,3.35719
Feldkirch,Landeck,748,404,0.633287,-0.514593,0.959172
Feldkirch,Imst,748,406,0.66044,-0.514524,1.00025
Landeck,Telfs,404,405,0.439553,-0.513893,0.665436
Sattledt,Liezen,408,532,0.914523,-0.509711,1.38067
Sattledt,Wels,408,669,0.987003,-0.512104,1.49245
Sankt Pölten,Vienna,409,410,1.88883,-0.508212,2.84876
Vienna,Nickelsdorf,410,411,2.03724,-0.505843,3.06776
Vienna,Halámky,410,525,1.9963,-0.508303,3.01102
Vienna,Graz,410,534,2.49628,-0.505696,3.75863
Nickelsdorf,Mosonmagyaróvár,411,412,1.37582,-0.501823,2.06623
Szolnok,Püspökladány,413,414,1.39347,-0.490035,2.07631
Püspökladány,Oradea,414,415,1.73705,-0.488948,2.58637
Püspökladány,Nyíregyháza,414,722,1.10966,-0.492847,1.65655
Oradea,Cluj-Napoca,415,416,0.798615,-0.484938,1.18589
Oradea,Berettyóújfalu,415,570,1.19289,-0.488881,1.77606
Oradea,Beiuş,415,571,0.7615,-0.485788,1.13143
Oradea,Satu Mare,415,579,1.27662,-0.490205,1.90243
Oradea,Arad,415,684,1.27122,-0.484091,1.88661
Cluj-Napoca,Turda,416,417,0.503045,-0.484843,0.746943
Cluj-Napoca,Zalău,416,580,0.499137,-0.488494,0.742962
Turda,Târgu Mureş,417,418,0.216546,-0.482205,0.320966
Turda,Sebeş,417,581,0.223486,-0.481967,0.331199
Târgu Mureş,Braşov,418,419,0.15044,-0.480235,0.222687
Braşov,Ploieşti,419,420,0.127909,-0.481551,0.189504
Braşov,Sibiu,419,582,0.176559,-0.479356,0.261194
Braşov,Piteşti,419,583,0.104028,-0.478482,0.153803
Slobozia,Hârşova,421,422,0.264218,-0.500683,0.396508
Slobozia,Galaţi,421,588,0.47231,-0.507075,0.711806
Hârşova,Constanţa,422,423,0.258804,-0.494841,0.386871
Constanţa,Varna,423,463,0.199994,-0.487598,0.297511
Constanţa,Tulcea,423,589,0.265998,-0.499908,0.398972
Senaki,Samtredia,424,425,0.0302775,-0.51095,0.0457478
Senaki,Zugdidi,424,604,0.079879,-0.509739,0.120596
Samtredia,Kutaisi,425,426,0.0116166,-0.513068,0.0175767
Kutaisi,Khashuri,426,427,0.00487593,-0.512874,0.00737667
Khashuri,Gori,427,428,0.00313674,-0.508585,0.00473203
Rustavi,Ganja,429,430,0.00986238,-0.500329,0.0147968
Ganja,Yevlakh,430,431,0.0229833,-0.500471,0.0344858
Ashgabat,Tejen,432,433,0.00936693,-0.444874,0.013534
Tejen,Mary,433,434,0.00440885,-0.437375,0.00633717
Mary,Türkmenabat,434,435,0.0033074,-0.428432,0.0047244
Türkmenabat,Alat,435,436,0.00503995,-0.426927,0.00719164
Karshi,Guzar,437,438,0.00537607,-0.420366,0.00763599
Guzar,Sherobod,438,439,0.00405958,-0.406245,0.00570877
Sherobod,Termez,439,440,0.00604146,-0.397809,0.00844481
Jirgatal,Sary Tash,441,442,0.0121158,-0.396327,0.0169176
Jirgatal,Khorugh,441,694,0.00725692,-0.395116,0.0101242
Sary Tash,Irkeshtam,442,443,0.0162234,-0.398108,0.022682
Irkeshtam,Osh,443,691,0.0332483,-0.399483,0.0465305
A Coruña,Bilbao,444,445,0.0731963,-0.496558,0.109542
A Coruña,Pontevedra,444,481,0.0300824,-0.493219,0.0449195
Clermont-Ferrand,Montluçon,446,504,0.713894,-0.50698,1.07582
Chambéry,Susa,447,448,0.778478,-0.507498,1.17355
Chambéry,Marseille,447,736,0.595718,-0.5083,0.898522
Susa,Turin,448,449,0.470592,-0.502149,0.7069
Tortona,Brescia,450,451,0.14017,-0.475309,0.206794
Trieste,Postojna,452,453,0.215922,-0.488808,0.321466
Trieste,Ljubljana,452,454,0.440972,-0.492434,0.658121
Postojna,Ljubljana,453,454,0.317528,-0.495156,0.474754
Ljubljana,Maribor,454,535,0.576015,-0.498488,0.863152
Ljubljana,Naklo,454,538,0.835688,-0.498238,1.25206
Vršac,Timişoara,456,457,0.473812,-0.475302,0.699016
Timişoara,Drobeta-Turnu Severin,457,458,0.527748,-0.474693,0.778267
Timişoara,Arad,457,684,0.903239,-0.479059,1.33594
Drobeta-Turnu Severin,Craiova,458,459,0.49298,-0.472398,0.725862
Craiova,Alexandria,459,460,0.210003,-0.475346,0.309828
Craiova,Târgu Jiu,459,574,0.290571,-0.472891,0.427979
Craiova,Piteşti,459,583,0.271966,-0.474208,0.400934
Razgrad,Shumen,461,462,0.0433478,-0.47351,0.0638734
Shumen,Varna,462,463,0.0739524,-0.479543,0.109416
Varna,Burgas,463,590,0.0727617,-0.479684,0.107664
Lisbon,Valladolid,464,465,0.0480962,-0.48662,0.0715009
Lisbon,Porto,464,483,0.0407657,-0.481199,0.0603822
Lisbon,Albufeira,464,484,0.0392018,-0.48001,0.058019
Toulouse,Nice,466,467,0.626646,-0.499246,0.939497
Nice,Cuneo,467,685,0.244203,-0.493459,0.364707
Sofia,Plovdiv,468,469,0.165158,-0.452273,0.239855
Sofia,Botevgrad,468,575,0.165854,-0.452396,0.240885
Sofia,Blagoevgrad,468,576,0.175267,-0.450195,0.254171
Sofia,Kyustendil,468,745,0.129013,-0.454975,0.187711
Plovdiv,Istanbul,469,470,0.0680071,-0.450526,0.0986461
Istanbul,İzmit,470,471,0.0321339,-0.448445,0.0465442
İzmit,Gerede,471,472,0.0108073,-0.445986,0.0156272
İzmit,Bursa,471,479,0.0107476,-0.445102,0.0155314
Gerede,Kızılcahamam,472,599,0.00497011,-0.444077,0.00717722
Mazara del Vallo,Palermo,473,474,6.60165e-05,-0.485654,6.60165e-05
Metaponto,Taranto,475,476,0.00430784,-0.451946,0.00625475
Metaponto,Potenza,475,743,0.0022813,-0.449782,0.00330739
Ioannina,Trikala,477,687,0.0108958,-0.416656,0.0154356
Gelibolu,Keşan,478,596,0.0344393,-0.415049,0.0487333
Gelibolu,Ayvalık,478,597,0.0344397,-0.415003,0.0487323
Bursa,Ankara,479,480,0.00526018,-0.441825,0.00758426
Bursa,Balıkesir,479,746,0.0059431,-0.437539,0.00854344
Ankara,Kızılcahamam,480,599,0.00354717,-0.442035,0.00511515
Pontevedra,Valença,481,482,0.0166428,-0.486296,0.0247361
Valença,Porto,482,483,0.0193899,-0.480374,0.0287043
Albufeira,Castro Marim,484,485,0.0193334,-0.475929,0.0285347
Castro Marim,Huelva,485,486,0.0178675,-0.475228,0.0263587
Cherbourg-Octeville,La Rochelle,487,488,0.17081,-0.51318,0.258466
Cherbourg-Octeville,Caen,487,661,0.383222,-0.514882,0.580536
La Rochelle,Saintes,488,730,0.133711,-0.508353,0.201683
Oslo,Hamar,489,490,0.0068407,-0.345453,0.00920384
Oslo,Askim,489,619,0.0071232,-0.345472,0.00958407
Hamar,Lillehammer,490,491,0.00432346,-0.345237,0.00581607
Lillehammer,Dombås,491,492,0.00479144,-0.344784,0.00644346
Dombås,Trondheim,492,493,0.00856345,-0.34447,0.0115133
Trondheim,Stjørdal,493,494,0.00837103,-0.344369,0.0112538
Stjørdal,Steinkjer,494,495,0.0042082,-0.344263,0.00565692
Steinkjer,Mosjøen,495,496,0.00294282,-0.343907,0.00395487
Mosjøen,Mo i Rana,496,497,0.00370155,-0.3437,0.00497378
Mo i Rana,Umeå,497,612,0.00700473,-0.343982,0.00941424
Setermoen,Alta,498,499,0.00153883,-0.477154,0.00227309
Alta,Olderfjord,499,500,0.00356347,-0.493396,0.00532168
Olderfjord,Lakselv,500,501,0.00910453,-0.497396,0.0136331
Lakselv,Karasjok,501,502,0.0237027,-0.499528,0.0355428
Vierzon,Montluçon,503,504,0.445359,-0.507786,0.671506
Antwerp,Zeebrugge,505,642,2.70593,-0.517066,4.10507
Martigny,Sion,506,678,0.587221,-0.503574,0.88293
Bremen,Groningen,507,624,2.37108,-0.522378,3.60968
Stuttgart,Schaffhausen,510,511,2.12011,-0.520801,3.22427
Stuttgart,Ulm,510,512,1.85028,-0.519664,2.8118
Ulm,Lindau,512,513,1.5705,-0.518324,2.38452
Lindau,Waldshut,513,666,2.13877,-0.517474,3.24553
Buchs,Chur,514,515,0.271895,-0.516335,0.412284
Chur,San Bernardino,515,516,0.140077,-0.516231,0.212389
Halle,Plauen,518,519,1.43325,-0.51985,2.17833
Plauen,Schönberg,519,520,1.16894,-0.519453,1.77615
Plauen,Hof,519,528,1.55484,-0.519475,2.36254
Schönberg,Vojtanov,520,521,0.704704,-0.518952,1.07041
Vojtanov,Cheb,521,522,0.971882,-0.518197,1.47551
Cheb,Karlovy Vary,522,523,1.59445,-0.517115,2.41896
Cheb,Marktredwitz,522,663,1.28908,-0.518477,1.95744
Karlovy Vary,Teplice,523,715,0.976084,-0.51617,1.47991
České Budějovice,Halámky,524,525,1.27988,-0.511616,1.93468
Hirschberg,Hof,527,528,1.2035,-0.519405,1.8286
Hof,Bayreuth,528,529,1.96448,-0.519076,2.9842
Bayreuth,Marktredwitz,529,663,1.7743,-0.519095,2.69533
Bayerisch Eisenstein,Deggendorf,530,531,1.45053,-0.516198,2.19929
Liezen,Sankt Michael,532,533,0.723605,-0.506937,1.09043
Sankt Michael,Graz,533,534,1.26633,-0.50481,1.90559
Graz,Maribor,534,535,1.04222,-0.502433,1.56586
Graz,Spielfeld,534,536,0.81019,-0.50413,1.21863
Graz,Klagenfurt,534,683,1.47075,-0.502481,2.20977
Maribor,Spielfeld,535,536,0.33869,-0.499387,0.507827
Karavanke Tunnel,Naklo,537,538,0.75642,-0.501994,1.13614
Naklo,Loiblpass,538,734,0.713694,-0.501046,1.07129
Kemijärvi,Posio,539,540,0.00162387,-0.426692,0.00231677
Posio,Kuusamo,540,541,0.000949984,-0.41906,0.00134808
Kuusamo,Kajaani,541,542,0.00107229,-0.422391,0.00152522
Kajaani,Iisalmi,542,543,0.00210046,-0.433777,0.00301159
Iisalmi,Kuopio,543,544,0.00495089,-0.444854,0.00715331
Tampere,Turku,545,546,0.00987918,-0.479996,0.0146211
Tampere,Vaasa,545,616,0.0105188,-0.471282,0.0154761
Tampere,Hämeenlinna,545,618,0.0302295,-0.501056,0.0453762
Turku,Pori,546,617,0.00512186,-0.467163,0.00751461
Riga,Šiauliai,547,561,2.91763,-0.530389,4.46511
Riga,Rēzekne,547,627,3.04029,-0.528455,4.64695
Kłodzko,Kudowa-Zdrój,548,549,0.636774,-0.520821,0.96842
Kudowa-Zdrój,Náchod,549,550,0.523051,-0.517445,0.793701
Náchod,Hradec Králové,550,551,0.950628,-0.515004,1.44021
Hradec Králové,Olomouc,551,716,1.29298,-0.513439,1.95684
Miskolc,Debrecen,552,569,1.22233,-0.498007,1.83105
Szekszárd,Mohács,555,556,0.680001,-0.493309,1.01545
Mohács,Osijek,556,557,0.415154,-0.49166,0.619269
Osijek,Đakovo,557,558,0.241318,-0.489587,0.359463
Osijek,Sombor,557,735,0.388911,-0.486968,0.578298
Đakovo,Šamac,558,559,0.102444,-0.487587,0.152395
Šamac,Zenica,559,560,0.063472,-0.478605,0.09385
Zenica,Sarajevo,560,737,0.0852557,-0.468636,0.12521
Šiauliai,Tolpaki,561,562,2.27849,-0.531867,3.49034
Šiauliai,Palanga,561,704,1.75135,-0.531413,2.68203
Šiauliai,Panevėžys,561,705,1.81232,-0.53139,2.77538
Tolpaki,Kaliningrad,562,563,1.41513,-0.531171,2.16681
Tolpaki,Nesterov,562,640,1.34682,-0.532202,2.06359
Trstená,Ružomberok,566,567,0.856159,-0.511614,1.29418
Ružomberok,Zvolen,567,568,1.47931,-0.505796,2.22753
Debrecen,Berettyóújfalu,569,570,0.808536,-0.493571,1.20761
Beiuş,Deva,571,572,0.48531,-0.482154,0.719304
Deva,Petroşani,572,573,0.367659,-0.47708,0.543062
Deva,Sibiu,572,582,0.476834,-0.477336,0.704444
Deva,Arad,572,684,0.674562,-0.479362,0.997921
Petroşani,Târgu Jiu,573,574,0.223197,-0.474546,0.329115
Botevgrad,Jablanica,575,585,0.0699277,-0.451476,0.101498
Blagoevgrad,Serres,576,577,0.0946169,-0.441171,0.136359
Halmeu,Satu Mare,578,579,1.6892,-0.497174,2.52903
Satu Mare,Zalău,579,580,0.688223,-0.492488,1.02717
Sebeş,Sibiu,581,582,0.218779,-0.478605,0.323487
Sibiu,Piteşti,582,583,0.226643,-0.476349,0.334604
Pleven,Jablanica,584,585,0.0371432,-0.453923,0.0540034
Izmail,Reni,586,587,0.81807,-0.517733,1.24161
Reni,Galaţi,587,588,0.64178,-0.514423,0.971926
Galaţi,Tulcea,588,589,0.365117,-0.508528,0.550789
Galaţi,Giurgiuleşti,588,729,0.772355,-0.514934,1.17007
Burgas,Malko Tarnovo,590,591,0.0341382,-0.473846,0.0503145
Malko Tarnovo,Dereköy,591,592,0.0137449,-0.469481,0.0201978
Dereköy,Kırklareli,592,593,0.00625745,-0.459096,0.00913023
Kırklareli,Babaeski,593,594,0.00451557,-0.436457,0.00648643
Babaeski,Havsa,594,595,0.0067154,-0.419013,0.00952924
Havsa,Keşan,595,596,0.0145429,-0.414941,0.0205773
Ayvalık,İzmir,597,598,0.0145411,-0.41454,0.020569
İzmir,Manisa,598,747,0.00669828,-0.416416,0.00948755
Kherson,Dzhankoy,600,601,1.02647,-0.512391,1.55242
Kherson,Mykolaiv,600,673,1.21336,-0.517741,1.84156
Kherson,Melitopol,600,674,0.660061,-0.516018,1.00066
Sochi,Sukhumi,602,603,0.556467,-0.507873,0.839082
Sukhumi,Zugdidi,603,604,0.210915,-0.508535,0.318173
Jönköping,Linköping,605,606,0.00352485,-0.345481,0.00474262
Linköping,Norrköping,606,607,0.00471542,-0.3454,0.00634412
Norrköping,Södertälje,607,608,0.00732289,-0.345245,0.00985108
Norrköping,Kalmar,607,626,0.00469776,-0.345398,0.00632036
Uppsala,Sundsvall,609,610,0.0133187,-0.344306,0.0179044
Sundsvall,Örnsköldsvik,610,611,0.0122871,-0.343987,0.0165138
Örnsköldsvik,Umeå,611,612,0.00984627,-0.344006,0.0132334
Haparanda,Tornio,613,614,0.00462227,-0.369154,0.0063286
Kokkola,Vaasa,615,616,0.00752884,-0.447438,0.0108975
Vaasa,Pori,616,617,0.00515004,-0.459146,0.00751466
Askim,Karlstad,619,620,0.00595316,-0.345474,0.00800983
Kotka,Vaalimaa,621,622,0.396289,-0.523647,0.603805
Vaalimaa,Vyborg,622,623,1.03281,-0.523218,1.5732
Groningen,Hoogeveen,624,698,0.858238,-0.521799,1.30607
Sassnitz,Stralsund,625,699,0.454734,-0.520612,0.691474
Rēzekne,Velikiye Luki,627,628,3.22675,-0.522797,4.91369
Rēzekne,Daugavpils,627,702,2.04498,-0.527967,3.12467
Vladimir,Nizhny Novgorod,629,630,1.7214,-0.508326,2.59643
Nizhny Novgorod,Kazan,630,631,0.716986,-0.507315,1.08072
Kazan,Yelabuga,631,632,0.440051,-0.496109,0.658364
Yelabuga,Perm,632,633,0.259374,-0.484104,0.384937
Perm,Yekaterinburg,633,634,0.109909,-0.480115,0.162677
Yekaterinburg,Tyumen,634,635,0.0659809,-0.467841,0.0968494
Koszalin,Słupsk,637,638,0.273,-0.52461,0.416218
Słupsk,Gdynia,638,639,0.460704,-0.526889,0.703444
Nesterov,Marijampolė,640,641,1.21584,-0.531892,1.86253
Aktobe,Karabutak,647,648,0.339937,-0.474457,0.501223
Karabutak,Aral,648,649,0.145081,-0.467782,0.212947
Aral,Novokazalinsk,649,650,0.0859572,-0.447443,0.124418
Charleroi,Namur,651,652,1.2766,-0.517792,1.93762
St. Vith,Wittlich,653,654,1.2822,-0.520959,1.95017
Wittlich,Bingen,654,655,0.813814,-0.522402,1.23895
Bingen,Wiesbaden,655,656,1.19571,-0.523408,1.82155
Amiens,Charleville-Mézières,657,658,1.45446,-0.516662,2.20592
Trier,Koblenz,659,660,1.74521,-0.522122,2.65643
Caen,Rouen,661,662,0.990262,-0.515068,1.50032
Regensburg,Passau,667,668,1.24443,-0.517521,1.88846
Passau,Wels,668,669,1.22268,-0.514751,1.85205
Wels,Braunau am Inn,669,721,1.40397,-0.513376,2.12473
Iaşi,Sculeni,670,671,1.26335,-0.512479,1.91079
Iaşi,Bălţi,670,727,1.0744,-0.512033,1.62453
Sculeni,Chişinău,671,672,1.51919,-0.516632,2.30405
Chişinău,Giurgiuleşti,672,729,1.21435,-0.517626,1.84293
Melitopol,Taganrog,674,675,0.288093,-0.516553,0.436908
Poitiers,Mâcon,676,677,1.65663,-0.511236,2.50356
Sion,Simplon,678,679,0.249124,-0.501108,0.373963
Simplon,Gravellona Toce,679,680,0.160705,-0.492682,0.239881
Innichen,Spittal an der Drau,681,682,0.561379,-0.506039,0.845459
Klagenfurt,Loiblpass,683,734,0.843271,-0.502632,1.26713
Cuneo,Asti,685,686,0.139015,-0.489985,0.20713
Kokand,Andijan,689,690,0.0265458,-0.400224,0.0371701
Andijan,Osh,690,691,0.0347408,-0.399436,0.0486175
Kulob,Kalaikhumb,692,693,0.00501598,-0.394895,0.00699677
Kalaikhumb,Khorugh,693,694,0.00440158,-0.394147,0.00613645
Kokpek,Chundzha,695,696,0.0139655,-0.402424,0.0195855
Chundzha,Koktal,696,697,0.0105647,-0.402016,0.0148119
Stralsund,Neubrandenburg,699,700,0.664654,-0.520587,1.01066
Ukmergė,Daugavpils,701,702,2.02426,-0.530403,3.09794
Ukmergė,Panevėžys,701,705,1.86598,-0.531517,2.85778
Breda,Gorinchem,706,707,0.838347,-0.520617,1.2748
Hasselt,Heerlen,708,709,1.24956,-0.521899,1.9017
Barwinek,Vyšný Komárnik,710,711,0.36247,-0.518093,0.550263
Vyšný Komárnik,Svidník,711,712,0.419958,-0.512097,0.635017
Lublin,Kovel,713,714,1.62284,-0.523054,2.47167
Olomouc,Český Těšín,716,717,0.833335,-0.515272,1.26273
Garmisch-Partenkirchen,Mittenwald,718,719,0.899629,-0.515344,1.36325
Mittenwald,Seefeld,719,720,0.568412,-0.514383,0.860793
Nyíregyháza,Chop,722,723,0.856205,-0.50059,1.28481
Dunajská Streda,Medveďov,724,725,0.583241,-0.505961,0.878338
Medveďov,Vámosszabadi,725,726,0.498702,-0.504073,0.750084
Bălţi,Mohyliv-Podilskyi,727,728,0.883672,-0.517812,1.34125
Saintes,Angoulême,730,731,0.232555,-0.505336,0.350074
St. Johann in Tirol,Lofer,732,733,0.891406,-0.513025,1.34872
Sarajevo,Užice,737,738,0.113098,-0.466942,0.165908
Užice,Čačak,738,739,0.172573,-0.469088,0.253524
Čačak,Nova Varoš,739,740,0.172313,-0.469024,0.253132
Avellino,Benevento,741,742,0.0207808,-0.454937,0.0302348
Balıkesir,Manisa,746,747,0.00443398,-0.425513,0.00632069
Warsaw,Brest-Litovsk,316,0,3.14415,-0.527598,4.803
Brest-Litovsk,Minsk,0,318,3.13827,-0.52823,4.796
Lyon,Mâcon,17,677,1.64743,-0.511554,2.49017
Beaune,Mâcon,395,677,2.96008,-0.513739,4.48078
