Glasgow,Preston,1,2,0.000545305,0,0.000545305
Glasgow,Edinburgh,1,13,0.000545305,0,0.000545305
Preston,Birmingham,2,3,0.000545305,0,0.000545305
Birmingham,Cambridge,3,636,0.000545305,0,0.000545305
Le Havre,Paris,4,5,1.97553,-0.517418,2.9977
Le Havre,Amiens,4,657,1.09193,-0.520558,1.66035
Paris,Orléans,5,6,2.17234,-0.507476,3.27475
Paris,Calais,5,16,1.70875,-0.517551,2.59311
Paris,Lyon,5,17,2.68793,-0.509057,4.05623
Paris,Brussels,5,326,2.93893,-0.521318,4.47105
Paris,Le Mans,5,366,1.71428,-0.510549,2.5895
Paris,Reims,5,367,1.87833,-0.518805,2.85282
Paris,Chaumont,5,665,2.7123,-0.519675,4.12181
Orléans,Bordeaux,6,7,1.14353,-0.49479,1.70933
Orléans,Tours,6,392,1.25037,-0.496035,1.87059
Orléans,Montargis,6,393,1.49612,-0.503365,2.24921
Orléans,Toulouse,6,466,1.35676,-0.488192,2.01912
Bordeaux,San Sebastián,7,8,0.734246,-0.47231,1.08104
Bordeaux,Clermont-Ferrand,7,446,1.28427,-0.486186,1.90866
Bordeaux,Toulouse,7,466,0.630542,-0.469785,0.926761
Bordeaux,Angoulême,7,731,0.776774,-0.481463,1.15076
San Sebastián,Burgos,8,9,0.467354,-0.43478,0.67055
San Sebastián,Bilbao,8,445,0.369399,-0.437524,0.53102
San Sebastián,Toulouse,8,466,0.540465,-0.457613,0.787789
Burgos,Madrid,9,10,0.321374,-0.409477,0.452969
Burgos,Valladolid,9,465,0.204795,-0.414712,0.289726
Madrid,Seville,10,11,0.231711,-0.392144,0.322575
Madrid,Barcelona,10,21,0.41894,-0.427118,0.597877
Madrid,Valencia,10,24,0.240079,-0.401241,0.336409
Madrid,Lisbon,10,464,0.226018,-0.396812,0.315705
Seville,Algeciras,11,12,0.123117,-0.377655,0.169613
Seville,Huelva,11,486,0.1296,-0.377074,0.178469
Algeciras,Málaga,12,28,0.0573127,-0.369888,0.078512
Edinburgh,Newcastle,13,14,0.000545305,0,0.000545305
Newcastle,London,14,15,0.000545305,0,0.000545305
London,Colchester,15,305,0.000545305,0,0.000545305
Calais,Bruges,16,324,1.68827,-0.523299,2.57174
Calais,Rouen,16,662,1.12759,-0.519601,1.71349
Lyon,Orange,17,18,1.30961,-0.50088,1.96557
Lyon,Clermont-Ferrand,17,446,1.51257,-0.490531,2.25454
Lyon,Chambéry,17,447,1.26348,-0.503214,1.89928
Orange,Narbonne,18,19,0.612869,-0.491922,0.914353
Orange,Marseille,18,736,0.557527,-0.498811,0.835628
Narbonne,Girona,19,20,0.379655,-0.469783,0.558011
Girona,Barcelona,20,21,0.503152,-0.448056,0.728593
Barcelona,Tarragona,21,22,0.346832,-0.435004,0.497705
Barcelona,Toulouse,21,466,0.886137,-0.455059,1.28938
Tarragona,Castellón de la Plana,22,23,0.184483,-0.419647,0.2619
Castellón de la Plana,Valencia,23,24,0.176968,-0.40202,0.248113
Valencia,Alicante,24,25,0.139052,-0.392907,0.193687
Alicante,Murcia,25,26,0.0629912,-0.383955,0.0871771
Murcia,Almería,26,27,0.0353019,-0.37242,0.0484491
Almería,Málaga,27,28,0.033907,-0.365718,0.0463073
Hook of Holland,Rotterdam,29,30,0.546405,-0.519747,0.830396
Hook of Holland,The Hague,29,307,0.298521,-0.51614,0.4526
Rotterdam,Eindhoven,30,31,1.36227,-0.521138,2.0722
Eindhoven,Maastricht,31,32,1.44019,-0.526269,2.19812
Eindhoven,Antwerp,31,505,2.42985,-0.526379,3.70888
Eindhoven,Venlo,31,643,1.85853,-0.522457,2.82953
Eindhoven,Breda,31,706,1.37738,-0.521017,2.09502
Maastricht,Liège,32,33,1.76416,-0.529748,2.69872
Liège,Bastogne,33,34,1.63274,-0.531444,2.50045
Liège,Leuven,33,327,2.69557,-0.528731,4.1208
Liège,Eupen,33,328,1.69779,-0.531511,2.60018
Liège,Antwerp,33,505,3.0261,-0.528806,4.62632
Liège,Namur,33,652,1.83186,-0.530185,2.80308
Liège,St. Vith,33,653,1.49163,-0.53145,2.28436
Liège,Charleville-Mézières,33,658,1.9614,-0.529675,3.0003
Bastogne,Arlon,34,35,0.979734,-0.53248,1.50142
Arlon,Luxembourg,35,36,1.37011,-0.531449,2.09825
Luxembourg,Metz,36,37,2.31929,-0.527422,3.54254
Luxembourg,St. Vith,36,653,1.65098,-0.532108,2.52948
Luxembourg,Charleville-Mézières,36,658,1.29044,-0.528933,1.973
Luxembourg,Trier,36,659,1.62554,-0.53224,2.49072
Metz,Saint-Avold,37,38,2.78601,-0.527294,4.25506
Metz,Lausanne,37,44,2.31991,-0.525662,3.5394
Metz,Geneva,37,45,2.64966,-0.517535,4.02095
Metz,Brussels,37,326,3.22265,-0.525119,4.91493
Metz,Reims,37,367,2.3717,-0.52381,3.61402
Metz,Saarbrücken,37,368,2.62519,-0.528893,4.01363
Saint-Avold,Strasbourg,38,39,2.08915,-0.52961,3.19558
Strasbourg,Mulhouse,39,40,2.6155,-0.530403,4.00277
Strasbourg,Appenweier,39,664,1.9615,-0.532063,3.00514
Mulhouse,Basel,40,41,2.52276,-0.52879,3.85676
Mulhouse,Belfort,40,398,1.89406,-0.529224,2.89644
Mulhouse,Chaumont,40,665,2.44038,-0.526123,3.72433
Basel,Olten,41,42,1.5151,-0.527362,2.3141
Basel,Offenburg,41,61,2.15607,-0.529423,3.29754
Basel,Zürich,41,399,1.79405,-0.524691,2.73537
Basel,Waldshut,41,666,2.12954,-0.524475,3.24643
Olten,Bern,42,43,1.54291,-0.527651,2.35703
Olten,Lucerne,42,62,0.95611,-0.525641,1.45868
Bern,Lausanne,43,44,1.27761,-0.525297,1.94874
Bern,Belfort,43,398,1.57135,-0.528149,2.40125
Bern,Martigny,43,506,0.925243,-0.520112,1.40647
Lausanne,Geneva,44,45,1.08318,-0.512526,1.63834
Lausanne,Martigny,44,506,0.816049,-0.517797,1.2386
Geneva,Mont Blanc,45,46,1.23807,-0.509005,1.86826
Geneva,Chambéry,45,447,1.4072,-0.50448,2.1171
Geneva,Mâcon,45,677,2.10486,-0.513354,3.1854
Mont Blanc,Aosta,46,47,0.742318,-0.507275,1.11888
Aosta,Ivrea,47,48,0.70279,-0.493764,1.0498
Aosta,Martigny,47,506,0.932298,-0.498515,1.39706
Ivrea,Vercelli,48,49,0.30617,-0.478586,0.452698
Ivrea,Turin,48,449,0.465833,-0.473749,0.686522
Vercelli,Alessandria,49,50,0.285987,-0.460267,0.417617
Alessandria,Genoa,50,51,0.395965,-0.446901,0.572922
Alessandria,Turin,50,449,0.359226,-0.460582,0.524679
Alessandria,Tortona,50,450,0.273449,-0.449429,0.396344
Alessandria,Asti,50,686,0.35059,-0.450866,0.508659
Genoa,Rome,51,74,0.837678,-0.437594,1.20424
Genoa,Tortona,51,450,0.463561,-0.441477,0.668213
Genoa,Nice,51,467,0.638326,-0.449507,0.925258
Amsterdam,Utrecht,52,53,1.25617,-0.518798,1.90787
Amsterdam,Amersfoort,52,309,0.72234,-0.522851,1.10002
Amsterdam,Brussels,52,326,3.04771,-0.524008,4.64473
Amsterdam,Groningen,52,624,1.2974,-0.521366,1.97382
Utrecht,Arnhem,53,54,0.964775,-0.515031,1.46166
Utrecht,Gouda,53,308,0.787029,-0.51371,1.19133
Utrecht,Amersfoort,53,309,0.730273,-0.514525,1.10602
Utrecht,Gorinchem,53,707,0.927912,-0.514956,1.40575
Arnhem,Emmerich,54,55,0.863908,-0.518037,1.31144
Emmerich,Oberhausen,55,56,1.65811,-0.521387,2.52263
Oberhausen,Cologne,56,57,2.80626,-0.525166,4.28001
Oberhausen,Dortmund,56,508,1.99827,-0.522786,3.04294
Oberhausen,Venlo,56,643,1.90007,-0.520536,2.88912
Cologne,Frankfurt am Main,57,58,3.18958,-0.530799,4.88261
Cologne,Aachen,57,329,2.79119,-0.530457,4.2718
Cologne,Olpe,57,330,1.98888,-0.528556,3.04011
Cologne,Bremen,57,507,2.98896,-0.52389,4.55485
Frankfurt am Main,Heidelberg,58,59,2.82422,-0.534323,4.33327
Frankfurt am Main,Gießen,58,332,2.01158,-0.533374,3.0845
Frankfurt am Main,Mannheim,58,369,3.2633,-0.533569,5.00449
Frankfurt am Main,Aschaffenburg,58,509,2.37312,-0.532522,3.63685
Frankfurt am Main,Wiesbaden,58,656,2.29545,-0.53476,3.52296
Heidelberg,Karlsruhe,59,60,2.40604,-0.533056,3.6886
Karlsruhe,Offenburg,60,61,2.11687,-0.528362,3.23534
Karlsruhe,Stuttgart,60,510,2.94336,-0.52917,4.50089
Karlsruhe,Appenweier,60,664,2.22068,-0.53218,3.40249
Lucerne,Altdorf,62,63,0.708687,-0.521943,1.07858
Altdorf,Gotthard Pass,63,64,0.50749,-0.515952,0.76933
Altdorf,Zürich,63,399,0.939745,-0.521604,1.42992
Gotthard Pass,Bellinzona,64,65,0.270543,-0.501691,0.406271
Bellinzona,Lugano,65,66,0.158292,-0.476307,0.233687
Bellinzona,San Bernardino,65,516,0.164017,-0.487701,0.244008
Lugano,Chiasso,66,67,0.124904,-0.451673,0.181319
Chiasso,Como,67,68,0.204347,-0.441591,0.294585
Como,Milan,68,69,0.464267,-0.442893,0.669887
Milan,Piacenza,69,70,0.5476,-0.442404,0.78986
Milan,Turin,69,449,0.57571,-0.455845,0.838145
Milan,Tortona,69,450,0.382887,-0.443657,0.552758
Milan,Brescia,69,451,0.482099,-0.444083,0.696191
Milan,Gravellona Toce,69,680,0.489451,-0.447516,0.708488
Piacenza,Parma,70,71,0.416515,-0.44016,0.599848
Parma,Modena,71,72,0.652097,-0.440715,0.939486
Modena,Florence,72,73,0.77943,-0.438883,1.12151
Modena,Verona,72,94,0.867658,-0.443524,1.25249
Modena,Bologna,72,95,0.751773,-0.441204,1.08346
Florence,Rome,73,74,0.717539,-0.435598,1.0301
Rome,Pescara,74,125,0.724699,-0.43084,1.03693
Östersund,Mora,75,76,0.210218,-0.348577,0.283495
Östersund,Trondheim,75,493,0.249768,-0.348895,0.33691
Östersund,Sundsvall,75,610,0.265875,-0.346846,0.358093
Mora,Säffle,76,77,0.153156,-0.348749,0.206569
Säffle,Gothenburg,77,78,0.202921,-0.348112,0.27356
Gothenburg,Halmstad,78,300,0.195785,-0.346327,0.26359
Gothenburg,Örebro,78,301,0.211558,-0.346531,0.28487
Gothenburg,Oslo,78,489,0.177663,-0.348916,0.239652
Hamburg,Hanover,79,80,1.88984,-0.51983,2.87224
Hamburg,Berlin,79,108,2.08732,-0.517894,3.16833
Hamburg,Bremen,79,507,2.34508,-0.521132,3.56718
Hamburg,Lübeck,79,517,1.08725,-0.518947,1.65148
Hanover,Göttingen,80,81,1.29293,-0.52317,1.96935
Hanover,Bad Oeynhausen,80,312,1.48643,-0.522956,2.26376
Hanover,Braunschweig,80,313,1.40441,-0.519336,2.13377
Göttingen,Kassel,81,82,1.15534,-0.525946,1.76298
Kassel,Fulda,82,83,1.5389,-0.529111,2.35316
Kassel,Dortmund,82,508,1.80572,-0.526028,2.75558
Fulda,Würzburg,83,84,2.21931,-0.530505,3.39666
Würzburg,Nuremberg,84,85,3.32007,-0.530645,5.08184
Würzburg,Aschaffenburg,84,509,2.90952,-0.531289,4.45531
Würzburg,Stuttgart,84,510,2.30999,-0.532613,3.54032
Würzburg,Ulm,84,512,1.53904,-0.527949,2.35158
Nuremberg,Munich,85,86,2.93036,-0.52357,4.46461
Nuremberg,Heilbronn,85,370,2.98521,-0.530514,4.5689
Nuremberg,Rozvadov,85,371,2.40559,-0.525815,3.67049
Nuremberg,Bayreuth,85,529,3.21842,-0.525899,4.91098
Nuremberg,Regensburg,85,667,2.27757,-0.527075,3.47802
Munich,Rosenheim,86,87,2.18316,-0.515697,3.30902
Munich,Salzburg,86,115,2.6164,-0.515292,3.96461
Munich,Ulm,86,512,2.12691,-0.52207,3.23731
Munich,Lindau,86,513,2.41291,-0.515678,3.6572
Munich,Deggendorf,86,531,2.3366,-0.520678,3.55321
Munich,Garmisch-Partenkirchen,86,718,2.112,-0.516161,3.20213
Munich,Braunau am Inn,86,721,1.85351,-0.519378,2.81618
Rosenheim,Wörgl,87,88,1.48774,-0.510965,2.24793
Rosenheim,Bad Reichenhall,87,407,1.17343,-0.513449,1.77593
Wörgl,Innsbruck,88,89,1.4634,-0.504239,2.2013
Wörgl,St. Johann in Tirol,88,732,1.07951,-0.507798,1.62769
Innsbruck,Brenner,89,90,0.885141,-0.497656,1.32564
Innsbruck,Telfs,89,405,0.759581,-0.501543,1.14054
Innsbruck,Imst,89,406,0.775412,-0.501773,1.16449
Innsbruck,Seefeld,89,720,0.893015,-0.501576,1.34093
Brenner,Fortezza,90,91,0.563627,-0.491108,0.840429
Fortezza,Bolzano,91,92,0.41774,-0.477965,0.617405
Fortezza,Innichen,91,681,0.494021,-0.493192,0.737668
Bolzano,Trento,92,93,0.390465,-0.457535,0.569117
Trento,Verona,93,94,0.720493,-0.447434,1.04287
Verona,Mestre,94,120,1.02186,-0.448602,1.48027
Verona,Brescia,94,451,0.780527,-0.443517,1.1267
Bologna,Cesena,95,96,0.641438,-0.442535,0.925297
Cesena,Perugia,96,97,0.44499,-0.443232,0.642225
Cesena,Ravenna,96,121,0.647764,-0.446067,0.936711
Cesena,Rimini,96,122,0.463449,-0.442474,0.668513
Perugia,Fiano Romano,97,98,0.185628,-0.44153,0.267588
Fiano Romano,Naples,98,99,0.0901864,-0.435403,0.129454
Naples,Salerno,99,100,0.0251596,-0.424376,0.0358367
Naples,Avellino,99,741,0.0396666,-0.414818,0.056121
Salerno,Sicignano degli Alburni,100,101,0.0173237,-0.386604,0.0240211
Salerno,Avellino,100,741,0.0228924,-0.390567,0.0318334
Sicignano degli Alburni,Potenza,101,743,0.010233,-0.364107,0.0139589
Messina,Catania,102,103,0.000545305,0,0.000545305
Messina,Palermo,102,474,0.000545305,0,0.000545305
Catania,Siracusa,103,104,0.000545305,0,0.000545305
Siracusa,Gela,104,105,0.000545305,0,0.000545305
Gela,Mazara del Vallo,105,473,0.000545305,0,0.000545305
Helsingborg,Copenhagen,299,106,0.0449019,-0.33919,0.0601321
Copenhagen,Malmö,106,135,0.0234331,-0.334816,0.0312788
Rostock,Berlin,107,108,1.58205,-0.516658,2.39943
Rostock,Lübeck,107,517,0.788925,-0.517455,1.19716
Rostock,Sassnitz,107,625,0.669541,-0.516592,1.01542
Berlin,Lübbenau,108,109,2.37297,-0.516376,3.59831
Berlin,Szczecin,108,137,1.87786,-0.516525,2.84782
Berlin,Świebodzin,108,139,2.23676,-0.516719,3.39254
Berlin,Magdeburg,108,314,2.3571,-0.517436,3.57674
Berlin,Leipzig,108,526,2.09389,-0.516593,3.17558
Berlin,Neubrandenburg,108,700,1.45949,-0.516634,2.21351
Lübbenau,Dresden,109,110,1.74963,-0.516223,2.65283
Lübbenau,Cottbus,109,644,1.30206,-0.515801,1.97366
Dresden,Ústí nad Labem,110,111,1.77856,-0.51726,2.69853
Dresden,Chemnitz,110,337,1.99423,-0.516504,3.02426
Dresden,Görlitz,110,338,1.28344,-0.516046,1.94576
Ústí nad Labem,Prague,111,112,1.99414,-0.518577,3.02825
Prague,Tábor,112,113,1.94227,-0.518808,2.94993
Prague,Mladá Boleslav,112,146,1.12005,-0.518983,1.70133
Prague,Jihlava,112,147,1.96892,-0.518447,2.9897
Prague,Plzeň,112,372,2.16145,-0.52064,3.28679
Prague,Karlovy Vary,112,523,1.33574,-0.518938,2.02891
Prague,Hradec Králové,112,551,1.45904,-0.518294,2.21525
Tábor,Linz,113,114,1.72067,-0.518748,2.61326
Linz,Salzburg,114,115,1.84916,-0.515786,2.80293
Linz,Sattledt,114,408,0.740843,-0.518063,1.12465
Linz,Sankt Pölten,114,409,1.74087,-0.517468,2.64172
Linz,Wels,114,669,1.29877,-0.519126,1.97299
Salzburg,Villach,115,116,2.87228,-0.509894,4.33684
Salzburg,Bad Reichenhall,115,407,1.44026,-0.512698,2.17868
Salzburg,Sattledt,115,408,1.49867,-0.514887,2.27032
Salzburg,Lofer,115,733,1.72378,-0.512113,2.60656
Villach,Tarvisio,116,117,1.52949,-0.505493,2.30264
Villach,Karavanke Tunnel,116,537,1.30676,-0.50594,1.9679
Villach,Spittal an der Drau,116,682,1.47971,-0.507163,2.23016
Villach,Klagenfurt,116,683,1.58167,-0.507399,2.3842
Tarvisio,Udine,117,118,0.791416,-0.494877,1.18307
Udine,Palmanova,118,119,0.836648,-0.475843,1.23476
Palmanova,Mestre,119,120,1.07972,-0.460849,1.57731
Palmanova,Trieste,119,452,1.01911,-0.470799,1.49891
Mestre,Ravenna,120,121,0.774601,-0.449715,1.12295
Rimini,Fano,122,123,0.238205,-0.437733,0.342475
Fano,Ancona,123,124,0.221502,-0.429414,0.316618
Ancona,Pescara,124,125,0.395031,-0.426307,0.563435
Pescara,Canosa di Puglia,125,126,0.435838,-0.422159,0.619831
Canosa di Puglia,Bari,126,127,0.150496,-0.408019,0.211901
Canosa di Puglia,Benevento,126,742,0.153429,-0.410404,0.216397
Bari,Brindisi,127,128,0.0421254,-0.400634,0.0590023
Bari,Taranto,127,476,0.040295,-0.398155,0.0563387
Brindisi,Taranto,128,476,0.0108964,-0.377554,0.0150104
Igoumenitsa,Preveza,129,130,0.0371939,-0.358732,0.0505366
Igoumenitsa,Ioannina,129,477,0.0777208,-0.382379,0.10744
Preveza,Rhion,130,131,0.0233523,-0.311519,0.030627
Rhion,Patras,131,132,0.012207,-0.252288,0.0152866
Rhion,Aigio,131,175,0.012207,-0.252288,0.0152866
Patras,Pyrgos,132,133,0.00678305,-0.222734,0.00829387
Pyrgos,Kalamata,133,134,0.00438077,-0.196203,0.00524029
Kalamata,Tripoli,134,177,0.00369753,-0.184783,0.00438077
Malmö,Helsingborg,135,299,0.0620818,-0.338216,0.0830788
Malmö,Kalmar,135,626,0.059669,-0.336133,0.0797257
Goleniów,Szczecin,136,137,0.801528,-0.516222,1.21529
Goleniów,Koszalin,136,637,0.343961,-0.516329,0.521557
Szczecin,Gorzów Wielkopolski,137,138,0.851318,-0.516387,1.29093
Gorzów Wielkopolski,Świebodzin,138,139,1.01394,-0.516899,1.53805
Świebodzin,Zielona Góra,139,140,1.34044,-0.516546,2.03284
Świebodzin,Poznań,139,315,2.08257,-0.518589,3.16257
Zielona Góra,Legnica,140,141,1.34406,-0.516503,2.03827
Legnica,Jelenia Góra,141,142,1.21997,-0.515041,1.84831
Legnica,Görlitz,141,338,1.35343,-0.515598,2.05126
Legnica,Wrocław,141,339,2.03867,-0.515964,3.09056
Legnica,Cottbus,141,644,1.35476,-0.515578,2.05325
Jelenia Góra,Harrachov,142,143,0.528265,-0.514271,0.799937
Harrachov,Železný Brod,143,144,0.379899,-0.514244,0.57526
Železný Brod,Turnov,144,145,0.622256,-0.515694,0.943149
Turnov,Mladá Boleslav,145,146,0.658874,-0.517632,0.999928
Turnov,Hradec Králové,145,551,0.933303,-0.516828,1.41566
Turnov,Teplice,145,715,0.798367,-0.5176,1.2116
Jihlava,Brno,147,148,1.00957,-0.516669,1.53119
Jihlava,Vienna,147,410,1.628,-0.517429,2.47037
Brno,Bratislava,148,149,1.4331,-0.516617,2.17347
Brno,Trenčín,148,373,1.39774,-0.517685,2.12134
Brno,Vienna,148,410,1.65643,-0.515246,2.5099
Brno,Olomouc,148,716,1.4075,-0.517276,2.13556
Bratislava,Rajka,149,150,1.5584,-0.514938,2.36089
Bratislava,Žilina,149,195,1.61703,-0.516046,2.45149
Bratislava,Győr,149,196,1.63643,-0.514165,2.47783
Bratislava,Vienna,149,410,2.2851,-0.510789,3.45231
Bratislava,Zvolen,149,568,2.15334,-0.516001,3.26447
Bratislava,Dunajská Streda,149,724,1.33685,-0.51509,2.02545
Rajka,Csorna,150,151,0.619522,-0.51441,0.938211
Csorna,Szombathely,151,152,0.318018,-0.510205,0.480272
Szombathely,Zalaegerszeg,152,153,0.341022,-0.502231,0.512293
Zalaegerszeg,Nagykanizsa,153,154,0.706569,-0.498209,1.05859
Nagykanizsa,Letenye,154,155,0.444644,-0.497275,0.665754
Nagykanizsa,Zagreb,154,156,1.03261,-0.487,1.53548
Nagykanizsa,Balatonvilágos,154,553,1.36849,-0.501175,2.05434
Letenye,Zagreb,155,156,0.587962,-0.47923,0.86973
Zagreb,Karlovac,156,157,0.873809,-0.477515,1.29107
Zagreb,Ljubljana,156,454,0.828929,-0.479902,1.22673
Zagreb,Slavonski Brod,156,455,1.0873,-0.462856,1.59057
Zagreb,Maribor,156,535,0.95109,-0.485017,1.41238
Karlovac,Rijeka,157,158,0.398466,-0.474299,0.587458
Karlovac,Knin,157,554,0.319805,-0.473869,0.471351
Rijeka,Split,158,159,0.279781,-0.469207,0.411057
Rijeka,Trieste,158,452,0.687445,-0.474282,1.01349
Split,Dubrovnik,159,160,0.225919,-0.453345,0.328338
Split,Knin,159,554,0.20112,-0.466531,0.294949
Dubrovnik,Petrovac,160,161,0.0810862,-0.442759,0.116988
Dubrovnik,Podgorica,160,162,0.197108,-0.432993,0.282454
Petrovac,Podgorica,161,162,0.139359,-0.426613,0.198812
Petrovac,Prizren,161,744,0.125044,-0.430957,0.178933
Podgorica,Bijelo Polje,162,163,0.211612,-0.427801,0.30214
Podgorica,Pristina,162,164,0.290169,-0.431694,0.415433
Podgorica,Sarajevo,162,737,0.365404,-0.425807,0.520996
Bijelo Polje,Pristina,163,164,0.291648,-0.43218,0.417692
Bijelo Polje,Nova Varoš,163,740,0.309999,-0.432665,0.444125
Pristina,Skopje,164,165,0.401642,-0.43147,0.574939
Pristina,Niš,164,202,0.737997,-0.438452,1.06157
Pristina,Prizren,164,744,0.240948,-0.432135,0.345071
Skopje,Kičevo,165,166,0.284485,-0.428243,0.406313
Skopje,Kumanovo,165,203,0.388384,-0.434348,0.557078
Skopje,Veles,165,204,0.307554,-0.426442,0.438708
Kičevo,Ohrid,166,167,0.121594,-0.424134,0.173166
Ohrid,Bitola,167,168,0.0618467,-0.414873,0.0875052
Bitola,Niki,168,169,0.0534168,-0.401371,0.0748567
Niki,Vevi,169,170,0.0878668,-0.395903,0.122653
Vevi,Kozani,170,171,0.19189,-0.396332,0.267942
Kozani,Larissa,171,172,0.130015,-0.396532,0.181571
Kozani,Thessaloniki,171,207,0.414522,-0.399576,0.580155
Kozani,Ioannina,171,477,0.159609,-0.394718,0.222609
Larissa,Domokos,172,173,0.058225,-0.395855,0.0812737
Larissa,Lamia,172,174,0.058225,-0.395855,0.0812737
Larissa,Katerini,172,208,0.163444,-0.398673,0.228605
Larissa,Trikala,172,687,0.0837301,-0.393661,0.116691
Domokos,Lamia,173,174,6.6115e-05,-0.461329,3.30575e-05
Aigio,Corinth,175,176,0.00678305,-0.222734,0.00829387
Corinth,Tripoli,176,177,0.00438077,-0.196203,0.00524029
Varangerbotn,Utsjoki,178,179,0.0713517,-0.467727,0.104725
Varangerbotn,Kirkenes,178,243,0.154826,-0.504535,0.23294
Varangerbotn,Karasjok,178,502,0.0681278,-0.475744,0.100539
Utsjoki,Inari,179,180,0.0370302,-0.414613,0.0523833
Inari,Ivalo,180,181,0.033415,-0.342017,0.0448435
Ivalo,Sodankylä,181,182,0.0526569,-0.308617,0.0689077
Sodankylä,Rovaniemi,182,183,0.0800109,-0.30352,0.104296
Sodankylä,Kemijärvi,182,539,0.0502611,-0.300722,0.0653757
Rovaniemi,Kemi,183,184,0.113309,-0.307084,0.148105
Kemi,Oulu,184,185,0.151902,-0.31319,0.199476
Kemi,Tornio,184,614,0.115742,-0.311571,0.151804
Oulu,Jyväskylä,185,186,0.134804,-0.3197,0.177901
Oulu,Kokkola,185,615,0.101307,-0.321983,0.133926
Jyväskylä,Heinola,186,187,0.12711,-0.346215,0.171117
Jyväskylä,Kuopio,186,544,0.11422,-0.334284,0.152402
Jyväskylä,Tampere,186,545,0.127689,-0.359527,0.173597
Heinola,Lahti,187,188,0.0903228,-0.376893,0.124365
Lahti,Helsinki,188,189,0.12162,-0.416878,0.17232
Helsinki,Hämeenlinna,189,618,0.127621,-0.401719,0.178888
Helsinki,Kotka,189,621,0.193046,-0.471996,0.284164
Gdańsk,Świecie,190,191,1.55188,-0.521244,2.36079
Gdańsk,Kaliningrad,190,563,1.15614,-0.524579,1.76262
Gdańsk,Elbląg,190,564,1.30775,-0.523837,1.9928
Gdańsk,Gdynia,190,639,0.942522,-0.521761,1.43429
Świecie,Łódź,191,192,1.11425,-0.519933,1.69358
Świecie,Poznań,191,315,1.47347,-0.521274,2.24156
Łódź,Piotrków Trybunalski,192,193,1.26902,-0.521059,1.93026
Piotrków Trybunalski,Katowice,193,194,1.52103,-0.519926,2.31186
Piotrków Trybunalski,Warsaw,193,316,2.11436,-0.525561,3.22558
Piotrków Trybunalski,Wrocław,193,339,1.5483,-0.518659,2.35134
Katowice,Žilina,194,195,1.30404,-0.516606,1.97771
Katowice,Zabrze,194,342,1.13303,-0.516241,1.71794
Katowice,Kraków,194,343,1.72763,-0.517163,2.6211
Katowice,Český Těšín,194,717,0.901645,-0.51684,1.36765
Žilina,Olomouc,195,716,0.798513,-0.516599,1.21102
Győr,Budapest,196,197,2.33384,-0.511657,3.52797
Győr,Vámosszabadi,196,726,1.02947,-0.513874,1.55849
Budapest,Szeged,197,198,2.71913,-0.504076,4.08977
Budapest,Mosonmagyaróvár,197,412,2.50847,-0.511394,3.79129
Budapest,Szolnok,197,413,2.58837,-0.506527,3.89945
Budapest,Miskolc,197,552,2.51167,-0.512324,3.79846
Budapest,Balatonvilágos,197,553,2.33253,-0.503885,3.50785
Budapest,Szekszárd,197,555,2.06254,-0.508441,3.11122
Budapest,Zvolen,197,568,2.29226,-0.511659,3.46512
Szeged,Subotica,198,199,1.6202,-0.498496,2.42787
Szeged,Arad,198,684,2.18474,-0.49038,3.25609
Subotica,Novi Sad,199,200,1.07309,-0.483614,1.59205
Subotica,Sombor,199,735,0.8855,-0.493286,1.3223
Novi Sad,Belgrade,200,201,1.15593,-0.466258,1.69489
Belgrade,Niš,201,202,1.09912,-0.452626,1.59661
Belgrade,Slavonski Brod,201,455,1.09114,-0.457209,1.59002
Belgrade,Vršac,201,456,1.0276,-0.456957,1.49717
Belgrade,Čačak,201,739,0.958261,-0.44878,1.38831
Niš,Kumanovo,202,203,0.51191,-0.443149,0.738763
Niš,Drobeta-Turnu Severin,202,458,1.12407,-0.445662,1.62503
Niš,Sofia,202,468,0.933788,-0.439929,1.34459
Kumanovo,Kyustendil,203,745,0.351537,-0.437777,0.505432
Veles,Gevgelija,204,205,0.186384,-0.416915,0.26409
Gevgelija,Evzoni,205,206,0.220626,-0.405932,0.310185
Evzoni,Thessaloniki,206,207,0.433986,-0.401749,0.608339
Thessaloniki,Katerini,207,208,0.297735,-0.400527,0.416986
Thessaloniki,Alexandroupoli,207,233,0.632176,-0.397017,0.883161
Thessaloniki,Serres,207,577,0.494719,-0.406654,0.695899
Klaipėda,Kaunas,209,210,1.54514,-0.540005,2.37952
Klaipėda,Palanga,209,704,0.898728,-0.54028,1.38429
Kaunas,Vilnius,210,211,1.71163,-0.540901,2.63746
Kaunas,Warsaw,210,316,3.43184,-0.535262,5.26876
Kaunas,Riga,210,547,2.23687,-0.54358,3.45278
Kaunas,Ukmergė,210,701,1.4373,-0.54107,2.21497
Vilnius,Lida,211,212,1.57156,-0.544391,2.4271
Vilnius,Minsk,211,318,3.22815,-0.545381,4.98873
Vilnius,Marijampolė,211,641,1.65088,-0.543844,2.5487
Vilnius,Ukmergė,211,701,1.64485,-0.544961,2.54122
Lida,Slonim,212,213,0.617067,-0.543084,0.952186
Slonim,Kobryn,213,214,0.332811,-0.535982,0.511192
Kobryn,Dubno,214,215,0.405317,-0.525808,0.618436
Dubno,Ternopil,215,216,0.904062,-0.522511,1.37644
Ternopil,Chernivtsi,216,217,1.04897,-0.519916,1.59434
Ternopil,Stryj,216,379,1.49398,-0.519864,2.27065
Ternopil,Khmelnytskyi,216,380,1.24813,-0.526169,1.90486
Chernivtsi,Siret,217,218,0.841112,-0.513321,1.27287
Siret,Suceava,218,219,1.49678,-0.508042,2.2572
Suceava,Roman,219,220,1.53384,-0.502035,2.30389
Suceava,Halmeu,219,578,2.34643,-0.505813,3.53328
Suceava,Iaşi,219,670,1.96954,-0.508807,2.97166
Roman,Urziceni,220,221,0.934479,-0.484917,1.38762
Urziceni,Bucharest,221,222,0.779469,-0.459013,1.13726
Urziceni,Slobozia,221,421,0.615397,-0.460783,0.898962
Bucharest,Giurgiu,222,223,0.49264,-0.432531,0.705723
Bucharest,Ploieşti,222,420,0.405187,-0.445865,0.585846
Bucharest,Constanţa,222,423,0.621164,-0.437864,0.89315
Bucharest,Alexandria,222,460,0.470276,-0.449769,0.681792
Bucharest,Piteşti,222,583,0.507052,-0.449605,0.735025
Giurgiu,Ruse,223,224,0.286042,-0.418387,0.405718
Ruse,Byala,224,225,0.174564,-0.400888,0.244545
Ruse,Razgrad,224,461,0.160609,-0.401187,0.225043
Byala,Veliko Tarnovo,225,226,0.147417,-0.394014,0.205502
Byala,Pleven,225,584,0.140268,-0.401798,0.196627
Veliko Tarnovo,Stara Zagora,226,227,0.166761,-0.394598,0.232564
Veliko Tarnovo,Shumen,226,462,0.158458,-0.392466,0.220647
Stara Zagora,Haskovo,227,228,0.10864,-0.385227,0.15049
Stara Zagora,Burgas,227,590,0.146611,-0.390543,0.203869
Haskovo,Svilengrad,228,229,0.0558532,-0.381605,0.077167
Svilengrad,Ormenio,229,230,0.0456945,-0.385114,0.063292
Ormenio,Kastanies,230,231,0.0707309,-0.39103,0.0983887
Kastanies,Didymoteicho,231,232,0.151083,-0.39284,0.210434
Didymoteicho,Alexandroupoli,232,233,0.350138,-0.393345,0.487863
Alexandroupoli,Gelibolu,233,478,0.42972,-0.389581,0.597131
Saint Petersburg,Pskov,234,235,3.18813,-0.545921,4.9286
Saint Petersburg,Moscow,234,239,6.13774,-0.546378,9.49126
Saint Petersburg,Petrozavodsk,234,245,2.19142,-0.529817,3.35247
Saint Petersburg,Narva,234,304,2.43621,-0.543546,3.7604
Saint Petersburg,Vyborg,234,623,2.19192,-0.529776,3.35315
Pskov,Gomel,235,236,4.16967,-0.547669,6.45326
Pskov,Riga,235,547,2.9785,-0.547582,4.60947
Gomel,Kiev,236,237,5.951,-0.546155,9.20117
Gomel,Babruysk,236,703,3.47729,-0.548851,5.3858
Kiev,Odessa,237,238,4.68751,-0.533102,7.18644
Kiev,Hlukhiv,237,242,5.30346,-0.549771,8.21914
Kiev,Kharkiv,237,247,5.33201,-0.544937,8.23762
Kiev,Rivne,237,348,3.87105,-0.546229,5.98553
Kiev,Zhytomyr,237,349,3.12988,-0.542542,4.82797
Odessa,Izmail,238,586,1.67668,-0.519978,2.54852
Odessa,Chişinău,238,672,2.00678,-0.517136,3.04456
Odessa,Mykolaiv,238,673,1.91191,-0.522082,2.91008
Moscow,Kaluga,239,240,4.26498,-0.554508,6.62995
Moscow,Orel,239,246,4.68207,-0.550234,7.2583
Moscow,Voronezh,239,248,5.47556,-0.535742,8.40905
Moscow,Tambov,239,256,4.33777,-0.549958,6.72336
Moscow,Smolensk,239,319,4.69805,-0.548397,7.27445
Moscow,Ryazan,239,320,4.05987,-0.536251,6.23698
Moscow,Velikiye Luki,239,628,4.16581,-0.548996,6.45282
Moscow,Vladimir,239,629,4.08709,-0.54375,6.30944
Kaluga,Bryansk,240,241,2.26824,-0.560077,3.53863
Bryansk,Hlukhiv,241,242,2.81227,-0.558948,4.38419
Hlukhiv,Kursk,242,645,3.04061,-0.557418,4.73551
Kirkenes,Murmansk,243,244,0.321286,-0.521058,0.488695
Murmansk,Petrozavodsk,244,245,0.822564,-0.527361,1.25635
Orel,Kharkiv,246,247,3.52179,-0.550826,5.46169
Kharkiv,Luhansk,247,350,2.83669,-0.549763,4.3962
Voronezh,Novorossiysk,248,249,3.40261,-0.542522,5.2486
Voronezh,Kursk,248,645,3.04699,-0.553549,4.73365
Voronezh,Saratov,248,646,3.14586,-0.528403,4.80815
Novorossiysk,Dzhankoy,249,601,1.40052,-0.531826,2.14535
Novorossiysk,Sochi,249,602,1.34071,-0.543898,2.06991
Mineralnye Vody,Nalchik,250,251,0.257414,-0.461064,0.376098
Mineralnye Vody,Makhachkala,250,260,0.544306,-0.479566,0.805337
Mineralnye Vody,Armavir,250,387,0.297984,-0.463277,0.436033
Nalchik,Vladikavkaz,251,252,0.104865,-0.445107,0.151542
Vladikavkaz,Stepantsminda,252,253,0.0456692,-0.417335,0.0647286
Stepantsminda,Mtskheta,253,254,0.0245919,-0.365777,0.0335871
Mtskheta,Tbilisi,254,255,0.0215049,-0.308849,0.0281466
Tbilisi,Gori,255,428,0.0167003,-0.279459,0.0213674
Tbilisi,Rustavi,255,429,0.0200993,-0.307054,0.0262709
Tambov,Povorino,256,257,1.9403,-0.551479,3.01033
Povorino,Volgograd,257,258,1.68289,-0.543842,2.59812
Volgograd,Astrakhan,258,259,2.09817,-0.522335,3.19411
Volgograd,Luhansk,258,350,1.9443,-0.544386,3.00275
Astrakhan,Makhachkala,259,260,1.55774,-0.503126,2.34148
Astrakhan,Atyrau,259,265,2.29924,-0.494071,3.43523
Makhachkala,Kuba,260,261,0.524981,-0.486629,0.780453
Kuba,Baku,261,262,0.205231,-0.479278,0.303594
Baku,Yevlakh,262,431,0.0822057,-0.46571,0.12049
Samara,Oral,263,264,2.44682,-0.479941,3.62115
Samara,Penza,263,321,1.73367,-0.5051,2.60935
Samara,Ufa,263,322,1.67411,-0.487576,2.49036
Oral,Atyrau,264,265,2.70495,-0.472376,3.98271
Oral,Saratov,264,646,2.6491,-0.505636,3.98859
Oral,Aktobe,264,647,1.86174,-0.467263,2.73166
Atyrau,Beineu,265,266,1.16468,-0.471773,1.71415
Atyrau,Beyneu,265,351,1.16468,-0.471773,1.71415
Beineu,Shetpe,266,267,0.456479,-0.47239,0.672116
Shetpe,Zhetybai,267,268,0.179551,-0.473838,0.264629
Zhetybai,Fetisovo,268,269,0.0727782,-0.46847,0.106873
Fetisovo,Bekdash,269,270,0.0341944,-0.443145,0.0493475
Bekdash,Türkmenbaşy,270,271,0.0259168,-0.378459,0.0357252
Türkmenbaşy,Gyzylarbat,271,272,0.037256,-0.33459,0.0497215
Gyzylarbat,Ashgabat,272,432,0.0735262,-0.328216,0.0976587
Chelyabinsk,Kostanay,273,274,0.384614,-0.461362,0.562061
Chelyabinsk,Ufa,273,322,0.786722,-0.470213,1.15665
Chelyabinsk,Kurgan,273,323,0.440883,-0.455846,0.641858
Kostanay,Esil,274,275,0.177513,-0.453271,0.257975
Esil,Derzhavinsk,275,276,0.131335,-0.435959,0.188592
Derzhavinsk,Arkalyk,276,277,0.199671,-0.422733,0.284079
Arkalyk,Jezkazgan,277,278,0.436823,-0.41892,0.619817
Jezkazgan,Kyzylorda,278,279,0.687566,-0.418938,0.975614
Jezkazgan,Karaganda,278,286,0.653965,-0.416751,0.926506
Kyzylorda,Shymkent,279,280,0.676447,-0.414431,0.956787
Kyzylorda,Novokazalinsk,279,650,0.472041,-0.426429,0.673333
Shymkent,Tashkent,280,281,0.569087,-0.406496,0.800418
Shymkent,Zhambyl,280,359,0.465221,-0.4028,0.652613
Tashkent,Ayni,281,282,0.225801,-0.39638,0.315304
Tashkent,Jizzakh,281,358,0.280291,-0.399685,0.392319
Tashkent,Kokand,281,689,0.224878,-0.399963,0.314821
Ayni,Dushanbe,282,283,0.196208,-0.372911,0.269377
Ayni,Kokand,282,689,0.094555,-0.378272,0.130323
Dushanbe,Termez,283,440,0.118,-0.356095,0.160019
Dushanbe,Jirgatal,283,441,0.118387,-0.358968,0.160884
Dushanbe,Kulob,283,692,0.086964,-0.358185,0.118113
Ishim,Astana,284,285,0.274008,-0.420502,0.389229
Ishim,Omsk,284,291,0.274008,-0.420502,0.389229
Ishim,Kurgan,284,323,0.355864,-0.43706,0.511397
Ishim,Tyumen,284,635,0.259942,-0.427531,0.371075
Astana,Karaganda,285,286,0.323687,-0.415764,0.458264
Karaganda,Balkhash,286,287,0.40343,-0.412371,0.569792
Karaganda,Pavlodar,286,292,0.389779,-0.415159,0.551599
Balkhash,Burubaytal,287,288,0.254154,-0.405244,0.357149
Burubaytal,Almaty,288,289,0.310868,-0.397472,0.434429
Almaty,Bishkek,289,290,0.489436,-0.394586,0.682561
Almaty,Sary-Ozek,289,360,0.235941,-0.393424,0.328766
Almaty,Kokpek,289,695,0.193162,-0.393968,0.269262
Bishkek,Zhambyl,290,359,0.430661,-0.397376,0.601796
Bishkek,Osh,290,691,0.450248,-0.391789,0.62665
Omsk,Pavlodar,291,292,0.227646,-0.41548,0.322228
Pavlodar,Semey,292,293,0.198938,-0.41271,0.281042
Semey,Georgiyevka,293,294,0.0841552,-0.409563,0.118622
Georgiyevka,Ayagoz,294,364,0.0383057,-0.4034,0.0537582
Narvik,Kiruna,295,296,0.0215475,-0.330459,0.0286681
Narvik,Setermoen,295,498,0.0105871,-0.326519,0.014044
Kiruna,Töre,296,297,0.046749,-0.333649,0.0623468
Töre,Luleå,297,298,0.103146,-0.334916,0.137691
Luleå,Umeå,298,612,0.174143,-0.338563,0.233101
Luleå,Haparanda,298,613,0.117235,-0.331328,0.156079
Helsingborg,Halmstad,299,300,0.133218,-0.343008,0.178912
Helsingborg,Jönköping,299,605,0.0838778,-0.337737,0.112206
Örebro,Stockholm,301,302,0.252516,-0.348744,0.340579
Örebro,Karlstad,301,620,0.149864,-0.349165,0.202191
Stockholm,Södertälje,302,608,0.187008,-0.34786,0.25206
Stockholm,Uppsala,302,609,0.220792,-0.348914,0.297829
Tallinn,Narva,303,304,1.41991,-0.546101,2.19532
Tallinn,Riga,303,547,1.95444,-0.546615,3.02277
Colchester,Ipswich,305,306,0.000545305,0,0.000545305
Ipswich,Cambridge,306,636,0.000545305,0,0.000545305
The Hague,Gouda,307,308,0.358796,-0.512768,0.542775
Amersfoort,Oldenzaal,309,310,0.59632,-0.518686,0.905622
Amersfoort,Hoogeveen,309,698,0.556416,-0.51866,0.845007
Oldenzaal,Osnabrück,310,311,0.50857,-0.521311,0.773693
Osnabrück,Bad Oeynhausen,311,312,0.951066,-0.523512,1.44896
Bad Oeynhausen,Dortmund,312,508,1.62207,-0.525117,2.47385
Braunschweig,Magdeburg,313,314,1.31131,-0.518056,1.99064
Magdeburg,Halle,314,518,1.40039,-0.517154,2.12461
Poznań,Warsaw,315,316,2.4608,-0.524832,3.7523
Poznań,Wrocław,315,339,1.49792,-0.51915,2.27557
Warsaw,Elbląg,316,564,1.93826,-0.527235,2.96017
Warsaw,Radom,316,565,2.30545,-0.527506,3.52159
Warsaw,Lublin,316,713,2.70146,-0.530394,4.13429
Brest,Rennes,317,365,0.336693,-0.506557,0.507247
Brest,Lorient,317,388,0.186055,-0.503857,0.2798
Minsk,Smolensk,318,319,3.38695,-0.550229,5.25055
Minsk,Babruysk,318,703,3.04401,-0.55019,4.71879
Ryazan,Penza,320,321,1.89353,-0.529827,2.89677
Ufa,Yelabuga,322,632,0.829752,-0.473079,1.22229
Bruges,Ghent,324,325,1.50571,-0.524306,2.29516
Bruges,Zeebrugge,324,642,1.68491,-0.527404,2.57354
Ghent,Brussels,325,326,2.03259,-0.524718,3.09913
Brussels,Leuven,326,327,2.55341,-0.527613,3.90062
Leuven,Hasselt,327,708,1.64145,-0.530396,2.51207
Eupen,Aachen,328,329,1.95554,-0.531985,2.99586
Eupen,St. Vith,328,653,1.00345,-0.533172,1.53846
Aachen,Heerlen,329,709,1.53962,-0.531625,2.35813
Olpe,Wetzlar,330,331,1.86218,-0.528977,2.84723
Wetzlar,Gießen,331,332,1.84241,-0.531518,2.82169
Wetzlar,Dortmund,331,508,2.60391,-0.528441,3.97993
Wetzlar,Aschaffenburg,331,509,1.98655,-0.53112,3.04165
Wetzlar,Koblenz,331,660,1.93439,-0.531758,2.96302
Gießen,Bad Hersfeld,332,333,1.13743,-0.533066,1.74376
Bad Hersfeld,Eisenach,333,334,0.539047,-0.530343,0.824928
Eisenach,Erfurt,334,335,0.512421,-0.522212,0.780014
Erfurt,Gera,335,336,1.02098,-0.517805,1.54965
Gera,Chemnitz,336,337,1.52876,-0.517091,2.31926
Gera,Leipzig,336,526,1.5431,-0.516679,2.34039
Gera,Hirschberg,336,527,1.08092,-0.517359,1.64014
Chemnitz,Plauen,337,519,1.4425,-0.516859,2.18807
Wrocław,Opole,339,340,1.26553,-0.516333,1.91897
Wrocław,Kłodzko,339,548,1.28635,-0.516165,1.95032
Opole,Gliwice,340,341,0.607171,-0.515107,0.919929
Gliwice,Zabrze,341,342,0.574324,-0.514995,0.870098
Kraków,Rzeszów,343,344,0.809166,-0.518091,1.22839
Kraków,Radom,343,565,0.958407,-0.52229,1.45897
Kraków,Trstená,343,566,1.02825,-0.51732,1.56019
Rzeszów,Jarosław,344,345,0.751458,-0.523955,1.14519
Rzeszów,Radom,344,565,0.813609,-0.525104,1.24084
Rzeszów,Barwinek,344,710,0.597037,-0.520894,0.90803
Jarosław,Korczowa,345,346,0.804741,-0.52846,1.23001
Korczowa,Lviv,346,347,1.70857,-0.529973,2.61407
Lviv,Rivne,347,348,2.22052,-0.53767,3.41442
Lviv,Mukachevo,347,378,3.20721,-0.523539,4.88631
Lviv,Lublin,347,713,1.71049,-0.529269,2.6158
Rivne,Zhytomyr,348,349,1.34718,-0.542686,2.07827
Rivne,Kovel,348,714,1.33427,-0.542398,2.05797
Zhytomyr,Vinnytsia,349,381,2.26417,-0.540038,3.48691
Beyneu,Qo‘ng‘irot,351,352,0.470725,-0.468069,0.691057
Qo‘ng‘irot,Nukus,352,353,0.217433,-0.449676,0.315207
Nukus,Daşoguz,353,354,0.159689,-0.399975,0.223561
Daşoguz,Bukhara,354,355,0.110039,-0.342299,0.147705
Daşoguz,Ashgabat,354,432,0.124841,-0.341003,0.167412
Daşoguz,Uchkuduk,354,688,0.0648099,-0.359668,0.08812
Bukhara,Navoiy,355,356,0.120352,-0.336877,0.160896
Bukhara,Alat,355,436,0.105357,-0.324481,0.139544
Bukhara,Karshi,355,437,0.106491,-0.325419,0.141145
Bukhara,Uchkuduk,355,688,0.0679495,-0.330486,0.0904059
Navoiy,Samarkand,356,357,0.0936453,-0.361319,0.127481
Samarkand,Jizzakh,357,358,0.134611,-0.388957,0.186968
Sary-Ozek,Taldykorgan,360,361,0.114472,-0.390151,0.159134
Sary-Ozek,Koktal,360,697,0.10786,-0.390901,0.150023
Taldykorgan,Ucharal,361,362,0.0509086,-0.387444,0.0706329
Ucharal,Taskesken,362,363,0.0267937,-0.385957,0.0371349
Taskesken,Ayagoz,363,364,0.0233611,-0.393326,0.0325497
Rennes,Le Mans,365,366,0.828438,-0.508451,1.24966
Le Mans,Angers,366,391,0.674744,-0.508707,1.01799
Le Mans,Tours,366,392,0.804259,-0.506448,1.21157
Le Mans,Rouen,366,662,1.23812,-0.515514,1.87639
Reims,Charleroi,367,651,1.60573,-0.526124,2.45054
Reims,Charleville-Mézières,367,658,1.47508,-0.525532,2.25028
Reims,Rouen,367,662,1.72049,-0.521255,2.6173
Saarbrücken,Mannheim,368,369,2.69374,-0.532704,4.12871
Saarbrücken,Trier,368,659,1.40578,-0.53187,2.15347
Mannheim,Heilbronn,369,370,2.52517,-0.532829,3.87065
Rozvadov,Plzeň,371,372,2.16605,-0.524664,3.3025
Plzeň,Karlovy Vary,372,523,1.51672,-0.522858,2.30975
Plzeň,České Budějovice,372,524,1.77107,-0.522705,2.69681
Plzeň,Bayerisch Eisenstein,372,530,1.80019,-0.523396,2.74241
Trenčín,Prešov,373,374,1.20138,-0.519017,1.82492
Prešov,Košice,374,375,1.87016,-0.519217,2.84117
Prešov,Svidník,374,712,0.907296,-0.519564,1.37869
Košice,Vyšné Nemecké,375,376,0.949259,-0.518966,1.44189
Košice,Uzhhorod,375,377,1.82024,-0.520071,2.7669
Košice,Miskolc,375,552,1.74489,-0.516475,2.64608
Košice,Zvolen,375,568,1.81331,-0.517039,2.75087
Vyšné Nemecké,Uzhhorod,376,377,0.870985,-0.521275,1.32501
Uzhhorod,Mukachevo,377,378,2.8786,-0.521323,4.37927
Uzhhorod,Chop,377,723,1.47217,-0.520739,2.23879
Mukachevo,Stryj,378,379,2.19372,-0.51718,3.32827
Mukachevo,Halmeu,378,578,2.72468,-0.517032,4.13342
Khmelnytskyi,Vinnytsia,380,381,1.46216,-0.532846,2.24126
Vinnytsia,Uman,381,382,1.42922,-0.531274,2.18853
Vinnytsia,Mohyliv-Podilskyi,381,728,1.31322,-0.533492,2.01382
Uman,Kirovohrad,382,383,1.14267,-0.520601,1.73755
Kirovohrad,Dnipropetrovsk,383,384,0.830007,-0.512616,1.25548
Kirovohrad,Chişinău,383,672,1.66748,-0.513904,2.5244
Dnipropetrovsk,Donetsk,384,385,0.360861,-0.502943,0.542354
Donetsk,Rostov-on-Don,385,386,0.2547,-0.484182,0.378021
Rostov-on-Don,Armavir,386,387,0.238258,-0.466156,0.349323
Rostov-on-Don,Taganrog,386,675,0.227165,-0.485346,0.337418
Lorient,Vannes,388,389,0.222908,-0.503675,0.335181
Vannes,Nantes,389,390,0.484307,-0.505695,0.729218
Nantes,Angers,390,391,0.679107,-0.505136,1.02215
Nantes,Poitiers,390,676,0.932033,-0.5094,1.40681
Angers,Tours,391,392,0.560318,-0.498772,0.839789
Tours,Vierzon,392,503,0.748454,-0.496476,1.12004
Montargis,Auxerre,393,394,1.23156,-0.514494,1.86519
Auxerre,Beaune,394,395,2.23426,-0.52131,3.399
Beaune,Dole,395,396,2.199,-0.523567,3.35032
Beaune,Antwerp,395,505,3.73282,-0.525507,5.69444
Dole,Besançon,396,397,1.13421,-0.526624,1.73152
Besançon,Belfort,397,398,1.26404,-0.529161,1.93292
Zürich,Winterthur,399,400,1.31106,-0.51543,1.98682
Winterthur,St. Gallen,400,401,0.938635,-0.514384,1.42145
Winterthur,Schaffhausen,400,511,1.22684,-0.522345,1.86767
St. Gallen,St. Margrethen,401,402,0.884647,-0.511902,1.3375
St. Margrethen,Bregenz,402,403,1.47404,-0.511546,2.22809
St. Margrethen,Buchs,402,514,0.688178,-0.510591,1.03956
Bregenz,Feldkirch,403,748,1.43006,-0.510339,2.15988
Bregenz,Lindau,403,513,2.20732,-0.512569,3.33873
Feldkirch,Landeck,748,404,0.669101,-0.50578,1.00752
Feldkirch,Imst,748,406,0.69911,-0.505504,1.05251
Landeck,Telfs,404,405,0.475441,-0.502482,0.714341
Sattledt,Liezen,408,532,0.951598,-0.515448,1.4421
Sattledt,Wels,408,669,0.986034,-0.518511,1.4973
Sankt Pölten,Vienna,409,410,1.99514,-0.515404,3.02344
Vienna,Nickelsdorf,410,411,2.21025,-0.514654,3.34776
Vienna,Halámky,410,525,2.09865,-0.515865,3.18127
Vienna,Graz,410,534,2.7911,-0.51005,4.21469
Nickelsdorf,Mosonmagyaróvár,411,412,1.55837,-0.513996,2.35936
Szolnok,Püspökladány,413,414,1.89462,-0.509369,2.85968
Püspökladány,Oradea,414,415,2.43604,-0.504058,3.66395
Püspökladány,Nyíregyháza,414,722,1.42997,-0.510639,2.16018
Oradea,Cluj-Napoca,415,416,1.27446,-0.490579,1.89968
Oradea,Berettyóújfalu,415,570,1.69571,-0.501385,2.54591
Oradea,Beiuş,415,571,1.18004,-0.493513,1.7624
Oradea,Satu Mare,415,579,1.81839,-0.501861,2.73096
Oradea,Arad,415,684,2.0578,-0.489591,3.06529
Cluj-Napoca,Turda,416,417,0.794258,-0.491459,1.1846
Cluj-Napoca,Zalău,416,580,0.735325,-0.498468,1.10186
Turda,Târgu Mureş,417,418,0.368059,-0.483426,0.545988
Turda,Sebeş,417,581,0.381708,-0.483278,0.566179
Târgu Mureş,Braşov,418,419,0.280041,-0.472596,0.412387
Braşov,Ploieşti,419,420,0.261397,-0.456663,0.380767
Braşov,Sibiu,419,582,0.330787,-0.474305,0.487681
Braşov,Piteşti,419,583,0.223547,-0.45617,0.325522
Slobozia,Hârşova,421,422,0.436813,-0.4554,0.635737
Slobozia,Galaţi,421,588,0.672974,-0.46792,0.987871
Hârşova,Constanţa,422,423,0.468267,-0.448085,0.678091
Constanţa,Varna,423,463,0.47556,-0.423581,0.676998
Constanţa,Tulcea,423,589,0.468267,-0.448085,0.678091
Senaki,Samtredia,424,425,0.0247961,-0.542475,0.0382473
Senaki,Zugdidi,424,604,0.0656112,-0.554148,0.10197
Samtredia,Kutaisi,425,426,0.0108834,-0.482646,0.0161362
Kutaisi,Khashuri,426,427,0.00747638,-0.358633,0.0101577
Khashuri,Gori,427,428,0.00943191,-0.281645,0.0120884
Rustavi,Ganja,429,430,0.0203718,-0.370715,0.0279239
Ganja,Yevlakh,430,431,0.0357486,-0.434708,0.0512887
Ashgabat,Tejen,432,433,0.0754882,-0.325048,0.100025
Tejen,Mary,433,434,0.0426435,-0.316385,0.0561353
Mary,Türkmenabat,434,435,0.0367824,-0.312912,0.048292
Türkmenabat,Alat,435,436,0.0539405,-0.31756,0.0710698
Karshi,Guzar,437,438,0.0569166,-0.322587,0.0752772
Guzar,Sherobod,438,439,0.0440635,-0.329622,0.0585878
Sherobod,Termez,439,440,0.0602589,-0.344727,0.0810318
Jirgatal,Sary Tash,441,442,0.104867,-0.365824,0.143229
Jirgatal,Khorugh,441,694,0.0674527,-0.355653,0.0914424
Sary Tash,Irkeshtam,442,443,0.12761,-0.379131,0.175991
Irkeshtam,Osh,443,691,0.247115,-0.386277,0.342569
A Coruña,Bilbao,444,445,0.154722,-0.42957,0.221185
A Coruña,Pontevedra,444,481,0.0729714,-0.4159,0.10332
Clermont-Ferrand,Montluçon,446,504,0.916813,-0.488063,1.36428
Chambéry,Susa,447,448,0.946537,-0.495046,1.41512
Chambéry,Marseille,447,736,0.703547,-0.499856,1.05522
Susa,Turin,448,449,0.669854,-0.479315,0.990924
Tortona,Brescia,450,451,0.350398,-0.442745,0.505535
Trieste,Postojna,452,453,0.367944,-0.474733,0.54262
Trieste,Ljubljana,452,454,0.686555,-0.481155,1.01689
Postojna,Ljubljana,453,454,0.463924,-0.486167,0.689468
Ljubljana,Maribor,454,535,0.777106,-0.492746,1.16002
Ljubljana,Naklo,454,538,1.13008,-0.492705,1.68688
Vršac,Timişoara,456,457,1.00511,-0.462414,1.46989
Timişoara,Drobeta-Turnu Severin,457,458,1.13499,-0.461768,1.6591
Timişoara,Arad,457,684,1.70296,-0.474801,2.51153
Drobeta-Turnu Severin,Craiova,458,459,1.14761,-0.455367,1.67019
Craiova,Alexandria,459,460,0.478814,-0.45425,0.696316
Craiova,Târgu Jiu,459,574,0.660325,-0.459597,0.963809
Craiova,Piteşti,459,583,0.616861,-0.457172,0.898872
Razgrad,Shumen,461,462,0.148868,-0.395913,0.207807
Shumen,Varna,462,463,0.222592,-0.404365,0.3126
Varna,Burgas,463,590,0.219045,-0.404122,0.307565
Lisbon,Valladolid,464,465,0.146818,-0.396213,0.20499
Lisbon,Porto,464,483,0.146379,-0.383662,0.202539
Lisbon,Albufeira,464,484,0.147411,-0.379777,0.203394
Toulouse,Nice,466,467,1.05609,-0.46151,1.54348
Nice,Cuneo,467,685,0.465258,-0.454132,0.676547
Sofia,Plovdiv,468,469,0.534784,-0.435598,0.767735
Sofia,Botevgrad,468,575,0.537806,-0.435529,0.772036
Sofia,Blagoevgrad,468,576,0.595213,-0.432515,0.852651
Sofia,Kyustendil,468,745,0.405062,-0.436594,0.58191
Plovdiv,Istanbul,469,470,0.225852,-0.432633,0.323564
Istanbul,İzmit,470,471,0.112343,-0.422739,0.159835
İzmit,Gerede,471,472,0.0416806,-0.401149,0.0584007
İzmit,Bursa,471,479,0.0428731,-0.396197,0.0598592
Gerede,Kızılcahamam,472,599,0.0211085,-0.379858,0.0291267
Mazara del Vallo,Palermo,473,474,0.000545305,0,0.000545305
Metaponto,Taranto,475,476,0.0185202,-0.374042,0.0254475
Metaponto,Potenza,475,743,0.010594,-0.357047,0.0143766
Ioannina,Trikala,477,687,0.0680591,-0.38914,0.0945436
Gelibolu,Keşan,478,596,0.213454,-0.387614,0.296192
Gelibolu,Ayvalık,478,597,0.213582,-0.38737,0.296317
Bursa,Ankara,479,480,0.0240556,-0.371231,0.0329858
Bursa,Balıkesir,479,746,0.0295537,-0.37033,0.0404983
Ankara,Kızılcahamam,480,599,0.0165728,-0.362597,0.022582
Pontevedra,Valença,481,482,0.0519189,-0.39387,0.0723682
Valença,Porto,482,483,0.0717649,-0.381579,0.0991489
Albufeira,Castro Marim,484,485,0.0818807,-0.371489,0.112298
Castro Marim,Huelva,485,486,0.0771863,-0.369939,0.10574
Cherbourg-Octeville,La Rochelle,487,488,0.178877,-0.508133,0.269771
Cherbourg-Octeville,Caen,487,661,0.372663,-0.51714,0.565382
La Rochelle,Saintes,488,730,0.166878,-0.490024,0.248653
Oslo,Hamar,489,490,0.114039,-0.349769,0.153927
Oslo,Askim,489,619,0.119405,-0.349262,0.161108
Hamar,Lillehammer,490,491,0.071795,-0.350287,0.0969438
Lillehammer,Dombås,491,492,0.0798484,-0.350282,0.107818
Dombås,Trondheim,492,493,0.143841,-0.349848,0.194163
Trondheim,Stjørdal,493,494,0.141029,-0.349622,0.190336
Stjørdal,Steinkjer,494,495,0.0712572,-0.349115,0.0961341
Steinkjer,Mosjøen,495,496,0.0512389,-0.346325,0.0689842
Mosjøen,Mo i Rana,496,497,0.0667112,-0.343097,0.0895995
Mo i Rana,Umeå,497,612,0.12796,-0.341584,0.171669
Setermoen,Alta,498,499,0.00654045,-0.330034,0.00869902
Alta,Olderfjord,499,500,0.00681095,-0.370218,0.00933248
Olderfjord,Lakselv,500,501,0.0121245,-0.418413,0.0171976
Lakselv,Karasjok,501,502,0.0275842,-0.454678,0.0401261
Vierzon,Montluçon,503,504,0.558388,-0.491137,0.832634
Antwerp,Zeebrugge,505,642,2.45612,-0.528295,3.75368
Martigny,Sion,506,678,0.65409,-0.508995,0.987018
Bremen,Groningen,507,624,2.07197,-0.521811,3.15315
Stuttgart,Schaffhausen,510,511,1.8266,-0.528672,2.79227
Stuttgart,Ulm,510,512,1.63547,-0.526824,2.49708
Ulm,Lindau,512,513,1.45598,-0.520933,2.21444
Lindau,Waldshut,513,666,2.01995,-0.517511,3.0653
Buchs,Chur,514,515,0.277259,-0.506954,0.417816
Chur,San Bernardino,515,516,0.147454,-0.496315,0.220638
Halle,Plauen,518,519,1.33682,-0.516995,2.02795
Plauen,Schönberg,519,520,1.09101,-0.517081,1.65515
Plauen,Hof,519,528,1.44068,-0.518348,2.18746
Schönberg,Vojtanov,520,521,0.654791,-0.517792,0.993837
Vojtanov,Cheb,521,522,0.896665,-0.519605,1.36258
Cheb,Karlovy Vary,522,523,1.47999,-0.520465,2.25027
Cheb,Marktredwitz,522,663,1.17722,-0.521201,1.79079
Karlovy Vary,Teplice,523,715,0.916803,-0.519956,1.3935
České Budějovice,Halámky,524,525,1.27322,-0.519656,1.93486
Hirschberg,Hof,527,528,1.11331,-0.51873,1.69082
Hof,Bayreuth,528,529,1.78557,-0.521718,2.71714
Bayreuth,Marktredwitz,529,663,1.60474,-0.522578,2.44333
Bayerisch Eisenstein,Deggendorf,530,531,1.35859,-0.522462,2.0684
Liezen,Sankt Michael,532,533,0.795622,-0.510949,1.20214
Sankt Michael,Graz,533,534,1.45269,-0.507428,2.18982
Graz,Maribor,534,535,1.27047,-0.501757,1.90794
Graz,Spielfeld,534,536,0.943101,-0.506147,1.42045
Graz,Klagenfurt,534,683,1.77637,-0.502878,2.66966
Maribor,Spielfeld,535,536,0.446855,-0.4945,0.667824
Karavanke Tunnel,Naklo,537,538,0.92867,-0.501613,1.3945
Naklo,Loiblpass,538,734,0.895952,-0.499446,1.34343
Kemijärvi,Posio,539,540,0.0255525,-0.29788,0.0331641
Posio,Kuusamo,540,541,0.0160671,-0.298395,0.0208614
Kuusamo,Kajaani,541,542,0.0161704,-0.30707,0.0211358
Kajaani,Iisalmi,542,543,0.0262045,-0.317754,0.034531
Iisalmi,Kuopio,543,544,0.0528917,-0.327469,0.0702121
Tampere,Turku,545,546,0.0597756,-0.350631,0.0807348
Tampere,Vaasa,545,616,0.0782167,-0.335564,0.104463
Tampere,Hämeenlinna,545,618,0.110248,-0.371151,0.151166
Turku,Pori,546,617,0.0394305,-0.335865,0.0526738
Riga,Šiauliai,547,561,2.02413,-0.544798,3.12688
Riga,Rēzekne,547,627,2.12141,-0.548247,3.28447
Kłodzko,Kudowa-Zdrój,548,549,0.588659,-0.515193,0.891931
Kudowa-Zdrój,Náchod,549,550,0.497512,-0.515378,0.753918
Náchod,Hradec Králové,550,551,0.919178,-0.516581,1.39401
Hradec Králové,Olomouc,551,716,1.26949,-0.517108,1.92595
Miskolc,Debrecen,552,569,1.4389,-0.513811,2.17822
Szekszárd,Mohács,555,556,0.864295,-0.508499,1.30379
Mohács,Osijek,556,557,0.545037,-0.503614,0.819526
Osijek,Đakovo,557,558,0.335702,-0.495384,0.502003
Osijek,Sombor,557,735,0.553914,-0.495988,0.828649
Đakovo,Šamac,558,559,0.159471,-0.478863,0.235836
Šamac,Zenica,559,560,0.135971,-0.445373,0.196528
Zenica,Sarajevo,560,737,0.233585,-0.428515,0.33368
Šiauliai,Tolpaki,561,562,1.59799,-0.538997,2.4593
Šiauliai,Palanga,561,704,1.22345,-0.541063,1.88541
Šiauliai,Panevėžys,561,705,1.26293,-0.541568,1.94689
Tolpaki,Kaliningrad,562,563,1.0461,-0.53162,1.60223
Tolpaki,Nesterov,562,640,0.951437,-0.53676,1.46213
Trstená,Ružomberok,566,567,0.858652,-0.516266,1.30194
Ružomberok,Zvolen,567,568,1.57563,-0.515557,2.38796
Debrecen,Berettyóújfalu,569,570,1.0391,-0.508325,1.5673
Beiuş,Deva,571,572,0.826936,-0.485127,1.22811
Deva,Petroşani,572,573,0.735025,-0.470621,1.08094
Deva,Sibiu,572,582,0.93956,-0.471989,1.38302
Deva,Arad,572,684,1.26697,-0.475204,1.86903
Petroşani,Târgu Jiu,573,574,0.475812,-0.466281,0.697675
Botevgrad,Jablanica,575,585,0.233849,-0.431798,0.334825
Blagoevgrad,Serres,576,577,0.383598,-0.420668,0.544966
Halmeu,Satu Mare,578,579,2.22634,-0.509313,3.36025
Satu Mare,Zalău,579,580,0.964904,-0.503056,1.45031
Sebeş,Sibiu,581,582,0.414837,-0.474216,0.611559
Sibiu,Piteşti,582,583,0.476869,-0.464266,0.698263
Pleven,Jablanica,584,585,0.131844,-0.418783,0.187059
Izmail,Reni,586,587,0.797466,-0.511236,1.20516
Reni,Galaţi,587,588,0.733636,-0.490498,1.09348
Galaţi,Tulcea,588,589,0.505854,-0.469551,0.743379
Galaţi,Giurgiuleşti,588,729,0.866532,-0.492459,1.29326
Burgas,Malko Tarnovo,590,591,0.121917,-0.390467,0.169522
Malko Tarnovo,Dereköy,591,592,0.0546347,-0.383672,0.0755965
Dereköy,Kırklareli,592,593,0.0292756,-0.378463,0.0403554
Kırklareli,Babaeski,593,594,0.0260761,-0.381126,0.0360144
Babaeski,Havsa,594,595,0.0427531,-0.385184,0.0592209
Havsa,Keşan,595,596,0.0923658,-0.386919,0.128104
Ayvalık,İzmir,597,598,0.0926564,-0.385494,0.128375
İzmir,Manisa,598,747,0.0431682,-0.380444,0.0595913
Kherson,Dzhankoy,600,601,0.921581,-0.528903,1.40901
Kherson,Mykolaiv,600,673,1.07523,-0.524415,1.63909
Kherson,Melitopol,600,674,0.590224,-0.52351,0.899212
Sochi,Sukhumi,602,603,0.490837,-0.548222,0.759924
Sukhumi,Zugdidi,603,604,0.179143,-0.553083,0.278224
Jönköping,Linköping,605,606,0.0623735,-0.336529,0.083364
Linköping,Norrköping,606,607,0.0828502,-0.338602,0.110903
Norrköping,Södertälje,607,608,0.126246,-0.344029,0.169679
Norrköping,Kalmar,607,626,0.0825519,-0.338581,0.110502
Uppsala,Sundsvall,609,610,0.229045,-0.348138,0.308784
Sundsvall,Örnsköldsvik,610,611,0.214768,-0.346462,0.289177
Örnsköldsvik,Umeå,611,612,0.176818,-0.343495,0.237555
Haparanda,Tornio,613,614,0.0882195,-0.32044,0.116489
Kokkola,Vaasa,615,616,0.0795218,-0.322531,0.10517
Vaasa,Pori,616,617,0.045572,-0.329755,0.0605995
Askim,Karlstad,619,620,0.0997437,-0.349802,0.134634
Kotka,Vaalimaa,621,622,0.337818,-0.512533,0.510961
Vaalimaa,Vyborg,622,623,0.828876,-0.526008,1.26487
Groningen,Hoogeveen,624,698,0.756034,-0.521332,1.15018
Sassnitz,Stralsund,625,699,0.425754,-0.516326,0.645582
Rēzekne,Velikiye Luki,627,628,2.35959,-0.551408,3.66068
Rēzekne,Daugavpils,627,702,1.43213,-0.548671,2.2179
Vladimir,Nizhny Novgorod,629,630,1.54578,-0.545286,2.38867
Nizhny Novgorod,Kazan,630,631,0.690259,-0.535286,1.05974
Kazan,Yelabuga,631,632,0.573708,-0.501952,0.861682
Yelabuga,Perm,632,633,0.433052,-0.480335,0.641061
Perm,Yekaterinburg,633,634,0.202131,-0.467587,0.296646
Yekaterinburg,Tyumen,634,635,0.16024,-0.44182,0.231037
Koszalin,Słupsk,637,638,0.241587,-0.517877,0.3667
Słupsk,Gdynia,638,639,0.389439,-0.520275,0.592054
Nesterov,Marijampolė,640,641,0.844388,-0.540946,1.30116
Aktobe,Karabutak,647,648,0.739344,-0.490562,1.10204
Karabutak,Aral,648,649,0.34234,-0.488757,0.509661
Aral,Novokazalinsk,649,650,0.279977,-0.45437,0.40719
Charleroi,Namur,651,652,1.12405,-0.529111,1.71879
St. Vith,Wittlich,653,654,1.06376,-0.534249,1.63207
Wittlich,Bingen,654,655,0.65923,-0.536222,1.01272
Bingen,Wiesbaden,655,656,0.961688,-0.536192,1.47734
Amiens,Charleville-Mézières,657,658,1.34516,-0.523538,2.04941
Trier,Koblenz,659,660,1.44738,-0.533019,2.21887
Caen,Rouen,661,662,0.951886,-0.518935,1.44585
Regensburg,Passau,667,668,1.12741,-0.526536,1.72103
Passau,Wels,668,669,1.16449,-0.522664,1.77313
Wels,Braunau am Inn,669,721,1.38842,-0.518245,2.10796
Iaşi,Sculeni,670,671,1.31393,-0.511872,1.98649
Iaşi,Bălţi,670,727,1.10633,-0.514472,1.6755
Sculeni,Chişinău,671,672,1.48442,-0.512973,2.24589
Chişinău,Giurgiuleşti,672,729,1.19703,-0.509196,1.80655
Melitopol,Taganrog,674,675,0.270476,-0.511017,0.408694
Poitiers,Mâcon,676,677,1.72733,-0.512099,2.6119
Sion,Simplon,678,679,0.310197,-0.494608,0.463622
Simplon,Gravellona Toce,679,680,0.273155,-0.463727,0.399824
Innichen,Spittal an der Drau,681,682,0.656417,-0.50341,0.986864
Klagenfurt,Loiblpass,683,734,1.01571,-0.503339,1.52696
Cuneo,Asti,685,686,0.281114,-0.4511,0.407924
Kokand,Andijan,689,690,0.194759,-0.38726,0.270182
Andijan,Osh,690,691,0.262489,-0.383397,0.363126
Kulob,Kalaikhumb,692,693,0.0480133,-0.351108,0.0648712
Kalaikhumb,Khorugh,693,694,0.0427784,-0.349582,0.057733
Kokpek,Chundzha,695,696,0.0956774,-0.392017,0.133185
Chundzha,Koktal,696,697,0.0732068,-0.390156,0.101769
Stralsund,Neubrandenburg,699,700,0.621624,-0.516385,0.942621
Ukmergė,Daugavpils,701,702,1.39633,-0.545963,2.15867
Ukmergė,Panevėžys,701,705,1.29195,-0.542518,1.99285
Breda,Gorinchem,706,707,0.759443,-0.517752,1.15265
Hasselt,Heerlen,708,709,1.03855,-0.531494,1.59054
Barwinek,Vyšný Komárnik,710,711,0.330425,-0.519711,0.502151
Vyšný Komárnik,Svidník,711,712,0.407265,-0.519551,0.618861
Lublin,Kovel,713,714,1.30316,-0.535041,2.00041
Olomouc,Český Těšín,716,717,0.804818,-0.516699,1.22067
Garmisch-Partenkirchen,Mittenwald,718,719,0.893186,-0.514039,1.35232
Mittenwald,Seefeld,719,720,0.592638,-0.506991,0.8931
Nyíregyháza,Chop,722,723,0.956581,-0.516937,1.45107
Dunajská Streda,Medveďov,724,725,0.620737,-0.515506,0.940731
Medveďov,Vámosszabadi,725,726,0.544608,-0.515042,0.825104
Bălţi,Mohyliv-Podilskyi,727,728,0.793254,-0.525082,1.20978
Saintes,Angoulême,730,731,0.318429,-0.481733,0.471826
St. Johann in Tirol,Lofer,732,733,0.928113,-0.510214,1.40165
Sarajevo,Užice,737,738,0.314888,-0.430947,0.450587
Užice,Čačak,738,739,0.449964,-0.438159,0.64712
Čačak,Nova Varoš,739,740,0.449409,-0.438327,0.646398
Avellino,Benevento,741,742,0.0781766,-0.399707,0.109424
Balıkesir,Manisa,746,747,0.0265262,-0.370756,0.0363609
Warsaw,Brest-Litovsk,316,0,2.39119,-0.535429,3.6715
Brest-Litovsk,Minsk,0,318,2.26145,-0.543876,3.4914
Lyon,Mâcon,17,677,1.78454,-0.506772,2.68889
Beaune,Mâcon,395,677,2.96679,-0.516557,4.49931
