Glasgow,Preston,1,2,6.60376e-05,-0.475485,6.60376e-05
Glasgow,Edinburgh,1,13,6.60376e-05,-0.475485,6.60376e-05
Preston,Birmingham,2,3,6.60376e-05,-0.475485,6.60376e-05
Birmingham,Cambridge,3,636,6.60376e-05,-0.475485,6.60376e-05
Le Havre,Paris,4,5,2.00383,-0.51626,3.03832
Le Havre,Amiens,4,657,1.12021,-0.518136,1.70063
Paris,Orléans,5,6,2.12125,-0.509915,3.2029
Paris,Calais,5,16,1.73464,-0.516364,2.63035
Paris,Lyon,5,17,2.63989,-0.510338,3.98713
Paris,Brussels,5,326,3.02959,-0.519176,4.60248
Paris,Le Mans,5,366,1.69425,-0.512012,2.56172
Paris,Reims,5,367,1.91674,-0.517349,2.90836
Paris,Chaumont,5,665,2.77636,-0.517825,4.21402
Orléans,Bordeaux,6,7,1.05635,-0.499388,1.58387
Orléans,Tours,6,392,1.16159,-0.500604,1.74309
Orléans,Montargis,6,393,1.43295,-0.505171,2.15683
Orléans,Toulouse,6,466,1.22254,-0.49541,1.8282
Bordeaux,San Sebastián,7,8,0.620357,-0.484322,0.920809
Bordeaux,Clermont-Ferrand,7,446,1.14823,-0.494265,1.71576
Bordeaux,Toulouse,7,466,0.526837,-0.482473,0.781021
Bordeaux,Angoulême,7,731,0.680469,-0.490299,1.0141
San Sebastián,Burgos,8,9,0.339567,-0.459747,0.495682
San Sebastián,Bilbao,8,445,0.272129,-0.462781,0.398066
San Sebastián,Toulouse,8,466,0.43056,-0.474784,0.634983
Burgos,Madrid,9,10,0.209083,-0.441257,0.301343
Burgos,Valladolid,9,465,0.136361,-0.445063,0.197051
Madrid,Seville,10,11,0.139046,-0.426927,0.198408
Madrid,Barcelona,10,21,0.29465,-0.454778,0.428651
Madrid,Valencia,10,24,0.150227,-0.434483,0.215498
Madrid,Lisbon,10,464,0.138583,-0.430813,0.198286
Seville,Algeciras,11,12,0.068837,-0.413628,0.0973099
Seville,Huelva,11,486,0.0722286,-0.412964,0.102056
Algeciras,Málaga,12,28,0.0308244,-0.406052,0.0433407
Edinburgh,Newcastle,13,14,6.60376e-05,-0.475485,6.60376e-05
Newcastle,London,14,15,6.60376e-05,-0.475485,6.60376e-05
London,Colchester,15,305,6.60376e-05,-0.475485,6.60376e-05
Calais,Bruges,16,324,1.75016,-0.519579,2.65951
Calais,Rouen,16,662,1.15391,-0.517712,1.7513
Lyon,Orange,17,18,1.23582,-0.498379,1.85172
Lyon,Clermont-Ferrand,17,446,1.38134,-0.498519,2.06997
Lyon,Chambéry,17,447,1.21172,-0.50626,1.82517
Orange,Narbonne,18,19,0.561747,-0.495996,0.840371
Orange,Marseille,18,736,0.52535,-0.502836,0.789515
Narbonne,Girona,19,20,0.319382,-0.484315,0.474064
Girona,Barcelona,20,21,0.386381,-0.469771,0.567891
Barcelona,Tarragona,21,22,0.252057,-0.46042,0.368109
Barcelona,Toulouse,21,466,0.699713,-0.47376,1.03121
Tarragona,Castellón de la Plana,22,23,0.125258,-0.448663,0.181457
Castellón de la Plana,Valencia,23,24,0.110858,-0.434263,0.158999
Valencia,Alicante,24,25,0.0834529,-0.42636,0.119034
Alicante,Murcia,25,26,0.0361937,-0.41804,0.051324
Murcia,Almería,26,27,0.0191952,-0.407598,0.0270191
Almería,Málaga,27,28,0.0178445,-0.401542,0.0250098
Hook of Holland,Rotterdam,29,30,0.564714,-0.521598,0.859268
Hook of Holland,The Hague,29,307,0.305172,-0.520681,0.46407
Rotterdam,Eindhoven,30,31,1.41336,-0.521783,2.15083
Eindhoven,Maastricht,31,32,1.51791,-0.523467,2.31249
Eindhoven,Antwerp,31,505,2.55081,-0.521646,3.88143
Eindhoven,Venlo,31,643,1.93675,-0.522351,2.94842
Eindhoven,Breda,31,706,1.42857,-0.521757,2.17394
Maastricht,Liège,32,33,1.88088,-0.525045,2.86842
Liège,Bastogne,33,34,1.75072,-0.525853,2.67135
Liège,Leuven,33,327,2.86382,-0.524602,4.36619
Liège,Eupen,33,328,1.82407,-0.526598,2.78462
Liège,Antwerp,33,505,3.20348,-0.522954,4.87875
Liège,Namur,33,652,1.95463,-0.524984,2.98077
Liège,St. Vith,33,653,1.59978,-0.525913,2.44112
Liège,Charleville-Mézières,33,658,2.08808,-0.524585,3.18345
Bastogne,Arlon,34,35,1.05454,-0.526485,1.60974
Arlon,Luxembourg,35,36,1.46876,-0.525811,2.24105
Luxembourg,Metz,36,37,2.44765,-0.52314,3.72811
Luxembourg,St. Vith,36,653,1.77553,-0.52651,2.71037
Luxembourg,Charleville-Mézières,36,658,1.36957,-0.52408,2.08734
Luxembourg,Trier,36,659,1.74837,-0.526554,2.66898
Metz,Saint-Avold,37,38,2.93685,-0.522766,4.47214
Metz,Lausanne,37,44,2.42986,-0.52165,3.6974
Metz,Geneva,37,45,2.6878,-0.516168,4.07515
Metz,Brussels,37,326,3.37315,-0.521867,5.13349
Metz,Reims,37,367,2.46785,-0.520664,3.75278
Metz,Saarbrücken,37,368,2.78688,-0.524275,4.24798
Saint-Avold,Strasbourg,38,39,2.2199,-0.523992,3.38311
Strasbourg,Mulhouse,39,40,2.78867,-0.524763,4.25206
Strasbourg,Appenweier,39,664,2.09871,-0.525289,3.20113
Mulhouse,Basel,40,41,2.67631,-0.524111,4.079
Mulhouse,Belfort,40,398,2.01145,-0.52397,3.06539
Mulhouse,Chaumont,40,665,2.56073,-0.522013,3.89747
Basel,Olten,41,42,1.60028,-0.523579,2.43816
Basel,Offenburg,41,61,2.28667,-0.524236,3.48543
Basel,Zürich,41,399,1.87984,-0.522748,2.86252
Basel,Waldshut,41,666,2.22491,-0.522004,3.38632
Olten,Bern,42,43,1.62974,-0.523199,2.48243
Olten,Lucerne,42,62,1.00597,-0.523298,1.53239
Bern,Lausanne,43,44,1.3361,-0.521226,2.03251
Bern,Belfort,43,398,1.66145,-0.523181,2.53069
Bern,Martigny,43,506,0.944623,-0.516775,1.43278
Lausanne,Geneva,44,45,1.07289,-0.511336,1.62149
Lausanne,Martigny,44,506,0.823276,-0.514379,1.24675
Geneva,Mont Blanc,45,46,1.20706,-0.508581,1.82095
Geneva,Chambéry,45,447,1.35372,-0.506167,2.03892
Geneva,Mâcon,45,677,2.09617,-0.512484,3.17042
Mont Blanc,Aosta,46,47,0.71401,-0.505348,1.07483
Aosta,Ivrea,47,48,0.639742,-0.495128,0.956496
Aosta,Martigny,47,506,0.859231,-0.498287,1.28737
Ivrea,Vercelli,48,49,0.263019,-0.484823,0.390537
Ivrea,Turin,48,449,0.393486,-0.482433,0.583316
Vercelli,Alessandria,49,50,0.227201,-0.470517,0.334103
Alessandria,Genoa,50,51,0.295091,-0.457834,0.430193
Alessandria,Turin,50,449,0.28676,-0.472173,0.42216
Alessandria,Tortona,50,450,0.206827,-0.460956,0.302165
Alessandria,Asti,50,686,0.26698,-0.462574,0.390478
Genoa,Rome,51,74,0.593677,-0.446438,0.858716
Genoa,Tortona,51,450,0.335706,-0.451494,0.487275
Genoa,Nice,51,467,0.482781,-0.461511,0.70559
Amsterdam,Utrecht,52,53,1.29474,-0.52143,1.96986
Amsterdam,Amersfoort,52,309,0.752872,-0.522297,1.1461
Amsterdam,Brussels,52,326,3.18312,-0.522043,4.84484
Amsterdam,Groningen,52,624,1.34801,-0.522421,2.05224
Utrecht,Arnhem,53,54,0.984825,-0.520982,1.4979
Utrecht,Gouda,53,308,0.799562,-0.520232,1.21552
Utrecht,Amersfoort,53,309,0.743932,-0.520591,1.13122
Utrecht,Gorinchem,53,707,0.946193,-0.520576,1.43876
Arnhem,Emmerich,54,55,0.891136,-0.522567,1.35681
Emmerich,Oberhausen,55,56,1.7288,-0.523888,2.6345
Oberhausen,Cologne,56,57,2.96193,-0.525414,4.51818
Oberhausen,Dortmund,56,508,2.09159,-0.524222,3.18805
Oberhausen,Venlo,56,643,1.9734,-0.52295,3.0054
Cologne,Frankfurt am Main,57,58,3.42822,-0.527692,5.23726
Cologne,Aachen,57,329,2.99982,-0.527873,4.58334
Cologne,Olpe,57,330,2.12298,-0.526946,3.24167
Cologne,Bremen,57,507,3.14109,-0.524808,4.78955
Frankfurt am Main,Heidelberg,58,59,3.06631,-0.528698,4.68746
Frankfurt am Main,Gießen,58,332,2.1791,-0.528646,3.33107
Frankfurt am Main,Mannheim,58,369,3.53417,-0.52835,5.40144
Frankfurt am Main,Aschaffenburg,58,509,2.56042,-0.527779,3.91176
Frankfurt am Main,Wiesbaden,58,656,2.49806,-0.529225,3.82009
Heidelberg,Karlsruhe,59,60,2.5974,-0.52753,3.9676
Karlsruhe,Offenburg,60,61,2.24632,-0.524731,3.42503
Karlsruhe,Stuttgart,60,510,3.13136,-0.525067,4.77553
Karlsruhe,Appenweier,60,664,2.38452,-0.526199,3.63925
Lucerne,Altdorf,62,63,0.738953,-0.522692,1.1252
Altdorf,Gotthard Pass,63,64,0.520366,-0.521068,0.791512
Altdorf,Zürich,63,399,0.9768,-0.521941,1.48663
Gotthard Pass,Bellinzona,64,65,0.265733,-0.516244,0.402917
Bellinzona,Lugano,65,66,0.141743,-0.50249,0.212968
Bellinzona,San Bernardino,65,516,0.153591,-0.509654,0.23187
Lugano,Chiasso,66,67,0.0991389,-0.478101,0.146537
Chiasso,Como,67,68,0.151331,-0.459989,0.220941
Como,Milan,68,69,0.342744,-0.457411,0.499519
Milan,Piacenza,69,70,0.4011,-0.454723,0.58349
Milan,Turin,69,449,0.450543,-0.468511,0.661627
Milan,Tortona,69,450,0.282259,-0.456223,0.411033
Milan,Brescia,69,451,0.354739,-0.454894,0.516108
Milan,Gravellona Toce,69,680,0.36899,-0.461292,0.539203
Piacenza,Parma,70,71,0.299821,-0.44983,0.43469
Parma,Modena,71,72,0.468279,-0.448242,0.678182
Modena,Florence,72,73,0.552074,-0.444453,0.797445
Modena,Verona,72,94,0.629265,-0.449341,0.91202
Modena,Bologna,72,95,0.53725,-0.445561,0.776628
Florence,Rome,73,74,0.501456,-0.44242,0.72331
Rome,Pescara,74,125,0.497414,-0.439699,0.716126
Östersund,Mora,75,76,0.0931425,-0.346344,0.125402
Östersund,Trondheim,75,493,0.110857,-0.34661,0.149282
Östersund,Sundsvall,75,610,0.116868,-0.345021,0.15719
Mora,Säffle,76,77,0.0679394,-0.346716,0.0914951
Säffle,Gothenburg,77,78,0.0898478,-0.346702,0.120998
Gothenburg,Halmstad,78,300,0.0861982,-0.346262,0.116045
Gothenburg,Örebro,78,301,0.0931752,-0.346033,0.125417
Gothenburg,Oslo,78,489,0.0788924,-0.347017,0.106269
Hamburg,Hanover,79,80,1.95135,-0.521505,2.96898
Hamburg,Berlin,79,108,2.13552,-0.519595,3.24513
Hamburg,Bremen,79,507,2.43591,-0.522701,3.70916
Hamburg,Lübeck,79,517,1.11817,-0.520722,1.70043
Hanover,Göttingen,80,81,1.35074,-0.523289,2.05757
Hanover,Bad Oeynhausen,80,312,1.55157,-0.523144,2.36327
Hanover,Braunschweig,80,313,1.44455,-0.520478,2.19641
Göttingen,Kassel,81,82,1.21874,-0.524717,1.85823
Kassel,Fulda,82,83,1.64032,-0.526062,2.50323
Kassel,Dortmund,82,508,1.90717,-0.525092,2.9086
Fulda,Würzburg,83,84,2.37575,-0.526499,3.62659
Würzburg,Nuremberg,84,85,3.55014,-0.525794,5.41679
Würzburg,Aschaffenburg,84,509,3.12334,-0.526912,4.76906
Würzburg,Stuttgart,84,510,2.48951,-0.527259,3.80212
Würzburg,Ulm,84,512,1.62783,-0.523943,2.48072
Nuremberg,Munich,85,86,3.04496,-0.520446,4.62969
Nuremberg,Heilbronn,85,370,3.19059,-0.525696,4.86787
Nuremberg,Rozvadov,85,371,2.52503,-0.522454,3.84425
Nuremberg,Bayreuth,85,529,3.38219,-0.522852,5.15058
Nuremberg,Regensburg,85,667,2.39874,-0.522735,3.65265
Munich,Rosenheim,86,87,2.20248,-0.515586,3.33804
Munich,Salzburg,86,115,2.63053,-0.514499,3.98394
Munich,Ulm,86,512,2.19749,-0.519587,3.33928
Munich,Lindau,86,513,2.43656,-0.516112,3.6941
Munich,Deggendorf,86,531,2.40088,-0.518487,3.64571
Munich,Garmisch-Partenkirchen,86,718,2.13477,-0.515939,3.23618
Munich,Braunau am Inn,86,721,1.89211,-0.517003,2.87034
Rosenheim,Wörgl,87,88,1.47559,-0.512955,2.2325
Rosenheim,Bad Reichenhall,87,407,1.1722,-0.513594,1.77423
Wörgl,Innsbruck,88,89,1.41693,-0.509318,2.13859
Wörgl,St. Johann in Tirol,88,732,1.0578,-0.510918,1.59826
Innsbruck,Brenner,89,90,0.836147,-0.50533,1.25868
Innsbruck,Telfs,89,405,0.727961,-0.507705,1.09755
Innsbruck,Imst,89,406,0.74366,-0.507802,1.12129
Innsbruck,Seefeld,89,720,0.856716,-0.508006,1.29193
Brenner,Fortezza,90,91,0.51756,-0.499854,0.776265
Fortezza,Bolzano,91,92,0.360798,-0.487442,0.536666
Fortezza,Innichen,91,681,0.454996,-0.498898,0.681992
Bolzano,Trento,92,93,0.304696,-0.46584,0.446635
Trento,Verona,93,94,0.532472,-0.453289,0.773836
Verona,Mestre,94,120,0.756472,-0.452661,1.0989
Verona,Brescia,94,451,0.567742,-0.450683,0.823614
Bologna,Cesena,95,96,0.459821,-0.445256,0.664559
Cesena,Perugia,96,97,0.319806,-0.44536,0.462234
Cesena,Ravenna,96,121,0.472129,-0.448535,0.683896
Cesena,Rimini,96,122,0.33198,-0.44482,0.479651
Perugia,Fiano Romano,97,98,0.132601,-0.44431,0.191516
Fiano Romano,Naples,98,99,0.0632272,-0.442099,0.0911799
Naples,Salerno,99,100,0.0170625,-0.438842,0.0245503
Naples,Avellino,99,741,0.0259625,-0.434208,0.0372356
Salerno,Sicignano degli Alburni,100,101,0.0104236,-0.426517,0.0148695
Salerno,Avellino,100,741,0.0137821,-0.424629,0.0196344
Sicignano degli Alburni,Potenza,101,743,0.00570136,-0.418663,0.00808831
Messina,Catania,102,103,6.60376e-05,-0.475485,6.60376e-05
Messina,Palermo,102,474,6.60376e-05,-0.475485,6.60376e-05
Catania,Siracusa,103,104,6.60376e-05,-0.475485,6.60376e-05
Siracusa,Gela,104,105,6.60376e-05,-0.475485,6.60376e-05
Gela,Mazara del Vallo,105,473,6.60376e-05,-0.475485,6.60376e-05
Helsingborg,Copenhagen,299,106,0.0193224,-0.344335,0.0259758
Copenhagen,Malmö,106,135,0.00994088,-0.343077,0.0133514
Rostock,Berlin,107,108,1.60896,-0.518328,2.44294
Rostock,Lübeck,107,517,0.805481,-0.519173,1.22366
Rostock,Sassnitz,107,625,0.68058,-0.518185,1.03325
Berlin,Lübbenau,108,109,2.41074,-0.518101,3.65974
Berlin,Szczecin,108,137,1.90856,-0.518193,2.89757
Berlin,Świebodzin,108,139,2.2772,-0.518749,3.4585
Berlin,Magdeburg,108,314,2.40569,-0.519032,3.65432
Berlin,Leipzig,108,526,2.12878,-0.518174,3.23186
Berlin,Neubrandenburg,108,700,1.48411,-0.518293,2.25332
Lübbenau,Dresden,109,110,1.77559,-0.517766,2.69493
Lübbenau,Cottbus,109,644,1.31961,-0.517678,2.00274
Dresden,Ústí nad Labem,110,111,1.80916,-0.517579,2.74554
Dresden,Chemnitz,110,337,2.0253,-0.517741,3.07388
Dresden,Görlitz,110,338,1.30128,-0.517555,1.97476
Ústí nad Labem,Prague,111,112,2.03542,-0.517529,3.08881
Prague,Tábor,112,113,1.97809,-0.516257,2.99929
Prague,Mladá Boleslav,112,146,1.14582,-0.517914,1.73926
Prague,Jihlava,112,147,2.00211,-0.51591,3.03502
Prague,Plzeň,112,372,2.21934,-0.51797,3.36889
Prague,Karlovy Vary,112,523,1.36707,-0.518127,2.07538
Prague,Hradec Králové,112,551,1.48866,-0.517413,2.25891
Tábor,Linz,113,114,1.74889,-0.515529,2.65049
Linz,Salzburg,114,115,1.85557,-0.513332,2.8081
Linz,Sattledt,114,408,0.74998,-0.5145,1.13584
Linz,Sankt Pölten,114,409,1.75743,-0.513873,2.66052
Linz,Wels,114,669,1.32091,-0.515522,2.00187
Salzburg,Villach,115,116,2.80195,-0.508239,4.22601
Salzburg,Bad Reichenhall,115,407,1.43059,-0.512137,2.16325
Salzburg,Sattledt,115,408,1.49835,-0.512737,2.26661
Salzburg,Lofer,115,733,1.70988,-0.512088,2.58548
Villach,Tarvisio,116,117,1.46722,-0.504366,2.20724
Villach,Karavanke Tunnel,116,537,1.25609,-0.504789,1.89015
Villach,Spittal an der Drau,116,682,1.43031,-0.505897,2.1539
Villach,Klagenfurt,116,683,1.53192,-0.506199,2.30737
Tarvisio,Udine,117,118,0.726038,-0.49584,1.08604
Udine,Palmanova,118,119,0.704852,-0.479085,1.04254
Palmanova,Mestre,119,120,0.847415,-0.4646,1.24112
Palmanova,Trieste,119,452,0.838708,-0.474316,1.23652
Mestre,Ravenna,120,121,0.575923,-0.453289,0.836983
Rimini,Fano,122,123,0.167435,-0.441745,0.241398
Fano,Ancona,123,124,0.150816,-0.43723,0.216758
Ancona,Pescara,124,125,0.266081,-0.436191,0.382144
Pescara,Canosa di Puglia,125,126,0.289751,-0.4348,0.415735
Canosa di Puglia,Bari,126,127,0.0957153,-0.429988,0.136872
Canosa di Puglia,Benevento,126,742,0.098244,-0.430545,0.140542
Bari,Brindisi,127,128,0.0261441,-0.427122,0.0373109
Bari,Taranto,127,476,0.0248369,-0.426576,0.0354318
Brindisi,Taranto,128,476,0.00629037,-0.420013,0.00893241
Igoumenitsa,Preveza,129,130,0.0190453,-0.391007,0.0264922
Igoumenitsa,Ioannina,129,477,0.042837,-0.397355,0.0598584
Preveza,Rhion,130,131,0.0101475,-0.375694,0.0139598
Rhion,Patras,131,132,0.00411884,-0.34693,0.00554778
Rhion,Aigio,131,175,0.00411884,-0.34693,0.00554778
Patras,Pyrgos,132,133,0.0019601,-0.325411,0.00259794
Pyrgos,Kalamata,133,134,0.00107704,-0.299227,0.00139932
Kalamata,Tripoli,134,177,0.000838546,-0.284417,0.00107704
Malmö,Helsingborg,135,299,0.0266314,-0.344058,0.0357942
Malmö,Kalmar,135,626,0.0254225,-0.343433,0.0341534
Goleniów,Szczecin,136,137,0.813536,-0.517946,1.2349
Goleniów,Koszalin,136,637,0.349561,-0.518406,0.530776
Szczecin,Gorzów Wielkopolski,137,138,0.865039,-0.518279,1.31337
Gorzów Wielkopolski,Świebodzin,138,139,1.03369,-0.519179,1.57036
Świebodzin,Zielona Góra,139,140,1.3659,-0.519283,2.07518
Świebodzin,Poznań,139,315,2.14196,-0.52123,3.25841
Zielona Góra,Legnica,140,141,1.36933,-0.519282,2.0804
Legnica,Jelenia Góra,141,142,1.23518,-0.517984,1.87498
Legnica,Görlitz,141,338,1.37184,-0.517913,2.08233
Legnica,Wrocław,141,339,2.0741,-0.518969,3.15049
Legnica,Cottbus,141,644,1.37313,-0.517917,2.08429
Jelenia Góra,Harrachov,142,143,0.533497,-0.517571,0.80962
Harrachov,Železný Brod,143,144,0.384063,-0.517631,0.582866
Železný Brod,Turnov,144,145,0.632234,-0.518051,0.959763
Turnov,Mladá Boleslav,145,146,0.672383,-0.518066,1.02072
Turnov,Hradec Králové,145,551,0.950137,-0.5178,1.44212
Turnov,Teplice,145,715,0.816174,-0.51879,1.2396
Jihlava,Brno,147,148,1.01972,-0.514675,1.54454
Jihlava,Vienna,147,410,1.64551,-0.514357,2.49188
Brno,Bratislava,148,149,1.44518,-0.513875,2.18782
Brno,Trenčín,148,373,1.41725,-0.515222,2.14745
Brno,Vienna,148,410,1.65835,-0.512338,2.50798
Brno,Olomouc,148,716,1.42656,-0.515375,2.16177
Bratislava,Rajka,149,150,1.56001,-0.512394,2.35935
Bratislava,Žilina,149,195,1.63087,-0.514574,2.47007
Bratislava,Győr,149,196,1.62674,-0.509771,2.45601
Bratislava,Vienna,149,410,2.2409,-0.507938,3.37914
Bratislava,Zvolen,149,568,2.16693,-0.513758,3.2802
Bratislava,Dunajská Streda,149,724,1.33861,-0.51244,2.02457
Rajka,Csorna,150,151,0.618912,-0.512073,0.93584
Csorna,Szombathely,151,152,0.311672,-0.508038,0.470013
Szombathely,Zalaegerszeg,152,153,0.321113,-0.499488,0.481506
Zalaegerszeg,Nagykanizsa,153,154,0.65134,-0.49531,0.973954
Nagykanizsa,Letenye,154,155,0.407824,-0.494484,0.609486
Nagykanizsa,Zagreb,154,156,0.911956,-0.488226,1.3572
Nagykanizsa,Balatonvilágos,154,553,1.28247,-0.49875,1.9221
Letenye,Zagreb,155,156,0.504133,-0.483163,0.747711
Zagreb,Karlovac,156,157,0.744049,-0.481813,1.10254
Zagreb,Ljubljana,156,454,0.71349,-0.483973,1.0588
Zagreb,Slavonski Brod,156,455,0.871234,-0.471158,1.28172
Zagreb,Maribor,156,535,0.837716,-0.488559,1.24699
Karlovac,Rijeka,157,158,0.334517,-0.478996,0.494749
Karlovac,Knin,157,554,0.268278,-0.479073,0.396802
Rijeka,Split,158,159,0.230226,-0.475538,0.339707
Rijeka,Trieste,158,452,0.57621,-0.478424,0.851883
Split,Dubrovnik,159,160,0.174633,-0.465156,0.255864
Split,Knin,159,554,0.163987,-0.474266,0.241761
Dubrovnik,Petrovac,160,161,0.0598018,-0.456378,0.087094
Dubrovnik,Podgorica,160,162,0.138945,-0.447863,0.201173
Petrovac,Podgorica,161,162,0.0951722,-0.441449,0.137186
Petrovac,Prizren,161,744,0.0866492,-0.443109,0.125044
Podgorica,Bijelo Polje,162,163,0.145261,-0.442408,0.209525
Podgorica,Pristina,162,164,0.201245,-0.442799,0.290355
Podgorica,Sarajevo,162,737,0.249531,-0.442225,0.359881
Bijelo Polje,Pristina,163,164,0.202531,-0.442914,0.292235
Bijelo Polje,Nova Varoš,163,740,0.216841,-0.445392,0.313421
Pristina,Skopje,164,165,0.276707,-0.440297,0.39854
Pristina,Niš,164,202,0.525316,-0.446898,0.760078
Pristina,Prizren,164,744,0.167123,-0.442446,0.241065
Skopje,Kičevo,165,166,0.192858,-0.436708,0.277081
Skopje,Kumanovo,165,203,0.270211,-0.441521,0.389514
Skopje,Veles,165,204,0.206387,-0.43444,0.29605
Kičevo,Ohrid,166,167,0.0810807,-0.433731,0.116248
Ohrid,Bitola,167,168,0.0396377,-0.426406,0.0565394
Bitola,Niki,168,169,0.0319981,-0.412296,0.0451908
Niki,Vevi,169,170,0.0507439,-0.403246,0.0712062
Vevi,Kozani,170,171,0.110414,-0.401686,0.154766
Kozani,Larissa,171,172,0.0747909,-0.401474,0.104817
Kozani,Thessaloniki,171,207,0.241053,-0.403315,0.338273
Kozani,Ioannina,171,477,0.0913189,-0.400958,0.127934
Larissa,Domokos,172,173,0.033394,-0.400797,0.0467782
Larissa,Lamia,172,174,0.033394,-0.400797,0.0467782
Larissa,Katerini,172,208,0.0946282,-0.402241,0.132692
Larissa,Trikala,172,687,0.0477086,-0.400142,0.0667988
Domokos,Lamia,173,174,6.60376e-05,-0.475485,3.30188e-05
Aigio,Corinth,175,176,0.0019601,-0.325411,0.00259794
Corinth,Tripoli,176,177,0.00107704,-0.299227,0.00139932
Varangerbotn,Utsjoki,178,179,0.064591,-0.515288,0.0978739
Varangerbotn,Kirkenes,178,243,0.156768,-0.526827,0.239358
Varangerbotn,Karasjok,178,502,0.0634798,-0.518943,0.0964222
Utsjoki,Inari,179,180,0.0273855,-0.488356,0.0407594
Inari,Ivalo,180,181,0.0169278,-0.417734,0.0239992
Ivalo,Sodankylä,181,182,0.0206128,-0.349225,0.0278113
Sodankylä,Rovaniemi,182,183,0.0294271,-0.326415,0.0390325
Sodankylä,Kemijärvi,182,539,0.0183088,-0.326643,0.0242892
Rovaniemi,Kemi,183,184,0.0423083,-0.326853,0.0561369
Kemi,Oulu,184,185,0.0591131,-0.335186,0.078927
Kemi,Tornio,184,614,0.0440029,-0.328327,0.0584502
Oulu,Jyväskylä,185,186,0.0544555,-0.343675,0.0731704
Oulu,Kokkola,185,615,0.0414525,-0.344303,0.0557247
Jyväskylä,Heinola,186,187,0.0591206,-0.36918,0.0809467
Jyväskylä,Kuopio,186,544,0.0496444,-0.353672,0.0672022
Jyväskylä,Tampere,186,545,0.0609424,-0.364207,0.0831381
Heinola,Lahti,187,188,0.049812,-0.407288,0.0700998
Lahti,Helsinki,188,189,0.081079,-0.445086,0.117166
Helsinki,Hämeenlinna,189,618,0.0821355,-0.444434,0.118639
Helsinki,Kotka,189,621,0.170734,-0.503262,0.256658
Gdańsk,Świecie,190,191,1.6198,-0.525005,2.4702
Gdańsk,Kaliningrad,190,563,1.22736,-0.528767,1.87635
Gdańsk,Elbląg,190,564,1.37906,-0.526695,2.1054
Gdańsk,Gdynia,190,639,0.986865,-0.525823,1.50578
Świecie,Łódź,191,192,1.15536,-0.523454,1.76014
Świecie,Poznań,191,315,1.53553,-0.524215,2.34047
Łódź,Piotrków Trybunalski,192,193,1.32148,-0.524072,2.01404
Piotrków Trybunalski,Katowice,193,194,1.57591,-0.522855,2.39988
Piotrków Trybunalski,Warsaw,193,316,2.24294,-0.527401,3.42586
Piotrków Trybunalski,Wrocław,193,339,1.59635,-0.522101,2.42981
Katowice,Žilina,194,195,1.32801,-0.518537,2.01664
Katowice,Zabrze,194,342,1.15639,-0.520011,1.75773
Katowice,Kraków,194,343,1.76992,-0.520665,2.69145
Katowice,Český Těšín,194,717,0.921157,-0.519752,1.39993
Žilina,Olomouc,195,716,0.809773,-0.516526,1.22804
Győr,Budapest,196,197,2.28498,-0.506464,3.44225
Győr,Vámosszabadi,196,726,1.02085,-0.509357,1.54083
Budapest,Szeged,197,198,2.53387,-0.494582,3.78707
Budapest,Mosonmagyaróvár,197,412,2.4504,-0.505564,3.68923
Budapest,Szolnok,197,413,2.4702,-0.499484,3.70402
Budapest,Miskolc,197,552,2.46329,-0.503973,3.70472
Budapest,Balatonvilágos,197,553,2.21741,-0.501514,3.32947
Budapest,Szekszárd,197,555,1.99054,-0.503107,2.992
Budapest,Zvolen,197,568,2.24377,-0.506356,3.37992
Szeged,Subotica,198,199,1.49638,-0.493611,2.23502
Szeged,Arad,198,684,1.93706,-0.482666,2.87201
Subotica,Novi Sad,199,200,0.917229,-0.480519,1.35798
Subotica,Sombor,199,735,0.800052,-0.490318,1.19233
Novi Sad,Belgrade,200,201,0.9359,-0.472045,1.37769
Belgrade,Niš,201,202,0.833955,-0.458965,1.21671
Belgrade,Slavonski Brod,201,455,0.851271,-0.465663,1.24768
Belgrade,Vršac,201,456,0.794756,-0.462577,1.16239
Belgrade,Čačak,201,739,0.718623,-0.457849,1.04764
Niš,Kumanovo,202,203,0.370954,-0.449645,0.537752
Niš,Drobeta-Turnu Severin,202,458,0.827025,-0.453512,1.20209
Niš,Sofia,202,468,0.664251,-0.445179,0.959962
Kumanovo,Kyustendil,203,745,0.247278,-0.442701,0.356748
Veles,Gevgelija,204,205,0.119018,-0.423765,0.169454
Gevgelija,Evzoni,205,206,0.132521,-0.410063,0.186864
Evzoni,Thessaloniki,206,207,0.254709,-0.405009,0.357868
Thessaloniki,Katerini,207,208,0.17373,-0.403902,0.2439
Thessaloniki,Alexandroupoli,207,233,0.363672,-0.402192,0.509938
Thessaloniki,Serres,207,577,0.297519,-0.409987,0.419498
Klaipėda,Kaunas,209,210,1.74071,-0.538669,2.67837
Klaipėda,Palanga,209,704,1.01524,-0.539513,1.56298
Kaunas,Vilnius,210,211,1.93286,-0.538791,2.97426
Kaunas,Warsaw,210,316,3.78714,-0.534563,5.81161
Kaunas,Riga,210,547,2.54413,-0.539449,3.91656
Kaunas,Ukmergė,210,701,1.62406,-0.538925,2.4993
Vilnius,Lida,211,212,1.79634,-0.540412,2.7671
Vilnius,Minsk,211,318,3.68203,-0.538717,5.6656
Vilnius,Marijampolė,211,641,1.8847,-0.540405,2.90319
Vilnius,Ukmergė,211,701,1.8842,-0.540794,2.90316
Lida,Slonim,212,213,0.702889,-0.540133,1.08254
Slonim,Kobryn,213,214,0.368745,-0.535154,0.566081
Kobryn,Dubno,214,215,0.429273,-0.525864,0.655012
Dubno,Ternopil,215,216,0.941279,-0.521909,1.43254
Ternopil,Chernivtsi,216,217,1.07733,-0.518875,1.63632
Ternopil,Stryj,216,379,1.53336,-0.51825,2.32803
Ternopil,Khmelnytskyi,216,380,1.31965,-0.524737,2.01212
Chernivtsi,Siret,217,218,0.836837,-0.511632,1.26499
Siret,Suceava,218,219,1.45265,-0.505697,2.18726
Suceava,Roman,219,220,1.45419,-0.501799,2.1839
Suceava,Halmeu,219,578,2.24949,-0.501475,3.37755
Suceava,Iaşi,219,670,1.91902,-0.506861,2.8917
Roman,Urziceni,220,221,0.830119,-0.492358,1.23883
Urziceni,Bucharest,221,222,0.622092,-0.474395,0.91721
Urziceni,Slobozia,221,421,0.498071,-0.478573,0.736435
Bucharest,Giurgiu,222,223,0.350473,-0.453564,0.509435
Bucharest,Ploieşti,222,420,0.303977,-0.461653,0.444309
Bucharest,Constanţa,222,423,0.453975,-0.459494,0.662574
Bucharest,Alexandria,222,460,0.355246,-0.460542,0.518851
Bucharest,Piteşti,222,583,0.383848,-0.461513,0.560999
Giurgiu,Ruse,223,224,0.191437,-0.443032,0.276249
Ruse,Byala,224,225,0.107818,-0.428462,0.154014
Ruse,Razgrad,224,461,0.0995023,-0.429489,0.142237
Byala,Veliko Tarnovo,225,226,0.0881364,-0.422459,0.12537
Byala,Pleven,225,584,0.0860962,-0.424312,0.122628
Veliko Tarnovo,Stara Zagora,226,227,0.100426,-0.425161,0.143123
Veliko Tarnovo,Shumen,226,462,0.094423,-0.423039,0.134368
Stara Zagora,Haskovo,227,228,0.0623919,-0.415598,0.0883219
Stara Zagora,Burgas,227,590,0.0866379,-0.421771,0.123179
Haskovo,Svilengrad,228,229,0.0311371,-0.4071,0.0438129
Svilengrad,Ormenio,229,230,0.025234,-0.39893,0.0353006
Ormenio,Kastanies,230,231,0.0394642,-0.396759,0.0551219
Kastanies,Didymoteicho,231,232,0.0850098,-0.398052,0.118848
Didymoteicho,Alexandroupoli,232,233,0.198232,-0.399939,0.277513
Alexandroupoli,Gelibolu,233,478,0.242236,-0.40258,0.339755
Saint Petersburg,Pskov,234,235,3.63319,-0.537869,5.58737
Saint Petersburg,Moscow,234,239,6.95416,-0.534406,10.6705
Saint Petersburg,Petrozavodsk,234,245,2.37803,-0.531714,3.64246
Saint Petersburg,Narva,234,304,2.75687,-0.536923,4.23709
Saint Petersburg,Vyborg,234,623,2.37824,-0.531694,3.64274
Pskov,Gomel,235,236,4.77688,-0.538873,7.35102
Pskov,Riga,235,547,3.42103,-0.539975,5.2683
Gomel,Kiev,236,237,6.74493,-0.535746,10.3585
Gomel,Babruysk,236,703,3.99375,-0.539012,6.14644
Kiev,Odessa,237,238,5.07047,-0.527895,7.74715
Kiev,Hlukhiv,237,242,6.04572,-0.534295,9.27592
Kiev,Kharkiv,237,247,5.96564,-0.531049,9.13369
Kiev,Rivne,237,348,4.36793,-0.533647,6.69887
Kiev,Zhytomyr,237,349,3.49312,-0.532399,5.35285
Odessa,Izmail,238,586,1.72944,-0.521077,2.63062
Odessa,Chişinău,238,672,2.05423,-0.520292,3.12303
Odessa,Mykolaiv,238,673,1.99349,-0.523316,3.03672
Moscow,Kaluga,239,240,4.93394,-0.535241,7.57479
Moscow,Orel,239,246,5.33251,-0.532549,8.17234
Moscow,Voronezh,239,248,5.87156,-0.521763,8.93512
Moscow,Tambov,239,256,4.88471,-0.530197,7.47456
Moscow,Smolensk,239,319,5.35527,-0.535128,8.22103
Moscow,Ryazan,239,320,4.35771,-0.521625,6.63081
Moscow,Velikiye Luki,239,628,4.74948,-0.534593,7.28852
Moscow,Vladimir,239,629,4.47683,-0.520964,6.8091
Kaluga,Bryansk,240,241,2.67796,-0.538773,4.12077
Bryansk,Hlukhiv,241,242,3.3076,-0.538601,5.08908
Hlukhiv,Kursk,242,645,3.55077,-0.537052,5.45772
Kirkenes,Murmansk,243,244,0.341079,-0.530896,0.522157
Murmansk,Petrozavodsk,244,245,0.887546,-0.531813,1.35955
Orel,Kharkiv,246,247,4.01664,-0.532937,6.15726
Kharkiv,Luhansk,247,350,3.22796,-0.532904,4.94816
Voronezh,Novorossiysk,248,249,3.73229,-0.524654,5.69045
Voronezh,Kursk,248,645,3.49631,-0.533123,5.36027
Voronezh,Saratov,248,646,3.23852,-0.512429,4.89803
Novorossiysk,Dzhankoy,249,601,1.49714,-0.523069,2.28025
Novorossiysk,Sochi,249,602,1.45405,-0.523072,2.21463
Mineralnye Vody,Nalchik,250,251,0.217822,-0.493147,0.32524
Mineralnye Vody,Makhachkala,250,260,0.485608,-0.497251,0.727077
Mineralnye Vody,Armavir,250,387,0.254509,-0.495106,0.380518
Nalchik,Vladikavkaz,251,252,0.0844615,-0.488533,0.125724
Vladikavkaz,Stepantsminda,252,253,0.0336258,-0.479833,0.0497605
Stepantsminda,Mtskheta,253,254,0.0150595,-0.460465,0.0219939
Mtskheta,Tbilisi,254,255,0.010362,-0.431092,0.014829
Tbilisi,Gori,255,428,0.00704179,-0.41456,0.00996104
Tbilisi,Rustavi,255,429,0.00967483,-0.432018,0.0138545
Tambov,Povorino,256,257,2.20403,-0.531244,3.3749
Povorino,Volgograd,257,258,1.8651,-0.527477,2.8489
Volgograd,Astrakhan,258,259,2.14262,-0.513825,3.24356
Volgograd,Luhansk,258,350,2.16547,-0.528905,3.3108
Astrakhan,Makhachkala,259,260,1.47893,-0.501769,2.22102
Astrakhan,Atyrau,259,265,2.07855,-0.490717,3.09853
Makhachkala,Kuba,260,261,0.477338,-0.49862,0.715348
Kuba,Baku,261,262,0.183003,-0.497162,0.273986
Baku,Yevlakh,262,431,0.0706333,-0.494259,0.105544
Samara,Oral,263,264,1.9893,-0.466197,2.91671
Samara,Penza,263,321,1.60561,-0.491077,2.39409
Samara,Ufa,263,322,1.43696,-0.475984,2.12093
Oral,Atyrau,264,265,2.1864,-0.466825,3.20706
Oral,Saratov,264,646,2.44208,-0.490522,3.63997
Oral,Aktobe,264,647,1.46506,-0.46125,2.14083
Atyrau,Beineu,265,266,0.957358,-0.473064,1.41025
Atyrau,Beyneu,265,351,0.957358,-0.473064,1.41025
Beineu,Shetpe,266,267,0.375211,-0.47229,0.55242
Shetpe,Zhetybai,267,268,0.147482,-0.471406,0.217006
Zhetybai,Fetisovo,268,269,0.0588009,-0.469059,0.086382
Fetisovo,Bekdash,269,270,0.0252819,-0.457733,0.0368542
Bekdash,Türkmenbaşy,270,271,0.0149075,-0.422077,0.0211996
Türkmenbaşy,Gyzylarbat,271,272,0.0171173,-0.380801,0.0236356
Gyzylarbat,Ashgabat,272,432,0.0323637,-0.37125,0.0443787
Chelyabinsk,Kostanay,273,274,0.304918,-0.46627,0.447092
Chelyabinsk,Ufa,273,322,0.642847,-0.470629,0.94539
Chelyabinsk,Kurgan,273,323,0.342041,-0.462927,0.500381
Kostanay,Esil,274,275,0.135952,-0.460256,0.198525
Esil,Derzhavinsk,275,276,0.0921328,-0.442209,0.132875
Derzhavinsk,Arkalyk,276,277,0.129797,-0.424489,0.184894
Arkalyk,Jezkazgan,277,278,0.277656,-0.418834,0.393947
Jezkazgan,Kyzylorda,278,279,0.435711,-0.417325,0.617544
Jezkazgan,Karaganda,278,286,0.412608,-0.417528,0.584883
Kyzylorda,Shymkent,279,280,0.418832,-0.41255,0.591621
Kyzylorda,Novokazalinsk,279,650,0.307827,-0.421167,0.437473
Shymkent,Tashkent,280,281,0.339302,-0.405596,0.476922
Shymkent,Zhambyl,280,359,0.273192,-0.403355,0.383385
Tashkent,Ayni,281,282,0.12704,-0.395365,0.177268
Tashkent,Jizzakh,281,358,0.162178,-0.400386,0.227112
Tashkent,Kokand,281,689,0.130267,-0.40059,0.18245
Ayni,Dushanbe,282,283,0.101991,-0.38451,0.141207
Ayni,Kokand,282,689,0.0501923,-0.387363,0.0696349
Dushanbe,Termez,283,440,0.0574842,-0.375995,0.079098
Dushanbe,Jirgatal,283,441,0.0583105,-0.377448,0.0803197
Dushanbe,Kulob,283,692,0.04274,-0.377228,0.0588627
Ishim,Astana,284,285,0.180097,-0.430998,0.257718
Ishim,Omsk,284,291,0.180097,-0.430998,0.257718
Ishim,Kurgan,284,323,0.254905,-0.449399,0.369459
Ishim,Tyumen,284,635,0.178654,-0.442509,0.257711
Astana,Karaganda,285,286,0.205334,-0.420742,0.291727
Karaganda,Balkhash,286,287,0.248746,-0.410851,0.350944
Karaganda,Pavlodar,286,292,0.246617,-0.420342,0.35028
Balkhash,Burubaytal,287,288,0.152082,-0.406439,0.213894
Burubaytal,Almaty,288,289,0.179042,-0.400075,0.250672
Almaty,Bishkek,289,290,0.27685,-0.396845,0.386716
Almaty,Sary-Ozek,289,360,0.133309,-0.397183,0.186257
Almaty,Kokpek,289,695,0.109323,-0.397382,0.152766
Bishkek,Zhambyl,290,359,0.246581,-0.398841,0.344928
Bishkek,Osh,290,691,0.25125,-0.394456,0.350357
Omsk,Pavlodar,291,292,0.145362,-0.424383,0.207051
Pavlodar,Semey,292,293,0.125031,-0.420599,0.17762
Semey,Georgiyevka,293,294,0.0522429,-0.419111,0.0741384
Georgiyevka,Ayagoz,294,364,0.0232454,-0.415635,0.032907
Narvik,Kiruna,295,296,0.00891642,-0.338601,0.0119355
Narvik,Setermoen,295,498,0.0044572,-0.350968,0.00602154
Kiruna,Töre,296,297,0.0194139,-0.336906,0.0259545
Töre,Luleå,297,298,0.0429926,-0.337129,0.0574866
Luleå,Umeå,298,612,0.0737348,-0.339339,0.0987558
Luleå,Haparanda,298,613,0.0481081,-0.335252,0.0642364
Helsingborg,Halmstad,299,300,0.058034,-0.345385,0.0780781
Helsingborg,Jönköping,299,605,0.0359281,-0.343934,0.048285
Örebro,Stockholm,301,302,0.111791,-0.345597,0.150426
Örebro,Karlstad,301,620,0.0665407,-0.346406,0.0895908
Stockholm,Södertälje,302,608,0.082645,-0.345861,0.111229
Stockholm,Uppsala,302,609,0.0978517,-0.34597,0.131706
Tallinn,Narva,303,304,1.62339,-0.539171,2.49868
Tallinn,Riga,303,547,2.24048,-0.539903,3.45013
Colchester,Ipswich,305,306,6.60376e-05,-0.475485,6.60376e-05
Ipswich,Cambridge,306,636,6.60376e-05,-0.475485,6.60376e-05
The Hague,Gouda,307,308,0.363426,-0.519889,0.552367
Amersfoort,Oldenzaal,309,310,0.6149,-0.521802,0.935756
Amersfoort,Hoogeveen,309,698,0.573835,-0.521867,0.873301
Oldenzaal,Osnabrück,310,311,0.528742,-0.522907,0.805225
Osnabrück,Bad Oeynhausen,311,312,0.995549,-0.523766,1.51698
Bad Oeynhausen,Dortmund,312,508,1.70849,-0.524793,2.6051
Braunschweig,Magdeburg,313,314,1.34211,-0.519609,2.03948
Magdeburg,Halle,314,518,1.42761,-0.518782,2.16823
Poznań,Warsaw,315,316,2.60182,-0.52672,3.97225
Poznań,Wrocław,315,339,1.5464,-0.522266,2.35404
Warsaw,Elbląg,316,564,2.07002,-0.52866,3.16435
Warsaw,Radom,316,565,2.46112,-0.528029,3.76066
Warsaw,Lublin,316,713,2.91352,-0.529562,4.45641
Brest,Rennes,317,365,0.329275,-0.510926,0.497511
Brest,Lorient,317,388,0.180578,-0.510106,0.272692
Minsk,Smolensk,318,319,3.90768,-0.538855,6.01335
Minsk,Babruysk,318,703,3.5159,-0.539984,5.41444
Ryazan,Penza,320,321,1.9688,-0.514455,2.98166
Ufa,Yelabuga,322,632,0.688076,-0.474013,1.01423
Bruges,Ghent,324,325,1.568,-0.520518,2.38417
Bruges,Zeebrugge,324,642,1.77181,-0.521459,2.69573
Ghent,Brussels,325,326,2.12352,-0.521499,3.23094
Brussels,Leuven,326,327,2.69984,-0.523728,4.11383
Leuven,Hasselt,327,708,1.75799,-0.526391,2.68338
Eupen,Aachen,328,329,2.11217,-0.528393,3.22823
Eupen,St. Vith,328,653,1.08651,-0.528269,1.66048
Aachen,Heerlen,329,709,1.66211,-0.528545,2.54062
Olpe,Wetzlar,330,331,1.98958,-0.526977,3.03804
Wetzlar,Gießen,331,332,1.98416,-0.527935,3.03167
Wetzlar,Dortmund,331,508,2.77572,-0.526595,4.23741
Wetzlar,Aschaffenburg,331,509,2.13421,-0.527367,3.25972
Wetzlar,Koblenz,331,660,2.08376,-0.527838,3.18365
Gießen,Bad Hersfeld,332,333,1.231,-0.528556,1.88166
Bad Hersfeld,Eisenach,333,334,0.577473,-0.526851,0.881715
Eisenach,Erfurt,334,335,0.532428,-0.521777,0.810237
Erfurt,Gera,335,336,1.043,-0.518908,1.58422
Gera,Chemnitz,336,337,1.55718,-0.518367,2.36437
Gera,Leipzig,336,526,1.56927,-0.518159,2.3824
Gera,Hirschberg,336,527,1.10258,-0.518673,1.67446
Chemnitz,Plauen,337,519,1.4683,-0.518292,2.22931
Wrocław,Opole,339,340,1.29199,-0.520176,1.96406
Wrocław,Kłodzko,339,548,1.31212,-0.519995,1.99441
Opole,Gliwice,340,341,0.617166,-0.519535,0.937805
Gliwice,Zabrze,341,342,0.583617,-0.519453,0.886778
Kraków,Rzeszów,343,344,0.832417,-0.521388,1.26643
Kraków,Radom,343,565,1.00275,-0.524634,1.52882
Kraków,Trstená,343,566,1.05165,-0.519673,1.59817
Rzeszów,Jarosław,344,345,0.79011,-0.524804,1.20476
Rzeszów,Radom,344,565,0.86102,-0.526589,1.31442
Rzeszów,Barwinek,344,710,0.621616,-0.52359,0.947088
Jarosław,Korczowa,345,346,0.856944,-0.525774,1.3075
Korczowa,Lviv,346,347,1.82489,-0.525577,2.78402
Lviv,Rivne,347,348,2.43415,-0.529423,3.72284
Lviv,Mukachevo,347,378,3.33526,-0.520189,5.07023
Lviv,Lublin,347,713,1.82788,-0.526574,2.79039
Rivne,Zhytomyr,348,349,1.50612,-0.532928,2.30877
Rivne,Kovel,348,714,1.48853,-0.532546,2.28123
Zhytomyr,Vinnytsia,349,381,2.51579,-0.532561,3.85561
Beyneu,Qo‘ng‘irot,351,352,0.381496,-0.470616,0.561033
Qo‘ng‘irot,Nukus,352,353,0.164709,-0.461532,0.240728
Nukus,Daşoguz,353,354,0.09996,-0.434443,0.143387
Daşoguz,Bukhara,354,355,0.0518509,-0.383023,0.071711
Daşoguz,Ashgabat,354,432,0.0587243,-0.383914,0.0812693
Daşoguz,Uchkuduk,354,688,0.0335939,-0.402258,0.0471073
Bukhara,Navoiy,355,356,0.0539401,-0.367256,0.0737498
Bukhara,Alat,355,436,0.0444952,-0.358245,0.0604353
Bukhara,Karshi,355,437,0.0451924,-0.358987,0.0614159
Bukhara,Uchkuduk,355,688,0.029745,-0.365924,0.0406294
Navoiy,Samarkand,356,357,0.0466223,-0.380994,0.064385
Samarkand,Jizzakh,357,358,0.07483,-0.395163,0.1044
Sary-Ozek,Taldykorgan,360,361,0.0640438,-0.396076,0.08941
Sary-Ozek,Koktal,360,697,0.0604491,-0.396127,0.0843945
Taldykorgan,Ucharal,361,362,0.0283001,-0.395932,0.039505
Ucharal,Taskesken,362,363,0.0149662,-0.398862,0.0209356
Taskesken,Ayagoz,363,364,0.0135712,-0.40782,0.0191058
Rennes,Le Mans,365,366,0.814444,-0.511471,1.23101
Le Mans,Angers,366,391,0.663902,-0.511588,1.00355
Le Mans,Tours,366,392,0.782349,-0.509238,1.18075
Le Mans,Rouen,366,662,1.24903,-0.515562,1.89299
Reims,Charleroi,367,651,1.6863,-0.522267,2.567
Reims,Charleville-Mézières,367,658,1.5449,-0.521781,2.351
Reims,Rouen,367,662,1.77305,-0.51906,2.69337
Saarbrücken,Mannheim,368,369,2.90676,-0.527631,4.44045
Saarbrücken,Trier,368,659,1.51055,-0.526589,2.30599
Mannheim,Heilbronn,369,370,2.72388,-0.527403,4.16046
Rozvadov,Plzeň,371,372,2.26124,-0.5212,3.4398
Plzeň,Karlovy Vary,372,523,1.57425,-0.520402,2.3935
Plzeň,České Budějovice,372,524,1.83224,-0.519213,2.78357
Plzeň,Bayerisch Eisenstein,372,530,1.86872,-0.520039,2.84052
Trenčín,Prešov,373,374,1.22462,-0.516139,1.8567
Prešov,Košice,374,375,1.90455,-0.515544,2.88642
Prešov,Svidník,374,712,0.927366,-0.516722,1.40656
Košice,Vyšné Nemecké,375,376,0.964671,-0.514918,1.4614
Košice,Uzhhorod,375,377,1.86051,-0.516314,2.82111
Košice,Miskolc,375,552,1.74921,-0.511579,2.64406
Košice,Zvolen,375,568,1.82715,-0.513007,2.76449
Vyšné Nemecké,Uzhhorod,376,377,0.895834,-0.517818,1.35971
Uzhhorod,Mukachevo,377,378,2.96654,-0.51844,4.50451
Uzhhorod,Chop,377,723,1.50764,-0.516588,2.28648
Mukachevo,Stryj,378,379,2.22025,-0.514636,3.36287
Mukachevo,Halmeu,378,578,2.74283,-0.512187,4.14768
Khmelnytskyi,Vinnytsia,380,381,1.58843,-0.529638,2.42972
Vinnytsia,Uman,381,382,1.54632,-0.529416,2.36497
Vinnytsia,Mohyliv-Podilskyi,381,728,1.42904,-0.529797,2.18615
Uman,Kirovohrad,382,383,1.19015,-0.523844,1.8136
Kirovohrad,Dnipropetrovsk,383,384,0.839845,-0.519545,1.27618
Kirovohrad,Chişinău,383,672,1.68639,-0.518555,2.56087
Dnipropetrovsk,Donetsk,384,385,0.354725,-0.516457,0.537925
Donetsk,Rostov-on-Don,385,386,0.236006,-0.509668,0.356291
Rostov-on-Don,Armavir,386,387,0.207246,-0.500518,0.310976
Rostov-on-Don,Taganrog,386,675,0.211536,-0.510453,0.319515
Lorient,Vannes,388,389,0.216108,-0.509802,0.32628
Vannes,Nantes,389,390,0.471982,-0.510155,0.712766
Nantes,Angers,390,391,0.659606,-0.50944,0.995636
Nantes,Poitiers,390,676,0.918539,-0.511379,1.38826
Angers,Tours,391,392,0.527964,-0.503427,0.793755
Tours,Vierzon,392,503,0.697183,-0.501142,1.04657
Montargis,Auxerre,393,394,1.2292,-0.50991,1.85598
Auxerre,Beaune,394,395,2.27901,-0.512388,3.44675
Beaune,Dole,395,396,2.27262,-0.51705,3.44768
Beaune,Antwerp,395,505,3.86857,-0.517749,5.87152
Dole,Besançon,396,397,1.18843,-0.520125,1.80656
Besançon,Belfort,397,398,1.3405,-0.523261,2.04193
Zürich,Winterthur,399,400,1.33328,-0.51878,2.02496
Winterthur,St. Gallen,400,401,0.951251,-0.518311,1.44429
Winterthur,Schaffhausen,400,511,1.27759,-0.522289,1.94485
St. Gallen,St. Margrethen,401,402,0.88307,-0.514922,1.33778
St. Margrethen,Bregenz,402,403,1.46314,-0.513265,2.21412
St. Margrethen,Buchs,402,514,0.681791,-0.51323,1.03171
Bregenz,Feldkirch,403,748,1.41205,-0.512258,2.13539
Bregenz,Lindau,403,513,2.20231,-0.514213,3.33477
Feldkirch,Landeck,748,404,0.650046,-0.509665,0.981351
Feldkirch,Imst,748,406,0.678606,-0.509546,1.02439
Landeck,Telfs,404,405,0.456888,-0.508035,0.689004
Sattledt,Liezen,408,532,0.953035,-0.512544,1.44151
Sattledt,Wels,408,669,1.00037,-0.515125,1.51568
Sankt Pölten,Vienna,409,410,1.99645,-0.512057,3.01874
Vienna,Nickelsdorf,410,411,2.20119,-0.510705,3.32535
Vienna,Halámky,410,525,2.10444,-0.512494,3.18295
Vienna,Graz,410,534,2.73287,-0.508132,4.12153
Nickelsdorf,Mosonmagyaróvár,411,412,1.5417,-0.508588,2.32579
Szolnok,Püspökladány,413,414,1.81584,-0.495893,2.7163
Püspökladány,Oradea,414,415,2.2924,-0.495479,3.42824
Püspökladány,Nyíregyháza,414,722,1.38508,-0.501067,2.07911
Oradea,Cluj-Napoca,415,416,1.13346,-0.485813,1.68411
Oradea,Berettyóújfalu,415,570,1.57881,-0.494521,2.35957
Oradea,Beiuş,415,571,1.06257,-0.488168,1.58129
Oradea,Satu Mare,415,579,1.69164,-0.492666,2.52505
Oradea,Arad,415,684,1.8239,-0.484934,2.70837
Cluj-Napoca,Turda,416,417,0.710279,-0.48699,1.05618
Cluj-Napoca,Zalău,416,580,0.676003,-0.490667,1.00769
Turda,Târgu Mureş,417,418,0.318704,-0.481874,0.472279
Turda,Sebeş,417,581,0.330083,-0.481511,0.489022
Târgu Mureş,Braşov,418,419,0.232099,-0.474624,0.342258
Braşov,Ploieşti,419,420,0.203779,-0.465832,0.298706
Braşov,Sibiu,419,582,0.274899,-0.474324,0.405289
Braşov,Piteşti,419,583,0.172532,-0.46245,0.25232
Slobozia,Hârşova,421,422,0.346688,-0.476082,0.51174
Slobozia,Galaţi,421,588,0.564675,-0.486454,0.839364
Hârşova,Constanţa,422,423,0.360535,-0.470915,0.530316
Constanţa,Varna,423,463,0.327909,-0.450375,0.475591
Constanţa,Tulcea,423,589,0.360535,-0.470915,0.530316
Senaki,Samtredia,424,425,0.0281707,-0.532541,0.0431728
Senaki,Zugdidi,424,604,0.0754639,-0.529012,0.115385
Samtredia,Kutaisi,425,426,0.0108816,-0.526306,0.0166087
Kutaisi,Khashuri,426,427,0.00504663,-0.495904,0.00754928
Khashuri,Gori,427,428,0.00421694,-0.433318,0.00604421
Rustavi,Ganja,429,430,0.0128816,-0.465675,0.0188802
Ganja,Yevlakh,430,431,0.0280856,-0.486791,0.0417575
Ashgabat,Tejen,432,433,0.032554,-0.366668,0.0444906
Tejen,Mary,433,434,0.0174045,-0.354339,0.0235716
Mary,Türkmenabat,434,435,0.0145891,-0.346438,0.0196434
Türkmenabat,Alat,435,436,0.0218822,-0.350052,0.0295422
Karshi,Guzar,437,438,0.0237039,-0.354136,0.0320983
Guzar,Sherobod,438,439,0.0190041,-0.358575,0.0258185
Sherobod,Termez,439,440,0.0279331,-0.369132,0.0382441
Jirgatal,Sary Tash,441,442,0.0528632,-0.380293,0.0729668
Jirgatal,Khorugh,441,694,0.0327489,-0.375567,0.0450483
Sary Tash,Irkeshtam,442,443,0.0676062,-0.386744,0.0937525
Irkeshtam,Osh,443,691,0.134642,-0.390678,0.187243
A Coruña,Bilbao,444,445,0.110175,-0.457022,0.160527
A Coruña,Pontevedra,444,481,0.0489255,-0.446823,0.0707865
Clermont-Ferrand,Montluçon,446,504,0.825814,-0.495647,1.23513
Chambéry,Susa,447,448,0.878794,-0.500526,1.31865
Chambéry,Marseille,447,736,0.664806,-0.501819,0.998419
Susa,Turin,448,449,0.58279,-0.48903,0.867792
Tortona,Brescia,450,451,0.254679,-0.45134,0.369626
Trieste,Postojna,452,453,0.308672,-0.478332,0.45632
Trieste,Ljubljana,452,454,0.593667,-0.484571,0.881341
Postojna,Ljubljana,453,454,0.410361,-0.489067,0.611054
Ljubljana,Maribor,454,535,0.707566,-0.494641,1.05756
Ljubljana,Naklo,454,538,1.02871,-0.49455,1.53746
Vršac,Timişoara,456,457,0.793223,-0.465289,1.1623
Timişoara,Drobeta-Turnu Severin,457,458,0.891928,-0.464253,1.30601
Timişoara,Arad,457,684,1.41569,-0.473744,2.08637
Drobeta-Turnu Severin,Craiova,458,459,0.87362,-0.457977,1.27372
Craiova,Alexandria,459,460,0.363851,-0.458399,0.53064
Craiova,Târgu Jiu,459,574,0.509846,-0.459544,0.744143
Craiova,Piteşti,459,583,0.473203,-0.459257,0.690524
Razgrad,Shumen,461,462,0.0900867,-0.425632,0.12843
Shumen,Varna,462,463,0.1406,-0.434468,0.201687
Varna,Burgas,463,590,0.138242,-0.434396,0.198294
Lisbon,Valladolid,464,465,0.0896439,-0.429764,0.12817
Lisbon,Porto,464,483,0.084074,-0.418383,0.119249
Lisbon,Albufeira,464,484,0.0831594,-0.41513,0.117681
Toulouse,Nice,466,467,0.849858,-0.475115,1.25364
Nice,Cuneo,467,685,0.360544,-0.46695,0.528901
Sofia,Plovdiv,468,469,0.371185,-0.439145,0.534189
Sofia,Botevgrad,468,575,0.372934,-0.438931,0.536627
Sofia,Blagoevgrad,468,576,0.406556,-0.435809,0.583737
Sofia,Kyustendil,468,745,0.28243,-0.440186,0.406752
Plovdiv,Istanbul,469,470,0.155197,-0.437549,0.223104
Istanbul,İzmit,470,471,0.0750233,-0.434558,0.107625
İzmit,Gerede,471,472,0.026147,-0.4289,0.0373614
İzmit,Bursa,471,479,0.0264209,-0.426627,0.0376928
Gerede,Kızılcahamam,472,599,0.012418,-0.423279,0.0176742
Mazara del Vallo,Palermo,473,474,6.60376e-05,-0.475485,6.60376e-05
Metaponto,Taranto,475,476,0.01058,-0.419245,0.0150156
Metaponto,Potenza,475,743,0.00575296,-0.415039,0.00814067
Ioannina,Trikala,477,687,0.0382699,-0.398986,0.053539
Gelibolu,Keşan,478,596,0.118204,-0.397597,0.165202
Gelibolu,Ayvalık,478,597,0.118207,-0.397593,0.165205
Bursa,Ankara,479,480,0.0136636,-0.418128,0.0193767
Bursa,Balıkesir,479,746,0.0164357,-0.411681,0.023202
Ankara,Kızılcahamam,480,599,0.00920146,-0.41725,0.0130408
Pontevedra,Valença,481,482,0.031398,-0.428333,0.0448468
Valença,Porto,482,483,0.0407682,-0.416202,0.057736
Albufeira,Castro Marim,484,485,0.0442852,-0.406872,0.0623036
Castro Marim,Huelva,485,486,0.0414479,-0.405546,0.0582569
Cherbourg-Octeville,La Rochelle,487,488,0.175507,-0.511003,0.265191
Cherbourg-Octeville,Caen,487,661,0.378552,-0.516771,0.574176
La Rochelle,Saintes,488,730,0.151831,-0.497466,0.227361
Oslo,Hamar,489,490,0.0508474,-0.347572,0.0685206
Oslo,Askim,489,619,0.0530895,-0.347124,0.0715182
Hamar,Lillehammer,490,491,0.0321041,-0.347989,0.043276
Lillehammer,Dombås,491,492,0.0357045,-0.347931,0.0481272
Dombås,Trondheim,492,493,0.0641503,-0.347439,0.0864387
Trondheim,Stjørdal,493,494,0.0628268,-0.347249,0.0846433
Stjørdal,Steinkjer,494,495,0.0316726,-0.346912,0.0426602
Steinkjer,Mosjøen,495,496,0.0224936,-0.344932,0.0302524
Mosjøen,Mo i Rana,496,497,0.0288322,-0.342373,0.0387035
Mo i Rana,Umeå,497,612,0.0549134,-0.341254,0.0736528
Setermoen,Alta,498,499,0.00312666,-0.399425,0.00437553
Alta,Olderfjord,499,500,0.00429386,-0.466506,0.00629697
Olderfjord,Lakselv,500,501,0.00946728,-0.500198,0.0142028
Lakselv,Karasjok,501,502,0.0241117,-0.51269,0.0364736
Vierzon,Montluçon,503,504,0.508597,-0.497253,0.761498
Antwerp,Zeebrugge,505,642,2.58876,-0.521505,3.93881
Martigny,Sion,506,678,0.636075,-0.507575,0.95893
Bremen,Groningen,507,624,2.15984,-0.523449,3.2904
Stuttgart,Schaffhausen,510,511,1.94083,-0.524973,2.95971
Stuttgart,Ulm,510,512,1.72197,-0.523074,2.62269
Ulm,Lindau,512,513,1.49912,-0.519504,2.27792
Lindau,Waldshut,513,666,2.06045,-0.51845,3.12869
Buchs,Chur,514,515,0.272008,-0.512237,0.411341
Chur,San Bernardino,515,516,0.140891,-0.510387,0.2128
Halle,Plauen,518,519,1.36206,-0.518596,2.06841
Plauen,Schönberg,519,520,1.11254,-0.518756,1.68968
Plauen,Hof,519,528,1.47553,-0.519355,2.24186
Schönberg,Vojtanov,520,521,0.670142,-0.51943,1.01823
Vojtanov,Cheb,521,522,0.923924,-0.520377,1.40471
Cheb,Karlovy Vary,522,523,1.52753,-0.520219,2.32219
Cheb,Marktredwitz,522,663,1.21943,-0.5211,1.85487
Karlovy Vary,Teplice,523,715,0.943731,-0.519545,1.43404
České Budějovice,Halámky,524,525,1.29837,-0.51601,1.96834
Hirschberg,Hof,527,528,1.14174,-0.519523,1.7349
Hof,Bayreuth,528,529,1.85161,-0.521194,2.81666
Bayreuth,Marktredwitz,529,663,1.66897,-0.521599,2.5395
Bayerisch Eisenstein,Deggendorf,530,531,1.40499,-0.519446,2.1348
Liezen,Sankt Michael,532,533,0.782149,-0.508946,1.18022
Sankt Michael,Graz,533,534,1.4074,-0.506198,2.11983
Graz,Maribor,534,535,1.20221,-0.501893,1.80558
Graz,Spielfeld,534,536,0.908859,-0.505221,1.36803
Graz,Klagenfurt,534,683,1.68873,-0.50271,2.53768
Maribor,Spielfeld,535,536,0.410055,-0.496228,0.613535
Karavanke Tunnel,Naklo,537,538,0.877758,-0.501572,1.31802
Naklo,Loiblpass,538,734,0.839377,-0.499907,1.25899
Kemijärvi,Posio,539,540,0.0091155,-0.320814,0.0120399
Posio,Kuusamo,540,541,0.00577099,-0.321817,0.0076282
Kuusamo,Kajaani,541,542,0.00614089,-0.332534,0.00818294
Kajaani,Iisalmi,542,543,0.0105949,-0.343284,0.014232
Iisalmi,Kuopio,543,544,0.022323,-0.349265,0.0301197
Tampere,Turku,545,546,0.028755,-0.375119,0.0395415
Tampere,Vaasa,545,616,0.0348633,-0.364364,0.0475662
Tampere,Hämeenlinna,545,618,0.0597069,-0.405889,0.0839413
Turku,Pori,546,617,0.0177689,-0.364825,0.0242514
Riga,Šiauliai,547,561,2.31524,-0.54064,3.56695
Riga,Rēzekne,547,627,2.44587,-0.540708,3.76838
Kłodzko,Kudowa-Zdrój,548,549,0.598012,-0.519104,0.908443
Kudowa-Zdrój,Náchod,549,550,0.50477,-0.518018,0.76625
Náchod,Hradec Králové,550,551,0.934488,-0.517526,1.41811
Hradec Králové,Olomouc,551,716,1.28962,-0.516711,1.95597
Miskolc,Debrecen,552,569,1.42004,-0.507092,2.14014
Szekszárd,Mohács,555,556,0.834101,-0.503267,1.25388
Mohács,Osijek,556,557,0.51721,-0.500426,0.776036
Osijek,Đakovo,557,558,0.309446,-0.495892,0.462897
Osijek,Sombor,557,735,0.508906,-0.494178,0.760396
Đakovo,Šamac,558,559,0.138568,-0.487456,0.206114
Šamac,Zenica,559,560,0.102782,-0.463749,0.150447
Zenica,Sarajevo,560,737,0.162326,-0.44661,0.234822
Šiauliai,Tolpaki,561,562,1.79937,-0.539342,2.76985
Šiauliai,Palanga,561,704,1.38525,-0.539765,2.13296
Šiauliai,Panevėžys,561,705,1.43238,-0.539989,2.20585
Tolpaki,Kaliningrad,562,563,1.14616,-0.534982,1.75934
Tolpaki,Nesterov,562,640,1.06452,-0.53869,1.63796
Trstená,Ružomberok,566,567,0.867973,-0.515462,1.31538
Ružomberok,Zvolen,567,568,1.57911,-0.512391,2.38822
Debrecen,Berettyóújfalu,569,570,0.998598,-0.501532,1.49943
Beiuş,Deva,571,572,0.717617,-0.481457,1.06312
Deva,Petroşani,572,573,0.597409,-0.469147,0.877681
Deva,Sibiu,572,582,0.768592,-0.470383,1.13012
Deva,Arad,572,684,1.05438,-0.473247,1.55336
Petroşani,Târgu Jiu,573,574,0.378027,-0.464519,0.553627
Botevgrad,Jablanica,575,585,0.159724,-0.436401,0.229427
Blagoevgrad,Serres,576,577,0.24722,-0.423987,0.352038
Halmeu,Satu Mare,578,579,2.10776,-0.494762,3.1506
Satu Mare,Zalău,579,580,0.900255,-0.491929,1.34312
Sebeş,Sibiu,581,582,0.343936,-0.473478,0.506782
Sibiu,Piteşti,582,583,0.377651,-0.46502,0.553266
Pleven,Jablanica,584,585,0.0859205,-0.430509,0.12291
Izmail,Reni,586,587,0.793515,-0.515345,1.20245
Reni,Galaţi,587,588,0.675458,-0.502685,1.015
Galaţi,Tulcea,588,589,0.428016,-0.488285,0.637009
Galaţi,Giurgiuleşti,588,729,0.804822,-0.504175,1.21059
Burgas,Malko Tarnovo,590,591,0.0721226,-0.422205,0.102573
Malko Tarnovo,Dereköy,591,592,0.0311856,-0.414802,0.0441215
Dereköy,Kırklareli,592,593,0.0161204,-0.404992,0.022649
Kırklareli,Babaeski,593,594,0.0141124,-0.395365,0.0196919
Babaeski,Havsa,594,595,0.0232635,-0.393146,0.0324094
Havsa,Keşan,595,596,0.0507065,-0.394964,0.0707337
Ayvalık,İzmir,597,598,0.0507153,-0.395008,0.0707482
İzmir,Manisa,598,747,0.0232893,-0.393722,0.0324589
Kherson,Dzhankoy,600,601,0.980111,-0.524049,1.49374
Kherson,Mykolaiv,600,673,1.12713,-0.523696,1.71741
Kherson,Melitopol,600,674,0.618306,-0.523474,0.941974
Sochi,Sukhumi,602,603,0.543294,-0.52464,0.828327
Sukhumi,Zugdidi,603,604,0.2026,-0.527044,0.309379
Jönköping,Linköping,605,606,0.0266121,-0.343566,0.0357551
Linköping,Norrköping,606,607,0.0355821,-0.344084,0.0478253
Norrköping,Södertälje,607,608,0.0551473,-0.345333,0.0741914
Norrköping,Kalmar,607,626,0.035451,-0.344075,0.0476489
Uppsala,Sundsvall,609,610,0.10117,-0.345641,0.136138
Sundsvall,Örnsköldsvik,610,611,0.0941841,-0.344557,0.126636
Örnsköldsvik,Umeå,611,612,0.0765187,-0.342521,0.102728
Haparanda,Tornio,613,614,0.0346185,-0.330371,0.0460555
Kokkola,Vaasa,615,616,0.0329305,-0.34885,0.0444184
Vaasa,Pori,616,617,0.0197478,-0.357853,0.0268146
Askim,Karlstad,619,620,0.0444029,-0.347099,0.0598151
Kotka,Vaalimaa,621,622,0.347595,-0.526034,0.530441
Vaalimaa,Vyborg,622,623,0.890149,-0.531114,1.36292
Groningen,Hoogeveen,624,698,0.786364,-0.522964,1.1976
Sassnitz,Stralsund,625,699,0.432125,-0.517821,0.655888
Rēzekne,Velikiye Luki,627,628,2.72721,-0.538371,4.19546
Rēzekne,Daugavpils,627,702,1.65269,-0.540571,2.54608
Vladimir,Nizhny Novgorod,629,630,1.7145,-0.522376,2.61012
Nizhny Novgorod,Kazan,630,631,0.743409,-0.519381,1.12952
Kazan,Yelabuga,631,632,0.544539,-0.500102,0.816864
Yelabuga,Perm,632,633,0.375134,-0.484591,0.55692
Perm,Yekaterinburg,633,634,0.167052,-0.477623,0.246839
Yekaterinburg,Tyumen,634,635,0.118545,-0.458123,0.172853
Koszalin,Słupsk,637,638,0.248015,-0.521243,0.377292
Słupsk,Gdynia,638,639,0.405023,-0.524459,0.61744
Nesterov,Marijampolė,640,641,0.9574,-0.54022,1.47461
Aktobe,Karabutak,647,648,0.595847,-0.459764,0.869797
Karabutak,Aral,648,649,0.274529,-0.454291,0.399245
Aral,Novokazalinsk,649,650,0.202642,-0.436907,0.291178
Charleroi,Namur,651,652,1.19433,-0.52426,1.82046
St. Vith,Wittlich,653,654,1.15473,-0.528297,1.76477
Wittlich,Bingen,654,655,0.721268,-0.529811,1.1034
Bingen,Wiesbaden,655,656,1.05207,-0.529988,1.60966
Amiens,Charleville-Mézières,657,658,1.39743,-0.520364,2.12461
Trier,Koblenz,659,660,1.56358,-0.52777,2.38878
Caen,Rouen,661,662,0.972846,-0.517697,1.47649
Regensburg,Passau,667,668,1.18305,-0.52169,1.80023
Passau,Wels,668,669,1.20172,-0.518313,1.82459
Wels,Braunau am Inn,669,721,1.40926,-0.515624,2.13591
Iaşi,Sculeni,670,671,1.30242,-0.511998,1.96926
Iaşi,Bălţi,670,727,1.10665,-0.513129,1.67451
Sculeni,Chişinău,671,672,1.48727,-0.515773,2.25436
Chişinău,Giurgiuleşti,672,729,1.1847,-0.514496,1.79422
Melitopol,Taganrog,674,675,0.273016,-0.519766,0.414921
Poitiers,Mâcon,676,677,1.71595,-0.512218,2.59489
Sion,Simplon,678,679,0.286259,-0.498689,0.429012
Simplon,Gravellona Toce,679,680,0.22195,-0.476117,0.327624
Innichen,Spittal an der Drau,681,682,0.626746,-0.504044,0.942654
Klagenfurt,Loiblpass,683,734,0.967204,-0.502955,1.45366
Cuneo,Asti,685,686,0.214417,-0.463325,0.313762
Kokand,Andijan,689,690,0.106914,-0.392213,0.148847
Andijan,Osh,690,691,0.14175,-0.389696,0.196989
Kulob,Kalaikhumb,692,693,0.0229409,-0.373664,0.031513
Kalaikhumb,Khorugh,693,694,0.020286,-0.372614,0.0278449
Kokpek,Chundzha,695,696,0.0537963,-0.396458,0.0751243
Chundzha,Koktal,696,697,0.0409258,-0.395762,0.0571227
Stralsund,Neubrandenburg,699,700,0.631196,-0.517941,0.958119
Ukmergė,Daugavpils,701,702,1.604,-0.541178,2.47205
Ukmergė,Panevėžys,701,705,1.47057,-0.540519,2.26544
Breda,Gorinchem,706,707,0.780574,-0.521165,1.18738
Hasselt,Heerlen,708,709,1.1192,-0.527922,1.71005
Barwinek,Vyšný Komárnik,710,711,0.341595,-0.521527,0.519746
Vyšný Komárnik,Svidník,711,712,0.417876,-0.518346,0.63448
Lublin,Kovel,713,714,1.42301,-0.530341,2.17769
Olomouc,Český Těšín,716,717,0.818052,-0.517428,1.24134
Garmisch-Partenkirchen,Mittenwald,718,719,0.896055,-0.51482,1.35736
Mittenwald,Seefeld,719,720,0.579958,-0.511119,0.876386
Nyíregyháza,Chop,722,723,0.957689,-0.510265,1.44636
Dunajská Streda,Medveďov,724,725,0.622257,-0.512481,0.941152
Medveďov,Vámosszabadi,725,726,0.543693,-0.511061,0.821554
Bălţi,Mohyliv-Podilskyi,727,728,0.8325,-0.522941,1.26785
Saintes,Angoulême,730,731,0.279216,-0.490422,0.41615
St. Johann in Tirol,Lofer,732,733,0.915566,-0.511458,1.38384
Sarajevo,Užice,737,738,0.219599,-0.44578,0.317491
Užice,Čačak,738,739,0.322982,-0.45043,0.468463
Čačak,Nova Varoš,739,740,0.3227,-0.450419,0.46805
Avellino,Benevento,741,742,0.0484797,-0.42742,0.0692009
Balıkesir,Manisa,746,747,0.0142024,-0.398529,0.0198625
Warsaw,Brest-Litovsk,316,0,2.6331,-0.533527,4.03793
Brest-Litovsk,Minsk,0,318,2.56463,-0.537911,3.94417
Lyon,Mâcon,17,677,1.73669,-0.508563,2.61991
Beaune,Mâcon,395,677,2.99367,-0.514402,4.53362
