Brest-Litovsk,Warsaw,0,313,0.987078,-0.291683,1.27512
Brest-Litovsk,Minsk,0,315,0.929013,-0.274525,1.18417
Glasgow,Preston,1,2,0.096649,0,0.10894
Glasgow,Edinburgh,1,13,0.096649,0,0.10894
Preston,Birmingham,2,3,0.096649,0,0.10894
Birmingham,Cambridge,3,633,0.096649,0,0.10894
Le Havre,Paris,4,5,0.952817,-0.281558,1.22122
Le Havre,Amiens,4,654,0.720242,-0.212832,0.873622
Paris,Orléans,5,6,1.7689,-0.522713,2.69381
Paris,Calais,5,16,1.51547,-0.447823,2.19435
Paris,Lyon,5,17,1.9291,-0.570051,3.02909
Paris,Brussels,5,323,1.89201,-0.559092,2.95012
Paris,Le Mans,5,363,1.59667,-0.471818,2.35025
Paris,Reims,5,364,1.53457,-0.453468,2.23068
Paris,Chaumont,5,662,1.85262,-0.547451,2.86713
Orléans,Bordeaux,6,7,0.841524,-0.248672,1.0509
Orléans,Tours,6,389,0.924318,-0.273137,1.1769
Orléans,Montargis,6,390,0.932107,-0.275439,1.18897
Orléans,Toulouse,6,463,0.890536,-0.263154,1.125
Bordeaux,San Sebastián,7,8,1.24869,-0.368989,1.70961
Bordeaux,Clermont-Ferrand,7,443,1.56395,-0.462149,2.28696
Bordeaux,Toulouse,7,463,0.920583,-0.272033,1.17113
Bordeaux,Angoulême,7,728,1.34772,-0.398254,1.88465
San Sebastián,Burgos,8,9,0.757838,-0.223942,0.927645
San Sebastián,Bilbao,8,442,0.703462,-0.207874,0.849781
San Sebastián,Toulouse,8,463,1.12293,-0.331826,1.49569
Burgos,Madrid,9,10,0.617855,-0.182577,0.730736
Burgos,Valladolid,9,462,0.418051,-0.123535,0.469743
Madrid,Seville,10,11,1.07782,-0.318498,1.42125
Madrid,Barcelona,10,21,1.1384,-0.336397,1.52151
Madrid,Valencia,10,24,1.02589,-0.303151,1.33703
Madrid,Lisbon,10,461,0.795044,-0.234937,0.98193
Seville,Algeciras,11,12,0.571228,-0.168799,0.667719
Seville,Huelva,11,483,0.541758,-0.16009,0.628553
Algeciras,Málaga,12,28,0.414622,-0.122521,0.465469
Edinburgh,Newcastle,13,14,0.096649,0,0.10894
Newcastle,London,14,15,0.096649,0,0.10894
London,Colchester,15,302,0.096649,0,0.10894
Calais,Bruges,16,321,0.965122,-0.285195,1.2405
Calais,Rouen,16,659,0.818281,-0.241803,1.01625
Lyon,Orange,17,18,0.949895,-0.280695,1.21665
Lyon,Clermont-Ferrand,17,443,1.56012,-0.461017,2.27959
Lyon,Chambéry,17,444,0.899178,-0.265708,1.13821
Lyon,Mâcon,17,674,1.15915,-0.34253,1.55635
Orange,Narbonne,18,19,1.04191,-0.307884,1.36283
Orange,Marseille,18,733,0.744986,-0.220144,0.909084
Narbonne,Girona,19,20,0.722179,-0.213405,0.876385
Girona,Barcelona,20,21,0.870548,-0.257248,1.09461
Barcelona,Tarragona,21,22,0.719571,-0.212634,0.872666
Barcelona,Toulouse,21,463,1.39763,-0.413002,1.97506
Tarragona,Castellón de la Plana,22,23,0.553968,-0.163698,0.644718
Castellón de la Plana,Valencia,23,24,0.585498,-0.173015,0.686868
Valencia,Alicante,24,25,0.569384,-0.168254,0.665254
Alicante,Murcia,25,26,0.413652,-0.122235,0.464263
Murcia,Almería,26,27,0.304439,-0.0899622,0.331861
Almería,Málaga,27,28,0.304609,-0.0900122,0.332061
Hook of Holland,Rotterdam,29,30,0.527871,-0.155987,0.610274
Hook of Holland,The Hague,29,304,0.518736,-0.153287,0.598314
Rotterdam,Eindhoven,30,31,0.875503,-0.258712,1.10212
Eindhoven,Maastricht,31,32,1.3169,-0.389145,1.82955
Eindhoven,Antwerp,31,502,1.59316,-0.47078,2.34342
Eindhoven,Venlo,31,640,1.57707,-0.466025,2.31226
Eindhoven,Breda,31,703,1.52218,-0.449807,2.2071
Maastricht,Liège,32,33,0.928791,-0.274459,1.18383
Liège,Bastogne,33,34,1.43954,-0.425384,2.0521
Liège,Leuven,33,324,1.82394,-0.538976,2.80728
Liège,Eupen,33,325,1.5142,-0.447447,2.19195
Liège,Antwerp,33,502,1.83725,-0.542909,2.835
Liège,Namur,33,649,1.58745,-0.469092,2.33234
Liège,St. Vith,33,650,1.41688,-0.41869,2.01032
Liège,Charleville-Mézières,33,655,1.5825,-0.467632,2.32277
Bastogne,Arlon,34,35,0.729211,-0.215483,0.886434
Arlon,Luxembourg,35,36,0.770325,-0.227632,0.945773
Luxembourg,Metz,36,37,1.00755,-0.297733,1.30767
Luxembourg,St. Vith,36,650,1.37505,-0.406328,1.93396
Luxembourg,Charleville-Mézières,36,655,1.19254,-0.352398,1.61296
Luxembourg,Trier,36,656,1.00936,-0.298267,1.31055
Metz,Saint-Avold,37,38,1.73837,-0.513691,2.63163
Metz,Lausanne,37,44,1.71311,-0.506225,2.58059
Metz,Geneva,37,45,1.78007,-0.526012,2.71668
Metz,Brussels,37,323,1.96402,-0.580371,3.1042
Metz,Reims,37,364,1.71411,-0.506522,2.58261
Metz,Saarbrücken,37,365,1.5991,-0.472535,2.35497
Saint-Avold,Strasbourg,38,39,0.95121,-0.281084,1.2187
Strasbourg,Mulhouse,39,40,1.06857,-0.315765,1.40614
Strasbourg,Appenweier,39,661,1.11616,-0.329827,1.48445
Mulhouse,Basel,40,41,1.15688,-0.341861,1.55254
Mulhouse,Belfort,40,395,1.46615,-0.433249,2.10157
Mulhouse,Chaumont,40,662,1.6084,-0.475284,2.37309
Basel,Olten,41,42,1.52994,-0.452099,2.22185
Basel,Offenburg,41,61,1.65518,-0.489109,2.465
Basel,Zürich,41,396,1.61963,-0.478603,2.39503
Basel,Waldshut,41,663,1.81717,-0.536976,2.79323
Olten,Bern,42,43,0.901129,-0.266285,1.1412
Olten,Lucerne,42,62,0.81861,-0.2419,1.01674
Bern,Lausanne,43,44,1.29449,-0.382524,1.78985
Bern,Belfort,43,395,1.43516,-0.424092,2.04401
Bern,Martigny,43,503,1.20925,-0.357334,1.64152
Lausanne,Geneva,44,45,1.17306,-0.346642,1.57986
Lausanne,Martigny,44,503,0.910888,-0.269169,1.15619
Geneva,Mont Blanc,45,46,0.982312,-0.290275,1.26758
Geneva,Chambéry,45,444,1.50382,-0.444381,2.17231
Geneva,Mâcon,45,674,1.63277,-0.482487,2.42081
Mont Blanc,Aosta,46,47,0.668639,-0.197584,0.800834
Aosta,Ivrea,47,48,1.11905,-0.330682,1.48926
Aosta,Martigny,47,503,1.22548,-0.362132,1.66944
Ivrea,Vercelli,48,49,0.506265,-0.149602,0.582063
Ivrea,Turin,48,446,0.667526,-0.197255,0.799281
Vercelli,Alessandria,49,50,0.483792,-0.142961,0.553012
Alessandria,Genoa,50,51,0.90956,-0.268776,1.15415
Alessandria,Turin,50,446,0.899118,-0.265691,1.13812
Alessandria,Tortona,50,447,0.87498,-0.258558,1.10133
Alessandria,Asti,50,683,0.981516,-0.290039,1.26632
Genoa,Rome,51,74,1.15408,-0.341031,1.54781
Genoa,Tortona,51,447,0.902752,-0.266764,1.14369
Genoa,Nice,51,464,0.888601,-0.262583,1.12205
Amsterdam,Utrecht,52,53,0.821325,-0.242703,1.02077
Amsterdam,Amersfoort,52,306,0.416991,-0.123221,0.468421
Amsterdam,Brussels,52,323,1.68236,-0.49714,2.51899
Amsterdam,Groningen,52,621,0.723536,-0.213806,0.878323
Utrecht,Arnhem,53,54,1.34834,-0.398435,1.88575
Utrecht,Gouda,53,305,1.36439,-0.40318,1.91469
Utrecht,Amersfoort,53,306,0.819233,-0.242084,1.01766
Utrecht,Gorinchem,53,704,1.40402,-0.414891,1.98674
Arnhem,Emmerich,54,55,0.734927,-0.217172,0.894624
Emmerich,Oberhausen,55,56,0.747432,-0.220867,0.912609
Oberhausen,Cologne,56,57,0.965457,-0.285294,1.24102
Oberhausen,Dortmund,56,505,0.947815,-0.28008,1.2134
Oberhausen,Venlo,56,640,1.33828,-0.395464,1.86772
Cologne,Frankfurt am Main,57,58,1.18781,-0.350999,1.60489
Cologne,Aachen,57,326,1.18537,-0.350277,1.60074
Cologne,Olpe,57,327,0.93523,-0.276361,1.19381
Cologne,Bremen,57,504,1.21572,-0.359246,1.65263
Frankfurt am Main,Heidelberg,58,59,1.78056,-0.526159,2.7177
Frankfurt am Main,Gießen,58,329,1.60309,-0.473716,2.36274
Frankfurt am Main,Mannheim,58,366,1.96528,-0.580743,3.10692
Frankfurt am Main,Aschaffenburg,58,506,1.53255,-0.45287,2.22682
Frankfurt am Main,Wiesbaden,58,653,1.72191,-0.508826,2.59833
Heidelberg,Karlsruhe,59,60,1.13548,-0.335535,1.51663
Karlsruhe,Offenburg,60,61,1.52111,-0.449489,2.20506
Karlsruhe,Stuttgart,60,507,1.85057,-0.546845,2.86283
Karlsruhe,Appenweier,60,661,1.55123,-0.45839,2.26253
Lucerne,Altdorf,62,63,0.78588,-0.232228,0.968483
Altdorf,Gotthard Pass,63,64,1.08038,-0.319253,1.42544
Altdorf,Zürich,63,396,1.18867,-0.351252,1.60635
Gotthard Pass,Bellinzona,64,65,0.779987,-0.230487,0.959863
Bellinzona,Lugano,65,66,0.984691,-0.290977,1.27134
Bellinzona,San Bernardino,65,513,0.994001,-0.293729,1.2861
Lugano,Chiasso,66,67,0.561498,-0.165923,0.654731
Chiasso,Como,67,68,0.536233,-0.158457,0.621267
Como,Milan,68,69,0.825582,-0.243961,1.0271
Milan,Piacenza,69,70,1.47954,-0.437206,2.12663
Milan,Turin,69,446,1.43652,-0.424494,2.04653
Milan,Tortona,69,447,1.19791,-0.353983,1.62211
Milan,Brescia,69,448,1.29893,-0.383835,1.79769
Milan,Gravellona Toce,69,677,1.45248,-0.42921,2.07612
Piacenza,Parma,70,71,0.853318,-0.252156,1.0686
Parma,Modena,71,72,0.970545,-0.286797,1.24902
Modena,Florence,72,73,1.57161,-0.464413,2.30173
Modena,Verona,72,94,1.68655,-0.498378,2.52735
Modena,Bologna,72,95,1.49941,-0.443077,2.16399
Florence,Rome,73,74,1.4738,-0.435509,2.11587
Rome,Pescara,74,125,1.63524,-0.483217,2.42567
Östersund,Mora,75,76,0.775812,-0.229253,0.953768
Östersund,Trondheim,75,490,1.18533,-0.350267,1.60068
Östersund,Sundsvall,75,607,1.24368,-0.367511,1.70093
Mora,Säffle,76,77,0.609851,-0.180212,0.719828
Säffle,Gothenburg,77,78,0.746676,-0.220644,0.911519
Gothenburg,Halmstad,78,297,1.27589,-0.377026,1.75711
Gothenburg,Örebro,78,298,1.10103,-0.325356,1.45941
Gothenburg,Oslo,78,486,1.05684,-0.312298,1.38703
Hamburg,Hanover,79,80,0.887141,-0.262151,1.11982
Hamburg,Berlin,79,108,0.903315,-0.266931,1.14456
Hamburg,Bremen,79,504,1.53224,-0.452778,2.22623
Hamburg,Lübeck,79,514,0.647689,-0.191393,0.771732
Hanover,Göttingen,80,81,0.775922,-0.229286,0.953928
Hanover,Bad Oeynhausen,80,309,0.892642,-0.263777,1.12822
Hanover,Braunschweig,80,310,0.790424,-0.233571,0.975144
Göttingen,Kassel,81,82,0.683167,-0.201877,0.821167
Kassel,Fulda,82,83,1.08019,-0.319197,1.42513
Kassel,Dortmund,82,505,1.31799,-0.389468,1.83149
Fulda,Würzburg,83,84,0.855224,-0.25272,1.07147
Würzburg,Nuremberg,84,85,0.978025,-0.289008,1.26081
Würzburg,Aschaffenburg,84,506,1.65062,-0.487762,2.45599
Würzburg,Stuttgart,84,507,1.38529,-0.409354,1.95256
Würzburg,Ulm,84,509,0.686087,-0.20274,0.825269
Nuremberg,Munich,85,86,1.08996,-0.322085,1.44117
Nuremberg,Heilbronn,85,367,1.12903,-0.333631,1.50587
Nuremberg,Rozvadov,85,368,1.10991,-0.32798,1.47409
Nuremberg,Bayreuth,85,526,1.25905,-0.372049,1.72765
Nuremberg,Regensburg,85,664,0.98884,-0.292204,1.27791
Munich,Rosenheim,86,87,1.78225,-0.526656,2.72116
Munich,Salzburg,86,115,1.92594,-0.569117,3.02233
Munich,Ulm,86,509,1.29478,-0.382609,1.79036
Munich,Lindau,86,510,1.85717,-0.548796,2.87667
Munich,Deggendorf,86,528,1.69313,-0.500321,2.54049
Munich,Garmisch-Partenkirchen,86,715,1.76085,-0.520335,2.67736
Munich,Braunau am Inn,86,718,1.59868,-0.472412,2.35416
Rosenheim,Wörgl,87,88,0.998229,-0.294978,1.29282
Rosenheim,Bad Reichenhall,87,404,1.09574,-0.323794,1.45069
Wörgl,Innsbruck,88,89,1.06825,-0.315669,1.40561
Wörgl,St. Johann in Tirol,88,729,0.852856,-0.25202,1.0679
Innsbruck,Brenner,89,90,1.56784,-0.463299,2.29446
Innsbruck,Telfs,89,402,1.40651,-0.415625,1.99129
Innsbruck,Imst,89,403,1.40651,-0.415625,1.99129
Innsbruck,Seefeld,89,717,1.54608,-0.456867,2.25266
Brenner,Fortezza,90,91,0.941233,-0.278136,1.20315
Fortezza,Bolzano,91,92,1.15448,-0.34115,1.54849
Fortezza,Innichen,91,678,1.14854,-0.339395,1.53851
Bolzano,Trento,92,93,0.853346,-0.252165,1.06864
Trento,Verona,93,94,1.13315,-0.334847,1.51273
Verona,Mestre,94,120,1.85737,-0.548854,2.87708
Verona,Brescia,94,448,1.74388,-0.51532,2.64281
Bologna,Cesena,95,96,1.04324,-0.308276,1.36498
Cesena,Perugia,96,97,1.40217,-0.414364,1.98337
Cesena,Ravenna,96,121,1.5089,-0.44588,2.18191
Cesena,Rimini,96,122,1.46401,-0.432617,2.09759
Perugia,Fiano Romano,97,98,0.592346,-0.174557,0.696059
Fiano Romano,Naples,98,99,0.395442,-0.118776,0.441532
Naples,Salerno,99,100,0.363033,-0.0996916,0.402852
Naples,Avellino,99,738,0.412359,-0.121567,0.462674
Salerno,Sicignano degli Alburni,100,101,0.356102,-0.150696,0.38731
Salerno,Avellino,100,738,0.323998,-0.0870048,0.356307
Sicignano degli Alburni,Potenza,101,740,0.284303,-0.00372496,0.320043
Messina,Catania,102,103,0.096649,0,0.10894
Messina,Palermo,102,471,0.096649,0,0.10894
Catania,Siracusa,103,104,0.096649,0,0.10894
Siracusa,Gela,104,105,0.096649,0,0.10894
Gela,Mazara del Vallo,105,470,0.096649,0,0.10894
Copenhagen,Malmö,Helsingborg,106,296,0.718143,-0.212212,0.870632
Rostock,Berlin,107,108,1.05593,-0.312029,1.38556
Rostock,Lübeck,107,514,0.46751,-0.13815,0.532151
Rostock,Sassnitz,107,622,0.526374,-0.155544,0.608311
Berlin,Lübbenau,108,109,1.77377,-0.52415,2.70376
Berlin,Szczecin,108,136,1.57213,-0.464568,2.30273
Berlin,Świebodzin,108,138,1.64085,-0.484872,2.4367
Berlin,Magdeburg,108,311,1.58879,-0.469488,2.33494
Berlin,Leipzig,108,523,1.71592,-0.507057,2.58626
Berlin,Neubrandenburg,108,697,1.35738,-0.401108,1.90203
Lübbenau,Dresden,109,110,1.11603,-0.329787,1.48423
Lübbenau,Cottbus,109,641,0.974945,-0.288097,1.25595
Dresden,Ústí nad Labem,110,111,1.53547,-0.453733,2.23239
Dresden,Chemnitz,110,334,1.72237,-0.508963,2.59926
Dresden,Görlitz,110,335,1.33065,-0.393208,1.85406
Ústí nad Labem,Prague,111,112,1.07849,-0.318696,1.42235
Prague,Tábor,112,113,1.59447,-0.471168,2.34597
Prague,Mladá Boleslav,112,145,1.39282,-0.411581,1.96628
Prague,Jihlava,112,146,1.54887,-0.457694,2.25801
Prague,Plzeň,112,369,1.61489,-0.477201,2.38575
Prague,Karlovy Vary,112,520,1.54272,-0.455877,2.24624
Prague,Hradec Králové,112,548,1.53079,-0.45235,2.22347
Tábor,Linz,113,114,0.871209,-0.257443,1.09561
Linz,Salzburg,114,115,1.82878,-0.540405,2.81734
Linz,Sattledt,114,405,0.476675,-0.140858,0.543874
Linz,Sankt Pölten,114,406,1.01375,-0.299565,1.31757
Linz,Wels,114,666,0.764822,-0.226006,0.937773
Salzburg,Villach,115,116,2.31273,-0.683416,3.89369
Salzburg,Bad Reichenhall,115,404,1.50037,-0.443361,2.1658
Salzburg,Sattledt,115,405,1.77266,-0.523824,2.7015
Salzburg,Lofer,115,730,1.84043,-0.54385,2.84164
Villach,Tarvisio,116,117,1.01759,-0.300699,1.32371
Villach,Karavanke Tunnel,116,534,1.01271,-0.299258,1.31591
Villach,Spittal an der Drau,116,679,1.05158,-0.310744,1.3785
Villach,Klagenfurt,116,680,1.1373,-0.336073,1.51967
Tarvisio,Udine,117,118,0.730219,-0.215781,0.887877
Udine,Palmanova,118,119,0.785745,-0.232188,0.968285
Palmanova,Mestre,119,120,1.38696,-0.409848,1.9556
Palmanova,Trieste,119,449,0.96982,-0.286583,1.24788
Mestre,Ravenna,120,121,1.20872,-0.357178,1.64061
Rimini,Fano,122,123,0.946279,-0.279627,1.21101
Fano,Ancona,123,124,0.969226,-0.286407,1.24695
Ancona,Pescara,124,125,1.53589,-0.453857,2.23319
Pescara,Canosa di Puglia,125,126,1.62035,-0.478798,2.39643
Canosa di Puglia,Bari,126,127,0.723375,-0.21471,0.878283
Canosa di Puglia,Benevento,126,739,0.773226,-0.228309,0.949954
Bari,Brindisi,127,128,0.414353,-0.122037,0.465162
Bari,Taranto,127,473,0.534309,-0.148099,0.618336
Brindisi,Taranto,128,473,0.329572,-0.561047,0.2033
Igoumenitsa,Preveza,129,130,0.34747,-0.10298,0.383149
Igoumenitsa,Ioannina,129,474,0.382052,-0.112805,0.425237
Preveza,Rhion,130,131,0.42055,-0.123429,0.472915
Rhion,Patras,131,132,0.562446,-0.168157,0.656111
Rhion,Aigio,131,172,0.562446,-0.168157,0.656111
Patras,Pyrgos,132,133,0.364486,-0.210971,0.387656
Pyrgos,Kalamata,133,134,0.259299,0.0980162,0.301642
Kalamata,Tripoli,134,174,0.332219,-0.331536,0.308792
Goleniów,Szczecin,135,136,0.720191,-0.212817,0.87355
Goleniów,Koszalin,135,634,0.535723,-0.158307,0.620595
Szczecin,Gorzów Wielkopolski,136,137,0.621076,-0.183529,0.735137
Gorzów Wielkopolski,Świebodzin,137,138,0.714129,-0.211026,0.864917
Świebodzin,Zielona Góra,138,139,0.950201,-0.280786,1.21713
Świebodzin,Poznań,138,312,1.1048,-0.326471,1.46564
Zielona Góra,Legnica,139,140,0.856413,-0.253071,1.07326
Legnica,Jelenia Góra,140,141,1.44383,-0.426653,2.06006
Legnica,Görlitz,140,335,1.37842,-0.407324,1.94008
Legnica,Wrocław,140,336,1.71428,-0.506572,2.58295
Legnica,Cottbus,140,641,1.37842,-0.407324,1.94008
Jelenia Góra,Harrachov,141,142,0.681416,-0.201359,0.81871
Harrachov,Železný Brod,142,143,0.574629,-0.169803,0.672271
Železný Brod,Turnov,143,144,0.751349,-0.222025,0.918261
Turnov,Mladá Boleslav,144,145,0.986065,-0.291383,1.27352
Turnov,Hradec Králové,144,548,1.34183,-0.396512,1.87407
Turnov,Teplice,144,712,1.19214,-0.352279,1.61227
Jihlava,Brno,146,147,0.561822,-0.166019,0.655162
Jihlava,Vienna,146,407,0.643573,-0.190177,0.766044
Brno,Bratislava,147,148,0.689321,-0.203695,0.829818
Brno,Trenčín,147,370,0.722053,-0.213368,0.876206
Brno,Vienna,147,407,0.743096,-0.219586,0.906362
Brno,Olomouc,147,713,0.859418,-0.253959,1.07779
Bratislava,Rajka,148,149,1.39157,-0.411211,1.96401
Bratislava,Žilina,148,192,1.32681,-0.392074,1.84721
Bratislava,Győr,148,193,1.28108,-0.378561,1.76623
Bratislava,Vienna,148,407,1.15645,-0.341731,1.5518
Bratislava,Zvolen,148,565,1.40566,-0.415373,1.98973
Bratislava,Dunajská Streda,148,721,1.22811,-0.362909,1.67398
Rajka,Csorna,149,150,0.633009,-0.187055,0.751493
Csorna,Szombathely,150,151,0.490541,-0.144956,0.561705
Szombathely,Zalaegerszeg,151,152,0.490033,-0.144805,0.56105
Zalaegerszeg,Nagykanizsa,152,153,0.631697,-0.186667,0.749692
Nagykanizsa,Letenye,153,154,0.689594,-0.203776,0.830202
Nagykanizsa,Zagreb,153,155,0.83816,-0.247677,1.04586
Nagykanizsa,Balatonvilágos,153,550,1.28734,-0.38041,1.77724
Letenye,Zagreb,154,155,0.708856,-0.209468,0.857427
Zagreb,Karlovac,155,156,1.45764,-0.430734,2.08571
Zagreb,Ljubljana,155,451,1.28915,-0.380945,1.78042
Zagreb,Slavonski Brod,155,452,1.61838,-0.478234,2.39259
Zagreb,Maribor,155,532,1.42095,-0.419892,2.0178
Karlovac,Rijeka,156,157,0.548877,-0.162194,0.637967
Karlovac,Knin,156,551,0.489353,-0.144605,0.560174
Rijeka,Split,157,158,0.696652,-0.205861,0.840152
Rijeka,Trieste,157,449,1.34267,-0.396761,1.87558
Split,Dubrovnik,158,159,0.492948,-0.145667,0.564813
Split,Knin,158,551,0.358526,-0.105945,0.39655
Dubrovnik,Petrovac,159,160,0.443175,-0.130959,0.501264
Dubrovnik,Podgorica,159,161,0.455127,-0.134491,0.516391
Petrovac,Podgorica,160,161,0.439572,-0.129894,0.49672
Petrovac,Prizren,160,741,0.422295,-0.124789,0.475041
Podgorica,Bijelo Polje,161,162,0.793924,-0.234606,0.980284
Podgorica,Pristina,161,163,0.922505,-0.272601,1.1741
Podgorica,Sarajevo,161,734,1.13364,-0.334991,1.51355
Bijelo Polje,Pristina,162,163,0.747061,-0.220757,0.912074
Bijelo Polje,Nova Varoš,162,737,0.773932,-0.228698,0.951026
Pristina,Skopje,163,164,0.898536,-0.265518,1.13723
Pristina,Niš,163,199,1.45335,-0.429466,2.07773
Pristina,Prizren,163,741,0.549817,-0.162472,0.639213
Skopje,Kičevo,164,165,1.29357,-0.382251,1.78822
Skopje,Kumanovo,164,200,1.28625,-0.38009,1.77533
Skopje,Veles,164,201,1.34987,-0.398887,1.8885
Kičevo,Ohrid,165,166,0.579339,-0.171195,0.678589
Ohrid,Bitola,166,167,0.420584,-0.124284,0.472904
Bitola,Niki,167,168,0.31216,-0.0922419,0.34099
Niki,Vevi,168,169,0.315539,-0.0932444,0.344995
Vevi,Kozani,169,170,0.439979,-0.130011,0.497234
Kozani,Larissa,Domokos,Lamia,170,171,0.509082,-0.15043,0.585725
Kozani,Thessaloniki,170,204,0.739747,-0.218595,0.901545
Kozani,Ioannina,170,474,0.600999,-0.177621,0.707809
Larissa,Domokos,Lamia,Katerini,171,205,0.445157,-0.131552,0.503767
Larissa,Domokos,Lamia,Trikala,171,684,0.32086,-0.0947821,0.351323
Aigio,Corinth,172,173,0.364486,-0.210971,0.387656
Corinth,Tripoli,173,174,0.259299,0.0980162,0.301642
Varangerbotn,Utsjoki,175,176,0.541702,-0.16064,0.628503
Varangerbotn,Kirkenes,175,240,0.80256,-0.237386,0.993057
Varangerbotn,Karasjok,175,499,0.78605,-0.228215,0.967684
Utsjoki,Inari,176,177,0.381959,-0.112688,0.425132
Inari,Ivalo,177,178,0.388466,-0.114881,0.433095
Ivalo,Sodankylä,178,179,0.579697,-0.17129,0.679068
Sodankylä,Rovaniemi,179,180,0.910787,-0.269138,1.15603
Sodankylä,Kemijärvi,179,536,0.837078,-0.247359,1.04424
Rovaniemi,Kemi,180,181,0.805615,-0.238087,0.99751
Kemi,Oulu,181,182,1.18211,-0.348975,1.595
Kemi,Tornio,181,611,1.09099,-0.322408,1.44287
Oulu,Jyväskylä,182,183,0.721786,-0.21879,0.876913
Oulu,Kokkola,182,612,0.660483,-0.200018,0.790173
Jyväskylä,Heinola,183,184,1.1066,-0.326061,1.46811
Jyväskylä,Kuopio,183,541,1.13433,-0.334963,1.51458
Jyväskylä,Tampere,183,542,1.10472,-0.317773,1.46083
Heinola,Lahti,184,185,0.649179,-0.191926,0.773805
Lahti,Helsinki,185,186,0.669403,-0.197865,0.801908
Helsinki,Hämeenlinna,186,615,0.968418,-0.285526,1.24541
Helsinki,Kotka,186,618,0.920106,-0.271928,1.17041
Gdańsk,Świecie,187,188,1.03586,-0.306098,1.35308
Gdańsk,Kaliningrad,187,560,1.52697,-0.451222,2.2162
Gdańsk,Elbląg,187,561,1.4021,-0.414324,1.98323
Gdańsk,Gdynia,187,636,1.40339,-0.414703,1.98558
Świecie,Łódź,188,189,0.861705,-0.254635,1.08124
Świecie,Poznań,188,312,1.34271,-0.396772,1.87565
Łódź,Piotrków Trybunalski,189,190,0.824469,-0.243632,1.02544
Piotrków Trybunalski,Katowice,190,191,0.968554,-0.286209,1.24589
Piotrków Trybunalski,Warsaw,190,313,1.66212,-0.491157,2.47873
Piotrków Trybunalski,Wrocław,190,336,1.46716,-0.433548,2.10346
Katowice,Žilina,191,192,1.45358,-0.429535,2.07816
Katowice,Zabrze,191,339,1.50434,-0.444535,2.1733
Katowice,Kraków,191,340,1.73106,-0.51153,2.61682
Katowice,Český Těšín,191,714,1.29071,-0.381406,1.78318
Žilina,Olomouc,192,713,0.914309,-0.270179,1.16146
Győr,Budapest,193,194,0.987667,-0.291857,1.27605
Győr,Vámosszabadi,193,723,0.59981,-0.177244,0.706195
Budapest,Szeged,194,195,1.88838,-0.558018,2.94243
Budapest,Mosonmagyaróvár,194,409,1.69813,-0.5018,2.55052
Budapest,Szolnok,194,410,1.73049,-0.511362,2.61567
Budapest,Miskolc,194,549,1.8039,-0.533056,2.76577
Budapest,Balatonvilágos,194,550,1.82254,-0.538562,2.80437
Budapest,Szekszárd,194,552,1.74067,-0.51437,2.63629
Budapest,Zvolen,194,565,1.66218,-0.491177,2.47886
Szeged,Subotica,195,196,1.16056,-0.342946,1.55873
Szeged,Arad,195,681,1.14167,-0.337364,1.52698
Subotica,Novi Sad,196,197,1.32694,-0.392114,1.84745
Subotica,Sombor,196,732,1.33989,-0.395938,1.87059
Novi Sad,Belgrade,197,198,1.07414,-0.317409,1.41522
Belgrade,Niš,198,199,1.66285,-0.491375,2.48019
Belgrade,Slavonski Brod,198,452,1.73464,-0.512587,2.62406
Belgrade,Vršac,198,453,1.47201,-0.434982,2.11253
Belgrade,Čačak,198,736,1.64896,-0.48727,2.4527
Niš,Kumanovo,199,200,1.19292,-0.352508,1.61359
Niš,Drobeta-Turnu Severin,199,455,1.0737,-0.31728,1.41451
Niš,Sofia,199,465,1.07598,-0.317954,1.41824
Kumanovo,Kyustendil,200,742,0.898256,-0.265436,1.1368
Veles,Gevgelija,201,202,0.886596,-0.26199,1.11899
Gevgelija,Evzoni,202,203,0.889178,-0.262753,1.12293
Evzoni,Thessaloniki,203,204,1.35774,-0.401213,1.90267
Thessaloniki,Katerini,204,205,0.805528,-0.238035,0.997374
Thessaloniki,Alexandroupoli,204,230,1.49683,-0.442316,2.15913
Thessaloniki,Serres,204,574,1.39143,-0.41117,1.96375
Klaipėda,Kaunas,206,207,0.733476,-0.216743,0.892544
Klaipėda,Palanga,206,701,0.573019,-0.169328,0.670116
Kaunas,Vilnius,207,208,1.18099,-0.348984,1.5933
Kaunas,Warsaw,207,313,1.90488,-0.562893,2.97742
Kaunas,Riga,207,544,0.939755,-0.277699,1.20085
Kaunas,Ukmergė,207,698,0.715206,-0.211344,0.86645
Vilnius,Lida,208,209,0.923564,-0.272914,1.17574
Vilnius,Minsk,208,315,1.68909,-0.499127,2.53242
Vilnius,Marijampolė,208,638,1.00273,-0.296307,1.29997
Vilnius,Ukmergė,208,698,1.10098,-0.325341,1.45932
Lida,Slonim,209,210,0.617629,-0.18251,0.730427
Slonim,Kobryn,210,211,0.456652,-0.134941,0.518326
Kobryn,Dubno,211,212,0.499405,-0.147575,0.573164
Dubno,Ternopil,212,213,0.879711,-0.259956,1.10851
Ternopil,Chernivtsi,213,214,1.41605,-0.418446,2.0088
Ternopil,Stryj,213,376,1.60912,-0.475498,2.37451
Ternopil,Khmelnytskyi,213,377,1.55653,-0.459955,2.27269
Chernivtsi,Siret,214,215,0.860404,-0.254251,1.07927
Siret,Suceava,215,216,1.0201,-0.30144,1.32773
Suceava,Roman,216,217,1.51625,-0.448055,2.19585
Suceava,Halmeu,216,575,1.90678,-0.563457,2.98148
Suceava,Iaşi,216,667,1.72177,-0.508786,2.59805
Roman,Urziceni,217,218,0.785328,-0.232065,0.967674
Urziceni,Bucharest,218,219,0.857614,-0.253426,1.07507
Urziceni,Slobozia,218,418,0.711104,-0.210132,0.860618
Bucharest,Giurgiu,219,220,1.49328,-0.441266,2.15243
Bucharest,Ploieşti,219,417,1.29426,-0.382454,1.78943
Bucharest,Constanţa,219,420,1.46479,-0.432846,2.09903
Bucharest,Alexandria,219,457,1.33035,-0.393121,1.85353
Bucharest,Piteşti,219,580,1.34823,-0.398403,1.88556
Giurgiu,Ruse,220,221,0.836043,-0.247052,1.0427
Ruse,Byala,221,222,1.01672,-0.300442,1.32232
Ruse,Razgrad,221,458,0.824315,-0.243586,1.02521
Byala,Veliko Tarnovo,222,223,0.699424,-0.206681,0.844067
Byala,Pleven,222,581,0.649804,-0.192018,0.774657
Veliko Tarnovo,Stara Zagora,223,224,1.01428,-0.299721,1.31841
Veliko Tarnovo,Shumen,223,459,0.904604,-0.267312,1.14653
Stara Zagora,Haskovo,224,225,0.587462,-0.173596,0.689514
Stara Zagora,Burgas,224,587,0.660854,-0.195283,0.789988
Haskovo,Svilengrad,225,226,0.428867,-0.126731,0.483268
Svilengrad,Ormenio,226,227,0.329081,-0.0972438,0.361119
Ormenio,Kastanies,227,228,0.34319,-0.101413,0.378033
Kastanies,Didymoteicho,228,229,0.510624,-0.15089,0.587732
Didymoteicho,Alexandroupoli,229,230,0.748436,-0.221164,0.914057
Alexandroupoli,Gelibolu,230,475,0.958203,-0.283151,1.22964
Saint Petersburg,Pskov,231,232,0.812092,-0.239974,1.00708
Saint Petersburg,Moscow,231,236,1.34121,-0.396329,1.87296
Saint Petersburg,Petrozavodsk,231,242,0.755228,-0.223168,0.923867
Saint Petersburg,Narva,231,301,0.857096,-0.253273,1.07429
Saint Petersburg,Vyborg,231,620,0.763913,-0.225737,0.936452
Pskov,Gomel,232,233,1.01413,-0.299677,1.31818
Pskov,Riga,232,544,1.44873,-0.428101,2.06914
Gomel,Kiev,233,234,1.28156,-0.378703,1.76708
Gomel,Babruysk,233,700,1.13121,-0.334275,1.50951
Kiev,Odessa,234,235,2.15033,-0.635426,3.51707
Kiev,Hlukhiv,234,239,2.074,-0.612869,3.34543
Kiev,Kharkiv,234,244,2.07995,-0.614628,3.35869
Kiev,Rivne,234,345,1.81228,-0.535531,2.7831
Kiev,Zhytomyr,234,346,1.70494,-0.503813,2.56418
Odessa,Izmail,235,583,1.0629,-0.314087,1.39688
Odessa,Chişinău,235,669,1.30081,-0.384392,1.80102
Odessa,Mykolaiv,235,670,1.17473,-0.347135,1.58269
Moscow,Kaluga,236,237,1.96362,-0.580253,3.10334
Moscow,Orel,236,243,2.02341,-0.59792,3.23358
Moscow,Voronezh,236,245,2.33487,-0.689956,3.94623
Moscow,Tambov,236,253,2.00918,-0.593714,3.20238
Moscow,Smolensk,236,316,2.01928,-0.596698,3.22451
Moscow,Ryazan,236,317,2.02834,-0.599377,3.24441
Moscow,Velikiye Luki,236,625,1.91898,-0.567061,3.00747
Moscow,Vladimir,236,626,1.98157,-0.585556,3.14221
Kaluga,Bryansk,237,238,0.990302,-0.292635,1.28023
Bryansk,Hlukhiv,238,239,1.08324,-0.320098,1.43012
Hlukhiv,Kursk,239,642,1.36849,-0.40439,1.92209
Kirkenes,Murmansk,240,241,0.496165,-0.146576,0.568969
Murmansk,Petrozavodsk,241,242,0.488506,-0.144368,0.559081
Orel,Kharkiv,243,244,1.31955,-0.389929,1.83427
Kharkiv,Luhansk,244,347,1.18913,-0.351388,1.60713
Voronezh,Novorossiysk,245,246,2.17837,-0.643724,3.581
Voronezh,Kursk,245,642,1.87904,-0.55526,2.9227
Voronezh,Saratov,245,643,2.03992,-0.602799,3.26992
Novorossiysk,Dzhankoy,246,598,0.962876,-0.284563,1.23699
Novorossiysk,Sochi,246,599,0.883594,-0.260362,1.11416
Mineralnye Vody,Nalchik,247,248,0.74982,-0.221573,0.916054
Mineralnye Vody,Makhachkala,247,257,1.3195,-0.389913,1.83418
Mineralnye Vody,Armavir,247,384,1.16591,-0.344528,1.56776
Nalchik,Vladikavkaz,248,249,0.428607,-0.126647,0.482942
Vladikavkaz,Stepantsminda,249,250,0.376577,-0.111296,0.418523
Stepantsminda,Mtskheta,250,251,0.440108,-0.129998,0.497398
Mtskheta,Tbilisi,251,252,0.586401,-0.173414,0.688095
Tbilisi,Gori,252,425,0.861323,-0.253476,1.08032
Tbilisi,Rustavi,252,426,0.863874,-0.255332,1.08453
Tambov,Povorino,253,254,1.14118,-0.337221,1.52617
Povorino,Volgograd,254,255,0.944518,-0.279106,1.20826
Volgograd,Astrakhan,255,256,1.45883,-0.431088,2.08793
Volgograd,Luhansk,255,347,1.28802,-0.380612,1.77844
Astrakhan,Makhachkala,256,257,1.55532,-0.459601,2.27038
Astrakhan,Atyrau,256,262,1.09945,-0.324816,1.45676
Makhachkala,Kuba,257,258,0.83204,-0.245869,1.03672
Kuba,Baku,258,259,0.560261,-0.165558,0.653083
Baku,Yevlakh,259,428,0.387722,-0.11457,0.432189
Samara,Oral,260,261,1.16194,-0.343355,1.56106
Samara,Penza,260,318,0.975103,-0.288144,1.2562
Samara,Ufa,260,319,0.964555,-0.285027,1.23961
Oral,Atyrau,261,262,1.8013,-0.532257,2.76036
Oral,Saratov,261,643,1.75953,-0.519945,2.67467
Oral,Aktobe,261,644,1.54099,-0.455365,2.24293
Atyrau,Beineu,262,263,0.856503,-0.255131,1.07404
Atyrau,Beyneu,262,348,0.869577,-0.256888,1.09311
Beineu,Shetpe,263,264,0.557686,-0.151205,0.648806
Shetpe,Zhetybai,264,265,0.361821,-0.203798,0.385457
Zhetybai,Fetisovo,265,266,0.262341,0.0774812,0.303526
Fetisovo,Bekdash,266,267,0.327775,-0.290167,0.315685
Bekdash,Türkmenbaşy,267,268,0.281299,0.0638295,0.322527
Türkmenbaşy,Gyzylarbat,268,269,0.46794,-0.165642,0.53179
Gyzylarbat,Ashgabat,269,429,0.66185,-0.192571,0.790926
Chelyabinsk,Kostanay,270,271,0.748287,-0.22112,0.913841
Chelyabinsk,Ufa,270,319,1.26493,-0.373789,1.73793
Chelyabinsk,Kurgan,270,320,1.20507,-0.3561,1.63437
Kostanay,Esil,271,272,0.436699,-0.129045,0.493103
Esil,Derzhavinsk,272,273,0.393612,-0.116313,0.439439
Derzhavinsk,Arkalyk,273,274,0.490568,-0.144963,0.56174
Arkalyk,Jezkazgan,274,275,0.681274,-0.201318,0.818511
Jezkazgan,Kyzylorda,275,276,1.11251,-0.32875,1.4784
Jezkazgan,Karaganda,275,283,0.989349,-0.292348,1.27872
Kyzylorda,Shymkent,276,277,0.784894,-0.231937,0.96704
Kyzylorda,Novokazalinsk,276,647,0.662973,-0.195909,0.792936
Shymkent,Tashkent,277,278,0.857185,-0.253299,1.07442
Shymkent,Zhambyl,277,356,0.780394,-0.230607,0.960457
Tashkent,Ayni,278,279,0.980281,-0.289674,1.26437
Tashkent,Jizzakh,278,355,1.19837,-0.35412,1.6229
Tashkent,Kokand,278,686,0.987548,-0.291822,1.27587
Ayni,Dushanbe,279,280,0.87469,-0.258472,1.10089
Ayni,Kokand,279,686,0.636367,-0.188047,0.756112
Dushanbe,Termez,280,437,1.2044,-0.355903,1.63322
Dushanbe,Jirgatal,280,438,1.08441,-0.320445,1.43205
Dushanbe,Kulob,280,689,0.949791,-0.280664,1.21649
Ishim,Astana,281,282,0.801434,-0.236796,0.991327
Ishim,Omsk,281,288,1.2364,-0.365353,1.6883
Ishim,Kurgan,281,320,1.36514,-0.403404,1.91604
Ishim,Tyumen,281,632,1.26873,-0.374914,1.74457
Astana,Karaganda,282,283,1.22339,-0.361503,1.66582
Karaganda,Balkhash,283,284,1.35241,-0.399635,1.89308
Karaganda,Pavlodar,283,289,1.32329,-0.391187,1.84104
Balkhash,Burubaytal,284,285,0.739462,-0.218518,0.901138
Burubaytal,Almaty,285,286,0.756141,-0.22341,0.925182
Almaty,Bishkek,286,287,1.36802,-0.404241,1.92124
Almaty,Sary-Ozek,286,357,1.02808,-0.304365,1.34081
Almaty,Kokpek,286,692,0.911206,-0.269201,1.15666
Bishkek,Zhambyl,287,356,0.853094,-0.252091,1.06826
Bishkek,Osh,287,688,0.99351,-0.293584,1.28532
Omsk,Pavlodar,288,289,0.977981,-0.289326,1.26088
Pavlodar,Semey,289,290,0.714898,-0.206105,0.865001
Semey,Georgiyevka,290,291,0.496454,-0.173974,0.569117
Georgiyevka,Ayagoz,291,361,0.289966,0.0708847,0.331992
Narvik,Kiruna,292,293,0.290038,0.0911902,0.332746
Narvik,Setermoen,292,495,0.358559,-0.364602,0.337573
Kiruna,Töre,293,294,0.483504,-0.174177,0.551973
Töre,Luleå,294,295,0.684351,-0.198944,0.822275
Luleå,Umeå,295,609,1.11153,-0.328785,1.47695
Luleå,Haparanda,295,610,1.02173,-0.302292,1.33052
Helsingborg,Halmstad,296,297,1.11871,-0.330581,1.48869
Helsingborg,Jönköping,296,602,1.00455,-0.296847,1.30289
Örebro,Stockholm,298,299,0.934065,-0.276017,1.19201
Örebro,Karlstad,298,617,0.574576,-0.169788,0.672201
Stockholm,Södertälje,299,605,1.21268,-0.358349,1.64742
Stockholm,Uppsala,299,606,1.19236,-0.352344,1.61265
Tallinn,Narva,300,301,0.728184,-0.215179,0.884966
Tallinn,Riga,300,544,1.27868,-0.377851,1.76201
Colchester,Ipswich,302,303,0.096649,0,0.10894
Ipswich,Cambridge,303,633,0.096649,0,0.10894
The Hague,Gouda,304,305,0.81853,-0.241877,1.01662
Amersfoort,Oldenzaal,306,307,0.656807,-0.194087,0.784365
Amersfoort,Hoogeveen,306,695,0.477458,-0.141089,0.544878
Oldenzaal,Osnabrück,307,308,0.647543,-0.19135,0.77153
Osnabrück,Bad Oeynhausen,308,309,1.12465,-0.332334,1.49856
Bad Oeynhausen,Dortmund,309,505,1.3115,-0.38755,1.81996
Braunschweig,Magdeburg,310,311,0.718344,-0.212271,0.870917
Magdeburg,Halle,311,515,1.13532,-0.335488,1.51636
Poznań,Warsaw,312,313,1.7305,-0.511365,2.61569
Poznań,Wrocław,312,336,1.47309,-0.435299,2.11454
Warsaw,Elbląg,313,561,1.5592,-0.460745,2.27782
Warsaw,Radom,313,562,1.78741,-0.528183,2.73177
Warsaw,Lublin,313,710,1.85842,-0.549164,2.87929
Brest,Rennes,314,362,0.461543,-0.136386,0.524545
Brest,Lorient,314,385,0.391389,-0.115656,0.436701
Minsk,Smolensk,315,316,1.56106,-0.461297,2.28141
Minsk,Babruysk,315,700,1.49933,-0.443053,2.16383
Ryazan,Penza,317,318,1.15325,-0.340786,1.54642
Ufa,Yelabuga,319,629,0.982218,-0.290247,1.26743
Bruges,Ghent,321,322,1.25909,-0.372064,1.72774
Bruges,Zeebrugge,321,639,1.27854,-0.37781,1.76176
Ghent,Brussels,322,323,1.21945,-0.360348,1.65904
Brussels,Leuven,323,324,1.76702,-0.522157,2.68996
Leuven,Hasselt,324,705,1.04917,-0.310031,1.37459
Eupen,Aachen,325,326,1.46604,-0.433215,2.10136
Eupen,St. Vith,325,650,1.00111,-0.295831,1.29741
Aachen,Heerlen,326,706,1.31799,-0.389467,1.83149
Olpe,Wetzlar,327,328,0.764685,-0.225965,0.937574
Wetzlar,Gießen,328,329,1.35233,-0.399614,1.89293
Wetzlar,Dortmund,328,505,1.55696,-0.460083,2.27352
Wetzlar,Aschaffenburg,328,506,1.33399,-0.394195,1.86003
Wetzlar,Koblenz,328,657,1.51387,-0.447349,2.19132
Gießen,Bad Hersfeld,329,330,0.875185,-0.258618,1.10164
Bad Hersfeld,Eisenach,330,331,0.63445,-0.187481,0.753475
Eisenach,Erfurt,331,332,0.62877,-0.185802,0.745673
Erfurt,Gera,332,333,0.859584,-0.254008,1.07804
Gera,Chemnitz,333,334,1.47392,-0.435544,2.11609
Gera,Leipzig,333,523,1.50719,-0.445377,2.17868
Gera,Hirschberg,333,524,1.25391,-0.370532,1.7187
Chemnitz,Plauen,334,516,1.01636,-0.300335,1.32174
Wrocław,Opole,336,337,1.03157,-0.30483,1.34616
Wrocław,Kłodzko,336,545,1.02526,-0.302966,1.33602
Opole,Gliwice,337,338,0.730832,-0.215962,0.888755
Gliwice,Zabrze,338,339,0.760684,-0.224783,0.931768
Kraków,Rzeszów,340,341,0.760037,-0.224592,0.930831
Kraków,Radom,340,562,1.1183,-0.330458,1.488
Kraków,Trstená,340,563,0.913225,-0.269859,1.15979
Rzeszów,Jarosław,341,342,1.20705,-0.356686,1.63776
Rzeszów,Radom,341,562,0.955424,-0.282329,1.22529
Rzeszów,Barwinek,341,707,1.16453,-0.344119,1.56542
Jarosław,Korczowa,342,343,0.800539,-0.23656,0.990017
Korczowa,Lviv,343,344,0.976034,-0.288419,1.25767
Lviv,Rivne,344,345,1.49553,-0.441931,2.15667
Lviv,Mukachevo,344,375,1.99282,-0.58888,3.16667
Lviv,Lublin,344,710,1.39204,-0.411349,1.96485
Rivne,Zhytomyr,345,346,1.07309,-0.3171,1.41351
Rivne,Kovel,345,711,0.832451,-0.24599,1.03733
Zhytomyr,Vinnytsia,346,378,1.23452,-0.364802,1.68505
Beyneu,Qo‘ng‘irot,348,349,0.594696,-0.175751,0.699277
Qo‘ng‘irot,Nukus,349,350,0.462919,-0.136799,0.526296
Nukus,Daşoguz,350,351,0.523672,-0.15472,0.604769
Daşoguz,Bukhara,351,352,0.66306,-0.195918,0.793056
Daşoguz,Ashgabat,351,429,1.0956,-0.324052,1.45061
Daşoguz,Uchkuduk,351,685,0.389791,-0.115146,0.434737
Bukhara,Navoiy,352,353,1.19291,-0.352508,1.61358
Bukhara,Alat,352,433,1.21059,-0.357733,1.64383
Bukhara,Karshi,352,434,1.21236,-0.358256,1.64687
Bukhara,Uchkuduk,352,685,0.532252,-0.157287,0.616029
Navoiy,Samarkand,353,354,0.667663,-0.197295,0.799471
Samarkand,Jizzakh,354,355,0.668493,-0.19754,0.800629
Sary-Ozek,Taldykorgan,357,358,0.53621,-0.144861,0.620639
Sary-Ozek,Koktal,357,694,0.4494,-0.134744,0.509057
Taldykorgan,Ucharal,358,359,0.4088,-0.169997,0.453594
Ucharal,Taskesken,359,360,0.260987,0.112311,0.304007
Taskesken,Ayagoz,360,361,0.338584,-0.322573,0.321299
Rennes,Le Mans,362,363,0.853643,-0.252252,1.06909
Le Mans,Angers,363,388,0.73069,-0.21592,0.888551
Le Mans,Tours,363,389,1.18163,-0.349172,1.59438
Le Mans,Rouen,363,659,1.45849,-0.430986,2.0873
Reims,Charleroi,364,648,1.10169,-0.325552,1.4605
Reims,Charleville-Mézières,364,655,1.44731,-0.427682,2.06651
Reims,Rouen,364,659,1.56166,-0.461472,2.28256
Saarbrücken,Mannheim,365,366,1.82368,-0.5389,2.80675
Saarbrücken,Trier,365,656,1.21156,-0.358017,1.64548
Mannheim,Heilbronn,366,367,1.16627,-0.344633,1.56836
Rozvadov,Plzeň,368,369,1.11547,-0.329624,1.48331
Plzeň,Karlovy Vary,369,520,1.22474,-0.361911,1.66815
Plzeň,České Budějovice,369,521,0.95734,-0.282895,1.22829
Plzeň,Bayerisch Eisenstein,369,527,1.02317,-0.302348,1.33266
Trenčín,Prešov,370,371,0.603858,-0.178441,0.711683
Prešov,Košice,371,372,0.926222,-0.2737,1.17985
Prešov,Svidník,371,709,0.594309,-0.175619,0.698753
Košice,Vyšné Nemecké,372,373,1.0755,-0.317812,1.41745
Košice,Uzhhorod,372,374,1.54831,-0.457526,2.25693
Košice,Miskolc,372,549,1.45959,-0.431311,2.08934
Košice,Zvolen,372,565,1.39919,-0.413461,1.9779
Vyšné Nemecké,Uzhhorod,373,374,0.779144,-0.230238,0.958631
Uzhhorod,Mukachevo,374,375,2.11922,-0.626232,3.44669
Uzhhorod,Chop,374,720,1.62915,-0.481417,2.41371
Mukachevo,Stryj,375,376,2.00128,-0.59138,3.18512
Mukachevo,Halmeu,375,575,2.16343,-0.639297,3.54687
Khmelnytskyi,Vinnytsia,377,378,1.68173,-0.496954,2.51774
Vinnytsia,Uman,378,379,1.60933,-0.47556,2.37491
Vinnytsia,Mohyliv-Podilskyi,378,725,1.57112,-0.464267,2.30077
Uman,Kirovohrad,379,380,1.10595,-0.326809,1.46753
Kirovohrad,Dnipropetrovsk,380,381,1.33284,-0.393856,1.85798
Kirovohrad,Chişinău,380,669,1.8214,-0.538227,2.80202
Dnipropetrovsk,Donetsk,381,382,0.732174,-0.216358,0.890677
Donetsk,Rostov-on-Don,382,383,0.748664,-0.221231,0.914386
Rostov-on-Don,Armavir,383,384,1.11944,-0.330797,1.48991
Rostov-on-Don,Taganrog,383,672,1.05689,-0.312311,1.38711
Lorient,Vannes,385,386,0.432148,-0.1277,0.487384
Vannes,Nantes,386,387,0.734408,-0.217018,0.89388
Nantes,Angers,387,388,1.17149,-0.346177,1.5772
Nantes,Poitiers,387,673,1.2371,-0.365566,1.68952
Angers,Tours,388,389,1.0703,-0.316274,1.40895
Tours,Vierzon,389,500,1.29748,-0.383407,1.79513
Montargis,Auxerre,390,391,0.746949,-0.220724,0.911912
Auxerre,Beaune,391,392,1.03611,-0.306172,1.35348
Beaune,Dole,392,393,1.56907,-0.463661,2.29682
Beaune,Antwerp,392,502,1.94971,-0.576141,3.07333
Beaune,Mâcon,392,674,1.92667,-0.569334,3.0239
Dole,Besançon,393,394,0.868698,-0.256701,1.09181
Besançon,Belfort,394,395,0.964506,-0.285013,1.23953
Zürich,Winterthur,396,397,1.12458,-0.332314,1.49844
Winterthur,St. Gallen,397,398,1.28827,-0.380684,1.77887
Winterthur,Schaffhausen,397,508,1.33326,-0.39398,1.85873
St. Gallen,St. Margrethen,398,399,0.955806,-0.282442,1.22589
St. Margrethen,Bregenz,399,400,1.47461,-0.43575,2.11739
St. Margrethen,Buchs,399,511,1.18438,-0.349985,1.59905
Bregenz,Feldkirch,400,745,1.09959,-0.324932,1.45704
Bregenz,Lindau,400,510,1.79834,-0.531411,2.75428
Landeck,Feldkirch,401,745,1.14983,-0.339775,1.54067
Landeck,Telfs,401,402,0.736292,-0.217575,0.896584
Imst,Feldkirch,403,745,1.02963,-0.304258,1.34304
Sattledt,Liezen,405,529,0.903824,-0.267081,1.14534
Sattledt,Wels,405,666,0.830681,-0.245467,1.03469
Sankt Pölten,Vienna,406,407,1.03557,-0.306013,1.35261
Vienna,Nickelsdorf,407,408,0.979533,-0.289453,1.26319
Vienna,Halámky,407,522,0.920714,-0.272072,1.17134
Vienna,Graz,407,531,1.18156,-0.349151,1.59426
Nickelsdorf,Mosonmagyaróvár,408,409,0.874959,-0.258552,1.10129
Szolnok,Püspökladány,410,411,0.901348,-0.266349,1.14154
Püspökladány,Oradea,411,412,1.11209,-0.328625,1.47771
Püspökladány,Nyíregyháza,411,719,0.821755,-0.242829,1.02141
Oradea,Cluj-Napoca,412,413,1.57806,-0.46632,2.31418
Oradea,Berettyóújfalu,412,567,1.6907,-0.499605,2.53565
Oradea,Beiuş,412,568,1.48834,-0.439807,2.14314
Oradea,Satu Mare,412,576,1.68144,-0.496869,2.51716
Oradea,Arad,412,681,1.75818,-0.519544,2.67191
Cluj-Napoca,Turda,413,414,0.880385,-0.260155,1.10954
Cluj-Napoca,Zalău,413,577,0.656497,-0.193996,0.783935
Turda,Târgu Mureş,414,415,0.932125,-0.275444,1.189
Turda,Sebeş,414,578,0.842009,-0.248815,1.05162
Târgu Mureş,Braşov,415,416,0.627904,-0.185547,0.744486
Braşov,Ploieşti,416,417,0.880786,-0.260273,1.11015
Braşov,Sibiu,416,579,0.975368,-0.288222,1.25662
Braşov,Piteşti,416,580,0.87642,-0.258983,1.10351
Slobozia,Hârşova,418,419,0.810739,-0.239574,1.00507
Slobozia,Galaţi,418,585,0.738625,-0.218265,0.899933
Hârşova,Constanţa,419,420,0.688652,-0.203497,0.828875
Constanţa,Varna,420,460,1.00405,-0.296698,1.30208
Constanţa,Tulcea,420,586,0.778137,-0.22994,0.95716
Senaki,Samtredia,421,422,0.2386,0.158686,0.283672
Senaki,Zugdidi,421,601,0.346595,-0.286032,0.344241
Samtredia,Kutaisi,422,423,0.335984,-0.271053,0.333217
Kutaisi,Khashuri,423,424,0.321445,0.0103342,0.362976
Khashuri,Gori,424,425,0.566936,-0.181888,0.662828
Rustavi,Ganja,426,427,0.575506,-0.170048,0.673447
Ganja,Yevlakh,427,428,0.3903,-0.115339,0.435359
Ashgabat,Tejen,429,430,0.948754,-0.280727,1.21502
Tejen,Mary,430,431,0.540594,-0.159689,0.627014
Mary,Türkmenabat,431,432,0.5093,-0.150517,0.586009
Türkmenabat,Alat,432,433,0.753266,-0.222589,0.92103
Karshi,Guzar,434,435,0.761879,-0.225136,0.933501
Guzar,Sherobod,435,436,0.547017,-0.161644,0.635505
Sherobod,Termez,436,437,0.616431,-0.182156,0.728792
Jirgatal,Sary Tash,438,439,0.683475,-0.201968,0.8216
Jirgatal,Khorugh,438,691,0.486338,-0.143714,0.556289
Sary Tash,Irkeshtam,439,440,0.663797,-0.196153,0.794084
Irkeshtam,Osh,440,688,1.14526,-0.338427,1.53301
A Coruña,Bilbao,441,442,0.389428,-0.115077,0.434287
A Coruña,Pontevedra,441,478,0.322039,-0.095163,0.352722
Clermont-Ferrand,Montluçon,443,501,0.93539,-0.276409,1.19406
Chambéry,Susa,444,445,1.30957,-0.386981,1.81654
Chambéry,Marseille,444,733,0.944968,-0.279239,1.20896
Susa,Turin,445,446,1.0883,-0.321595,1.43844
Tortona,Brescia,447,448,0.956579,-0.28267,1.2271
Trieste,Postojna,449,450,0.871436,-0.257511,1.09595
Trieste,Ljubljana,449,451,1.16007,-0.342803,1.55791
Postojna,Ljubljana,450,451,0.647563,-0.191356,0.771558
Ljubljana,Maribor,451,532,1.06359,-0.314293,1.39802
Ljubljana,Naklo,451,535,1.01038,-0.298569,1.31219
Vršac,Timişoara,453,454,0.860791,-0.254365,1.07986
Timişoara,Drobeta-Turnu Severin,454,455,1.3958,-0.412462,1.97172
Timişoara,Arad,454,681,1.58243,-0.46761,2.32263
Drobeta-Turnu Severin,Craiova,455,456,1.10952,-0.327865,1.47345
Craiova,Alexandria,456,457,1.20802,-0.356972,1.63942
Craiova,Târgu Jiu,456,571,1.47347,-0.435413,2.11526
Craiova,Piteşti,456,580,1.46973,-0.434308,2.10827
Razgrad,Shumen,458,459,0.916622,-0.270863,1.16502
Shumen,Varna,459,460,1.12223,-0.331622,1.49454
Varna,Burgas,460,587,1.11371,-0.329102,1.48038
Lisbon,Valladolid,461,462,0.423618,-0.12518,0.476695
Lisbon,Porto,461,480,0.537542,-0.158844,0.622992
Lisbon,Albufeira,461,481,0.556384,-0.164412,0.647926
Toulouse,Nice,463,464,1.45077,-0.428704,2.07293
Nice,Cuneo,464,682,1.00901,-0.298165,1.31
Sofia,Plovdiv,465,466,1.49907,-0.442952,2.16332
Sofia,Botevgrad,465,572,1.50697,-0.445311,2.17826
Sofia,Blagoevgrad,465,573,1.57507,-0.465434,2.30839
Sofia,Kyustendil,465,742,1.14782,-0.339182,1.5373
Plovdiv,Istanbul,466,467,0.638081,-0.189185,0.758551
Istanbul,İzmit,467,468,0.447307,-0.129396,0.50659
İzmit,Gerede,468,469,0.413878,-0.139098,0.463269
İzmit,Bursa,468,476,0.532075,-0.154652,0.615704
Gerede,Kızılcahamam,469,596,0.275031,-0.193702,0.270629
Mazara del Vallo,Palermo,470,471,0.096649,0,0.10894
Metaponto,Taranto,472,473,0.343881,0.0256272,0.388416
Metaponto,Potenza,472,740,0.338941,-0.218377,0.351065
Ioannina,Trikala,474,684,0.370374,-0.109493,0.410947
Gelibolu,Keşan,475,593,1.07099,-0.316479,1.41008
Gelibolu,Ayvalık,475,594,1.07263,-0.316954,1.41276
Bursa,Ankara,476,477,0.287716,-0.105605,0.308347
Bursa,Balıkesir,476,743,0.395474,-0.113398,0.442024
Ankara,Kızılcahamam,477,596,0.230479,0.0246423,0.263722
Pontevedra,Valença,478,479,0.309846,-0.0915599,0.33825
Valença,Porto,479,480,0.398938,-0.117887,0.446013
Albufeira,Castro Marim,481,482,0.439381,-0.129838,0.49648
Castro Marim,Huelva,482,483,0.433568,-0.12812,0.489166
Cherbourg-Octeville,La Rochelle,484,485,0.477904,-0.141221,0.545451
Cherbourg-Octeville,Caen,484,658,0.611436,-0.18068,0.721985
La Rochelle,Saintes,485,727,0.480801,-0.142077,0.549169
Oslo,Hamar,486,487,0.595505,-0.175972,0.700369
Oslo,Askim,486,616,0.53765,-0.158876,0.623134
Hamar,Lillehammer,487,488,0.472094,-0.139504,0.538008
Lillehammer,Dombås,488,489,0.488709,-0.144414,0.559343
Dombås,Trondheim,489,490,0.638169,-0.18858,0.758593
Trondheim,Stjørdal,490,491,0.623294,-0.184184,0.738171
Stjørdal,Steinkjer,491,492,0.452827,-0.133812,0.513473
Steinkjer,Mosjøen,492,493,0.354263,-0.10468,0.39139
Mosjøen,Mo i Rana,493,494,0.379158,-0.112051,0.421682
Mo i Rana,Umeå,494,609,0.598858,-0.176937,0.704904
Setermoen,Alta,495,496,0.230085,0.258838,0.274708
Alta,Olderfjord,496,497,0.366198,-0.400844,0.336769
Olderfjord,Lakselv,497,498,0.31452,0.025265,0.356149
Lakselv,Karasjok,498,499,0.430871,-0.177342,0.482012
Vierzon,Montluçon,500,501,0.802407,-0.237112,0.992769
Antwerp,Zeebrugge,502,639,1.29992,-0.384128,1.79944
Martigny,Sion,503,675,0.843575,-0.249278,1.05397
Bremen,Groningen,504,621,1.42291,-0.42047,2.0214
Stuttgart,Schaffhausen,507,508,1.23021,-0.363529,1.6776
Stuttgart,Ulm,507,509,1.15991,-0.342755,1.55764
Ulm,Lindau,509,510,1.17272,-0.346541,1.57928
Lindau,Waldshut,510,663,1.91272,-0.565211,2.99411
Buchs,Chur,511,512,0.640583,-0.189293,0.76192
Chur,San Bernardino,512,513,0.611203,-0.180611,0.721667
Halle,Plauen,515,516,1.50648,-0.445167,2.17734
Plauen,Schönberg,516,517,1.45278,-0.429298,2.07667
Plauen,Hof,516,525,1.5852,-0.468428,2.32799
Schönberg,Vojtanov,517,518,0.822171,-0.242952,1.02202
Vojtanov,Cheb,518,519,0.906362,-0.267831,1.14923
Cheb,Karlovy Vary,519,520,1.52809,-0.451554,2.21834
Cheb,Marktredwitz,519,660,1.33983,-0.395921,1.87049
Karlovy Vary,Teplice,520,712,1.03185,-0.304914,1.34662
České Budějovice,Halámky,521,522,0.733278,-0.216685,0.89226
Hirschberg,Hof,524,525,0.977735,-0.288922,1.26035
Hof,Bayreuth,525,526,1.58551,-0.468521,2.3286
Bayreuth,Marktredwitz,526,660,1.46071,-0.431642,2.09143
Bayerisch Eisenstein,Deggendorf,527,528,0.864026,-0.255321,1.08474
Liezen,Sankt Michael,529,530,0.842565,-0.248979,1.05245
Sankt Michael,Graz,530,531,1.55917,-0.460737,2.27777
Graz,Maribor,531,532,1.43205,-0.423174,2.03827
Graz,Spielfeld,531,533,1.20011,-0.354633,1.62587
Graz,Klagenfurt,531,680,1.68786,-0.498766,2.52997
Maribor,Spielfeld,532,533,0.681394,-0.201353,0.818679
Karavanke Tunnel,Naklo,534,535,0.969538,-0.2865,1.24744
Naklo,Loiblpass,535,731,0.997906,-0.294882,1.2923
Kemijärvi,Posio,536,537,0.432203,-0.127725,0.487452
Posio,Kuusamo,537,538,0.340156,-0.100495,0.374389
Kuusamo,Kajaani,538,539,0.292862,-0.0865961,0.318229
Kajaani,Iisalmi,539,540,0.319867,-0.0944641,0.350146
Iisalmi,Kuopio,540,541,0.494896,-0.1463,0.567329
Tampere,Turku,542,543,0.407273,0.00671214,0.45885
Tampere,Vaasa,542,613,0.398071,-0.0103376,0.44884
Tampere,Hämeenlinna,542,615,0.789265,-0.243407,0.976036
Turku,Pori,543,614,0.339768,-0.550938,0.22655
Riga,Šiauliai,544,558,1.3452,-0.39751,1.88013
Riga,Rēzekne,544,624,1.47833,-0.436847,2.12435
Kłodzko,Kudowa-Zdrój,545,546,0.714331,-0.211086,0.865204
Kudowa-Zdrój,Náchod,546,547,0.69561,-0.205554,0.838681
Náchod,Hradec Králové,547,548,0.97222,-0.287292,1.25166
Hradec Králové,Olomouc,548,713,1.44053,-0.425679,2.05395
Miskolc,Debrecen,549,566,1.03259,-0.305133,1.34781
Szekszárd,Mohács,552,553,0.823296,-0.243285,1.0237
Mohács,Osijek,553,554,0.765202,-0.226118,0.938324
Osijek,Đakovo,554,555,1.01066,-0.29865,1.31262
Osijek,Sombor,554,732,1.15376,-0.340936,1.54727
Đakovo,Šamac,555,556,0.544479,-0.160894,0.632147
Šamac,Zenica,556,557,0.486598,-0.14379,0.556623
Zenica,Sarajevo,557,734,0.650707,-0.192285,0.775907
Šiauliai,Tolpaki,558,559,1.06565,-0.314901,1.40137
Šiauliai,Palanga,558,701,0.686846,-0.202964,0.826336
Šiauliai,Panevėžys,558,702,0.778378,-0.230012,0.957513
Tolpaki,Kaliningrad,559,560,1.35891,-0.401561,1.9048
Tolpaki,Nesterov,559,637,1.2423,-0.367101,1.69852
Trstená,Ružomberok,563,564,0.732067,-0.216327,0.890524
Ružomberok,Zvolen,564,565,1.00321,-0.296451,1.30075
Debrecen,Berettyóújfalu,566,567,0.919119,-0.271601,1.16887
Beiuş,Deva,568,569,0.800222,-0.236467,0.98955
Deva,Petroşani,569,570,1.40234,-0.414393,1.98366
Deva,Sibiu,569,579,1.63189,-0.482225,2.41907
Deva,Arad,569,681,1.53235,-0.452811,2.22644
Petroşani,Târgu Jiu,570,571,1.01785,-0.300777,1.32414
Botevgrad,Jablanica,572,582,0.681783,-0.201468,0.819224
Blagoevgrad,Serres,573,574,1.06607,-0.315025,1.40205
Halmeu,Satu Mare,575,576,1.79815,-0.531357,2.7539
Satu Mare,Zalău,576,577,0.742401,-0.21938,0.905362
Sebeş,Sibiu,578,579,1.08723,-0.321278,1.43668
Sibiu,Piteşti,579,580,1.00975,-0.298382,1.31117
Pleven,Jablanica,581,582,0.543905,-0.160725,0.631389
Izmail,Reni,583,584,0.839833,-0.248172,1.04836
Reni,Galaţi,584,585,1.2274,-0.362698,1.67275
Galaţi,Tulcea,585,586,1.0088,-0.298102,1.30966
Galaţi,Giurgiuleşti,585,726,1.25513,-0.370892,1.72082
Burgas,Malko Tarnovo,587,588,0.604958,-0.178766,0.713177
Malko Tarnovo,Dereköy,588,589,0.431382,-0.127474,0.486422
Dereköy,Kırklareli,589,590,0.30419,-0.0898884,0.331567
Kırklareli,Babaeski,590,591,0.29528,-0.0872554,0.321077
Babaeski,Havsa,591,592,0.380519,-0.112444,0.423349
Havsa,Keşan,592,593,0.508712,-0.150325,0.585244
Ayvalık,İzmir,594,595,0.51786,-0.1532,0.597172
İzmir,Manisa,595,744,0.398768,-0.117273,0.44585
Kherson,Dzhankoy,597,598,0.811046,-0.239663,1.00553
Kherson,Mykolaiv,597,670,1.15549,-0.341448,1.55019
Kherson,Melitopol,597,671,1.0923,-0.322777,1.44502
Sochi,Sukhumi,599,600,0.593935,-0.180596,0.698686
Sukhumi,Zugdidi,600,601,0.417986,-0.0842076,0.471556
Jönköping,Linköping,602,603,0.646905,-0.191161,0.770647
Linköping,Norrköping,603,604,0.715407,-0.211404,0.866736
Norrköping,Södertälje,604,605,1.10313,-0.325976,1.46288
Norrköping,Kalmar,604,623,1.00114,-0.295839,1.29745
Uppsala,Sundsvall,606,607,0.984388,-0.290888,1.27086
Sundsvall,Örnsköldsvik,607,608,0.834868,-0.246707,1.04094
Örnsköldsvik,Umeå,608,609,0.782393,-0.231181,0.963375
Haparanda,Tornio,610,611,0.795442,-0.23499,0.982498
Kokkola,Vaasa,612,613,0.684712,-0.228119,0.827377
Vaasa,Pori,613,614,0.387395,-0.0500121,0.435917
Askim,Karlstad,616,617,0.464828,-0.137357,0.52873
Kotka,Vaalimaa,618,619,0.533519,-0.15765,0.617695
Vaalimaa,Vyborg,619,620,0.508458,-0.150252,0.584913
Groningen,Hoogeveen,621,695,0.477956,-0.141237,0.545517
Sassnitz,Stralsund,622,696,0.427077,-0.126202,0.481024
Rēzekne,Velikiye Luki,624,625,1.16549,-0.344402,1.56704
Rēzekne,Daugavpils,624,699,0.795813,-0.235164,0.983061
Vladimir,Nizhny Novgorod,626,627,0.861403,-0.254546,1.08078
Nizhny Novgorod,Kazan,627,628,0.739852,-0.218627,0.901696
Kazan,Yelabuga,628,629,1.14376,-0.337982,1.53048
Yelabuga,Perm,629,630,1.12951,-0.33377,1.50666
Perm,Yekaterinburg,630,631,0.658799,-0.194676,0.787132
Yekaterinburg,Tyumen,631,632,0.67995,-0.200926,0.816653
Koszalin,Słupsk,634,635,0.506019,-0.149529,0.581744
Słupsk,Gdynia,635,636,0.642497,-0.189859,0.76456
Nesterov,Marijampolė,637,638,0.818576,-0.24189,1.01669
Aktobe,Karabutak,644,645,0.677396,-0.200171,0.813075
Karabutak,Aral,645,646,0.51679,-0.152712,0.595772
Aral,Novokazalinsk,646,647,0.511259,-0.151078,0.588559
Charleroi,Namur,648,649,0.829534,-0.245128,1.03298
St. Vith,Wittlich,650,651,0.91306,-0.269811,1.15953
Wittlich,Bingen,651,652,0.685772,-0.202647,0.824826
Bingen,Wiesbaden,652,653,0.787073,-0.232581,0.970232
Amiens,Charleville-Mézières,654,655,0.910536,-0.269065,1.15565
Trier,Koblenz,656,657,1.3287,-0.392631,1.85057
Caen,Rouen,658,659,1.3204,-0.390179,1.83578
Regensburg,Passau,664,665,0.803869,-0.237544,0.994926
Passau,Wels,665,666,1.19775,-0.353935,1.62184
Wels,Braunau am Inn,666,718,1.20696,-0.356657,1.63759
Iaşi,Sculeni,667,668,1.24166,-0.366911,1.69741
Iaşi,Bălţi,667,724,0.974636,-0.288006,1.25547
Sculeni,Chişinău,668,669,1.66789,-0.492864,2.49019
Chişinău,Giurgiuleşti,669,726,1.51567,-0.447882,2.19473
Melitopol,Taganrog,671,672,0.817308,-0.241515,1.0148
Poitiers,Mâcon,673,674,1.64287,-0.48547,2.44068
Sion,Simplon,675,676,0.638634,-0.188717,0.759233
Simplon,Gravellona Toce,676,677,0.710834,-0.210052,0.860234
Innichen,Spittal an der Drau,678,679,0.819377,-0.242127,1.01788
Klagenfurt,Loiblpass,680,731,0.861643,-0.254616,1.08114
Cuneo,Asti,682,683,0.596611,-0.176299,0.701866
Kokand,Andijan,686,687,0.921848,-0.272407,1.17309
Andijan,Osh,687,688,1.19006,-0.351664,1.60873
Kulob,Kalaikhumb,689,690,0.434725,-0.128462,0.490621
Kalaikhumb,Khorugh,690,691,0.39153,-0.115698,0.436874
Kokpek,Chundzha,692,693,0.41155,-0.120973,0.461692
Chundzha,Koktal,693,694,0.370102,-0.109194,0.410639
Stralsund,Neubrandenburg,696,697,0.444073,-0.131224,0.502397
Ukmergė,Daugavpils,698,699,1.14075,-0.337093,1.52544
Ukmergė,Panevėžys,698,702,1.06931,-0.315983,1.40734
Breda,Gorinchem,703,704,1.02747,-0.303618,1.33956
Hasselt,Heerlen,705,706,0.85246,-0.251903,1.06731
Barwinek,Vyšný Komárnik,707,708,0.582094,-0.17201,0.68229
Vyšný Komárnik,Svidník,708,709,0.491129,-0.145129,0.562464
Lublin,Kovel,710,711,0.785164,-0.232017,0.967434
Olomouc,Český Těšín,713,714,1.114,-0.329189,1.48087
Garmisch-Partenkirchen,Mittenwald,715,716,0.848411,-0.250706,1.06122
Mittenwald,Seefeld,716,717,0.817592,-0.2416,1.01523
Nyíregyháza,Chop,719,720,0.823618,-0.24338,1.02418
Dunajská Streda,Medveďov,721,722,0.508075,-0.150137,0.584416
Medveďov,Vámosszabadi,722,723,0.456534,-0.134906,0.518177
Bălţi,Mohyliv-Podilskyi,724,725,0.873108,-0.258005,1.09849
Saintes,Angoulême,727,728,0.618872,-0.182877,0.732125
St. Johann in Tirol,Lofer,729,730,0.878188,-0.259506,1.1062
Sarajevo,Užice,734,735,0.760123,-0.224617,0.930955
Užice,Čačak,735,736,0.867116,-0.256234,1.08941
Čačak,Nova Varoš,736,737,0.87224,-0.257748,1.09717
Avellino,Benevento,738,739,0.60339,-0.179048,0.711121
Balıkesir,Manisa,743,744,0.349556,-0.105442,0.385432
Copenhagen,Malmö,Kalmar,106,623,0.698023,-0.206267,0.842089
