Glasgow,Preston,1,2,0.000824783,0,0.000824783
Glasgow,Edinburgh,1,13,0.000824783,0,0.000824783
Preston,Birmingham,2,3,0.000824783,0,0.000824783
Birmingham,Cambridge,3,636,0.000824783,0,0.000824783
Le Havre,Paris,4,5,1.9685,-0.517913,2.98802
Le Havre,Amiens,4,657,1.0857,-0.521193,1.65156
Paris,Orléans,5,6,2.1801,-0.507135,3.2857
Paris,Calais,5,16,1.70274,-0.517852,2.58451
Paris,Lyon,5,17,2.69438,-0.508893,4.06554
Paris,Brussels,5,326,2.92102,-0.521788,4.44518
Paris,Le Mans,5,366,1.7167,-0.51038,2.59287
Paris,Reims,5,367,1.87014,-0.519139,2.84101
Paris,Chaumont,5,665,2.69873,-0.520123,4.1024
Orléans,Bordeaux,6,7,1.15764,-0.49407,1.7296
Orléans,Tours,6,392,1.26465,-0.495433,1.8912
Orléans,Montargis,6,393,1.50547,-0.503118,2.2629
Orléans,Toulouse,6,466,1.38011,-0.486927,2.05212
Bordeaux,San Sebastián,7,8,0.755356,-0.470246,1.11056
Bordeaux,Clermont-Ferrand,7,446,1.30792,-0.485159,1.94247
Bordeaux,Toulouse,7,466,0.649619,-0.468099,0.953706
Bordeaux,Angoulême,7,731,0.793718,-0.480229,1.17488
San Sebastián,Burgos,8,9,0.494066,-0.430741,0.706881
San Sebastián,Bilbao,8,445,0.389821,-0.433282,0.558723
San Sebastián,Toulouse,8,466,0.561989,-0.454589,0.817463
Burgos,Madrid,9,10,0.34595,-0.405068,0.486083
Burgos,Valladolid,9,465,0.219592,-0.410599,0.309756
Madrid,Seville,10,11,0.252667,-0.387069,0.350466
Madrid,Barcelona,10,21,0.445288,-0.423021,0.633654
Madrid,Valencia,10,24,0.26004,-0.396412,0.363124
Madrid,Lisbon,10,464,0.245607,-0.391884,0.341857
Seville,Algeciras,11,12,0.135671,-0.372561,0.186217
Seville,Huelva,11,486,0.142869,-0.372041,0.196023
Algeciras,Málaga,12,28,0.0635187,-0.364738,0.0866865
Edinburgh,Newcastle,13,14,0.000824783,0,0.000824783
Newcastle,London,14,15,0.000824783,0,0.000824783
London,Colchester,15,305,0.000824783,0,0.000824783
Calais,Bruges,16,324,1.67544,-0.524104,2.55354
Calais,Rouen,16,662,1.12205,-0.519984,1.7055
Lyon,Orange,17,18,1.32023,-0.500351,1.98081
Lyon,Clermont-Ferrand,17,446,1.53611,-0.48934,2.28779
Lyon,Chambéry,17,447,1.27172,-0.502712,1.91103
Orange,Narbonne,18,19,0.621741,-0.490934,0.926974
Orange,Marseille,18,736,0.562841,-0.498236,0.843269
Narbonne,Girona,19,20,0.391319,-0.467435,0.574235
Girona,Barcelona,20,21,0.526729,-0.444816,0.761027
Barcelona,Tarragona,21,22,0.366531,-0.431226,0.524589
Barcelona,Toulouse,21,466,0.922921,-0.452234,1.3403
Tarragona,Castellón de la Plana,22,23,0.19713,-0.415476,0.279033
Castellón de la Plana,Valencia,23,24,0.191535,-0.397488,0.267668
Valencia,Alicante,24,25,0.1515,-0.388246,0.210319
Alicante,Murcia,25,26,0.0690876,-0.379051,0.0952753
Murcia,Almería,26,27,0.039051,-0.36731,0.0533948
Almería,Málaga,27,28,0.037702,-0.36027,0.0512849
Hook of Holland,Rotterdam,29,30,0.543924,-0.519415,0.826446
Hook of Holland,The Hague,29,307,0.298056,-0.514877,0.451519
Rotterdam,Eindhoven,30,31,1.35484,-0.520818,2.06046
Eindhoven,Maastricht,31,32,1.42679,-0.52673,2.17832
Eindhoven,Antwerp,31,505,2.40651,-0.527185,3.67519
Eindhoven,Venlo,31,643,1.84658,-0.522304,2.81106
Eindhoven,Breda,31,706,1.37,-0.520669,2.08331
Maastricht,Liège,32,33,1.74333,-0.530591,2.66832
Liège,Bastogne,33,34,1.61147,-0.532478,2.46955
Liège,Leuven,33,327,2.66569,-0.52947,4.0771
Liège,Eupen,33,328,1.67583,-0.532337,2.56793
Liège,Antwerp,33,505,2.99179,-0.529863,4.57702
Liège,Namur,33,652,1.80962,-0.531103,2.77072
Liège,St. Vith,33,653,1.47225,-0.532428,2.25612
Liège,Charleville-Mézières,33,658,1.93816,-0.530651,2.96665
Bastogne,Arlon,34,35,0.966289,-0.533562,1.48186
Arlon,Luxembourg,35,36,1.35226,-0.532483,2.07231
Luxembourg,Metz,36,37,2.29538,-0.528274,3.50797
Luxembourg,St. Vith,36,653,1.6288,-0.533117,2.49714
Luxembourg,Charleville-Mézières,36,658,1.27582,-0.529852,1.95182
Luxembourg,Trier,36,659,1.60342,-0.533384,2.45866
Metz,Saint-Avold,37,38,2.75752,-0.528146,4.21389
Metz,Lausanne,37,44,2.29892,-0.526326,3.5089
Metz,Geneva,37,45,2.6403,-0.517877,4.00766
Metz,Brussels,37,326,3.19477,-0.525715,4.87431
Metz,Reims,37,367,2.35317,-0.524427,3.58723
Metz,Saarbrücken,37,368,2.59551,-0.529814,3.97064
Saint-Avold,Strasbourg,38,39,2.0644,-0.530645,3.15987
Strasbourg,Mulhouse,39,40,2.58309,-0.531495,3.95599
Strasbourg,Appenweier,39,664,1.93459,-0.533554,2.9668
Mulhouse,Basel,40,41,2.49435,-0.529745,3.81571
Mulhouse,Belfort,40,398,1.87225,-0.53014,2.8648
Mulhouse,Chaumont,40,665,2.41735,-0.526928,3.69112
Basel,Olten,41,42,1.49967,-0.528077,2.29161
Basel,Offenburg,41,61,2.13047,-0.530689,3.26109
Basel,Zürich,41,399,1.77942,-0.524948,2.71353
Basel,Waldshut,41,666,2.112,-0.525079,3.22097
Olten,Bern,42,43,1.52688,-0.528395,2.33368
Olten,Lucerne,42,62,0.947858,-0.525685,1.44613
Bern,Lausanne,43,44,1.26636,-0.525957,1.93241
Bern,Belfort,43,398,1.55436,-0.529049,2.37669
Bern,Martigny,43,506,0.92015,-0.520888,1.39945
Lausanne,Geneva,44,45,1.08313,-0.512587,1.63833
Lausanne,Martigny,44,506,0.81274,-0.518677,1.23429
Geneva,Mont Blanc,45,46,1.23822,-0.512343,1.87261
Geneva,Chambéry,45,447,1.41507,-0.504106,2.12841
Geneva,Mâcon,45,677,2.10347,-0.513519,3.18364
Mont Blanc,Aosta,46,47,0.74449,-0.508104,1.12277
Aosta,Ivrea,47,48,0.711722,-0.493536,1.06298
Aosta,Martigny,47,506,0.940859,-0.498754,1.41012
Ivrea,Vercelli,48,49,0.313356,-0.477829,0.463087
Ivrea,Turin,48,449,0.47852,-0.472418,0.704581
Vercelli,Alessandria,49,50,0.296653,-0.458132,0.43256
Alessandria,Genoa,50,51,0.4143,-0.44558,0.598903
Alessandria,Turin,50,449,0.372534,-0.458487,0.543335
Alessandria,Tortona,50,450,0.285706,-0.447629,0.413596
Alessandria,Asti,50,686,0.365912,-0.449182,0.530273
Genoa,Rome,51,74,0.881828,-0.436791,1.267
Genoa,Tortona,51,450,0.486757,-0.440439,0.701144
Genoa,Nice,51,467,0.666716,-0.448111,0.965479
Amsterdam,Utrecht,52,53,1.25163,-0.518004,1.89998
Amsterdam,Amersfoort,52,309,0.717442,-0.522843,1.09255
Amsterdam,Brussels,52,326,3.02409,-0.524328,4.60971
Amsterdam,Groningen,52,624,1.29017,-0.520999,1.96234
Utrecht,Arnhem,53,54,0.964162,-0.513479,1.45924
Utrecht,Gouda,53,308,0.787314,-0.511969,1.19039
Utrecht,Amersfoort,53,309,0.73008,-0.512918,1.10455
Utrecht,Gorinchem,53,707,0.927344,-0.513442,1.40348
Arnhem,Emmerich,54,55,0.861431,-0.516865,1.30668
Emmerich,Oberhausen,55,56,1.64919,-0.520702,2.50792
Oberhausen,Cologne,56,57,2.78337,-0.524959,4.24452
Oberhausen,Dortmund,56,508,1.98537,-0.522347,3.02242
Oberhausen,Venlo,56,643,1.89091,-0.519839,2.87388
Cologne,Frankfurt am Main,57,58,3.15039,-0.531333,4.8243
Cologne,Aachen,57,329,2.75791,-0.53077,4.22173
Cologne,Olpe,57,330,1.96772,-0.52878,3.00821
Cologne,Bremen,57,507,2.96735,-0.523533,4.52086
Frankfurt am Main,Heidelberg,58,59,2.78188,-0.535536,4.27168
Frankfurt am Main,Gießen,58,332,1.98294,-0.534358,3.04255
Frankfurt am Main,Mannheim,58,369,3.21616,-0.534688,4.9358
Frankfurt am Main,Aschaffenburg,58,509,2.34059,-0.53354,3.58938
Frankfurt am Main,Wiesbaden,58,656,2.26052,-0.535887,3.4719
Heidelberg,Karlsruhe,59,60,2.37191,-0.534286,3.63918
Karlsruhe,Offenburg,60,61,2.09402,-0.529016,3.2018
Karlsruhe,Stuttgart,60,510,2.90976,-0.529981,4.45188
Karlsruhe,Appenweier,60,664,2.19041,-0.533419,3.35882
Lucerne,Altdorf,62,63,0.704696,-0.521083,1.0719
Altdorf,Gotthard Pass,63,64,0.507018,-0.513924,0.767587
Altdorf,Zürich,63,399,0.934549,-0.520927,1.42138
Gotthard Pass,Bellinzona,64,65,0.273338,-0.497047,0.4092
Bellinzona,Lugano,65,66,0.162932,-0.469442,0.239419
Bellinzona,San Bernardino,65,516,0.167473,-0.481304,0.248078
Lugano,Chiasso,66,67,0.130653,-0.445962,0.188919
Chiasso,Como,67,68,0.214906,-0.438202,0.309079
Como,Milan,68,69,0.487505,-0.44042,0.702212
Milan,Piacenza,69,70,0.574982,-0.440488,0.828254
Milan,Turin,69,449,0.599074,-0.453531,0.870772
Milan,Tortona,69,450,0.401681,-0.441748,0.579123
Milan,Brescia,69,451,0.505508,-0.442476,0.729183
Milan,Gravellona Toce,69,680,0.512296,-0.445068,0.740303
Piacenza,Parma,70,71,0.437832,-0.438875,0.629986
Parma,Modena,71,72,0.684991,-0.439884,0.986308
Modena,Florence,72,73,0.819517,-0.438533,1.1789
Modena,Verona,72,94,0.909486,-0.442955,1.31235
Modena,Bologna,72,95,0.789109,-0.440954,1.13707
Florence,Rome,73,74,0.756251,-0.435092,1.08529
Rome,Pescara,74,125,0.766642,-0.429768,1.09612
Östersund,Mora,75,76,0.235707,-0.348955,0.317959
Östersund,Trondheim,75,493,0.279984,-0.349284,0.377778
Östersund,Sundsvall,75,610,0.298507,-0.347173,0.40214
Mora,Säffle,76,77,0.171687,-0.349264,0.231652
Säffle,Gothenburg,77,78,0.227596,-0.348535,0.306921
Gothenburg,Halmstad,78,300,0.219941,-0.346395,0.296128
Gothenburg,Örebro,78,301,0.237623,-0.346611,0.319985
Gothenburg,Oslo,78,489,0.19915,-0.349327,0.268718
Hamburg,Hanover,79,80,1.88116,-0.519498,2.85842
Hamburg,Berlin,79,108,2.08026,-0.517647,3.1571
Hamburg,Bremen,79,507,2.33237,-0.520763,3.54698
Hamburg,Lübeck,79,517,1.08287,-0.51863,1.64448
Hanover,Göttingen,80,81,1.28384,-0.523225,1.95557
Hanover,Bad Oeynhausen,80,312,1.47619,-0.523,2.24824
Hanover,Braunschweig,80,313,1.39821,-0.51922,2.12419
Göttingen,Kassel,81,82,1.14489,-0.526313,1.74746
Kassel,Fulda,82,83,1.52145,-0.529869,2.32762
Kassel,Dortmund,82,508,1.78945,-0.526272,2.73119
Fulda,Würzburg,83,84,2.19186,-0.531456,3.35674
Würzburg,Nuremberg,84,85,3.27845,-0.531719,5.02166
Würzburg,Aschaffenburg,84,509,2.87194,-0.532308,4.4007
Würzburg,Stuttgart,84,510,2.27788,-0.533836,3.4939
Würzburg,Ulm,84,512,1.52231,-0.529147,2.32783
Nuremberg,Munich,85,86,2.9077,-0.524306,4.43222
Nuremberg,Heilbronn,85,370,2.94809,-0.53156,4.51518
Nuremberg,Rozvadov,85,371,2.38358,-0.526484,3.6385
Nuremberg,Bayreuth,85,529,3.18901,-0.526468,4.86792
Nuremberg,Regensburg,85,667,2.25446,-0.528018,3.44486
Munich,Rosenheim,86,87,2.17843,-0.515801,3.30207
Munich,Salzburg,86,115,2.61127,-0.515489,3.95735
Munich,Ulm,86,512,2.11263,-0.52274,3.21699
Munich,Lindau,86,513,2.40788,-0.515677,3.64957
Munich,Deggendorf,86,531,2.32323,-0.521218,3.53414
Munich,Garmisch-Partenkirchen,86,718,2.10675,-0.516285,3.19443
Munich,Braunau am Inn,86,721,1.84441,-0.519978,2.80346
Rosenheim,Wörgl,87,88,1.48966,-0.510568,2.25024
Rosenheim,Bad Reichenhall,87,407,1.17271,-0.513448,1.77483
Wörgl,Innsbruck,88,89,1.47253,-0.503141,2.21342
Wörgl,St. Johann in Tirol,88,732,1.08333,-0.507187,1.63278
Innsbruck,Brenner,89,90,0.894947,-0.495944,1.33879
Innsbruck,Telfs,89,405,0.765853,-0.50013,1.14888
Innsbruck,Imst,89,406,0.781677,-0.500396,1.17282
Innsbruck,Seefeld,89,720,0.900384,-0.500138,1.3507
Brenner,Fortezza,90,91,0.572437,-0.489238,0.852495
Fortezza,Bolzano,91,92,0.428001,-0.476255,0.631839
Fortezza,Innichen,91,681,0.500845,-0.491908,0.747215
Bolzano,Trento,92,93,0.40549,-0.456475,0.590585
Trento,Verona,93,94,0.753169,-0.446897,1.08976
Verona,Mestre,94,120,1.06712,-0.448371,1.54558
Verona,Brescia,94,451,0.818284,-0.442726,1.18056
Bologna,Cesena,95,96,0.672588,-0.442467,0.970186
Cesena,Perugia,96,97,0.466393,-0.443108,0.673056
Cesena,Ravenna,96,121,0.67755,-0.446025,0.979755
Cesena,Rimini,96,122,0.485995,-0.442348,0.700974
Perugia,Fiano Romano,97,98,0.194848,-0.440949,0.280766
Fiano Romano,Naples,98,99,0.0951383,-0.433792,0.136409
Naples,Salerno,99,100,0.0268094,-0.419436,0.0380543
Naples,Avellino,99,741,0.0425752,-0.409185,0.0599964
Salerno,Sicignano degli Alburni,100,101,0.0190246,-0.377289,0.0262024
Salerno,Avellino,100,741,0.0250676,-0.381272,0.0346252
Sicignano degli Alburni,Potenza,101,743,0.0114785,-0.34839,0.0154775
Messina,Catania,102,103,0.000824783,0,0.000824783
Messina,Palermo,102,474,0.000824783,0,0.000824783
Catania,Siracusa,103,104,0.000824783,0,0.000824783
Siracusa,Gela,104,105,0.000824783,0,0.000824783
Gela,Mazara del Vallo,105,473,0.000824783,0,0.000824783
Helsingborg,Copenhagen,299,106,0.0507724,-0.337634,0.0679148
Copenhagen,Malmö,106,135,0.0265961,-0.332637,0.0354429
Rostock,Berlin,107,108,1.57793,-0.516466,2.39288
Rostock,Lübeck,107,517,0.78648,-0.51722,1.19326
Rostock,Sassnitz,107,625,0.667819,-0.516418,1.01269
Berlin,Lübbenau,108,109,2.36727,-0.516155,3.58915
Berlin,Szczecin,108,137,1.87313,-0.516337,2.84029
Berlin,Świebodzin,108,139,2.23092,-0.516478,3.38314
Berlin,Magdeburg,108,314,2.34977,-0.517232,3.56515
Berlin,Leipzig,108,526,2.08856,-0.516378,3.16705
Berlin,Neubrandenburg,108,700,1.45571,-0.516444,2.2075
Lübbenau,Dresden,109,110,1.74558,-0.516028,2.64635
Lübbenau,Cottbus,109,644,1.29942,-0.515586,1.96939
Dresden,Ústí nad Labem,110,111,1.77302,-0.517242,2.6901
Dresden,Chemnitz,110,337,1.9892,-0.51634,3.01631
Dresden,Görlitz,110,338,1.2806,-0.51588,1.94123
Ústí nad Labem,Prague,111,112,1.986,-0.518715,3.01617
Prague,Tábor,112,113,1.93367,-0.519238,2.93771
Prague,Mladá Boleslav,112,146,1.11528,-0.518982,1.69409
Prague,Jihlava,112,147,1.9607,-0.518863,2.97803
Prague,Plzeň,112,372,2.14924,-0.521106,3.26923
Prague,Karlovy Vary,112,523,1.33016,-0.518864,2.02033
Prague,Hradec Králové,112,551,1.45355,-0.518231,2.20682
Tábor,Linz,113,114,1.7129,-0.519376,2.60254
Linz,Salzburg,114,115,1.84458,-0.516272,2.79689
Linz,Sattledt,114,408,0.73778,-0.518797,1.12054
Linz,Sankt Pölten,114,409,1.73436,-0.518198,2.6331
Linz,Wels,114,669,1.29245,-0.519904,1.96441
Salzburg,Villach,115,116,2.87623,-0.510441,4.34437
Salzburg,Bad Reichenhall,115,407,1.43999,-0.512801,2.17842
Salzburg,Sattledt,115,408,1.49591,-0.515314,2.26677
Salzburg,Lofer,115,733,1.72424,-0.512115,2.60725
Villach,Tarvisio,116,117,1.53646,-0.505655,2.31338
Villach,Karavanke Tunnel,116,537,1.31234,-0.506085,1.9765
Villach,Spittal an der Drau,116,682,1.48484,-0.50729,2.23808
Villach,Klagenfurt,116,683,1.58682,-0.507605,2.3923
Tarvisio,Udine,117,118,0.800794,-0.494804,1.19703
Udine,Palmanova,118,119,0.857599,-0.475566,1.26544
Palmanova,Mestre,119,120,1.11809,-0.460614,1.6331
Palmanova,Trieste,119,452,1.04825,-0.470473,1.54142
Mestre,Ravenna,120,121,0.808246,-0.449555,1.1716
Rimini,Fano,122,123,0.250685,-0.437219,0.360289
Fano,Ancona,123,124,0.234583,-0.428172,0.335026
Ancona,Pescara,124,125,0.419366,-0.424748,0.597491
Pescara,Canosa di Puglia,125,126,0.464273,-0.419882,0.659213
Canosa di Puglia,Bari,126,127,0.162272,-0.402753,0.227628
Canosa di Puglia,Benevento,126,742,0.165086,-0.405722,0.232064
Bari,Brindisi,127,128,0.0456894,-0.394535,0.0637154
Bari,Taranto,127,476,0.0437972,-0.391571,0.0609469
Brindisi,Taranto,128,476,0.012059,-0.366694,0.016481
Igoumenitsa,Preveza,129,130,0.0416664,-0.350164,0.0562565
Igoumenitsa,Ioannina,129,477,0.085293,-0.378238,0.117554
Preveza,Rhion,130,131,0.0272199,-0.297609,0.0353208
Rhion,Patras,131,132,0.0149264,-0.236954,0.0184633
Rhion,Aigio,131,175,0.0149264,-0.236954,0.0184633
Patras,Pyrgos,132,133,0.0084881,-0.208691,0.0102595
Pyrgos,Kalamata,133,134,0.00559258,-0.184783,0.00662599
Kalamata,Tripoli,134,177,0.00476389,-0.173953,0.00559258
Malmö,Helsingborg,135,299,0.0702567,-0.336523,0.0938997
Malmö,Kalmar,135,626,0.0676445,-0.334187,0.0902504
Goleniów,Szczecin,136,137,0.799669,-0.516033,1.21232
Goleniów,Koszalin,136,637,0.343169,-0.516008,0.520246
Szczecin,Gorzów Wielkopolski,137,138,0.849257,-0.516187,1.28763
Gorzów Wielkopolski,Świebodzin,138,139,1.0112,-0.516613,1.5336
Świebodzin,Zielona Góra,139,140,1.33724,-0.516143,2.02744
Świebodzin,Poznań,139,315,2.07479,-0.518186,3.14992
Zielona Góra,Legnica,140,141,1.34086,-0.516121,2.03291
Legnica,Jelenia Góra,141,142,1.21831,-0.514579,1.84523
Legnica,Görlitz,141,338,1.35096,-0.515279,2.04709
Legnica,Wrocław,141,339,2.03488,-0.515339,3.08353
Legnica,Cottbus,141,644,1.35232,-0.515256,2.0491
Jelenia Góra,Harrachov,142,143,0.527867,-0.513659,0.79901
Harrachov,Železný Brod,143,144,0.379707,-0.513283,0.574604
Železný Brod,Turnov,144,145,0.621342,-0.514741,0.941172
Turnov,Mladá Boleslav,145,146,0.656852,-0.517172,0.996558
Turnov,Hradec Králové,145,551,0.931023,-0.516221,1.41164
Turnov,Teplice,145,715,0.796058,-0.516904,1.20754
Jihlava,Brno,147,148,1.00667,-0.516884,1.527
Jihlava,Vienna,147,410,1.62212,-0.517997,2.46238
Brno,Bratislava,148,149,1.42891,-0.516952,2.16759
Brno,Trenčín,148,373,1.39274,-0.51795,2.11411
Brno,Vienna,148,410,1.65292,-0.515732,2.50538
Brno,Olomouc,148,716,1.40296,-0.517408,2.12886
Bratislava,Rajka,149,150,1.55558,-0.515259,2.35711
Bratislava,Žilina,149,195,1.61315,-0.516157,2.44578
Bratislava,Győr,149,196,1.63411,-0.514665,2.47513
Bratislava,Vienna,149,410,2.28705,-0.511226,3.45626
Bratislava,Zvolen,149,568,2.14805,-0.516246,3.25696
Bratislava,Dunajská Streda,149,724,1.33427,-0.515447,2.02201
Rajka,Csorna,150,151,0.618653,-0.514642,0.937038
Csorna,Szombathely,151,152,0.318492,-0.510263,0.481007
Szombathely,Zalaegerszeg,152,153,0.343361,-0.502211,0.515801
Zalaegerszeg,Nagykanizsa,153,154,0.713109,-0.498644,1.0687
Nagykanizsa,Letenye,154,155,0.44897,-0.497945,0.672532
Nagykanizsa,Zagreb,154,156,1.05036,-0.48695,1.56183
Nagykanizsa,Balatonvilágos,154,553,1.37563,-0.504668,2.06986
Letenye,Zagreb,155,156,0.601391,-0.478742,0.889302
Zagreb,Karlovac,156,157,0.894853,-0.476948,1.32165
Zagreb,Ljubljana,156,454,0.847481,-0.479408,1.25377
Zagreb,Slavonski Brod,156,455,1.12519,-0.461584,1.64456
Zagreb,Maribor,156,535,0.968955,-0.48463,1.43854
Karlovac,Rijeka,157,158,0.408999,-0.473567,0.602687
Karlovac,Knin,157,554,0.328406,-0.472906,0.483711
Rijeka,Split,158,159,0.288249,-0.468084,0.423174
Rijeka,Trieste,158,452,0.705552,-0.473701,1.03977
Split,Dubrovnik,159,160,0.235565,-0.450586,0.341707
Split,Knin,159,554,0.207656,-0.464912,0.304198
Dubrovnik,Petrovac,160,161,0.0851787,-0.439847,0.122644
Dubrovnik,Podgorica,160,162,0.208471,-0.430074,0.298129
Petrovac,Podgorica,161,162,0.148034,-0.423884,0.210783
Petrovac,Prizren,161,744,0.132368,-0.428829,0.189132
Podgorica,Bijelo Polje,162,163,0.224582,-0.425171,0.320067
Podgorica,Pristina,162,164,0.306921,-0.429964,0.438886
Podgorica,Sarajevo,162,737,0.388468,-0.422717,0.55268
Bijelo Polje,Pristina,163,164,0.308349,-0.430595,0.441122
Bijelo Polje,Nova Varoš,163,740,0.327755,-0.430575,0.468879
Pristina,Skopje,164,165,0.424763,-0.430188,0.607491
Pristina,Niš,164,202,0.776545,-0.437436,1.11623
Pristina,Prizren,164,744,0.254738,-0.430638,0.364438
Skopje,Kičevo,165,166,0.301575,-0.426804,0.430288
Skopje,Kumanovo,165,203,0.409774,-0.433563,0.587437
Skopje,Veles,165,204,0.326404,-0.425169,0.465181
Kičevo,Ohrid,166,167,0.129318,-0.422175,0.183912
Ohrid,Bitola,167,168,0.0662504,-0.411979,0.0935442
Bitola,Niki,168,169,0.0577706,-0.398528,0.0807938
Niki,Vevi,169,170,0.0953372,-0.394,0.1329
Vevi,Kozani,170,171,0.208029,-0.395174,0.290237
Kozani,Larissa,171,172,0.140914,-0.39553,0.19665
Kozani,Thessaloniki,171,207,0.448064,-0.399291,0.626972
Kozani,Ioannina,171,477,0.173267,-0.393287,0.241411
Larissa,Domokos,172,173,0.0631421,-0.394731,0.0880663
Larissa,Lamia,172,174,0.0631421,-0.394731,0.0880663
Larissa,Katerini,172,208,0.176801,-0.398251,0.247212
Larissa,Trikala,172,687,0.0909786,-0.39201,0.126643
Domokos,Lamia,173,174,6.61346e-05,-0.460045,3.30673e-05
Aigio,Corinth,175,176,0.0084881,-0.208691,0.0102595
Corinth,Tripoli,176,177,0.00559258,-0.184783,0.00662599
Varangerbotn,Utsjoki,178,179,0.0740991,-0.456438,0.107921
Varangerbotn,Kirkenes,178,243,0.156331,-0.49795,0.234176
Varangerbotn,Karasjok,178,502,0.0703409,-0.464928,0.103044
Utsjoki,Inari,179,180,0.0400269,-0.399277,0.0560088
Inari,Ivalo,180,181,0.0379185,-0.33288,0.0505408
Ivalo,Sodankylä,181,182,0.0610546,-0.304478,0.0796444
Sodankylä,Rovaniemi,182,183,0.0929802,-0.301545,0.121018
Sodankylä,Kemijärvi,182,539,0.058548,-0.298435,0.0760208
Rovaniemi,Kemi,183,184,0.131307,-0.305201,0.171382
Kemi,Oulu,184,185,0.175382,-0.310018,0.229754
Kemi,Tornio,184,614,0.133641,-0.309938,0.175062
Oulu,Jyväskylä,185,186,0.154763,-0.317453,0.203893
Oulu,Kokkola,185,615,0.116238,-0.318227,0.153228
Jyväskylä,Heinola,186,187,0.142703,-0.347243,0.192256
Jyväskylä,Kuopio,186,544,0.129833,-0.330631,0.172759
Jyväskylä,Tampere,186,545,0.142735,-0.353081,0.193132
Heinola,Lahti,187,188,0.0994945,-0.373089,0.136615
Lahti,Helsinki,188,189,0.130526,-0.409308,0.183952
Helsinki,Hämeenlinna,189,618,0.13807,-0.39805,0.193028
Helsinki,Kotka,189,621,0.199281,-0.465194,0.291986
Gdańsk,Świecie,190,191,1.54361,-0.520628,2.34725
Gdańsk,Kaliningrad,190,563,1.1477,-0.523637,1.74868
Gdańsk,Elbląg,190,564,1.29849,-0.523303,1.97799
Gdańsk,Gdynia,190,639,0.937243,-0.521036,1.42558
Świecie,Łódź,191,192,1.10922,-0.519375,1.68532
Świecie,Poznań,191,315,1.46546,-0.520792,2.22865
Łódź,Piotrków Trybunalski,192,193,1.26232,-0.520543,1.91942
Piotrków Trybunalski,Katowice,193,194,1.51424,-0.519299,2.30059
Piotrków Trybunalski,Warsaw,193,316,2.09686,-0.525137,3.198
Piotrków Trybunalski,Wrocław,193,339,1.54272,-0.517987,2.34183
Katowice,Žilina,194,195,1.30096,-0.516098,1.97238
Katowice,Zabrze,194,342,1.13087,-0.515405,1.71372
Katowice,Kraków,194,343,1.72327,-0.516352,2.61308
Katowice,Český Těšín,194,717,0.899491,-0.516139,1.36375
Žilina,Olomouc,195,716,0.796464,-0.516409,1.20776
Győr,Budapest,196,197,2.33393,-0.512461,3.52998
Győr,Vámosszabadi,196,726,1.02811,-0.514511,1.55709
Budapest,Szeged,197,198,2.73203,-0.505372,4.11272
Budapest,Mosonmagyaróvár,197,412,2.50804,-0.512778,3.79411
Budapest,Szolnok,197,413,2.596,-0.508074,3.91495
Budapest,Miskolc,197,552,2.50979,-0.51365,3.79894
Budapest,Balatonvilágos,197,553,2.34569,-0.504029,3.52798
Budapest,Szekszárd,197,555,2.06631,-0.509757,3.11963
Budapest,Zvolen,197,568,2.29231,-0.512485,3.46708
Szeged,Subotica,198,199,1.63499,-0.498843,2.45059
Szeged,Arad,198,684,2.21663,-0.490759,3.30445
Subotica,Novi Sad,199,200,1.09437,-0.483098,1.62306
Subotica,Sombor,199,735,0.896947,-0.493214,1.33933
Novi Sad,Belgrade,200,201,1.19338,-0.465051,1.74836
Belgrade,Niš,201,202,1.14486,-0.452084,1.66244
Belgrade,Slavonski Brod,201,455,1.13354,-0.455944,1.65037
Belgrade,Vršac,201,456,1.06706,-0.456593,1.55427
Belgrade,Čačak,201,739,1.00128,-0.447539,1.44939
Niš,Kumanovo,202,203,0.536693,-0.442673,0.774273
Niš,Drobeta-Turnu Severin,202,458,1.17662,-0.444974,1.70018
Niš,Sofia,202,468,0.98105,-0.439653,1.41237
Kumanovo,Kyustendil,203,745,0.369859,-0.437588,0.531706
Veles,Gevgelija,204,205,0.199104,-0.415888,0.281908
Gevgelija,Evzoni,205,206,0.237413,-0.405568,0.3337
Evzoni,Thessaloniki,206,207,0.468297,-0.401698,0.656411
Thessaloniki,Katerini,207,208,0.321557,-0.400466,0.450329
Thessaloniki,Alexandroupoli,207,233,0.684501,-0.396896,0.956177
Thessaloniki,Serres,207,577,0.531954,-0.406647,0.748271
Klaipėda,Kaunas,209,210,1.51773,-0.539835,2.33705
Klaipėda,Palanga,209,704,0.88274,-0.539913,1.35934
Kaunas,Vilnius,210,211,1.68012,-0.540891,2.58888
Kaunas,Warsaw,210,316,3.3813,-0.535123,5.19071
Kaunas,Riga,210,547,2.19104,-0.54415,3.3833
Kaunas,Ukmergė,210,701,1.41066,-0.541076,2.17394
Vilnius,Lida,211,212,1.53882,-0.544695,2.37701
Vilnius,Minsk,211,318,3.15742,-0.546399,4.88264
Vilnius,Marijampolė,211,641,1.61721,-0.544002,2.49698
Vilnius,Ukmergė,211,701,1.60998,-0.545273,2.48786
Lida,Slonim,212,213,0.604837,-0.5431,0.933324
Slonim,Kobryn,213,214,0.327825,-0.535521,0.503383
Kobryn,Dubno,214,215,0.401928,-0.525271,0.613049
Dubno,Ternopil,215,216,0.898273,-0.522264,1.36741
Ternopil,Chernivtsi,216,217,1.04382,-0.519969,1.58658
Ternopil,Stryj,216,379,1.48655,-0.520071,2.25967
Ternopil,Khmelnytskyi,216,380,1.23713,-0.525974,1.88782
Chernivtsi,Siret,217,218,0.840271,-0.514032,1.2722
Siret,Suceava,218,219,1.50057,-0.508696,2.2639
Suceava,Roman,219,220,1.54424,-0.502334,2.31997
Suceava,Halmeu,219,578,2.35671,-0.505918,3.54901
Suceava,Iaşi,219,670,1.97355,-0.509448,2.97897
Roman,Urziceni,220,221,0.952398,-0.48406,1.41342
Urziceni,Bucharest,221,222,0.809309,-0.456749,1.17896
Urziceni,Slobozia,221,421,0.638379,-0.458067,0.930799
Bucharest,Giurgiu,222,223,0.521359,-0.429201,0.745127
Bucharest,Ploieşti,222,420,0.424601,-0.443363,0.612853
Bucharest,Constanţa,222,423,0.654925,-0.434549,0.939522
Bucharest,Alexandria,222,460,0.491104,-0.448372,0.711301
Bucharest,Piteşti,222,583,0.529696,-0.447858,0.766925
Giurgiu,Ruse,223,224,0.305867,-0.414482,0.432644
Ruse,Byala,224,225,0.189051,-0.396619,0.264032
Ruse,Razgrad,224,461,0.173908,-0.396854,0.242924
Byala,Veliko Tarnovo,225,226,0.160444,-0.389713,0.222971
Byala,Pleven,225,584,0.151733,-0.398232,0.212158
Veliko Tarnovo,Stara Zagora,226,227,0.181454,-0.390039,0.252229
Veliko Tarnovo,Shumen,226,462,0.172676,-0.387974,0.23967
Stara Zagora,Haskovo,227,228,0.11901,-0.380716,0.164319
Stara Zagora,Burgas,227,590,0.160018,-0.385793,0.221752
Haskovo,Svilengrad,228,229,0.0613203,-0.377665,0.0844789
Svilengrad,Ormenio,229,230,0.0499476,-0.383723,0.0691137
Ormenio,Kastanies,230,231,0.076907,-0.391053,0.106982
Kastanies,Didymoteicho,231,232,0.164016,-0.393255,0.228516
Didymoteicho,Alexandroupoli,232,233,0.380124,-0.393201,0.52959
Alexandroupoli,Gelibolu,233,478,0.468182,-0.388261,0.649959
Saint Petersburg,Pskov,234,235,3.1158,-0.547627,4.8221
Saint Petersburg,Moscow,234,239,5.99501,-0.548527,9.28343
Saint Petersburg,Petrozavodsk,234,245,2.16834,-0.528619,3.31456
Saint Petersburg,Narva,234,304,2.38556,-0.544625,3.6848
Saint Petersburg,Vyborg,234,623,2.1689,-0.528575,3.31532
Pskov,Gomel,235,236,4.06916,-0.549876,6.30669
Pskov,Riga,235,547,2.90764,-0.549375,4.50503
Gomel,Kiev,236,237,5.8103,-0.549144,9.00099
Gomel,Babruysk,236,703,3.38982,-0.551547,5.25946
Kiev,Odessa,237,238,4.62133,-0.534178,7.08994
Kiev,Hlukhiv,237,242,5.16504,-0.55305,8.02157
Kiev,Kharkiv,237,247,5.21171,-0.547432,8.06476
Kiev,Rivne,237,348,3.77834,-0.549632,5.85503
Kiev,Zhytomyr,237,349,3.06454,-0.544768,4.734
Odessa,Izmail,238,586,1.66681,-0.521475,2.53601
Odessa,Chişinău,238,672,1.99984,-0.517764,3.03529
Odessa,Mykolaiv,238,673,1.89864,-0.523092,2.8918
Moscow,Kaluga,239,240,4.14008,-0.558149,6.45086
Moscow,Orel,239,246,4.55843,-0.553541,7.08171
Moscow,Voronezh,239,248,5.38324,-0.538459,8.28188
Moscow,Tambov,239,256,4.22397,-0.553268,6.56095
Moscow,Smolensk,239,319,4.58187,-0.550871,7.10589
Moscow,Ryazan,239,320,3.9893,-0.539273,6.14062
Moscow,Velikiye Luki,239,628,4.06044,-0.551766,6.30086
Moscow,Vladimir,239,629,3.99679,-0.546691,6.18179
Kaluga,Bryansk,240,241,2.19331,-0.564188,3.43075
Bryansk,Hlukhiv,241,242,2.72142,-0.563011,4.25361
Hlukhiv,Kursk,242,645,2.94512,-0.56156,4.59898
Kirkenes,Murmansk,243,244,0.319949,-0.518839,0.485951
Murmansk,Petrozavodsk,244,245,0.81557,-0.525488,1.24414
Orel,Kharkiv,246,247,3.42749,-0.554131,5.32677
Kharkiv,Luhansk,247,350,2.76303,-0.552839,4.29054
Voronezh,Novorossiysk,248,249,3.32874,-0.546081,5.14651
Voronezh,Kursk,248,645,2.95861,-0.557698,4.60862
Voronezh,Saratov,248,646,3.10581,-0.532021,4.75817
Novorossiysk,Dzhankoy,249,601,1.38211,-0.532661,2.11831
Novorossiysk,Sochi,249,602,1.31073,-0.547106,2.02784
Mineralnye Vody,Nalchik,250,251,0.268025,-0.452638,0.389343
Mineralnye Vody,Makhachkala,250,260,0.558411,-0.474312,0.823272
Mineralnye Vody,Armavir,250,387,0.309751,-0.45506,0.450706
Nalchik,Vladikavkaz,251,252,0.11057,-0.434482,0.158611
Vladikavkaz,Stepantsminda,252,253,0.0491962,-0.404082,0.0690755
Stepantsminda,Mtskheta,253,254,0.0275811,-0.348593,0.0371957
Mtskheta,Tbilisi,254,255,0.0251952,-0.290982,0.0325265
Tbilisi,Gori,255,428,0.0200185,-0.261807,0.0252595
Tbilisi,Rustavi,255,429,0.0235917,-0.288608,0.0304005
Tambov,Povorino,256,257,1.88723,-0.555051,2.93473
Povorino,Volgograd,257,258,1.6455,-0.546887,2.5454
Volgograd,Astrakhan,258,259,2.082,-0.524259,3.17351
Volgograd,Luhansk,258,350,1.90061,-0.547282,2.94078
Astrakhan,Makhachkala,259,260,1.56712,-0.503466,2.35611
Astrakhan,Atyrau,259,265,2.3253,-0.495565,3.47764
Makhachkala,Kuba,260,261,0.535484,-0.482851,0.794043
Kuba,Baku,261,262,0.210641,-0.473667,0.310415
Baku,Yevlakh,262,431,0.085346,-0.456864,0.124337
Samara,Oral,263,264,2.49571,-0.482889,3.70086
Samara,Penza,263,321,1.73869,-0.508155,2.62221
Samara,Ufa,263,322,1.6998,-0.489653,2.53211
Oral,Atyrau,264,265,2.7762,-0.473698,4.09129
Oral,Saratov,264,646,2.65379,-0.509848,4.00682
Oral,Aktobe,264,647,1.88993,-0.489953,2.81591
Atyrau,Beineu,265,266,1.19668,-0.472068,1.7616
Atyrau,Beyneu,265,351,1.19668,-0.472068,1.7616
Beineu,Shetpe,266,267,0.468326,-0.474256,0.690433
Shetpe,Zhetybai,267,268,0.184182,-0.474486,0.271574
Zhetybai,Fetisovo,268,269,0.0748211,-0.47122,0.110078
Fetisovo,Bekdash,269,270,0.0359747,-0.437668,0.0517196
Bekdash,Türkmenbaşy,270,271,0.0286182,-0.369745,0.0391996
Türkmenbaşy,Gyzylarbat,271,272,0.0424245,-0.328252,0.0563504
Gyzylarbat,Ashgabat,272,432,0.0840826,-0.322625,0.11121
Chelyabinsk,Kostanay,273,274,0.398528,-0.459709,0.581736
Chelyabinsk,Ufa,273,322,0.809741,-0.469521,1.18993
Chelyabinsk,Kurgan,273,323,0.458685,-0.453815,0.666843
Kostanay,Esil,274,275,0.185011,-0.451218,0.268492
Esil,Derzhavinsk,275,276,0.138455,-0.43474,0.198647
Derzhavinsk,Arkalyk,276,277,0.212283,-0.422661,0.302006
Arkalyk,Jezkazgan,277,278,0.465558,-0.419162,0.660702
Jezkazgan,Kyzylorda,278,279,0.732687,-0.419372,1.03996
Jezkazgan,Karaganda,278,286,0.698215,-0.41666,0.989133
Kyzylorda,Shymkent,279,280,0.723076,-0.414979,1.02314
Kyzylorda,Novokazalinsk,279,650,0.50033,-0.426997,0.71397
Shymkent,Tashkent,280,281,0.611824,-0.406864,0.860753
Shymkent,Zhambyl,280,359,0.501495,-0.403116,0.703655
Tashkent,Ayni,281,282,0.244694,-0.395732,0.341528
Tashkent,Jizzakh,281,358,0.302921,-0.399522,0.423945
Tashkent,Kokand,281,689,0.242929,-0.400128,0.340132
Ayni,Dushanbe,282,283,0.216618,-0.370007,0.296768
Ayni,Kokand,282,689,0.103881,-0.376729,0.143016
Dushanbe,Termez,283,440,0.132007,-0.352029,0.178477
Dushanbe,Jirgatal,283,441,0.132134,-0.355158,0.179062
Dushanbe,Kulob,283,692,0.0971352,-0.354138,0.131535
Ishim,Astana,284,285,0.292175,-0.418472,0.414442
Ishim,Omsk,284,291,0.292175,-0.418472,0.414442
Ishim,Kurgan,284,323,0.375279,-0.434267,0.53825
Ishim,Tyumen,284,635,0.276,-0.424519,0.393167
Astana,Karaganda,285,286,0.346054,-0.414758,0.489582
Karaganda,Balkhash,286,287,0.432226,-0.411746,0.610194
Karaganda,Pavlodar,286,292,0.416902,-0.414116,0.589548
Balkhash,Burubaytal,287,288,0.27369,-0.404557,0.384413
Burubaytal,Almaty,288,289,0.336599,-0.396894,0.470193
Almaty,Bishkek,289,290,0.530853,-0.394511,0.74028
Almaty,Sary-Ozek,289,360,0.256254,-0.392624,0.356865
Almaty,Kokpek,289,695,0.209687,-0.39332,0.292161
Bishkek,Zhambyl,290,359,0.466089,-0.39755,0.651383
Bishkek,Osh,290,691,0.489281,-0.391853,0.681007
Omsk,Pavlodar,291,292,0.243536,-0.41383,0.344318
Pavlodar,Semey,292,293,0.213214,-0.411248,0.300898
Semey,Georgiyevka,293,294,0.0904326,-0.407526,0.127286
Georgiyevka,Ayagoz,294,364,0.0413584,-0.400876,0.057938
Narvik,Kiruna,295,296,0.0245252,-0.328874,0.032591
Narvik,Setermoen,295,498,0.0121297,-0.320158,0.0160132
Kiruna,Töre,296,297,0.0530522,-0.332814,0.0707087
Töre,Luleå,297,298,0.116892,-0.334651,0.15601
Luleå,Umeå,298,612,0.196781,-0.338513,0.263394
Luleå,Haparanda,298,613,0.133226,-0.330975,0.17732
Helsingborg,Halmstad,299,300,0.150101,-0.342387,0.201494
Helsingborg,Jönköping,299,605,0.0949621,-0.335971,0.126867
Örebro,Stockholm,301,302,0.283024,-0.349477,0.381934
Örebro,Karlstad,301,620,0.167918,-0.349892,0.226671
Stockholm,Södertälje,302,608,0.209789,-0.348273,0.282852
Stockholm,Uppsala,302,609,0.24745,-0.349572,0.333951
Tallinn,Narva,303,304,1.38776,-0.547553,2.14764
Tallinn,Riga,303,547,1.90971,-0.547946,2.95612
Colchester,Ipswich,305,306,0.000824783,0,0.000824783
Ipswich,Cambridge,306,636,0.000824783,0,0.000824783
The Hague,Gouda,307,308,0.359114,-0.51118,0.542685
Amersfoort,Oldenzaal,309,310,0.594237,-0.517818,0.901944
Amersfoort,Hoogeveen,309,698,0.554489,-0.517774,0.841589
Oldenzaal,Osnabrück,310,311,0.505764,-0.520909,0.769221
Osnabrück,Bad Oeynhausen,311,312,0.944205,-0.523509,1.4385
Bad Oeynhausen,Dortmund,312,508,1.60857,-0.525211,2.45341
Braunschweig,Magdeburg,313,314,1.30671,-0.517845,1.98338
Magdeburg,Halle,314,518,1.39633,-0.516915,2.11812
Poznań,Warsaw,315,316,2.44158,-0.524419,3.722
Poznań,Wrocław,315,339,1.49189,-0.51863,2.26563
Warsaw,Elbląg,316,564,1.91999,-0.526909,2.93164
Warsaw,Radom,316,565,2.28321,-0.527253,3.48703
Warsaw,Lublin,316,713,2.66986,-0.530419,4.086
Brest,Rennes,317,365,0.338324,-0.505226,0.509253
Brest,Lorient,317,388,0.18737,-0.501903,0.281412
Minsk,Smolensk,318,319,3.29993,-0.552404,5.12282
Minsk,Babruysk,318,703,2.96539,-0.552615,4.60411
Ryazan,Penza,320,321,1.86785,-0.533308,2.86399
Ufa,Yelabuga,322,632,0.852399,-0.472332,1.25501
Bruges,Ghent,324,325,1.49326,-0.525124,2.27741
Bruges,Zeebrugge,324,642,1.66713,-0.52865,2.54846
Ghent,Brussels,325,326,2.01549,-0.525349,3.07433
Brussels,Leuven,326,327,2.52696,-0.528346,3.86207
Leuven,Hasselt,327,708,1.6216,-0.531037,2.48273
Eupen,Aachen,328,329,1.93012,-0.532439,2.9578
Eupen,St. Vith,328,653,0.989464,-0.533892,1.51773
Aachen,Heerlen,329,709,1.52006,-0.531982,2.32871
Olpe,Wetzlar,330,331,1.84171,-0.529324,2.81658
Wetzlar,Gießen,331,332,1.81868,-0.532252,2.78668
Wetzlar,Dortmund,331,508,2.57615,-0.528817,3.93847
Wetzlar,Aschaffenburg,331,509,1.96135,-0.531953,3.00469
Wetzlar,Koblenz,331,660,1.90908,-0.532574,2.9258
Gießen,Bad Hersfeld,332,333,1.1215,-0.534005,1.72039
Bad Hersfeld,Eisenach,333,334,0.532523,-0.53105,0.815318
Eisenach,Erfurt,334,335,0.509136,-0.522277,0.775046
Erfurt,Gera,335,336,1.01757,-0.517587,1.54425
Gera,Chemnitz,336,337,1.52439,-0.516854,2.31227
Gera,Leipzig,336,526,1.53911,-0.516441,2.33396
Gera,Hirschberg,336,527,1.07767,-0.51708,1.63491
Chemnitz,Plauen,337,519,1.43863,-0.516585,2.18181
Wrocław,Opole,339,340,1.26297,-0.515582,1.91414
Wrocław,Kłodzko,339,548,1.28388,-0.515433,1.94563
Opole,Gliwice,340,341,0.606484,-0.51423,0.918356
Gliwice,Zabrze,341,342,0.573738,-0.514062,0.868675
Kraków,Rzeszów,343,344,0.806664,-0.517208,1.22388
Kraków,Radom,343,565,0.952605,-0.52173,1.44961
Kraków,Trstená,343,566,1.02541,-0.516713,1.55525
Rzeszów,Jarosław,344,345,0.746056,-0.523468,1.13659
Rzeszów,Radom,344,565,0.807173,-0.524577,1.2306
Rzeszów,Barwinek,344,710,0.594112,-0.519962,0.903028
Jarosław,Korczowa,345,346,0.796183,-0.528774,1.21718
Korczowa,Lviv,346,347,1.68831,-0.530666,2.58424
Lviv,Rivne,347,348,2.1819,-0.539284,3.35857
Lviv,Mukachevo,347,378,3.18302,-0.52401,4.85096
Lviv,Lublin,347,713,1.69137,-0.529617,2.58715
Rivne,Zhytomyr,348,349,1.31932,-0.544455,2.03763
Rivne,Kovel,348,714,1.30668,-0.544452,2.0181
Zhytomyr,Vinnytsia,349,381,2.22204,-0.541196,3.4246
Beyneu,Qo‘ng‘irot,351,352,0.484587,-0.469249,0.711979
Qo‘ng‘irot,Nukus,352,353,0.227275,-0.447016,0.328871
Nukus,Daşoguz,353,354,0.173155,-0.394899,0.241533
Daşoguz,Bukhara,354,355,0.124524,-0.336573,0.166436
Daşoguz,Ashgabat,354,432,0.141443,-0.33498,0.188824
Daşoguz,Uchkuduk,354,688,0.07246,-0.352832,0.0980261
Bukhara,Navoiy,355,356,0.136574,-0.33286,0.182034
Bukhara,Alat,355,436,0.120681,-0.320457,0.159355
Bukhara,Karshi,355,437,0.121896,-0.321363,0.161069
Bukhara,Uchkuduk,355,688,0.0775067,-0.326011,0.102775
Navoiy,Samarkand,356,357,0.10428,-0.358265,0.14164
Samarkand,Jizzakh,357,358,0.146706,-0.387813,0.203601
Sary-Ozek,Taldykorgan,360,361,0.124691,-0.388566,0.173141
Sary-Ozek,Koktal,360,697,0.117412,-0.389478,0.163141
Taldykorgan,Ucharal,361,362,0.0556084,-0.384687,0.0770002
Ucharal,Taskesken,362,363,0.0293098,-0.382674,0.0405259
Taskesken,Ayagoz,363,364,0.0254434,-0.388733,0.0353341
Rennes,Le Mans,365,366,0.831137,-0.507606,1.25303
Le Mans,Angers,366,391,0.676807,-0.507906,1.02056
Le Mans,Tours,366,392,0.807791,-0.505903,1.21646
Le Mans,Rouen,366,662,1.23579,-0.515368,1.87268
Reims,Charleroi,367,651,1.59066,-0.526844,2.42869
Reims,Charleville-Mézières,367,658,1.46172,-0.526336,2.23108
Reims,Rouen,367,662,1.71017,-0.521645,2.60227
Saarbrücken,Mannheim,368,369,2.65642,-0.533765,4.07433
Saarbrücken,Trier,368,659,1.38705,-0.532945,2.12627
Mannheim,Heilbronn,369,370,2.48978,-0.534016,3.81936
Rozvadov,Plzeň,371,372,2.14783,-0.525348,3.27619
Plzeň,Karlovy Vary,372,523,1.50604,-0.523243,2.29406
Plzeň,České Budějovice,372,524,1.75841,-0.523401,2.67877
Plzeň,Bayerisch Eisenstein,372,530,1.78654,-0.524079,2.72283
Trenčín,Prešov,373,374,1.196,-0.519328,1.81711
Prešov,Košice,374,375,1.86128,-0.519726,2.82864
Prešov,Svidník,374,712,0.902938,-0.519818,1.3723
Košice,Vyšné Nemecké,375,376,0.944835,-0.519599,1.43577
Košice,Uzhhorod,375,377,1.81049,-0.520662,2.75315
Košice,Miskolc,375,552,1.73944,-0.517256,2.63917
Košice,Zvolen,375,568,1.80723,-0.517611,2.74267
Vyšné Nemecké,Uzhhorod,376,377,0.865659,-0.521823,1.31738
Uzhhorod,Mukachevo,377,378,2.86121,-0.52171,4.35393
Uzhhorod,Chop,377,723,1.46348,-0.521505,2.22669
Mukachevo,Stryj,378,379,2.18645,-0.517547,3.31804
Mukachevo,Halmeu,378,578,2.71554,-0.517609,4.12112
Khmelnytskyi,Vinnytsia,380,381,1.44276,-0.532852,2.21154
Vinnytsia,Uman,381,382,1.41197,-0.530995,2.16172
Vinnytsia,Mohyliv-Podilskyi,381,728,1.29512,-0.533662,1.98627
Uman,Kirovohrad,382,383,1.1375,-0.519398,1.72831
Kirovohrad,Dnipropetrovsk,383,384,0.830972,-0.510761,1.2554
Kirovohrad,Chişinău,383,672,1.66726,-0.512713,2.52209
Dnipropetrovsk,Donetsk,384,385,0.36397,-0.499599,0.545808
Donetsk,Rostov-on-Don,385,386,0.260645,-0.47802,0.385239
Rostov-on-Don,Armavir,386,387,0.247204,-0.457782,0.360369
Rostov-on-Don,Taganrog,386,675,0.232235,-0.479497,0.343591
Lorient,Vannes,388,389,0.2245,-0.501793,0.337152
Vannes,Nantes,389,390,0.486934,-0.504357,0.732522
Nantes,Angers,390,391,0.682992,-0.503913,1.02716
Nantes,Poitiers,390,676,0.934358,-0.508753,1.40972
Angers,Tours,391,392,0.565794,-0.49788,0.847491
Tours,Vierzon,392,503,0.756794,-0.49585,1.13205
Montargis,Auxerre,393,394,1.22952,-0.515019,1.86275
Auxerre,Beaune,394,395,2.22003,-0.522208,3.37935
Beaune,Dole,395,396,2.1816,-0.52458,3.32603
Beaune,Antwerp,395,505,3.6984,-0.526591,5.64595
Dole,Besançon,396,397,1.12287,-0.527793,1.71552
Besançon,Belfort,397,398,1.24943,-0.530194,1.91188
Zürich,Winterthur,399,400,1.3096,-0.514211,1.98301
Winterthur,St. Gallen,400,401,0.938285,-0.51308,1.4197
Winterthur,Schaffhausen,400,511,1.21909,-0.52213,1.85562
St. Gallen,St. Margrethen,401,402,0.885376,-0.511272,1.33804
St. Margrethen,Bregenz,402,403,1.47478,-0.51176,2.22952
St. Margrethen,Buchs,402,514,0.689232,-0.510205,1.04088
Bregenz,Feldkirch,403,748,1.43194,-0.510539,2.163
Bregenz,Lindau,403,513,2.20722,-0.512586,3.33861
Feldkirch,Landeck,748,404,0.672371,-0.50516,1.01203
Feldkirch,Imst,748,406,0.702675,-0.504842,1.05742
Landeck,Telfs,404,405,0.479042,-0.501148,0.719112
Sattledt,Liezen,408,532,0.94938,-0.516051,1.43931
Sattledt,Wels,408,669,0.981657,-0.519262,1.49139
Sankt Pölten,Vienna,409,410,1.99049,-0.516044,3.01768
Vienna,Nickelsdorf,410,411,2.20607,-0.515381,3.34304
Vienna,Halámky,410,525,2.09313,-0.516509,3.17425
Vienna,Graz,410,534,2.79505,-0.510378,4.22158
Nickelsdorf,Mosonmagyaróvár,411,412,1.5558,-0.515009,2.35705
Szolnok,Püspökladány,413,414,1.89671,-0.510853,2.86565
Püspökladány,Oradea,414,415,2.44733,-0.505542,3.68456
Püspökladány,Nyíregyháza,414,722,1.43022,-0.512263,2.16286
Oradea,Cluj-Napoca,415,416,1.29244,-0.49147,1.92764
Oradea,Berettyóújfalu,415,570,1.70674,-0.502736,2.56478
Oradea,Beiuş,415,571,1.19425,-0.49451,1.78483
Oradea,Satu Mare,415,579,1.82977,-0.503103,2.75034
Oradea,Arad,415,684,2.08829,-0.490434,3.11246
Cluj-Napoca,Turda,416,417,0.80518,-0.492001,1.20133
Cluj-Napoca,Zalău,416,580,0.741763,-0.499389,1.11219
Turda,Târgu Mureş,417,418,0.375331,-0.483213,0.556696
Turda,Sebeş,417,581,0.389268,-0.483143,0.57734
Târgu Mureş,Braşov,418,419,0.287785,-0.471817,0.423566
Braşov,Ploieşti,419,420,0.271744,-0.454922,0.395367
Braşov,Sibiu,419,582,0.339386,-0.474196,0.500321
Braşov,Piteşti,419,583,0.232331,-0.455329,0.338118
Slobozia,Hârşova,421,422,0.454913,-0.452336,0.660687
Slobozia,Galaţi,421,588,0.694779,-0.465047,1.01788
Hârşova,Constanţa,422,423,0.490294,-0.444566,0.708262
Constanţa,Varna,423,463,0.50673,-0.419478,0.719292
Constanţa,Tulcea,423,589,0.490294,-0.444566,0.708262
Senaki,Samtredia,424,425,0.0244093,-0.536481,0.0375045
Senaki,Zugdidi,424,604,0.0637143,-0.557549,0.0992381
Samtredia,Kutaisi,425,426,0.0112947,-0.457441,0.0164613
Kutaisi,Khashuri,426,427,0.00851331,-0.328291,0.0113081
Khashuri,Gori,427,428,0.0113216,-0.260059,0.0142659
Rustavi,Ganja,429,430,0.0227946,-0.351753,0.0308127
Ganja,Yevlakh,430,431,0.0380336,-0.421644,0.0540703
Ashgabat,Tejen,432,433,0.0865078,-0.319848,0.114177
Tejen,Mary,433,434,0.049168,-0.31181,0.0644991
Mary,Türkmenabat,434,435,0.0424903,-0.309333,0.0556339
Türkmenabat,Alat,435,436,0.0620999,-0.313784,0.0815859
Karshi,Guzar,437,438,0.0652864,-0.318612,0.0860874
Guzar,Sherobod,438,439,0.0502784,-0.325555,0.0666468
Sherobod,Termez,439,440,0.0680072,-0.340191,0.0911427
Jirgatal,Sary Tash,441,442,0.116363,-0.363087,0.158612
Jirgatal,Khorugh,441,694,0.0754746,-0.351757,0.102023
Sary Tash,Irkeshtam,442,443,0.140032,-0.378346,0.193012
Irkeshtam,Osh,443,691,0.269662,-0.386054,0.373765
A Coruña,Bilbao,444,445,0.164207,-0.425151,0.234019
A Coruña,Pontevedra,444,481,0.0782176,-0.41107,0.11037
Clermont-Ferrand,Montluçon,446,504,0.93235,-0.487312,1.3867
Chambéry,Susa,447,448,0.958363,-0.493853,1.43165
Chambéry,Marseille,447,736,0.709849,-0.499089,1.06413
Susa,Turin,448,449,0.685806,-0.477334,1.01316
Tortona,Brescia,450,451,0.367593,-0.441766,0.529983
Trieste,Postojna,452,453,0.377475,-0.47433,0.556522
Trieste,Ljubljana,452,454,0.701322,-0.480668,1.03843
Postojna,Ljubljana,453,454,0.472288,-0.48573,0.701693
Ljubljana,Maribor,454,535,0.787551,-0.492456,1.17539
Ljubljana,Naklo,454,538,1.14529,-0.492429,1.70927
Vršac,Timişoara,456,457,1.03932,-0.462735,1.52024
Timişoara,Drobeta-Turnu Severin,457,458,1.17402,-0.462241,1.7167
Timişoara,Arad,457,684,1.74593,-0.475294,2.57576
Drobeta-Turnu Severin,Craiova,458,459,1.19224,-0.455893,1.73578
Craiova,Alexandria,459,460,0.49796,-0.454364,0.724215
Craiova,Târgu Jiu,459,574,0.683815,-0.460559,0.998753
Craiova,Piteşti,459,583,0.640088,-0.45763,0.933012
Razgrad,Shumen,461,462,0.161819,-0.391465,0.225165
Shumen,Varna,462,463,0.240503,-0.399874,0.336674
Varna,Burgas,463,590,0.236729,-0.399527,0.331309
Lisbon,Valladolid,464,465,0.159599,-0.391392,0.222065
Lisbon,Porto,464,483,0.160557,-0.378955,0.221401
Lisbon,Albufeira,464,484,0.162162,-0.374929,0.222961
Toulouse,Nice,466,467,1.09435,-0.459638,1.59735
Nice,Cuneo,467,685,0.484467,-0.452548,0.703711
Sofia,Plovdiv,468,469,0.563493,-0.435457,0.80887
Sofia,Botevgrad,468,575,0.566661,-0.435498,0.81344
Sofia,Blagoevgrad,468,576,0.628444,-0.432537,0.900269
Sofia,Kyustendil,468,745,0.426471,-0.436589,0.612663
Plovdiv,Istanbul,469,470,0.238594,-0.431741,0.341606
Istanbul,İzmit,470,471,0.119718,-0.419341,0.16992
İzmit,Gerede,471,472,0.0452617,-0.392845,0.0630425
İzmit,Bursa,471,479,0.046749,-0.387116,0.0648463
Gerede,Kızılcahamam,472,599,0.0233453,-0.367593,0.0319269
Mazara del Vallo,Palermo,473,474,0.000824783,0,0.000824783
Metaponto,Taranto,475,476,0.0205687,-0.361878,0.0280121
Metaponto,Potenza,475,743,0.0119305,-0.343085,0.0160236
Ioannina,Trikala,477,687,0.0742493,-0.386418,0.10294
Gelibolu,Keşan,478,596,0.232735,-0.387216,0.322854
Gelibolu,Ayvalık,478,597,0.23293,-0.386881,0.323046
Bursa,Ankara,479,480,0.0267879,-0.358244,0.0363846
Bursa,Balıkesir,479,746,0.0328836,-0.359355,0.0447004
Ankara,Kızılcahamam,480,599,0.0185921,-0.348242,0.0250666
Pontevedra,Valença,481,482,0.0565345,-0.389031,0.0785282
Valença,Porto,482,483,0.0788388,-0.376806,0.108546
Albufeira,Castro Marim,484,485,0.0906217,-0.366625,0.123846
Castro Marim,Huelva,485,486,0.08553,-0.364966,0.116746
Cherbourg-Octeville,La Rochelle,487,488,0.179493,-0.507331,0.270555
Cherbourg-Octeville,Caen,487,661,0.37157,-0.516964,0.563659
La Rochelle,Saintes,488,730,0.169539,-0.488778,0.252406
Oslo,Hamar,489,490,0.127761,-0.350068,0.172486
Oslo,Askim,489,619,0.13381,-0.34969,0.180602
Hamar,Lillehammer,490,491,0.0804123,-0.350429,0.108591
Lillehammer,Dombås,491,492,0.0894212,-0.350599,0.120772
Dombås,Trondheim,492,493,0.161132,-0.350209,0.217562
Trondheim,Stjørdal,493,494,0.158004,-0.350028,0.213309
Stjørdal,Steinkjer,494,495,0.0798735,-0.349355,0.107778
Steinkjer,Mosjøen,495,496,0.0575518,-0.346608,0.0774997
Mosjøen,Mo i Rana,496,497,0.0751259,-0.343103,0.100902
Mo i Rana,Umeå,497,612,0.144252,-0.341696,0.193542
Setermoen,Alta,498,499,0.00750107,-0.318817,0.00989254
Alta,Olderfjord,499,500,0.00765534,-0.345684,0.0103017
Olderfjord,Lakselv,500,501,0.0131023,-0.399646,0.0183385
Lakselv,Karasjok,501,502,0.0290217,-0.437598,0.0417216
Vierzon,Montluçon,503,504,0.566584,-0.490638,0.844572
Antwerp,Zeebrugge,505,642,2.42874,-0.529571,3.71492
Martigny,Sion,506,678,0.65553,-0.509196,0.989323
Bremen,Groningen,507,624,2.05992,-0.521366,3.13389
Stuttgart,Schaffhausen,510,511,1.80628,-0.529534,2.76277
Stuttgart,Ulm,510,512,1.61896,-0.527946,2.47368
Ulm,Lindau,512,513,1.4471,-0.521798,2.20219
Lindau,Waldshut,513,666,2.01317,-0.517612,3.05521
Buchs,Chur,514,515,0.278581,-0.505338,0.419359
Chur,San Bernardino,515,516,0.149485,-0.491966,0.223027
Halle,Plauen,518,519,1.33314,-0.516693,2.02197
Plauen,Schönberg,519,520,1.08801,-0.516681,1.65017
Plauen,Hof,519,528,1.43541,-0.518078,2.17906
Schönberg,Vojtanov,520,521,0.652743,-0.517263,0.990383
Vojtanov,Cheb,521,522,0.892752,-0.519147,1.35622
Cheb,Karlovy Vary,522,523,1.47249,-0.520225,2.23851
Cheb,Marktredwitz,522,663,1.17069,-0.520959,1.78057
Karlovy Vary,Teplice,523,715,0.912449,-0.519734,1.38668
České Budějovice,Halámky,524,525,1.26663,-0.520387,1.92577
Hirschberg,Hof,527,528,1.10893,-0.518497,1.6839
Hof,Bayreuth,528,529,1.77483,-0.521671,2.70071
Bayreuth,Marktredwitz,529,663,1.59408,-0.522629,2.42719
Bayerisch Eisenstein,Deggendorf,530,531,1.34912,-0.523134,2.05488
Liezen,Sankt Michael,532,533,0.796257,-0.511311,1.20339
Sankt Michael,Graz,533,534,1.4574,-0.507625,2.19722
Graz,Maribor,534,535,1.27956,-0.501777,1.92161
Graz,Spielfeld,534,536,0.946995,-0.506297,1.42646
Graz,Klagenfurt,534,683,1.78774,-0.502892,2.68679
Maribor,Spielfeld,535,536,0.452305,-0.49429,0.675875
Karavanke Tunnel,Naklo,537,538,0.935414,-0.501612,1.40463
Naklo,Loiblpass,538,734,0.903802,-0.499379,1.35514
Kemijärvi,Posio,539,540,0.0298357,-0.295383,0.0386486
Posio,Kuusamo,540,541,0.0187492,-0.296147,0.0243018
Kuusamo,Kajaani,541,542,0.0187678,-0.303183,0.0244579
Kajaani,Iisalmi,542,543,0.0301666,-0.313859,0.0396347
Iisalmi,Kuopio,543,544,0.0605016,-0.322273,0.0799996
Tampere,Turku,545,546,0.0672792,-0.343829,0.0904117
Tampere,Vaasa,545,616,0.0889337,-0.330251,0.118304
Tampere,Hämeenlinna,545,618,0.122074,-0.365984,0.166752
Turku,Pori,546,617,0.044838,-0.330105,0.0596393
Riga,Šiauliai,547,561,1.98119,-0.545299,3.06154
Riga,Rēzekne,547,627,2.07052,-0.549694,3.20867
Kłodzko,Kudowa-Zdrój,548,549,0.587945,-0.514354,0.890356
Kudowa-Zdrój,Náchod,549,550,0.496837,-0.514571,0.752495
Náchod,Hradec Králové,550,551,0.917045,-0.516034,1.39027
Hradec Králové,Olomouc,551,716,1.2658,-0.516927,1.92012
Miskolc,Debrecen,552,569,1.43657,-0.514966,2.17636
Szekszárd,Mohács,555,556,0.866128,-0.509317,1.30726
Mohács,Osijek,556,557,0.548213,-0.503756,0.824378
Osijek,Đakovo,557,558,0.339724,-0.494607,0.507755
Osijek,Sombor,557,735,0.560112,-0.495779,0.837804
Đakovo,Šamac,558,559,0.163384,-0.476292,0.241203
Šamac,Zenica,559,560,0.142682,-0.441375,0.205658
Zenica,Sarajevo,560,737,0.247932,-0.424998,0.353302
Šiauliai,Tolpaki,561,562,1.57118,-0.538332,2.41699
Šiauliai,Palanga,561,704,1.20096,-0.540842,1.85049
Šiauliai,Panevėžys,561,705,1.23927,-0.541389,1.9102
Tolpaki,Kaliningrad,562,563,1.03384,-0.530459,1.58224
Tolpaki,Nesterov,562,640,0.937092,-0.535672,1.43907
Trstená,Ružomberok,566,567,0.856534,-0.516257,1.29873
Ružomberok,Zvolen,567,568,1.57204,-0.515974,2.38317
Debrecen,Berettyóújfalu,569,570,1.04104,-0.5097,1.57166
Beiuş,Deva,571,572,0.841644,-0.486086,1.25076
Deva,Petroşani,572,573,0.755533,-0.47146,1.11174
Deva,Sibiu,572,582,0.96494,-0.472733,1.4211
Deva,Arad,572,684,1.29848,-0.475806,1.91631
Petroşani,Târgu Jiu,573,574,0.490453,-0.467368,0.719674
Botevgrad,Jablanica,575,585,0.247101,-0.431403,0.353701
Blagoevgrad,Serres,576,577,0.408402,-0.420655,0.580199
Halmeu,Satu Mare,578,579,2.22983,-0.510149,3.36738
Satu Mare,Zalău,579,580,0.970286,-0.504127,1.45943
Sebeş,Sibiu,581,582,0.425591,-0.474298,0.627448
Sibiu,Piteşti,582,583,0.492466,-0.464612,0.721272
Pleven,Jablanica,584,585,0.140741,-0.416903,0.199417
Izmail,Reni,586,587,0.798555,-0.510454,1.20618
Reni,Galaţi,587,588,0.74555,-0.488345,1.10964
Galaţi,Tulcea,588,589,0.521703,-0.466569,0.765114
Galaţi,Giurgiuleşti,588,729,0.879402,-0.490382,1.31065
Burgas,Malko Tarnovo,590,591,0.133065,-0.385799,0.184402
Malko Tarnovo,Dereköy,591,592,0.059951,-0.37839,0.0826359
Dereköy,Kırklareli,592,593,0.0322063,-0.374882,0.0442799
Kırklareli,Babaeski,593,594,0.0286088,-0.378615,0.0394405
Babaeski,Havsa,594,595,0.0466748,-0.385435,0.0646648
Havsa,Keşan,595,596,0.100721,-0.387049,0.139705
Ayvalık,İzmir,597,598,0.10117,-0.385234,0.140144
İzmir,Manisa,598,747,0.0473591,-0.378672,0.0652926
Kherson,Dzhankoy,600,601,0.911592,-0.52909,1.39391
Kherson,Mykolaiv,600,673,1.06679,-0.524482,1.6263
Kherson,Melitopol,600,674,0.585965,-0.52351,0.892723
Sochi,Sukhumi,602,603,0.4782,-0.552488,0.742399
Sukhumi,Zugdidi,603,604,0.174067,-0.556625,0.270957
Jönköping,Linköping,605,606,0.0706871,-0.334628,0.0943409
Linköping,Norrköping,606,607,0.0937198,-0.337095,0.125312
Norrköping,Södertälje,607,608,0.142126,-0.343525,0.19095
Norrköping,Kalmar,607,626,0.0933841,-0.337071,0.124861
Uppsala,Sundsvall,609,610,0.256877,-0.348639,0.346434
Sundsvall,Örnsköldsvik,610,611,0.241183,-0.346861,0.32484
Örnsköldsvik,Umeå,611,612,0.19903,-0.343718,0.267441
Haparanda,Tornio,613,614,0.101116,-0.319601,0.133433
Kokkola,Vaasa,615,616,0.0910873,-0.32047,0.120278
Vaasa,Pori,616,617,0.0519994,-0.325562,0.0689284
Askim,Karlstad,619,620,0.111699,-0.35063,0.150864
Kotka,Vaalimaa,621,622,0.338481,-0.509556,0.510956
Vaalimaa,Vyborg,622,623,0.82263,-0.524001,1.25369
Groningen,Hoogeveen,624,698,0.751872,-0.520889,1.14351
Sassnitz,Stralsund,625,699,0.424725,-0.516183,0.643961
Rēzekne,Velikiye Luki,627,628,2.29656,-0.554029,3.56892
Rēzekne,Daugavpils,627,702,1.39729,-0.550235,2.16612
Vladimir,Nizhny Novgorod,629,630,1.51003,-0.548331,2.33802
Nizhny Novgorod,Kazan,630,631,0.679254,-0.537022,1.04403
Kazan,Yelabuga,631,632,0.57803,-0.501208,0.867743
Yelabuga,Perm,632,633,0.442935,-0.478766,0.654998
Perm,Yekaterinburg,633,634,0.208731,-0.464696,0.305727
Yekaterinburg,Tyumen,634,635,0.168519,-0.438204,0.242365
Koszalin,Słupsk,637,638,0.240824,-0.517313,0.365405
Słupsk,Gdynia,638,639,0.387641,-0.519532,0.589033
Nesterov,Marijampolė,640,641,0.829092,-0.540422,1.27715
Aktobe,Karabutak,647,648,0.744935,-0.501166,1.11827
Karabutak,Aral,648,649,0.34661,-0.493882,0.517795
Aral,Novokazalinsk,649,650,0.290655,-0.456954,0.42347
Charleroi,Namur,651,652,1.11125,-0.529937,1.70014
St. Vith,Wittlich,653,654,1.04806,-0.535179,1.60895
Wittlich,Bingen,654,655,0.648621,-0.537256,0.997097
Bingen,Wiesbaden,655,656,0.946138,-0.537376,1.45457
Amiens,Charleville-Mézières,657,658,1.33463,-0.52446,2.03458
Trier,Koblenz,659,660,1.427,-0.534125,2.18919
Caen,Rouen,661,662,0.947825,-0.518998,1.43974
Regensburg,Passau,667,668,1.11626,-0.527621,1.70523
Passau,Wels,668,669,1.15599,-0.523645,1.76132
Wels,Braunau am Inn,669,721,1.38264,-0.518835,2.10001
Iaşi,Sculeni,670,671,1.31432,-0.512064,1.98734
Iaşi,Bălţi,670,727,1.1045,-0.515021,1.67334
Sculeni,Chişinău,671,672,1.48454,-0.512401,2.24521
Chişinău,Giurgiuleşti,672,729,1.20057,-0.508054,1.81053
Melitopol,Taganrog,674,675,0.271204,-0.508458,0.4091
Poitiers,Mâcon,676,677,1.72803,-0.51191,2.61262
Sion,Simplon,678,679,0.314006,-0.494169,0.469178
Simplon,Gravellona Toce,679,680,0.282826,-0.460797,0.413151
Innichen,Spittal an der Drau,681,682,0.660522,-0.503117,0.992842
Klagenfurt,Loiblpass,683,734,1.02188,-0.503387,1.53628
Cuneo,Asti,685,686,0.293322,-0.449563,0.425189
Kokand,Andijan,689,690,0.21243,-0.386701,0.294577
Andijan,Osh,690,691,0.287137,-0.382681,0.397018
Kulob,Kalaikhumb,692,693,0.0539317,-0.346538,0.072621
Kalaikhumb,Khorugh,693,694,0.0481068,-0.34499,0.0647031
Kokpek,Chundzha,695,696,0.104042,-0.390923,0.144714
Chundzha,Koktal,696,697,0.0797402,-0.388591,0.110727
Stralsund,Neubrandenburg,699,700,0.620103,-0.516227,0.940217
Ukmergė,Daugavpils,701,702,1.3657,-0.546434,2.11197
Ukmergė,Panevėžys,701,705,1.26696,-0.54235,1.95409
Breda,Gorinchem,706,707,0.757282,-0.516833,1.14867
Hasselt,Heerlen,708,709,1.02537,-0.531963,1.57083
Barwinek,Vyšný Komárnik,710,711,0.329054,-0.51882,0.499774
Vyšný Komárnik,Svidník,711,712,0.405436,-0.519343,0.615996
Lublin,Kovel,713,714,1.28338,-0.53583,1.97106
Olomouc,Český Těšín,716,717,0.80279,-0.516339,1.2173
Garmisch-Partenkirchen,Mittenwald,718,719,0.892367,-0.513905,1.35096
Mittenwald,Seefeld,719,720,0.595169,-0.506087,0.896376
Nyíregyháza,Chop,722,723,0.952956,-0.518271,1.44685
Dunajská Streda,Medveďov,724,725,0.619342,-0.515924,0.938875
Medveďov,Vámosszabadi,725,726,0.543481,-0.515652,0.823728
Bălţi,Mohyliv-Podilskyi,727,728,0.786606,-0.5253,1.19981
Saintes,Angoulême,730,731,0.32532,-0.480476,0.481629
St. Johann in Tirol,Lofer,732,733,0.929663,-0.509995,1.40379
Sarajevo,Užice,737,738,0.333449,-0.428322,0.476273
Užice,Čačak,738,739,0.473876,-0.436198,0.680579
Čačak,Nova Varoš,739,740,0.473219,-0.436418,0.679739
Avellino,Benevento,741,742,0.0848509,-0.393544,0.118243
Balıkesir,Manisa,746,747,0.0294151,-0.363971,0.0401213
Warsaw,Brest-Litovsk,316,0,2.35521,-0.535621,3.61672
Brest-Litovsk,Minsk,0,318,2.21407,-0.544889,3.42049
Lyon,Mâcon,17,677,1.79195,-0.506261,2.69915
Beaune,Mâcon,395,677,2.95832,-0.516849,4.48733
