Glasgow,Preston,1,2,6.6031e-05,-0.476334,6.6031e-05
Glasgow,Edinburgh,1,13,6.6031e-05,-0.476334,6.6031e-05
Preston,Birmingham,2,3,6.6031e-05,-0.476334,6.6031e-05
Birmingham,Cambridge,3,636,6.6031e-05,-0.476334,6.6031e-05
Le Havre,Paris,4,5,2.00624,-0.516163,3.04178
Le Havre,Amiens,4,657,1.12294,-0.517946,1.70457
Paris,Orléans,5,6,2.11491,-0.51017,3.19387
Paris,Calais,5,16,1.73684,-0.516239,2.63347
Paris,Lyon,5,17,2.63274,-0.510501,3.97676
Paris,Brussels,5,326,3.03906,-0.518941,4.61616
Paris,Le Mans,5,366,1.69153,-0.5122,2.55794
Paris,Reims,5,367,1.92042,-0.517186,2.91363
Paris,Chaumont,5,665,2.78256,-0.517648,4.22295
Orléans,Bordeaux,6,7,1.04585,-0.500148,1.56892
Orléans,Tours,6,392,1.15098,-0.501284,1.72795
Orléans,Montargis,6,393,1.42417,-0.505289,2.1438
Orléans,Toulouse,6,466,1.20718,-0.496451,1.80648
Bordeaux,San Sebastián,7,8,0.60802,-0.486103,0.90358
Bordeaux,Clermont-Ferrand,7,446,1.13293,-0.495332,1.69411
Bordeaux,Toulouse,7,466,0.515716,-0.484142,0.765396
Bordeaux,Angoulême,7,731,0.669622,-0.491563,0.998783
San Sebastián,Burgos,8,9,0.327304,-0.463066,0.478867
San Sebastián,Bilbao,8,445,0.262847,-0.465938,0.385317
San Sebastián,Toulouse,8,466,0.419286,-0.477123,0.619337
Burgos,Madrid,9,10,0.19898,-0.445396,0.287604
Burgos,Valladolid,9,465,0.130115,-0.448997,0.188536
Madrid,Seville,10,11,0.131011,-0.43162,0.187558
Madrid,Barcelona,10,21,0.283042,-0.458304,0.412762
Madrid,Valencia,10,24,0.142296,-0.438884,0.204747
Madrid,Lisbon,10,464,0.13093,-0.435355,0.187932
Seville,Algeciras,11,12,0.0642547,-0.418598,0.0911516
Seville,Huelva,11,486,0.0673888,-0.417948,0.0955539
Algeciras,Málaga,12,28,0.0286183,-0.41114,0.0403845
Edinburgh,Newcastle,13,14,6.6031e-05,-0.476334,6.6031e-05
Newcastle,London,14,15,6.6031e-05,-0.476334,6.6031e-05
London,Colchester,15,305,6.6031e-05,-0.476334,6.6031e-05
Calais,Bruges,16,324,1.7561,-0.519212,2.66789
Calais,Rouen,16,662,1.1564,-0.517517,1.75486
Lyon,Orange,17,18,1.22271,-0.499063,1.83292
Lyon,Clermont-Ferrand,17,446,1.36682,-0.499327,2.04931
Lyon,Chambéry,17,447,1.20518,-0.506491,1.81559
Orange,Narbonne,18,19,0.554905,-0.49637,0.830343
Orange,Marseille,18,736,0.521325,-0.502823,0.783458
Narbonne,Girona,19,20,0.313029,-0.485309,0.464945
Girona,Barcelona,20,21,0.374984,-0.472107,0.552017
Barcelona,Tarragona,21,22,0.243066,-0.463597,0.355751
Barcelona,Toulouse,21,466,0.680918,-0.476112,1.00511
Tarragona,Castellón de la Plana,22,23,0.119818,-0.45243,0.174027
Castellón de la Plana,Valencia,23,24,0.104989,-0.438622,0.151039
Valencia,Alicante,24,25,0.0785993,-0.430966,0.112473
Alicante,Murcia,25,26,0.0338898,-0.422851,0.0482201
Murcia,Almería,26,27,0.017841,-0.412592,0.025202
Almería,Málaga,27,28,0.0165142,-0.406646,0.0232296
Hook of Holland,Rotterdam,29,30,0.567383,-0.521587,0.863323
Hook of Holland,The Hague,29,307,0.30643,-0.520929,0.466058
Rotterdam,Eindhoven,30,31,1.42021,-0.521714,2.16116
Eindhoven,Maastricht,31,32,1.52696,-0.523106,2.32572
Eindhoven,Antwerp,31,505,2.56294,-0.521187,3.89872
Eindhoven,Venlo,31,643,1.94687,-0.522335,2.96379
Eindhoven,Breda,31,706,1.43547,-0.521696,2.18435
Maastricht,Liège,32,33,1.89405,-0.524497,2.88747
Liège,Bastogne,33,34,1.76392,-0.525241,2.6904
Liège,Leuven,33,327,2.88304,-0.524131,4.39413
Liège,Eupen,33,328,1.83871,-0.526027,2.80593
Liège,Antwerp,33,505,3.22149,-0.522386,4.90435
Liège,Namur,33,652,1.96823,-0.524411,3.0004
Liège,St. Vith,33,653,1.6119,-0.525299,2.45863
Liège,Charleville-Mézières,33,658,2.10207,-0.524041,3.20364
Bastogne,Arlon,34,35,1.06293,-0.525834,1.62185
Arlon,Luxembourg,35,36,1.47979,-0.525211,2.25699
Luxembourg,Metz,36,37,2.46171,-0.522694,3.74843
Luxembourg,St. Vith,36,653,1.78968,-0.525899,2.73087
Luxembourg,Charleville-Mézières,36,658,1.37829,-0.523578,2.09993
Luxembourg,Trier,36,659,1.76235,-0.525977,2.68931
Metz,Saint-Avold,37,38,2.953,-0.522318,4.4954
Metz,Lausanne,37,44,2.44143,-0.521264,3.71406
Metz,Geneva,37,45,2.69086,-0.516014,4.07939
Metz,Brussels,37,326,3.3897,-0.521505,5.15744
Metz,Reims,37,367,2.478,-0.520328,3.76737
Metz,Saarbrücken,37,368,2.80498,-0.523814,4.27427
Saint-Avold,Strasbourg,38,39,2.2339,-0.52348,3.4033
Strasbourg,Mulhouse,39,40,2.80768,-0.524269,4.27966
Strasbourg,Appenweier,39,664,2.11374,-0.524784,3.223
Mulhouse,Basel,40,41,2.6934,-0.523679,4.10388
Mulhouse,Belfort,40,398,2.02411,-0.523449,3.08362
Mulhouse,Chaumont,40,665,2.57354,-0.521626,3.91596
Basel,Olten,41,42,1.60994,-0.523191,2.45225
Basel,Offenburg,41,61,2.30146,-0.523871,3.50713
Basel,Zürich,41,399,1.89015,-0.522508,2.87777
Basel,Waldshut,41,666,2.23602,-0.521789,3.40275
Olten,Bern,42,43,1.63917,-0.522758,2.49606
Olten,Lucerne,42,62,1.01185,-0.522958,1.541
Bern,Lausanne,43,44,1.34209,-0.520843,2.0411
Bern,Belfort,43,398,1.67104,-0.522701,2.5445
Bern,Martigny,43,506,0.94608,-0.516666,1.43489
Lausanne,Geneva,44,45,1.07069,-0.511374,1.61821
Lausanne,Martigny,44,506,0.823243,-0.514358,1.24668
Geneva,Mont Blanc,45,46,1.20239,-0.508787,1.81415
Geneva,Chambéry,45,447,1.34632,-0.505975,2.02752
Geneva,Mâcon,45,677,2.09346,-0.512421,3.16619
Mont Blanc,Aosta,46,47,0.709723,-0.505739,1.06866
Aosta,Ivrea,47,48,0.631584,-0.495932,0.944806
Aosta,Martigny,47,506,0.850066,-0.499078,1.27432
Ivrea,Vercelli,48,49,0.257876,-0.485967,0.383195
Ivrea,Turin,48,449,0.38517,-0.483691,0.571473
Vercelli,Alessandria,49,50,0.220611,-0.472009,0.324742
Alessandria,Genoa,50,51,0.284061,-0.45951,0.41459
Alessandria,Turin,50,449,0.278757,-0.473711,0.410807
Alessandria,Tortona,50,450,0.199522,-0.462533,0.291808
Alessandria,Asti,50,686,0.257837,-0.464226,0.377531
Genoa,Rome,51,74,0.567019,-0.447946,0.821013
Genoa,Tortona,51,450,0.321753,-0.4531,0.467539
Genoa,Nice,51,467,0.465908,-0.463312,0.681769
Amsterdam,Utrecht,52,53,1.30072,-0.521544,1.9791
Amsterdam,Amersfoort,52,309,0.756778,-0.522169,1.15194
Amsterdam,Brussels,52,326,3.1991,-0.521795,4.86837
Amsterdam,Groningen,52,624,1.35511,-0.522425,2.06306
Utrecht,Arnhem,53,54,0.989079,-0.521361,1.50475
Utrecht,Gouda,53,308,0.80262,-0.520655,1.22051
Utrecht,Amersfoort,53,309,0.746954,-0.52098,1.1361
Utrecht,Gorinchem,53,707,0.950026,-0.520908,1.4449
Arnhem,Emmerich,54,55,0.895918,-0.522833,1.36433
Emmerich,Oberhausen,55,56,1.73959,-0.523984,2.6511
Oberhausen,Cologne,56,57,2.9834,-0.525326,4.55065
Oberhausen,Dortmund,56,508,2.1051,-0.524254,3.20871
Oberhausen,Venlo,56,643,1.98449,-0.523048,3.02248
Cologne,Frankfurt am Main,57,58,3.45822,-0.527327,5.28183
Cologne,Aachen,57,329,3.02643,-0.527508,4.62289
Cologne,Olpe,57,330,2.14051,-0.526711,3.26794
Cologne,Bremen,57,507,3.16259,-0.524786,4.82227
Frankfurt am Main,Heidelberg,58,59,3.09518,-0.528167,4.72995
Frankfurt am Main,Gießen,58,332,2.19954,-0.52818,3.36129
Frankfurt am Main,Mannheim,58,369,3.56663,-0.527846,5.44925
Frankfurt am Main,Aschaffenburg,58,509,2.58297,-0.527329,3.94505
Frankfurt am Main,Wiesbaden,58,656,2.52244,-0.528679,3.85601
Heidelberg,Karlsruhe,59,60,2.61985,-0.527036,4.0006
Karlsruhe,Offenburg,60,61,2.26158,-0.52439,3.44753
Karlsruhe,Stuttgart,60,510,3.15333,-0.524697,4.80788
Karlsruhe,Appenweier,60,664,2.40303,-0.525704,3.66632
Lucerne,Altdorf,62,63,0.742979,-0.522495,1.13118
Altdorf,Gotthard Pass,63,64,0.522643,-0.521123,0.795004
Altdorf,Zürich,63,399,0.981638,-0.521788,1.49384
Gotthard Pass,Bellinzona,64,65,0.26605,-0.516909,0.403573
Bellinzona,Lugano,65,66,0.140625,-0.504256,0.211536
Bellinzona,San Bernardino,65,516,0.153106,-0.510934,0.231333
Lugano,Chiasso,66,67,0.09676,-0.480544,0.143257
Chiasso,Como,67,68,0.14589,-0.462053,0.213299
Como,Milan,68,69,0.329837,-0.459178,0.481291
Milan,Piacenza,69,70,0.385284,-0.456334,0.561103
Milan,Turin,69,449,0.436879,-0.470096,0.642254
Milan,Tortona,69,450,0.271409,-0.457894,0.395686
Milan,Brescia,69,451,0.340791,-0.456374,0.496319
Milan,Gravellona Toce,69,680,0.356041,-0.462979,0.520881
Piacenza,Parma,70,71,0.28703,-0.451232,0.416547
Parma,Modena,71,72,0.44781,-0.449454,0.649081
Modena,Florence,72,73,0.526561,-0.445521,0.761155
Modena,Verona,72,94,0.602216,-0.450354,0.873426
Modena,Bologna,72,95,0.512815,-0.446443,0.741758
Florence,Rome,73,74,0.477609,-0.443671,0.68951
Rome,Pescara,74,125,0.472865,-0.441101,0.681447
Östersund,Mora,75,76,0.0828041,-0.346112,0.111464
Östersund,Trondheim,75,493,0.0985722,-0.346349,0.132712
Östersund,Sundsvall,75,610,0.103794,-0.344829,0.139585
Mora,Säffle,76,77,0.0604152,-0.34652,0.0813502
Säffle,Gothenburg,77,78,0.0798963,-0.34655,0.107584
Gothenburg,Halmstad,78,300,0.0766259,-0.34621,0.103155
Gothenburg,Örebro,78,301,0.0828141,-0.345957,0.111464
Gothenburg,Oslo,78,489,0.0701708,-0.346803,0.0945062
Hamburg,Hanover,79,80,1.96045,-0.521654,2.98313
Hamburg,Berlin,79,108,2.14279,-0.519806,3.25662
Hamburg,Bremen,79,507,2.4492,-0.522806,3.72965
Hamburg,Lübeck,79,517,1.12281,-0.520905,1.70769
Hanover,Göttingen,80,81,1.35864,-0.523314,2.06963
Hanover,Bad Oeynhausen,80,312,1.56049,-0.523181,2.37691
Hanover,Braunschweig,80,313,1.45031,-0.520638,2.2054
Göttingen,Kassel,81,82,1.22701,-0.524624,1.87072
Kassel,Fulda,82,83,1.65291,-0.525805,2.52202
Kassel,Dortmund,82,508,1.92058,-0.524994,2.92887
Fulda,Würzburg,83,84,2.39467,-0.526146,3.65462
Würzburg,Nuremberg,84,85,3.57676,-0.525351,5.45582
Würzburg,Aschaffenburg,84,509,3.14906,-0.526521,4.80711
Würzburg,Stuttgart,84,510,2.51058,-0.526777,3.83309
Würzburg,Ulm,84,512,1.63805,-0.523625,2.49577
Nuremberg,Munich,85,86,3.05703,-0.520172,4.64722
Nuremberg,Heilbronn,85,370,3.2143,-0.525248,4.90261
Nuremberg,Rozvadov,85,371,2.53839,-0.52211,3.86372
Nuremberg,Bayreuth,85,529,3.40098,-0.522526,5.17808
Nuremberg,Regensburg,85,667,2.41188,-0.52234,3.6717
Munich,Rosenheim,86,87,2.20414,-0.515607,3.34061
Munich,Salzburg,86,115,2.63063,-0.514473,3.98402
Munich,Ulm,86,512,2.20496,-0.519406,3.35023
Munich,Lindau,86,513,2.43925,-0.516195,3.69839
Munich,Deggendorf,86,531,2.4073,-0.518302,3.655
Munich,Garmisch-Partenkirchen,86,718,2.13688,-0.515944,3.23939
Munich,Braunau am Inn,86,721,1.89531,-0.516839,2.87488
Rosenheim,Wörgl,87,88,1.47414,-0.513154,2.2306
Rosenheim,Bad Reichenhall,87,407,1.17154,-0.513661,1.77332
Wörgl,Innsbruck,88,89,1.41213,-0.509786,2.13202
Wörgl,St. Johann in Tirol,88,732,1.05534,-0.511227,1.59486
Innsbruck,Brenner,89,90,0.831117,-0.506033,1.25169
Innsbruck,Telfs,89,405,0.724724,-0.508308,1.09311
Innsbruck,Imst,89,406,0.740401,-0.508399,1.11682
Innsbruck,Seefeld,89,720,0.853076,-0.508589,1.28694
Brenner,Fortezza,90,91,0.512575,-0.500693,0.769219
Fortezza,Bolzano,91,92,0.354366,-0.488537,0.527487
Fortezza,Innichen,91,681,0.450326,-0.499484,0.675257
Bolzano,Trento,92,93,0.294918,-0.467084,0.432669
Trento,Verona,93,94,0.510971,-0.454326,0.743119
Verona,Mestre,94,120,0.725613,-0.453492,1.05467
Verona,Brescia,94,451,0.543841,-0.451845,0.789573
Bologna,Cesena,95,96,0.438815,-0.44592,0.634491
Cesena,Perugia,96,97,0.305218,-0.445897,0.441314
Cesena,Ravenna,96,121,0.451583,-0.449163,0.654418
Cesena,Rimini,96,122,0.316719,-0.445392,0.457783
Perugia,Fiano Romano,97,98,0.12646,-0.444821,0.182712
Fiano Romano,Naples,98,99,0.060207,-0.442755,0.0868639
Naples,Salerno,99,100,0.0162108,-0.439894,0.0233418
Naples,Avellino,99,741,0.0245871,-0.435729,0.0353003
Salerno,Sicignano degli Alburni,100,101,0.00981849,-0.429142,0.014032
Salerno,Avellino,100,741,0.0129648,-0.427261,0.0185042
Sicignano degli Alburni,Potenza,101,743,0.00534079,-0.422435,0.00759693
Messina,Catania,102,103,6.6031e-05,-0.476334,6.6031e-05
Messina,Palermo,102,474,6.6031e-05,-0.476334,6.6031e-05
Catania,Siracusa,103,104,6.6031e-05,-0.476334,6.6031e-05
Siracusa,Gela,104,105,6.6031e-05,-0.476334,6.6031e-05
Gela,Mazara del Vallo,105,473,6.6031e-05,-0.476334,6.6031e-05
Helsingborg,Copenhagen,299,106,0.0171521,-0.344662,0.0230637
Copenhagen,Malmö,106,135,0.00881604,-0.343606,0.0118453
Rostock,Berlin,107,108,1.61309,-0.518569,2.4496
Rostock,Lübeck,107,517,0.807998,-0.519399,1.22767
Rostock,Sassnitz,107,625,0.682264,-0.518429,1.03597
Berlin,Lübbenau,108,109,2.41656,-0.518328,3.66913
Berlin,Szczecin,108,137,1.91329,-0.51844,2.90522
Berlin,Świebodzin,108,139,2.28368,-0.519022,3.46896
Berlin,Magdeburg,108,314,2.41298,-0.51924,3.6659
Berlin,Leipzig,108,526,2.13403,-0.518382,3.24028
Berlin,Neubrandenburg,108,700,1.48789,-0.518533,2.25941
Lübbenau,Dresden,109,110,1.77949,-0.517967,2.70121
Lübbenau,Cottbus,109,644,1.32243,-0.517929,2.00735
Dresden,Ústí nad Labem,110,111,1.81291,-0.517618,2.7513
Dresden,Chemnitz,110,337,2.02971,-0.517894,3.08089
Dresden,Görlitz,110,338,1.30395,-0.517754,1.97908
Ústí nad Labem,Prague,111,112,2.03958,-0.517373,3.0948
Prague,Tábor,112,113,1.98046,-0.515956,3.00229
Prague,Mladá Boleslav,112,146,1.14845,-0.517694,1.74299
Prague,Jihlava,112,147,2.00406,-0.5156,3.03735
Prague,Plzeň,112,372,2.22451,-0.517651,3.37604
Prague,Karlovy Vary,112,523,1.37039,-0.517923,2.08015
Prague,Hradec Králové,112,551,1.49158,-0.517202,2.26302
Tábor,Linz,113,114,1.75014,-0.515215,2.65184
Linz,Salzburg,114,115,1.85421,-0.513203,2.8058
Linz,Sattledt,114,408,0.75001,-0.514177,1.13565
Linz,Sankt Pölten,114,409,1.75677,-0.513533,2.65893
Linz,Wels,114,669,1.32185,-0.515224,2.00291
Salzburg,Villach,115,116,2.79048,-0.508336,4.20898
Salzburg,Bad Reichenhall,115,407,1.42842,-0.512198,2.16005
Salzburg,Sattledt,115,408,1.49667,-0.512666,2.26396
Salzburg,Lofer,115,733,1.70722,-0.512183,2.58163
Villach,Tarvisio,116,117,1.45746,-0.504448,2.19268
Villach,Karavanke Tunnel,116,537,1.24808,-0.504844,1.87817
Villach,Spittal an der Drau,116,682,1.42224,-0.505942,2.14182
Villach,Klagenfurt,116,683,1.52358,-0.506156,2.29475
Tarvisio,Udine,117,118,0.717121,-0.496162,1.07293
Udine,Palmanova,118,119,0.688397,-0.479716,1.01863
Palmanova,Mestre,119,120,0.819526,-0.465355,1.2009
Palmanova,Trieste,119,452,0.816487,-0.474963,1.20429
Mestre,Ravenna,120,121,0.552668,-0.454061,0.803613
Rimini,Fano,122,123,0.159398,-0.442449,0.229923
Fano,Ancona,123,124,0.143127,-0.438336,0.205865
Ancona,Pescara,124,125,0.252333,-0.437567,0.362746
Pescara,Canosa di Puglia,125,126,0.274514,-0.436346,0.394297
Canosa di Puglia,Bari,126,127,0.0903778,-0.431986,0.12942
Canosa di Puglia,Benevento,126,742,0.0928016,-0.432455,0.132934
Bari,Brindisi,127,128,0.0246367,-0.429373,0.0352151
Bari,Taranto,127,476,0.0233959,-0.428919,0.0334309
Brindisi,Taranto,128,476,0.00589816,-0.423177,0.00839413
Igoumenitsa,Preveza,129,130,0.0174931,-0.393206,0.0243715
Igoumenitsa,Ioannina,129,477,0.0395251,-0.398525,0.0552769
Preveza,Rhion,130,131,0.0092178,-0.380482,0.012725
Rhion,Patras,131,132,0.00366326,-0.356004,0.00496739
Rhion,Aigio,131,175,0.00366326,-0.356004,0.00496739
Patras,Pyrgos,132,133,0.00171545,-0.337042,0.00229362
Pyrgos,Kalamata,133,134,0.000923987,-0.313128,0.00121331
Kalamata,Tripoli,134,177,0.000711182,-0.299227,0.000923987
Malmö,Helsingborg,135,299,0.0236352,-0.344429,0.0317759
Malmö,Kalmar,135,626,0.0225518,-0.343894,0.0303072
Goleniów,Szczecin,136,137,0.815419,-0.518216,1.23798
Goleniów,Koszalin,136,637,0.350477,-0.518716,0.532274
Szczecin,Gorzów Wielkopolski,137,138,0.867231,-0.518561,1.31694
Gorzów Wielkopolski,Świebodzin,138,139,1.03693,-0.519477,1.57559
Świebodzin,Zielona Góra,139,140,1.37026,-0.519601,2.08225
Świebodzin,Poznań,139,315,2.15156,-0.521517,3.27363
Zielona Góra,Legnica,140,141,1.37371,-0.519612,2.08751
Legnica,Jelenia Góra,141,142,1.23807,-0.518313,1.87977
Legnica,Görlitz,141,338,1.37498,-0.51819,2.08748
Legnica,Wrocław,141,339,2.0803,-0.519238,3.16047
Legnica,Cottbus,141,644,1.37628,-0.518197,2.08946
Jelenia Góra,Harrachov,142,143,0.5346,-0.517901,0.81147
Harrachov,Železný Brod,143,144,0.384872,-0.517831,0.584171
Železný Brod,Turnov,144,145,0.633741,-0.518065,0.96206
Turnov,Mladá Boleslav,145,146,0.673992,-0.517927,1.02307
Turnov,Hradec Králové,145,551,0.952245,-0.517702,1.44522
Turnov,Teplice,145,715,0.818519,-0.518695,1.24308
Jihlava,Brno,147,148,1.01988,-0.514364,1.54447
Jihlava,Vienna,147,410,1.64542,-0.514007,2.49117
Brno,Bratislava,148,149,1.44464,-0.513451,2.18639
Brno,Trenčín,148,373,1.41798,-0.514825,2.14799
Brno,Vienna,148,410,1.65604,-0.511988,2.50392
Brno,Olomouc,148,716,1.42744,-0.515083,2.16268
Bratislava,Rajka,149,150,1.5579,-0.512016,2.35557
Bratislava,Žilina,149,195,1.63101,-0.514316,2.46987
Bratislava,Győr,149,196,1.62173,-0.509349,2.44775
Bratislava,Vienna,149,410,2.23128,-0.507645,3.36398
Bratislava,Zvolen,149,568,2.16595,-0.513427,3.27801
Bratislava,Dunajská Streda,149,724,1.33684,-0.512046,2.02137
Rajka,Csorna,150,151,0.617945,-0.511669,0.934128
Csorna,Szombathely,151,152,0.310354,-0.507774,0.467944
Szombathely,Zalaegerszeg,152,153,0.317943,-0.499429,0.476733
Zalaegerszeg,Nagykanizsa,153,154,0.643112,-0.495386,0.9617
Nagykanizsa,Letenye,154,155,0.40245,-0.494608,0.601504
Nagykanizsa,Zagreb,154,156,0.896171,-0.488655,1.33409
Nagykanizsa,Balatonvilágos,154,553,1.26918,-0.498578,1.90197
Letenye,Zagreb,155,156,0.493721,-0.483803,0.732585
Zagreb,Karlovac,156,157,0.728019,-0.482451,1.07925
Zagreb,Ljubljana,156,454,0.699136,-0.484579,1.03792
Zagreb,Slavonski Brod,156,455,0.846335,-0.472239,1.24601
Zagreb,Maribor,156,535,0.8234,-0.489083,1.22611
Karlovac,Rijeka,157,158,0.326688,-0.479663,0.483388
Karlovac,Knin,157,554,0.262013,-0.479771,0.387719
Rijeka,Split,158,159,0.224312,-0.476321,0.331156
Rijeka,Trieste,158,452,0.562507,-0.479065,0.831984
Split,Dubrovnik,159,160,0.16895,-0.466402,0.247748
Split,Knin,159,554,0.159637,-0.475143,0.235487
Dubrovnik,Petrovac,160,161,0.057509,-0.457844,0.0838392
Dubrovnik,Podgorica,160,162,0.132837,-0.44954,0.192552
Petrovac,Podgorica,161,162,0.0905852,-0.443184,0.130731
Petrovac,Prizren,161,744,0.082568,-0.444635,0.119281
Podgorica,Bijelo Polje,162,163,0.138351,-0.444131,0.199798
Podgorica,Pristina,162,164,0.191725,-0.444262,0.276901
Podgorica,Sarajevo,162,737,0.237633,-0.444081,0.343161
Bijelo Polje,Pristina,163,164,0.192966,-0.444363,0.278713
Bijelo Polje,Nova Varoš,163,740,0.206955,-0.446985,0.299461
Pristina,Skopje,164,165,0.26316,-0.441585,0.379367
Pristina,Niš,164,202,0.501887,-0.448191,0.726829
Pristina,Prizren,164,744,0.159178,-0.443859,0.22983
Skopje,Kičevo,165,166,0.182959,-0.43792,0.263081
Skopje,Kumanovo,165,203,0.2572,-0.442694,0.371061
Skopje,Veles,165,204,0.195485,-0.435648,0.280647
Kičevo,Ohrid,166,167,0.0767597,-0.434952,0.110146
Ohrid,Bitola,167,168,0.0373335,-0.427666,0.0532998
Bitola,Niki,168,169,0.0298399,-0.413403,0.0421758
Niki,Vevi,169,170,0.0470181,-0.40407,0.0660168
Vevi,Kozani,170,171,0.102194,-0.402443,0.143321
Kozani,Larissa,171,172,0.069212,-0.402227,0.097051
Kozani,Thessaloniki,171,207,0.223365,-0.40415,0.313638
Kozani,Ioannina,171,477,0.0844761,-0.401764,0.118415
Larissa,Domokos,172,173,0.0308881,-0.401496,0.0432895
Larissa,Lamia,172,174,0.0308881,-0.401496,0.0432895
Larissa,Katerini,172,208,0.0876176,-0.402987,0.122926
Larissa,Trikala,172,687,0.0441079,-0.400892,0.0617905
Domokos,Lamia,173,174,6.6031e-05,-0.476334,3.30155e-05
Aigio,Corinth,175,176,0.00171545,-0.337042,0.00229362
Corinth,Tripoli,176,177,0.000923987,-0.313128,0.00121331
Varangerbotn,Utsjoki,178,179,0.0646271,-0.518471,0.0981345
Varangerbotn,Kirkenes,178,243,0.15805,-0.527991,0.2415
Varangerbotn,Karasjok,178,502,0.0636686,-0.521618,0.0968792
Utsjoki,Inari,179,180,0.0269138,-0.49503,0.040237
Inari,Ivalo,180,181,0.0158469,-0.428607,0.022639
Ivalo,Sodankylä,181,182,0.0183641,-0.357074,0.0249215
Sodankylä,Rovaniemi,182,183,0.0257736,-0.330703,0.034297
Sodankylä,Kemijärvi,182,539,0.0160384,-0.331845,0.0213607
Rovaniemi,Kemi,183,184,0.0370678,-0.330048,0.0493019
Kemi,Oulu,184,185,0.0521163,-0.338374,0.0697511
Kemi,Tornio,184,614,0.0385953,-0.330889,0.051366
Oulu,Jyväskylä,185,186,0.0483152,-0.347194,0.0650899
Oulu,Kokkola,185,615,0.0367956,-0.347592,0.0495855
Jyväskylä,Heinola,186,187,0.0534499,-0.373302,0.0734029
Jyväskylä,Kuopio,186,544,0.0443743,-0.356714,0.0602032
Jyväskylä,Tampere,186,545,0.0548969,-0.367944,0.0750959
Heinola,Lahti,187,188,0.0462876,-0.413077,0.065408
Lahti,Helsinki,188,189,0.077366,-0.451188,0.112273
Helsinki,Hämeenlinna,189,618,0.0783387,-0.450544,0.113634
Helsinki,Kotka,189,621,0.169474,-0.506281,0.255275
Gdańsk,Świecie,190,191,1.6311,-0.525384,2.48805
Gdańsk,Kaliningrad,190,563,1.23897,-0.529085,1.8945
Gdańsk,Elbląg,190,564,1.39021,-0.526933,2.12277
Gdańsk,Gdynia,190,639,0.994283,-0.526219,1.51749
Świecie,Łódź,191,192,1.16224,-0.523817,1.77104
Świecie,Poznań,191,315,1.54544,-0.524502,2.35602
Łódź,Piotrków Trybunalski,192,193,1.32989,-0.524352,2.02722
Piotrków Trybunalski,Katowice,193,194,1.58467,-0.523079,2.41357
Piotrków Trybunalski,Warsaw,193,316,2.26213,-0.527504,3.45541
Piotrków Trybunalski,Wrocław,193,339,1.60443,-0.522409,2.44259
Katowice,Žilina,194,195,1.33161,-0.51861,2.02219
Katowice,Zabrze,194,342,1.16064,-0.52031,1.76454
Katowice,Kraków,194,343,1.77719,-0.520922,2.70297
Katowice,Český Těšín,194,717,0.924388,-0.519944,1.40502
Žilina,Olomouc,195,716,0.810888,-0.516365,1.2296
Győr,Budapest,196,197,2.27295,-0.505871,3.42277
Győr,Vámosszabadi,196,726,1.01742,-0.508857,1.53515
Budapest,Szeged,197,198,2.50064,-0.494092,3.73619
Budapest,Mosonmagyaróvár,197,412,2.43603,-0.504839,3.66584
Budapest,Szolnok,197,413,2.4458,-0.498555,3.66517
Budapest,Miskolc,197,552,2.44626,-0.503227,3.67729
Budapest,Balatonvilágos,197,553,2.19848,-0.499236,3.29605
Budapest,Szekszárd,197,555,1.97565,-0.502299,2.96801
Budapest,Zvolen,197,568,2.2318,-0.505802,3.36064
Szeged,Subotica,198,199,1.4758,-0.493247,2.20374
Szeged,Arad,198,684,1.89642,-0.482515,2.81147
Subotica,Novi Sad,199,200,0.896685,-0.480883,1.32788
Subotica,Sombor,199,735,0.787309,-0.490007,1.1731
Novi Sad,Belgrade,200,201,0.909701,-0.471436,1.33857
Belgrade,Niš,201,202,0.803407,-0.459969,1.17295
Belgrade,Slavonski Brod,201,455,0.823853,-0.466797,1.20843
Belgrade,Vršac,201,456,0.767539,-0.463492,1.12329
Belgrade,Čačak,201,739,0.691769,-0.459114,1.00937
Niš,Kumanovo,202,203,0.355083,-0.4508,0.515154
Niš,Drobeta-Turnu Severin,202,458,0.793753,-0.454768,1.15473
Niš,Sofia,202,468,0.633872,-0.446228,0.916724
Kumanovo,Kyustendil,203,745,0.235564,-0.443712,0.340087
Veles,Gevgelija,204,205,0.111892,-0.424908,0.159436
Gevgelija,Evzoni,205,206,0.123388,-0.410982,0.174098
Evzoni,Thessaloniki,206,207,0.236304,-0.405864,0.332211
Thessaloniki,Katerini,207,208,0.161049,-0.404766,0.226237
Thessaloniki,Alexandroupoli,207,233,0.336717,-0.403375,0.472541
Thessaloniki,Serres,207,577,0.276999,-0.410886,0.390814
Klaipėda,Kaunas,209,210,1.76856,-0.538288,2.72055
Klaipėda,Palanga,209,704,1.03205,-0.539155,1.58848
Kaunas,Vilnius,210,211,1.96393,-0.538328,3.02118
Kaunas,Warsaw,210,316,3.83747,-0.53432,5.8879
Kaunas,Riga,210,547,2.58615,-0.538845,3.97968
Kaunas,Ukmergė,210,701,1.65031,-0.538472,2.53896
Vilnius,Lida,211,212,1.82715,-0.53975,2.81335
Vilnius,Minsk,211,318,3.74106,-0.537967,5.75362
Vilnius,Marijampolė,211,641,1.91701,-0.539783,2.95177
Vilnius,Ukmergė,211,701,1.91698,-0.540121,2.95239
Lida,Slonim,212,213,0.714813,-0.539516,1.10047
Slonim,Kobryn,213,214,0.373789,-0.534723,0.573662
Kobryn,Dubno,214,215,0.432511,-0.525637,0.659855
Dubno,Ternopil,215,216,0.945921,-0.521603,1.43932
Ternopil,Chernivtsi,216,217,1.08048,-0.518495,1.6407
Ternopil,Stryj,216,379,1.53722,-0.517888,2.33333
Ternopil,Khmelnytskyi,216,380,1.32862,-0.52432,2.02525
Chernivtsi,Siret,217,218,0.835285,-0.511309,1.26237
Siret,Suceava,218,219,1.44427,-0.505355,2.17413
Suceava,Roman,219,220,1.44205,-0.501682,2.1655
Suceava,Halmeu,219,578,2.23023,-0.501445,3.34857
Suceava,Iaşi,219,670,1.90942,-0.506602,2.87673
Roman,Urziceni,220,221,0.818015,-0.493045,1.22133
Urziceni,Bucharest,221,222,0.605643,-0.476247,0.894079
Urziceni,Slobozia,221,421,0.486275,-0.480597,0.719977
Bucharest,Giurgiu,222,223,0.336385,-0.456271,0.489867
Bucharest,Ploieşti,222,420,0.293382,-0.463738,0.429434
Bucharest,Constanţa,222,423,0.437504,-0.462284,0.639755
Bucharest,Alexandria,222,460,0.342603,-0.462183,0.500948
Bucharest,Piteşti,222,583,0.370434,-0.463227,0.542028
Giurgiu,Ruse,223,224,0.18241,-0.446191,0.2638
Ruse,Byala,224,225,0.101697,-0.432065,0.145637
Ruse,Razgrad,224,461,0.0939208,-0.433181,0.134606
Byala,Veliko Tarnovo,225,226,0.0827834,-0.426224,0.118068
Byala,Pleven,225,584,0.0809724,-0.427255,0.115568
Veliko Tarnovo,Stara Zagora,226,227,0.0945059,-0.429238,0.135071
Veliko Tarnovo,Shumen,226,462,0.0887243,-0.427114,0.12662
Stara Zagora,Haskovo,227,228,0.0583198,-0.419743,0.0827992
Stara Zagora,Burgas,227,590,0.0813365,-0.425968,0.115983
Haskovo,Svilengrad,228,229,0.0289301,-0.410798,0.0408146
Svilengrad,Ormenio,229,230,0.0233093,-0.401319,0.0326638
Ormenio,Kastanies,230,231,0.0363976,-0.398253,0.050893
Kastanies,Didymoteicho,231,232,0.0784766,-0.399411,0.109821
Didymoteicho,Alexandroupoli,232,233,0.183245,-0.401403,0.256799
Alexandroupoli,Gelibolu,233,478,0.224344,-0.404843,0.315168
Saint Petersburg,Pskov,234,235,3.6894,-0.536884,5.67017
Saint Petersburg,Moscow,234,239,7.04584,-0.533134,10.8022
Saint Petersburg,Petrozavodsk,234,245,2.40515,-0.53135,3.68313
Saint Petersburg,Narva,234,304,2.7978,-0.535991,4.29739
Saint Petersburg,Vyborg,234,623,2.40534,-0.531332,3.68337
Pskov,Gomel,235,236,4.85395,-0.537962,7.46519
Pskov,Riga,235,547,3.47871,-0.539099,5.35408
Gomel,Kiev,236,237,6.83982,-0.534761,10.4975
Gomel,Babruysk,236,703,4.05855,-0.538063,6.24231
Kiev,Odessa,237,238,5.11552,-0.527236,7.81261
Kiev,Hlukhiv,237,242,6.12498,-0.53283,9.38856
Kiev,Kharkiv,237,247,6.03106,-0.52988,9.22681
Kiev,Rivne,237,348,4.42333,-0.532486,6.77869
Kiev,Zhytomyr,237,349,3.53454,-0.531428,5.4129
Odessa,Izmail,238,586,1.73702,-0.52114,2.64225
Odessa,Chişinău,238,672,2.06216,-0.520462,3.13544
Odessa,Mykolaiv,238,673,2.00518,-0.523261,3.05441
Moscow,Kaluga,239,240,5.00171,-0.533356,7.6694
Moscow,Orel,239,246,5.39628,-0.530826,8.26076
Moscow,Voronezh,239,248,5.89995,-0.52064,8.9717
Moscow,Tambov,239,256,4.93553,-0.528642,7.54465
Moscow,Smolensk,239,319,5.42843,-0.533822,8.32624
Moscow,Ryazan,239,320,4.37839,-0.520456,6.65715
Moscow,Velikiye Luki,239,628,4.81269,-0.533197,7.37879
Moscow,Vladimir,239,629,4.49611,-0.519768,6.83305
Kaluga,Bryansk,240,241,2.72099,-0.536589,4.18104
Bryansk,Hlukhiv,241,242,3.36037,-0.536581,5.16348
Hlukhiv,Kursk,242,645,3.60379,-0.535088,5.53214
Kirkenes,Murmansk,243,244,0.344785,-0.531065,0.527889
Murmansk,Petrozavodsk,244,245,0.897727,-0.531612,1.37497
Orel,Kharkiv,246,247,4.0657,-0.531237,6.22555
Kharkiv,Luhansk,247,350,3.26732,-0.531292,5.00322
Voronezh,Novorossiysk,248,249,3.75746,-0.523196,5.72335
Voronezh,Kursk,248,645,3.53944,-0.531212,5.41963
Voronezh,Saratov,248,646,3.23422,-0.511525,4.8886
Novorossiysk,Dzhankoy,249,601,1.50567,-0.522118,2.29181
Novorossiysk,Sochi,249,602,1.46234,-0.522081,2.2258
Mineralnye Vody,Nalchik,250,251,0.214759,-0.495101,0.321087
Mineralnye Vody,Makhachkala,250,260,0.480096,-0.498175,0.719268
Mineralnye Vody,Armavir,250,387,0.25126,-0.497118,0.376165
Nalchik,Vladikavkaz,251,252,0.0830167,-0.491366,0.123808
Vladikavkaz,Stepantsminda,252,253,0.0328574,-0.484286,0.0487697
Stepantsminda,Mtskheta,253,254,0.0145228,-0.468351,0.0213245
Mtskheta,Tbilisi,254,255,0.00979171,-0.443591,0.0141352
Tbilisi,Gori,255,428,0.00657738,-0.429915,0.00940509
Tbilisi,Rustavi,255,429,0.00914828,-0.444476,0.0132145
Tambov,Povorino,256,257,2.22848,-0.529445,3.40834
Povorino,Volgograd,257,258,1.88115,-0.525873,2.8704
Volgograd,Astrakhan,258,259,2.14175,-0.513029,3.24054
Volgograd,Luhansk,258,350,2.18616,-0.527333,3.33899
Astrakhan,Makhachkala,259,260,1.46656,-0.501643,2.20225
Astrakhan,Atyrau,259,265,2.04599,-0.49086,3.05028
Makhachkala,Kuba,260,261,0.472352,-0.499192,0.708146
Kuba,Baku,261,262,0.180916,-0.498058,0.271022
Baku,Yevlakh,262,431,0.0696921,-0.495782,0.104244
Samara,Oral,263,264,1.92593,-0.466721,2.82481
Samara,Penza,263,321,1.58084,-0.490779,2.35669
Samara,Ufa,263,322,1.40047,-0.475979,2.06707
Oral,Atyrau,264,265,2.11765,-0.467485,3.10763
Oral,Saratov,264,646,2.40351,-0.49044,3.58228
Oral,Aktobe,264,647,1.41361,-0.462014,2.06672
Atyrau,Beineu,265,266,0.931202,-0.473832,1.37243
Atyrau,Beyneu,265,351,0.931202,-0.473832,1.37243
Beineu,Shetpe,266,267,0.364768,-0.472843,0.537246
Shetpe,Zhetybai,267,268,0.143291,-0.471853,0.210904
Zhetybai,Fetisovo,268,269,0.0570389,-0.469405,0.0838132
Fetisovo,Bekdash,269,270,0.0243352,-0.459557,0.0355186
Bekdash,Türkmenbaşy,270,271,0.0139983,-0.426674,0.019971
Türkmenbaşy,Gyzylarbat,271,272,0.0156068,-0.387279,0.021651
Gyzylarbat,Ashgabat,272,432,0.0293037,-0.377558,0.0403675
Chelyabinsk,Kostanay,273,274,0.295219,-0.466592,0.432966
Chelyabinsk,Ufa,273,322,0.62425,-0.47093,0.918229
Chelyabinsk,Kurgan,273,323,0.330407,-0.463459,0.483536
Kostanay,Esil,274,275,0.131088,-0.460687,0.191479
Esil,Derzhavinsk,275,276,0.0877385,-0.442787,0.126588
Derzhavinsk,Arkalyk,276,277,0.122088,-0.424658,0.173933
Arkalyk,Jezkazgan,277,278,0.260127,-0.418754,0.369057
Jezkazgan,Kyzylorda,278,279,0.407771,-0.417155,0.577874
Jezkazgan,Karaganda,278,286,0.386204,-0.417553,0.547465
Kyzylorda,Shymkent,279,280,0.390653,-0.412472,0.551787
Kyzylorda,Novokazalinsk,279,650,0.288868,-0.420787,0.41042
Shymkent,Tashkent,280,281,0.314916,-0.40488,0.442419
Shymkent,Zhambyl,280,359,0.253153,-0.403578,0.35532
Tashkent,Ayni,281,282,0.117052,-0.395416,0.163336
Tashkent,Jizzakh,281,358,0.149964,-0.400798,0.21007
Tashkent,Kokand,281,689,0.120474,-0.400932,0.168776
Ayni,Dushanbe,282,283,0.0932407,-0.385957,0.129228
Ayni,Kokand,282,689,0.0459806,-0.388452,0.0638419
Dushanbe,Termez,283,440,0.0522292,-0.377962,0.0719699
Dushanbe,Jirgatal,283,441,0.0530359,-0.379277,0.0731512
Dushanbe,Kulob,283,692,0.0388676,-0.379105,0.0536026
Ishim,Astana,284,285,0.170174,-0.432018,0.243692
Ishim,Omsk,284,291,0.170174,-0.432018,0.243692
Ishim,Kurgan,284,323,0.243957,-0.450343,0.353822
Ishim,Tyumen,284,635,0.170169,-0.443782,0.245687
Astana,Karaganda,285,286,0.19263,-0.421117,0.27375
Karaganda,Balkhash,286,287,0.231732,-0.411233,0.327028
Karaganda,Pavlodar,286,292,0.231294,-0.420738,0.328608
Balkhash,Burubaytal,287,288,0.141236,-0.406341,0.198626
Burubaytal,Almaty,288,289,0.165521,-0.400435,0.231802
Almaty,Bishkek,289,290,0.255353,-0.397193,0.356777
Almaty,Sary-Ozek,289,360,0.122987,-0.397466,0.171871
Almaty,Kokpek,289,695,0.100873,-0.397614,0.140981
Bishkek,Zhambyl,290,359,0.227759,-0.399215,0.318684
Bishkek,Osh,290,691,0.231345,-0.394988,0.322723
Omsk,Pavlodar,291,292,0.136718,-0.425094,0.194836
Pavlodar,Semey,292,293,0.117284,-0.421293,0.166695
Semey,Georgiyevka,293,294,0.0489543,-0.419821,0.0695064
Georgiyevka,Ayagoz,294,364,0.0217288,-0.416782,0.030785
Narvik,Kiruna,295,296,0.00788115,-0.339531,0.010557
Narvik,Setermoen,295,498,0.00397608,-0.354393,0.00538518
Kiruna,Töre,296,297,0.017138,-0.337382,0.0229201
Töre,Luleå,297,298,0.037959,-0.337512,0.0507706
Luleå,Umeå,298,612,0.0652094,-0.339531,0.0873501
Luleå,Haparanda,298,613,0.0424159,-0.335919,0.0566642
Helsingborg,Halmstad,299,300,0.0515558,-0.345524,0.0693695
Helsingborg,Jönköping,299,605,0.0318831,-0.344326,0.0428613
Örebro,Stockholm,301,302,0.0993275,-0.345533,0.133648
Örebro,Karlstad,301,620,0.0591577,-0.34628,0.0796429
Stockholm,Södertälje,302,608,0.0734454,-0.345674,0.0988336
Stockholm,Uppsala,302,609,0.0869665,-0.345715,0.117032
Tallinn,Narva,303,304,1.6499,-0.538259,2.53797
Tallinn,Riga,303,547,2.27815,-0.539041,3.50617
Colchester,Ipswich,305,306,6.6031e-05,-0.476334,6.6031e-05
Ipswich,Cambridge,306,636,6.6031e-05,-0.476334,6.6031e-05
The Hague,Gouda,307,308,0.364734,-0.520356,0.554525
Amersfoort,Oldenzaal,309,310,0.617889,-0.521983,0.940417
Amersfoort,Hoogeveen,309,698,0.57665,-0.522044,0.877686
Oldenzaal,Osnabrück,310,311,0.531698,-0.523016,0.809784
Osnabrück,Bad Oeynhausen,311,312,1.00168,-0.52379,1.52635
Bad Oeynhausen,Dortmund,312,508,1.72017,-0.524742,2.62282
Braunschweig,Magdeburg,313,314,1.34669,-0.519808,2.04671
Magdeburg,Halle,314,518,1.4317,-0.518987,2.17474
Poznań,Warsaw,315,316,2.62292,-0.526841,4.00477
Poznań,Wrocław,315,339,1.5544,-0.522578,2.36669
Warsaw,Elbląg,316,564,2.08945,-0.528725,3.1942
Warsaw,Radom,316,565,2.4832,-0.527958,3.79423
Warsaw,Lublin,316,713,2.94262,-0.529361,4.50032
Brest,Rennes,317,365,0.328511,-0.511223,0.496454
Brest,Lorient,317,388,0.180061,-0.51048,0.271979
Minsk,Smolensk,318,319,3.97067,-0.537618,6.10538
Minsk,Babruysk,318,703,3.57521,-0.538961,5.5021
Ryazan,Penza,320,321,1.96882,-0.5134,2.97962
Ufa,Yelabuga,322,632,0.669708,-0.474034,0.987172
Bruges,Ghent,324,325,1.57429,-0.52014,2.39315
Bruges,Zeebrugge,324,642,1.78002,-0.520892,2.70722
Ghent,Brussels,325,326,2.13342,-0.521154,3.24526
Brussels,Leuven,326,327,2.7164,-0.523297,4.13789
Leuven,Hasselt,327,708,1.77186,-0.525901,2.70368
Eupen,Aachen,328,329,2.13163,-0.527906,3.25693
Eupen,St. Vith,328,653,1.09643,-0.527667,1.67498
Aachen,Heerlen,329,709,1.67759,-0.528101,2.56353
Olpe,Wetzlar,330,331,2.00605,-0.526724,3.06269
Wetzlar,Gießen,331,332,2.00184,-0.527563,3.05794
Wetzlar,Dortmund,331,508,2.798,-0.526381,4.27082
Wetzlar,Aschaffenburg,331,509,2.15242,-0.52701,3.28677
Wetzlar,Koblenz,331,660,2.1022,-0.527446,3.21099
Gießen,Bad Hersfeld,332,333,1.24248,-0.528111,1.89864
Bad Hersfeld,Eisenach,333,334,0.582205,-0.526509,0.888742
Eisenach,Erfurt,334,335,0.535008,-0.521739,0.814142
Erfurt,Gera,335,336,1.04608,-0.519031,1.58903
Gera,Chemnitz,336,337,1.56122,-0.518503,2.37072
Gera,Leipzig,336,526,1.57312,-0.518341,2.38854
Gera,Hirschberg,336,527,1.10566,-0.518801,1.67928
Chemnitz,Plauen,337,519,1.47204,-0.518438,2.2352
Wrocław,Opole,339,340,1.29689,-0.520533,1.97196
Wrocław,Kłodzko,339,548,1.31693,-0.520361,2.00221
Opole,Gliwice,340,341,0.619242,-0.519951,0.941217
Gliwice,Zabrze,341,342,0.585548,-0.519845,0.889943
Kraków,Rzeszów,343,344,0.836236,-0.521582,1.2724
Kraków,Radom,343,565,1.00949,-0.524771,1.53925
Kraków,Trstená,343,566,1.05529,-0.519806,1.60383
Rzeszów,Jarosław,344,345,0.795517,-0.524721,1.21294
Rzeszów,Radom,344,565,0.867928,-0.52659,1.32497
Rzeszów,Barwinek,344,710,0.625372,-0.523669,0.95286
Jarosław,Korczowa,345,346,0.863357,-0.525344,1.31692
Korczowa,Lviv,346,347,1.83831,-0.524998,2.80343
Lviv,Rivne,347,348,2.45823,-0.528565,3.75756
Lviv,Mukachevo,347,378,3.34793,-0.519737,5.08797
Lviv,Lublin,347,713,1.84252,-0.526178,2.81202
Rivne,Zhytomyr,348,349,1.5245,-0.531923,2.33542
Rivne,Kovel,348,714,1.50632,-0.531596,2.30708
Zhytomyr,Vinnytsia,349,381,2.5459,-0.531688,3.89952
Beyneu,Qo‘ng‘irot,351,352,0.370456,-0.471371,0.545078
Qo‘ng‘irot,Nukus,352,353,0.158955,-0.463105,0.232568
Nukus,Daşoguz,353,354,0.0946798,-0.438294,0.136177
Daşoguz,Bukhara,354,355,0.0473515,-0.388844,0.0657639
Daşoguz,Ashgabat,354,432,0.0536629,-0.390032,0.0745932
Daşoguz,Uchkuduk,354,688,0.0311054,-0.407879,0.0437927
Bukhara,Navoiy,355,356,0.0486978,-0.371607,0.0667942
Bukhara,Alat,355,436,0.0399061,-0.363489,0.0544115
Bukhara,Karshi,355,437,0.0405535,-0.364126,0.0553201
Bukhara,Uchkuduk,355,688,0.026828,-0.371243,0.0367877
Navoiy,Samarkand,356,357,0.0425141,-0.383473,0.0588171
Samarkand,Jizzakh,357,358,0.0689364,-0.396056,0.0962391
Sary-Ozek,Taldykorgan,360,361,0.0590383,-0.396615,0.0824538
Sary-Ozek,Koktal,360,697,0.0557266,-0.396639,0.0778299
Taldykorgan,Ucharal,361,362,0.0260856,-0.396603,0.0364312
Ucharal,Taskesken,362,363,0.013824,-0.399785,0.0193507
Taskesken,Ayagoz,363,364,0.0126158,-0.409066,0.0177764
Rennes,Le Mans,365,366,0.812847,-0.511706,1.22879
Le Mans,Angers,366,391,0.662652,-0.511816,1.00181
Le Mans,Tours,366,392,0.779661,-0.509574,1.17696
Le Mans,Rouen,366,662,1.24996,-0.515536,1.89436
Reims,Charleroi,367,651,1.69501,-0.52185,2.57956
Reims,Charleville-Mézières,367,658,1.55239,-0.521398,2.3618
Reims,Rouen,367,662,1.77846,-0.518832,2.70118
Saarbrücken,Mannheim,368,369,2.93207,-0.527142,4.4777
Saarbrücken,Trier,368,659,1.52267,-0.526073,2.32371
Mannheim,Heilbronn,369,370,2.74719,-0.526902,4.19469
Rozvadov,Plzeň,371,372,2.27133,-0.520833,3.45432
Plzeň,Karlovy Vary,372,523,1.58045,-0.520088,2.40243
Plzeň,České Budějovice,372,524,1.83802,-0.518836,2.79165
Plzeň,Bayerisch Eisenstein,372,530,1.87563,-0.519688,2.85037
Trenčín,Prešov,373,374,1.226,-0.515683,1.85822
Prešov,Košice,374,375,1.90594,-0.51501,2.88751
Prešov,Svidník,374,712,0.928763,-0.516262,1.40825
Košice,Vyšné Nemecké,375,376,0.964976,-0.514337,1.4613
Košice,Uzhhorod,375,377,1.86281,-0.515766,2.82358
Košice,Miskolc,375,552,1.7459,-0.510911,2.6379
Košice,Zvolen,375,568,1.82542,-0.512242,2.76047
Vyšné Nemecké,Uzhhorod,376,377,0.897833,-0.517302,1.36228
Uzhhorod,Mukachevo,377,378,2.97437,-0.518024,4.51517
Uzhhorod,Chop,377,723,1.50978,-0.515929,2.28872
Mukachevo,Stryj,378,379,2.22054,-0.51425,3.36245
Mukachevo,Halmeu,378,578,2.73875,-0.510367,4.13652
Khmelnytskyi,Vinnytsia,380,381,1.60437,-0.529052,2.45317
Vinnytsia,Uman,381,382,1.56161,-0.528945,2.38762
Vinnytsia,Mohyliv-Podilskyi,381,728,1.44354,-0.529191,2.20744
Uman,Kirovohrad,382,383,1.19754,-0.523916,1.82495
Kirovohrad,Dnipropetrovsk,383,384,0.842676,-0.520016,1.28088
Kirovohrad,Chişinău,383,672,1.69097,-0.518957,2.56851
Dnipropetrovsk,Donetsk,384,385,0.355197,-0.517378,0.538969
Donetsk,Rostov-on-Don,385,386,0.235262,-0.511429,0.355582
Rostov-on-Don,Armavir,386,387,0.20534,-0.502871,0.3086
Rostov-on-Don,Taganrog,386,675,0.210979,-0.51209,0.319019
Lorient,Vannes,388,389,0.215446,-0.510141,0.325354
Vannes,Nantes,389,390,0.470646,-0.510407,0.710867
Nantes,Angers,390,391,0.657428,-0.509757,0.992557
Nantes,Poitiers,390,676,0.916682,-0.511452,1.38552
Angers,Tours,391,392,0.524124,-0.504035,0.788302
Tours,Vierzon,392,503,0.691061,-0.501849,1.03787
Montargis,Auxerre,393,394,1.22552,-0.509602,1.85005
Auxerre,Beaune,394,395,2.27592,-0.512124,3.44148
Beaune,Dole,395,396,2.27654,-0.516431,3.45221
Beaune,Antwerp,395,505,3.87702,-0.517326,5.88271
Dole,Besançon,396,397,1.19289,-0.519354,1.81242
Besançon,Belfort,397,398,1.34831,-0.52256,2.05288
Zürich,Winterthur,399,400,1.3371,-0.518929,2.03096
Winterthur,St. Gallen,400,401,0.953682,-0.518504,1.44817
Winterthur,Schaffhausen,400,511,1.28421,-0.522178,1.95479
St. Gallen,St. Margrethen,401,402,0.88335,-0.515235,1.33848
St. Margrethen,Bregenz,402,403,1.46201,-0.513582,2.21287
St. Margrethen,Buchs,402,514,0.681246,-0.513599,1.03113
Bregenz,Feldkirch,403,748,1.41002,-0.51261,2.1328
Bregenz,Lindau,403,513,2.20198,-0.514444,3.33478
Feldkirch,Landeck,748,404,0.647996,-0.510164,0.97858
Feldkirch,Imst,748,406,0.676413,-0.510052,1.02142
Landeck,Telfs,404,405,0.454956,-0.508629,0.68636
Sattledt,Liezen,408,532,0.951842,-0.51232,1.43949
Sattledt,Wels,408,669,1.00082,-0.514877,1.51612
Sankt Pölten,Vienna,409,410,1.9933,-0.511705,3.01329
Vienna,Nickelsdorf,410,411,2.19576,-0.510298,3.31625
Vienna,Halámky,410,525,2.10173,-0.512128,3.17809
Vienna,Graz,410,534,2.72149,-0.507943,4.10385
Nickelsdorf,Mosonmagyaróvár,411,412,1.53574,-0.507997,2.3159
Szolnok,Püspökladány,413,414,1.7936,-0.4948,2.68107
Püspökladány,Oradea,414,415,2.2637,-0.494155,3.38232
Püspökladány,Nyíregyháza,414,722,1.37285,-0.499625,2.05877
Oradea,Cluj-Napoca,415,416,1.11204,-0.485148,1.65154
Oradea,Berettyóújfalu,415,570,1.55804,-0.493529,2.32698
Oradea,Beiuş,415,571,1.04414,-0.487335,1.55299
Oradea,Satu Mare,415,579,1.66732,-0.491931,2.48752
Oradea,Arad,415,684,1.78836,-0.484325,2.65451
Cluj-Napoca,Turda,416,417,0.697404,-0.486268,1.03653
Cluj-Napoca,Zalău,416,580,0.665391,-0.489828,0.991318
Turda,Târgu Mureş,417,418,0.31185,-0.481457,0.461993
Turda,Sebeş,417,581,0.322906,-0.481102,0.478257
Târgu Mureş,Braşov,418,419,0.225997,-0.474841,0.333309
Braşov,Ploieşti,419,420,0.197238,-0.467043,0.289357
Braşov,Sibiu,419,582,0.267617,-0.474336,0.394557
Braşov,Piteşti,419,583,0.166609,-0.463513,0.243835
Slobozia,Hârşova,421,422,0.337907,-0.478678,0.499655
Slobozia,Galaţi,421,588,0.554241,-0.488714,0.825106
Hârşova,Constanţa,422,423,0.350173,-0.473781,0.516078
Constanţa,Varna,423,463,0.314037,-0.453805,0.456549
Constanţa,Tulcea,423,589,0.350173,-0.473781,0.516078
Senaki,Samtredia,424,425,0.0285074,-0.528671,0.0435785
Senaki,Zugdidi,424,604,0.07619,-0.527715,0.116397
Samtredia,Kutaisi,425,426,0.0109669,-0.526974,0.0167461
Kutaisi,Khashuri,426,427,0.00498486,-0.500335,0.00747896
Khashuri,Gori,427,428,0.00399105,-0.448519,0.00578112
Rustavi,Ganja,429,430,0.0124668,-0.472757,0.0183606
Ganja,Yevlakh,430,431,0.0275729,-0.48985,0.0410794
Ashgabat,Tejen,432,433,0.0293776,-0.372956,0.0403341
Tejen,Mary,433,434,0.0155646,-0.360408,0.0211741
Mary,Türkmenabat,434,435,0.0129707,-0.351951,0.0175358
Türkmenabat,Alat,435,436,0.019507,-0.35533,0.0264384
Karshi,Guzar,437,438,0.0211948,-0.358865,0.0288009
Guzar,Sherobod,438,439,0.0170482,-0.362248,0.0232239
Sherobod,Termez,439,440,0.025253,-0.371667,0.0346387
Jirgatal,Sary Tash,441,442,0.0481807,-0.381817,0.0665769
Jirgatal,Khorugh,441,694,0.0297459,-0.377479,0.0409743
Sary Tash,Irkeshtam,442,443,0.0619057,-0.38775,0.0859097
Irkeshtam,Osh,443,691,0.123639,-0.39141,0.172032
A Coruña,Bilbao,444,445,0.105998,-0.46035,0.154794
A Coruña,Pontevedra,444,481,0.0467411,-0.450659,0.0678053
Clermont-Ferrand,Montluçon,446,504,0.815566,-0.49662,1.22059
Chambéry,Susa,447,448,0.87072,-0.500914,1.30688
Chambéry,Marseille,447,736,0.659266,-0.502078,0.990269
Susa,Turin,448,449,0.573012,-0.490047,0.853814
Tortona,Brescia,450,451,0.244067,-0.452695,0.354555
Trieste,Postojna,452,453,0.301313,-0.478929,0.44562
Trieste,Ljubljana,452,454,0.581958,-0.485093,0.864262
Postojna,Ljubljana,453,454,0.403485,-0.489493,0.600989
Ljubljana,Maribor,454,535,0.698316,-0.494915,1.04392
Ljubljana,Naklo,454,538,1.0152,-0.494825,1.51755
Vršac,Timişoara,456,457,0.767479,-0.465818,1.12499
Timişoara,Drobeta-Turnu Severin,457,458,0.86237,-0.464818,1.26322
Timişoara,Arad,457,684,1.37765,-0.473341,2.02975
Drobeta-Turnu Severin,Craiova,458,459,0.841048,-0.458782,1.22691
Craiova,Alexandria,459,460,0.350387,-0.459422,0.511362
Craiova,Târgu Jiu,459,574,0.491365,-0.460162,0.717473
Craiova,Piteşti,459,583,0.45596,-0.460058,0.665728
Razgrad,Shumen,461,462,0.0848039,-0.429568,0.121233
Shumen,Varna,462,463,0.133176,-0.43841,0.191561
Varna,Burgas,463,590,0.130935,-0.438364,0.188333
Lisbon,Valladolid,464,465,0.0846316,-0.43428,0.121385
Lisbon,Porto,464,483,0.0787414,-0.423193,0.112064
Lisbon,Albufeira,464,484,0.0777062,-0.420029,0.110345
Toulouse,Nice,466,467,0.82779,-0.476989,1.22264
Nice,Cuneo,467,685,0.349238,-0.46879,0.512958
Sofia,Plovdiv,468,469,0.35273,-0.439986,0.507926
Sofia,Botevgrad,468,575,0.35434,-0.43979,0.510175
Sofia,Blagoevgrad,468,576,0.385447,-0.436685,0.553766
Sofia,Kyustendil,468,745,0.268583,-0.441075,0.387048
Plovdiv,Istanbul,469,470,0.147318,-0.438374,0.211898
Istanbul,İzmit,470,471,0.071066,-0.435607,0.102023
İzmit,Gerede,471,472,0.0246701,-0.430662,0.0352946
İzmit,Bursa,471,479,0.0248889,-0.428586,0.035556
Gerede,Kızılcahamam,472,599,0.0116705,-0.425868,0.0166405
Mazara del Vallo,Palermo,473,474,6.6031e-05,-0.476334,6.6031e-05
Metaponto,Taranto,475,476,0.00991494,-0.422589,0.0141049
Metaponto,Potenza,475,743,0.00537536,-0.419041,0.00762786
Ioannina,Trikala,477,687,0.0353524,-0.399881,0.0494891
Gelibolu,Keşan,478,596,0.109084,-0.399628,0.152677
Gelibolu,Ayvalık,478,597,0.109087,-0.399635,0.152682
Bursa,Ankara,479,480,0.0127946,-0.42107,0.0181821
Bursa,Balıkesir,479,746,0.0153205,-0.414595,0.0216723
Ankara,Kızılcahamam,480,599,0.00861095,-0.42058,0.0122325
Pontevedra,Valença,481,482,0.0296128,-0.432905,0.0424324
Valença,Porto,482,483,0.0381237,-0.421088,0.0541771
Albufeira,Castro Marim,484,485,0.0411397,-0.411942,0.0580869
Castro Marim,Huelva,485,486,0.0384676,-0.410649,0.0542643
Cherbourg-Octeville,La Rochelle,487,488,0.175108,-0.511245,0.264632
Cherbourg-Octeville,Caen,487,661,0.379134,-0.516674,0.575023
La Rochelle,Saintes,488,730,0.150129,-0.498365,0.224948
Oslo,Hamar,489,490,0.0452448,-0.347341,0.0609602
Oslo,Askim,489,619,0.0472242,-0.346857,0.0636042
Hamar,Lillehammer,490,491,0.0285756,-0.34772,0.0385119
Lillehammer,Dombås,491,492,0.0317789,-0.347623,0.0428259
Dombås,Trondheim,492,493,0.0570763,-0.34714,0.0768898
Trondheim,Stjørdal,493,494,0.0558908,-0.346955,0.0752824
Stjørdal,Steinkjer,494,495,0.028169,-0.346638,0.0379334
Steinkjer,Mosjøen,495,496,0.0199759,-0.344749,0.0268626
Mosjøen,Mo i Rana,496,497,0.0255563,-0.342323,0.0343048
Mo i Rana,Umeå,497,612,0.0486337,-0.341272,0.065231
Setermoen,Alta,498,499,0.00288921,-0.407659,0.00406702
Alta,Olderfjord,499,500,0.00415795,-0.475179,0.00613372
Olderfjord,Lakselv,500,501,0.00937824,-0.505709,0.0141209
Lakselv,Karasjok,501,502,0.0240839,-0.51651,0.0365234
Vierzon,Montluçon,503,504,0.502825,-0.498162,0.753313
Antwerp,Zeebrugge,505,642,2.60083,-0.52089,3.95558
Martigny,Sion,506,678,0.633191,-0.507894,0.954786
Bremen,Groningen,507,624,2.17269,-0.523518,3.31013
Stuttgart,Schaffhausen,510,511,1.95433,-0.524623,2.97961
Stuttgart,Ulm,510,512,1.73179,-0.52278,2.63714
Ulm,Lindau,512,513,1.50414,-0.519455,2.28546
Lindau,Waldshut,513,666,2.0659,-0.518509,3.13709
Buchs,Chur,514,515,0.271613,-0.512743,0.41088
Chur,San Bernardino,515,516,0.140514,-0.511305,0.212359
Halle,Plauen,518,519,1.36579,-0.518763,2.07432
Plauen,Schönberg,519,520,1.11571,-0.518887,1.69464
Plauen,Hof,519,528,1.48032,-0.519423,2.24924
Schönberg,Vojtanov,520,521,0.67235,-0.519491,1.02163
Vojtanov,Cheb,521,522,0.927546,-0.520303,1.41015
Cheb,Karlovy Vary,522,523,1.53336,-0.520049,2.33079
Cheb,Marktredwitz,522,663,1.22479,-0.520963,1.86286
Karlovy Vary,Teplice,523,715,0.946912,-0.519353,1.43869
České Budějovice,Halámky,524,525,1.29971,-0.515621,1.96988
Hirschberg,Hof,527,528,1.14557,-0.519567,1.74077
Hof,Bayreuth,528,529,1.85987,-0.521068,2.82898
Bayreuth,Marktredwitz,529,663,1.67686,-0.521432,2.55122
Bayerisch Eisenstein,Deggendorf,530,531,1.40963,-0.519166,2.14146
Liezen,Sankt Michael,532,533,0.779311,-0.50876,1.17579
Sankt Michael,Graz,533,534,1.39974,-0.506076,2.10812
Graz,Maribor,534,535,1.19225,-0.50194,1.79068
Graz,Spielfeld,534,536,0.903326,-0.505134,1.35963
Graz,Klagenfurt,534,683,1.67565,-0.502725,2.51805
Maribor,Spielfeld,535,536,0.405123,-0.496483,0.60626
Karavanke Tunnel,Naklo,537,538,0.8703,-0.501656,1.30689
Naklo,Loiblpass,538,734,0.831322,-0.500006,1.24699
Kemijärvi,Posio,539,540,0.00795005,-0.325486,0.0105377
Posio,Kuusamo,540,541,0.00503697,-0.325531,0.00667667
Kuusamo,Kajaani,541,542,0.00540328,-0.335714,0.00721724
Kajaani,Iisalmi,542,543,0.0093975,-0.345655,0.0126458
Iisalmi,Kuopio,543,544,0.0198883,-0.351845,0.0268859
Tampere,Turku,545,546,0.0261097,-0.379218,0.0360109
Tampere,Vaasa,545,616,0.0314085,-0.368545,0.0429839
Tampere,Hämeenlinna,545,618,0.0554273,-0.41158,0.0782401
Turku,Pori,546,617,0.0160134,-0.368089,0.0219078
Riga,Šiauliai,547,561,2.3553,-0.540002,3.62716
Riga,Rēzekne,547,627,2.4883,-0.539779,3.83143
Kłodzko,Kudowa-Zdrój,548,549,0.599854,-0.519446,0.911446
Kudowa-Zdrój,Náchod,549,550,0.505963,-0.518141,0.768123
Náchod,Hradec Králové,550,551,0.936392,-0.517444,1.42092
Hradec Králové,Olomouc,551,716,1.29155,-0.516526,1.95867
Miskolc,Debrecen,552,569,1.41315,-0.505821,2.12796
Szekszárd,Mohács,555,556,0.827947,-0.502554,1.24404
Mohács,Osijek,556,557,0.512424,-0.499984,0.768628
Osijek,Đakovo,557,558,0.305656,-0.49569,0.457166
Osijek,Sombor,557,735,0.502097,-0.493796,0.750031
Đakovo,Šamac,558,559,0.136099,-0.487877,0.202499
Šamac,Zenica,559,560,0.0993415,-0.46542,0.145577
Zenica,Sarajevo,560,737,0.155055,-0.448549,0.224605
Šiauliai,Tolpaki,561,562,1.82896,-0.539065,2.81489
Šiauliai,Palanga,561,704,1.40841,-0.539366,2.16806
Šiauliai,Panevėžys,561,705,1.45654,-0.539559,2.24243
Tolpaki,Kaliningrad,562,563,1.16171,-0.535049,1.78328
Tolpaki,Nesterov,562,640,1.08156,-0.538511,1.664
Trstená,Ružomberok,566,567,0.868558,-0.515302,1.31613
Ružomberok,Zvolen,567,568,1.57697,-0.511959,2.38431
Debrecen,Berettyóújfalu,569,570,0.990087,-0.500474,1.4856
Beiuş,Deva,571,572,0.701988,-0.480894,1.03957
Deva,Petroşani,572,573,0.579541,-0.469225,0.851476
Deva,Sibiu,572,582,0.746233,-0.470407,1.09727
Deva,Arad,572,684,1.0257,-0.473337,1.5112
Petroşani,Târgu Jiu,573,574,0.365566,-0.464725,0.535453
Botevgrad,Jablanica,575,585,0.151493,-0.437354,0.217749
Blagoevgrad,Serres,576,577,0.232454,-0.424897,0.331223
Halmeu,Satu Mare,578,579,2.08037,-0.494805,3.10975
Satu Mare,Zalău,579,580,0.886873,-0.491584,1.32285
Sebeş,Sibiu,581,582,0.334633,-0.473488,0.493078
Sibiu,Piteşti,582,583,0.365327,-0.465493,0.535385
Pleven,Jablanica,584,585,0.0811587,-0.432167,0.116233
Izmail,Reni,586,587,0.79399,-0.515911,1.20362
Reni,Galaţi,587,588,0.670215,-0.504154,1.00811
Galaţi,Tulcea,588,589,0.420624,-0.490545,0.626958
Galaţi,Giurgiuleşti,588,729,0.799366,-0.505546,1.20348
Burgas,Malko Tarnovo,590,591,0.0677301,-0.426434,0.0966125
Malko Tarnovo,Dereköy,591,592,0.0291339,-0.41906,0.0413427
Dereköy,Kırklareli,592,593,0.0149554,-0.408746,0.0210683
Kırklareli,Babaeski,593,594,0.0130028,-0.397995,0.0181778
Babaeski,Havsa,594,595,0.0214003,-0.395052,0.0298545
Havsa,Keşan,595,596,0.0467062,-0.396865,0.0652422
Ayvalık,İzmir,597,598,0.0467158,-0.396956,0.0652598
İzmir,Manisa,598,747,0.0214329,-0.395778,0.0299156
Kherson,Dzhankoy,600,601,0.986329,-0.52339,1.50256
Kherson,Mykolaiv,600,673,1.13402,-0.523516,1.7277
Kherson,Melitopol,600,674,0.621995,-0.523224,0.947437
Sochi,Sukhumi,602,603,0.546953,-0.523558,0.833314
Sukhumi,Zugdidi,603,604,0.204286,-0.525173,0.311571
Jönköping,Linköping,605,606,0.0236095,-0.344008,0.0317313
Linköping,Norrköping,606,607,0.0315795,-0.344388,0.0424551
Norrköping,Södertälje,607,608,0.0489893,-0.345227,0.0659018
Norrköping,Kalmar,607,626,0.031463,-0.344381,0.0422983
Uppsala,Sundsvall,609,610,0.0898934,-0.345332,0.120936
Sundsvall,Örnsköldsvik,610,611,0.083619,-0.344373,0.112415
Örnsköldsvik,Umeå,611,612,0.0678322,-0.342467,0.0910626
Haparanda,Tornio,613,614,0.0304109,-0.331944,0.0405056
Kokkola,Vaasa,615,616,0.0293299,-0.352122,0.0396576
Vaasa,Pori,616,617,0.017706,-0.361109,0.0240998
Askim,Karlstad,619,620,0.0394965,-0.346725,0.0531909
Kotka,Vaalimaa,621,622,0.350256,-0.526632,0.534712
Vaalimaa,Vyborg,622,623,0.899949,-0.530973,1.3778
Groningen,Hoogeveen,624,698,0.790789,-0.523028,1.20439
Sassnitz,Stralsund,625,699,0.43309,-0.518068,0.657459
Rēzekne,Velikiye Luki,627,628,2.77031,-0.536975,4.25789
Rēzekne,Daugavpils,627,702,1.6812,-0.539573,2.58833
Vladimir,Nizhny Novgorod,629,630,1.72349,-0.520738,2.62097
Nizhny Novgorod,Kazan,630,631,0.745835,-0.517007,1.13144
Kazan,Yelabuga,631,632,0.539384,-0.499175,0.808631
Yelabuga,Perm,632,633,0.36774,-0.484245,0.545816
Perm,Yekaterinburg,633,634,0.16299,-0.478235,0.240938
Yekaterinburg,Tyumen,634,635,0.114137,-0.459476,0.16658
Koszalin,Słupsk,637,638,0.24913,-0.521655,0.379089
Słupsk,Gdynia,638,639,0.407702,-0.524903,0.621706
Nesterov,Marijampolė,640,641,0.973698,-0.539786,1.49929
Aktobe,Karabutak,647,648,0.574336,-0.460152,0.838617
Karabutak,Aral,648,649,0.263625,-0.453964,0.383302
Aral,Novokazalinsk,649,650,0.192268,-0.436782,0.276247
Charleroi,Namur,651,652,1.20207,-0.523725,1.83162
St. Vith,Wittlich,653,654,1.1653,-0.527612,1.78012
Wittlich,Bingen,654,655,0.728588,-0.529103,1.11409
Bingen,Wiesbaden,655,656,1.06288,-0.529356,1.62552
Amiens,Charleville-Mézières,657,658,1.4029,-0.520058,2.13249
Trier,Koblenz,659,660,1.57734,-0.527254,2.409
Caen,Rouen,661,662,0.974938,-0.517539,1.47951
Regensburg,Passau,667,668,1.18871,-0.521259,1.80834
Passau,Wels,668,669,1.20479,-0.517946,1.82881
Wels,Braunau am Inn,669,721,1.41036,-0.515439,2.13731
Iaşi,Sculeni,670,671,1.30032,-0.511967,1.96605
Iaşi,Bălţi,670,727,1.10569,-0.512881,1.67278
Sculeni,Chişinău,671,672,1.48857,-0.516064,2.25678
Chişinău,Giurgiuleşti,672,729,1.18474,-0.515125,1.79503
Melitopol,Taganrog,674,675,0.273976,-0.520155,0.416487
Poitiers,Mâcon,676,677,1.71343,-0.512141,2.59095
Sion,Simplon,678,679,0.283281,-0.499438,0.424763
Simplon,Gravellona Toce,679,680,0.216334,-0.47763,0.319661
Innichen,Spittal an der Drau,681,682,0.622444,-0.504208,0.936285
Klagenfurt,Loiblpass,683,734,0.959869,-0.502968,1.44265
Cuneo,Asti,685,686,0.20718,-0.465088,0.303538
Kokand,Andijan,689,690,0.098285,-0.392913,0.136902
Andijan,Osh,690,691,0.130074,-0.390547,0.180874
Kulob,Kalaikhumb,692,693,0.0208084,-0.375743,0.028627
Kalaikhumb,Khorugh,693,694,0.0183863,-0.374783,0.0252771
Kokpek,Chundzha,695,696,0.0496053,-0.396941,0.0692957
Chundzha,Koktal,696,697,0.0377187,-0.396282,0.0526659
Stralsund,Neubrandenburg,699,700,0.632655,-0.518187,0.960489
Ukmergė,Daugavpils,701,702,1.63232,-0.540434,2.51448
Ukmergė,Panevėžys,701,705,1.49589,-0.540026,2.30372
Breda,Gorinchem,706,707,0.78404,-0.521287,1.19275
Hasselt,Heerlen,708,709,1.12916,-0.527438,1.72473
Barwinek,Vyšný Komárnik,710,711,0.343194,-0.521482,0.522163
Vyšný Komárnik,Svidník,711,712,0.418954,-0.518015,0.635978
Lublin,Kovel,713,714,1.43795,-0.529798,2.19977
Olomouc,Český Těšín,716,717,0.819666,-0.51738,1.24375
Garmisch-Partenkirchen,Mittenwald,718,719,0.89628,-0.51491,1.35778
Mittenwald,Seefeld,719,720,0.578686,-0.51149,0.874678
Nyíregyháza,Chop,722,723,0.955049,-0.509156,1.44132
Dunajská Streda,Medveďov,724,725,0.621452,-0.512042,0.939661
Medveďov,Vámosszabadi,725,726,0.54248,-0.51054,0.819438
Bălţi,Mohyliv-Podilskyi,727,728,0.837173,-0.522522,1.27461
Saintes,Angoulême,730,731,0.274788,-0.491607,0.409875
St. Johann in Tirol,Lofer,732,733,0.913763,-0.511641,1.38128
Sarajevo,Užice,737,738,0.209643,-0.447517,0.303461
Užice,Čačak,738,739,0.309331,-0.451964,0.449137
Čačak,Nova Varoš,739,740,0.309058,-0.451941,0.448734
Avellino,Benevento,741,742,0.045694,-0.429674,0.0653276
Balıkesir,Manisa,746,747,0.0131154,-0.401152,0.0183767
Warsaw,Brest-Litovsk,316,0,2.66629,-0.533201,4.08795
Brest-Litovsk,Minsk,0,318,2.60438,-0.537179,4.00339
Lyon,Mâcon,17,677,1.72995,-0.508701,2.60998
Beaune,Mâcon,395,677,2.99359,-0.514142,4.53272
