Glasgow,Preston,1,2,6.60211e-05,-0.486526,6.60211e-05
Glasgow,Edinburgh,1,13,6.60211e-05,-0.486526,6.60211e-05
Preston,Birmingham,2,3,6.60211e-05,-0.486526,6.60211e-05
Birmingham,Cambridge,3,636,6.60211e-05,-0.486526,6.60211e-05
Le Havre,Paris,4,5,2.02491,-0.514985,3.0677
Le Havre,Amiens,4,657,1.14901,-0.515659,1.74151
Paris,Orléans,5,6,2.04148,-0.512998,3.08875
Paris,Calais,5,16,1.75144,-0.514825,2.65312
Paris,Lyon,5,17,2.53344,-0.512245,3.83119
Paris,Brussels,5,326,3.13048,-0.515992,4.74579
Paris,Le Mans,5,366,1.65766,-0.513646,2.50911
Paris,Reims,5,367,1.95114,-0.515203,2.95637
Paris,Chaumont,5,665,2.84284,-0.515668,4.3088
Orléans,Bordeaux,6,7,0.935727,-0.509687,1.41265
Orléans,Tours,6,392,1.03575,-0.509691,1.56366
Orléans,Montargis,6,393,1.31834,-0.511095,1.99213
Orléans,Toulouse,6,466,1.05263,-0.50875,1.58816
Bordeaux,San Sebastián,7,8,0.49158,-0.505351,0.740001
Bordeaux,Clermont-Ferrand,7,446,0.967037,-0.50663,1.45697
Bordeaux,Toulouse,7,466,0.406338,-0.503584,0.610963
Bordeaux,Angoulême,7,731,0.559591,-0.506275,0.842898
San Sebastián,Burgos,8,9,0.225666,-0.499674,0.338425
San Sebastián,Bilbao,8,445,0.185104,-0.500509,0.27775
San Sebastián,Toulouse,8,466,0.318127,-0.503137,0.478188
Burgos,Madrid,9,10,0.119512,-0.494117,0.178566
Burgos,Valladolid,9,465,0.0804929,-0.4953,0.120361
Madrid,Seville,10,11,0.0699173,-0.489019,0.104108
Madrid,Barcelona,10,21,0.186874,-0.497657,0.279873
Madrid,Valencia,10,24,0.0797265,-0.490185,0.118807
Madrid,Lisbon,10,464,0.0719766,-0.489761,0.107228
Seville,Algeciras,11,12,0.0305687,-0.483864,0.0453598
Seville,Huelva,11,486,0.0318799,-0.483633,0.0472981
Algeciras,Málaga,12,28,0.0126652,-0.480284,0.0187481
Edinburgh,Newcastle,13,14,6.60211e-05,-0.486526,6.60211e-05
Newcastle,London,14,15,6.60211e-05,-0.486526,6.60211e-05
London,Colchester,15,305,6.60211e-05,-0.486526,6.60211e-05
Calais,Bruges,16,324,1.80903,-0.515928,2.74237
Calais,Rouen,16,662,1.17716,-0.51529,1.78374
Lyon,Orange,17,18,1.08172,-0.508791,1.63209
Lyon,Clermont-Ferrand,17,446,1.21466,-0.509287,1.83327
Lyon,Chambéry,17,447,1.12225,-0.510762,1.69545
Orange,Narbonne,18,19,0.478858,-0.507743,0.721994
Orange,Marseille,18,736,0.470792,-0.509436,0.710631
Narbonne,Girona,19,20,0.24936,-0.504674,0.375206
Girona,Barcelona,20,21,0.271553,-0.500873,0.407567
Barcelona,Tarragona,21,22,0.165558,-0.49838,0.248069
Barcelona,Toulouse,21,466,0.507563,-0.50193,0.762324
Tarragona,Castellón de la Plana,22,23,0.0749421,-0.494815,0.112025
Castellón de la Plana,Valencia,23,24,0.058491,-0.489776,0.0871385
Valencia,Alicante,24,25,0.0400303,-0.485755,0.0594753
Alicante,Murcia,25,26,0.0161327,-0.482382,0.0239148
Murcia,Almería,26,27,0.0077992,-0.478365,0.0115301
Almería,Málaga,27,28,0.00692746,-0.477048,0.0102322
Hook of Holland,Rotterdam,29,30,0.61048,-0.520061,0.927967
Hook of Holland,The Hague,29,307,0.330263,-0.520565,0.502186
Rotterdam,Eindhoven,30,31,1.52567,-0.519785,2.31869
Eindhoven,Maastricht,31,32,1.64192,-0.519095,2.49423
Eindhoven,Antwerp,31,505,2.70262,-0.517912,4.10234
Eindhoven,Venlo,31,643,2.10666,-0.520256,3.20266
Eindhoven,Breda,31,706,1.54216,-0.519801,2.34378
Maastricht,Liège,32,33,2.04801,-0.519,3.11092
Liège,Bastogne,33,34,1.91295,-0.518881,2.90554
Liège,Leuven,33,327,3.11173,-0.518969,4.72662
Liège,Eupen,33,328,2.01498,-0.519791,3.06235
Liège,Antwerp,33,505,3.40367,-0.517262,5.16426
Liège,Namur,33,652,2.11769,-0.518303,3.21529
Liège,St. Vith,33,653,1.74917,-0.518944,2.6569
Liège,Charleville-Mézières,33,658,2.25648,-0.518236,3.42587
Bastogne,Arlon,34,35,1.15767,-0.519059,1.75857
Arlon,Luxembourg,35,36,1.60419,-0.518818,2.43647
Luxembourg,Metz,36,37,2.61596,-0.517693,3.97022
Luxembourg,St. Vith,36,653,1.95444,-0.519374,2.96953
Luxembourg,Charleville-Mézières,36,658,1.46285,-0.517125,2.21932
Luxembourg,Trier,36,659,1.93045,-0.519771,2.93385
Metz,Saint-Avold,37,38,3.11496,-0.516944,4.72522
Metz,Lausanne,37,44,2.54915,-0.51622,3.86507
Metz,Geneva,37,45,2.70895,-0.514751,4.10338
Metz,Brussels,37,326,3.57143,-0.517283,5.41886
Metz,Reims,37,367,2.48479,-0.512497,3.75824
Metz,Saarbrücken,37,368,3.0181,-0.518712,4.58363
Saint-Avold,Strasbourg,38,39,2.38307,-0.517691,3.61677
Strasbourg,Mulhouse,39,40,3.03184,-0.518872,4.60497
Strasbourg,Appenweier,39,664,2.29486,-0.51922,3.4864
Mulhouse,Basel,40,41,2.88457,-0.517861,4.37838
Mulhouse,Belfort,40,398,2.14958,-0.517331,3.26162
Mulhouse,Chaumont,40,665,2.71284,-0.517277,4.11613
Basel,Olten,41,42,1.71357,-0.517586,2.60049
Basel,Offenburg,41,61,2.48643,-0.519052,3.77702
Basel,Zürich,41,399,2.018,-0.518208,3.06375
Basel,Waldshut,41,666,2.37568,-0.518077,3.60647
Olten,Bern,42,43,1.67492,-0.513894,2.53565
Olten,Lucerne,42,62,1.06562,-0.51651,1.61602
Bern,Lausanne,43,44,1.38504,-0.515152,2.09854
Bern,Belfort,43,398,1.76537,-0.516819,2.67775
Bern,Martigny,43,506,0.942561,-0.512578,1.4257
Lausanne,Geneva,44,45,1.01969,-0.510895,1.54064
Lausanne,Martigny,44,506,0.812492,-0.512546,1.22893
Geneva,Mont Blanc,45,46,1.13722,-0.510991,1.71833
Geneva,Chambéry,45,447,1.24165,-0.509588,1.87438
Geneva,Mâcon,45,677,2.03465,-0.512593,3.07759
Mont Blanc,Aosta,46,47,0.650619,-0.508506,0.981463
Aosta,Ivrea,47,48,0.520484,-0.500209,0.780834
Aosta,Martigny,47,506,0.741192,-0.506038,1.11626
Ivrea,Vercelli,48,49,0.197833,-0.497488,0.296253
Ivrea,Turin,48,449,0.291173,-0.497638,0.436072
Vercelli,Alessandria,49,50,0.150487,-0.492564,0.224612
Alessandria,Genoa,50,51,0.172181,-0.487024,0.256037
Alessandria,Turin,50,449,0.194114,-0.494547,0.290113
Alessandria,Tortona,50,450,0.123523,-0.487231,0.183707
Alessandria,Asti,50,686,0.164188,-0.489924,0.244627
Genoa,Rome,51,74,0.297602,-0.476628,0.439447
Genoa,Tortona,51,450,0.180343,-0.481492,0.267176
Genoa,Nice,51,467,0.297664,-0.491354,0.443922
Amsterdam,Utrecht,52,53,1.40116,-0.520055,2.12984
Amsterdam,Amersfoort,52,309,0.812146,-0.519254,1.23386
Amsterdam,Brussels,52,326,3.39664,-0.51807,5.15634
Amsterdam,Groningen,52,624,1.46859,-0.520416,2.23286
Utrecht,Arnhem,53,54,1.07626,-0.521431,1.63745
Utrecht,Gouda,53,308,0.867964,-0.521006,1.32018
Utrecht,Amersfoort,53,309,0.810044,-0.52122,1.23226
Utrecht,Gorinchem,53,707,1.02676,-0.520839,1.56153
Arnhem,Emmerich,54,55,0.986782,-0.522229,1.50211
Emmerich,Oberhausen,55,56,1.92796,-0.522448,2.93522
Oberhausen,Cologne,56,57,3.32769,-0.522555,5.0666
Oberhausen,Dortmund,56,508,2.33527,-0.522479,3.5554
Oberhausen,Venlo,56,643,2.17638,-0.521614,3.31161
Cologne,Frankfurt am Main,57,58,3.89372,-0.522684,5.9289
Cologne,Aachen,57,329,3.40943,-0.522592,5.19116
Cologne,Olpe,57,330,2.40848,-0.522943,3.66798
Cologne,Bremen,57,507,3.51721,-0.522495,5.35494
Frankfurt am Main,Heidelberg,58,59,3.49483,-0.52264,5.32137
Frankfurt am Main,Gießen,58,332,2.49138,-0.523042,3.79447
Frankfurt am Main,Mannheim,58,369,4.01694,-0.52248,6.11572
Frankfurt am Main,Aschaffenburg,58,509,2.89922,-0.522344,4.41361
Frankfurt am Main,Wiesbaden,58,656,2.86144,-0.522947,4.35782
Heidelberg,Karlsruhe,59,60,2.92529,-0.521832,4.4518
Karlsruhe,Offenburg,60,61,2.46544,-0.520061,3.74763
Karlsruhe,Stuttgart,60,510,3.44549,-0.520233,5.23795
Karlsruhe,Appenweier,60,664,2.64197,-0.520447,4.01698
Lucerne,Altdorf,62,63,0.787561,-0.517211,1.1949
Altdorf,Gotthard Pass,63,64,0.552872,-0.51752,0.838995
Altdorf,Zürich,63,399,1.0396,-0.517607,1.57771
Gotthard Pass,Bellinzona,64,65,0.275588,-0.517,0.418068
Bellinzona,Lugano,65,66,0.133931,-0.513763,0.202741
Bellinzona,San Bernardino,65,516,0.153169,-0.516081,0.232217
Lugano,Chiasso,66,67,0.0749991,-0.50314,0.112734
Chiasso,Como,67,68,0.0915369,-0.488889,0.136288
Como,Milan,68,69,0.197577,-0.484681,0.29334
Milan,Piacenza,69,70,0.221677,-0.481235,0.328356
Milan,Turin,69,449,0.29269,-0.491904,0.436665
Milan,Tortona,69,450,0.160006,-0.483788,0.237415
Milan,Brescia,69,451,0.194114,-0.478207,0.286941
Milan,Gravellona Toce,69,680,0.221784,-0.486469,0.329676
Piacenza,Parma,70,71,0.153537,-0.474475,0.226386
Parma,Modena,71,72,0.231095,-0.469464,0.339586
Modena,Florence,72,73,0.258349,-0.468267,0.379326
Modena,Verona,72,94,0.311212,-0.4718,0.458042
Modena,Bologna,72,95,0.250614,-0.466911,0.367628
Florence,Rome,73,74,0.233016,-0.469592,0.342439
Rome,Pescara,74,125,0.225683,-0.468666,0.331452
Östersund,Mora,75,76,0.00972023,-0.344412,0.013068
Östersund,Trondheim,75,493,0.0115786,-0.344311,0.0155652
Östersund,Sundsvall,75,610,0.012056,-0.344302,0.0162069
Mora,Säffle,76,77,0.00713956,-0.3448,0.00960128
Säffle,Gothenburg,77,78,0.00948232,-0.345197,0.0127556
Gothenburg,Halmstad,78,300,0.00909908,-0.345381,0.0122417
Gothenburg,Örebro,78,301,0.00981214,-0.34533,0.0132006
Gothenburg,Oslo,78,489,0.0083497,-0.345371,0.0112334
Hamburg,Hanover,79,80,2.13229,-0.521683,3.24466
Hamburg,Berlin,79,108,2.29878,-0.521203,3.49691
Hamburg,Bremen,79,507,2.68927,-0.522143,4.09345
Hamburg,Lübeck,79,517,1.21555,-0.521618,1.84961
Hanover,Göttingen,80,81,1.49707,-0.522409,2.27915
Hanover,Bad Oeynhausen,80,312,1.7183,-0.522406,2.61595
Hanover,Braunschweig,80,313,1.56508,-0.521457,2.3812
Göttingen,Kassel,81,82,1.36354,-0.522721,2.07629
Kassel,Fulda,82,83,1.8448,-0.522577,2.80885
Kassel,Dortmund,82,508,2.14011,-0.522796,3.25896
Fulda,Würzburg,83,84,2.667,-0.522087,4.05941
Würzburg,Nuremberg,84,85,3.92402,-0.520606,5.96689
Würzburg,Aschaffenburg,84,509,3.5152,-0.522155,5.35067
Würzburg,Stuttgart,84,510,2.79055,-0.521515,4.24586
Würzburg,Ulm,84,512,1.77717,-0.520125,2.70153
Nuremberg,Munich,85,86,3.19301,-0.517108,4.84414
Nuremberg,Heilbronn,85,370,3.52662,-0.520608,5.36261
Nuremberg,Rozvadov,85,371,2.69705,-0.518188,4.09463
Nuremberg,Bayreuth,85,529,3.63488,-0.518733,5.52042
Nuremberg,Regensburg,85,667,2.56724,-0.518322,3.8979
Munich,Rosenheim,86,87,2.21475,-0.514641,3.35455
Munich,Salzburg,86,115,2.61108,-0.513835,3.95274
Munich,Ulm,86,512,2.2951,-0.517175,3.48207
Munich,Lindau,86,513,2.46744,-0.515647,3.73976
Munich,Deggendorf,86,531,2.47132,-0.515955,3.74642
Munich,Garmisch-Partenkirchen,86,718,2.16052,-0.515482,3.27423
Munich,Braunau am Inn,86,721,1.91554,-0.51472,2.90151
Rosenheim,Wörgl,87,88,1.46099,-0.514598,2.21281
Rosenheim,Bad Reichenhall,87,407,1.15845,-0.513825,1.75369
Wörgl,Innsbruck,88,89,1.36828,-0.513819,2.07133
Wörgl,St. Johann in Tirol,88,732,1.03019,-0.513811,1.55952
Innsbruck,Brenner,89,90,0.782627,-0.512531,1.18375
Innsbruck,Telfs,89,405,0.69656,-0.513765,1.05443
Innsbruck,Imst,89,406,0.712184,-0.51381,1.07811
Innsbruck,Seefeld,89,720,0.820672,-0.513677,1.24223
Brenner,Fortezza,90,91,0.458838,-0.509386,0.692563
Fortezza,Bolzano,91,92,0.282654,-0.502516,0.424693
Fortezza,Innichen,91,681,0.391676,-0.506123,0.589912
Bolzano,Trento,92,93,0.188158,-0.48845,0.280064
Trento,Verona,93,94,0.277474,-0.475999,0.409552
Verona,Mestre,94,120,0.384405,-0.473145,0.566284
Verona,Brescia,94,451,0.2888,-0.4741,0.42572
Bologna,Cesena,95,96,0.209621,-0.464608,0.307013
Cesena,Perugia,96,97,0.144232,-0.463243,0.211046
Cesena,Ravenna,96,121,0.223849,-0.46742,0.32848
Cesena,Rimini,96,122,0.149121,-0.463123,0.218183
Perugia,Fiano Romano,97,98,0.058681,-0.461434,0.0857583
Fiano Romano,Naples,98,99,0.027285,-0.459419,0.0398202
Naples,Salerno,99,100,0.00716691,-0.457583,0.0104464
Naples,Avellino,99,741,0.0106297,-0.45749,0.0154927
Salerno,Sicignano degli Alburni,100,101,0.00405411,-0.454503,0.00589671
Salerno,Avellino,100,741,0.00532267,-0.45587,0.00774912
Sicignano degli Alburni,Potenza,101,743,0.00211566,-0.452535,0.00307308
Messina,Catania,102,103,6.60211e-05,-0.486526,6.60211e-05
Messina,Palermo,102,474,6.60211e-05,-0.486526,6.60211e-05
Catania,Siracusa,103,104,6.60211e-05,-0.486526,6.60211e-05
Siracusa,Gela,104,105,6.60211e-05,-0.486526,6.60211e-05
Gela,Mazara del Vallo,105,473,6.60211e-05,-0.486526,6.60211e-05
Helsingborg,Copenhagen,299,106,0.00202771,-0.345493,0.00272827
Copenhagen,Malmö,106,135,0.00103737,-0.34547,0.00139576
Rostock,Berlin,107,108,1.71237,-0.520699,2.604
Rostock,Lübeck,107,517,0.864512,-0.521159,1.31506
Rostock,Sassnitz,107,625,0.724052,-0.520796,1.10114
Berlin,Lübbenau,108,109,2.55385,-0.520197,3.88235
Berlin,Szczecin,108,137,2.0298,-0.52072,3.08675
Berlin,Świebodzin,108,139,2.43922,-0.521144,3.71041
Berlin,Magdeburg,108,314,2.5676,-0.520574,3.90423
Berlin,Leipzig,108,526,2.25466,-0.520156,3.42744
Berlin,Neubrandenburg,108,700,1.57894,-0.520683,2.40107
Lübbenau,Dresden,109,110,1.86896,-0.519567,2.84001
Lübbenau,Cottbus,109,644,1.39302,-0.519992,2.11737
Dresden,Ústí nad Labem,110,111,1.87405,-0.517516,2.8439
Dresden,Chemnitz,110,337,2.12314,-0.519066,3.22519
Dresden,Görlitz,110,338,1.36541,-0.519263,2.07442
Ústí nad Labem,Prague,111,112,2.07202,-0.515102,3.13932
Prague,Tábor,112,113,1.96164,-0.512452,2.96688
Prague,Mladá Boleslav,112,146,1.16333,-0.514331,1.76167
Prague,Jihlava,112,147,1.97346,-0.511853,2.98358
Prague,Plzeň,112,372,2.24292,-0.513799,3.39533
Prague,Karlovy Vary,112,523,1.39279,-0.514635,2.10957
Prague,Hradec Králové,112,551,1.5019,-0.513793,2.27356
Tábor,Linz,113,114,1.72099,-0.511944,2.60203
Linz,Salzburg,114,115,1.80278,-0.511698,2.72526
Linz,Sattledt,114,408,0.728859,-0.510963,1.10128
Linz,Sankt Pölten,114,409,1.69157,-0.510157,2.55454
Linz,Wels,114,669,1.30138,-0.512041,1.96774
Salzburg,Villach,115,116,2.5974,-0.508774,3.91889
Salzburg,Bad Reichenhall,115,407,1.38718,-0.512215,2.09772
Salzburg,Sattledt,115,408,1.43228,-0.50969,2.16229
Salzburg,Lofer,115,733,1.66137,-0.512551,2.51291
Villach,Tarvisio,116,117,1.28336,-0.500189,1.92528
Villach,Karavanke Tunnel,116,537,1.0945,-0.503148,1.6452
Villach,Spittal an der Drau,116,682,1.27939,-0.501767,1.92134
Villach,Klagenfurt,116,683,1.34764,-0.504045,2.02691
Tarvisio,Udine,117,118,0.590337,-0.497629,0.884107
Udine,Palmanova,118,119,0.484857,-0.490518,0.722688
Palmanova,Mestre,119,120,0.495495,-0.48198,0.734313
Palmanova,Trieste,119,452,0.544635,-0.487798,0.810307
Mestre,Ravenna,120,121,0.293549,-0.473088,0.432423
Rimini,Fano,122,123,0.0729541,-0.461387,0.106614
Fano,Ancona,123,124,0.0641071,-0.46161,0.0936996
Ancona,Pescara,124,125,0.114445,-0.4641,0.167559
Pescara,Canosa di Puglia,125,126,0.123611,-0.463888,0.180953
Canosa di Puglia,Bari,126,127,0.0389646,-0.460393,0.0569036
Canosa di Puglia,Benevento,126,742,0.0401561,-0.460687,0.0586555
Bari,Brindisi,127,128,0.0103592,-0.458499,0.0151089
Bari,Taranto,127,476,0.00981178,-0.458351,0.014309
Brindisi,Taranto,128,476,0.0023649,-0.455242,0.00344151
Igoumenitsa,Preveza,129,130,0.00452047,-0.416534,0.0064034
Igoumenitsa,Ioannina,129,477,0.0105716,-0.418274,0.0149935
Preveza,Rhion,130,131,0.00223516,-0.41434,0.00316128
Rhion,Patras,131,132,0.000792777,-0.411562,0.00111905
Rhion,Aigio,131,175,0.000792777,-0.411562,0.00111905
Patras,Pyrgos,132,133,0.000338309,-0.409485,0.000476841
Pyrgos,Kalamata,133,134,0.000160905,-0.407019,0.000226397
Kalamata,Tripoli,134,177,0.000114485,-0.405473,0.000160905
Malmö,Helsingborg,135,299,0.00279112,-0.345485,0.00375541
Malmö,Kalmar,135,626,0.00265473,-0.345436,0.00357177
Goleniów,Szczecin,136,137,0.865431,-0.520977,1.3163
Goleniów,Koszalin,136,637,0.375212,-0.521824,0.571007
Szczecin,Gorzów Wielkopolski,137,138,0.923574,-0.521136,1.40488
Gorzów Wielkopolski,Świebodzin,138,139,1.1147,-0.521664,1.6962
Świebodzin,Zielona Góra,139,140,1.47387,-0.521541,2.24255
Świebodzin,Poznań,139,315,2.35758,-0.522692,3.58986
Zielona Góra,Legnica,140,141,1.47879,-0.521634,2.25018
Legnica,Jelenia Góra,141,142,1.31253,-0.520421,1.99559
Legnica,Görlitz,141,338,1.4528,-0.520127,2.20844
Legnica,Wrocław,141,339,2.21436,-0.520202,3.36628
Legnica,Cottbus,141,644,1.45469,-0.520174,2.21139
Jelenia Góra,Harrachov,142,143,0.56341,-0.519838,0.856292
Harrachov,Železný Brod,143,144,0.400058,-0.517783,0.607202
Železný Brod,Turnov,144,145,0.650993,-0.515851,0.986809
Turnov,Mladá Boleslav,145,146,0.686231,-0.514778,1.03949
Turnov,Hradec Králové,145,551,0.968164,-0.514685,1.46646
Turnov,Teplice,145,715,0.841729,-0.515596,1.27572
Jihlava,Brno,147,148,0.986329,-0.510061,1.48942
Jihlava,Vienna,147,410,1.5862,-0.509974,2.39512
Brno,Bratislava,148,149,1.36319,-0.507001,2.05433
Brno,Trenčín,148,373,1.36652,-0.508963,2.06202
Brno,Vienna,148,410,1.55666,-0.507745,2.34705
Brno,Olomouc,148,716,1.39461,-0.510918,2.10714
Bratislava,Rajka,149,150,1.44751,-0.505676,2.17949
Bratislava,Žilina,149,195,1.57337,-0.509472,2.37495
Bratislava,Győr,149,196,1.42805,-0.501865,2.14474
Bratislava,Vienna,149,410,1.98917,-0.50352,2.99075
Bratislava,Zvolen,149,568,2.03595,-0.505009,3.06412
Bratislava,Dunajská Streda,149,724,1.24378,-0.505704,1.87277
Rajka,Csorna,150,151,0.572609,-0.505498,0.862061
Csorna,Szombathely,151,152,0.276607,-0.503005,0.415742
Szombathely,Zalaegerszeg,152,153,0.258876,-0.4969,0.387511
Zalaegerszeg,Nagykanizsa,153,154,0.498415,-0.493502,0.744384
Nagykanizsa,Letenye,154,155,0.308583,-0.492808,0.460655
Nagykanizsa,Zagreb,154,156,0.66399,-0.491785,0.99053
Nagykanizsa,Balatonvilágos,154,553,0.988798,-0.493318,1.47659
Letenye,Zagreb,155,156,0.355407,-0.490896,0.529875
Zagreb,Karlovac,156,157,0.519609,-0.49028,0.774363
Zagreb,Ljubljana,156,454,0.509856,-0.492233,0.760825
Zagreb,Slavonski Brod,156,455,0.548994,-0.484952,0.815229
Zagreb,Maribor,156,535,0.628217,-0.495074,0.93923
Karlovac,Rijeka,157,158,0.227395,-0.48923,0.338643
Karlovac,Knin,157,554,0.182636,-0.489168,0.271976
Rijeka,Split,158,159,0.151586,-0.487844,0.225536
Rijeka,Trieste,158,452,0.389494,-0.48934,0.580089
Split,Dubrovnik,159,160,0.10448,-0.482806,0.154923
Split,Knin,159,554,0.106827,-0.487158,0.158869
Dubrovnik,Petrovac,160,161,0.0326678,-0.477474,0.0482658
Dubrovnik,Podgorica,160,162,0.0692087,-0.471542,0.101844
Petrovac,Podgorica,161,162,0.0438773,-0.466112,0.0643291
Petrovac,Prizren,161,744,0.0403177,-0.466489,0.0591255
Podgorica,Bijelo Polje,162,163,0.0676482,-0.466665,0.0992173
Podgorica,Pristina,162,164,0.0927285,-0.465488,0.135893
Podgorica,Sarajevo,162,737,0.116754,-0.467113,0.171292
Bijelo Polje,Pristina,163,164,0.0932801,-0.465309,0.136684
Bijelo Polje,Nova Varoš,163,740,0.10355,-0.467741,0.151984
Pristina,Skopje,164,165,0.122382,-0.462388,0.17897
Pristina,Niš,164,202,0.250618,-0.467231,0.367715
Pristina,Prizren,164,744,0.0764057,-0.464806,0.11192
Skopje,Kičevo,165,166,0.0812293,-0.458911,0.118506
Skopje,Kumanovo,165,203,0.119844,-0.462126,0.175228
Skopje,Veles,165,204,0.0846844,-0.457327,0.123413
Kičevo,Ohrid,166,167,0.0329426,-0.456525,0.0479817
Ohrid,Bitola,167,168,0.0147341,-0.450753,0.0213755
Bitola,Niki,168,169,0.00980845,-0.436726,0.0140921
Niki,Vevi,169,170,0.01345,-0.424108,0.0191543
Vevi,Kozani,170,171,0.0285001,-0.42131,0.0405075
Kozani,Larissa,171,172,0.0192443,-0.420929,0.0273447
Kozani,Thessaloniki,171,207,0.0640097,-0.423203,0.0910988
Kozani,Ioannina,171,477,0.023376,-0.4206,0.0332079
Larissa,Domokos,172,173,0.00848145,-0.419947,0.0120432
Larissa,Lamia,172,174,0.00848145,-0.419947,0.0120432
Larissa,Katerini,172,208,0.0246455,-0.421746,0.0350396
Larissa,Trikala,172,687,0.0120196,-0.419366,0.0170602
Domokos,Lamia,173,174,6.60211e-05,-0.486526,3.30105e-05
Aigio,Corinth,175,176,0.000338309,-0.409485,0.000476841
Corinth,Tripoli,176,177,0.000160905,-0.407019,0.000226397
Varangerbotn,Utsjoki,178,179,0.0610262,-0.504825,0.0918338
Varangerbotn,Kirkenes,178,243,0.178556,-0.519383,0.271295
Varangerbotn,Karasjok,178,502,0.0609891,-0.504883,0.0917815
Utsjoki,Inari,179,180,0.0236069,-0.50147,0.035445
Inari,Ivalo,180,181,0.00986375,-0.492708,0.0147237
Ivalo,Sodankylä,181,182,0.00584054,-0.469014,0.00857983
Sodankylä,Rovaniemi,182,183,0.00470685,-0.433101,0.00674539
Sodankylä,Kemijärvi,182,539,0.00331675,-0.444612,0.00479142
Rovaniemi,Kemi,183,184,0.00581697,-0.417345,0.00824466
Kemi,Oulu,184,185,0.00919436,-0.427812,0.0131278
Kemi,Tornio,184,614,0.00557086,-0.404815,0.00782602
Oulu,Jyväskylä,185,186,0.0108549,-0.455653,0.0158009
Oulu,Kokkola,185,615,0.00794642,-0.4417,0.0114564
Jyväskylä,Heinola,186,187,0.0181406,-0.485448,0.0269469
Jyväskylä,Kuopio,186,544,0.0113069,-0.46678,0.0165847
Jyväskylä,Tampere,186,545,0.0169846,-0.478945,0.0251193
Heinola,Lahti,187,188,0.0252504,-0.506463,0.0380388
Lahti,Helsinki,188,189,0.057937,-0.51541,0.0877982
Helsinki,Hämeenlinna,189,618,0.0583857,-0.515294,0.0884716
Helsinki,Kotka,189,621,0.176519,-0.521726,0.268614
Gdańsk,Świecie,190,191,1.87208,-0.526199,2.85717
Gdańsk,Kaliningrad,190,563,1.47165,-0.528234,2.24902
Gdańsk,Elbląg,190,564,1.60815,-0.526188,2.45434
Gdańsk,Gdynia,190,639,1.15274,-0.526989,1.76021
Świecie,Łódź,191,192,1.30988,-0.524801,1.9973
Świecie,Poznań,191,315,1.74712,-0.524771,2.66396
Łódź,Piotrków Trybunalski,192,193,1.49901,-0.524422,2.28512
Piotrków Trybunalski,Katowice,193,194,1.75132,-0.522509,2.66639
Piotrków Trybunalski,Warsaw,193,316,2.60902,-0.525362,3.97971
Piotrków Trybunalski,Wrocław,193,339,1.77138,-0.522899,2.69763
Katowice,Žilina,194,195,1.38502,-0.517132,2.10126
Katowice,Zabrze,194,342,1.24726,-0.520476,1.89643
Katowice,Kraków,194,343,1.91705,-0.520552,2.91497
Katowice,Český Těšín,194,717,0.982881,-0.519286,1.49328
Žilina,Olomouc,195,716,0.808497,-0.512809,1.2231
Győr,Budapest,196,197,1.94747,-0.499163,2.91958
Győr,Vámosszabadi,196,726,0.901852,-0.501806,1.35441
Budapest,Szeged,197,198,1.89265,-0.490739,2.82145
Budapest,Mosonmagyaróvár,197,412,2.04737,-0.497037,3.06498
Budapest,Szolnok,197,413,1.90982,-0.492637,2.85067
Budapest,Miskolc,197,552,2.01552,-0.495659,3.01453
Budapest,Balatonvilágos,197,553,1.72329,-0.493719,2.57411
Budapest,Szekszárd,197,555,1.57063,-0.49327,2.34538
Budapest,Zvolen,197,568,1.90919,-0.499049,2.86197
Szeged,Subotica,198,199,1.07133,-0.483382,1.58919
Szeged,Arad,198,684,1.28887,-0.484072,1.91278
Subotica,Novi Sad,199,200,0.598859,-0.480807,0.886795
Subotica,Sombor,199,735,0.56514,-0.483308,0.838277
Novi Sad,Belgrade,200,201,0.555735,-0.477671,0.821193
Belgrade,Niš,201,202,0.445443,-0.473277,0.656261
Belgrade,Slavonski Brod,201,455,0.501494,-0.480348,0.742386
Belgrade,Vršac,201,456,0.442871,-0.475829,0.653602
Belgrade,Čačak,201,739,0.385408,-0.47389,0.568049
Niš,Kumanovo,202,203,0.180913,-0.46836,0.265645
Niš,Drobeta-Turnu Severin,202,458,0.428976,-0.473379,0.632044
Niš,Sofia,202,468,0.2886,-0.459929,0.421335
Kumanovo,Kyustendil,203,745,0.108134,-0.460333,0.157911
Veles,Gevgelija,204,205,0.0427558,-0.448388,0.061927
Gevgelija,Evzoni,205,206,0.0391696,-0.433045,0.0561318
Evzoni,Thessaloniki,206,207,0.0695077,-0.425616,0.0990913
Thessaloniki,Katerini,207,208,0.0465887,-0.423895,0.0663374
Thessaloniki,Alexandroupoli,207,233,0.0959381,-0.421638,0.136389
Thessaloniki,Serres,207,577,0.0867343,-0.430728,0.124093
Klaipėda,Kaunas,209,210,2.22573,-0.529889,3.40513
Klaipėda,Palanga,209,704,1.3117,-0.530606,2.00769
Kaunas,Vilnius,210,211,2.46533,-0.529588,3.77093
Kaunas,Warsaw,210,316,4.67055,-0.528055,7.13685
Kaunas,Riga,210,547,3.23668,-0.528757,4.9481
Kaunas,Ukmergė,210,701,2.0735,-0.529565,3.17155
Vilnius,Lida,211,212,2.3101,-0.529757,3.53389
Vilnius,Minsk,211,318,4.62368,-0.527848,7.06427
Vilnius,Marijampolė,211,641,2.42886,-0.53,3.71616
Vilnius,Ukmergė,211,701,2.43035,-0.529863,3.7181
Lida,Slonim,212,213,0.902434,-0.529717,1.38047
Slonim,Kobryn,213,214,0.450841,-0.52661,0.688258
Kobryn,Dubno,214,215,0.474082,-0.519511,0.720373
Dubno,Ternopil,215,216,0.989905,-0.515784,1.50048
Ternopil,Chernivtsi,216,217,1.09525,-0.513745,1.65793
Ternopil,Stryj,216,379,1.54315,-0.512333,2.33375
Ternopil,Khmelnytskyi,216,380,1.42546,-0.517356,2.16294
Chernivtsi,Siret,217,218,0.788978,-0.509605,1.19105
Siret,Suceava,218,219,1.28684,-0.505952,1.93792
Suceava,Roman,219,220,1.24779,-0.504409,1.87718
Suceava,Halmeu,219,578,1.90859,-0.502915,2.86844
Suceava,Iaşi,219,670,1.73051,-0.507416,2.6086
Roman,Urziceni,220,221,0.6675,-0.50199,1.00258
Urziceni,Bucharest,221,222,0.43084,-0.495057,0.64413
Urziceni,Slobozia,221,421,0.371465,-0.500442,0.557362
Bucharest,Giurgiu,222,223,0.203068,-0.486427,0.301846
Bucharest,Ploieşti,222,420,0.185609,-0.48753,0.276099
Bucharest,Constanţa,222,423,0.284672,-0.491324,0.424538
Bucharest,Alexandria,222,460,0.208372,-0.48378,0.309178
Bucharest,Piteşti,222,583,0.228491,-0.484829,0.33927
Giurgiu,Ruse,223,224,0.101587,-0.482765,0.150629
Ruse,Byala,224,225,0.0497378,-0.476181,0.073422
Ruse,Razgrad,224,461,0.0467542,-0.477658,0.0690867
Byala,Veliko Tarnovo,225,226,0.0373964,-0.47162,0.0550333
Byala,Pleven,225,584,0.0355391,-0.465877,0.0520959
Veliko Tarnovo,Stara Zagora,226,227,0.0417344,-0.471407,0.0614082
Veliko Tarnovo,Shumen,226,462,0.0420678,-0.476264,0.0621032
Stara Zagora,Haskovo,227,228,0.0246977,-0.469255,0.0362872
Stara Zagora,Burgas,227,590,0.0383284,-0.47641,0.0565885
Haskovo,Svilengrad,228,229,0.0109667,-0.460464,0.0160164
Svilengrad,Ormenio,229,230,0.00733518,-0.440412,0.0105657
Ormenio,Kastanies,230,231,0.0101647,-0.422929,0.0144636
Kastanies,Didymoteicho,231,232,0.021592,-0.418672,0.030632
Didymoteicho,Alexandroupoli,232,233,0.0510994,-0.418978,0.0725089
Alexandroupoli,Gelibolu,233,478,0.0636508,-0.418327,0.0902776
Saint Petersburg,Pskov,234,235,4.42656,-0.523927,6.74575
Saint Petersburg,Moscow,234,239,7.98576,-0.517956,12.122
Saint Petersburg,Petrozavodsk,234,245,2.77718,-0.521237,4.22475
Saint Petersburg,Narva,234,304,3.32863,-0.522929,5.06927
Saint Petersburg,Vyborg,234,623,2.77715,-0.521238,4.22471
Pskov,Gomel,235,236,5.94365,-0.52646,9.07274
Pskov,Riga,235,547,4.30497,-0.526911,6.57331
Gomel,Kiev,236,237,8.05653,-0.523232,12.272
Gomel,Babruysk,236,703,4.96873,-0.526421,7.58438
Kiev,Odessa,237,238,5.61569,-0.518259,8.52607
Kiev,Hlukhiv,237,242,6.87274,-0.517621,10.4302
Kiev,Kharkiv,237,247,6.61016,-0.516205,10.0224
Kiev,Rivne,237,348,5.02991,-0.519753,7.64422
Kiev,Zhytomyr,237,349,4.0054,-0.519886,6.08775
Odessa,Izmail,238,586,1.85056,-0.517961,2.80908
Odessa,Chişinău,238,672,2.18686,-0.517629,3.31884
Odessa,Mykolaiv,238,673,2.16626,-0.518333,3.28911
Moscow,Kaluga,239,240,5.55379,-0.515488,8.4167
Moscow,Orel,239,246,5.79109,-0.510789,8.74912
Moscow,Voronezh,239,248,5.90559,-0.509927,8.91701
Moscow,Tambov,239,256,5.07772,-0.509026,7.66241
Moscow,Smolensk,239,319,6.23919,-0.52022,9.48494
Moscow,Ryazan,239,320,4.37977,-0.510144,6.61409
Moscow,Velikiye Luki,239,628,5.38375,-0.517003,8.16716
Moscow,Vladimir,239,629,4.43507,-0.507267,6.68484
Kaluga,Bryansk,240,241,3.09727,-0.517065,4.69875
Bryansk,Hlukhiv,241,242,3.84371,-0.5179,5.83437
Hlukhiv,Kursk,242,645,4.06262,-0.516911,6.16263
Kirkenes,Murmansk,243,244,0.401728,-0.522093,0.611467
Murmansk,Petrozavodsk,244,245,1.04438,-0.521914,1.58945
Orel,Kharkiv,246,247,4.40745,-0.513015,6.66853
Kharkiv,Luhansk,247,350,3.57778,-0.514795,5.4196
Voronezh,Novorossiysk,248,249,3.65009,-0.504823,5.49274
Voronezh,Kursk,248,645,3.82674,-0.513754,5.79275
Voronezh,Saratov,248,646,2.96351,-0.505041,4.46021
Novorossiysk,Dzhankoy,249,601,1.49969,-0.5074,2.26064
Novorossiysk,Sochi,249,602,1.453,-0.507083,2.1898
Mineralnye Vody,Nalchik,250,251,0.181038,-0.502662,0.272039
Mineralnye Vody,Makhachkala,250,260,0.403906,-0.501578,0.606496
Mineralnye Vody,Armavir,250,387,0.217973,-0.505127,0.328077
Nalchik,Vladikavkaz,251,252,0.0691462,-0.502502,0.103892
Vladikavkaz,Stepantsminda,252,253,0.0267465,-0.502301,0.0401813
Stepantsminda,Mtskheta,253,254,0.0112165,-0.502025,0.0168474
Mtskheta,Tbilisi,254,255,0.00694831,-0.50176,0.0104347
Tbilisi,Gori,255,428,0.00451579,-0.502924,0.00678688
Tbilisi,Rustavi,255,429,0.00648942,-0.501154,0.00974162
Tambov,Povorino,256,257,2.32135,-0.509468,3.50401
Povorino,Volgograd,257,258,1.93029,-0.50981,2.91438
Volgograd,Astrakhan,258,259,1.99441,-0.506049,3.00368
Volgograd,Luhansk,258,350,2.30154,-0.51234,3.48072
Astrakhan,Makhachkala,259,260,1.2391,-0.501165,1.86009
Astrakhan,Atyrau,259,265,1.5457,-0.495179,2.3111
Makhachkala,Kuba,260,261,0.397147,-0.501196,0.596196
Kuba,Baku,261,262,0.151617,-0.50105,0.227585
Baku,Yevlakh,262,431,0.058023,-0.500896,0.0870865
Samara,Oral,263,264,1.1391,-0.47956,1.68537
Samara,Penza,263,321,1.18116,-0.494358,1.76507
Samara,Ufa,263,322,0.798134,-0.474805,1.17709
Oral,Atyrau,264,265,1.17798,-0.476212,1.73895
Oral,Saratov,264,646,1.81903,-0.495153,2.71973
Oral,Aktobe,264,647,0.815787,-0.479239,1.20674
Atyrau,Beineu,265,266,0.589452,-0.484718,0.875171
Atyrau,Beyneu,265,351,0.589452,-0.484718,0.875171
Beineu,Shetpe,266,267,0.228619,-0.483449,0.339145
Shetpe,Zhetybai,267,268,0.0888366,-0.482124,0.131667
Zhetybai,Fetisovo,268,269,0.0347149,-0.480578,0.0513981
Fetisovo,Bekdash,269,270,0.0139596,-0.477996,0.0206322
Bekdash,Türkmenbaşy,270,271,0.0065495,-0.471083,0.00963485
Türkmenbaşy,Gyzylarbat,271,272,0.00531013,-0.458376,0.00774417
Gyzylarbat,Ashgabat,272,432,0.00893884,-0.452944,0.0129876
Chelyabinsk,Kostanay,273,274,0.162764,-0.468914,0.239087
Chelyabinsk,Ufa,273,322,0.355498,-0.472934,0.523626
Chelyabinsk,Kurgan,273,323,0.177676,-0.467299,0.260704
Kostanay,Esil,274,275,0.0684693,-0.46426,0.100257
Esil,Derzhavinsk,275,276,0.0377492,-0.449049,0.0547005
Derzhavinsk,Arkalyk,276,277,0.0409317,-0.426129,0.0583739
Arkalyk,Jezkazgan,277,278,0.0789985,-0.416143,0.111873
Jezkazgan,Kyzylorda,278,279,0.117983,-0.411636,0.166549
Jezkazgan,Karaganda,278,286,0.11674,-0.416624,0.165376
Kyzylorda,Shymkent,279,280,0.109249,-0.411843,0.154242
Kyzylorda,Novokazalinsk,279,650,0.0915039,-0.423722,0.130276
Shymkent,Tashkent,280,281,0.0793656,-0.406261,0.111609
Shymkent,Zhambyl,280,359,0.0646242,-0.406462,0.0908914
Tashkent,Ayni,281,282,0.0278561,-0.407786,0.0392154
Tashkent,Jizzakh,281,358,0.0358341,-0.407976,0.0504535
Tashkent,Kokand,281,689,0.0292701,-0.405032,0.0411254
Ayni,Dushanbe,282,283,0.0205806,-0.401755,0.028849
Ayni,Kokand,282,689,0.0102978,-0.400802,0.0144251
Dushanbe,Termez,283,440,0.0109198,-0.39892,0.0152759
Dushanbe,Jirgatal,283,441,0.0111431,-0.398187,0.0155801
Dushanbe,Kulob,283,692,0.00816021,-0.398507,0.0114121
Ishim,Astana,284,285,0.0657326,-0.441529,0.0947555
Ishim,Omsk,284,291,0.0657326,-0.441529,0.0947555
Ishim,Kurgan,284,323,0.116675,-0.458525,0.170173
Ishim,Tyumen,284,635,0.0771997,-0.455088,0.112332
Astana,Karaganda,285,286,0.0636128,-0.426998,0.0907753
Karaganda,Balkhash,286,287,0.0670231,-0.415983,0.0949036
Karaganda,Pavlodar,286,292,0.0736617,-0.423211,0.104836
Balkhash,Burubaytal,287,288,0.0385193,-0.411942,0.054387
Burubaytal,Almaty,288,289,0.0417509,-0.406364,0.058717
Almaty,Bishkek,289,290,0.06164,-0.40309,0.0864865
Almaty,Sary-Ozek,289,360,0.0298884,-0.403599,0.0419514
Almaty,Kokpek,289,695,0.02455,-0.403698,0.0344608
Bishkek,Zhambyl,290,359,0.0555871,-0.403819,0.0780342
Bishkek,Osh,290,691,0.0546803,-0.401884,0.0766554
Omsk,Pavlodar,291,292,0.0478731,-0.432433,0.068575
Pavlodar,Semey,292,293,0.0384889,-0.426002,0.0548852
Semey,Georgiyevka,293,294,0.0159176,-0.425223,0.0226861
Georgiyevka,Ayagoz,294,364,0.00688335,-0.423577,0.00979898
Narvik,Kiruna,295,296,0.00103184,-0.37391,0.00141765
Narvik,Setermoen,295,498,0.000871639,-0.432205,0.00124837
Kiruna,Töre,296,297,0.00196367,-0.352405,0.00265567
Töre,Luleå,297,298,0.00427951,-0.349053,0.00577329
Luleå,Umeå,298,612,0.00737237,-0.346662,0.0099281
Luleå,Haparanda,298,613,0.00486223,-0.354954,0.0065881
Helsingborg,Halmstad,299,300,0.00611183,-0.345452,0.00822317
Helsingborg,Jönköping,299,605,0.00376388,-0.345491,0.00506427
Örebro,Stockholm,301,302,0.0117407,-0.345276,0.0157944
Örebro,Karlstad,301,620,0.00701893,-0.345359,0.00944298
Stockholm,Södertälje,302,608,0.00866387,-0.345123,0.011654
Stockholm,Uppsala,302,609,0.0102252,-0.344845,0.0137513
Tallinn,Narva,303,304,2.01421,-0.525241,3.07215
Tallinn,Riga,303,547,2.81567,-0.526667,4.2986
Colchester,Ipswich,305,306,6.60211e-05,-0.486526,6.60211e-05
Ipswich,Cambridge,306,636,6.60211e-05,-0.486526,6.60211e-05
The Hague,Gouda,307,308,0.393891,-0.521012,0.599113
Amersfoort,Oldenzaal,309,310,0.672552,-0.521253,1.02312
Amersfoort,Hoogeveen,309,698,0.627401,-0.521122,0.954353
Oldenzaal,Osnabrück,310,311,0.585171,-0.522274,0.890791
Osnabrück,Bad Oeynhausen,311,312,1.10903,-0.5227,1.68872
Bad Oeynhausen,Dortmund,312,508,1.91559,-0.522848,2.91715
Braunschweig,Magdeburg,313,314,1.44305,-0.521061,2.19497
Magdeburg,Halle,314,518,1.5205,-0.520434,2.31182
Poznań,Warsaw,315,316,3.00768,-0.525055,4.58687
Poznań,Wrocław,315,339,1.72313,-0.523433,2.62507
Warsaw,Elbląg,316,564,2.4382,-0.526153,3.72106
Warsaw,Radom,316,565,2.84605,-0.524177,4.33789
Warsaw,Lublin,316,713,3.40215,-0.524458,5.18644
Brest,Rennes,317,365,0.319417,-0.513108,0.483312
Brest,Lorient,317,388,0.173926,-0.512612,0.263082
Minsk,Smolensk,318,319,4.76743,-0.523998,7.26555
Minsk,Babruysk,318,703,4.40944,-0.526928,6.7329
Ryazan,Penza,320,321,1.84493,-0.507085,2.78046
Ufa,Yelabuga,322,632,0.398654,-0.476633,0.588666
Bruges,Ghent,324,325,1.63401,-0.516279,2.47762
Bruges,Zeebrugge,324,642,1.85545,-0.516615,2.81401
Ghent,Brussels,325,326,2.23194,-0.51656,3.38487
Brussels,Leuven,326,327,2.90472,-0.518098,4.40966
Leuven,Hasselt,327,708,1.94565,-0.520086,2.95755
Eupen,Aachen,328,329,2.39439,-0.521925,3.64408
Eupen,St. Vith,328,653,1.22124,-0.520939,1.85743
Aachen,Heerlen,329,709,1.89222,-0.522349,2.88061
Olpe,Wetzlar,330,331,2.25679,-0.522932,3.43694
Wetzlar,Gießen,331,332,2.2615,-0.523034,3.44434
Wetzlar,Dortmund,331,508,3.1442,-0.523022,4.78868
Wetzlar,Aschaffenburg,331,509,2.4203,-0.522791,3.68561
Wetzlar,Koblenz,331,660,2.36964,-0.522807,3.60851
Gießen,Bad Hersfeld,332,333,1.40834,-0.523206,2.14519
Bad Hersfeld,Eisenach,333,334,0.652349,-0.522739,0.993358
Eisenach,Erfurt,334,335,0.578377,-0.521063,0.879748
Erfurt,Gera,335,336,1.10715,-0.519975,1.68284
Gera,Chemnitz,336,337,1.64255,-0.519466,2.49579
Gera,Leipzig,336,526,1.65863,-0.51992,2.52098
Gera,Hirschberg,336,527,1.16627,-0.519614,1.77228
Chemnitz,Plauen,337,519,1.54777,-0.519402,2.35169
Wrocław,Opole,339,340,1.40633,-0.521728,2.14006
Wrocław,Kłodzko,339,548,1.42736,-0.521833,2.1722
Opole,Gliwice,340,341,0.669143,-0.521592,1.01816
Gliwice,Zabrze,341,342,0.629989,-0.520979,0.958201
Kraków,Rzeszów,343,344,0.90412,-0.520354,1.37458
Kraków,Radom,343,565,1.1302,-0.523093,1.7214
Kraków,Trstená,343,566,1.11488,-0.518395,1.69283
Rzeszów,Jarosław,344,345,0.875742,-0.520747,1.33178
Rzeszów,Radom,344,565,0.982361,-0.523329,1.49646
Rzeszów,Barwinek,344,710,0.686533,-0.520992,1.04421
Jarosław,Korczowa,345,346,0.939187,-0.518739,1.42638
Korczowa,Lviv,346,347,1.97702,-0.517358,2.99984
Lviv,Rivne,347,348,2.71584,-0.518581,4.12422
Lviv,Mukachevo,347,378,3.39704,-0.512777,5.13897
Lviv,Lublin,347,713,2.0311,-0.520002,3.08728
Rivne,Zhytomyr,348,349,1.73668,-0.520533,2.64069
Rivne,Kovel,348,714,1.71593,-0.520763,2.60952
Zhytomyr,Vinnytsia,349,381,2.90658,-0.52089,4.42059
Beyneu,Qo‘ng‘irot,351,352,0.23037,-0.483221,0.34169
Qo‘ng‘irot,Nukus,352,353,0.0939277,-0.480704,0.139079
Nukus,Daşoguz,353,354,0.0477878,-0.474678,0.0704716
Daşoguz,Bukhara,354,355,0.0157949,-0.45538,0.0229876
Daşoguz,Ashgabat,354,432,0.0179878,-0.457157,0.026211
Daşoguz,Uchkuduk,354,688,0.0124606,-0.465185,0.0182571
Bukhara,Navoiy,355,356,0.0120197,-0.430378,0.0171927
Bukhara,Alat,355,436,0.00990253,-0.436719,0.0142271
Bukhara,Karshi,355,437,0.0100073,-0.435423,0.0143647
Bukhara,Uchkuduk,355,688,0.00725268,-0.441881,0.0104575
Navoiy,Samarkand,356,357,0.00999056,-0.415761,0.0141442
Samarkand,Jizzakh,357,358,0.0162688,-0.408356,0.0229123
Sary-Ozek,Taldykorgan,360,361,0.0142395,-0.40311,0.0199796
Sary-Ozek,Koktal,360,697,0.0134239,-0.402963,0.0188332
Taldykorgan,Ucharal,361,362,0.00633773,-0.403898,0.00889753
Ucharal,Taskesken,362,363,0.00355557,-0.408789,0.00500905
Taskesken,Ayagoz,363,364,0.00368037,-0.418189,0.00521946
Rennes,Le Mans,365,366,0.792699,-0.513223,1.19953
Le Mans,Angers,366,391,0.646693,-0.513244,0.978605
Le Mans,Tours,366,392,0.748917,-0.512723,1.1329
Le Mans,Rouen,366,662,1.25419,-0.514557,1.89955
Reims,Charleroi,367,651,1.77207,-0.5161,2.68664
Reims,Charleville-Mézières,367,658,1.62933,-0.516819,2.4714
Reims,Rouen,367,662,1.81454,-0.514724,2.74853
Saarbrücken,Mannheim,368,369,3.27782,-0.521896,4.9885
Saarbrücken,Trier,368,659,1.67826,-0.5206,2.55197
Mannheim,Heilbronn,369,370,3.06275,-0.52174,4.66071
Rozvadov,Plzeň,371,372,2.37249,-0.516631,3.5982
Plzeň,Karlovy Vary,372,523,1.63861,-0.516015,2.48416
Plzeň,České Budějovice,372,524,1.87322,-0.514515,2.83702
Plzeň,Bayerisch Eisenstein,372,530,1.93486,-0.515638,2.93255
Trenčín,Prešov,373,374,1.18381,-0.508291,1.78554
Prešov,Košice,374,375,1.81417,-0.506404,2.73287
Prešov,Svidník,374,712,0.900762,-0.508352,1.35867
Košice,Vyšné Nemecké,375,376,0.909292,-0.505187,1.36865
Košice,Uzhhorod,375,377,1.78142,-0.505347,2.68165
Košice,Miskolc,375,552,1.57821,-0.502247,2.37086
Košice,Zvolen,375,568,1.68806,-0.504476,2.53965
Vyšné Nemecké,Uzhhorod,376,377,0.872124,-0.505514,1.31299
Uzhhorod,Mukachevo,377,378,2.90098,-0.505651,4.36787
Uzhhorod,Chop,377,723,1.4417,-0.504514,2.16906
Mukachevo,Stryj,378,379,2.14062,-0.509005,3.23021
Mukachevo,Halmeu,378,578,2.491,-0.505169,3.74937
Khmelnytskyi,Vinnytsia,380,381,1.79899,-0.520225,2.73487
Vinnytsia,Uman,381,382,1.76129,-0.520994,2.6789
Vinnytsia,Mohyliv-Podilskyi,381,728,1.62168,-0.520473,2.46572
Uman,Kirovohrad,382,383,1.31354,-0.520313,1.99699
Kirovohrad,Dnipropetrovsk,383,384,0.903403,-0.519616,1.37283
Kirovohrad,Chişinău,383,672,1.78887,-0.518568,2.71652
Dnipropetrovsk,Donetsk,384,385,0.376245,-0.519363,0.571653
Donetsk,Rostov-on-Don,385,386,0.239903,-0.517252,0.363993
Rostov-on-Don,Armavir,386,387,0.193533,-0.51181,0.292585
Rostov-on-Don,Taganrog,386,675,0.214127,-0.515545,0.32452
Lorient,Vannes,388,389,0.206747,-0.511873,0.312576
Vannes,Nantes,389,390,0.451226,-0.511652,0.682097
Nantes,Angers,390,391,0.629507,-0.512018,0.951826
Nantes,Poitiers,390,676,0.88105,-0.511479,1.33169
Angers,Tours,391,392,0.48164,-0.510537,0.727535
Tours,Vierzon,392,503,0.624864,-0.509923,0.943497
Montargis,Auxerre,393,394,1.16703,-0.512155,1.76473
Auxerre,Beaune,394,395,2.21112,-0.512949,3.34531
Beaune,Dole,395,396,2.28266,-0.514533,3.45716
Beaune,Antwerp,395,505,3.93605,-0.515332,5.96443
Dole,Besançon,396,397,1.22124,-0.515478,1.85076
Besançon,Belfort,397,398,1.41887,-0.516762,2.15208
Zürich,Winterthur,399,400,1.40107,-0.517974,2.12679
Winterthur,St. Gallen,400,401,0.997438,-0.518038,1.51415
Winterthur,Schaffhausen,400,511,1.38074,-0.519565,2.09813
St. Gallen,St. Margrethen,401,402,0.901102,-0.516992,1.36696
St. Margrethen,Bregenz,402,403,1.46814,-0.516104,2.22586
St. Margrethen,Buchs,402,514,0.686041,-0.51643,1.04033
Bregenz,Feldkirch,403,748,1.40402,-0.515649,2.12801
Bregenz,Lindau,403,513,2.21827,-0.515951,3.36278
Feldkirch,Landeck,748,404,0.633246,-0.514782,0.95923
Feldkirch,Imst,748,406,0.660338,-0.514716,1.00022
Landeck,Telfs,404,405,0.439128,-0.514145,0.664903
Sattledt,Liezen,408,532,0.908469,-0.509557,1.37139
Sattledt,Wels,408,669,0.983578,-0.511943,1.48711
Sankt Pölten,Vienna,409,410,1.87253,-0.50794,2.82366
Vienna,Nickelsdorf,410,411,2.01326,-0.50549,3.03095
Vienna,Halámky,410,525,1.97929,-0.508011,2.9848
Vienna,Graz,410,534,2.46657,-0.505526,3.71349
Nickelsdorf,Mosonmagyaróvár,411,412,1.3523,-0.50138,2.03031
Szolnok,Püspökladány,413,414,1.34847,-0.49005,2.00929
Püspökladány,Oradea,414,415,1.6786,-0.489119,2.49964
Püspökladány,Nyíregyháza,414,722,1.07777,-0.492579,1.60866
Oradea,Cluj-Napoca,415,416,0.767706,-0.485554,1.14047
Oradea,Berettyóújfalu,415,570,1.15269,-0.489147,1.71653
Oradea,Beiuş,415,571,0.732845,-0.486322,1.08924
Oradea,Satu Mare,415,579,1.23588,-0.490645,1.84225
Oradea,Arad,415,684,1.22043,-0.484286,1.81146
Cluj-Napoca,Turda,416,417,0.483513,-0.485461,0.71824
Cluj-Napoca,Zalău,416,580,0.482105,-0.489045,0.717876
Turda,Târgu Mureş,417,418,0.207409,-0.482966,0.30758
Turda,Sebeş,417,581,0.213988,-0.482739,0.317289
Târgu Mureş,Braşov,418,419,0.143722,-0.481245,0.212887
Braşov,Ploieşti,419,420,0.122434,-0.483033,0.181574
Braşov,Sibiu,419,582,0.168474,-0.480359,0.249402
Braşov,Piteşti,419,583,0.0991669,-0.480077,0.146775
Slobozia,Hârşova,421,422,0.259466,-0.501964,0.389709
Slobozia,Galaţi,421,588,0.467701,-0.507875,0.705234
Hârşova,Constanţa,422,423,0.252213,-0.496584,0.377458
Constanţa,Varna,423,463,0.193059,-0.489944,0.287647
Constanţa,Tulcea,423,589,0.260957,-0.501337,0.391784
Senaki,Samtredia,424,425,0.0301124,-0.509141,0.0454438
Senaki,Zugdidi,424,604,0.07931,-0.508366,0.119629
Samtredia,Kutaisi,425,426,0.0115775,-0.510433,0.0174871
Kutaisi,Khashuri,426,427,0.00486179,-0.510507,0.00734377
Khashuri,Gori,427,428,0.00311002,-0.507641,0.00468879
Rustavi,Ganja,429,430,0.00967737,-0.500674,0.0145226
Ganja,Yevlakh,430,431,0.0225557,-0.500736,0.0338502
Ashgabat,Tejen,432,433,0.00854049,-0.450562,0.0123885
Tejen,Mary,433,434,0.0039791,-0.44365,0.00574442
Mary,Türkmenabat,434,435,0.00294836,-0.435046,0.00423103
Türkmenabat,Alat,435,436,0.00448297,-0.433302,0.00642545
Karshi,Guzar,437,438,0.00473709,-0.426171,0.0067559
Guzar,Sherobod,438,439,0.00350452,-0.410605,0.0049435
Sherobod,Termez,439,440,0.0051499,-0.400443,0.00721214
Jirgatal,Sary Tash,441,442,0.0103013,-0.397713,0.0143983
Jirgatal,Khorugh,441,694,0.00616004,-0.396776,0.00860419
Sary Tash,Irkeshtam,442,443,0.0138274,-0.39917,0.0193468
Irkeshtam,Osh,443,691,0.0283924,-0.400423,0.0397613
A Coruña,Bilbao,444,445,0.0715105,-0.498853,0.107184
A Coruña,Pontevedra,444,481,0.0292636,-0.495979,0.0437777
Clermont-Ferrand,Montluçon,446,504,0.706832,-0.507774,1.06574
Chambéry,Susa,447,448,0.771216,-0.507952,1.16296
Chambéry,Marseille,447,736,0.590786,-0.508744,0.891345
Susa,Turin,448,449,0.462965,-0.503015,0.695844
Tortona,Brescia,450,451,0.13309,-0.477633,0.196658
Trieste,Postojna,452,453,0.208679,-0.489821,0.310894
Trieste,Ljubljana,452,454,0.428193,-0.493067,0.639322
Postojna,Ljubljana,453,454,0.309446,-0.495692,0.462836
Ljubljana,Maribor,454,535,0.563815,-0.498805,0.845049
Ljubljana,Naklo,454,538,0.817734,-0.498598,1.22545
Vršac,Timişoara,456,457,0.449672,-0.476501,0.663941
Timişoara,Drobeta-Turnu Severin,457,458,0.500455,-0.475938,0.73864
Timişoara,Arad,457,684,0.861514,-0.47997,1.27502
Drobeta-Turnu Severin,Craiova,458,459,0.466091,-0.474007,0.687021
Craiova,Alexandria,459,460,0.199354,-0.477093,0.294464
Craiova,Târgu Jiu,459,574,0.274903,-0.474481,0.405339
Craiova,Piteşti,459,583,0.257768,-0.475861,0.380429
Razgrad,Shumen,461,462,0.0410724,-0.477,0.0606639
Shumen,Varna,462,463,0.0706365,-0.48268,0.104731
Varna,Burgas,463,590,0.0695125,-0.482824,0.103075
Lisbon,Valladolid,464,465,0.0463891,-0.490291,0.0691333
Lisbon,Porto,464,483,0.0390417,-0.485547,0.0579984
Lisbon,Albufeira,464,484,0.037486,-0.484525,0.0556489
Toulouse,Nice,466,467,0.614288,-0.500946,0.922013
Nice,Cuneo,467,685,0.237575,-0.495559,0.355308
Sofia,Plovdiv,468,469,0.151947,-0.454581,0.221019
Sofia,Botevgrad,468,575,0.152614,-0.454726,0.222011
Sofia,Blagoevgrad,468,576,0.16079,-0.452578,0.23356
Sofia,Kyustendil,468,745,0.119134,-0.457237,0.173606
Plovdiv,Istanbul,469,470,0.0624156,-0.452789,0.0906767
Istanbul,İzmit,470,471,0.0294063,-0.450619,0.0426573
İzmit,Gerede,471,472,0.00985588,-0.448022,0.0142715
İzmit,Bursa,471,479,0.00978951,-0.447136,0.0141667
Gerede,Kızılcahamam,472,599,0.00452041,-0.445982,0.00653644
Mazara del Vallo,Palermo,473,474,6.60211e-05,-0.486526,6.60211e-05
Metaponto,Taranto,475,476,0.00396246,-0.454986,0.00576533
Metaponto,Potenza,475,743,0.00209205,-0.452676,0.00303906
Ioannina,Trikala,477,687,0.00953792,-0.418711,0.0135316
Gelibolu,Keşan,478,596,0.0300732,-0.416597,0.0426016
Gelibolu,Ayvalık,478,597,0.0300714,-0.416534,0.0425972
Bursa,Ankara,479,480,0.0047693,-0.44371,0.00688548
Bursa,Balıkesir,479,746,0.00535654,-0.439446,0.00771046
Ankara,Kızılcahamam,480,599,0.003217,-0.443847,0.00464485
Pontevedra,Valença,481,482,0.016045,-0.489986,0.0239068
Valença,Porto,482,483,0.01855,-0.484817,0.0275434
Albufeira,Castro Marim,484,485,0.0183886,-0.480939,0.0272324
Castro Marim,Huelva,485,486,0.0169788,-0.480329,0.0251343
Cherbourg-Octeville,La Rochelle,487,488,0.170471,-0.513209,0.257958
Cherbourg-Octeville,Caen,487,661,0.383295,-0.514713,0.580582
La Rochelle,Saintes,488,730,0.13262,-0.508964,0.200119
Oslo,Hamar,489,490,0.00539726,-0.34536,0.00726125
Oslo,Askim,489,619,0.00562035,-0.345398,0.00756161
Hamar,Lillehammer,490,491,0.00341005,-0.345126,0.00458694
Lillehammer,Dombås,491,492,0.00377663,-0.344683,0.00507837
Dombås,Trondheim,492,493,0.00674669,-0.344412,0.00907033
Trondheim,Stjørdal,493,494,0.00659413,-0.344326,0.00886467
Stjørdal,Steinkjer,494,495,0.00331445,-0.344252,0.00445545
Steinkjer,Mosjøen,495,496,0.00231677,-0.344114,0.003114
Mosjøen,Mo i Rana,496,497,0.00291356,-0.344252,0.00391656
Mo i Rana,Umeå,497,612,0.00551634,-0.344775,0.00741824
Setermoen,Alta,498,499,0.00146489,-0.480689,0.00216905
Alta,Olderfjord,499,500,0.00346646,-0.495844,0.00518529
Olderfjord,Lakselv,500,501,0.00890569,-0.50028,0.013361
Lakselv,Karasjok,501,502,0.0232556,-0.502753,0.0349474
Vierzon,Montluçon,503,504,0.441408,-0.508463,0.665848
Antwerp,Zeebrugge,505,642,2.71417,-0.516801,4.11685
Martigny,Sion,506,678,0.578738,-0.504143,0.870505
Bremen,Groningen,507,624,2.39499,-0.522105,3.64543
Stuttgart,Schaffhausen,510,511,2.137,-0.520448,3.24919
Stuttgart,Ulm,510,512,1.86226,-0.519364,2.82945
Ulm,Lindau,512,513,1.57794,-0.518139,2.39554
Lindau,Waldshut,513,666,2.1465,-0.517276,3.25683
Buchs,Chur,514,515,0.272491,-0.516391,0.413203
Chur,San Bernardino,515,516,0.140364,-0.516274,0.21283
Halle,Plauen,518,519,1.44303,-0.519843,2.19318
Plauen,Schönberg,519,520,1.17628,-0.519404,1.78725
Plauen,Hof,519,528,1.56463,-0.519394,2.37729
Schönberg,Vojtanov,520,521,0.708641,-0.518813,1.07629
Vojtanov,Cheb,521,522,0.976302,-0.517944,1.48197
Cheb,Karlovy Vary,522,523,1.59939,-0.516812,2.42597
Cheb,Marktredwitz,522,663,1.29541,-0.518207,1.96671
Karlovy Vary,Teplice,523,715,0.977884,-0.515849,1.48232
České Budějovice,Halámky,524,525,1.27456,-0.511316,1.92626
Hirschberg,Hof,527,528,1.21096,-0.51931,1.83982
Hof,Bayreuth,528,529,1.97572,-0.518852,3.00083
Bayreuth,Marktredwitz,529,663,1.78448,-0.51885,2.71036
Bayerisch Eisenstein,Deggendorf,530,531,1.45329,-0.515938,2.20309
Liezen,Sankt Michael,532,533,0.71618,-0.506811,1.07915
Sankt Michael,Graz,533,534,1.24983,-0.504731,1.88065
Graz,Maribor,534,535,1.02544,-0.502507,1.54073
Graz,Spielfeld,534,536,0.798917,-0.504079,1.20163
Graz,Klagenfurt,534,683,1.44714,-0.502496,2.17433
Maribor,Spielfeld,535,536,0.331907,-0.499627,0.497737
Karavanke Tunnel,Naklo,537,538,0.743803,-0.501959,1.11716
Naklo,Loiblpass,538,734,0.700947,-0.501241,1.05229
Kemijärvi,Posio,539,540,0.00144566,-0.436731,0.00207702
Posio,Kuusamo,540,541,0.000837292,-0.430666,0.00119789
Kuusamo,Kajaani,541,542,0.000950113,-0.435946,0.00136431
Kajaani,Iisalmi,542,543,0.00189133,-0.44767,0.00273802
Iisalmi,Kuopio,543,544,0.00452593,-0.458064,0.0065991
Tampere,Turku,545,546,0.0094617,-0.488821,0.0140868
Tampere,Vaasa,545,616,0.00995729,-0.480251,0.0147393
Tampere,Hämeenlinna,545,618,0.0297391,-0.505869,0.0447832
Turku,Pori,546,617,0.0048241,-0.478104,0.00713052
Riga,Šiauliai,547,561,2.97736,-0.529314,4.55332
Riga,Rēzekne,547,627,3.0946,-0.527291,4.72635
Kłodzko,Kudowa-Zdrój,548,549,0.64191,-0.520679,0.976139
Kudowa-Zdrój,Náchod,549,550,0.524917,-0.517228,0.796418
Náchod,Hradec Králové,550,551,0.950927,-0.514713,1.44038
Hradec Králové,Olomouc,551,716,1.2907,-0.513121,1.95299
Miskolc,Debrecen,552,569,1.19538,-0.497599,1.79019
Szekszárd,Mohács,555,556,0.660839,-0.492924,0.986582
Mohács,Osijek,556,557,0.402531,-0.491028,0.600185
Osijek,Đakovo,557,558,0.233317,-0.488807,0.347363
Osijek,Sombor,557,735,0.374714,-0.486392,0.556972
Đakovo,Šamac,558,559,0.0987915,-0.487049,0.146908
Šamac,Zenica,559,560,0.0604989,-0.479274,0.0894944
Zenica,Sarajevo,560,737,0.0801973,-0.470313,0.117915
Šiauliai,Tolpaki,561,562,2.32973,-0.530911,3.5666
Šiauliai,Palanga,561,704,1.78965,-0.530431,2.73893
Šiauliai,Panevėžys,561,705,1.8519,-0.5304,2.83415
Tolpaki,Kaliningrad,562,563,1.44574,-0.530428,2.2126
Tolpaki,Nesterov,562,640,1.37773,-0.531302,2.10972
Trstená,Ružomberok,566,567,0.852533,-0.511096,1.28826
Ružomberok,Zvolen,567,568,1.46164,-0.505145,2.19997
Debrecen,Berettyóújfalu,569,570,0.786106,-0.493479,1.17403
Beiuş,Deva,571,572,0.464799,-0.482798,0.689203
Deva,Petroşani,572,573,0.349765,-0.478253,0.517041
Deva,Sibiu,572,582,0.453776,-0.478456,0.670887
Deva,Arad,572,684,0.643659,-0.480291,0.952803
Petroşani,Târgu Jiu,573,574,0.211621,-0.475914,0.312334
Botevgrad,Jablanica,575,585,0.0642656,-0.453884,0.0934348
Blagoevgrad,Serres,576,577,0.0857281,-0.443658,0.123762
Halmeu,Satu Mare,578,579,1.65058,-0.497624,2.47195
Satu Mare,Zalău,579,580,0.668323,-0.49304,0.997833
Sebeş,Sibiu,581,582,0.20855,-0.479633,0.308578
Sibiu,Piteşti,582,583,0.215416,-0.477756,0.318333
Pleven,Jablanica,584,585,0.034256,-0.456749,0.0499023
Izmail,Reni,586,587,0.821241,-0.517295,1.24607
Reni,Galaţi,587,588,0.641571,-0.51449,0.971654
Galaţi,Tulcea,588,589,0.36224,-0.509237,0.546707
Galaţi,Giurgiuleşti,588,729,0.772619,-0.514972,1.1705
Burgas,Malko Tarnovo,590,591,0.0323634,-0.477542,0.0478183
Malko Tarnovo,Dereköy,591,592,0.0129549,-0.473525,0.0190894
Dereköy,Kırklareli,592,593,0.00581536,-0.463488,0.0085107
Kırklareli,Babaeski,593,594,0.0040665,-0.440235,0.00585671
Babaeski,Havsa,594,595,0.00589806,-0.421125,0.00838188
Havsa,Keşan,595,596,0.0126973,-0.416495,0.0179856
Ayvalık,İzmir,597,598,0.012688,-0.415969,0.0179658
İzmir,Manisa,598,747,0.00586013,-0.417845,0.00830875
Kherson,Dzhankoy,600,601,1.02311,-0.511735,1.54667
Kherson,Mykolaiv,600,673,1.21791,-0.516937,1.84749
Kherson,Melitopol,600,674,0.661013,-0.515141,1.00153
Sochi,Sukhumi,602,603,0.551353,-0.507335,0.831073
Sukhumi,Zugdidi,603,604,0.209145,-0.507719,0.315331
Jönköping,Linköping,605,606,0.00278127,-0.345451,0.00374206
Linköping,Norrköping,606,607,0.00372024,-0.345376,0.00500512
Norrköping,Södertälje,607,608,0.00577608,-0.345225,0.00777013
Norrköping,Kalmar,607,626,0.00370629,-0.345374,0.00498635
Uppsala,Sundsvall,609,610,0.0104912,-0.344423,0.0141047
Sundsvall,Örnsköldsvik,610,611,0.00967458,-0.344253,0.0130051
Örnsköldsvik,Umeå,611,612,0.00775383,-0.344604,0.0104258
Haparanda,Tornio,613,614,0.00378754,-0.377292,0.00521655
Kokkola,Vaasa,615,616,0.00689776,-0.455794,0.0100417
Vaasa,Pori,616,617,0.00479934,-0.470422,0.00705706
Askim,Karlstad,619,620,0.0046972,-0.345407,0.00631964
Kotka,Vaalimaa,621,622,0.40084,-0.522503,0.61028
Vaalimaa,Vyborg,622,623,1.04404,-0.521968,1.589
Groningen,Hoogeveen,624,698,0.86623,-0.521518,1.31798
Sassnitz,Stralsund,625,699,0.458311,-0.520703,0.696954
Rēzekne,Velikiye Luki,627,628,3.25992,-0.521545,4.96012
Rēzekne,Daugavpils,627,702,2.08018,-0.526801,3.17602
Vladimir,Nizhny Novgorod,629,630,1.70655,-0.507247,2.5722
Nizhny Novgorod,Kazan,630,631,0.709324,-0.505572,1.06794
Kazan,Yelabuga,631,632,0.429322,-0.495703,0.642138
Yelabuga,Perm,632,633,0.249113,-0.485309,0.370009
Perm,Yekaterinburg,633,634,0.104997,-0.481509,0.155554
Yekaterinburg,Tyumen,634,635,0.0619949,-0.469447,0.0910983
Koszalin,Słupsk,637,638,0.276583,-0.524557,0.421666
Słupsk,Gdynia,638,639,0.46812,-0.526657,0.714659
Nesterov,Marijampolė,640,641,1.24322,-0.530943,1.90329
Aktobe,Karabutak,647,648,0.322369,-0.476778,0.476067
Karabutak,Aral,648,649,0.136347,-0.470261,0.200466
Aral,Novokazalinsk,649,650,0.0785634,-0.450111,0.113926
Charleroi,Namur,651,652,1.28168,-0.517446,1.94488
St. Vith,Wittlich,653,654,1.29261,-0.520455,1.96536
Wittlich,Bingen,654,655,0.821978,-0.521892,1.25096
Bingen,Wiesbaden,655,656,1.20931,-0.522936,1.84171
Amiens,Charleville-Mézières,657,658,1.45811,-0.516408,2.2111
Trier,Koblenz,659,660,1.76212,-0.521695,2.68141
Caen,Rouen,661,662,0.990692,-0.514894,1.50079
Regensburg,Passau,667,668,1.24896,-0.517227,1.89496
Passau,Wels,668,669,1.22267,-0.514515,1.85175
Wels,Braunau am Inn,669,721,1.40146,-0.513233,2.12074
Iaşi,Sculeni,670,671,1.25964,-0.512422,1.90511
Iaşi,Bălţi,670,727,1.07061,-0.511978,1.61874
Sculeni,Chişinău,671,672,1.52292,-0.516304,2.30922
Chişinău,Giurgiuleşti,672,729,1.21893,-0.517274,1.84945
Melitopol,Taganrog,674,675,0.288706,-0.515626,0.43757
Poitiers,Mâcon,676,677,1.64921,-0.511477,2.49274
Sion,Simplon,678,679,0.244696,-0.501613,0.367439
Simplon,Gravellona Toce,679,680,0.15614,-0.493787,0.23324
Innichen,Spittal an der Drau,681,682,0.554937,-0.505632,0.835531
Klagenfurt,Loiblpass,683,734,0.829906,-0.502605,1.24702
Cuneo,Asti,685,686,0.13462,-0.492217,0.200882
Kokand,Andijan,689,690,0.0226948,-0.401422,0.031805
Andijan,Osh,690,691,0.0296664,-0.400531,0.0415488
Kulob,Kalaikhumb,692,693,0.00425679,-0.396761,0.00594571
Kalaikhumb,Khorugh,693,694,0.00373122,-0.395901,0.00520841
Kokpek,Chundzha,695,696,0.0119748,-0.403091,0.0168018
Chundzha,Koktal,696,697,0.00905357,-0.402692,0.0126994
Stralsund,Neubrandenburg,699,700,0.669857,-0.520664,1.01863
Ukmergė,Daugavpils,701,702,2.06576,-0.529343,3.15925
Ukmergė,Panevėžys,701,705,1.90704,-0.530524,2.91877
Breda,Gorinchem,706,707,0.844845,-0.520351,1.28446
Hasselt,Heerlen,708,709,1.26127,-0.521423,1.91893
Barwinek,Vyšný Komárnik,710,711,0.364044,-0.517614,0.552479
Vyšný Komárnik,Svidník,711,712,0.418425,-0.511389,0.632403
Lublin,Kovel,713,714,1.6404,-0.522306,2.49718
Olomouc,Český Těšín,716,717,0.833885,-0.514963,1.2633
Garmisch-Partenkirchen,Mittenwald,718,719,0.90039,-0.515299,1.36436
Mittenwald,Seefeld,719,720,0.5682,-0.514485,0.860531
Nyíregyháza,Chop,722,723,0.840014,-0.499663,1.25974
Dunajská Streda,Medveďov,724,725,0.576417,-0.505341,0.867703
Medveďov,Vámosszabadi,725,726,0.491624,-0.503454,0.739134
Bălţi,Mohyliv-Podilskyi,727,728,0.887178,-0.517337,1.34615
Saintes,Angoulême,730,731,0.229768,-0.506324,0.346106
St. Johann in Tirol,Lofer,732,733,0.889455,-0.513043,1.34578
Sarajevo,Užice,737,738,0.106144,-0.4687,0.155894
Užice,Čačak,738,739,0.162425,-0.470653,0.23887
Čačak,Nova Varoš,739,740,0.162167,-0.470593,0.238481
Avellino,Benevento,741,742,0.0191932,-0.457934,0.0279825
Balıkesir,Manisa,746,747,0.00392953,-0.427228,0.00560833
Warsaw,Brest-Litovsk,316,0,3.1972,-0.526869,4.8817
Brest-Litovsk,Minsk,0,318,3.1936,-0.527267,4.87748
Lyon,Mâcon,17,677,1.6407,-0.511739,2.48031
Beaune,Mâcon,395,677,2.95633,-0.513723,4.47507
