Glasgow,Preston,1,2,0.00649115,0,0.00649115
Glasgow,Edinburgh,1,13,0.00649115,0,0.00649115
Preston,Birmingham,2,3,0.00649115,0,0.00649115
Birmingham,Cambridge,3,636,0.00649115,0,0.00649115
Le Havre,Paris,4,5,1.91272,-0.520729,2.90872
Le Havre,Amiens,4,657,1.03712,-0.52646,1.58312
Paris,Orléans,5,6,2.21283,-0.505709,3.33187
Paris,Calais,5,16,1.65679,-0.520177,2.51861
Paris,Lyon,5,17,2.71034,-0.509317,4.09076
Paris,Brussels,5,326,2.80009,-0.525045,4.27026
Paris,Le Mans,5,366,1.72183,-0.509443,2.599
Paris,Reims,5,367,1.81178,-0.521288,2.75625
Paris,Chaumont,5,665,2.60102,-0.523654,3.96305
Orléans,Bordeaux,6,7,1.23153,-0.491295,1.83657
Orléans,Tours,6,392,1.33769,-0.493219,1.99746
Orléans,Montargis,6,393,1.5427,-0.504379,2.32081
Orléans,Toulouse,6,466,1.51129,-0.481769,2.23939
Bordeaux,San Sebastián,7,8,0.885928,-0.458763,1.29236
Bordeaux,Clermont-Ferrand,7,446,1.43447,-0.481859,2.12569
Bordeaux,Toulouse,7,466,0.760766,-0.46153,1.11188
Bordeaux,Angoulême,7,731,0.889185,-0.474927,1.31148
San Sebastián,Burgos,8,9,0.675418,-0.410758,0.952852
San Sebastián,Bilbao,8,445,0.530799,-0.411704,0.749331
San Sebastián,Toulouse,8,466,0.699419,-0.441174,1.00798
Burgos,Madrid,9,10,0.516366,-0.39004,0.71777
Burgos,Valladolid,9,465,0.325234,-0.387371,0.45122
Madrid,Seville,10,11,0.408295,-0.363079,0.556539
Madrid,Barcelona,10,21,0.626913,-0.402894,0.879493
Madrid,Valencia,10,24,0.404731,-0.374567,0.556329
Madrid,Lisbon,10,464,0.389917,-0.367552,0.533231
Seville,Algeciras,11,12,0.231988,-0.346662,0.312409
Seville,Huelva,11,486,0.244484,-0.346794,0.32927
Algeciras,Málaga,12,28,0.112302,-0.335868,0.150021
Edinburgh,Newcastle,13,14,0.00649115,0,0.00649115
Newcastle,London,14,15,0.00649115,0,0.00649115
London,Colchester,15,305,0.00649115,0,0.00649115
Calais,Bruges,16,324,1.58566,-0.530358,2.42662
Calais,Rouen,16,662,1.08447,-0.521823,1.65038
Lyon,Orange,17,18,1.37046,-0.49926,2.05468
Lyon,Clermont-Ferrand,17,446,1.65523,-0.487758,2.46258
Lyon,Chambéry,17,447,1.30902,-0.501963,1.9661
Orange,Narbonne,18,19,0.66943,-0.487743,0.99594
Orange,Marseille,18,736,0.588709,-0.497403,0.881535
Narbonne,Girona,19,20,0.462621,-0.457363,0.674207
Girona,Barcelona,20,21,0.678984,-0.430504,0.971289
Barcelona,Tarragona,21,22,0.498887,-0.413521,0.705187
Barcelona,Toulouse,21,466,1.15513,-0.440179,1.66359
Tarragona,Castellón de la Plana,22,23,0.285153,-0.395111,0.39782
Castellón de la Plana,Valencia,23,24,0.296753,-0.375143,0.408077
Valencia,Alicante,24,25,0.243396,-0.364311,0.332067
Alicante,Murcia,25,26,0.115347,-0.352525,0.15601
Murcia,Almería,26,27,0.0686242,-0.336272,0.0917007
Almería,Málaga,27,28,0.0680541,-0.329283,0.0904632
Hook of Holland,Rotterdam,29,30,0.526388,-0.523599,0.802004
Hook of Holland,The Hague,29,307,0.296537,-0.508565,0.447345
Rotterdam,Eindhoven,30,31,1.30747,-0.52686,1.99633
Eindhoven,Maastricht,31,32,1.34425,-0.530716,2.05767
Eindhoven,Antwerp,31,505,2.25149,-0.534375,3.45463
Eindhoven,Venlo,31,643,1.778,-0.522425,2.70688
Eindhoven,Breda,31,706,1.33206,-0.517591,2.02152
Maastricht,Liège,32,33,1.61773,-0.535515,2.48405
Liège,Bastogne,33,34,1.48625,-0.537233,2.28471
Liège,Leuven,33,327,2.48653,-0.533767,3.81375
Liège,Eupen,33,328,1.54893,-0.536257,2.37955
Liège,Antwerp,33,505,2.77209,-0.537254,4.26141
Liège,Namur,33,652,1.67667,-0.535928,2.57524
Liège,St. Vith,33,653,1.35823,-0.537113,2.08775
Liège,Charleville-Mézières,33,658,1.79609,-0.535869,2.75856
Bastogne,Arlon,34,35,0.888247,-0.538054,1.36617
Arlon,Luxembourg,35,36,1.24609,-0.53758,1.91597
Luxembourg,Metz,36,37,2.14218,-0.534137,3.2864
Luxembourg,St. Vith,36,653,1.50024,-0.537211,2.30619
Luxembourg,Charleville-Mézières,36,658,1.18479,-0.535268,1.81898
Luxembourg,Trier,36,659,1.47138,-0.539466,2.26513
Metz,Saint-Avold,37,38,2.57504,-0.534534,3.95149
Metz,Lausanne,37,44,2.16525,-0.531215,3.31547
Metz,Geneva,37,45,2.57038,-0.519941,3.90683
Metz,Brussels,37,326,3.01882,-0.529925,4.61857
Metz,Reims,37,367,2.23364,-0.52843,3.41396
Metz,Saarbrücken,37,368,2.41089,-0.535991,3.70311
Saint-Avold,Strasbourg,38,39,1.90905,-0.537758,2.93566
Strasbourg,Mulhouse,39,40,2.37856,-0.539342,3.66142
Strasbourg,Appenweier,39,664,1.76364,-0.543303,2.72184
Mulhouse,Basel,40,41,2.31934,-0.535184,3.56061
Mulhouse,Belfort,40,398,1.73937,-0.535204,2.67029
Mulhouse,Chaumont,40,665,2.26875,-0.532571,3.47701
Basel,Olten,41,42,1.41067,-0.529681,2.15787
Basel,Offenburg,41,61,1.97053,-0.537438,3.02957
Basel,Zürich,41,399,1.69669,-0.526207,2.58951
Basel,Waldshut,41,666,1.98964,-0.530574,3.0453
Olten,Bern,42,43,1.43478,-0.529993,2.1952
Olten,Lucerne,42,62,0.905272,-0.523294,1.379
Bern,Lausanne,43,44,1.19912,-0.528216,1.83251
Bern,Belfort,43,398,1.45427,-0.531994,2.22793
Bern,Martigny,43,506,0.889209,-0.518991,1.3507
Lausanne,Geneva,44,45,1.07662,-0.51175,1.62758
Lausanne,Martigny,44,506,0.79332,-0.517572,1.20392
Geneva,Mont Blanc,45,46,1.22974,-0.512113,1.85951
Geneva,Chambéry,45,447,1.46157,-0.498708,2.19047
Geneva,Mâcon,45,677,2.08213,-0.514619,3.15363
Mont Blanc,Aosta,46,47,0.7561,-0.503142,1.13653
Aosta,Ivrea,47,48,0.764885,-0.482692,1.13409
Aosta,Martigny,47,506,0.959964,-0.503185,1.443
Ivrea,Vercelli,48,49,0.36074,-0.461439,0.527199
Ivrea,Turin,48,449,0.560579,-0.456803,0.816653
Vercelli,Alessandria,49,50,0.363136,-0.445386,0.524872
Alessandria,Genoa,50,51,0.521845,-0.44117,0.752068
Alessandria,Turin,50,449,0.454775,-0.446723,0.657933
Alessandria,Tortona,50,450,0.360685,-0.437928,0.518639
Alessandria,Asti,50,686,0.458573,-0.440453,0.660553
Genoa,Rome,51,74,1.13632,-0.43663,1.63248
Genoa,Tortona,51,450,0.621557,-0.438289,0.893979
Genoa,Nice,51,467,0.832324,-0.443943,1.20183
Amsterdam,Utrecht,52,53,1.23703,-0.511111,1.86929
Amsterdam,Amersfoort,52,309,0.689563,-0.522781,1.05005
Amsterdam,Brussels,52,326,2.88045,-0.526619,4.39735
Amsterdam,Groningen,52,624,1.25352,-0.51832,1.90324
Utrecht,Arnhem,53,54,0.976486,-0.50166,1.46635
Utrecht,Gouda,53,308,0.805098,-0.496883,1.20514
Utrecht,Amersfoort,53,309,0.742907,-0.499017,1.11363
Utrecht,Gorinchem,53,707,0.94086,-0.500169,1.41145
Arnhem,Emmerich,54,55,0.85645,-0.509526,1.29283
Emmerich,Oberhausen,55,56,1.60918,-0.516585,2.44046
Oberhausen,Cologne,56,57,2.66421,-0.523374,4.05859
Oberhausen,Dortmund,56,508,1.9227,-0.519001,2.92058
Oberhausen,Venlo,56,643,1.85284,-0.514501,2.80614
Cologne,Frankfurt am Main,57,58,2.9271,-0.534459,4.49151
Cologne,Aachen,57,329,2.57682,-0.531708,3.94694
Cologne,Olpe,57,330,1.84962,-0.530286,2.83045
Cologne,Bremen,57,507,2.85924,-0.520874,4.34854
Frankfurt am Main,Heidelberg,58,59,2.52533,-0.54396,3.899
Frankfurt am Main,Gießen,58,332,1.81271,-0.541079,2.79353
Frankfurt am Main,Mannheim,58,369,2.93214,-0.542332,4.52234
Frankfurt am Main,Aschaffenburg,58,509,2.142,-0.541297,3.30146
Frankfurt am Main,Wiesbaden,58,656,2.05395,-0.543062,3.16937
Heidelberg,Karlsruhe,59,60,2.15849,-0.543804,3.33229
Karlsruhe,Offenburg,60,61,1.95067,-0.535869,2.99597
Karlsruhe,Stuttgart,60,510,2.69766,-0.537635,4.14802
Karlsruhe,Appenweier,60,664,1.99738,-0.543456,3.08287
Lucerne,Altdorf,62,63,0.691767,-0.511524,1.04562
Altdorf,Gotthard Pass,63,64,0.519553,-0.493538,0.775972
Altdorf,Zürich,63,399,0.913521,-0.516227,1.3851
Gotthard Pass,Bellinzona,64,65,0.308568,-0.454005,0.44866
Bellinzona,Lugano,65,66,0.207596,-0.414473,0.29364
Bellinzona,San Bernardino,65,516,0.20477,-0.425412,0.291882
Lugano,Chiasso,66,67,0.175855,-0.406068,0.247264
Chiasso,Como,67,68,0.286931,-0.416612,0.40647
Como,Milan,68,69,0.637085,-0.425894,0.908416
Milan,Piacenza,69,70,0.744904,-0.430451,1.06555
Milan,Turin,69,449,0.746478,-0.439994,1.07492
Milan,Tortona,69,450,0.517935,-0.431864,0.741613
Milan,Brescia,69,451,0.647835,-0.434408,0.92926
Milan,Gravellona Toce,69,680,0.65838,-0.430835,0.942034
Piacenza,Parma,70,71,0.565257,-0.433638,0.810374
Parma,Modena,71,72,0.875844,-0.43783,1.25932
Modena,Florence,72,73,1.04488,-0.440565,1.50522
Modena,Verona,72,94,1.14802,-0.441813,1.65523
Modena,Bologna,72,95,0.998432,-0.44224,1.43998
Florence,Rome,73,74,0.976856,-0.436736,1.40348
Rome,Pescara,74,125,1.01837,-0.426348,1.45256
Östersund,Mora,75,76,0.412938,-0.351831,0.558223
Östersund,Trondheim,75,493,0.490104,-0.351867,0.662555
Östersund,Sundsvall,75,610,0.527072,-0.349347,0.711203
Mora,Säffle,76,77,0.300682,-0.351894,0.40649
Säffle,Gothenburg,77,78,0.400042,-0.350145,0.540115
Gothenburg,Halmstad,78,300,0.39206,-0.344887,0.527277
Gothenburg,Örebro,78,301,0.416899,-0.351453,0.563419
Gothenburg,Oslo,78,489,0.350094,-0.349622,0.472494
Hamburg,Hanover,79,80,1.83474,-0.517452,2.78413
Hamburg,Berlin,79,108,2.03802,-0.516552,3.09077
Hamburg,Bremen,79,507,2.26725,-0.518231,3.4422
Hamburg,Lübeck,79,517,1.05885,-0.516763,1.60602
Hanover,Göttingen,80,81,1.22963,-0.524613,1.87472
Hanover,Bad Oeynhausen,80,312,1.41535,-0.524156,2.15722
Hanover,Braunschweig,80,313,1.36002,-0.519291,2.06626
Göttingen,Kassel,81,82,1.08077,-0.530169,1.65377
Kassel,Fulda,82,83,1.41233,-0.536619,2.17021
Kassel,Dortmund,82,508,1.69287,-0.52897,2.58834
Fulda,Würzburg,83,84,2.02055,-0.539093,3.10981
Würzburg,Nuremberg,84,85,3.01708,-0.539621,4.64516
Würzburg,Aschaffenburg,84,509,2.63792,-0.540386,4.06341
Würzburg,Stuttgart,84,510,2.07585,-0.543339,3.20374
Würzburg,Ulm,84,512,1.41244,-0.537286,2.17133
Nuremberg,Munich,85,86,2.75445,-0.529691,4.21346
Nuremberg,Heilbronn,85,370,2.71602,-0.539115,4.18027
Nuremberg,Rozvadov,85,371,2.24453,-0.531048,3.43648
Nuremberg,Bayreuth,85,529,3.00891,-0.52985,4.60317
Nuremberg,Regensburg,85,667,2.10388,-0.534875,3.2292
Munich,Rosenheim,86,87,2.1379,-0.517239,3.24371
Munich,Salzburg,86,115,2.56383,-0.51711,3.88961
Munich,Ulm,86,512,2.01215,-0.528133,3.07483
Munich,Lindau,86,513,2.36424,-0.51637,3.58506
Munich,Deggendorf,86,531,2.22749,-0.525653,3.39838
Munich,Garmisch-Partenkirchen,86,718,2.06409,-0.517775,3.13282
Munich,Braunau am Inn,86,721,1.77422,-0.524809,2.70535
Rosenheim,Wörgl,87,88,1.49592,-0.50899,2.25733
Rosenheim,Bad Reichenhall,87,407,1.16031,-0.514827,1.75766
Wörgl,Innsbruck,88,89,1.53079,-0.495962,2.29
Wörgl,St. Johann in Tirol,88,732,1.10297,-0.504189,1.65907
Innsbruck,Brenner,89,90,0.962196,-0.483304,1.42723
Innsbruck,Telfs,89,405,0.809228,-0.489396,1.20526
Innsbruck,Imst,89,406,0.824984,-0.489817,1.22908
Innsbruck,Seefeld,89,720,0.950279,-0.490119,1.41603
Brenner,Fortezza,90,91,0.631028,-0.475209,0.930899
Fortezza,Bolzano,91,92,0.490795,-0.465009,0.719019
Fortezza,Innichen,91,681,0.543094,-0.481843,0.80478
Bolzano,Trento,92,93,0.491691,-0.451908,0.713891
Trento,Verona,93,94,0.936987,-0.446304,1.35517
Verona,Mestre,94,120,1.31633,-0.449418,1.90792
Verona,Brescia,94,451,1.03595,-0.440612,1.4924
Bologna,Cesena,95,96,0.846367,-0.443475,1.22171
Cesena,Perugia,96,97,0.587952,-0.441389,0.847468
Cesena,Ravenna,96,121,0.84229,-0.446874,1.21869
Cesena,Rimini,96,122,0.613368,-0.441755,0.884326
Perugia,Fiano Romano,97,98,0.249947,-0.433667,0.358341
Fiano Romano,Naples,98,99,0.12873,-0.409645,0.181464
Naples,Salerno,99,100,0.0401002,-0.371235,0.0549868
Naples,Avellino,99,741,0.0650048,-0.368056,0.0889302
Salerno,Sicignano degli Alburni,100,101,0.0362305,-0.286613,0.0466146
Salerno,Avellino,100,741,0.0439176,-0.322863,0.058097
Sicignano degli Alburni,Potenza,101,743,0.0251405,-0.252113,0.0314787
Messina,Catania,102,103,0.00649115,0,0.00649115
Messina,Palermo,102,474,0.00649115,0,0.00649115
Catania,Siracusa,103,104,0.00649115,0,0.00649115
Siracusa,Gela,104,105,0.00649115,0,0.00649115
Gela,Mazara del Vallo,105,473,0.00649115,0,0.00649115
Helsingborg,Copenhagen,299,106,0.0956727,-0.325406,0.126805
Copenhagen,Malmö,106,135,0.0515665,-0.315682,0.0678451
Rostock,Berlin,107,108,1.55048,-0.515901,2.35037
Rostock,Lübeck,107,517,0.771625,-0.516063,1.16983
Rostock,Sassnitz,107,625,0.656394,-0.515696,0.994894
Berlin,Lübbenau,108,109,2.32857,-0.515662,3.52933
Berlin,Szczecin,108,137,1.84144,-0.515706,2.79107
Berlin,Świebodzin,108,139,2.19145,-0.516249,3.32279
Berlin,Magdeburg,108,314,2.30359,-0.516592,3.4936
Berlin,Leipzig,108,526,2.05385,-0.515543,3.1127
Berlin,Neubrandenburg,108,700,1.4305,-0.515865,2.16844
Lübbenau,Dresden,109,110,1.71692,-0.515867,2.60262
Lübbenau,Cottbus,109,644,1.2794,-0.515763,1.93927
Dresden,Ústí nad Labem,110,111,1.73437,-0.517753,2.63235
Dresden,Chemnitz,110,337,1.95474,-0.516018,2.96341
Dresden,Görlitz,110,338,1.25902,-0.516327,1.90909
Ústí nad Labem,Prague,111,112,1.93217,-0.519333,2.93561
Prague,Tábor,112,113,1.87187,-0.521521,2.84809
Prague,Mladá Boleslav,112,146,1.08797,-0.517346,1.65082
Prague,Jihlava,112,147,1.90037,-0.521196,2.89084
Prague,Plzeň,112,372,2.06581,-0.524056,3.14841
Prague,Karlovy Vary,112,523,1.29956,-0.516584,1.97089
Prague,Hradec Králové,112,551,1.42295,-0.515974,2.15716
Tábor,Linz,113,114,1.65236,-0.523325,2.51708
Linz,Salzburg,114,115,1.79825,-0.520451,2.73416
Linz,Sattledt,114,408,0.711938,-0.523573,1.08469
Linz,Sankt Pölten,114,409,1.67643,-0.523276,2.55367
Linz,Wels,114,669,1.24058,-0.52603,1.89316
Salzburg,Villach,115,116,2.86965,-0.512359,4.33994
Salzburg,Bad Reichenhall,115,407,1.4262,-0.514648,2.1602
Salzburg,Sattledt,115,408,1.46351,-0.519366,2.22361
Salzburg,Lofer,115,733,1.71366,-0.513334,2.59334
Villach,Tarvisio,116,117,1.55818,-0.507372,2.34876
Villach,Karavanke Tunnel,116,537,1.33002,-0.507158,2.00456
Villach,Spittal an der Drau,116,682,1.49951,-0.508207,2.26158
Villach,Klagenfurt,116,683,1.59914,-0.508968,2.41305
Tarvisio,Udine,117,118,0.843276,-0.495973,1.26152
Udine,Palmanova,118,119,0.964857,-0.476092,1.42422
Palmanova,Mestre,119,120,1.32247,-0.461635,1.93296
Palmanova,Trieste,119,452,1.20284,-0.469539,1.76763
Mestre,Ravenna,120,121,0.992387,-0.450822,1.43978
Rimini,Fano,122,123,0.323664,-0.434204,0.4642
Fano,Ancona,123,124,0.315032,-0.421657,0.447867
Ancona,Pescara,124,125,0.572071,-0.416492,0.810334
Pescara,Canosa di Puglia,125,126,0.654044,-0.403377,0.917871
Canosa di Puglia,Bari,126,127,0.255071,-0.360474,0.347017
Canosa di Puglia,Benevento,126,742,0.254053,-0.36886,0.347763
Bari,Brindisi,127,128,0.0756897,-0.341814,0.101562
Bari,Taranto,127,476,0.0740387,-0.334042,0.0987708
Brindisi,Taranto,128,476,0.0235379,-0.286651,0.0302851
Igoumenitsa,Preveza,129,130,0.0830344,-0.290412,0.107149
Igoumenitsa,Ioannina,129,477,0.14477,-0.34269,0.194381
Preveza,Rhion,130,131,0.0695273,-0.222671,0.085009
Rhion,Patras,131,132,0.0478558,-0.174085,0.0561868
Rhion,Aigio,131,175,0.0478558,-0.174085,0.0561868
Patras,Pyrgos,132,133,0.0298045,-0.157372,0.034495
Pyrgos,Kalamata,133,134,0.0211341,-0.143495,0.0241667
Kalamata,Tripoli,134,177,0.0185288,-0.140603,0.0211341
Malmö,Helsingborg,135,299,0.133231,-0.323225,0.176294
Malmö,Kalmar,135,626,0.129916,-0.318985,0.171357
Goleniów,Szczecin,136,137,0.78767,-0.514619,1.19302
Goleniów,Koszalin,136,637,0.339139,-0.512679,0.513008
Szczecin,Gorzów Wielkopolski,137,138,0.83508,-0.515752,1.26577
Gorzów Wielkopolski,Świebodzin,138,139,0.993209,-0.516326,1.50603
Świebodzin,Zielona Góra,139,140,1.31748,-0.514956,1.99593
Świebodzin,Poznań,139,315,2.03011,-0.517166,3.08002
Zielona Góra,Legnica,140,141,1.31962,-0.515795,2.00027
Legnica,Jelenia Góra,141,142,1.20723,-0.51315,1.82672
Legnica,Görlitz,141,338,1.33318,-0.514813,2.01952
Legnica,Wrocław,141,339,2.01932,-0.511497,3.05219
Legnica,Cottbus,141,644,1.33466,-0.514768,2.02171
Jelenia Góra,Harrachov,142,143,0.526389,-0.510062,0.794879
Harrachov,Železný Brod,143,144,0.38253,-0.503986,0.57532
Železný Brod,Turnov,144,145,0.624252,-0.504086,0.938928
Turnov,Mladá Boleslav,145,146,0.649556,-0.511086,0.981535
Turnov,Hradec Králové,145,551,0.925874,-0.50865,1.39682
Turnov,Teplice,145,715,0.790969,-0.508584,1.19324
Jihlava,Brno,147,148,0.985743,-0.517029,1.4954
Jihlava,Vienna,147,410,1.57279,-0.521828,2.39352
Brno,Bratislava,148,149,1.39639,-0.518102,2.11986
Brno,Trenčín,148,373,1.35855,-0.518169,2.06251
Brno,Vienna,148,410,1.61668,-0.518862,2.45551
Brno,Olomouc,148,716,1.3726,-0.517068,2.08233
Bratislava,Rajka,149,150,1.52877,-0.516396,2.31823
Bratislava,Žilina,149,195,1.58427,-0.516119,2.40194
Bratislava,Győr,149,196,1.60199,-0.518227,2.43218
Bratislava,Vienna,149,410,2.27285,-0.513701,3.44041
Bratislava,Zvolen,149,568,2.10517,-0.517205,3.19398
Bratislava,Dunajská Streda,149,724,1.3096,-0.517008,1.98668
Rajka,Csorna,150,151,0.610113,-0.514931,0.924279
Csorna,Szombathely,151,152,0.319784,-0.508152,0.482283
Szombathely,Zalaegerszeg,152,153,0.354453,-0.500123,0.531723
Zalaegerszeg,Nagykanizsa,153,154,0.743662,-0.497414,1.11357
Nagykanizsa,Letenye,154,155,0.468784,-0.49739,0.701952
Nagykanizsa,Zagreb,154,156,1.13982,-0.485167,1.69282
Nagykanizsa,Balatonvilágos,154,553,1.39311,-0.507692,2.10038
Letenye,Zagreb,155,156,0.671035,-0.476628,0.990869
Zagreb,Karlovac,156,157,1.00864,-0.472931,1.48565
Zagreb,Ljubljana,156,454,0.945868,-0.476116,1.39621
Zagreb,Slavonski Brod,156,455,1.32147,-0.464024,1.93466
Zagreb,Maribor,156,535,1.06063,-0.482408,1.57229
Karlovac,Rijeka,157,158,0.469116,-0.466415,0.687918
Karlovac,Knin,157,554,0.378591,-0.464014,0.554262
Rijeka,Split,158,159,0.340077,-0.455937,0.495131
Rijeka,Trieste,158,452,0.805566,-0.468967,1.18335
Split,Dubrovnik,159,160,0.301237,-0.427437,0.429997
Split,Knin,159,554,0.249552,-0.448493,0.361475
Dubrovnik,Petrovac,160,161,0.113334,-0.415751,0.160453
Dubrovnik,Podgorica,160,162,0.28579,-0.408775,0.402614
Petrovac,Podgorica,161,162,0.206546,-0.404981,0.290194
Petrovac,Prizren,161,744,0.180123,-0.413247,0.254558
Podgorica,Bijelo Polje,162,163,0.311109,-0.407935,0.438022
Podgorica,Pristina,162,164,0.412961,-0.418424,0.585753
Podgorica,Sarajevo,162,737,0.54615,-0.402373,0.765906
Bijelo Polje,Pristina,163,164,0.412463,-0.421261,0.586217
Bijelo Polje,Nova Varoš,163,740,0.440865,-0.419258,0.625701
Pristina,Skopje,164,165,0.568226,-0.420931,0.807409
Pristina,Niš,164,202,1.00023,-0.435825,1.43615
Pristina,Prizren,164,744,0.340585,-0.421189,0.484036
Skopje,Kičevo,165,166,0.410898,-0.414088,0.581046
Skopje,Kumanovo,165,203,0.537084,-0.428886,0.767432
Skopje,Veles,165,204,0.445671,-0.41459,0.630442
Kičevo,Ohrid,166,167,0.181153,-0.403389,0.254228
Ohrid,Bitola,167,168,0.097557,-0.386035,0.135217
Bitola,Niki,168,169,0.0892822,-0.372319,0.122524
Niki,Vevi,169,170,0.14749,-0.375984,0.202944
Vevi,Kozani,170,171,0.316607,-0.38338,0.437987
Kozani,Larissa,171,172,0.213517,-0.38538,0.295802
Kozani,Thessaloniki,171,207,0.660245,-0.396649,0.922131
Kozani,Ioannina,171,477,0.266599,-0.37944,0.367757
Larissa,Domokos,172,173,0.0962249,-0.383254,0.133103
Larissa,Lamia,172,174,0.0962249,-0.383254,0.133103
Larissa,Katerini,172,208,0.262584,-0.393515,0.365915
Larissa,Trikala,172,687,0.141238,-0.375927,0.194333
Domokos,Lamia,173,174,6.63159e-05,-0.451964,3.3158e-05
Aigio,Corinth,175,176,0.0298045,-0.157372,0.034495
Corinth,Tripoli,176,177,0.0211341,-0.143495,0.0241667
Varangerbotn,Utsjoki,178,179,0.106818,-0.357928,0.145051
Varangerbotn,Kirkenes,178,243,0.175931,-0.462207,0.257248
Varangerbotn,Karasjok,178,502,0.0989294,-0.361741,0.134716
Utsjoki,Inari,179,180,0.0712558,-0.305358,0.0930143
Inari,Ivalo,180,181,0.0792106,-0.284797,0.10177
Ivalo,Sodankylä,181,182,0.132283,-0.288194,0.170407
Sodankylä,Rovaniemi,182,183,0.198458,-0.297314,0.257463
Sodankylä,Kemijärvi,182,539,0.127804,-0.288377,0.16466
Rovaniemi,Kemi,183,184,0.275381,-0.303095,0.358847
Kemi,Oulu,184,185,0.366661,-0.300577,0.47687
Kemi,Tornio,184,614,0.274503,-0.309053,0.359339
Oulu,Jyväskylä,185,186,0.317361,-0.305571,0.414337
Oulu,Kokkola,185,615,0.237216,-0.307027,0.310047
Jyväskylä,Heinola,186,187,0.263742,-0.323468,0.349055
Jyväskylä,Kuopio,186,544,0.257484,-0.31117,0.337605
Jyväskylä,Tampere,186,545,0.266329,-0.321955,0.352075
Heinola,Lahti,187,188,0.176073,-0.331021,0.234357
Lahti,Helsinki,188,189,0.204971,-0.359387,0.278635
Helsinki,Hämeenlinna,189,618,0.219962,-0.356066,0.298284
Helsinki,Kotka,189,621,0.249347,-0.435609,0.357965
Gdańsk,Świecie,190,191,1.49913,-0.519775,2.27834
Gdańsk,Kaliningrad,190,563,1.11386,-0.51652,1.68919
Gdańsk,Elbląg,190,564,1.25298,-0.520256,1.90485
Gdańsk,Gdynia,190,639,0.913516,-0.51631,1.38517
Świecie,Łódź,191,192,1.08246,-0.517439,1.64256
Świecie,Poznań,191,315,1.42312,-0.519074,2.16182
Łódź,Piotrków Trybunalski,192,193,1.22821,-0.517985,1.86441
Piotrków Trybunalski,Katowice,193,194,1.48317,-0.515308,2.24746
Piotrków Trybunalski,Warsaw,193,316,2.00877,-0.522878,3.05911
Piotrków Trybunalski,Wrocław,193,339,1.51747,-0.514255,2.29783
Katowice,Žilina,194,195,1.28741,-0.512114,1.94672
Katowice,Zabrze,194,342,1.12572,-0.50953,1.6993
Katowice,Kraków,194,343,1.7094,-0.510834,2.58263
Katowice,Český Těšín,194,717,0.892058,-0.510928,1.34784
Žilina,Olomouc,195,716,0.785184,-0.513729,1.18856
Győr,Budapest,196,197,2.30047,-0.517221,3.49032
Győr,Vámosszabadi,196,726,1.00771,-0.518537,1.53025
Budapest,Szeged,197,198,2.74285,-0.513396,4.15102
Budapest,Mosonmagyaróvár,197,412,2.45862,-0.520035,3.73718
Budapest,Szolnok,197,413,2.57607,-0.517431,3.90901
Budapest,Miskolc,197,552,2.45624,-0.520128,3.7338
Budapest,Balatonvilágos,197,553,2.32808,-0.515219,3.52755
Budapest,Szekszárd,197,555,2.05159,-0.515253,3.10868
Budapest,Zvolen,197,568,2.25836,-0.517473,3.427
Szeged,Subotica,198,199,1.6911,-0.502803,2.54138
Szeged,Arad,198,684,2.3493,-0.495997,3.51454
Subotica,Novi Sad,199,200,1.20427,-0.482404,1.78521
Subotica,Sombor,199,735,0.949435,-0.494614,1.41904
Novi Sad,Belgrade,200,201,1.40864,-0.459013,2.05523
Belgrade,Niš,201,202,1.3972,-0.451974,2.0287
Belgrade,Slavonski Brod,201,455,1.37968,-0.44962,2.00002
Belgrade,Vršac,201,456,1.27229,-0.461172,1.85903
Belgrade,Čačak,201,739,1.25296,-0.442862,1.80784
Niš,Kumanovo,202,203,0.671661,-0.446721,0.971707
Niš,Drobeta-Turnu Severin,202,458,1.44856,-0.460317,2.11536
Niš,Sofia,202,468,1.24352,-0.442057,1.79322
Kumanovo,Kyustendil,203,745,0.473242,-0.438153,0.680594
Veles,Gevgelija,204,205,0.279944,-0.407535,0.394031
Gevgelija,Evzoni,205,206,0.342391,-0.403019,0.480381
Evzoni,Thessaloniki,206,207,0.680818,-0.401801,0.954371
Thessaloniki,Katerini,207,208,0.469566,-0.400371,0.657567
Thessaloniki,Alexandroupoli,207,233,1.00564,-0.400501,1.4084
Thessaloniki,Serres,207,577,0.759202,-0.407319,1.06844
Klaipėda,Kaunas,209,210,1.38816,-0.535916,2.1321
Klaipėda,Palanga,209,704,0.809701,-0.534444,1.24244
Kaunas,Vilnius,210,211,1.52841,-0.538037,2.35075
Kaunas,Warsaw,210,316,3.1333,-0.53275,4.80256
Kaunas,Riga,210,547,1.95283,-0.546911,3.02085
Kaunas,Ukmergė,210,701,1.28282,-0.538027,1.97302
Vilnius,Lida,211,212,1.37664,-0.544457,2.12616
Vilnius,Minsk,211,318,2.78129,-0.551643,4.31557
Vilnius,Marijampolė,211,641,1.45291,-0.542675,2.24136
Vilnius,Ukmergė,211,701,1.43807,-0.544858,2.22161
Lida,Slonim,212,213,0.54607,-0.540658,0.841307
Slonim,Kobryn,213,214,0.305973,-0.527235,0.467292
Kobryn,Dubno,214,215,0.388515,-0.516607,0.589224
Dubno,Ternopil,215,216,0.872476,-0.516638,1.32323
Ternopil,Chernivtsi,216,217,1.01641,-0.51708,1.54197
Ternopil,Stryj,216,379,1.44076,-0.519966,2.1899
Ternopil,Khmelnytskyi,216,380,1.18625,-0.520814,1.80407
Chernivtsi,Siret,217,218,0.826,-0.516242,1.25242
Siret,Suceava,218,219,1.48842,-0.515807,2.25616
Suceava,Roman,219,220,1.57121,-0.507297,2.36827
Suceava,Halmeu,219,578,2.35664,-0.518278,3.57804
Suceava,Iaşi,219,670,1.95638,-0.515798,2.96548
Roman,Urziceni,220,221,1.05022,-0.479224,1.55352
Urziceni,Bucharest,221,222,0.995098,-0.444966,1.43788
Urziceni,Slobozia,221,421,0.783531,-0.444992,1.1322
Bucharest,Giurgiu,222,223,0.713892,-0.411832,1.0079
Bucharest,Ploieşti,222,420,0.548748,-0.429797,0.784598
Bucharest,Constanţa,222,423,0.878471,-0.418219,1.24586
Bucharest,Alexandria,222,460,0.616318,-0.440194,0.887618
Bucharest,Piteşti,222,583,0.668739,-0.437751,0.96148
Giurgiu,Ruse,223,224,0.443445,-0.394788,0.618512
Ruse,Byala,224,225,0.293292,-0.375227,0.403343
Ruse,Razgrad,224,461,0.269685,-0.375322,0.370904
Byala,Veliko Tarnovo,225,226,0.255465,-0.367713,0.349403
Byala,Pleven,225,584,0.232987,-0.378303,0.321126
Veliko Tarnovo,Stara Zagora,226,227,0.289359,-0.366764,0.395485
Veliko Tarnovo,Shumen,226,462,0.277416,-0.36464,0.378573
Stara Zagora,Haskovo,227,228,0.196865,-0.355621,0.266874
Stara Zagora,Burgas,227,590,0.259573,-0.36185,0.353499
Haskovo,Svilengrad,228,229,0.102172,-0.354261,0.138368
Svilengrad,Ormenio,229,230,0.0798706,-0.367455,0.109219
Ormenio,Kastanies,230,231,0.116267,-0.389062,0.161502
Kastanies,Didymoteicho,231,232,0.243133,-0.397313,0.339733
Didymoteicho,Alexandroupoli,232,233,0.563199,-0.399232,0.788046
Alexandroupoli,Gelibolu,233,478,0.712202,-0.397615,0.995383
Saint Petersburg,Pskov,234,235,2.6915,-0.564068,4.20968
Saint Petersburg,Moscow,234,239,5.14305,-0.566903,8.05866
Saint Petersburg,Petrozavodsk,234,245,2.07566,-0.5209,3.15687
Saint Petersburg,Narva,234,304,2.09136,-0.558256,3.25887
Saint Petersburg,Vyborg,234,623,2.0766,-0.520801,3.1581
Pskov,Gomel,235,236,3.45887,-0.574237,5.44509
Pskov,Riga,235,547,2.49477,-0.565848,3.90643
Gomel,Kiev,236,237,4.86888,-0.576816,7.67733
Gomel,Babruysk,236,703,2.85466,-0.575122,4.49644
Kiev,Odessa,237,238,4.13915,-0.55063,6.41828
Kiev,Hlukhiv,237,242,4.32981,-0.573491,6.81291
Kiev,Kharkiv,237,247,4.48212,-0.568163,7.02869
Kiev,Rivne,237,348,3.20696,-0.570117,5.0353
Kiev,Zhytomyr,237,349,2.67225,-0.558892,4.16575
Odessa,Izmail,238,586,1.60888,-0.520894,2.44694
Odessa,Chişinău,238,672,1.97338,-0.511565,2.98289
Odessa,Mykolaiv,238,673,1.83594,-0.517936,2.78684
Moscow,Kaluga,239,240,3.39921,-0.5818,5.37687
Moscow,Orel,239,246,3.79862,-0.577203,5.9912
Moscow,Voronezh,239,248,4.75915,-0.555868,7.40461
Moscow,Tambov,239,256,3.52847,-0.576067,5.56111
Moscow,Smolensk,239,319,3.90739,-0.566279,6.12007
Moscow,Ryazan,239,320,3.4873,-0.562044,5.44731
Moscow,Velikiye Luki,239,628,3.41632,-0.572828,5.37329
Moscow,Vladimir,239,629,3.42727,-0.566634,5.36929
Kaluga,Bryansk,240,241,1.76268,-0.588527,2.80006
Bryansk,Hlukhiv,241,242,2.20092,-0.585028,3.48852
Hlukhiv,Kursk,242,645,2.39128,-0.583809,3.78733
Kirkenes,Murmansk,243,244,0.318687,-0.506694,0.480164
Murmansk,Petrozavodsk,244,245,0.784397,-0.526233,1.19717
Orel,Kharkiv,246,247,2.84696,-0.581228,4.50169
Kharkiv,Luhansk,247,350,2.30334,-0.580822,3.64117
Voronezh,Novorossiysk,248,249,2.83323,-0.569836,4.4477
Voronezh,Kursk,248,645,2.42375,-0.582354,3.83524
Voronezh,Saratov,248,646,2.75363,-0.560132,4.29602
Novorossiysk,Dzhankoy,249,601,1.23943,-0.564794,1.93946
Novorossiysk,Sochi,249,602,1.10975,-0.570697,1.74307
Mineralnye Vody,Nalchik,250,251,0.363116,-0.400634,0.508592
Mineralnye Vody,Makhachkala,250,260,0.687387,-0.429339,0.982508
Mineralnye Vody,Armavir,250,387,0.414671,-0.404551,0.582426
Nalchik,Vladikavkaz,251,252,0.161441,-0.37902,0.222631
Vladikavkaz,Stepantsminda,252,253,0.082146,-0.337661,0.109884
Stepantsminda,Mtskheta,253,254,0.0583257,-0.272238,0.0742042
Mtskheta,Tbilisi,254,255,0.0662624,-0.218858,0.0807644
Tbilisi,Gori,255,428,0.0586446,-0.19454,0.0700533
Tbilisi,Rustavi,255,429,0.063029,-0.214285,0.0765351
Tambov,Povorino,256,257,1.56879,-0.577019,2.47402
Povorino,Volgograd,257,258,1.41956,-0.56184,2.21712
Volgograd,Astrakhan,258,259,1.95988,-0.530717,3.00002
Volgograd,Luhansk,258,350,1.62851,-0.565583,2.54957
Astrakhan,Makhachkala,259,260,1.61885,-0.496681,2.42291
Astrakhan,Atyrau,259,265,2.37327,-0.508724,3.58061
Makhachkala,Kuba,260,261,0.629333,-0.446491,0.910324
Kuba,Baku,261,262,0.259733,-0.430728,0.371607
Baku,Yevlakh,262,431,0.113882,-0.405508,0.160062
Samara,Oral,263,264,2.62679,-0.504415,3.95178
Samara,Penza,263,321,1.67104,-0.537061,2.56849
Samara,Ufa,263,322,1.762,-0.510389,2.6613
Oral,Atyrau,264,265,2.93231,-0.522191,4.46354
Oral,Saratov,264,646,2.48788,-0.546777,3.8482
Oral,Aktobe,264,647,1.83857,-0.537341,2.8265
Atyrau,Beineu,265,266,1.33151,-0.480533,1.97134
Atyrau,Beyneu,265,351,1.33151,-0.480533,1.97134
Beineu,Shetpe,266,267,0.52061,-0.477284,0.769089
Shetpe,Zhetybai,267,268,0.206668,-0.472797,0.304379
Zhetybai,Fetisovo,268,269,0.0881487,-0.455628,0.128312
Fetisovo,Bekdash,269,270,0.0499559,-0.397927,0.0698347
Bekdash,Türkmenbaşy,270,271,0.0515206,-0.324323,0.06823
Türkmenbaşy,Gyzylarbat,271,272,0.086504,-0.297757,0.112261
Gyzylarbat,Ashgabat,272,432,0.173002,-0.29838,0.224622
Chelyabinsk,Kostanay,273,274,0.487973,-0.442088,0.703701
Chelyabinsk,Ufa,273,322,0.941547,-0.461814,1.37637
Chelyabinsk,Kurgan,273,323,0.574897,-0.435132,0.825052
Kostanay,Esil,274,275,0.233781,-0.433539,0.335135
Esil,Derzhavinsk,275,276,0.182296,-0.426029,0.25996
Derzhavinsk,Arkalyk,276,277,0.286138,-0.424187,0.407515
Arkalyk,Jezkazgan,277,278,0.632733,-0.422499,0.900063
Jezkazgan,Kyzylorda,278,279,0.992806,-0.423918,1.41367
Jezkazgan,Karaganda,278,286,0.961808,-0.417621,1.36348
Kyzylorda,Shymkent,279,280,0.993816,-0.420057,1.41128
Kyzylorda,Novokazalinsk,279,650,0.659858,-0.431548,0.944619
Shymkent,Tashkent,280,281,0.867955,-0.410275,1.22406
Shymkent,Zhambyl,280,359,0.719392,-0.40751,1.01255
Tashkent,Ayni,281,282,0.367157,-0.390871,0.510668
Tashkent,Jizzakh,281,358,0.444643,-0.398918,0.622019
Tashkent,Kokand,281,689,0.353555,-0.402455,0.495845
Ayni,Dushanbe,282,283,0.367376,-0.351048,0.496343
Ayni,Kokand,282,689,0.168301,-0.367161,0.230095
Dushanbe,Termez,283,440,0.242463,-0.327509,0.321872
Dushanbe,Jirgatal,283,441,0.239588,-0.331117,0.31892
Dushanbe,Kulob,283,692,0.177084,-0.329409,0.235417
Ishim,Astana,284,285,0.4105,-0.406371,0.577316
Ishim,Omsk,284,291,0.4105,-0.406371,0.577316
Ishim,Kurgan,284,323,0.505459,-0.414954,0.715201
Ishim,Tyumen,284,635,0.384552,-0.406185,0.540752
Astana,Karaganda,285,286,0.485891,-0.409494,0.68486
Karaganda,Balkhash,286,287,0.61045,-0.408842,0.860027
Karaganda,Pavlodar,286,292,0.587178,-0.408365,0.826961
Balkhash,Burubaytal,287,288,0.397391,-0.400562,0.556571
Burubaytal,Almaty,288,289,0.502693,-0.392228,0.699863
Almaty,Bishkek,289,290,0.793375,-0.393444,1.10552
Almaty,Sary-Ozek,289,360,0.390628,-0.385006,0.541022
Almaty,Kokpek,289,695,0.317973,-0.387163,0.44108
Bishkek,Zhambyl,290,359,0.683777,-0.40047,0.957609
Bishkek,Osh,290,691,0.732606,-0.394673,1.02174
Omsk,Pavlodar,291,292,0.346182,-0.40397,0.486029
Pavlodar,Semey,292,293,0.305804,-0.400991,0.428428
Semey,Georgiyevka,293,294,0.132682,-0.392165,0.184715
Georgiyevka,Ayagoz,294,364,0.0636265,-0.371051,0.0872351
Narvik,Kiruna,295,296,0.0485988,-0.305951,0.0634677
Narvik,Setermoen,295,498,0.0261052,-0.275904,0.0333078
Kiruna,Töre,296,297,0.10083,-0.324395,0.133539
Töre,Luleå,297,298,0.218479,-0.331449,0.290894
Luleå,Umeå,298,612,0.360772,-0.337954,0.482697
Luleå,Haparanda,298,613,0.251424,-0.330669,0.334562
Helsingborg,Halmstad,299,300,0.275006,-0.335133,0.367169
Helsingborg,Jönköping,299,605,0.180648,-0.322158,0.238845
Örebro,Stockholm,301,302,0.492946,-0.353972,0.667435
Örebro,Karlstad,301,620,0.292723,-0.353055,0.396071
Stockholm,Södertälje,302,608,0.36882,-0.350769,0.498191
Stockholm,Uppsala,302,609,0.430916,-0.354524,0.583686
Tallinn,Narva,303,304,1.20011,-0.562281,1.87491
Tallinn,Riga,303,547,1.65845,-0.558681,2.585
Colchester,Ipswich,305,306,0.00649115,0,0.00649115
Ipswich,Cambridge,306,636,0.00649115,0,0.00649115
The Hague,Gouda,307,308,0.368302,-0.49556,0.550817
Amersfoort,Oldenzaal,309,310,0.588788,-0.509477,0.888762
Amersfoort,Hoogeveen,309,698,0.548887,-0.510418,0.829048
Oldenzaal,Osnabrück,310,311,0.492451,-0.516747,0.746924
Osnabrück,Bad Oeynhausen,311,312,0.90506,-0.523663,1.37901
Bad Oeynhausen,Dortmund,312,508,1.53046,-0.526612,2.33642
Braunschweig,Magdeburg,313,314,1.27845,-0.517214,1.93969
Magdeburg,Halle,314,518,1.37088,-0.516084,2.07836
Poznań,Warsaw,315,316,2.34325,-0.522624,3.56789
Poznań,Wrocław,315,339,1.46011,-0.516585,2.21439
Warsaw,Elbląg,316,564,1.82567,-0.525547,2.78514
Warsaw,Radom,316,565,2.16956,-0.525639,3.30997
Warsaw,Lublin,316,713,2.50186,-0.53079,3.82982
Brest,Rennes,317,365,0.353328,-0.4903,0.526565
Brest,Lorient,317,388,0.200168,-0.479965,0.296242
Minsk,Smolensk,318,319,2.80999,-0.5655,4.39904
Minsk,Babruysk,318,703,2.51235,-0.569477,3.94308
Ryazan,Penza,320,321,1.65411,-0.55925,2.57917
Ufa,Yelabuga,322,632,0.982532,-0.464227,1.43865
Bruges,Ghent,324,325,1.40835,-0.531506,2.15689
Bruges,Zeebrugge,324,642,1.54461,-0.53852,2.37641
Ghent,Brussels,325,326,1.9048,-0.530166,2.91466
Brussels,Leuven,326,327,2.36666,-0.532368,3.62659
Leuven,Hasselt,327,708,1.50777,-0.534208,2.31323
Eupen,Aachen,328,329,1.79174,-0.533801,2.74818
Eupen,St. Vith,328,653,0.912873,-0.5357,1.4019
Aachen,Heerlen,329,709,1.41417,-0.533098,2.16806
Olpe,Wetzlar,330,331,1.72487,-0.531882,2.64229
Wetzlar,Gießen,331,332,1.67828,-0.53771,2.5807
Wetzlar,Dortmund,331,508,2.41375,-0.532214,3.69838
Wetzlar,Aschaffenburg,331,509,1.80829,-0.538557,2.78216
Wetzlar,Koblenz,331,660,1.75759,-0.538781,2.70455
Gießen,Bad Hersfeld,332,333,1.02713,-0.540275,1.58206
Bad Hersfeld,Eisenach,333,334,0.494417,-0.534794,0.758828
Eisenach,Erfurt,334,335,0.490531,-0.521477,0.746331
Erfurt,Gera,335,336,0.998245,-0.515606,1.51295
Gera,Chemnitz,336,337,1.49836,-0.515269,2.27042
Gera,Leipzig,336,526,1.51457,-0.515023,2.29461
Gera,Hirschberg,336,527,1.05955,-0.514867,1.60507
Chemnitz,Plauen,337,519,1.41573,-0.51493,2.14472
Wrocław,Opole,339,340,1.25379,-0.511058,1.89454
Wrocław,Kłodzko,339,548,1.27425,-0.511462,1.92598
Opole,Gliwice,340,341,0.605932,-0.508537,0.914071
Gliwice,Zabrze,341,342,0.574356,-0.507469,0.865824
Kraków,Rzeszów,343,344,0.800446,-0.509418,1.20821
Kraków,Radom,343,565,0.925006,-0.51814,1.40429
Kraków,Trstená,343,566,1.01368,-0.512282,1.53296
Rzeszów,Jarosław,344,345,0.722101,-0.517558,1.09583
Rzeszów,Radom,344,565,0.778024,-0.519301,1.18205
Rzeszów,Barwinek,344,710,0.587206,-0.508211,0.88563
Jarosław,Korczowa,345,346,0.747771,-0.531079,1.1449
Korczowa,Lviv,346,347,1.56769,-0.536004,2.40798
Lviv,Rivne,347,348,1.95077,-0.549373,3.02246
Lviv,Mukachevo,347,378,3.03403,-0.526188,4.63051
Lviv,Lublin,347,713,1.58389,-0.5316,2.42588
Rivne,Zhytomyr,348,349,1.15964,-0.554086,1.80217
Rivne,Kovel,348,714,1.14378,-0.556519,1.78031
Zhytomyr,Vinnytsia,349,381,1.99396,-0.544796,3.08027
Beyneu,Qo‘ng‘irot,351,352,0.553291,-0.467116,0.811742
Qo‘ng‘irot,Nukus,352,353,0.291974,-0.426346,0.416455
Nukus,Daşoguz,353,354,0.27962,-0.358682,0.379915
Daşoguz,Bukhara,354,355,0.242971,-0.313335,0.319102
Daşoguz,Ashgabat,354,432,0.278507,-0.310283,0.364923
Daşoguz,Uchkuduk,354,688,0.134614,-0.324716,0.178326
Bukhara,Navoiy,355,356,0.265814,-0.316151,0.349852
Bukhara,Alat,355,436,0.245818,-0.304564,0.320685
Bukhara,Karshi,355,437,0.247566,-0.305228,0.32313
Bukhara,Uchkuduk,355,688,0.155177,-0.308572,0.20306
Navoiy,Samarkand,356,357,0.183602,-0.343113,0.246598
Samarkand,Jizzakh,357,358,0.227383,-0.381471,0.314122
Sary-Ozek,Taldykorgan,360,361,0.19599,-0.372182,0.268934
Sary-Ozek,Koktal,360,697,0.182956,-0.37628,0.251799
Taldykorgan,Ucharal,361,362,0.090149,-0.359736,0.122579
Ucharal,Taskesken,362,363,0.0491674,-0.341718,0.0659687
Taskesken,Ayagoz,363,364,0.0417884,-0.349583,0.0563969
Rennes,Le Mans,365,366,0.852962,-0.498373,1.27806
Le Mans,Angers,366,391,0.693308,-0.499166,1.03938
Le Mans,Tours,366,392,0.827325,-0.501527,1.24225
Le Mans,Rouen,366,662,1.22328,-0.512088,1.84971
Reims,Charleroi,367,651,1.4981,-0.530465,2.29278
Reims,Charleville-Mézières,367,658,1.37661,-0.530644,2.10709
Reims,Rouen,367,662,1.6446,-0.523204,2.50507
Saarbrücken,Mannheim,368,369,2.42961,-0.541376,3.74494
Saarbrücken,Trier,368,659,1.27152,-0.540489,1.95876
Mannheim,Heilbronn,369,370,2.27088,-0.542749,3.5034
Rozvadov,Plzeň,371,372,2.02942,-0.530113,3.10524
Plzeň,Karlovy Vary,372,523,1.43967,-0.525249,2.19585
Plzeň,České Budějovice,372,524,1.67124,-0.528517,2.55452
Plzeň,Bayerisch Eisenstein,372,530,1.69405,-0.529301,2.59072
Trenčín,Prešov,373,374,1.16132,-0.519447,1.76457
Prešov,Košice,374,375,1.79834,-0.522137,2.73732
Prešov,Svidník,374,712,0.876888,-0.518771,1.33179
Košice,Vyšné Nemecké,375,376,0.910976,-0.523629,1.38799
Košice,Uzhhorod,375,377,1.74025,-0.524482,2.65298
Košice,Miskolc,375,552,1.68592,-0.522651,2.56707
Košice,Zvolen,375,568,1.75629,-0.520746,2.67087
Vyšné Nemecké,Uzhhorod,376,377,0.829272,-0.525419,1.26499
Uzhhorod,Mukachevo,377,378,2.75035,-0.523353,4.18976
Uzhhorod,Chop,377,723,1.39862,-0.527166,2.13593
Mukachevo,Stryj,378,379,2.12186,-0.521382,3.22815
Mukachevo,Halmeu,378,578,2.63339,-0.521592,4.00694
Khmelnytskyi,Vinnytsia,380,381,1.35019,-0.528502,2.06377
Vinnytsia,Uman,381,382,1.33232,-0.525706,2.03273
Vinnytsia,Mohyliv-Podilskyi,381,728,1.2061,-0.530674,1.84615
Uman,Kirovohrad,382,383,1.12417,-0.510362,1.69791
Kirovohrad,Dnipropetrovsk,383,384,0.850254,-0.498741,1.27431
Kirovohrad,Chişinău,383,672,1.68291,-0.504399,2.53176
Dnipropetrovsk,Donetsk,384,385,0.393818,-0.477763,0.581969
Donetsk,Rostov-on-Don,385,386,0.313684,-0.439552,0.451564
Rostov-on-Don,Armavir,386,387,0.326293,-0.409434,0.459889
Rostov-on-Don,Taganrog,386,675,0.28083,-0.435847,0.403229
Lorient,Vannes,388,389,0.239155,-0.482085,0.354448
Vannes,Nantes,389,390,0.508729,-0.491206,0.758619
Nantes,Angers,390,391,0.713314,-0.49181,1.06413
Nantes,Poitiers,390,676,0.949446,-0.503629,1.42761
Angers,Tours,391,392,0.597327,-0.491758,0.891068
Tours,Vierzon,392,503,0.800615,-0.492648,1.19504
Montargis,Auxerre,393,394,1.19866,-0.522081,1.82446
Auxerre,Beaune,394,395,2.10621,-0.531056,3.22473
Beaune,Dole,395,396,2.05203,-0.533784,3.14736
Beaune,Antwerp,395,505,3.45418,-0.535915,5.30533
Dole,Besançon,396,397,1.04393,-0.537504,1.60504
Besançon,Belfort,397,398,1.15806,-0.536641,1.77952
Zürich,Winterthur,399,400,1.31982,-0.50303,1.98373
Winterthur,St. Gallen,400,401,0.94567,-0.50645,1.42461
Winterthur,Schaffhausen,400,511,1.16911,-0.527597,1.78593
St. Gallen,St. Margrethen,401,402,0.890678,-0.50904,1.34407
St. Margrethen,Bregenz,402,403,1.47027,-0.510465,2.22079
St. Margrethen,Buchs,402,514,0.698093,-0.503375,1.0495
Bregenz,Feldkirch,403,748,1.43508,-0.508674,2.16506
Bregenz,Lindau,403,513,2.16825,-0.517596,3.29053
Feldkirch,Landeck,748,404,0.694643,-0.497275,1.04007
Feldkirch,Imst,748,406,0.726946,-0.496799,1.08809
Landeck,Telfs,404,405,0.504561,-0.490277,0.751936
Sattledt,Liezen,408,532,0.925572,-0.520234,1.40709
Sattledt,Wels,408,669,0.944052,-0.525649,1.44029
Sankt Pölten,Vienna,409,410,1.94022,-0.520497,2.9501
Vienna,Nickelsdorf,410,411,2.15107,-0.52108,3.27194
Vienna,Halámky,410,525,2.03627,-0.521328,3.09784
Vienna,Graz,410,534,2.78912,-0.512125,4.2175
Nickelsdorf,Mosonmagyaróvár,411,412,1.51372,-0.522639,2.30484
Szolnok,Püspökladány,413,414,1.85965,-0.521555,2.82956
Püspökladány,Oradea,414,415,2.4412,-0.516394,3.70182
Püspökladány,Nyíregyháza,414,722,1.39177,-0.524595,2.12188
Oradea,Cluj-Napoca,415,416,1.366,-0.49557,2.04295
Oradea,Berettyóújfalu,415,570,1.72194,-0.512428,2.60431
Oradea,Beiuş,415,571,1.24615,-0.500159,1.86942
Oradea,Satu Mare,415,579,1.84677,-0.511612,2.79159
Oradea,Arad,415,684,2.20364,-0.499153,3.30359
Cluj-Napoca,Turda,416,417,0.858471,-0.489746,1.2789
Cluj-Napoca,Zalău,416,580,0.763939,-0.50269,1.14796
Turda,Târgu Mureş,417,418,0.416605,-0.475059,0.614517
Turda,Sebeş,417,581,0.431695,-0.475577,0.636999
Târgu Mureş,Braşov,418,419,0.333919,-0.46102,0.487863
Braşov,Ploieşti,419,420,0.335809,-0.44289,0.484535
Braşov,Sibiu,419,582,0.386732,-0.468694,0.567992
Braşov,Piteşti,419,583,0.283447,-0.448761,0.410646
Slobozia,Hârşova,421,422,0.570746,-0.438753,0.821163
Slobozia,Galaţi,421,588,0.833215,-0.452112,1.20992
Hârşova,Constanţa,422,423,0.634679,-0.42879,0.906823
Constanţa,Varna,423,463,0.722201,-0.399624,1.01081
Constanţa,Tulcea,423,589,0.634679,-0.42879,0.906823
Senaki,Samtredia,424,425,0.0276903,-0.406845,0.038956
Senaki,Zugdidi,424,604,0.0581618,-0.510197,0.0878357
Samtredia,Kutaisi,425,426,0.0197502,-0.275508,0.0251916
Kutaisi,Khashuri,426,427,0.0226928,-0.192327,0.0270572
Khashuri,Gori,427,428,0.0343642,-0.18346,0.0406687
Rustavi,Ganja,429,430,0.0487892,-0.264835,0.0617103
Ganja,Yevlakh,430,431,0.0603917,-0.346804,0.0813357
Ashgabat,Tejen,432,433,0.179103,-0.297587,0.232401
Tejen,Mary,433,434,0.104096,-0.29369,0.134668
Mary,Türkmenabat,434,435,0.090233,-0.293122,0.116682
Türkmenabat,Alat,435,436,0.129269,-0.299817,0.168026
Karshi,Guzar,437,438,0.133809,-0.303386,0.174404
Guzar,Sherobod,438,439,0.101242,-0.305267,0.132148
Sherobod,Termez,439,440,0.130488,-0.317001,0.171853
Jirgatal,Sary Tash,441,442,0.202235,-0.34415,0.271834
Jirgatal,Khorugh,441,694,0.138854,-0.326811,0.184233
Sary Tash,Irkeshtam,442,443,0.223963,-0.372137,0.307307
Irkeshtam,Osh,443,691,0.412379,-0.388556,0.572612
A Coruña,Bilbao,444,445,0.23044,-0.402744,0.323248
A Coruña,Pontevedra,444,481,0.115697,-0.388197,0.16061
Clermont-Ferrand,Montluçon,446,504,1.01148,-0.485717,1.50278
Chambéry,Susa,447,448,1.02752,-0.487098,1.52803
Chambéry,Marseille,447,736,0.7436,-0.495518,1.11207
Susa,Turin,448,449,0.785198,-0.46526,1.15052
Tortona,Brescia,450,451,0.467775,-0.438766,0.673019
Trieste,Postojna,452,453,0.4292,-0.471091,0.631392
Trieste,Ljubljana,452,454,0.781234,-0.476645,1.15361
Postojna,Ljubljana,453,454,0.517158,-0.481599,0.766221
Ljubljana,Maribor,454,535,0.842169,-0.489059,1.25404
Ljubljana,Naklo,454,538,1.22325,-0.489469,1.822
Vršac,Timişoara,456,457,1.20357,-0.471834,1.77146
Timişoara,Drobeta-Turnu Severin,457,458,1.36381,-0.469834,2.00458
Timişoara,Arad,457,684,1.93731,-0.483731,2.87444
Drobeta-Turnu Severin,Craiova,458,459,1.40695,-0.466437,2.0632
Craiova,Alexandria,459,460,0.599159,-0.456611,0.872742
Craiova,Târgu Jiu,459,574,0.798964,-0.466656,1.17181
Craiova,Piteşti,459,583,0.759917,-0.460785,1.11008
Razgrad,Shumen,461,462,0.256179,-0.369346,0.350798
Shumen,Varna,462,463,0.369622,-0.377363,0.509104
Varna,Burgas,463,590,0.364503,-0.376826,0.501857
Lisbon,Valladolid,464,465,0.251416,-0.373806,0.345397
Lisbon,Porto,464,483,0.266455,-0.35598,0.361308
Lisbon,Albufeira,464,484,0.273531,-0.351497,0.369676
Toulouse,Nice,466,467,1.31985,-0.452976,1.91772
Nice,Cuneo,467,685,0.597063,-0.447088,0.864004
Sofia,Plovdiv,468,469,0.728882,-0.434281,1.04542
Sofia,Botevgrad,468,575,0.730906,-0.435907,1.04951
Sofia,Blagoevgrad,468,576,0.818145,-0.433672,1.17295
Sofia,Kyustendil,468,745,0.54711,-0.437741,0.786603
Plovdiv,Istanbul,469,470,0.317642,-0.421786,0.451619
Istanbul,İzmit,470,471,0.174356,-0.384858,0.241458
İzmit,Gerede,471,472,0.0778855,-0.324609,0.103168
İzmit,Bursa,471,479,0.0828485,-0.315565,0.108993
Gerede,Kızılcahamam,472,599,0.0460753,-0.281948,0.0590661
Mazara del Vallo,Palermo,473,474,0.00649115,0,0.00649115
Metaponto,Taranto,475,476,0.0412415,-0.279357,0.0527626
Metaponto,Potenza,475,743,0.026727,-0.241853,0.033191
Ioannina,Trikala,477,687,0.119608,-0.361975,0.162903
Gelibolu,Keşan,478,596,0.351987,-0.393082,0.490347
Gelibolu,Ayvalık,478,597,0.353124,-0.392149,0.491601
Bursa,Ankara,479,480,0.0550494,-0.271291,0.0699837
Bursa,Balıkesir,479,746,0.0662998,-0.277709,0.0847119
Ankara,Kızılcahamam,480,599,0.0402468,-0.256308,0.0505623
Pontevedra,Valença,481,482,0.0907804,-0.364027,0.123827
Valença,Porto,482,483,0.131957,-0.353607,0.178618
Albufeira,Castro Marim,484,485,0.157862,-0.342063,0.21186
Castro Marim,Huelva,485,486,0.15019,-0.339456,0.201173
Cherbourg-Octeville,La Rochelle,487,488,0.184406,-0.497563,0.276159
Cherbourg-Octeville,Caen,487,661,0.36683,-0.511552,0.554482
La Rochelle,Saintes,488,730,0.185489,-0.479286,0.274391
Oslo,Hamar,489,490,0.224249,-0.349433,0.302609
Oslo,Askim,489,619,0.234072,-0.351211,0.31628
Hamar,Lillehammer,490,491,0.141024,-0.349501,0.190312
Lillehammer,Dombås,491,492,0.156375,-0.350749,0.211223
Dombås,Trondheim,492,493,0.281423,-0.352064,0.380502
Trondheim,Stjørdal,493,494,0.276127,-0.3518,0.373269
Stjørdal,Steinkjer,494,495,0.140145,-0.350522,0.189268
Steinkjer,Mosjøen,495,496,0.10241,-0.345078,0.137749
Mosjøen,Mo i Rana,496,497,0.135353,-0.342712,0.181741
Mo i Rana,Umeå,497,612,0.261071,-0.341499,0.350227
Setermoen,Alta,498,499,0.0180167,-0.228679,0.0221367
Alta,Olderfjord,499,500,0.0181683,-0.223435,0.0222277
Olderfjord,Lakselv,500,501,0.0264386,-0.25053,0.0330623
Lakselv,Karasjok,501,502,0.0479564,-0.307105,0.062684
Vierzon,Montluçon,503,504,0.608597,-0.48875,0.90605
Antwerp,Zeebrugge,505,642,2.24194,-0.539838,3.45223
Martigny,Sion,506,678,0.664587,-0.501762,0.998052
Bremen,Groningen,507,624,1.99983,-0.518598,3.03694
Stuttgart,Schaffhausen,510,511,1.67183,-0.538747,2.57252
Stuttgart,Ulm,510,512,1.50653,-0.536739,2.31515
Ulm,Lindau,512,513,1.37241,-0.529711,2.09939
Lindau,Waldshut,513,666,1.93792,-0.525105,2.95553
Buchs,Chur,514,515,0.292329,-0.487179,0.434745
Chur,San Bernardino,515,516,0.171397,-0.450137,0.248549
Halle,Plauen,518,519,1.31174,-0.514933,1.9872
Plauen,Schönberg,519,520,1.07293,-0.513556,1.62394
Plauen,Hof,519,528,1.40665,-0.515761,2.13215
Schönberg,Vojtanov,520,521,0.64435,-0.512364,0.974491
Vojtanov,Cheb,521,522,0.876054,-0.513902,1.32626
Cheb,Karlovy Vary,522,523,1.43572,-0.516549,2.17733
Cheb,Marktredwitz,522,663,1.13851,-0.517395,1.72757
Karlovy Vary,Teplice,523,715,0.891162,-0.515964,1.35097
České Budějovice,Halámky,524,525,1.21471,-0.526094,1.85376
Hirschberg,Hof,527,528,1.0851,-0.516274,1.64531
Hof,Bayreuth,528,529,1.71601,-0.520168,2.60862
Bayreuth,Marktredwitz,529,663,1.53446,-0.521793,2.33514
Bayerisch Eisenstein,Deggendorf,530,531,1.28254,-0.528814,1.96077
Liezen,Sankt Michael,532,533,0.791635,-0.513368,1.19804
Sankt Michael,Graz,533,534,1.4705,-0.508308,2.21797
Graz,Maribor,534,535,1.31927,-0.501165,1.98044
Graz,Spielfeld,534,536,0.960474,-0.506585,1.44704
Graz,Klagenfurt,534,683,1.83613,-0.502364,2.75853
Maribor,Spielfeld,535,536,0.479795,-0.491928,0.715819
Karavanke Tunnel,Naklo,537,538,0.964776,-0.501032,1.44816
Naklo,Loiblpass,538,734,0.936803,-0.500381,1.40556
Kemijärvi,Posio,539,540,0.0662245,-0.282274,0.084918
Posio,Kuusamo,540,541,0.0420317,-0.275057,0.0535929
Kuusamo,Kajaani,541,542,0.0409612,-0.284242,0.0526041
Kajaani,Iisalmi,542,543,0.0631764,-0.295687,0.0818568
Iisalmi,Kuopio,543,544,0.122752,-0.306127,0.16033
Tampere,Turku,545,546,0.129061,-0.316423,0.1699
Tampere,Vaasa,545,616,0.176206,-0.312062,0.231193
Tampere,Hämeenlinna,545,618,0.220367,-0.327347,0.292504
Turku,Pori,546,617,0.0888843,-0.311136,0.116539
Riga,Šiauliai,547,561,1.76266,-0.54672,2.72634
Riga,Rēzekne,547,627,1.79726,-0.55672,2.79784
Kłodzko,Kudowa-Zdrój,548,549,0.587135,-0.508703,0.885812
Kudowa-Zdrój,Náchod,549,550,0.497375,-0.506432,0.749262
Náchod,Hradec Králové,550,551,0.911388,-0.509178,1.37545
Hradec Králové,Olomouc,551,716,1.24683,-0.513542,1.88713
Miskolc,Debrecen,552,569,1.39623,-0.523008,2.12647
Szekszárd,Mohács,555,556,0.864439,-0.51242,1.30739
Mohács,Osijek,556,557,0.5632,-0.500382,0.845016
Osijek,Đakovo,557,558,0.365431,-0.482297,0.541677
Osijek,Sombor,557,735,0.591357,-0.492872,0.882821
Đakovo,Šamac,558,559,0.191839,-0.450445,0.278252
Šamac,Zenica,559,560,0.191073,-0.411677,0.269733
Zenica,Sarajevo,560,737,0.347627,-0.402087,0.487404
Šiauliai,Tolpaki,561,562,1.45724,-0.528751,2.22776
Šiauliai,Palanga,561,704,1.09672,-0.535765,1.68431
Šiauliai,Panevėžys,561,705,1.12931,-0.536362,1.73503
Tolpaki,Kaliningrad,562,563,0.98864,-0.518557,1.50131
Tolpaki,Nesterov,562,640,0.881564,-0.523233,1.34283
Trstená,Ružomberok,566,567,0.841659,-0.515876,1.27585
Ružomberok,Zvolen,567,568,1.53803,-0.518369,2.33529
Debrecen,Berettyóújfalu,569,570,1.02608,-0.519453,1.55909
Beiuş,Deva,571,572,0.902413,-0.493498,1.34775
Deva,Petroşani,572,573,0.853368,-0.476322,1.25985
Deva,Sibiu,572,582,1.08786,-0.476103,1.60579
Deva,Arad,572,684,1.44226,-0.482775,2.13855
Petroşani,Târgu Jiu,573,574,0.561119,-0.472355,0.826166
Botevgrad,Jablanica,575,585,0.325421,-0.428395,0.46483
Blagoevgrad,Serres,576,577,0.554851,-0.421416,0.788674
Halmeu,Satu Mare,578,579,2.19799,-0.518632,3.33794
Satu Mare,Zalău,579,580,0.979037,-0.51015,1.47849
Sebeş,Sibiu,581,582,0.483897,-0.46973,0.711197
Sibiu,Piteşti,582,583,0.574711,-0.464253,0.841522
Pleven,Jablanica,584,585,0.198753,-0.404779,0.279204
Izmail,Reni,586,587,0.806321,-0.505897,1.21424
Reni,Galaţi,587,588,0.819588,-0.478918,1.2121
Galaţi,Tulcea,588,589,0.622661,-0.45344,0.905
Galaţi,Giurgiuleşti,588,729,0.960308,-0.480962,1.42218
Burgas,Malko Tarnovo,590,591,0.216595,-0.35947,0.294455
Malko Tarnovo,Dereköy,591,592,0.100661,-0.350678,0.13596
Dereköy,Kırklareli,592,593,0.0553253,-0.338512,0.0740536
Kırklareli,Babaeski,593,594,0.0474465,-0.35343,0.0642155
Babaeski,Havsa,594,595,0.0731057,-0.371956,0.100298
Havsa,Keşan,595,596,0.153149,-0.387841,0.212547
Ayvalık,İzmir,597,598,0.156034,-0.382168,0.215665
İzmir,Manisa,598,747,0.0782067,-0.351712,0.105713
Kherson,Dzhankoy,600,601,0.837117,-0.540745,1.28978
Kherson,Mykolaiv,600,673,1.02504,-0.518688,1.55672
Kherson,Melitopol,600,674,0.566605,-0.514727,0.858252
Sochi,Sukhumi,602,603,0.401128,-0.567737,0.628864
Sukhumi,Zugdidi,603,604,0.147981,-0.551853,0.229645
Jönköping,Linköping,605,606,0.135412,-0.319922,0.178734
Linköping,Norrköping,606,607,0.176819,-0.325177,0.234316
Norrköping,Södertälje,607,608,0.257534,-0.339663,0.345009
Norrköping,Kalmar,607,626,0.176211,-0.325128,0.233502
Uppsala,Sundsvall,609,610,0.449222,-0.353144,0.607862
Sundsvall,Örnsköldsvik,610,611,0.42553,-0.350141,0.574525
Örnsköldsvik,Umeå,611,612,0.356343,-0.345434,0.479437
Haparanda,Tornio,613,614,0.199149,-0.320435,0.262964
Kokkola,Vaasa,615,616,0.183533,-0.309811,0.240394
Vaasa,Pori,616,617,0.104017,-0.310825,0.136348
Askim,Karlstad,619,620,0.194734,-0.3526,0.263397
Kotka,Vaalimaa,621,622,0.349526,-0.494997,0.52254
Vaalimaa,Vyborg,622,623,0.795733,-0.52446,1.21306
Groningen,Hoogeveen,624,698,0.730978,-0.518206,1.10978
Sassnitz,Stralsund,625,699,0.417717,-0.515499,0.63305
Rēzekne,Velikiye Luki,627,628,1.93262,-0.569929,3.03408
Rēzekne,Daugavpils,627,702,1.21418,-0.555231,1.88832
Vladimir,Nizhny Novgorod,629,630,1.28875,-0.56819,2.021
Nizhny Novgorod,Kazan,630,631,0.614724,-0.542888,0.948451
Kazan,Yelabuga,631,632,0.608155,-0.489162,0.905641
Yelabuga,Perm,632,633,0.508228,-0.460721,0.74238
Perm,Yekaterinburg,633,634,0.254892,-0.440267,0.367113
Yekaterinburg,Tyumen,634,635,0.225997,-0.414716,0.319722
Koszalin,Słupsk,637,638,0.238347,-0.509859,0.359871
Słupsk,Gdynia,638,639,0.380603,-0.51321,0.575932
Nesterov,Marijampolė,640,641,0.761214,-0.533386,1.16723
Aktobe,Karabutak,647,648,0.710232,-0.539401,1.09333
Karabutak,Aral,648,649,0.348097,-0.515528,0.527552
Aral,Novokazalinsk,649,650,0.344871,-0.461351,0.503978
Charleroi,Namur,651,652,1.03472,-0.534121,1.58738
St. Vith,Wittlich,653,654,0.961328,-0.537594,1.47813
Wittlich,Bingen,654,655,0.589929,-0.540589,0.908837
Bingen,Wiesbaden,655,656,0.856347,-0.543695,1.32194
Amiens,Charleville-Mézières,657,658,1.25352,-0.532736,1.92131
Trier,Koblenz,659,660,1.30448,-0.541237,2.01051
Caen,Rouen,661,662,0.924558,-0.517098,1.40264
Regensburg,Passau,667,668,1.04125,-0.535191,1.59852
Passau,Wels,668,669,1.09316,-0.531156,1.67379
Wels,Braunau am Inn,669,721,1.33488,-0.523602,2.03382
Iaşi,Sculeni,670,671,1.30583,-0.512928,1.97563
Iaşi,Bălţi,670,727,1.08292,-0.517553,1.64339
Sculeni,Chişinău,671,672,1.48978,-0.507642,2.24605
Chişinău,Giurgiuleşti,672,729,1.22647,-0.501824,1.84195
Melitopol,Taganrog,674,675,0.286196,-0.480513,0.423718
Poitiers,Mâcon,676,677,1.72405,-0.511414,2.60576
Sion,Simplon,678,679,0.342564,-0.476593,0.505827
Simplon,Gravellona Toce,679,680,0.347068,-0.442001,0.500472
Innichen,Spittal an der Drau,681,682,0.680647,-0.500489,1.0213
Klagenfurt,Loiblpass,683,734,1.04646,-0.503451,1.5733
Cuneo,Asti,685,686,0.365786,-0.442971,0.527818
Kokand,Andijan,689,690,0.322908,-0.391476,0.449319
Andijan,Osh,690,691,0.443097,-0.392392,0.616965
Kulob,Kalaikhumb,692,693,0.1017,-0.319369,0.13418
Kalaikhumb,Khorugh,693,694,0.0912762,-0.317726,0.120277
Kokpek,Chundzha,695,696,0.160377,-0.380778,0.221446
Chundzha,Koktal,696,697,0.124918,-0.374232,0.171667
Stralsund,Neubrandenburg,699,700,0.609706,-0.51566,0.924107
Ukmergė,Daugavpils,701,702,1.2159,-0.54529,1.87891
Ukmergė,Panevėžys,701,705,1.15051,-0.537983,1.76946
Breda,Gorinchem,706,707,0.753772,-0.507698,1.13646
Hasselt,Heerlen,708,709,0.952344,-0.534075,1.46097
Barwinek,Vyšný Komárnik,710,711,0.327371,-0.504998,0.492693
Vyšný Komárnik,Svidník,711,712,0.39818,-0.512205,0.602129
Lublin,Kovel,713,714,1.17077,-0.541138,1.80432
Olomouc,Český Těšín,716,717,0.793115,-0.512676,1.19973
Garmisch-Partenkirchen,Mittenwald,718,719,0.883339,-0.514197,1.33755
Mittenwald,Seefeld,719,720,0.611011,-0.500479,0.916809
Nyíregyháza,Chop,722,723,0.912606,-0.528803,1.39519
Dunajská Streda,Medveďov,724,725,0.606347,-0.518029,0.920452
Medveďov,Vámosszabadi,725,726,0.531303,-0.518961,0.807029
Bălţi,Mohyliv-Podilskyi,727,728,0.751003,-0.523977,1.14451
Saintes,Angoulême,730,731,0.364376,-0.474675,0.537337
St. Johann in Tirol,Lofer,732,733,0.932678,-0.509969,1.40831
Sarajevo,Užice,737,738,0.455638,-0.413082,0.643854
Užice,Čačak,738,739,0.62384,-0.425949,0.889563
Čačak,Nova Varoš,739,740,0.622065,-0.426533,0.887397
Avellino,Benevento,741,742,0.13806,-0.349727,0.186344
Balıkesir,Manisa,746,747,0.0553919,-0.3044,0.0722533
Warsaw,Brest-Litovsk,316,0,2.16691,-0.536589,3.32965
Brest-Litovsk,Minsk,0,318,1.95935,-0.550378,3.03774
Lyon,Mâcon,17,677,1.82877,-0.503316,2.74922
Beaune,Mâcon,395,677,2.88919,-0.518946,4.38852
