Glasgow,Preston,1,2,6.60106e-05,-0.484759,6.60106e-05
Glasgow,Edinburgh,1,13,6.60106e-05,-0.484759,6.60106e-05
Preston,Birmingham,2,3,6.60106e-05,-0.484759,6.60106e-05
Birmingham,Cambridge,3,636,6.60106e-05,-0.484759,6.60106e-05
Le Havre,Paris,4,5,2.02282,-0.515261,3.06509
Le Havre,Amiens,4,657,1.14544,-0.516124,1.73663
Paris,Orléans,5,6,2.0519,-0.512723,3.10395
Paris,Calais,5,16,1.75044,-0.515074,2.65204
Paris,Lyon,5,17,2.55219,-0.511793,3.85839
Paris,Brussels,5,326,3.11819,-0.516417,4.72847
Paris,Le Mans,5,366,1.6627,-0.513587,2.51664
Paris,Reims,5,367,1.94777,-0.515556,2.95195
Paris,Chaumont,5,665,2.83417,-0.516066,4.29679
Orléans,Bordeaux,6,7,0.950183,-0.508488,1.43334
Orléans,Tours,6,392,1.05168,-0.508531,1.58649
Orléans,Montargis,6,393,1.33277,-0.510338,2.01294
Orléans,Toulouse,6,466,1.07219,-0.507176,1.61597
Bordeaux,San Sebastián,7,8,0.506096,-0.502748,0.760536
Bordeaux,Clermont-Ferrand,7,446,0.991417,-0.504532,1.49162
Bordeaux,Toulouse,7,466,0.420573,-0.500603,0.631112
Bordeaux,Angoulême,7,731,0.574285,-0.504141,0.863806
San Sebastián,Burgos,8,9,0.236662,-0.494985,0.353805
San Sebastián,Bilbao,8,445,0.193596,-0.496121,0.289644
San Sebastián,Toulouse,8,466,0.32986,-0.499763,0.494712
Burgos,Madrid,9,10,0.12761,-0.487518,0.189823
Burgos,Valladolid,9,465,0.0856175,-0.489119,0.127495
Madrid,Seville,10,11,0.0758937,-0.480732,0.112378
Madrid,Barcelona,10,21,0.197243,-0.492331,0.294352
Madrid,Valencia,10,24,0.0862099,-0.482331,0.127792
Madrid,Lisbon,10,464,0.0779411,-0.481726,0.115487
Seville,Algeciras,11,12,0.0337345,-0.473997,0.0497245
Seville,Huelva,11,486,0.0352078,-0.473689,0.0518853
Algeciras,Málaga,12,28,0.0141364,-0.46942,0.0207724
Edinburgh,Newcastle,13,14,6.60106e-05,-0.484759,6.60106e-05
Newcastle,London,14,15,6.60106e-05,-0.484759,6.60106e-05
London,Colchester,15,305,6.60106e-05,-0.484759,6.60106e-05
Calais,Bruges,16,324,1.80193,-0.51645,2.73254
Calais,Rouen,16,662,1.17469,-0.515717,1.78051
Lyon,Orange,17,18,1.10139,-0.507411,1.66024
Lyon,Clermont-Ferrand,17,446,1.23486,-0.508031,1.86221
Lyon,Chambéry,17,447,1.13526,-0.510172,1.71444
Orange,Narbonne,18,19,0.489076,-0.506172,0.736633
Orange,Marseille,18,736,0.478154,-0.508563,0.721326
Narbonne,Girona,19,20,0.257213,-0.502018,0.386339
Girona,Barcelona,20,21,0.283601,-0.49678,0.424489
Barcelona,Tarragona,21,22,0.174325,-0.493344,0.260327
Barcelona,Toulouse,21,466,0.528359,-0.498109,0.79154
Tarragona,Castellón de la Plana,22,23,0.0798208,-0.488606,0.118822
Castellón de la Plana,Valencia,23,24,0.0633183,-0.48193,0.0938333
Valencia,Alicante,24,25,0.0438998,-0.476616,0.0648231
Alicante,Murcia,25,26,0.0178811,-0.472352,0.0263273
Murcia,Almería,26,27,0.00875483,-0.467269,0.0128457
Almería,Málaga,27,28,0.00781026,-0.46546,0.0114456
Hook of Holland,Rotterdam,29,30,0.601458,-0.520596,0.914574
Hook of Holland,The Hague,29,307,0.324978,-0.52104,0.494304
Rotterdam,Eindhoven,30,31,1.50417,-0.520343,2.28686
Eindhoven,Maastricht,31,32,1.62139,-0.519793,2.46417
Eindhoven,Antwerp,31,505,2.67775,-0.518475,4.0661
Eindhoven,Venlo,31,643,2.07432,-0.520835,3.1547
Eindhoven,Breda,31,706,1.52037,-0.520357,2.3115
Maastricht,Liège,32,33,2.02244,-0.51985,3.0738
Liège,Bastogne,33,34,1.88945,-0.519804,2.8716
Liège,Leuven,33,327,3.07337,-0.519773,4.67082
Liège,Eupen,33,328,1.98544,-0.52072,3.0193
Liège,Antwerp,33,505,3.37764,-0.517926,5.12701
Liège,Namur,33,652,2.09509,-0.519163,3.18278
Liège,St. Vith,33,653,1.72743,-0.519856,2.62545
Liège,Charleville-Mézières,33,658,2.23283,-0.519084,3.39186
Bastogne,Arlon,34,35,1.14278,-0.520056,1.73709
Arlon,Luxembourg,35,36,1.58472,-0.519752,2.40838
Luxembourg,Metz,36,37,2.59263,-0.518455,3.93679
Luxembourg,St. Vith,36,653,1.92773,-0.520363,2.93084
Luxembourg,Charleville-Mézières,36,658,1.45237,-0.517722,2.20429
Luxembourg,Trier,36,659,1.90231,-0.520685,2.89281
Metz,Saint-Avold,37,38,3.09377,-0.517612,4.69514
Metz,Lausanne,37,44,2.53701,-0.516807,3.84816
Metz,Geneva,37,45,2.70804,-0.514985,4.10264
Metz,Brussels,37,326,3.54394,-0.51795,5.37952
Metz,Reims,37,367,2.50119,-0.512146,3.78216
Metz,Saarbrücken,37,368,2.98314,-0.519476,4.53282
Saint-Avold,Strasbourg,38,39,2.36161,-0.518508,3.58612
Strasbourg,Mulhouse,39,40,2.99498,-0.519717,4.55152
Strasbourg,Appenweier,39,664,2.26457,-0.520134,3.44245
Mulhouse,Basel,40,41,2.85569,-0.519027,4.33787
Mulhouse,Belfort,40,398,2.13243,-0.518082,3.23721
Mulhouse,Chaumont,40,665,2.69146,-0.518035,4.08573
Basel,Olten,41,42,1.69869,-0.518357,2.57922
Basel,Offenburg,41,61,2.45483,-0.519923,3.73115
Basel,Zürich,41,399,1.99693,-0.519031,3.03339
Basel,Waldshut,41,666,2.35199,-0.518819,3.57225
Olten,Bern,42,43,1.6781,-0.514142,2.54089
Olten,Lucerne,42,62,1.05963,-0.517135,1.6076
Bern,Lausanne,43,44,1.38237,-0.51572,2.09528
Bern,Belfort,43,398,1.75324,-0.517697,2.66089
Bern,Martigny,43,506,0.947601,-0.51293,1.43365
Lausanne,Geneva,44,45,1.03039,-0.510818,1.55674
Lausanne,Martigny,44,506,0.81699,-0.512852,1.23599
Geneva,Mont Blanc,45,46,1.14893,-0.510864,1.73588
Geneva,Chambéry,45,447,1.25974,-0.509146,1.90113
Geneva,Mâcon,45,677,2.04655,-0.512536,3.09548
Mont Blanc,Aosta,46,47,0.661785,-0.508297,0.998168
Aosta,Ivrea,47,48,0.542155,-0.499094,0.81274
Aosta,Martigny,47,506,0.759455,-0.505356,1.14325
Ivrea,Vercelli,48,49,0.207738,-0.49579,0.310732
Ivrea,Turin,48,449,0.3058,-0.495509,0.457327
Vercelli,Alessandria,49,50,0.160487,-0.489463,0.239039
Alessandria,Genoa,50,51,0.186943,-0.481949,0.27704
Alessandria,Turin,50,449,0.205929,-0.491272,0.307097
Alessandria,Tortona,50,450,0.133894,-0.482767,0.198533
Alessandria,Asti,50,686,0.176709,-0.485398,0.262484
Genoa,Rome,51,74,0.332911,-0.470574,0.48957
Genoa,Tortona,51,450,0.198943,-0.475854,0.293611
Genoa,Nice,51,467,0.319372,-0.486406,0.474716
Amsterdam,Utrecht,52,53,1.38039,-0.520635,2.09906
Amsterdam,Amersfoort,52,309,0.801703,-0.519916,1.21852
Amsterdam,Brussels,52,326,3.36338,-0.518752,5.10814
Amsterdam,Groningen,52,624,1.44541,-0.521011,2.19849
Utrecht,Arnhem,53,54,1.0566,-0.521926,1.60806
Utrecht,Gouda,53,308,0.853087,-0.521481,1.29796
Utrecht,Amersfoort,53,309,0.795709,-0.521697,1.21083
Utrecht,Gorinchem,53,707,1.00958,-0.521329,1.5359
Arnhem,Emmerich,54,55,0.966659,-0.522767,1.472
Emmerich,Oberhausen,55,56,1.8874,-0.523041,2.87458
Oberhausen,Cologne,56,57,3.2563,-0.523243,4.96013
Oberhausen,Dortmund,56,508,2.28598,-0.523067,3.4817
Oberhausen,Venlo,56,643,2.13534,-0.522185,3.25039
Cologne,Frankfurt am Main,57,58,3.80803,-0.523518,5.8016
Cologne,Aachen,57,329,3.33494,-0.523476,5.0807
Cologne,Olpe,57,330,2.35413,-0.523706,3.587
Cologne,Bremen,57,507,3.44256,-0.523133,5.24348
Frankfurt am Main,Heidelberg,58,59,3.41809,-0.52352,5.20752
Frankfurt am Main,Gießen,58,332,2.43418,-0.523897,3.70945
Frankfurt am Main,Mannheim,58,369,3.93045,-0.52335,5.98745
Frankfurt am Main,Aschaffenburg,58,509,2.83801,-0.523168,4.32277
Frankfurt am Main,Wiesbaden,58,656,2.79621,-0.523856,4.26102
Heidelberg,Karlsruhe,59,60,2.86736,-0.522663,4.36602
Karlsruhe,Offenburg,60,61,2.42808,-0.520841,3.69272
Karlsruhe,Stuttgart,60,510,3.39177,-0.521009,5.15891
Karlsruhe,Appenweier,60,664,2.59897,-0.521309,3.95383
Lucerne,Altdorf,62,63,0.781543,-0.517978,1.18637
Altdorf,Gotthard Pass,63,64,0.548197,-0.518259,0.832305
Altdorf,Zürich,63,399,1.03069,-0.518301,1.56489
Gotthard Pass,Bellinzona,64,65,0.273725,-0.517526,0.415386
Bellinzona,Lugano,65,66,0.134383,-0.513272,0.203358
Bellinzona,San Bernardino,65,516,0.152615,-0.516131,0.231385
Lugano,Chiasso,66,67,0.0776948,-0.500306,0.116566
Chiasso,Como,67,68,0.0987489,-0.484507,0.146593
Como,Milan,68,69,0.215492,-0.480502,0.319036
Milan,Piacenza,69,70,0.243941,-0.477137,0.360334
Milan,Turin,69,449,0.312798,-0.488413,0.465572
Milan,Tortona,69,450,0.175031,-0.479321,0.258927
Milan,Brescia,69,451,0.214822,-0.47634,0.31715
Milan,Gravellona Toce,69,680,0.240396,-0.483432,0.356612
Piacenza,Parma,70,71,0.171861,-0.471072,0.25282
Parma,Modena,71,72,0.261699,-0.46807,0.384193
Modena,Florence,72,73,0.294932,-0.463479,0.431627
Modena,Verona,72,94,0.351768,-0.467218,0.51612
Modena,Bologna,72,95,0.287001,-0.462458,0.419727
Florence,Rome,73,74,0.265554,-0.463812,0.38872
Rome,Pescara,74,125,0.258075,-0.462458,0.377424
Östersund,Mora,75,76,0.0156658,-0.344388,0.0210609
Östersund,Trondheim,75,493,0.0186651,-0.344328,0.025092
Östersund,Sundsvall,75,610,0.0194488,-0.34395,0.0261382
Mora,Säffle,76,77,0.0114906,-0.344893,0.0154537
Säffle,Gothenburg,77,78,0.0152415,-0.345337,0.020505
Gothenburg,Halmstad,78,300,0.0146174,-0.34552,0.019668
Gothenburg,Örebro,78,301,0.0157663,-0.345435,0.0212125
Gothenburg,Oslo,78,489,0.0134135,-0.345531,0.0180483
Hamburg,Hanover,79,80,2.09273,-0.52195,3.18503
Hamburg,Berlin,79,108,2.25986,-0.521229,3.43776
Hamburg,Bremen,79,507,2.6356,-0.522548,4.01283
Hamburg,Lübeck,79,517,1.19341,-0.521778,1.81611
Hanover,Göttingen,80,81,1.46624,-0.522786,2.23277
Hanover,Bad Oeynhausen,80,312,1.68297,-0.522767,2.56277
Hanover,Braunschweig,80,313,1.53742,-0.521538,2.33925
Göttingen,Kassel,81,82,1.33412,-0.523217,2.03215
Kassel,Fulda,82,83,1.80531,-0.523203,2.74985
Kassel,Dortmund,82,508,2.09332,-0.523352,3.18886
Fulda,Würzburg,83,84,2.61298,-0.522786,3.979
Würzburg,Nuremberg,84,85,3.85941,-0.521328,5.87143
Würzburg,Aschaffenburg,84,509,3.44318,-0.522889,5.24358
Würzburg,Stuttgart,84,510,2.73778,-0.522297,4.16771
Würzburg,Ulm,84,512,1.75046,-0.520726,2.66197
Nuremberg,Munich,85,86,3.1706,-0.517617,4.81176
Nuremberg,Heilbronn,85,370,3.46844,-0.521348,5.2767
Nuremberg,Rozvadov,85,371,2.66992,-0.518832,4.05516
Nuremberg,Bayreuth,85,529,3.59321,-0.519367,5.45941
Nuremberg,Regensburg,85,667,2.54059,-0.518954,3.85904
Munich,Rosenheim,86,87,2.2148,-0.514804,3.35499
Munich,Salzburg,86,115,2.6165,-0.514026,3.96144
Munich,Ulm,86,512,2.279,-0.517572,3.45855
Munich,Lindau,86,513,2.46117,-0.515748,3.73052
Munich,Deggendorf,86,531,2.46183,-0.51637,3.73304
Munich,Garmisch-Partenkirchen,86,718,2.15572,-0.51566,3.26734
Munich,Braunau am Inn,86,721,1.9147,-0.515048,2.90086
Rosenheim,Wörgl,87,88,1.46167,-0.514551,2.21377
Rosenheim,Bad Reichenhall,87,407,1.16112,-0.513907,1.75783
Wörgl,Innsbruck,88,89,1.37245,-0.513445,2.07713
Wörgl,St. Johann in Tirol,88,732,1.03305,-0.513625,1.56365
Innsbruck,Brenner,89,90,0.788153,-0.511787,1.19152
Innsbruck,Telfs,89,405,0.698993,-0.513196,1.05771
Innsbruck,Imst,89,406,0.714578,-0.513248,1.08133
Innsbruck,Seefeld,89,720,0.823667,-0.513157,1.24634
Brenner,Fortezza,90,91,0.466271,-0.508213,0.703236
Fortezza,Bolzano,91,92,0.293049,-0.500258,0.439649
Fortezza,Innichen,91,681,0.401295,-0.505183,0.604022
Bolzano,Trento,92,93,0.203239,-0.484205,0.301648
Trento,Verona,93,94,0.310246,-0.471187,0.45643
Verona,Mestre,94,120,0.433015,-0.468549,0.635904
Verona,Brescia,94,451,0.324214,-0.46978,0.476523
Bologna,Cesena,95,96,0.241754,-0.459857,0.352927
Cesena,Perugia,96,97,0.166995,-0.4585,0.243562
Cesena,Ravenna,96,121,0.256225,-0.462675,0.374775
Cesena,Rimini,96,122,0.17273,-0.458321,0.251895
Perugia,Fiano Romano,97,98,0.0682712,-0.456778,0.0994561
Fiano Romano,Naples,98,99,0.0319175,-0.454818,0.0464342
Naples,Salerno,99,100,0.00842581,-0.453007,0.0122428
Naples,Avellino,99,741,0.0125111,-0.452387,0.018171
Salerno,Sicignano degli Alburni,100,101,0.00481074,-0.449435,0.00697286
Salerno,Avellino,100,741,0.0062999,-0.450087,0.00913541
Sicignano degli Alburni,Potenza,101,743,0.002525,-0.447268,0.00365435
Messina,Catania,102,103,6.60106e-05,-0.484759,6.60106e-05
Messina,Palermo,102,474,6.60106e-05,-0.484759,6.60106e-05
Catania,Siracusa,103,104,6.60106e-05,-0.484759,6.60106e-05
Siracusa,Gela,104,105,6.60106e-05,-0.484759,6.60106e-05
Gela,Mazara del Vallo,105,473,6.60106e-05,-0.484759,6.60106e-05
Helsingborg,Copenhagen,299,106,0.00325662,-0.345585,0.00438206
Copenhagen,Malmö,106,135,0.00166635,-0.345506,0.00224209
Rostock,Berlin,107,108,1.68603,-0.520569,2.56373
Rostock,Lübeck,107,517,0.850061,-0.52112,1.29305
Rostock,Sassnitz,107,625,0.712779,-0.520628,1.08387
Berlin,Lübbenau,108,109,2.5177,-0.520114,3.82719
Berlin,Szczecin,108,137,1.99854,-0.520567,3.03892
Berlin,Świebodzin,108,139,2.39862,-0.521082,3.6485
Berlin,Magdeburg,108,314,2.52871,-0.520503,3.84492
Berlin,Leipzig,108,526,2.22303,-0.520064,3.37915
Berlin,Neubrandenburg,108,700,1.55473,-0.520549,2.36405
Lübbenau,Dresden,109,110,1.84548,-0.519514,2.80423
Lübbenau,Cottbus,109,644,1.37406,-0.519902,2.08843
Dresden,Ústí nad Labem,110,111,1.85996,-0.517659,2.82279
Dresden,Chemnitz,110,337,2.09914,-0.519044,3.18868
Dresden,Görlitz,110,338,1.34929,-0.519234,2.04988
Ústí nad Labem,Prague,111,112,2.06865,-0.515531,3.1351
Prague,Tábor,112,113,1.97174,-0.513032,2.98331
Prague,Mladá Boleslav,112,146,1.16347,-0.51494,1.76259
Prague,Jihlava,112,147,1.98669,-0.512455,3.00477
Prague,Plzeň,112,372,2.2463,-0.514419,3.40184
Prague,Karlovy Vary,112,523,1.39185,-0.51524,2.10898
Prague,Hradec Králové,112,551,1.50417,-0.514416,2.27794
Tábor,Linz,113,114,1.73229,-0.512487,2.62007
Linz,Salzburg,114,115,1.81637,-0.512021,2.74639
Linz,Sattledt,114,408,0.735595,-0.511477,1.11184
Linz,Sankt Pölten,114,409,1.7108,-0.510682,2.58447
Linz,Wels,114,669,1.30979,-0.512501,1.98106
Salzburg,Villach,115,116,2.63717,-0.509092,3.97973
Salzburg,Bad Reichenhall,115,407,1.39617,-0.512335,2.11147
Salzburg,Sattledt,115,408,1.45112,-0.509869,2.19101
Salzburg,Lofer,115,733,1.67077,-0.51263,2.52726
Villach,Tarvisio,116,117,1.32687,-0.505242,1.99726
Villach,Karavanke Tunnel,116,537,1.12783,-0.503413,1.6956
Villach,Spittal an der Drau,116,682,1.3095,-0.506149,1.9723
Villach,Klagenfurt,116,683,1.38523,-0.504474,2.08404
Tarvisio,Udine,117,118,0.614514,-0.500557,0.922113
Udine,Palmanova,118,119,0.517354,-0.489586,0.770644
Palmanova,Mestre,119,120,0.54395,-0.478413,0.804183
Palmanova,Trieste,119,452,0.587533,-0.485288,0.872656
Mestre,Ravenna,120,121,0.330697,-0.46856,0.485648
Rimini,Fano,122,123,0.0849388,-0.456374,0.123703
Fano,Ancona,123,124,0.0746755,-0.455935,0.108723
Ancona,Pescara,124,125,0.132507,-0.457959,0.193189
Pescara,Canosa di Puglia,125,126,0.143226,-0.457649,0.208773
Canosa di Puglia,Bari,126,127,0.0455772,-0.454229,0.0662796
Canosa di Puglia,Benevento,126,742,0.0469345,-0.454502,0.0682664
Bari,Brindisi,127,128,0.0121803,-0.452346,0.01769
Bari,Taranto,127,476,0.0115413,-0.4522,0.0167603
Brindisi,Taranto,128,476,0.00280548,-0.449131,0.00406551
Igoumenitsa,Preveza,129,130,0.00595578,-0.412198,0.00841074
Igoumenitsa,Ioannina,129,477,0.0138565,-0.414099,0.0195945
Preveza,Rhion,130,131,0.00296496,-0.409634,0.0041795
Rhion,Patras,131,132,0.00106118,-0.406133,0.00149216
Rhion,Aigio,131,175,0.00106118,-0.406133,0.00149216
Patras,Pyrgos,132,133,0.000455993,-0.403431,0.000639954
Pyrgos,Kalamata,133,134,0.000218726,-0.400063,0.00030623
Kalamata,Tripoli,134,177,0.000156466,-0.397908,0.000218726
Malmö,Helsingborg,135,299,0.0044829,-0.345564,0.00603202
Malmö,Kalmar,135,626,0.00426478,-0.345472,0.00573814
Goleniów,Szczecin,136,137,0.85161,-0.520763,1.2951
Goleniów,Koszalin,136,637,0.368397,-0.521608,0.560557
Szczecin,Gorzów Wielkopolski,137,138,0.90835,-0.520986,1.38159
Gorzów Wielkopolski,Świebodzin,138,139,1.09457,-0.521646,1.66555
Świebodzin,Zielona Góra,139,140,1.44752,-0.521605,2.20256
Świebodzin,Poznań,139,315,2.30777,-0.522933,3.51458
Zielona Góra,Legnica,140,141,1.45199,-0.521702,2.2095
Legnica,Jelenia Góra,141,142,1.29298,-0.520434,1.96588
Legnica,Görlitz,141,338,1.43234,-0.52011,2.17731
Legnica,Wrocław,141,339,2.18196,-0.520409,3.31747
Legnica,Cottbus,141,644,1.43404,-0.520153,2.17996
Jelenia Góra,Harrachov,142,143,0.555851,-0.519873,0.844823
Harrachov,Železný Brod,143,144,0.396671,-0.518079,0.602178
Železný Brod,Turnov,144,145,0.648504,-0.516416,0.983401
Turnov,Mladá Boleslav,145,146,0.685474,-0.515411,1.03878
Turnov,Hradec Králové,145,551,0.967331,-0.515318,1.46581
Turnov,Teplice,145,715,0.838955,-0.516252,1.27207
Jihlava,Brno,147,148,0.997475,-0.510761,1.50695
Jihlava,Vienna,147,410,1.60473,-0.510591,2.42409
Brno,Bratislava,148,149,1.38868,-0.508182,2.09438
Brno,Trenčín,148,373,1.38525,-0.509964,2.09168
Brno,Vienna,148,410,1.5841,-0.508389,2.38944
Brno,Olomouc,148,716,1.40708,-0.511676,2.12705
Bratislava,Rajka,149,150,1.47981,-0.506946,2.22999
Bratislava,Žilina,149,195,1.593,-0.510505,2.40623
Bratislava,Győr,149,196,1.47594,-0.502561,2.2177
Bratislava,Vienna,149,410,2.04724,-0.504148,3.07935
Bratislava,Zvolen,149,568,2.08447,-0.506467,3.14018
Bratislava,Dunajská Streda,149,724,1.27136,-0.507023,1.91597
Rajka,Csorna,150,151,0.585645,-0.506722,0.882404
Csorna,Szombathely,151,152,0.284998,-0.503702,0.428553
Szombathely,Zalaegerszeg,152,153,0.27146,-0.496831,0.40633
Zalaegerszeg,Nagykanizsa,153,154,0.527662,-0.493182,0.787895
Nagykanizsa,Letenye,154,155,0.327316,-0.492464,0.488507
Nagykanizsa,Zagreb,154,156,0.70679,-0.490938,1.05378
Nagykanizsa,Balatonvilágos,154,553,1.04689,-0.493307,1.56333
Letenye,Zagreb,155,156,0.379474,-0.489623,0.565273
Zagreb,Karlovac,156,157,0.555456,-0.489462,0.82733
Zagreb,Ljubljana,156,454,0.542564,-0.490828,0.808869
Zagreb,Slavonski Brod,156,455,0.596515,-0.482756,0.884487
Zagreb,Maribor,156,535,0.662999,-0.494079,0.990573
Karlovac,Rijeka,157,158,0.243946,-0.487761,0.362934
Karlovac,Knin,157,554,0.19591,-0.487842,0.291483
Rijeka,Split,158,159,0.163372,-0.48584,0.242744
Rijeka,Trieste,158,452,0.418011,-0.487492,0.621788
Split,Dubrovnik,159,160,0.114312,-0.479968,0.169178
Split,Knin,159,554,0.115335,-0.485179,0.171294
Dubrovnik,Petrovac,160,161,0.0363023,-0.473993,0.0535093
Dubrovnik,Podgorica,160,162,0.0782131,-0.467646,0.114789
Petrovac,Podgorica,161,162,0.0503447,-0.462002,0.0736041
Petrovac,Prizren,161,744,0.046216,-0.462344,0.0675837
Podgorica,Bijelo Polje,162,163,0.0774906,-0.462636,0.113341
Podgorica,Pristina,162,164,0.10658,-0.461367,0.155753
Podgorica,Sarajevo,162,737,0.133561,-0.463156,0.195421
Bijelo Polje,Pristina,163,164,0.107258,-0.461232,0.156729
Bijelo Polje,Nova Varoš,163,740,0.118211,-0.463967,0.173057
Pristina,Skopje,164,165,0.141906,-0.458097,0.206913
Pristina,Niš,164,202,0.286578,-0.463317,0.419354
Pristina,Prizren,164,744,0.087986,-0.460668,0.128518
Skopje,Kičevo,165,166,0.095122,-0.454445,0.13835
Skopje,Kumanovo,165,203,0.139067,-0.457826,0.202735
Skopje,Veles,165,204,0.0996256,-0.452716,0.144728
Kičevo,Ohrid,166,167,0.0388391,-0.451935,0.0563918
Ohrid,Bitola,167,168,0.0176617,-0.445778,0.0255348
Bitola,Niki,168,169,0.0122305,-0.431461,0.0175076
Niki,Vevi,169,170,0.0173535,-0.419562,0.0246343
Vevi,Kozani,170,171,0.037038,-0.417146,0.0524883
Kozani,Larissa,171,172,0.0250333,-0.416835,0.035468
Kozani,Thessaloniki,171,207,0.0827387,-0.41909,0.117414
Kozani,Ioannina,171,477,0.0304363,-0.416498,0.043113
Larissa,Domokos,172,173,0.0110629,-0.415874,0.0156636
Larissa,Lamia,172,174,0.0110629,-0.415874,0.0156636
Larissa,Katerini,172,208,0.0319838,-0.417692,0.0453432
Larissa,Trikala,172,687,0.0157036,-0.415288,0.0222251
Domokos,Lamia,173,174,6.60106e-05,-0.484759,3.30053e-05
Aigio,Corinth,175,176,0.000455993,-0.403431,0.000639954
Corinth,Tripoli,176,177,0.000218726,-0.400063,0.00030623
Varangerbotn,Utsjoki,178,179,0.0633331,-0.49823,0.0948875
Varangerbotn,Kirkenes,178,243,0.1762,-0.520075,0.267838
Varangerbotn,Karasjok,178,502,0.0632814,-0.498329,0.0948163
Utsjoki,Inari,179,180,0.0247372,-0.494717,0.0369751
Inari,Ivalo,180,181,0.0106171,-0.48412,0.0157571
Ivalo,Sodankylä,181,182,0.00677696,-0.454158,0.00985477
Sodankylä,Rovaniemi,182,183,0.00610416,-0.411441,0.00861566
Sodankylä,Kemijärvi,182,539,0.004146,-0.425452,0.00590993
Rovaniemi,Kemi,183,184,0.00791462,-0.393707,0.0110307
Kemi,Oulu,184,185,0.0121348,-0.403483,0.017031
Kemi,Tornio,184,614,0.00784367,-0.382231,0.0108418
Oulu,Jyväskylä,185,186,0.0132776,-0.430343,0.0189916
Oulu,Kokkola,185,615,0.00992214,-0.42626,0.0141516
Jyväskylä,Heinola,186,187,0.0202787,-0.464823,0.0297048
Jyväskylä,Kuopio,186,544,0.0134216,-0.441141,0.0193424
Jyväskylä,Tampere,186,545,0.0193464,-0.457326,0.028194
Heinola,Lahti,187,188,0.0262474,-0.495597,0.0392555
Lahti,Helsinki,188,189,0.0582323,-0.510794,0.087977
Helsinki,Hämeenlinna,189,618,0.0587097,-0.510587,0.0886862
Helsinki,Kotka,189,621,0.173026,-0.522591,0.263448
Gdańsk,Świecie,190,191,1.8149,-0.52672,2.77084
Gdańsk,Kaliningrad,190,563,1.41833,-0.529097,2.16876
Gdańsk,Elbląg,190,564,1.55858,-0.526908,2.37981
Gdańsk,Gdynia,190,639,1.11513,-0.527556,1.70342
Świecie,Łódź,191,192,1.27472,-0.525233,1.94424
Świecie,Poznań,191,315,1.70015,-0.52528,2.59321
Łódź,Piotrków Trybunalski,192,193,1.45997,-0.524963,2.2264
Piotrków Trybunalski,Katowice,193,194,1.71418,-0.523093,2.61086
Piotrków Trybunalski,Warsaw,193,316,2.53346,-0.526237,3.86666
Piotrków Trybunalski,Wrocław,193,339,1.73247,-0.523333,2.63913
Katowice,Žilina,194,195,1.37497,-0.517742,2.08684
Katowice,Zabrze,194,342,1.22761,-0.520932,1.86711
Katowice,Kraków,194,343,1.88624,-0.521083,2.86913
Katowice,Český Těšín,194,717,0.97036,-0.519789,1.47474
Žilina,Olomouc,195,716,0.811634,-0.513553,1.22845
Győr,Budapest,196,197,2.0265,-0.500267,3.04029
Győr,Vámosszabadi,196,726,0.931663,-0.502907,1.4002
Budapest,Szeged,197,198,2.01744,-0.490868,3.00774
Budapest,Mosonmagyaróvár,197,412,2.14284,-0.498065,3.21011
Budapest,Szolnok,197,413,2.02485,-0.492901,3.02291
Budapest,Miskolc,197,552,2.11837,-0.4963,3.16971
Budapest,Balatonvilágos,197,553,1.82233,-0.49379,2.72218
Budapest,Szekszárd,197,555,1.66168,-0.493825,2.48226
Budapest,Zvolen,197,568,1.98628,-0.50021,2.97984
Szeged,Subotica,198,199,1.16643,-0.48274,1.72952
Szeged,Arad,198,684,1.40058,-0.483395,2.07762
Subotica,Novi Sad,199,200,0.6563,-0.480431,0.971608
Subotica,Sombor,199,735,0.614124,-0.484167,0.911463
Novi Sad,Belgrade,200,201,0.615002,-0.476613,0.908119
Belgrade,Niš,201,202,0.50012,-0.470464,0.735409
Belgrade,Slavonski Brod,201,455,0.551843,-0.478061,0.815658
Belgrade,Vršac,201,456,0.493505,-0.473363,0.727113
Belgrade,Čačak,201,739,0.431873,-0.471234,0.635387
Niš,Kumanovo,202,203,0.206205,-0.464533,0.301993
Niš,Drobeta-Turnu Severin,202,458,0.482244,-0.469626,0.708718
Niš,Sofia,202,468,0.337097,-0.455302,0.490579
Kumanovo,Kyustendil,203,745,0.126126,-0.455906,0.183628
Veles,Gevgelija,204,205,0.051595,-0.44334,0.0744692
Gevgelija,Evzoni,205,206,0.0493128,-0.42821,0.0704291
Evzoni,Thessaloniki,206,207,0.0892631,-0.421344,0.126874
Thessaloniki,Katerini,207,208,0.0601041,-0.41978,0.0853345
Thessaloniki,Alexandroupoli,207,233,0.124492,-0.417844,0.17651
Thessaloniki,Serres,207,577,0.109857,-0.426167,0.156674
Klaipėda,Kaunas,209,210,2.13243,-0.531755,3.26637
Klaipėda,Palanga,209,704,1.25425,-0.53253,1.92217
Kaunas,Vilnius,210,211,2.36382,-0.531461,3.62009
Kaunas,Warsaw,210,316,4.49879,-0.529569,6.88121
Kaunas,Riga,210,547,3.10919,-0.530825,4.75963
Kaunas,Ukmergė,210,701,1.98812,-0.531477,3.04475
Vilnius,Lida,211,212,2.21369,-0.531721,3.39075
Vilnius,Minsk,211,318,4.45294,-0.529804,6.81212
Vilnius,Marijampolė,211,641,2.32604,-0.531958,3.5634
Vilnius,Ukmergė,211,701,2.32811,-0.531871,3.56636
Lida,Slonim,212,213,0.864931,-0.531636,1.32476
Slonim,Kobryn,213,214,0.43583,-0.528229,0.666048
Kobryn,Dubno,214,215,0.467166,-0.52076,0.710448
Dubno,Ternopil,215,216,0.985065,-0.517054,1.4944
Ternopil,Chernivtsi,216,217,1.0963,-0.514725,1.66059
Ternopil,Stryj,216,379,1.54962,-0.513984,2.3461
Ternopil,Khmelnytskyi,216,380,1.41227,-0.518798,2.14495
Chernivtsi,Siret,217,218,0.799556,-0.509725,1.20711
Siret,Suceava,218,219,1.31792,-0.505574,1.98423
Suceava,Roman,219,220,1.28381,-0.503736,1.93051
Suceava,Halmeu,219,578,1.97068,-0.502612,2.96116
Suceava,Iaşi,219,670,1.76539,-0.507056,2.66055
Roman,Urziceni,220,221,0.692114,-0.500518,1.03853
Urziceni,Bucharest,221,222,0.456422,-0.491805,0.680892
Urziceni,Slobozia,221,421,0.387401,-0.498012,0.580331
Bucharest,Giurgiu,222,223,0.220634,-0.481912,0.32696
Bucharest,Ploieşti,222,420,0.200812,-0.483851,0.297975
Bucharest,Constanţa,222,423,0.305034,-0.487278,0.45367
Bucharest,Alexandria,222,460,0.227744,-0.480064,0.337075
Bucharest,Piteşti,222,583,0.24899,-0.481202,0.368805
Giurgiu,Ruse,223,224,0.111631,-0.477361,0.164919
Ruse,Byala,224,225,0.0557774,-0.469278,0.0819525
Ruse,Razgrad,224,461,0.0522121,-0.470853,0.0767963
Byala,Veliko Tarnovo,225,226,0.0425296,-0.463762,0.0622532
Byala,Pleven,225,584,0.0410075,-0.458802,0.0598218
Veliko Tarnovo,Stara Zagora,226,227,0.0475495,-0.462785,0.0695547
Veliko Tarnovo,Shumen,226,462,0.0472291,-0.468543,0.069358
Stara Zagora,Haskovo,227,228,0.028327,-0.460166,0.0413622
Stara Zagora,Burgas,227,590,0.0430288,-0.468473,0.0631867
Haskovo,Svilengrad,228,229,0.0128965,-0.450915,0.0187117
Svilengrad,Ormenio,229,230,0.00909635,-0.432414,0.0130297
Ormenio,Kastanies,230,231,0.013163,-0.418251,0.0186684
Kastanies,Didymoteicho,231,232,0.0282405,-0.415157,0.0399648
Didymoteicho,Alexandroupoli,232,233,0.0667666,-0.415539,0.0945107
Alexandroupoli,Gelibolu,233,478,0.0832964,-0.41505,0.117869
Saint Petersburg,Pskov,234,235,4.30357,-0.526417,6.56904
Saint Petersburg,Moscow,234,239,7.88557,-0.520656,11.9912
Saint Petersburg,Petrozavodsk,234,245,2.71924,-0.52371,4.14333
Saint Petersburg,Narva,234,304,3.24393,-0.52556,4.94881
Saint Petersburg,Vyborg,234,623,2.71921,-0.52371,4.14328
Pskov,Gomel,235,236,5.74348,-0.528593,8.77944
Pskov,Riga,235,547,4.15349,-0.529278,6.35184
Gomel,Kiev,236,237,7.85339,-0.525226,11.9782
Gomel,Babruysk,236,703,4.80203,-0.528539,7.34009
Kiev,Odessa,237,238,5.54824,-0.520023,8.43346
Kiev,Hlukhiv,237,242,6.79783,-0.519767,10.3311
Kiev,Kharkiv,237,247,6.56521,-0.518112,9.96673
Kiev,Rivne,237,348,4.94745,-0.521846,7.52926
Kiev,Zhytomyr,237,349,3.93908,-0.521863,5.99474
Odessa,Izmail,238,586,1.8311,-0.519238,2.78188
Odessa,Chişinău,238,672,2.16576,-0.518916,3.28961
Odessa,Mykolaiv,238,673,2.14056,-0.519869,3.25337
Moscow,Kaluga,239,240,5.51813,-0.518461,8.37907
Moscow,Orel,239,246,5.83625,-0.512796,8.82906
Moscow,Voronezh,239,248,5.96364,-0.511774,9.01568
Moscow,Tambov,239,256,5.14713,-0.510045,7.7724
Moscow,Smolensk,239,319,6.12757,-0.522603,9.32986
Moscow,Ryazan,239,320,4.41999,-0.511967,6.68287
Moscow,Velikiye Luki,239,628,5.33019,-0.519676,8.10016
Moscow,Vladimir,239,629,4.50757,-0.510581,6.80905
Kaluga,Bryansk,240,241,3.06301,-0.520243,4.65651
Bryansk,Hlukhiv,241,242,3.7949,-0.520726,5.771
Hlukhiv,Kursk,242,645,4.0232,-0.519475,6.11315
Kirkenes,Murmansk,243,244,0.392532,-0.524464,0.598401
Murmansk,Petrozavodsk,244,245,1.0206,-0.524477,1.55588
Orel,Kharkiv,246,247,4.41127,-0.515768,6.68647
Kharkiv,Luhansk,247,350,3.56291,-0.517419,5.40643
Voronezh,Novorossiysk,248,249,3.74553,-0.505136,5.63754
Voronezh,Kursk,248,645,3.82341,-0.515976,5.7962
Voronezh,Saratov,248,646,3.04004,-0.505223,4.57594
Novorossiysk,Dzhankoy,249,601,1.52709,-0.508343,2.30337
Novorossiysk,Sochi,249,602,1.48085,-0.507999,2.23312
Mineralnye Vody,Nalchik,250,251,0.187084,-0.502162,0.28103
Mineralnye Vody,Makhachkala,250,260,0.418578,-0.501114,0.628333
Mineralnye Vody,Armavir,250,387,0.223732,-0.504738,0.336658
Nalchik,Vladikavkaz,251,252,0.0714918,-0.50196,0.107378
Vladikavkaz,Stepantsminda,252,253,0.027672,-0.501683,0.0415545
Stepantsminda,Mtskheta,253,254,0.0116173,-0.501146,0.0174393
Mtskheta,Tbilisi,254,255,0.00720658,-0.500386,0.0108127
Tbilisi,Gori,255,428,0.00466777,-0.501543,0.00700885
Tbilisi,Rustavi,255,429,0.00674094,-0.499843,0.0101104
Tambov,Povorino,256,257,2.34842,-0.51101,3.54849
Povorino,Volgograd,257,258,1.94985,-0.511795,2.94777
Volgograd,Astrakhan,258,259,2.0382,-0.506925,3.07142
Volgograd,Luhansk,258,350,2.30756,-0.514761,3.4954
Astrakhan,Makhachkala,259,260,1.28546,-0.500746,1.92914
Astrakhan,Atyrau,259,265,1.6332,-0.493337,2.43892
Makhachkala,Kuba,260,261,0.411991,-0.500737,0.61829
Kuba,Baku,261,262,0.157352,-0.500568,0.236117
Baku,Yevlakh,262,431,0.0602442,-0.500412,0.0903911
Samara,Oral,263,264,1.26027,-0.475412,1.85942
Samara,Penza,263,321,1.25121,-0.492337,1.86723
Samara,Ufa,263,322,0.894942,-0.4704,1.31592
Oral,Atyrau,264,265,1.3168,-0.47131,1.93742
Oral,Saratov,264,646,1.92275,-0.493158,2.87097
Oral,Aktobe,264,647,0.90399,-0.474662,1.33308
Atyrau,Beineu,265,266,0.64266,-0.480942,0.951742
Atyrau,Beyneu,265,351,0.64266,-0.480942,0.951742
Beineu,Shetpe,266,267,0.250138,-0.479612,0.370107
Shetpe,Zhetybai,267,268,0.097554,-0.478277,0.144212
Zhetybai,Fetisovo,268,269,0.0382857,-0.476655,0.0565348
Fetisovo,Bekdash,269,270,0.0155155,-0.473618,0.022864
Bekdash,Türkmenbaşy,270,271,0.00744225,-0.464667,0.0109004
Türkmenbaşy,Gyzylarbat,271,272,0.00628529,-0.448325,0.00910315
Gyzylarbat,Ashgabat,272,432,0.010764,-0.44157,0.0155171
Chelyabinsk,Kostanay,273,274,0.185072,-0.465799,0.271278
Chelyabinsk,Ufa,273,322,0.400143,-0.469301,0.587931
Chelyabinsk,Kurgan,273,323,0.202927,-0.464158,0.297117
Kostanay,Esil,274,275,0.0788189,-0.461392,0.115185
Esil,Derzhavinsk,275,276,0.0452988,-0.446501,0.0655248
Derzhavinsk,Arkalyk,276,277,0.0522307,-0.42493,0.074425
Arkalyk,Jezkazgan,277,278,0.103551,-0.415626,0.14659
Jezkazgan,Kyzylorda,278,279,0.156817,-0.410355,0.221168
Jezkazgan,Karaganda,278,286,0.152831,-0.416002,0.216409
Kyzylorda,Shymkent,279,280,0.145177,-0.410408,0.204759
Kyzylorda,Novokazalinsk,279,650,0.117875,-0.42094,0.167494
Shymkent,Tashkent,280,281,0.107213,-0.404418,0.150571
Shymkent,Zhambyl,280,359,0.0871944,-0.404986,0.122507
Tashkent,Ayni,281,282,0.0376138,-0.403703,0.0527985
Tashkent,Jizzakh,281,358,0.0483809,-0.403645,0.0679095
Tashkent,Kokand,281,689,0.039722,-0.402547,0.055712
Ayni,Dushanbe,282,283,0.0282559,-0.397929,0.0394997
Ayni,Kokand,282,689,0.0141566,-0.397767,0.0197876
Dushanbe,Termez,283,440,0.0151213,-0.394807,0.0210914
Dushanbe,Jirgatal,283,441,0.0154497,-0.394563,0.0215455
Dushanbe,Kulob,283,692,0.0113076,-0.394686,0.0157705
Ishim,Astana,284,285,0.0805162,-0.439012,0.115864
Ishim,Omsk,284,291,0.0805162,-0.439012,0.115864
Ishim,Kurgan,284,323,0.136448,-0.455603,0.198614
Ishim,Tyumen,284,635,0.0911235,-0.45228,0.132337
Astana,Karaganda,285,286,0.081001,-0.425523,0.115469
Karaganda,Balkhash,286,287,0.0879437,-0.415013,0.124442
Karaganda,Pavlodar,286,292,0.0948151,-0.421601,0.134789
Balkhash,Burubaytal,287,288,0.0511158,-0.411021,0.0721255
Burubaytal,Almaty,288,289,0.0563073,-0.405187,0.0791223
Almaty,Bishkek,289,290,0.083944,-0.401676,0.117662
Almaty,Sary-Ozek,289,360,0.040637,-0.402271,0.0569841
Almaty,Kokpek,289,695,0.0333691,-0.402378,0.046796
Bishkek,Zhambyl,290,359,0.0755711,-0.40226,0.10597
Bishkek,Osh,290,691,0.0747509,-0.400258,0.104671
Omsk,Pavlodar,291,292,0.0600677,-0.430645,0.0859355
Pavlodar,Semey,292,293,0.0491242,-0.42474,0.0699892
Semey,Georgiyevka,293,294,0.0203485,-0.424239,0.0289812
Georgiyevka,Ayagoz,294,364,0.00883815,-0.42271,0.0125741
Narvik,Kiruna,295,296,0.00155252,-0.364298,0.00211811
Narvik,Setermoen,295,498,0.00111753,-0.419188,0.00158599
Kiruna,Töre,296,297,0.00311868,-0.347652,0.00420289
Töre,Luleå,297,298,0.00685327,-0.345171,0.00921881
Luleå,Umeå,298,612,0.0118604,-0.344107,0.0159416
Luleå,Haparanda,298,613,0.00769144,-0.348399,0.0103711
Helsingborg,Halmstad,299,300,0.00981666,-0.345574,0.013209
Helsingborg,Jönköping,299,605,0.00604522,-0.345566,0.00813424
Örebro,Stockholm,301,302,0.0188692,-0.345349,0.0253856
Örebro,Karlstad,301,620,0.0112769,-0.345475,0.0151728
Stockholm,Södertälje,302,608,0.0139315,-0.345162,0.0187401
Stockholm,Uppsala,302,609,0.0164579,-0.344822,0.022133
Tallinn,Narva,303,304,1.95107,-0.527857,2.98096
Tallinn,Riga,303,547,2.71799,-0.52911,4.1561
Colchester,Ipswich,305,306,6.60106e-05,-0.484759,6.60106e-05
Ipswich,Cambridge,306,636,6.60106e-05,-0.484759,6.60106e-05
The Hague,Gouda,307,308,0.38715,-0.521457,0.589032
Amersfoort,Oldenzaal,309,310,0.660568,-0.521759,1.00523
Amersfoort,Hoogeveen,309,698,0.616404,-0.52166,0.937957
Oldenzaal,Osnabrück,310,311,0.57326,-0.522719,0.872914
Osnabrück,Bad Oeynhausen,311,312,1.08526,-0.523135,1.653
Bad Oeynhausen,Dortmund,312,508,1.8735,-0.523384,2.85406
Braunschweig,Magdeburg,313,314,1.4192,-0.521067,2.1587
Magdeburg,Halle,314,518,1.49801,-0.520368,2.27753
Poznań,Warsaw,315,316,2.92326,-0.525859,4.46048
Poznań,Wrocław,315,339,1.68309,-0.523802,2.56469
Warsaw,Elbląg,316,564,2.36238,-0.527105,3.6076
Warsaw,Radom,316,565,2.77144,-0.525226,4.22707
Warsaw,Lublin,316,713,3.30977,-0.525649,5.04955
Brest,Rennes,317,365,0.320784,-0.513153,0.485396
Brest,Lorient,317,388,0.174895,-0.512688,0.264562
Minsk,Smolensk,318,319,4.63496,-0.526387,7.07475
Minsk,Babruysk,318,703,4.25541,-0.529102,6.50695
Ryazan,Penza,320,321,1.88059,-0.507828,2.8356
Ufa,Yelabuga,322,632,0.444041,-0.473186,0.654155
Bruges,Ghent,324,325,1.62601,-0.516837,2.4664
Bruges,Zeebrugge,324,642,1.84455,-0.517226,2.7986
Ghent,Brussels,325,326,2.21936,-0.51712,3.36703
Brussels,Leuven,326,327,2.87556,-0.518894,4.36767
Leuven,Hasselt,327,708,1.91562,-0.521016,2.91369
Eupen,Aachen,328,329,2.34583,-0.522911,3.57249
Eupen,St. Vith,328,653,1.19946,-0.521988,1.82557
Aachen,Heerlen,329,709,1.85178,-0.523329,2.82088
Olpe,Wetzlar,330,331,2.20595,-0.523689,3.36118
Wetzlar,Gießen,331,332,2.20979,-0.523841,3.36737
Wetzlar,Dortmund,331,508,3.07291,-0.523723,4.68227
Wetzlar,Aschaffenburg,331,509,2.36669,-0.523542,3.60575
Wetzlar,Koblenz,331,660,2.31682,-0.523624,3.52996
Gießen,Bad Hersfeld,332,333,1.37549,-0.524027,2.09628
Bad Hersfeld,Eisenach,333,334,0.638087,-0.523391,0.972056
Eisenach,Erfurt,334,335,0.568623,-0.521282,0.865036
Erfurt,Gera,335,336,1.09198,-0.519971,1.65979
Gera,Chemnitz,336,337,1.62221,-0.519467,2.4649
Gera,Leipzig,336,526,1.63635,-0.519838,2.48699
Gera,Hirschberg,336,527,1.15135,-0.519637,1.74963
Chemnitz,Plauen,337,519,1.52886,-0.519408,2.32296
Wrocław,Opole,339,340,1.37998,-0.522028,2.10037
Wrocław,Kłodzko,339,548,1.40035,-0.522078,2.13145
Opole,Gliwice,340,341,0.656875,-0.521857,0.999669
Gliwice,Zabrze,341,342,0.619357,-0.521323,0.942242
Kraków,Rzeszów,343,344,0.889885,-0.521004,1.35352
Kraków,Radom,343,565,1.10423,-0.523847,1.68268
Kraków,Trstená,343,566,1.10297,-0.519043,1.67546
Rzeszów,Jarosław,344,345,0.860597,-0.521732,1.3096
Rzeszów,Radom,344,565,0.958886,-0.524291,1.46162
Rzeszów,Barwinek,344,710,0.67438,-0.521848,1.0263
Jarosław,Korczowa,345,346,0.927322,-0.520035,1.40956
Korczowa,Lviv,346,347,1.95853,-0.518854,2.97472
Lviv,Rivne,347,348,2.68053,-0.520403,4.07548
Lviv,Mukachevo,347,378,3.40641,-0.514412,5.15871
Lviv,Lublin,347,713,1.99876,-0.52133,3.04077
Rivne,Zhytomyr,348,349,1.70487,-0.522545,2.59574
Rivne,Kovel,348,714,1.68376,-0.522671,2.56381
Zhytomyr,Vinnytsia,349,381,2.85092,-0.522848,4.34151
Beyneu,Qo‘ng‘irot,351,352,0.252244,-0.479298,0.373144
Qo‘ng‘irot,Nukus,352,353,0.103629,-0.476332,0.152991
Nukus,Daşoguz,353,354,0.053737,-0.468641,0.0789203
Daşoguz,Bukhara,354,355,0.0188683,-0.444789,0.0272606
Daşoguz,Ashgabat,354,432,0.0213792,-0.44665,0.0309282
Daşoguz,Uchkuduk,354,688,0.0144391,-0.456654,0.0210327
Bukhara,Navoiy,355,356,0.0154097,-0.419302,0.0218711
Bukhara,Alat,355,436,0.0125001,-0.424276,0.0178036
Bukhara,Karshi,355,437,0.0126741,-0.423188,0.0180377
Bukhara,Uchkuduk,355,688,0.00901481,-0.43003,0.0128914
Navoiy,Samarkand,356,357,0.0132734,-0.407962,0.0186884
Samarkand,Jizzakh,357,358,0.0219671,-0.403333,0.0308271
Sary-Ozek,Taldykorgan,360,361,0.0193884,-0.401741,0.0271776
Sary-Ozek,Koktal,360,697,0.0182854,-0.401597,0.0256288
Taldykorgan,Ucharal,361,362,0.00861067,-0.402493,0.0120764
Ucharal,Taskesken,362,363,0.0047644,-0.407355,0.00670519
Taskesken,Ayagoz,363,364,0.00479972,-0.417015,0.00680127
Rennes,Le Mans,365,366,0.795896,-0.513242,1.20438
Le Mans,Angers,366,391,0.649261,-0.513269,0.982507
Le Mans,Tours,366,392,0.753242,-0.512478,1.13926
Le Mans,Rouen,366,662,1.25426,-0.51485,1.90002
Reims,Charleroi,367,651,1.7644,-0.516612,2.67591
Reims,Charleville-Mézières,367,658,1.61877,-0.517491,2.45646
Reims,Rouen,367,662,1.8139,-0.515019,2.74809
Saarbrücken,Mannheim,368,369,3.2123,-0.522742,4.89151
Saarbrücken,Trier,368,659,1.6503,-0.521466,2.51087
Mannheim,Heilbronn,369,370,3.00291,-0.522554,4.57209
Rozvadov,Plzeň,371,372,2.35817,-0.517307,3.57807
Plzeň,Karlovy Vary,372,523,1.63134,-0.516701,2.47425
Plzeň,České Budějovice,372,524,1.87235,-0.515187,2.83696
Plzeň,Bayerisch Eisenstein,372,530,1.92828,-0.516296,2.92385
Trenčín,Prešov,373,374,1.20127,-0.509714,1.81358
Prešov,Košice,374,375,1.84861,-0.508431,2.78851
Prešov,Svidník,374,712,0.913614,-0.509946,1.37951
Košice,Vyšné Nemecké,375,376,0.929144,-0.507735,1.4009
Košice,Uzhhorod,375,377,1.81979,-0.507911,2.74408
Košice,Miskolc,375,552,1.62562,-0.504297,2.44541
Košice,Zvolen,375,568,1.72974,-0.506265,2.60544
Vyšné Nemecké,Uzhhorod,376,377,0.890645,-0.508095,1.34318
Uzhhorod,Mukachevo,377,378,2.96849,-0.506444,4.47186
Uzhhorod,Chop,377,723,1.47507,-0.507713,2.22399
Mukachevo,Stryj,378,379,2.17057,-0.509854,3.27724
Mukachevo,Halmeu,378,578,2.55232,-0.505858,3.84343
Khmelnytskyi,Vinnytsia,380,381,1.76828,-0.521918,2.69118
Vinnytsia,Uman,381,382,1.72786,-0.52265,2.63092
Vinnytsia,Mohyliv-Podilskyi,381,728,1.59312,-0.522121,2.42493
Uman,Kirovohrad,382,383,1.29175,-0.521546,1.96546
Kirovohrad,Dnipropetrovsk,383,384,0.890487,-0.520531,1.35401
Kirovohrad,Chişinău,383,672,1.76824,-0.519466,2.68678
Dnipropetrovsk,Donetsk,384,385,0.371203,-0.520117,0.564271
Donetsk,Rostov-on-Don,385,386,0.238055,-0.517887,0.361341
Rostov-on-Don,Armavir,386,387,0.194964,-0.512011,0.294787
Rostov-on-Don,Taganrog,386,675,0.213227,-0.516827,0.323429
Lorient,Vannes,388,389,0.208339,-0.511885,0.314985
Vannes,Nantes,389,390,0.455074,-0.511514,0.687851
Nantes,Angers,390,391,0.634283,-0.511833,0.958929
Nantes,Poitiers,390,676,0.889225,-0.511143,1.34375
Angers,Tours,391,392,0.487648,-0.509768,0.736235
Tours,Vierzon,392,503,0.633921,-0.508928,0.956541
Montargis,Auxerre,393,394,1.17583,-0.511761,1.77758
Auxerre,Beaune,394,395,2.22238,-0.512764,3.36194
Beaune,Dole,395,396,2.28322,-0.514749,3.45851
Beaune,Antwerp,395,505,3.92825,-0.515626,5.95375
Dole,Besançon,396,397,1.21803,-0.515925,1.84644
Besançon,Belfort,397,398,1.40967,-0.517509,2.13918
Zürich,Winterthur,399,400,1.38815,-0.518427,2.10781
Winterthur,St. Gallen,400,401,0.988197,-0.518421,1.5005
Winterthur,Schaffhausen,400,511,1.36198,-0.52017,2.07044
St. Gallen,St. Margrethen,401,402,0.895678,-0.51705,1.35879
St. Margrethen,Bregenz,402,403,1.46312,-0.515993,2.21809
St. Margrethen,Buchs,402,514,0.683106,-0.516318,1.03581
Bregenz,Feldkirch,403,748,1.40112,-0.515443,2.12331
Bregenz,Lindau,403,513,2.21123,-0.515942,3.3521
Feldkirch,Landeck,748,404,0.633619,-0.514344,0.959516
Feldkirch,Imst,748,406,0.660849,-0.514271,1.0007
Landeck,Telfs,404,405,0.440221,-0.513572,0.666306
Sattledt,Liezen,408,532,0.920516,-0.509925,1.38991
Sattledt,Wels,408,669,0.990326,-0.512323,1.49769
Sankt Pölten,Vienna,409,410,1.90485,-0.508497,2.87346
Vienna,Nickelsdorf,410,411,2.06072,-0.506223,3.1039
Vienna,Halámky,410,525,2.01296,-0.508596,3.03675
Vienna,Graz,410,534,2.52612,-0.505879,3.80404
Nickelsdorf,Mosonmagyaróvár,411,412,1.39872,-0.502644,2.10178
Szolnok,Püspökladány,413,414,1.44022,-0.490001,2.14594
Püspökladány,Oradea,414,415,1.79833,-0.488719,2.67721
Püspökladány,Nyíregyháza,414,722,1.14221,-0.493052,1.70538
Oradea,Cluj-Napoca,415,416,0.831565,-0.484349,1.23433
Oradea,Berettyóújfalu,415,570,1.23507,-0.488659,1.83859
Oradea,Beiuş,415,571,0.791937,-0.485293,1.17626
Oradea,Satu Mare,415,579,1.31969,-0.489769,1.96604
Oradea,Arad,415,684,1.32514,-0.483538,1.96589
Cluj-Napoca,Turda,416,417,0.523843,-0.484304,0.777542
Cluj-Napoca,Zalău,416,580,0.517217,-0.487969,0.769604
Turda,Târgu Mureş,417,418,0.226335,-0.481526,0.335321
Turda,Sebeş,417,581,0.233666,-0.481275,0.346124
Târgu Mureş,Braşov,418,419,0.157705,-0.479266,0.233287
Braşov,Ploieşti,419,420,0.133913,-0.480089,0.198203
Braşov,Sibiu,419,582,0.185306,-0.478381,0.273953
Braşov,Piteşti,419,583,0.109379,-0.476883,0.16154
Slobozia,Hârşova,421,422,0.269576,-0.499324,0.404181
Slobozia,Galaţi,421,588,0.477605,-0.506139,0.71934
Hârşova,Constanţa,422,423,0.266239,-0.493072,0.397514
Constanţa,Varna,423,463,0.207904,-0.485062,0.30875
Constanţa,Tulcea,423,589,0.271728,-0.498369,0.407149
Senaki,Samtredia,424,425,0.0303367,-0.513854,0.0459253
Senaki,Zugdidi,424,604,0.0802411,-0.512268,0.121346
Samtredia,Kutaisi,425,426,0.0116096,-0.516486,0.0176057
Kutaisi,Khashuri,426,427,0.00487477,-0.51525,0.0073865
Khashuri,Gori,427,428,0.00316344,-0.508256,0.00477127
Rustavi,Ganja,429,430,0.0100575,-0.499934,0.0150856
Ganja,Yevlakh,430,431,0.0234302,-0.500234,0.0351509
Ashgabat,Tejen,432,433,0.0103622,-0.438623,0.0149073
Tejen,Mary,433,434,0.00493177,-0.430484,0.00705482
Mary,Türkmenabat,434,435,0.00374742,-0.421273,0.0053261
Türkmenabat,Alat,435,436,0.00572043,-0.420133,0.00812378
Karshi,Guzar,437,438,0.00615371,-0.414345,0.00870347
Guzar,Sherobod,438,439,0.00473281,-0.401832,0.0066346
Sherobod,Termez,439,440,0.00711549,-0.395137,0.00992708
Jirgatal,Sary Tash,441,442,0.0142805,-0.394929,0.0199203
Jirgatal,Khorugh,441,694,0.00857095,-0.393438,0.0119431
Sary Tash,Irkeshtam,442,443,0.0190666,-0.397034,0.0266367
Irkeshtam,Osh,443,691,0.038993,-0.398542,0.0545333
A Coruña,Bilbao,444,445,0.0751875,-0.493947,0.112326
A Coruña,Pontevedra,444,481,0.0310557,-0.490038,0.0462742
Clermont-Ferrand,Montluçon,446,504,0.721941,-0.506126,1.08733
Chambéry,Susa,447,448,0.786405,-0.507033,1.18514
Chambéry,Marseille,447,736,0.601123,-0.50788,0.906421
Susa,Turin,448,449,0.479013,-0.501186,0.719087
Tortona,Brescia,450,451,0.148186,-0.472578,0.218215
Trieste,Postojna,452,453,0.22378,-0.487691,0.332916
Trieste,Ljubljana,452,454,0.454537,-0.49187,0.678111
Postojna,Ljubljana,453,454,0.32612,-0.49457,0.487409
Ljubljana,Maribor,454,535,0.588828,-0.498145,0.88215
Ljubljana,Naklo,454,538,0.854605,-0.497847,1.28007
Vršac,Timişoara,456,457,0.500172,-0.474015,0.737261
Timişoara,Drobeta-Turnu Severin,457,458,0.557591,-0.473368,0.821536
Timişoara,Arad,457,684,0.948301,-0.478156,1.40174
Drobeta-Turnu Severin,Craiova,458,459,0.522682,-0.470713,0.768715
Craiova,Alexandria,459,460,0.221784,-0.473584,0.326817
Craiova,Târgu Jiu,459,574,0.307852,-0.471269,0.452933
Craiova,Piteşti,459,583,0.287642,-0.472529,0.423561
Razgrad,Shumen,461,462,0.0459905,-0.469666,0.0675906
Shumen,Varna,462,463,0.0777917,-0.476047,0.114824
Varna,Burgas,463,590,0.076525,-0.476182,0.112965
Lisbon,Valladolid,464,465,0.0501453,-0.48246,0.0743384
Lisbon,Porto,464,483,0.0428473,-0.476296,0.0632553
Lisbon,Albufeira,464,484,0.0412782,-0.474901,0.0608813
Toulouse,Nice,466,467,0.640928,-0.497347,0.959691
Nice,Cuneo,467,685,0.251816,-0.49114,0.375494
Sofia,Plovdiv,468,469,0.180108,-0.450017,0.26116
Sofia,Botevgrad,468,575,0.180841,-0.450111,0.26224
Sofia,Blagoevgrad,468,576,0.191696,-0.447861,0.277549
Sofia,Kyustendil,468,745,0.140166,-0.452741,0.203624
Plovdiv,Istanbul,469,470,0.0743355,-0.448359,0.107664
Istanbul,İzmit,470,471,0.0352205,-0.44641,0.0509433
İzmit,Gerede,471,472,0.0118837,-0.444115,0.0171615
İzmit,Bursa,471,479,0.0118326,-0.443233,0.0170772
Gerede,Kızılcahamam,472,599,0.00547883,-0.442345,0.00790236
Mazara del Vallo,Palermo,473,474,6.60106e-05,-0.484759,6.60106e-05
Metaponto,Taranto,475,476,0.00470363,-0.448919,0.00681518
Metaponto,Potenza,475,743,0.00249796,-0.446905,0.00361431
Ioannina,Trikala,477,687,0.0124852,-0.414585,0.0176614
Gelibolu,Keşan,478,596,0.0395243,-0.413677,0.0558747
Gelibolu,Ayvalık,478,597,0.0395268,-0.413646,0.0558769
Bursa,Ankara,479,480,0.00581665,-0.440105,0.00837659
Bursa,Balıkesir,479,746,0.00661122,-0.435804,0.00949241
Ankara,Kızılcahamam,480,599,0.00392099,-0.440388,0.00564774
Pontevedra,Valença,481,482,0.017361,-0.482069,0.0257302
Valença,Porto,482,483,0.0204046,-0.475358,0.0301042
Albufeira,Castro Marim,484,485,0.0204819,-0.470261,0.0301137
Castro Marim,Huelva,485,486,0.0189492,-0.469443,0.0278448
Cherbourg-Octeville,La Rochelle,487,488,0.171178,-0.513174,0.259022
Cherbourg-Octeville,Caen,487,661,0.383104,-0.515096,0.580439
La Rochelle,Saintes,488,730,0.13494,-0.507743,0.203456
Oslo,Hamar,489,490,0.00867013,-0.345562,0.0116662
Oslo,Askim,489,619,0.00902818,-0.345555,0.0121479
Hamar,Lillehammer,490,491,0.00548126,-0.345379,0.00737438
Lillehammer,Dombås,491,492,0.00607862,-0.344934,0.00817534
Dombås,Trondheim,492,493,0.0108694,-0.344587,0.0146149
Trondheim,Stjørdal,493,494,0.0106269,-0.344474,0.0142876
Stjørdal,Steinkjer,494,495,0.00534328,-0.344339,0.00718318
Steinkjer,Mosjøen,495,496,0.00373942,-0.34378,0.00502496
Mosjøen,Mo i Rana,496,497,0.00470664,-0.343261,0.00632224
Mo i Rana,Umeå,497,612,0.00890506,-0.343337,0.0119625
Setermoen,Alta,498,499,0.00161945,-0.476912,0.00239179
Alta,Olderfjord,499,500,0.00366605,-0.493742,0.00547613
Olderfjord,Lakselv,500,501,0.0093328,-0.496011,0.013962
Lakselv,Karasjok,501,502,0.0242579,-0.496711,0.0363071
Vierzon,Montluçon,503,504,0.449837,-0.507059,0.677931
Antwerp,Zeebrugge,505,642,2.69706,-0.517377,4.09245
Martigny,Sion,506,678,0.596215,-0.503245,0.896257
Bremen,Groningen,507,624,2.34694,-0.522641,3.57355
Stuttgart,Schaffhausen,510,511,2.10266,-0.521178,3.19851
Stuttgart,Ulm,510,512,1.83789,-0.519984,2.79357
Ulm,Lindau,512,513,1.56294,-0.51851,2.37335
Lindau,Waldshut,513,666,2.13085,-0.517665,3.23392
Buchs,Chur,514,515,0.271375,-0.516226,0.411466
Chur,San Bernardino,515,516,0.139826,-0.516141,0.211995
Halle,Plauen,518,519,1.42378,-0.519833,2.1639
Plauen,Schönberg,519,520,1.16176,-0.519486,1.76528
Plauen,Hof,519,528,1.54519,-0.519543,2.34799
Schönberg,Vojtanov,520,521,0.700771,-0.519085,1.06453
Vojtanov,Cheb,521,522,0.967297,-0.518459,1.4688
Cheb,Karlovy Vary,522,523,1.5891,-0.517435,2.41135
Cheb,Marktredwitz,522,663,1.2825,-0.51876,1.94781
Karlovy Vary,Teplice,523,715,0.974001,-0.516512,1.47708
České Budějovice,Halámky,524,525,1.28488,-0.511938,1.94266
Hirschberg,Hof,527,528,1.19612,-0.519488,1.8175
Hof,Bayreuth,528,529,1.95301,-0.519307,2.96722
Bayreuth,Marktredwitz,529,663,1.76385,-0.51935,2.67991
Bayerisch Eisenstein,Deggendorf,530,531,1.44746,-0.516483,2.19506
Liezen,Sankt Michael,532,533,0.731039,-0.507142,1.10178
Sankt Michael,Graz,533,534,1.28304,-0.504949,1.93091
Graz,Maribor,534,535,1.05951,-0.502391,1.59179
Graz,Spielfeld,534,536,0.821659,-0.504227,1.23596
Graz,Klagenfurt,534,683,1.49512,-0.502388,2.24625
Maribor,Spielfeld,535,536,0.345778,-0.499147,0.518372
Karavanke Tunnel,Naklo,537,538,0.769555,-0.501771,1.15569
Naklo,Loiblpass,538,734,0.726971,-0.500879,1.0911
Kemijärvi,Posio,539,540,0.00185044,-0.416542,0.00262123
Posio,Kuusamo,540,541,0.00109645,-0.406785,0.00154247
Kuusamo,Kajaani,541,542,0.0012345,-0.408268,0.00173851
Kajaani,Iisalmi,542,543,0.00238057,-0.419233,0.00337858
Iisalmi,Kuopio,543,544,0.00552267,-0.430665,0.00790109
Tampere,Turku,545,546,0.0104616,-0.469241,0.0153706
Tampere,Vaasa,545,616,0.0112847,-0.459437,0.0164694
Tampere,Hämeenlinna,545,618,0.0309799,-0.494635,0.0463036
Turku,Pori,546,617,0.00552983,-0.454646,0.00804395
Riga,Šiauliai,547,561,2.85544,-0.531489,4.37308
Riga,Rēzekne,547,627,2.98276,-0.529646,4.56257
Kłodzko,Kudowa-Zdrój,548,549,0.631681,-0.520924,0.960739
Kudowa-Zdrój,Náchod,549,550,0.521126,-0.517654,0.790889
Náchod,Hradec Králové,550,551,0.950096,-0.515308,1.43969
Hradec Králové,Olomouc,551,716,1.2949,-0.513764,1.96018
Miskolc,Debrecen,552,569,1.24929,-0.498459,1.872
Szekszárd,Mohács,555,556,0.699388,-0.493787,1.04474
Mohács,Osijek,556,557,0.427796,-0.492429,0.638454
Osijek,Đakovo,557,558,0.249321,-0.490487,0.371609
Osijek,Sombor,557,735,0.403062,-0.488466,0.599945
Đakovo,Šamac,558,559,0.106206,-0.487712,0.158004
Šamac,Zenica,559,560,0.0666876,-0.477577,0.0985361
Zenica,Sarajevo,560,737,0.0908661,-0.466843,0.133286
Šiauliai,Tolpaki,561,562,2.22592,-0.53283,3.41196
Šiauliai,Palanga,561,704,1.71191,-0.532406,2.62333
Šiauliai,Panevėžys,561,705,1.77155,-0.532393,2.71471
Tolpaki,Kaliningrad,562,563,1.38406,-0.531894,2.12023
Tolpaki,Nesterov,562,640,1.31525,-0.533103,2.01641
Trstená,Ružomberok,566,567,0.859253,-0.512215,1.29937
Ružomberok,Zvolen,567,568,1.49578,-0.5067,2.25369
Debrecen,Berettyóújfalu,569,570,0.831588,-0.493741,1.24218
Beiuş,Deva,571,572,0.507297,-0.481436,0.751528
Deva,Petroşani,572,573,0.38714,-0.475905,0.571382
Deva,Sibiu,572,582,0.501897,-0.476219,0.74091
Deva,Arad,572,684,0.707905,-0.47849,1.04663
Petroşani,Târgu Jiu,573,574,0.235886,-0.473152,0.347496
Botevgrad,Jablanica,575,585,0.076348,-0.449138,0.110639
Blagoevgrad,Serres,576,577,0.104796,-0.438768,0.150776
Halmeu,Satu Mare,578,579,1.73003,-0.496733,2.58939
Satu Mare,Zalău,579,580,0.709339,-0.491939,1.05829
Sebeş,Sibiu,581,582,0.229857,-0.477606,0.339637
Sibiu,Piteşti,582,583,0.238947,-0.474935,0.352431
Pleven,Jablanica,584,585,0.0404365,-0.45111,0.0586778
Izmail,Reni,586,587,0.814608,-0.518115,1.23667
Reni,Galaţi,587,588,0.642234,-0.514202,0.972473
Galaţi,Tulcea,588,589,0.368475,-0.507657,0.555535
Galaţi,Giurgiuleşti,588,729,0.772361,-0.51474,1.16993
Burgas,Malko Tarnovo,590,591,0.0362121,-0.469746,0.0532226
Malko Tarnovo,Dereköy,591,592,0.0146719,-0.465014,0.0214946
Dereköy,Kırklareli,592,593,0.00677708,-0.454386,0.00985649
Kırklareli,Babaeski,593,594,0.00504103,-0.432761,0.0072226
Babaeski,Havsa,594,595,0.00766812,-0.417132,0.0108667
Havsa,Keşan,595,596,0.0166924,-0.413588,0.0235962
Ayvalık,İzmir,597,598,0.0166977,-0.413307,0.023599
İzmir,Manisa,598,747,0.00767125,-0.415197,0.0108563
Kherson,Dzhankoy,600,601,1.0288,-0.51336,1.55694
Kherson,Mykolaiv,600,673,1.20753,-0.518706,1.83389
Kherson,Melitopol,600,674,0.658267,-0.517176,0.998707
Sochi,Sukhumi,602,603,0.561082,-0.508876,0.846603
Sukhumi,Zugdidi,603,604,0.212355,-0.510022,0.320661
Jönköping,Linköping,605,606,0.00446778,-0.345498,0.00601139
Linköping,Norrköping,606,607,0.00597756,-0.345415,0.0080423
Norrköping,Södertälje,607,608,0.00928506,-0.345263,0.0124909
Norrköping,Kalmar,607,626,0.00595519,-0.345412,0.00801219
Uppsala,Sundsvall,609,610,0.0169128,-0.344237,0.0227348
Sundsvall,Örnsköldsvik,610,611,0.0156124,-0.343795,0.0209799
Örnsköldsvik,Umeå,611,612,0.0125146,-0.34353,0.0168138
Haparanda,Tornio,613,614,0.0057027,-0.362083,0.00776755
Kokkola,Vaasa,615,616,0.00836551,-0.433545,0.0119923
Vaasa,Pori,616,617,0.00562631,-0.445896,0.00813506
Askim,Karlstad,619,620,0.00754529,-0.345548,0.0101525
Kotka,Vaalimaa,621,622,0.39126,-0.524798,0.596592
Vaalimaa,Vyborg,622,623,1.02016,-0.524503,1.55523
Groningen,Hoogeveen,624,698,0.850136,-0.522076,1.29397
Sassnitz,Stralsund,625,699,0.451326,-0.520479,0.686232
Rēzekne,Velikiye Luki,627,628,3.18855,-0.524193,4.85997
Rēzekne,Daugavpils,627,702,2.00759,-0.529151,3.06991
Vladimir,Nizhny Novgorod,629,630,1.73047,-0.51138,2.6154
Nizhny Novgorod,Kazan,630,631,0.723234,-0.5084,1.09093
Kazan,Yelabuga,631,632,0.451381,-0.49552,0.675049
Yelabuga,Perm,632,633,0.270564,-0.482841,0.401204
Perm,Yekaterinburg,633,634,0.115271,-0.478839,0.170468
Yekaterinburg,Tyumen,634,635,0.0703715,-0.466465,0.103197
Koszalin,Słupsk,637,638,0.269503,-0.524593,0.410882
Słupsk,Gdynia,638,639,0.453367,-0.527051,0.692314
Nesterov,Marijampolė,640,641,1.18775,-0.532854,1.82064
Aktobe,Karabutak,647,648,0.359608,-0.47226,0.529437
Karabutak,Aral,648,649,0.154884,-0.465531,0.226988
Aral,Novokazalinsk,649,650,0.0943667,-0.445211,0.13638
Charleroi,Namur,651,652,1.27105,-0.51823,1.92975
St. Vith,Wittlich,653,654,1.27114,-0.521524,1.93408
Wittlich,Bingen,654,655,0.805273,-0.522963,1.2264
Bingen,Wiesbaden,655,656,1.18166,-0.523914,1.80074
Amiens,Charleville-Mézières,657,658,1.45044,-0.516988,2.20031
Trier,Koblenz,659,660,1.72769,-0.522588,2.63056
Caen,Rouen,661,662,0.9897,-0.515297,1.49969
Regensburg,Passau,667,668,1.23958,-0.517858,1.88151
Passau,Wels,668,669,1.22242,-0.515041,1.85202
Wels,Braunau am Inn,669,721,1.40638,-0.513556,2.12863
Iaşi,Sculeni,670,671,1.26726,-0.512465,1.91668
Iaşi,Bălţi,670,727,1.07834,-0.512034,1.63049
Sculeni,Chişinău,671,672,1.51512,-0.516902,2.29829
Chişinău,Giurgiuleşti,672,729,1.20951,-0.517895,1.83592
Melitopol,Taganrog,674,675,0.287103,-0.517737,0.435747
Poitiers,Mâcon,676,677,1.66485,-0.511006,2.51559
Sion,Simplon,678,679,0.253692,-0.501455,0.380907
Simplon,Gravellona Toce,679,680,0.165598,-0.49183,0.247044
Innichen,Spittal an der Drau,681,682,0.568066,-0.505807,0.855397
Klagenfurt,Loiblpass,683,734,0.857095,-0.502516,1.2878
Cuneo,Asti,685,686,0.144041,-0.487515,0.214263
Kokand,Andijan,689,690,0.0311068,-0.39906,0.0435203
Andijan,Osh,690,691,0.0407527,-0.398344,0.0569863
Kulob,Kalaikhumb,692,693,0.0059275,-0.392997,0.00825699
Kalaikhumb,Khorugh,693,694,0.00520641,-0.392366,0.00724923
Kokpek,Chundzha,695,696,0.0163052,-0.401736,0.0228557
Chundzha,Koktal,696,697,0.0123422,-0.401312,0.0172953
Stralsund,Neubrandenburg,699,700,0.659685,-0.520469,1.00303
Ukmergė,Daugavpils,701,702,1.98113,-0.531479,3.03405
Ukmergė,Panevėžys,701,705,1.82369,-0.532524,2.79484
Breda,Gorinchem,706,707,0.831745,-0.520867,1.26497
Hasselt,Heerlen,708,709,1.23731,-0.522419,1.8837
Barwinek,Vyšný Komárnik,710,711,0.360733,-0.518572,0.547798
Vyšný Komárnik,Svidník,711,712,0.421217,-0.512697,0.637173
Lublin,Kovel,713,714,1.60415,-0.523794,2.44439
Olomouc,Český Těšín,716,717,0.83258,-0.515562,1.26183
Garmisch-Partenkirchen,Mittenwald,718,719,0.898955,-0.515384,1.36226
Mittenwald,Seefeld,719,720,0.568806,-0.514245,0.861311
Nyíregyháza,Chop,722,723,0.870978,-0.502496,1.30864
Dunajská Streda,Medveďov,724,725,0.589711,-0.506633,0.888478
Medveďov,Vámosszabadi,725,726,0.505598,-0.504529,0.760687
Bălţi,Mohyliv-Podilskyi,727,728,0.879763,-0.518286,1.33573
Saintes,Angoulême,730,731,0.235733,-0.504298,0.354613
St. Johann in Tirol,Lofer,732,733,0.893536,-0.512989,1.35191
Sarajevo,Užice,737,738,0.120833,-0.465033,0.177025
Užice,Čačak,738,739,0.183805,-0.467337,0.269704
Čačak,Nova Varoš,739,740,0.183545,-0.46727,0.26931
Avellino,Benevento,741,742,0.0225955,-0.451964,0.0328078
Balıkesir,Manisa,746,747,0.00501493,-0.423995,0.00714124
Warsaw,Brest-Litovsk,316,0,3.08953,-0.528316,4.72178
Brest-Litovsk,Minsk,0,318,3.08044,-0.529204,4.71063
Lyon,Mâcon,17,677,1.65478,-0.5114,2.50104
Beaune,Mâcon,395,677,2.96412,-0.513787,4.48704
