Glasgow,Preston,1,2,6.60256e-05,-0.487378,6.60256e-05
Glasgow,Edinburgh,1,13,6.60256e-05,-0.487378,6.60256e-05
Preston,Birmingham,2,3,6.60256e-05,-0.487378,6.60256e-05
Birmingham,Cambridge,3,636,6.60256e-05,-0.487378,6.60256e-05
Le Havre,Paris,4,5,2.0259,-0.514905,3.06905
Le Havre,Amiens,4,657,1.15057,-0.515513,1.74371
Paris,Orléans,5,6,2.03719,-0.513029,3.08233
Paris,Calais,5,16,1.75193,-0.514753,2.65374
Paris,Lyon,5,17,2.52579,-0.512412,3.82003
Paris,Brussels,5,326,3.13612,-0.515817,4.75378
Paris,Le Mans,5,366,1.65562,-0.513705,2.50612
Paris,Reims,5,367,1.95264,-0.515071,2.95839
Paris,Chaumont,5,665,2.84673,-0.515517,4.31427
Orléans,Bordeaux,6,7,0.929841,-0.510192,1.40424
Orléans,Tours,6,392,1.02924,-0.51019,1.55434
Orléans,Montargis,6,393,1.31241,-0.511425,1.98361
Orléans,Toulouse,6,466,1.04476,-0.509394,1.57696
Bordeaux,San Sebastián,7,8,0.485782,-0.50642,0.731791
Bordeaux,Clermont-Ferrand,7,446,0.957132,-0.507379,1.44276
Bordeaux,Toulouse,7,466,0.400627,-0.504822,0.602872
Bordeaux,Angoulême,7,731,0.553638,-0.507187,0.834436
San Sebastián,Burgos,8,9,0.221388,-0.501586,0.332433
San Sebastián,Bilbao,8,445,0.18179,-0.502299,0.273102
San Sebastián,Toulouse,8,466,0.313482,-0.504524,0.471642
Burgos,Madrid,9,10,0.116411,-0.496809,0.174246
Burgos,Valladolid,9,465,0.0785241,-0.497828,0.117616
Madrid,Seville,10,11,0.0676558,-0.492408,0.10097
Madrid,Barcelona,10,21,0.182855,-0.499829,0.274251
Madrid,Valencia,10,24,0.0772639,-0.493403,0.115386
Madrid,Lisbon,10,464,0.0697153,-0.493046,0.104088
Seville,Algeciras,11,12,0.0293823,-0.48792,0.0437186
Seville,Huelva,11,486,0.0306335,-0.487719,0.045574
Algeciras,Málaga,12,28,0.0121169,-0.48478,0.0179909
Edinburgh,Newcastle,13,14,6.60256e-05,-0.487378,6.60256e-05
Newcastle,London,14,15,6.60256e-05,-0.487378,6.60256e-05
London,Colchester,15,305,6.60256e-05,-0.487378,6.60256e-05
Calais,Bruges,16,324,1.81211,-0.515737,2.74668
Calais,Rouen,16,662,1.17818,-0.515148,1.78512
Lyon,Orange,17,18,1.07367,-0.509394,1.6206
Lyon,Clermont-Ferrand,17,446,1.2064,-0.509719,1.82132
Lyon,Chambéry,17,447,1.116,-0.50965,1.68477
Orange,Narbonne,18,19,0.47465,-0.508452,0.715987
Orange,Marseille,18,736,0.467661,-0.509386,0.705881
Narbonne,Girona,19,20,0.2462,-0.505809,0.370731
Girona,Barcelona,20,21,0.266811,-0.502558,0.400899
Barcelona,Tarragona,21,22,0.162148,-0.500438,0.243293
Barcelona,Toulouse,21,466,0.499381,-0.503496,0.750817
Tarragona,Castellón de la Plana,22,23,0.0730622,-0.497366,0.109401
Castellón de la Plana,Valencia,23,24,0.0566537,-0.49302,0.0845851
Valencia,Alicante,24,25,0.0385713,-0.489543,0.0574535
Alicante,Murcia,25,26,0.0154764,-0.486586,0.023007
Murcia,Almería,26,27,0.00744271,-0.483053,0.0110379
Almería,Málaga,27,28,0.00659945,-0.48191,0.00977979
Hook of Holland,Rotterdam,29,30,0.614842,-0.519788,0.934429
Hook of Holland,The Hague,29,307,0.332844,-0.520301,0.506023
Rotterdam,Eindhoven,30,31,1.53601,-0.519513,2.33399
Eindhoven,Maastricht,31,32,1.65152,-0.518791,2.50832
Eindhoven,Antwerp,31,505,2.71426,-0.517678,4.11938
Eindhoven,Venlo,31,643,2.12225,-0.519974,3.22576
Eindhoven,Breda,31,706,1.55265,-0.519529,2.35929
Maastricht,Liège,32,33,2.0597,-0.518631,3.12792
Liège,Bastogne,33,34,1.92355,-0.518492,2.9209
Liège,Leuven,33,327,3.12907,-0.518355,4.75104
Liège,Eupen,33,328,2.02858,-0.519409,3.08224
Liège,Antwerp,33,505,3.41538,-0.517009,5.18116
Liège,Namur,33,652,2.12784,-0.517953,3.22995
Liège,St. Vith,33,653,1.75902,-0.518557,2.67118
Liège,Charleville-Mézières,33,658,2.2671,-0.517892,3.44121
Bastogne,Arlon,34,35,1.16435,-0.518661,1.76825
Arlon,Luxembourg,35,36,1.61295,-0.518452,2.44919
Luxembourg,Metz,36,37,2.62643,-0.517403,3.98534
Luxembourg,St. Vith,36,653,1.96654,-0.518977,2.98713
Luxembourg,Charleville-Mézières,36,658,1.46764,-0.516919,2.22629
Luxembourg,Trier,36,659,1.94343,-0.519404,2.95286
Metz,Saint-Avold,37,38,3.12439,-0.51671,4.73879
Metz,Lausanne,37,44,2.55447,-0.516041,3.87268
Metz,Geneva,37,45,2.70948,-0.514691,4.10402
Metz,Brussels,37,326,3.58383,-0.517018,5.43673
Metz,Reims,37,367,2.4781,-0.512699,3.74862
Metz,Saarbrücken,37,368,3.03424,-0.518422,4.60726
Saint-Avold,Strasbourg,38,39,2.39257,-0.517373,3.63042
Strasbourg,Mulhouse,39,40,3.0486,-0.518497,4.62929
Strasbourg,Appenweier,39,664,2.30861,-0.518838,3.5064
Mulhouse,Basel,40,41,2.89673,-0.517558,4.39596
Mulhouse,Belfort,40,398,2.15713,-0.517016,3.27239
Mulhouse,Chaumont,40,665,2.72219,-0.516987,4.12953
Basel,Olten,41,42,1.72016,-0.517258,2.60992
Basel,Offenburg,41,61,2.50077,-0.518672,3.79785
Basel,Zürich,41,399,2.02741,-0.517865,3.07733
Basel,Waldshut,41,666,2.38636,-0.517752,3.62191
Olten,Bern,42,43,1.67336,-0.513882,2.53328
Olten,Lucerne,42,62,1.06823,-0.51627,1.61972
Bern,Lausanne,43,44,1.38598,-0.51499,2.09974
Bern,Belfort,43,398,1.77038,-0.516518,2.68481
Bern,Martigny,43,506,0.940051,-0.512594,1.42192
Lausanne,Geneva,44,45,1.01477,-0.510464,1.53278
Lausanne,Martigny,44,506,0.81031,-0.512607,1.22568
Geneva,Mont Blanc,45,46,1.13189,-0.511186,1.71049
Geneva,Chambéry,45,447,1.23359,-0.509885,1.86258
Geneva,Mâcon,45,677,2.02934,-0.512603,3.06959
Mont Blanc,Aosta,46,47,0.645467,-0.508831,0.973901
Aosta,Ivrea,47,48,0.51079,-0.501074,0.766734
Aosta,Martigny,47,506,0.732967,-0.506552,1.10425
Ivrea,Vercelli,48,49,0.193459,-0.498567,0.289911
Ivrea,Turin,48,449,0.284796,-0.498746,0.426837
Vercelli,Alessandria,49,50,0.146219,-0.49414,0.218472
Alessandria,Genoa,50,51,0.166099,-0.48929,0.24737
Alessandria,Turin,50,449,0.189105,-0.496019,0.282904
Alessandria,Tortona,50,450,0.119176,-0.489097,0.177465
Alessandria,Asti,50,686,0.158991,-0.491901,0.237198
Genoa,Rome,51,74,0.283139,-0.479392,0.418873
Genoa,Tortona,51,450,0.172692,-0.483957,0.256268
Genoa,Nice,51,467,0.288813,-0.493506,0.431344
Amsterdam,Utrecht,52,53,1.41115,-0.51978,2.14464
Amsterdam,Amersfoort,52,309,0.817075,-0.518971,1.24111
Amsterdam,Brussels,52,326,3.41194,-0.517801,5.17865
Amsterdam,Groningen,52,624,1.47977,-0.520139,2.24945
Utrecht,Arnhem,53,54,1.0859,-0.521158,1.65183
Utrecht,Gouda,53,308,0.875255,-0.520742,1.33104
Utrecht,Amersfoort,53,309,0.817079,-0.520956,1.24274
Utrecht,Gorinchem,53,707,1.03516,-0.520572,1.57403
Arnhem,Emmerich,54,55,0.996664,-0.521936,1.51686
Emmerich,Oberhausen,55,56,1.94781,-0.522137,2.96484
Oberhausen,Cologne,56,57,3.3624,-0.522214,5.11829
Oberhausen,Dortmund,56,508,2.35942,-0.522175,3.59145
Oberhausen,Venlo,56,643,2.19639,-0.521318,3.34141
Cologne,Frankfurt am Main,57,58,3.93493,-0.522296,5.99012
Cologne,Aachen,57,329,3.44507,-0.522184,5.24403
Cologne,Olpe,57,330,2.43481,-0.522575,3.70719
Cologne,Bremen,57,507,3.55364,-0.522175,5.40926
Frankfurt am Main,Heidelberg,58,59,3.5316,-0.522235,5.37593
Frankfurt am Main,Gießen,58,332,2.51892,-0.522645,3.83543
Frankfurt am Main,Mannheim,58,369,4.05836,-0.522085,6.17717
Frankfurt am Main,Aschaffenburg,58,509,2.9286,-0.52196,4.45721
Frankfurt am Main,Wiesbaden,58,656,2.89269,-0.52253,4.40421
Heidelberg,Karlsruhe,59,60,2.95295,-0.521447,4.49276
Karlsruhe,Offenburg,60,61,2.48297,-0.519693,3.77336
Karlsruhe,Stuttgart,60,510,3.47078,-0.519868,5.27513
Karlsruhe,Appenweier,60,664,2.66208,-0.52005,4.0465
Lucerne,Altdorf,62,63,0.790209,-0.516919,1.19868
Altdorf,Gotthard Pass,63,64,0.554958,-0.517228,0.841998
Altdorf,Zürich,63,399,1.04364,-0.517307,1.58352
Gotthard Pass,Bellinzona,64,65,0.276445,-0.516784,0.419307
Bellinzona,Lugano,65,66,0.133793,-0.513915,0.20255
Bellinzona,San Bernardino,65,516,0.153468,-0.516029,0.232662
Lugano,Chiasso,66,67,0.073895,-0.504165,0.11115
Chiasso,Como,67,68,0.0885082,-0.490568,0.131928
Como,Milan,68,69,0.18996,-0.486387,0.282354
Milan,Piacenza,69,70,0.212142,-0.482921,0.31459
Milan,Turin,69,449,0.284127,-0.493368,0.424307
Milan,Tortona,69,450,0.153662,-0.485662,0.228289
Milan,Brescia,69,451,0.185018,-0.480087,0.273842
Milan,Gravellona Toce,69,680,0.213732,-0.488005,0.318034
Piacenza,Parma,70,71,0.145585,-0.476161,0.214907
Parma,Modena,71,72,0.217673,-0.471404,0.320285
Modena,Florence,72,73,0.242968,-0.470481,0.357279
Modena,Verona,72,94,0.294081,-0.473854,0.433433
Modena,Bologna,72,95,0.235246,-0.468986,0.345573
Florence,Rome,73,74,0.219575,-0.472231,0.323265
Rome,Pescara,74,125,0.212418,-0.471598,0.312593
Östersund,Mora,75,76,0.00765885,-0.344512,0.0102974
Östersund,Trondheim,75,493,0.00912167,-0.344399,0.0122632
Östersund,Sundsvall,75,610,0.00949836,-0.344602,0.0127715
Mora,Säffle,76,77,0.00562853,-0.344809,0.0075693
Säffle,Gothenburg,77,78,0.00747975,-0.345153,0.0100614
Gothenburg,Halmstad,78,300,0.00717938,-0.345323,0.00965859
Gothenburg,Örebro,78,301,0.00774145,-0.345285,0.0104145
Gothenburg,Oslo,78,489,0.00658799,-0.345307,0.00886287
Hamburg,Hanover,79,80,2.15219,-0.521519,3.27459
Hamburg,Berlin,79,108,2.31885,-0.521143,3.5273
Hamburg,Bremen,79,507,2.71595,-0.521919,4.13346
Hamburg,Lübeck,79,517,1.22681,-0.521499,1.86659
Hanover,Göttingen,80,81,1.51246,-0.522199,2.30226
Hanover,Bad Oeynhausen,80,312,1.73596,-0.522202,2.64248
Hanover,Braunschweig,80,313,1.57926,-0.521374,2.40264
Göttingen,Kassel,81,82,1.3781,-0.522462,2.0981
Kassel,Fulda,82,83,1.86412,-0.522271,2.83769
Kassel,Dortmund,82,508,2.16316,-0.522511,3.29343
Fulda,Würzburg,83,84,2.69317,-0.521757,4.09835
Würzburg,Nuremberg,84,85,3.95481,-0.520278,6.01241
Würzburg,Aschaffenburg,84,509,3.54998,-0.52181,5.4024
Würzburg,Stuttgart,84,510,2.81578,-0.521156,4.28324
Würzburg,Ulm,84,512,1.79002,-0.519846,2.72055
Nuremberg,Munich,85,86,3.20338,-0.516875,4.85913
Nuremberg,Heilbronn,85,370,3.5543,-0.520274,5.40351
Nuremberg,Rozvadov,85,371,2.70961,-0.5179,4.11291
Nuremberg,Bayreuth,85,529,3.65444,-0.518448,5.54907
Nuremberg,Regensburg,85,667,2.57967,-0.518047,3.91606
Munich,Rosenheim,86,87,2.21483,-0.514555,3.35448
Munich,Salzburg,86,115,2.60812,-0.513482,3.94735
Munich,Ulm,86,512,2.30279,-0.516975,3.49328
Munich,Lindau,86,513,2.47082,-0.515563,3.74468
Munich,Deggendorf,86,531,2.47562,-0.515753,3.75243
Munich,Garmisch-Partenkirchen,86,718,2.163,-0.515374,3.27775
Munich,Braunau am Inn,86,721,1.91577,-0.514575,2.90158
Rosenheim,Wörgl,87,88,1.461,-0.514596,2.21283
Rosenheim,Bad Reichenhall,87,407,1.15725,-0.513724,1.75176
Wörgl,Innsbruck,88,89,1.36695,-0.513948,2.06949
Wörgl,St. Johann in Tirol,88,732,1.02915,-0.513862,1.55799
Innsbruck,Brenner,89,90,0.780574,-0.512806,1.18086
Innsbruck,Telfs,89,405,0.695848,-0.513964,1.05349
Innsbruck,Imst,89,406,0.711498,-0.514006,1.07721
Innsbruck,Seefeld,89,720,0.819734,-0.51386,1.24096
Brenner,Fortezza,90,91,0.455757,-0.509801,0.688103
Fortezza,Bolzano,91,92,0.278252,-0.503376,0.418317
Fortezza,Innichen,91,681,0.387318,-0.504966,0.5829
Bolzano,Trento,92,93,0.181833,-0.490255,0.270977
Trento,Verona,93,94,0.263703,-0.478075,0.389773
Verona,Mestre,94,120,0.363901,-0.475077,0.536782
Verona,Brescia,94,451,0.273741,-0.476023,0.404048
Bologna,Cesena,95,96,0.196162,-0.466817,0.287734
Cesena,Perugia,96,97,0.134726,-0.465575,0.197451
Cesena,Ravenna,96,121,0.210285,-0.469648,0.309045
Cesena,Rimini,96,122,0.139272,-0.465485,0.2041
Perugia,Fiano Romano,97,98,0.0546791,-0.463815,0.08004
Fiano Romano,Naples,98,99,0.0253542,-0.461835,0.0370636
Naples,Salerno,99,100,0.006643,-0.460001,0.00969879
Naples,Avellino,99,741,0.00985223,-0.460133,0.0143856
Salerno,Sicignano degli Alburni,100,101,0.00374216,-0.457129,0.00545282
Salerno,Avellino,100,741,0.0049229,-0.458807,0.00718155
Sicignano degli Alburni,Potenza,101,743,0.00194765,-0.455239,0.0028343
Messina,Catania,102,103,6.60256e-05,-0.487378,6.60256e-05
Messina,Palermo,102,474,6.60256e-05,-0.487378,6.60256e-05
Catania,Siracusa,103,104,6.60256e-05,-0.487378,6.60256e-05
Siracusa,Gela,104,105,6.60256e-05,-0.487378,6.60256e-05
Gela,Mazara del Vallo,105,473,6.60256e-05,-0.487378,6.60256e-05
Helsingborg,Copenhagen,299,106,0.00160018,-0.345441,0.00215295
Copenhagen,Malmö,106,135,0.00081863,-0.345436,0.00110141
Rostock,Berlin,107,108,1.72622,-0.520707,2.62507
Rostock,Lübeck,107,517,0.872018,-0.521127,1.32645
Rostock,Sassnitz,107,625,0.730004,-0.52082,1.11021
Berlin,Lübbenau,108,109,2.57278,-0.520187,3.91111
Berlin,Szczecin,108,137,2.04627,-0.520737,3.11184
Berlin,Świebodzin,108,139,2.46035,-0.521112,3.74248
Berlin,Magdeburg,108,314,2.58792,-0.52056,3.93509
Berlin,Leipzig,108,526,2.27126,-0.520153,3.45267
Berlin,Neubrandenburg,108,700,1.59168,-0.520694,2.42046
Lübbenau,Dresden,109,110,1.88125,-0.519548,2.85865
Lübbenau,Cottbus,109,644,1.40297,-0.519982,2.13248
Dresden,Ústí nad Labem,110,111,1.88124,-0.517427,2.85464
Dresden,Chemnitz,110,337,2.13569,-0.51904,3.24419
Dresden,Görlitz,110,338,1.37384,-0.519233,2.08718
Ústí nad Labem,Prague,111,112,2.07328,-0.514903,3.14082
Prague,Tábor,112,113,1.95593,-0.512197,2.95775
Prague,Mladá Boleslav,112,146,1.16283,-0.514056,1.76058
Prague,Jihlava,112,147,1.96615,-0.511583,2.972
Prague,Plzeň,112,372,2.24036,-0.513523,3.39084
Prague,Karlovy Vary,112,523,1.39274,-0.514361,2.10911
Prague,Hradec Králové,112,551,1.50017,-0.513509,2.27052
Tábor,Linz,113,114,1.71484,-0.51171,2.59234
Linz,Salzburg,114,115,1.79581,-0.511551,2.71445
Linz,Sattledt,114,408,0.725319,-0.510754,1.09578
Linz,Sankt Pölten,114,409,1.68155,-0.509932,2.53902
Linz,Wels,114,669,1.29692,-0.511857,1.96076
Salzburg,Villach,115,116,2.57739,-0.508598,3.88824
Salzburg,Bad Reichenhall,115,407,1.3828,-0.512151,2.09101
Salzburg,Sattledt,115,408,1.42298,-0.50957,2.14809
Salzburg,Lofer,115,733,1.65688,-0.512504,2.50603
Villach,Tarvisio,116,117,1.25919,-0.50024,1.88909
Villach,Karavanke Tunnel,116,537,1.07762,-0.502461,1.61909
Villach,Spittal an der Drau,116,682,1.2569,-0.50042,1.88588
Villach,Klagenfurt,116,683,1.32851,-0.503456,1.99736
Tarvisio,Udine,117,118,0.577153,-0.497732,0.864421
Udine,Palmanova,118,119,0.469651,-0.491033,0.700266
Palmanova,Mestre,119,120,0.474576,-0.483192,0.703887
Palmanova,Trieste,119,452,0.525666,-0.488567,0.782488
Mestre,Ravenna,120,121,0.277868,-0.47499,0.409852
Rimini,Fano,122,123,0.0679782,-0.463931,0.0995153
Fano,Ancona,123,124,0.0597591,-0.464473,0.0875156
Ancona,Pescara,124,125,0.107053,-0.467119,0.157059
Pescara,Canosa di Puglia,125,126,0.115595,-0.46695,0.169573
Canosa di Puglia,Bari,126,127,0.0362641,-0.463469,0.0530713
Canosa di Puglia,Benevento,126,742,0.0373881,-0.463771,0.0547276
Bari,Brindisi,127,128,0.00961627,-0.461584,0.014055
Bari,Taranto,127,476,0.00910626,-0.461435,0.0133082
Brindisi,Taranto,128,476,0.0021855,-0.458315,0.00318714
Igoumenitsa,Preveza,129,130,0.00395703,-0.418639,0.00561359
Igoumenitsa,Ioannina,129,477,0.0092766,-0.42036,0.0131761
Preveza,Rhion,130,131,0.00195058,-0.416533,0.00276306
Rhion,Patras,131,132,0.000689181,-0.413953,0.000974469
Rhion,Aigio,131,175,0.000689181,-0.413953,0.000974469
Patras,Pyrgos,132,133,0.000293256,-0.412052,0.000414092
Pyrgos,Kalamata,133,134,0.000139004,-0.409843,0.000195973
Kalamata,Tripoli,134,177,9.86913e-05,-0.487378,0.000139004
Malmö,Helsingborg,135,299,0.00220261,-0.345438,0.00296347
Malmö,Kalmar,135,626,0.00209483,-0.345403,0.0028184
Goleniów,Szczecin,136,137,0.872758,-0.521017,1.32748
Goleniów,Koszalin,136,637,0.378809,-0.521853,0.576492
Szczecin,Gorzów Wielkopolski,137,138,0.931577,-0.521144,1.41706
Gorzów Wielkopolski,Świebodzin,138,139,1.12512,-0.521606,1.71199
Świebodzin,Zielona Góra,139,140,1.48738,-0.521443,2.26297
Świebodzin,Poznań,139,315,2.38272,-0.522501,3.6277
Zielona Góra,Legnica,140,141,1.49253,-0.521532,2.27094
Legnica,Jelenia Góra,141,142,1.32262,-0.520352,2.01085
Legnica,Görlitz,141,338,1.46342,-0.520078,2.22451
Legnica,Wrocław,141,339,2.23069,-0.520051,3.39077
Legnica,Cottbus,141,644,1.46542,-0.520127,2.22762
Jelenia Góra,Harrachov,142,143,0.567308,-0.519763,0.862173
Harrachov,Železný Brod,143,144,0.401724,-0.517615,0.609663
Železný Brod,Turnov,144,145,0.652018,-0.515582,0.988186
Turnov,Mladá Boleslav,145,146,0.686333,-0.514488,1.03944
Turnov,Hradec Králové,145,551,0.968187,-0.514389,1.46621
Turnov,Teplice,145,715,0.84276,-0.515294,1.27703
Jihlava,Brno,147,148,0.980327,-0.509726,1.48003
Jihlava,Vienna,147,410,1.57639,-0.509697,2.37987
Brno,Bratislava,148,149,1.34931,-0.50645,2.03267
Brno,Trenčín,148,373,1.35614,-0.508438,2.04565
Brno,Vienna,148,410,1.54246,-0.507443,2.32518
Brno,Olomouc,148,716,1.3877,-0.510581,2.09623
Bratislava,Rajka,149,150,1.4303,-0.505217,2.15291
Bratislava,Žilina,149,195,1.56255,-0.509106,2.35806
Bratislava,Győr,149,196,1.40399,-0.501519,2.10811
Bratislava,Vienna,149,410,1.96002,-0.503259,2.94642
Bratislava,Zvolen,149,568,2.0099,-0.504477,3.02385
Bratislava,Dunajská Streda,149,724,1.22903,-0.505229,1.84996
Rajka,Csorna,150,151,0.565659,-0.505019,0.851327
Csorna,Szombathely,151,152,0.272358,-0.502657,0.409261
Szombathely,Zalaegerszeg,152,153,0.252862,-0.49689,0.378507
Zalaegerszeg,Nagykanizsa,153,154,0.484656,-0.49366,0.723911
Nagykanizsa,Letenye,154,155,0.299789,-0.493004,0.447586
Nagykanizsa,Zagreb,154,156,0.644228,-0.492181,0.961304
Nagykanizsa,Balatonvilágos,154,553,0.961248,-0.493419,1.43555
Letenye,Zagreb,155,156,0.344439,-0.491464,0.513718
Zagreb,Karlovac,156,157,0.50317,-0.490918,0.750185
Zagreb,Ljubljana,156,454,0.495014,-0.492823,0.738969
Zagreb,Slavonski Brod,156,455,0.527887,-0.485904,0.78439
Zagreb,Maribor,156,535,0.612221,-0.495515,0.915586
Karlovac,Rijeka,157,158,0.219897,-0.489951,0.327635
Karlovac,Knin,157,554,0.176595,-0.48985,0.2631
Rijeka,Split,158,159,0.146323,-0.488695,0.21783
Rijeka,Trieste,158,452,0.376714,-0.490092,0.561339
Split,Dubrovnik,159,160,0.10018,-0.483982,0.148666
Split,Knin,159,554,0.103021,-0.487994,0.153295
Dubrovnik,Petrovac,160,161,0.0311028,-0.479,0.0460011
Dubrovnik,Podgorica,160,162,0.0653705,-0.473309,0.096311
Petrovac,Podgorica,161,162,0.0411407,-0.468033,0.060396
Petrovac,Prizren,161,744,0.0378229,-0.468442,0.0555408
Podgorica,Bijelo Polje,162,163,0.0634755,-0.468524,0.0932153
Podgorica,Pristina,162,164,0.0868716,-0.46743,0.127478
Podgorica,Sarajevo,162,737,0.109618,-0.468925,0.161021
Bijelo Polje,Pristina,163,164,0.0873657,-0.467213,0.128184
Bijelo Polje,Nova Varoš,163,740,0.0973,-0.469449,0.142977
Pristina,Skopje,164,165,0.114172,-0.464446,0.167198
Pristina,Niš,164,202,0.235338,-0.469071,0.345728
Pristina,Prizren,164,744,0.0715134,-0.46676,0.104893
Skopje,Kičevo,165,166,0.0754232,-0.461089,0.1102
Skopje,Kumanovo,165,203,0.111765,-0.464192,0.163645
Skopje,Veles,165,204,0.0784627,-0.459578,0.114523
Kičevo,Ohrid,166,167,0.0304888,-0.458781,0.0444764
Ohrid,Bitola,167,168,0.0135296,-0.453204,0.0196613
Bitola,Niki,168,169,0.00883391,-0.439352,0.0127151
Niki,Vevi,169,170,0.0119006,-0.426417,0.0169752
Vevi,Kozani,170,171,0.0251165,-0.423455,0.0357521
Kozani,Larissa,171,172,0.0169502,-0.423046,0.0241209
Kozani,Thessaloniki,171,207,0.0565609,-0.425376,0.0806205
Kozani,Ioannina,171,477,0.0205799,-0.422713,0.0292792
Larissa,Domokos,172,173,0.00746003,-0.422037,0.0106084
Larissa,Lamia,172,174,0.00746003,-0.422037,0.0106084
Larissa,Katerini,172,208,0.0217326,-0.42387,0.0309443
Larissa,Trikala,172,687,0.0105634,-0.421442,0.0150152
Domokos,Lamia,173,174,6.60256e-05,-0.487378,3.30128e-05
Aigio,Corinth,175,176,0.000293256,-0.412052,0.000414092
Corinth,Tripoli,176,177,0.000139004,-0.409843,0.000195973
Varangerbotn,Utsjoki,178,179,0.0602984,-0.507501,0.0908999
Varangerbotn,Kirkenes,178,243,0.179667,-0.51902,0.272918
Varangerbotn,Karasjok,178,502,0.0602661,-0.507547,0.0908539
Utsjoki,Inari,179,180,0.0232254,-0.504693,0.0349471
Inari,Ivalo,180,181,0.00959569,-0.49725,0.0143672
Ivalo,Sodankylä,181,182,0.00550893,-0.476737,0.00813524
Sodankylä,Rovaniemi,182,183,0.00423003,-0.443852,0.00610754
Sodankylä,Kemijärvi,182,539,0.00302769,-0.454459,0.00440365
Rovaniemi,Kemi,183,184,0.00511398,-0.428543,0.00730555
Kemi,Oulu,184,185,0.00820344,-0.439055,0.0118052
Kemi,Tornio,184,614,0.00481117,-0.415842,0.00681186
Oulu,Jyväskylä,185,186,0.0100624,-0.465956,0.014751
Oulu,Kokkola,185,615,0.0072246,-0.451927,0.0104896
Jyväskylä,Heinola,186,187,0.0174946,-0.492735,0.0261147
Jyväskylä,Kuopio,186,544,0.0106419,-0.476757,0.0157156
Jyväskylä,Tampere,186,545,0.0162402,-0.486945,0.0241482
Heinola,Lahti,187,188,0.02501,-0.509752,0.0377588
Lahti,Helsinki,188,189,0.0580231,-0.516478,0.0879908
Helsinki,Hämeenlinna,189,618,0.0584642,-0.516391,0.0886546
Helsinki,Kotka,189,621,0.178146,-0.521017,0.270963
Gdańsk,Świecie,190,191,1.90068,-0.525859,2.90017
Gdańsk,Kaliningrad,190,563,1.49804,-0.527737,2.28861
Gdańsk,Elbląg,190,564,1.63265,-0.525756,2.49103
Gdańsk,Gdynia,190,639,1.17155,-0.526623,1.78851
Świecie,Łódź,191,192,1.32747,-0.524509,2.02374
Świecie,Poznań,191,315,1.7705,-0.524448,2.69904
Łódź,Piotrków Trybunalski,192,193,1.51836,-0.524085,2.31411
Piotrków Trybunalski,Katowice,193,194,1.76948,-0.522162,2.69343
Piotrków Trybunalski,Warsaw,193,316,2.64584,-0.524874,4.03458
Piotrków Trybunalski,Wrocław,193,339,1.79071,-0.522613,2.72655
Katowice,Žilina,194,195,1.38954,-0.516838,2.1077
Katowice,Zabrze,194,342,1.25685,-0.520194,1.91066
Katowice,Kraków,194,343,1.93197,-0.520231,2.93704
Katowice,Český Těšín,194,717,0.988888,-0.518989,1.50211
Žilina,Olomouc,195,716,0.806496,-0.512446,1.21978
Győr,Budapest,196,197,1.90778,-0.498831,2.85944
Győr,Vámosszabadi,196,726,0.886566,-0.501398,1.33109
Budapest,Szeged,197,198,1.83354,-0.490825,2.73349
Budapest,Mosonmagyaróvár,197,412,2,-0.496779,2.99356
Budapest,Szolnok,197,413,1.85482,-0.492589,2.76849
Budapest,Miskolc,197,552,1.96523,-0.495422,2.93885
Budapest,Balatonvilágos,197,553,1.67613,-0.493753,2.50373
Budapest,Szekszárd,197,555,1.52666,-0.493161,2.27955
Budapest,Zvolen,197,568,1.86962,-0.498359,2.80137
Szeged,Subotica,198,199,1.02783,-0.483956,1.52525
Szeged,Arad,198,684,1.23765,-0.484593,1.83741
Subotica,Novi Sad,199,200,0.572548,-0.481397,0.848172
Subotica,Sombor,199,735,0.542081,-0.48361,0.804237
Novi Sad,Belgrade,200,201,0.529129,-0.478579,0.782358
Belgrade,Niš,201,202,0.421672,-0.474661,0.621823
Belgrade,Slavonski Brod,201,455,0.479256,-0.481477,0.710006
Belgrade,Vršac,201,456,0.420667,-0.477053,0.621347
Belgrade,Čačak,201,739,0.365134,-0.475203,0.538647
Niš,Kumanovo,202,203,0.170142,-0.470174,0.250139
Niš,Drobeta-Turnu Severin,202,458,0.406193,-0.475138,0.59919
Niš,Sofia,202,468,0.268351,-0.462175,0.392376
Kumanovo,Kyustendil,203,745,0.1006,-0.462491,0.147126
Veles,Gevgelija,204,205,0.0391337,-0.450902,0.0567792
Gevgelija,Evzoni,205,206,0.0350957,-0.435547,0.0503815
Evzoni,Thessaloniki,206,207,0.0616293,-0.427877,0.0879991
Thessaloniki,Katerini,207,208,0.0412074,-0.426084,0.0587652
Thessaloniki,Alexandroupoli,207,233,0.0845839,-0.423696,0.120422
Thessaloniki,Serres,207,577,0.07746,-0.433146,0.111012
Klaipėda,Kaunas,209,210,2.27023,-0.528965,3.47111
Klaipėda,Palanga,209,704,1.33917,-0.529657,2.04846
Kaunas,Vilnius,210,211,2.51363,-0.528667,3.8425
Kaunas,Warsaw,210,316,4.75275,-0.527286,7.25881
Kaunas,Riga,210,547,3.29641,-0.527757,5.03612
Kaunas,Ukmergė,210,701,2.11405,-0.528624,3.23158
Vilnius,Lida,211,212,2.35585,-0.528802,3.60163
Vilnius,Minsk,211,318,4.70353,-0.526924,7.18193
Vilnius,Marijampolė,211,641,2.47775,-0.529045,3.78859
Vilnius,Ukmergė,211,701,2.4788,-0.528884,3.7898
Lida,Slonim,212,213,0.920263,-0.528776,1.40688
Slonim,Kobryn,213,214,0.457902,-0.52579,0.698662
Kobryn,Dubno,214,215,0.47706,-0.518856,0.724586
Dubno,Ternopil,215,216,0.991269,-0.515207,1.50198
Ternopil,Chernivtsi,216,217,1.09386,-0.513292,1.65533
Ternopil,Stryj,216,379,1.53832,-0.511905,2.32579
Ternopil,Khmelnytskyi,216,380,1.43035,-0.516692,2.1694
Chernivtsi,Siret,217,218,0.783755,-0.509478,1.18306
Siret,Suceava,218,219,1.27226,-0.506098,1.91615
Suceava,Roman,219,220,1.23119,-0.504701,1.85257
Suceava,Halmeu,219,578,1.87943,-0.503176,2.82511
Suceava,Iaşi,219,670,1.71423,-0.507545,2.58428
Roman,Urziceni,220,221,0.656579,-0.502621,0.986589
Urziceni,Bucharest,221,222,0.420005,-0.496506,0.628541
Urziceni,Slobozia,221,421,0.364693,-0.501537,0.547601
Bucharest,Giurgiu,222,223,0.195722,-0.488466,0.291326
Bucharest,Ploieşti,222,420,0.179143,-0.489291,0.266796
Bucharest,Constanţa,222,423,0.276168,-0.493179,0.412368
Bucharest,Alexandria,222,460,0.200102,-0.48556,0.297263
Bucharest,Piteşti,222,583,0.21973,-0.486572,0.326644
Giurgiu,Ruse,223,224,0.0974419,-0.485152,0.144716
Ruse,Byala,224,225,0.0472964,-0.479203,0.0699609
Ruse,Razgrad,224,461,0.0445472,-0.480611,0.0659571
Byala,Veliko Tarnovo,225,226,0.0353467,-0.475061,0.0521385
Byala,Pleven,225,584,0.0333272,-0.469137,0.0489622
Veliko Tarnovo,Stara Zagora,226,227,0.0394394,-0.475129,0.0581782
Veliko Tarnovo,Shumen,226,462,0.0400119,-0.479598,0.0592015
Stara Zagora,Haskovo,227,228,0.0232731,-0.473193,0.0342858
Stara Zagora,Burgas,227,590,0.0364634,-0.479821,0.0539593
Haskovo,Svilengrad,228,229,0.0102121,-0.464762,0.0149583
Svilengrad,Ormenio,229,230,0.00664346,-0.444397,0.0095958
Ormenio,Kastanies,230,231,0.00897949,-0.425474,0.0128
Kastanies,Didymoteicho,231,232,0.0189566,-0.420625,0.0269302
Didymoteicho,Alexandroupoli,232,233,0.044881,-0.420882,0.0637706
Alexandroupoli,Gelibolu,233,478,0.0558524,-0.420167,0.0793198
Saint Petersburg,Pskov,234,235,4.47968,-0.522869,6.82197
Saint Petersburg,Moscow,234,239,8.01872,-0.516952,12.164
Saint Petersburg,Petrozavodsk,234,245,2.80062,-0.520219,4.25756
Saint Petersburg,Narva,234,304,3.36412,-0.521832,5.11962
Saint Petersburg,Vyborg,234,623,2.8006,-0.52022,4.25753
Pskov,Gomel,235,236,6.03518,-0.525479,9.20655
Pskov,Riga,235,547,4.37369,-0.525818,6.67346
Gomel,Kiev,236,237,8.14632,-0.52236,12.4016
Gomel,Babruysk,236,703,5.045,-0.525444,7.69587
Kiev,Odessa,237,238,5.64152,-0.51753,8.56117
Kiev,Hlukhiv,237,242,6.89828,-0.516789,10.4632
Kiev,Kharkiv,237,247,6.62269,-0.515529,10.0369
Kiev,Rivne,237,348,5.06276,-0.518894,7.6898
Kiev,Zhytomyr,237,349,4.03232,-0.519063,6.12535
Odessa,Izmail,238,586,1.85843,-0.517361,2.8199
Odessa,Chişinău,238,672,2.1952,-0.517043,3.33022
Odessa,Mykolaiv,238,673,2.17648,-0.517653,3.30314
Moscow,Kaluga,239,240,5.55857,-0.51443,8.41807
Moscow,Orel,239,246,5.76111,-0.510277,8.70087
Moscow,Voronezh,239,248,5.86852,-0.509601,8.85913
Moscow,Tambov,239,256,5.03637,-0.507686,7.59327
Moscow,Smolensk,239,319,6.28389,-0.519286,9.54703
Moscow,Ryazan,239,320,4.34874,-0.508182,6.5587
Moscow,Velikiye Luki,239,628,5.39932,-0.516026,8.18551
Moscow,Vladimir,239,629,4.39216,-0.50723,6.62
Kaluga,Bryansk,240,241,3.10618,-0.515957,4.70883
Bryansk,Hlukhiv,241,242,3.8591,-0.516831,5.8536
Hlukhiv,Kursk,242,645,4.07369,-0.515937,6.17546
Kirkenes,Murmansk,243,244,0.40557,-0.521034,0.616886
Murmansk,Petrozavodsk,244,245,1.05411,-0.520812,1.6031
Orel,Kharkiv,246,247,4.39729,-0.512249,6.6498
Kharkiv,Luhansk,247,350,3.57772,-0.513996,5.41666
Voronezh,Novorossiysk,248,249,3.60315,-0.504868,5.42227
Voronezh,Kursk,248,645,3.82144,-0.512964,5.78171
Voronezh,Saratov,248,646,2.92615,-0.504616,4.40273
Novorossiysk,Dzhankoy,249,601,1.48534,-0.507158,2.23864
Novorossiysk,Sochi,249,602,1.43849,-0.506855,2.1676
Mineralnye Vody,Nalchik,250,251,0.178209,-0.502862,0.267824
Mineralnye Vody,Makhachkala,250,260,0.397024,-0.501802,0.596252
Mineralnye Vody,Armavir,250,387,0.215266,-0.505245,0.324028
Nalchik,Vladikavkaz,251,252,0.0680518,-0.502721,0.102263
Vladikavkaz,Stepantsminda,252,253,0.0263165,-0.502557,0.0395421
Stepantsminda,Mtskheta,253,254,0.0110323,-0.502334,0.0165742
Mtskheta,Tbilisi,254,255,0.00683191,-0.502108,0.0102623
Tbilisi,Gori,255,428,0.00444683,-0.503,0.00668359
Tbilisi,Rustavi,255,429,0.00637554,-0.501493,0.00957283
Tambov,Povorino,256,257,2.30533,-0.508264,3.47704
Povorino,Volgograd,257,258,1.91771,-0.509223,2.89425
Volgograd,Astrakhan,258,259,1.97181,-0.505839,2.96924
Volgograd,Luhansk,258,350,2.29409,-0.511589,3.46772
Astrakhan,Makhachkala,259,260,1.21732,-0.501418,1.82771
Astrakhan,Atyrau,259,265,1.50678,-0.49607,2.25425
Makhachkala,Kuba,260,261,0.390182,-0.501424,0.585829
Kuba,Baku,261,262,0.148929,-0.501269,0.223582
Baku,Yevlakh,262,431,0.0569827,-0.50112,0.0855378
Samara,Oral,263,264,1.0878,-0.48169,1.61178
Samara,Penza,263,321,1.15021,-0.495309,1.71992
Samara,Ufa,263,322,0.757349,-0.477127,1.1187
Oral,Atyrau,264,265,1.11996,-0.478641,1.65602
Oral,Saratov,264,646,1.77324,-0.496136,2.65301
Oral,Aktobe,264,647,0.778751,-0.481524,1.15374
Atyrau,Beineu,265,266,0.566776,-0.48652,0.842523
Atyrau,Beyneu,265,351,0.566776,-0.48652,0.842523
Beineu,Shetpe,266,267,0.219451,-0.485292,0.325949
Shetpe,Zhetybai,267,268,0.085123,-0.484008,0.126323
Zhetybai,Fetisovo,268,269,0.0331953,-0.482529,0.0492129
Fetisovo,Bekdash,269,270,0.0133028,-0.480147,0.0196901
Bekdash,Türkmenbaşy,270,271,0.00618494,-0.474034,0.00911681
Türkmenbaşy,Gyzylarbat,271,272,0.00493082,-0.462765,0.00721263
Gyzylarbat,Ashgabat,272,432,0.00824032,-0.457895,0.0120135
Chelyabinsk,Kostanay,273,274,0.153192,-0.470803,0.225315
Chelyabinsk,Ufa,273,322,0.336437,-0.474894,0.496209
Chelyabinsk,Kurgan,273,323,0.16686,-0.46312,0.244136
Kostanay,Esil,274,275,0.0640342,-0.466145,0.0938834
Esil,Derzhavinsk,275,276,0.0345753,-0.451046,0.0501704
Derzhavinsk,Arkalyk,276,277,0.0363066,-0.427534,0.0518289
Arkalyk,Jezkazgan,277,278,0.0690824,-0.417054,0.0978936
Jezkazgan,Kyzylorda,278,279,0.102524,-0.412698,0.144836
Jezkazgan,Karaganda,278,286,0.102155,-0.417512,0.144806
Kyzylorda,Shymkent,279,280,0.0949681,-0.413093,0.134199
Kyzylorda,Novokazalinsk,279,650,0.0809096,-0.425791,0.11536
Shymkent,Tashkent,280,281,0.0684475,-0.407476,0.0963382
Shymkent,Zhambyl,280,359,0.0557468,-0.407553,0.0784666
Tashkent,Ayni,281,282,0.0240849,-0.410044,0.0339607
Tashkent,Jizzakh,281,358,0.0309924,-0.410343,0.0437099
Tashkent,Kokand,281,689,0.0252016,-0.406524,0.0354467
Ayni,Dushanbe,282,283,0.0176407,-0.403744,0.0247631
Ayni,Kokand,282,689,0.00881346,-0.402377,0.0123598
Dushanbe,Termez,283,440,0.00932234,-0.400973,0.0130604
Dushanbe,Jirgatal,283,441,0.00950224,-0.4,0.0133031
Dushanbe,Kulob,283,692,0.00696202,-0.400422,0.00974977
Ishim,Astana,284,285,0.0595788,-0.443304,0.0859903
Ishim,Omsk,284,291,0.0595788,-0.443304,0.0859903
Ishim,Kurgan,284,323,0.108264,-0.460407,0.158109
Ishim,Tyumen,284,635,0.0712965,-0.456929,0.103874
Astana,Karaganda,285,286,0.0564918,-0.428304,0.0806875
Karaganda,Balkhash,286,287,0.058597,-0.416868,0.0830242
Karaganda,Pavlodar,286,292,0.0650688,-0.424486,0.0926896
Balkhash,Burubaytal,287,288,0.0334833,-0.41269,0.0473015
Burubaytal,Almaty,288,289,0.036006,-0.40707,0.050663
Almaty,Bishkek,289,290,0.0529129,-0.403879,0.0742833
Almaty,Sary-Ozek,289,360,0.0256746,-0.404299,0.0360549
Almaty,Kokpek,289,695,0.0210918,-0.404403,0.0296215
Bishkek,Zhambyl,290,359,0.0477697,-0.404807,0.0671072
Bishkek,Osh,290,691,0.0468596,-0.402774,0.0657334
Omsk,Pavlodar,291,292,0.0428401,-0.433848,0.0614262
Pavlodar,Semey,292,293,0.0341302,-0.427102,0.0487073
Semey,Georgiyevka,293,294,0.0140986,-0.426115,0.0201063
Georgiyevka,Ayagoz,294,364,0.00608233,-0.424307,0.0086631
Narvik,Kiruna,295,296,0.000850928,-0.38032,0.00117455
Narvik,Setermoen,295,498,0.000781762,-0.441113,0.00112661
Kiruna,Töre,296,297,0.00156734,-0.355521,0.00212457
Töre,Luleå,297,298,0.00339821,-0.351595,0.004593
Luleå,Umeå,298,612,0.0058317,-0.348372,0.0078633
Luleå,Haparanda,298,613,0.00389718,-0.359194,0.00529702
Helsingborg,Halmstad,299,300,0.00482289,-0.345394,0.00648868
Helsingborg,Jönköping,299,605,0.00297029,-0.345444,0.00399636
Örebro,Stockholm,301,302,0.0092623,-0.345247,0.0124601
Örebro,Karlstad,301,620,0.00553794,-0.34531,0.00745024
Stockholm,Södertälje,302,608,0.0068335,-0.345116,0.00919186
Stockholm,Uppsala,302,609,0.0080618,-0.344893,0.0108423
Tallinn,Narva,303,304,2.04183,-0.524073,3.1119
Tallinn,Riga,303,547,2.85968,-0.525548,4.36257
Colchester,Ipswich,305,306,6.60256e-05,-0.487378,6.60256e-05
Ipswich,Cambridge,306,636,6.60256e-05,-0.487378,6.60256e-05
The Hague,Gouda,307,308,0.397204,-0.520753,0.60405
Amersfoort,Oldenzaal,309,310,0.678422,-0.52099,1.03187
Amersfoort,Hoogeveen,309,698,0.632765,-0.520847,0.962339
Oldenzaal,Osnabrück,310,311,0.591076,-0.522031,0.899635
Osnabrück,Bad Oeynhausen,311,312,1.12085,-0.522462,1.70645
Bad Oeynhausen,Dortmund,312,508,1.93635,-0.522569,2.94823
Braunschweig,Magdeburg,313,314,1.45539,-0.521013,2.21366
Magdeburg,Halle,314,518,1.53225,-0.520423,2.32966
Poznań,Warsaw,315,316,3.04887,-0.524496,4.648
Poznań,Wrocław,315,339,1.74316,-0.52318,2.65515
Warsaw,Elbląg,316,564,2.47514,-0.525628,3.77615
Warsaw,Radom,316,565,2.88166,-0.523612,4.39053
Warsaw,Lublin,316,713,3.44592,-0.523835,5.25101
Brest,Rennes,317,365,0.318792,-0.513127,0.482373
Brest,Lorient,317,388,0.173473,-0.512644,0.262402
Minsk,Smolensk,318,319,4.82522,-0.523027,7.34894
Minsk,Babruysk,318,703,4.48007,-0.525931,6.83628
Ryazan,Penza,320,321,1.82633,-0.505465,2.74948
Ufa,Yelabuga,322,632,0.37912,-0.478324,0.560462
Bruges,Ghent,324,325,1.63754,-0.516078,2.48264
Bruges,Zeebrugge,324,642,1.86026,-0.516381,2.82087
Ghent,Brussels,325,326,2.23758,-0.51636,3.39298
Brussels,Leuven,326,327,2.91788,-0.517791,4.42873
Leuven,Hasselt,327,708,1.95953,-0.51967,2.97784
Eupen,Aachen,328,329,2.41728,-0.52149,3.67787
Eupen,St. Vith,328,653,1.23131,-0.520494,1.8722
Aachen,Heerlen,329,709,1.91137,-0.521909,2.90892
Olpe,Wetzlar,330,331,2.28144,-0.522567,3.47364
Wetzlar,Gießen,331,332,2.28649,-0.522653,3.48153
Wetzlar,Dortmund,331,508,3.17894,-0.522679,4.8405
Wetzlar,Aschaffenburg,331,509,2.44629,-0.522434,3.72431
Wetzlar,Koblenz,331,660,2.39512,-0.522428,3.6464
Gießen,Bad Hersfeld,332,333,1.42422,-0.522821,2.16883
Bad Hersfeld,Eisenach,333,334,0.659318,-0.522426,1.00376
Eisenach,Erfurt,334,335,0.583306,-0.520934,0.88717
Erfurt,Gera,335,336,1.11502,-0.519943,1.69477
Gera,Chemnitz,336,337,1.65312,-0.519431,2.5118
Gera,Leipzig,336,526,1.67032,-0.519918,2.53875
Gera,Hirschberg,336,527,1.17401,-0.519572,1.78399
Chemnitz,Plauen,337,519,1.5576,-0.519367,2.36657
Wrocław,Opole,339,340,1.41952,-0.521514,2.15982
Wrocław,Kłodzko,339,548,1.44096,-0.521646,2.19263
Opole,Gliwice,340,341,0.6753,-0.521391,1.02739
Gliwice,Zabrze,341,342,0.635267,-0.520743,0.966077
Kraków,Rzeszów,343,344,0.9109,-0.519975,1.38455
Kraków,Radom,343,565,1.14277,-0.522661,1.74004
Kraków,Trstená,343,566,1.12035,-0.518036,1.70074
Rzeszów,Jarosław,344,345,0.88272,-0.520209,1.34192
Rzeszów,Radom,344,565,0.993559,-0.522806,1.513
Rzeszów,Barwinek,344,710,0.692243,-0.520526,1.05257
Jarosław,Korczowa,345,346,0.944126,-0.518071,1.43325
Korczowa,Lviv,346,347,1.98378,-0.516667,3.00873
Lviv,Rivne,347,348,2.72943,-0.517789,4.1427
Lviv,Mukachevo,347,378,3.38826,-0.512217,5.12378
Lviv,Lublin,347,713,2.04521,-0.519385,3.10747
Rivne,Zhytomyr,348,349,1.74981,-0.519642,2.65908
Rivne,Kovel,348,714,1.72945,-0.519925,2.62864
Zhytomyr,Vinnytsia,349,381,2.92995,-0.520016,4.45357
Beyneu,Qo‘ng‘irot,351,352,0.221067,-0.485095,0.328305
Qo‘ng‘irot,Nukus,352,353,0.0898352,-0.482783,0.133206
Nukus,Daşoguz,353,354,0.0453452,-0.477421,0.0669939
Daşoguz,Bukhara,354,355,0.0146079,-0.460044,0.0213282
Daşoguz,Ashgabat,354,432,0.0166762,-0.461746,0.0243764
Daşoguz,Uchkuduk,354,688,0.0116762,-0.46895,0.0171517
Bukhara,Navoiy,355,356,0.0107399,-0.435598,0.0154182
Bukhara,Alat,355,436,0.00892827,-0.442383,0.012878
Bukhara,Karshi,355,437,0.00900629,-0.441039,0.0129784
Bukhara,Uchkuduk,355,688,0.0065855,-0.447259,0.00953093
Navoiy,Samarkand,356,357,0.00874132,-0.419679,0.0124099
Samarkand,Jizzakh,357,358,0.0140798,-0.411019,0.0198668
Sary-Ozek,Taldykorgan,360,361,0.0122233,-0.403787,0.017159
Sary-Ozek,Koktal,360,697,0.0115208,-0.403637,0.0161711
Taldykorgan,Ucharal,361,362,0.00544654,-0.404589,0.00765015
Ucharal,Taskesken,362,363,0.00307695,-0.40953,0.00433706
Taskesken,Ayagoz,363,364,0.00322757,-0.418911,0.00457964
Rennes,Le Mans,365,366,0.791274,-0.51326,1.1974
Le Mans,Angers,366,391,0.64555,-0.513282,0.976899
Le Mans,Tours,366,392,0.747102,-0.512832,1.13024
Le Mans,Rouen,366,662,1.2541,-0.514473,1.89929
Reims,Charleroi,367,651,1.7755,-0.515944,2.69157
Reims,Charleville-Mézières,367,658,1.63399,-0.516586,2.47809
Reims,Rouen,367,662,1.81482,-0.514664,2.74884
Saarbrücken,Mannheim,368,369,3.3091,-0.521522,5.03486
Saarbrücken,Trier,368,659,1.6914,-0.520239,2.57133
Mannheim,Heilbronn,369,370,3.09135,-0.521372,4.70309
Rozvadov,Plzeň,371,372,2.37865,-0.516331,3.60681
Plzeň,Karlovy Vary,372,523,1.64153,-0.51571,2.48808
Plzeň,České Budějovice,372,524,1.87284,-0.514218,2.83589
Plzeň,Bayerisch Eisenstein,372,530,1.93735,-0.515348,2.93576
Trenčín,Prešov,373,374,1.1737,-0.507554,1.76941
Prešov,Košice,374,375,1.79407,-0.505504,2.70097
Prešov,Svidník,374,712,0.893108,-0.507525,1.34638
Košice,Vyšné Nemecké,375,376,0.897755,-0.504253,1.35045
Košice,Uzhhorod,375,377,1.75931,-0.504638,2.64712
Košice,Miskolc,375,552,1.55185,-0.501116,2.32951
Košice,Zvolen,375,568,1.66513,-0.503752,2.50394
Vyšné Nemecké,Uzhhorod,376,377,0.861555,-0.50504,1.29667
Uzhhorod,Mukachevo,377,378,2.86663,-0.505455,4.31558
Uzhhorod,Chop,377,723,1.42231,-0.503997,2.13915
Mukachevo,Stryj,378,379,2.12468,-0.508761,3.20563
Mukachevo,Halmeu,378,578,2.45997,-0.505037,3.70235
Khmelnytskyi,Vinnytsia,380,381,1.81191,-0.519418,2.75304
Vinnytsia,Uman,381,382,1.77574,-0.520195,2.69946
Vinnytsia,Mohyliv-Podilskyi,381,728,1.63388,-0.519694,2.48299
Uman,Kirovohrad,382,383,1.3232,-0.519658,2.01081
Kirovohrad,Dnipropetrovsk,383,384,0.909247,-0.519072,1.38121
Kirovohrad,Chişinău,383,672,1.79797,-0.518056,2.72942
Dnipropetrovsk,Donetsk,384,385,0.378559,-0.518865,0.57498
Donetsk,Rostov-on-Don,385,386,0.240713,-0.516829,0.365121
Rostov-on-Don,Armavir,386,387,0.192811,-0.511624,0.291458
Rostov-on-Don,Taganrog,386,675,0.214356,-0.514989,0.324748
Lorient,Vannes,388,389,0.206012,-0.511974,0.311485
Vannes,Nantes,389,390,0.449498,-0.511803,0.679552
Nantes,Angers,390,391,0.627397,-0.512156,0.948722
Nantes,Poitiers,390,676,0.877492,-0.511688,1.32649
Angers,Tours,391,392,0.479122,-0.510897,0.723904
Tours,Vierzon,392,503,0.621112,-0.510374,0.938111
Montargis,Auxerre,393,394,1.16335,-0.512359,1.75941
Auxerre,Beaune,394,395,2.20641,-0.513068,3.33844
Beaune,Dole,395,396,2.28243,-0.514477,3.45669
Beaune,Antwerp,395,505,3.93978,-0.515245,5.96973
Dole,Besançon,396,397,1.2226,-0.515307,1.85261
Besançon,Belfort,397,398,1.42279,-0.51646,2.1576
Zürich,Winterthur,399,400,1.40723,-0.517746,2.13581
Winterthur,St. Gallen,400,401,1.00192,-0.517844,1.52075
Winterthur,Schaffhausen,400,511,1.38969,-0.519275,2.11132
St. Gallen,St. Margrethen,401,402,0.903942,-0.516927,1.37121
St. Margrethen,Bregenz,402,403,1.47108,-0.51611,2.23032
St. Margrethen,Buchs,402,514,0.687709,-0.51643,1.04286
Bregenz,Feldkirch,403,748,1.40601,-0.515694,2.13108
Bregenz,Lindau,403,513,2.22223,-0.515919,3.36872
Feldkirch,Landeck,748,404,0.633437,-0.514921,0.959607
Feldkirch,Imst,748,406,0.660479,-0.514858,1.00053
Landeck,Telfs,404,405,0.438899,-0.514341,0.664642
Sattledt,Liezen,408,532,0.902398,-0.509429,1.36211
Sattledt,Wels,408,669,0.980092,-0.511799,1.4817
Sankt Pölten,Vienna,409,410,1.85597,-0.507701,2.79824
Vienna,Nickelsdorf,410,411,1.98895,-0.505214,2.99379
Vienna,Halámky,410,525,1.96195,-0.507748,2.95813
Vienna,Graz,410,534,2.437,-0.505375,3.6686
Nickelsdorf,Mosonmagyaróvár,411,412,1.32867,-0.501101,1.99447
Szolnok,Püspökladány,413,414,1.30515,-0.490139,1.94486
Püspökladány,Oradea,414,415,1.6227,-0.489306,2.4167
Püspökladány,Nyíregyháza,414,722,1.04663,-0.492493,1.56209
Oradea,Cluj-Napoca,415,416,0.738698,-0.486148,1.09781
Oradea,Berettyóújfalu,415,570,1.11438,-0.489412,1.65977
Oradea,Beiuş,415,571,0.705861,-0.486825,1.04949
Oradea,Satu Mare,415,579,1.19728,-0.491092,1.78525
Oradea,Arad,415,684,1.17233,-0.484938,1.74083
Cluj-Napoca,Turda,416,417,0.465195,-0.486106,0.691328
Cluj-Napoca,Zalău,416,580,0.466063,-0.4896,0.694248
Turda,Târgu Mureş,417,418,0.198891,-0.483772,0.295109
Turda,Sebeş,417,581,0.205138,-0.483555,0.304333
Târgu Mureş,Braşov,418,419,0.137511,-0.482293,0.203832
Braşov,Ploieşti,419,420,0.117444,-0.484506,0.174346
Braşov,Sibiu,419,582,0.161,-0.481386,0.238503
Braşov,Piteşti,419,583,0.0947493,-0.48165,0.140385
Slobozia,Hârşova,421,422,0.255259,-0.503121,0.383685
Slobozia,Galaţi,421,588,0.463669,-0.508538,0.699462
Hârşova,Constanţa,422,423,0.246388,-0.498206,0.36914
Constanţa,Varna,423,463,0.186964,-0.492097,0.278969
Constanţa,Tulcea,423,589,0.256522,-0.502615,0.385454
Senaki,Samtredia,424,425,0.0298859,-0.50808,0.0450703
Senaki,Zugdidi,424,604,0.0786349,-0.507611,0.118551
Samtredia,Kutaisi,425,426,0.0115056,-0.508798,0.0173597
Kutaisi,Khashuri,426,427,0.00483347,-0.508807,0.00729278
Khashuri,Gori,427,428,0.00307993,-0.506577,0.00464015
Rustavi,Ganja,429,430,0.00950132,-0.500969,0.0142612
Ganja,Yevlakh,430,431,0.0221468,-0.500983,0.033242
Ashgabat,Tejen,432,433,0.00784798,-0.455751,0.0114247
Tejen,Mary,433,434,0.00362241,-0.449385,0.00525027
Mary,Türkmenabat,434,435,0.00265256,-0.441171,0.00382279
Türkmenabat,Alat,435,436,0.00402316,-0.439269,0.00579041
Karshi,Guzar,437,438,0.00420843,-0.431743,0.00602539
Guzar,Sherobod,438,439,0.00304449,-0.414928,0.00430773
Sherobod,Termez,439,440,0.00440703,-0.403079,0.00618342
Jirgatal,Sary Tash,441,442,0.0087771,-0.39909,0.01228
Jirgatal,Khorugh,441,694,0.00524206,-0.398424,0.00733062
Sary Tash,Irkeshtam,442,443,0.0118047,-0.400237,0.0165293
Irkeshtam,Osh,443,691,0.0242816,-0.401391,0.034028
A Coruña,Bilbao,444,445,0.0700805,-0.500862,0.105181
A Coruña,Pontevedra,444,481,0.0285726,-0.498387,0.0428129
Clermont-Ferrand,Montluçon,446,504,0.700655,-0.508473,1.05692
Chambéry,Susa,447,448,0.764587,-0.508193,1.15315
Chambéry,Marseille,447,736,0.586322,-0.509203,0.884878
Susa,Turin,448,449,0.456041,-0.503837,0.685811
Tortona,Brescia,450,451,0.126766,-0.479757,0.187583
Trieste,Postojna,452,453,0.201966,-0.490599,0.30105
Trieste,Ljubljana,452,454,0.416195,-0.493647,0.621648
Postojna,Ljubljana,453,454,0.301822,-0.496171,0.451578
Ljubljana,Maribor,454,535,0.55218,-0.499103,0.827775
Ljubljana,Naklo,454,538,0.80063,-0.498864,1.20003
Vršac,Timişoara,456,457,0.427507,-0.477668,0.631714
Timişoara,Drobeta-Turnu Severin,457,458,0.475431,-0.477148,0.702282
Timişoara,Arad,457,684,0.822826,-0.480892,1.21852
Drobeta-Turnu Severin,Craiova,458,459,0.441681,-0.47556,0.651727
Craiova,Alexandria,459,460,0.189714,-0.478784,0.280546
Craiova,Târgu Jiu,459,574,0.260673,-0.476028,0.38476
Craiova,Piteşti,459,583,0.244887,-0.47747,0.361814
Razgrad,Shumen,461,462,0.0391018,-0.480175,0.0578775
Shumen,Varna,462,463,0.0677578,-0.48553,0.100656
Varna,Burgas,463,590,0.0666926,-0.485675,0.0990836
Lisbon,Valladolid,464,465,0.0449625,-0.493502,0.0671516
Lisbon,Porto,464,483,0.0376086,-0.489371,0.0560132
Lisbon,Albufeira,464,484,0.0360621,-0.488491,0.0536782
Toulouse,Nice,466,467,0.603582,-0.50246,0.906858
Nice,Cuneo,467,685,0.231792,-0.497454,0.347099
Sofia,Plovdiv,468,469,0.140256,-0.456898,0.204339
Sofia,Botevgrad,468,575,0.140901,-0.457063,0.205301
Sofia,Blagoevgrad,468,576,0.148014,-0.449522,0.21455
Sofia,Kyustendil,468,745,0.110367,-0.459486,0.161079
Plovdiv,Istanbul,469,470,0.0574712,-0.455093,0.0836259
Istanbul,İzmit,470,471,0.0269955,-0.452877,0.0392211
İzmit,Gerede,471,472,0.0090152,-0.450188,0.0130737
İzmit,Bursa,471,479,0.00894353,-0.449301,0.0129619
Gerede,Kızılcahamam,472,599,0.00412303,-0.448042,0.00597033
Mazara del Vallo,Palermo,473,474,6.60256e-05,-0.487378,6.60256e-05
Metaponto,Taranto,475,476,0.00366055,-0.458038,0.00533722
Metaponto,Potenza,475,743,0.00192643,-0.455596,0.0028041
Ioannina,Trikala,477,687,0.00837465,-0.420789,0.0118986
Gelibolu,Keşan,478,596,0.026323,-0.418297,0.0373339
Gelibolu,Ayvalık,478,597,0.026319,-0.418218,0.0373261
Bursa,Ankara,479,480,0.00433636,-0.445758,0.00626932
Bursa,Balıkesir,479,746,0.00484163,-0.441528,0.00697935
Ankara,Kızılcahamam,480,599,0.00292545,-0.445825,0.0042297
Pontevedra,Valença,481,482,0.0155452,-0.493216,0.0232124
Valença,Porto,482,483,0.0178521,-0.488726,0.0265769
Albufeira,Castro Marim,484,485,0.0176076,-0.485352,0.0261534
Castro Marim,Huelva,485,486,0.0162447,-0.484821,0.0241205
Cherbourg-Octeville,La Rochelle,487,488,0.170162,-0.513265,0.257501
Cherbourg-Octeville,Caen,487,661,0.383339,-0.514593,0.580603
La Rochelle,Saintes,488,730,0.131662,-0.509542,0.19875
Oslo,Hamar,489,490,0.00425839,-0.345282,0.00572874
Oslo,Askim,489,619,0.00443469,-0.345334,0.00596614
Hamar,Lillehammer,490,491,0.00268956,-0.345044,0.00361757
Lillehammer,Dombås,491,492,0.00297675,-0.344632,0.00400264
Dombås,Trondheim,492,493,0.00531572,-0.344412,0.00714652
Trondheim,Stjørdal,493,494,0.00519489,-0.344345,0.00698372
Stjørdal,Steinkjer,494,495,0.00261088,-0.344308,0.00350983
Steinkjer,Mosjøen,495,496,0.00182477,-0.344415,0.00245325
Mosjøen,Mo i Rana,496,497,0.00229562,-0.344946,0.00308748
Mo i Rana,Umeå,497,612,0.00435019,-0.345752,0.00585428
Setermoen,Alta,498,499,0.00140229,-0.485686,0.00208336
Alta,Olderfjord,499,500,0.00338495,-0.499231,0.00507482
Olderfjord,Lakselv,500,501,0.00874736,-0.50342,0.013151
Lakselv,Karasjok,501,502,0.022917,-0.505729,0.0345067
Vierzon,Montluçon,503,504,0.437936,-0.509088,0.660883
Antwerp,Zeebrugge,505,642,2.72188,-0.516581,4.12796
Martigny,Sion,506,678,0.5709,-0.504783,0.859081
Bremen,Groningen,507,624,2.41859,-0.521828,3.68068
Stuttgart,Schaffhausen,510,511,2.15331,-0.520109,3.27327
Stuttgart,Ulm,510,512,1.87383,-0.519074,2.84649
Ulm,Lindau,512,513,1.58524,-0.517951,2.40632
Lindau,Waldshut,513,666,2.15397,-0.517077,3.26774
Buchs,Chur,514,515,0.273141,-0.516408,0.414193
Chur,San Bernardino,515,516,0.140676,-0.516279,0.213304
Halle,Plauen,518,519,1.45304,-0.519814,2.20835
Plauen,Schönberg,519,520,1.18375,-0.519338,1.79851
Plauen,Hof,519,528,1.57452,-0.519301,2.39217
Schönberg,Vojtanov,520,521,0.712563,-0.51867,1.08215
Vojtanov,Cheb,521,522,0.980549,-0.517702,1.48818
Cheb,Karlovy Vary,522,523,1.60393,-0.516528,2.4324
Cheb,Marktredwitz,522,663,1.30149,-0.51795,1.9756
Karlovy Vary,Teplice,523,715,0.979409,-0.51555,1.48434
České Budějovice,Halámky,524,525,1.26893,-0.511037,1.9174
Hirschberg,Hof,527,528,1.21847,-0.519205,1.85111
Hof,Bayreuth,528,529,1.98671,-0.518636,3.01709
Bayreuth,Marktredwitz,529,663,1.79439,-0.518616,2.72499
Bayerisch Eisenstein,Deggendorf,530,531,1.45576,-0.515698,2.20648
Liezen,Sankt Michael,532,533,0.708817,-0.506716,1.06799
Sankt Michael,Graz,533,534,1.23357,-0.50466,1.85611
Graz,Maribor,534,535,1.00916,-0.502547,1.51631
Graz,Spielfeld,534,536,0.787848,-0.504022,1.18494
Graz,Klagenfurt,534,683,1.42414,-0.502443,2.13969
Maribor,Spielfeld,535,536,0.325406,-0.499855,0.488062
Karavanke Tunnel,Naklo,537,538,0.731443,-0.501709,1.09841
Naklo,Loiblpass,538,734,0.688654,-0.501293,1.03387
Kemijärvi,Posio,539,540,0.00130543,-0.446939,0.00188888
Posio,Kuusamo,540,541,0.000750076,-0.442059,0.00108165
Kuusamo,Kajaani,541,542,0.000857874,-0.448807,0.00124289
Kajaani,Iisalmi,542,543,0.00173571,-0.460343,0.00253474
Iisalmi,Kuopio,543,544,0.0042116,-0.469473,0.00618883
Tampere,Turku,545,546,0.00916417,-0.495475,0.0137048
Tampere,Vaasa,545,616,0.00953635,-0.487859,0.0141887
Tampere,Hämeenlinna,545,618,0.0294336,-0.509264,0.0444231
Turku,Pori,546,617,0.00460853,-0.486482,0.0068505
Riga,Šiauliai,547,561,3.03448,-0.528269,4.6375
Riga,Rēzekne,547,627,3.14559,-0.52622,4.80086
Kłodzko,Kudowa-Zdrój,548,549,0.647044,-0.520503,0.983832
Kudowa-Zdrój,Náchod,549,550,0.526707,-0.517004,0.799016
Náchod,Hradec Králové,550,551,0.950989,-0.51443,1.44021
Hradec Králové,Olomouc,551,716,1.28807,-0.512815,1.94861
Miskolc,Debrecen,552,569,1.1685,-0.497032,1.74927
Szekszárd,Mohács,555,556,0.642018,-0.492723,0.958355
Mohács,Osijek,556,557,0.390049,-0.490683,0.581439
Osijek,Đakovo,557,558,0.225401,-0.488371,0.33548
Osijek,Sombor,557,735,0.360863,-0.486253,0.536334
Đakovo,Šamac,558,559,0.095218,-0.486703,0.141561
Šamac,Zenica,559,560,0.0577211,-0.479821,0.0854168
Zenica,Sarajevo,560,737,0.0756157,-0.471798,0.111291
Šiauliai,Tolpaki,561,562,2.37946,-0.529963,3.64049
Šiauliai,Palanga,561,704,1.82669,-0.52946,2.79386
Šiauliai,Panevėžys,561,705,1.89015,-0.529421,2.89084
Tolpaki,Kaliningrad,562,563,1.47576,-0.529668,2.25743
Tolpaki,Nesterov,562,640,1.40788,-0.530404,2.15463
Trstená,Ružomberok,566,567,0.84848,-0.510642,1.28175
Ružomberok,Zvolen,567,568,1.44314,-0.504485,2.17119
Debrecen,Berettyóújfalu,569,570,0.764328,-0.493385,1.14144
Beiuş,Deva,571,572,0.445581,-0.483477,0.66101
Deva,Petroşani,572,573,0.33331,-0.479385,0.493094
Deva,Sibiu,572,582,0.432541,-0.479548,0.639965
Deva,Arad,572,684,0.61503,-0.481223,0.910996
Petroşani,Târgu Jiu,573,574,0.201043,-0.477254,0.296992
Botevgrad,Jablanica,575,585,0.0592665,-0.45631,0.0863104
Blagoevgrad,Serres,576,577,0.0779544,-0.446194,0.112737
Halmeu,Satu Mare,578,579,1.61407,-0.498119,2.41806
Satu Mare,Zalău,579,580,0.649563,-0.493608,0.970192
Sebeş,Sibiu,581,582,0.199105,-0.480682,0.294811
Sibiu,Piteşti,582,583,0.205163,-0.479144,0.303465
Pleven,Jablanica,584,585,0.03172,-0.459547,0.0462969
Izmail,Reni,586,587,0.824052,-0.51684,1.24996
Reni,Galaţi,587,588,0.641483,-0.514462,0.971502
Galaţi,Tulcea,588,589,0.359756,-0.509809,0.543162
Galaţi,Giurgiuleşti,588,729,0.772997,-0.514911,1.17102
Burgas,Malko Tarnovo,590,591,0.0308352,-0.480885,0.0456633
Malko Tarnovo,Dereköy,591,592,0.0122775,-0.477188,0.0181362
Dereköy,Kırklareli,592,593,0.00543728,-0.467596,0.00797973
Kırklareli,Babaeski,593,594,0.00368192,-0.444078,0.00531699
Babaeski,Havsa,594,595,0.0051967,-0.423435,0.00739716
Havsa,Keşan,595,596,0.0111124,-0.418222,0.0157599
Ayvalık,İzmir,597,598,0.0110955,-0.417566,0.0157286
İzmir,Manisa,598,747,0.00513824,-0.419463,0.00729354
Kherson,Dzhankoy,600,601,1.01909,-0.51125,1.54009
Kherson,Mykolaiv,600,673,1.2214,-0.516252,1.85194
Kherson,Melitopol,600,674,0.661335,-0.514457,1.00156
Sochi,Sukhumi,602,603,0.54602,-0.507005,0.822855
Sukhumi,Zugdidi,603,604,0.207216,-0.507256,0.312327
Jönköping,Linköping,605,606,0.00219473,-0.345415,0.00295283
Linköping,Norrköping,606,607,0.00293537,-0.345347,0.00394908
Norrköping,Södertälje,607,608,0.00455647,-0.345208,0.0061294
Norrköping,Kalmar,607,626,0.00292436,-0.345345,0.00393427
Uppsala,Sundsvall,609,610,0.00826672,-0.344597,0.0111154
Sundsvall,Örnsköldsvik,610,611,0.00762178,-0.344608,0.0102483
Örnsköldsvik,Umeå,611,612,0.00611262,-0.345351,0.00822362
Haparanda,Tornio,613,614,0.00314172,-0.385922,0.00435418
Kokkola,Vaasa,615,616,0.00639378,-0.46533,0.00936899
Vaasa,Pori,616,617,0.00453683,-0.479053,0.00671021
Askim,Karlstad,619,620,0.00370634,-0.345347,0.00498631
Kotka,Vaalimaa,621,622,0.404886,-0.521396,0.615993
Vaalimaa,Vyborg,622,623,1.05384,-0.520862,1.60274
Groningen,Hoogeveen,624,698,0.87409,-0.521238,1.3297
Sassnitz,Stralsund,625,699,0.462026,-0.520753,0.702627
Rēzekne,Velikiye Luki,627,628,3.28877,-0.520536,5.00069
Rēzekne,Daugavpils,627,702,2.11311,-0.525752,3.22409
Vladimir,Nizhny Novgorod,629,630,1.6898,-0.506911,2.54638
Nizhny Novgorod,Kazan,630,631,0.7006,-0.504802,1.05426
Kazan,Yelabuga,631,632,0.418725,-0.495822,0.626338
Yelabuga,Perm,632,633,0.239632,-0.48619,0.356139
Perm,Yekaterinburg,633,634,0.100503,-0.48264,0.14901
Yekaterinburg,Tyumen,634,635,0.0583887,-0.471173,0.0858999
Koszalin,Słupsk,637,638,0.280225,-0.524443,0.427187
Słupsk,Gdynia,638,639,0.475565,-0.526367,0.725886
Nesterov,Marijampolė,640,641,1.26981,-0.530002,1.94282
Aktobe,Karabutak,647,648,0.306717,-0.479127,0.453673
Karabutak,Aral,648,649,0.128595,-0.472859,0.189403
Aral,Novokazalinsk,649,650,0.0720889,-0.453102,0.104752
Charleroi,Namur,651,652,1.28639,-0.517168,1.95167
St. Vith,Wittlich,653,654,1.30244,-0.52001,1.97972
Wittlich,Bingen,654,655,0.829791,-0.521428,1.26247
Bingen,Wiesbaden,655,656,1.2225,-0.522495,1.86124
Amiens,Charleville-Mézières,657,658,1.46151,-0.516212,2.21596
Trier,Koblenz,659,660,1.77846,-0.521306,2.70558
Caen,Rouen,661,662,0.991044,-0.514772,1.5012
Regensburg,Passau,667,668,1.2532,-0.516968,1.90106
Passau,Wels,668,669,1.22246,-0.514311,1.85119
Wels,Braunau am Inn,669,721,1.39888,-0.513044,2.11656
Iaşi,Sculeni,670,671,1.256,-0.512319,1.89947
Iaşi,Bălţi,670,727,1.06689,-0.511886,1.61302
Sculeni,Chişinău,671,672,1.52619,-0.515941,2.31361
Chişinău,Giurgiuleşti,672,729,1.22309,-0.516878,1.85528
Melitopol,Taganrog,674,675,0.289027,-0.514897,0.437846
Poitiers,Mâcon,676,677,1.64256,-0.511723,2.4831
Sion,Simplon,678,679,0.240573,-0.502336,0.361422
Simplon,Gravellona Toce,679,680,0.151944,-0.494977,0.227153
Innichen,Spittal an der Drau,681,682,0.547355,-0.501968,0.822109
Klagenfurt,Loiblpass,683,734,0.816809,-0.502425,1.22719
Cuneo,Asti,685,686,0.130762,-0.494248,0.195392
Kokand,Andijan,689,690,0.0194386,-0.402692,0.0272664
Andijan,Osh,690,691,0.0253766,-0.401662,0.0355694
Kulob,Kalaikhumb,692,693,0.00362262,-0.398617,0.00506667
Kalaikhumb,Khorugh,693,694,0.00317131,-0.397637,0.00443234
Kokpek,Chundzha,695,696,0.0102791,-0.403769,0.0144294
Chundzha,Koktal,696,697,0.00776704,-0.403359,0.0108999
Stralsund,Neubrandenburg,699,700,0.675249,-0.520702,1.02685
Ukmergė,Daugavpils,701,702,2.10547,-0.528314,3.21782
Ukmergė,Panevėžys,701,705,1.94675,-0.529543,2.97763
Breda,Gorinchem,706,707,0.851206,-0.520081,1.2939
Hasselt,Heerlen,708,709,1.27249,-0.52099,1.93545
Barwinek,Vyšný Komárnik,710,711,0.365437,-0.517087,0.554399
Vyšný Komárnik,Svidník,711,712,0.416555,-0.510658,0.629272
Lublin,Kovel,713,714,1.65675,-0.52159,2.5209
Olomouc,Český Těšín,716,717,0.83421,-0.514663,1.26355
Garmisch-Partenkirchen,Mittenwald,718,719,0.901217,-0.515246,1.36557
Mittenwald,Seefeld,719,720,0.568136,-0.514559,0.860475
Nyíregyháza,Chop,722,723,0.823397,-0.499241,1.23447
Dunajská Streda,Medveďov,724,725,0.569293,-0.504813,0.856679
Medveďov,Vámosszabadi,725,726,0.484333,-0.502951,0.727929
Bălţi,Mohyliv-Podilskyi,727,728,0.890254,-0.516852,1.35038
Saintes,Angoulême,730,731,0.227337,-0.507234,0.34265
St. Johann in Tirol,Lofer,732,733,0.887631,-0.513031,1.34301
Sarajevo,Užice,737,738,0.0998658,-0.470337,0.146836
Užice,Čačak,738,739,0.153216,-0.47216,0.225559
Čačak,Nova Varoš,739,740,0.152961,-0.472104,0.225174
Avellino,Benevento,741,742,0.0178025,-0.460944,0.0260084
Balıkesir,Manisa,746,747,0.00349156,-0.429141,0.00498993
Warsaw,Brest-Litovsk,316,0,3.24846,-0.526133,4.95758
Brest-Litovsk,Minsk,0,318,3.2463,-0.526361,4.95503
Lyon,Mâcon,17,677,1.63463,-0.511941,2.47147
Beaune,Mâcon,395,677,2.95294,-0.513737,4.46998
