Glasgow,Preston,1,2,0.049935,0,0.049935
Glasgow,Edinburgh,1,13,0.049935,0,0.049935
Preston,Birmingham,2,3,0.049935,0,0.049935
Birmingham,Cambridge,3,636,0.049935,0,0.049935
Le Havre,Paris,4,5,1.77894,-0.531195,2.7239
Le Havre,Amiens,4,657,0.947348,-0.535872,1.455
Paris,Orléans,5,6,2.19147,-0.511021,3.31135
Paris,Calais,5,16,1.54981,-0.527936,2.36801
Paris,Lyon,5,17,2.62362,-0.519886,3.9876
Paris,Brussels,5,326,2.57082,-0.53447,3.94485
Paris,Le Mans,5,366,1.69206,-0.509224,2.5537
Paris,Reims,5,367,1.69159,-0.528089,2.58491
Paris,Chaumont,5,665,2.38268,-0.537478,3.66332
Orléans,Bordeaux,6,7,1.27921,-0.493939,1.91107
Orléans,Tours,6,392,1.38054,-0.495759,2.06495
Orléans,Montargis,6,393,1.51207,-0.515689,2.29183
Orléans,Toulouse,6,466,1.62298,-0.48499,2.41011
Bordeaux,San Sebastián,7,8,1.04645,-0.455063,1.52265
Bordeaux,Clermont-Ferrand,7,446,1.53758,-0.486312,2.28532
Bordeaux,Toulouse,7,466,0.877586,-0.462815,1.28375
Bordeaux,Angoulême,7,731,0.985726,-0.47149,1.45049
San Sebastián,Burgos,8,9,0.965762,-0.394701,1.34695
San Sebastián,Bilbao,8,445,0.758332,-0.393516,1.05675
San Sebastián,Toulouse,8,466,0.879496,-0.437942,1.26466
Burgos,Madrid,9,10,0.760896,-0.389941,1.0576
Burgos,Valladolid,9,465,0.505509,-0.373649,0.694391
Madrid,Seville,10,11,0.704826,-0.336658,0.942111
Madrid,Barcelona,10,21,0.919547,-0.388373,1.27667
Madrid,Valencia,10,24,0.671142,-0.348159,0.904807
Madrid,Lisbon,10,464,0.659257,-0.3459,0.887295
Seville,Algeciras,11,12,0.433591,-0.312699,0.569175
Seville,Huelva,11,486,0.452322,-0.318934,0.596582
Algeciras,Málaga,12,28,0.222387,-0.292933,0.287532
Edinburgh,Newcastle,13,14,0.049935,0,0.049935
Newcastle,London,14,15,0.049935,0,0.049935
London,Colchester,15,305,0.049935,0,0.049935
Calais,Bruges,16,324,1.41923,-0.543936,2.19119
Calais,Rouen,16,662,1.02063,-0.521776,1.55317
Lyon,Orange,17,18,1.37536,-0.507543,2.07342
Lyon,Clermont-Ferrand,17,446,1.74009,-0.491453,2.59526
Lyon,Chambéry,17,447,1.29828,-0.512599,1.96377
Orange,Narbonne,18,19,0.701665,-0.491826,1.04676
Orange,Marseille,18,736,0.593235,-0.505385,0.893046
Narbonne,Girona,19,20,0.547235,-0.451619,0.794377
Girona,Barcelona,20,21,0.887089,-0.4242,1.26339
Barcelona,Tarragona,21,22,0.699758,-0.402083,0.981118
Barcelona,Toulouse,21,466,1.45271,-0.435785,2.08577
Tarragona,Castellón de la Plana,22,23,0.4278,-0.385568,0.592747
Castellón de la Plana,Valencia,23,24,0.485735,-0.356028,0.65867
Valencia,Alicante,24,25,0.420301,-0.337669,0.562224
Alicante,Murcia,25,26,0.213095,-0.310071,0.27917
Murcia,Almería,26,27,0.138039,-0.284302,0.177283
Almería,Málaga,27,28,0.141472,-0.273843,0.180213
Hook of Holland,Rotterdam,29,30,0.503611,-0.505557,0.758215
Hook of Holland,The Hague,29,307,0.311811,-0.470516,0.458523
Rotterdam,Eindhoven,30,31,1.20462,-0.529108,1.84199
Eindhoven,Maastricht,31,32,1.21908,-0.535322,1.87168
Eindhoven,Antwerp,31,505,1.98961,-0.546977,3.07787
Eindhoven,Venlo,31,643,1.63791,-0.537128,2.51767
Eindhoven,Breda,31,706,1.29741,-0.505924,1.9538
Maastricht,Liège,32,33,1.44932,-0.537276,2.22801
Liège,Bastogne,33,34,1.33221,-0.534973,2.04491
Liège,Leuven,33,327,2.22657,-0.54055,3.43014
Liège,Eupen,33,328,1.38909,-0.536538,2.13439
Liège,Antwerp,33,505,2.43496,-0.547628,3.76841
Liège,Namur,33,652,1.5018,-0.537301,2.30871
Liège,St. Vith,33,653,1.21823,-0.534708,1.86963
Liège,Charleville-Mézières,33,658,1.61068,-0.536484,2.47479
Bastogne,Arlon,34,35,0.798667,-0.531935,1.22351
Arlon,Luxembourg,35,36,1.1148,-0.535693,1.71199
Luxembourg,Metz,36,37,1.90756,-0.543143,2.94364
Luxembourg,St. Vith,36,653,1.3533,-0.530762,2.07158
Luxembourg,Charleville-Mézières,36,658,1.06395,-0.535992,1.63421
Luxembourg,Trier,36,659,1.29984,-0.541188,2.00329
Metz,Saint-Avold,37,38,2.25656,-0.55368,3.50597
Metz,Lausanne,37,44,1.9378,-0.543116,2.99025
Metz,Geneva,37,45,2.38168,-0.535513,3.6571
Metz,Brussels,37,326,2.71842,-0.541057,4.18924
Metz,Reims,37,367,2.02592,-0.537854,3.11557
Metz,Saarbrücken,37,368,2.11922,-0.549515,3.28377
Saint-Avold,Strasbourg,38,39,1.65994,-0.556188,2.58318
Strasbourg,Mulhouse,39,40,2.06644,-0.553809,3.21086
Strasbourg,Appenweier,39,664,1.49605,-0.564533,2.34062
Mulhouse,Basel,40,41,2.07005,-0.541605,3.1912
Mulhouse,Belfort,40,398,1.55357,-0.539825,2.39223
Mulhouse,Chaumont,40,665,2.01506,-0.547164,3.11762
Basel,Olten,41,42,1.30854,-0.523211,1.99318
Basel,Offenburg,41,61,1.74207,-0.544412,2.69047
Basel,Zürich,41,399,1.59441,-0.518716,2.42146
Basel,Waldshut,41,666,1.80028,-0.538144,2.76909
Olten,Bern,42,43,1.32737,-0.524306,2.02332
Olten,Lucerne,42,62,0.876638,-0.504298,1.31872
Bern,Lausanne,43,44,1.10528,-0.52788,1.68873
Bern,Belfort,43,398,1.33076,-0.528363,2.03388
Bern,Martigny,43,506,0.874424,-0.498221,1.31008
Lausanne,Geneva,44,45,1.05371,-0.509125,1.59018
Lausanne,Martigny,44,506,0.76519,-0.511444,1.15654
Geneva,Mont Blanc,45,46,1.20011,-0.510507,1.81278
Geneva,Chambéry,45,447,1.50748,-0.491183,2.24792
Geneva,Mâcon,45,677,1.96519,-0.527262,3.00136
Mont Blanc,Aosta,46,47,0.781767,-0.485215,1.16109
Aosta,Ivrea,47,48,0.873077,-0.448891,1.26499
Aosta,Martigny,47,506,1.00128,-0.479843,1.48174
Ivrea,Vercelli,48,49,0.443954,-0.426337,0.633228
Ivrea,Turin,48,449,0.694904,-0.42696,0.9916
Vercelli,Alessandria,49,50,0.463777,-0.420049,0.658586
Alessandria,Genoa,50,51,0.648264,-0.439054,0.932887
Alessandria,Turin,50,449,0.572743,-0.427071,0.817344
Alessandria,Tortona,50,450,0.465441,-0.421339,0.661549
Alessandria,Asti,50,686,0.586501,-0.423633,0.834962
Genoa,Rome,51,74,1.39914,-0.448788,2.02706
Genoa,Tortona,51,450,0.77102,-0.442544,1.11223
Genoa,Nice,51,467,1.01828,-0.445369,1.47179
Amsterdam,Utrecht,52,53,1.24202,-0.495407,1.85733
Amsterdam,Amersfoort,52,309,0.646299,-0.524364,0.985194
Amsterdam,Brussels,52,326,2.63811,-0.534769,4.04888
Amsterdam,Groningen,52,624,1.19833,-0.518728,1.81993
Utrecht,Arnhem,53,54,1.02633,-0.477184,1.51607
Utrecht,Gouda,53,308,0.88178,-0.459305,1.28679
Utrecht,Amersfoort,53,309,0.804349,-0.462689,1.17651
Utrecht,Gorinchem,53,707,1.00498,-0.471094,1.47842
Arnhem,Emmerich,54,55,0.843096,-0.507639,1.27108
Emmerich,Oberhausen,55,56,1.51584,-0.531148,2.32098
Oberhausen,Cologne,56,57,2.48357,-0.527966,3.7948
Oberhausen,Dortmund,56,508,1.83001,-0.524173,2.78925
Oberhausen,Venlo,56,643,1.76832,-0.537275,2.71839
Cologne,Frankfurt am Main,57,58,2.62218,-0.54004,4.03827
Cologne,Aachen,57,329,2.34931,-0.532077,3.59932
Cologne,Olpe,57,330,1.67682,-0.537781,2.57859
Cologne,Bremen,57,507,2.71103,-0.520087,4.121
Frankfurt am Main,Heidelberg,58,59,2.16489,-0.556613,3.3699
Frankfurt am Main,Gießen,58,332,1.57553,-0.550545,2.44292
Frankfurt am Main,Mannheim,58,369,2.53155,-0.553087,3.93172
Frankfurt am Main,Aschaffenburg,58,509,1.84576,-0.555256,2.87063
Frankfurt am Main,Wiesbaden,58,656,1.7773,-0.551124,2.75682
Heidelberg,Karlsruhe,59,60,1.84577,-0.557615,2.87499
Karlsruhe,Offenburg,60,61,1.74486,-0.538055,2.68369
Karlsruhe,Stuttgart,60,510,2.32245,-0.558094,3.6186
Karlsruhe,Appenweier,60,664,1.69831,-0.560889,2.65087
Lucerne,Altdorf,62,63,0.720942,-0.474341,1.06291
Altdorf,Gotthard Pass,63,64,0.600544,-0.434403,0.861423
Altdorf,Zürich,63,399,0.912773,-0.49123,1.36115
Gotthard Pass,Bellinzona,64,65,0.43352,-0.368365,0.593214
Bellinzona,Lugano,65,66,0.336922,-0.329884,0.448067
Bellinzona,San Bernardino,65,516,0.325144,-0.33196,0.433079
Lugano,Chiasso,66,67,0.27805,-0.348193,0.374865
Chiasso,Como,67,68,0.412808,-0.384505,0.571535
Como,Milan,68,69,0.86502,-0.406606,1.21674
Milan,Piacenza,69,70,0.976626,-0.421155,1.38794
Milan,Turin,69,449,0.965187,-0.419606,1.37018
Milan,Tortona,69,450,0.678101,-0.419864,0.962811
Milan,Brescia,69,451,0.833904,-0.427095,1.19006
Milan,Gravellona Toce,69,680,0.878174,-0.411373,1.23943
Piacenza,Parma,70,71,0.717996,-0.435652,1.03079
Parma,Modena,71,72,1.08496,-0.445053,1.56782
Modena,Florence,72,73,1.25904,-0.457648,1.83524
Modena,Verona,72,94,1.40654,-0.447022,2.0353
Modena,Bologna,72,95,1.20949,-0.452792,1.75714
Florence,Rome,73,74,1.19046,-0.455063,1.73219
Rome,Pescara,74,125,1.31363,-0.433954,1.88369
Östersund,Mora,75,76,0.689267,-0.364577,0.940559
Östersund,Trondheim,75,493,0.825085,-0.358477,1.12086
Östersund,Sundsvall,75,610,0.899201,-0.353089,1.2167
Mora,Säffle,76,77,0.501838,-0.363093,0.684051
Säffle,Gothenburg,77,78,0.678835,-0.35674,0.921002
Gothenburg,Halmstad,78,300,0.690911,-0.341116,0.926591
Gothenburg,Örebro,78,301,0.706392,-0.354617,0.95689
Gothenburg,Oslo,78,489,0.604197,-0.346586,0.813603
Hamburg,Hanover,79,80,1.76329,-0.514926,2.67126
Hamburg,Berlin,79,108,1.95706,-0.51631,2.96751
Hamburg,Bremen,79,507,2.18172,-0.513212,3.30141
Hamburg,Lübeck,79,517,1.01948,-0.514866,1.54438
Hanover,Göttingen,80,81,1.13823,-0.528963,1.74032
Hanover,Bad Oeynhausen,80,312,1.31988,-0.524144,2.01169
Hanover,Braunschweig,80,313,1.28621,-0.522585,1.95836
Göttingen,Kassel,81,82,0.976375,-0.536527,1.50023
Kassel,Fulda,82,83,1.23481,-0.549766,1.91366
Kassel,Dortmund,82,508,1.53126,-0.540227,2.35848
Fulda,Würzburg,83,84,1.74397,-0.558184,2.71743
Würzburg,Nuremberg,84,85,2.61112,-0.555079,4.06051
Würzburg,Aschaffenburg,84,509,2.27433,-0.555505,3.53773
Würzburg,Stuttgart,84,510,1.77182,-0.559167,2.76256
Würzburg,Ulm,84,512,1.22688,-0.554518,1.90721
Nuremberg,Munich,85,86,2.47707,-0.542436,3.82071
Nuremberg,Heilbronn,85,370,2.35902,-0.553588,3.66495
Nuremberg,Rozvadov,85,371,2.02179,-0.539612,3.11277
Nuremberg,Bayreuth,85,529,2.73528,-0.535818,4.20089
Nuremberg,Regensburg,85,667,1.8626,-0.546121,2.87981
Munich,Rosenheim,86,87,2.01862,-0.524976,3.07835
Munich,Salzburg,86,115,2.4169,-0.532542,3.704
Munich,Ulm,86,512,1.8057,-0.54564,2.79096
Munich,Lindau,86,513,2.25557,-0.520457,3.4295
Munich,Deggendorf,86,531,2.0215,-0.541387,3.11592
Munich,Garmisch-Partenkirchen,86,718,1.927,-0.536205,2.96026
Munich,Braunau am Inn,86,721,1.62602,-0.535727,2.49712
Rosenheim,Wörgl,87,88,1.45922,-0.513995,2.20925
Rosenheim,Bad Reichenhall,87,407,1.10227,-0.523878,1.67972
Wörgl,Innsbruck,88,89,1.61038,-0.482236,2.38696
Wörgl,St. Johann in Tirol,88,732,1.10937,-0.500079,1.66414
Innsbruck,Brenner,89,90,1.08229,-0.457064,1.57697
Innsbruck,Telfs,89,405,0.883476,-0.468107,1.29704
Innsbruck,Imst,89,406,0.89883,-0.468847,1.32024
Innsbruck,Seefeld,89,720,1.03167,-0.470021,1.51657
Brenner,Fortezza,90,91,0.734828,-0.444738,1.06163
Fortezza,Bolzano,91,92,0.583318,-0.441727,0.840985
Fortezza,Innichen,91,681,0.610731,-0.457653,0.890233
Bolzano,Trento,92,93,0.590491,-0.448377,0.855254
Trento,Verona,93,94,1.12719,-0.452597,1.63735
Verona,Mestre,94,120,1.56047,-0.458057,2.27526
Verona,Brescia,94,451,1.27422,-0.446212,1.8428
Bologna,Cesena,95,96,1.03427,-0.445448,1.49498
Cesena,Perugia,96,97,0.741594,-0.430094,1.06055
Cesena,Ravenna,96,121,1.02011,-0.447152,1.47626
Cesena,Rimini,96,122,0.764958,-0.434838,1.09759
Perugia,Fiano Romano,97,98,0.340632,-0.387153,0.472509
Fiano Romano,Naples,98,99,0.203424,-0.347173,0.274047
Naples,Salerno,99,100,0.083652,-0.223672,0.102363
Naples,Avellino,99,741,0.125829,-0.271551,0.159998
Salerno,Sicignano degli Alburni,100,101,0.103664,-0.183752,0.122712
Salerno,Avellino,100,741,0.104021,-0.21846,0.126745
Sicignano degli Alburni,Potenza,101,743,0.0857549,-0.119032,0.0959624
Messina,Catania,102,103,0.049935,0,0.049935
Messina,Palermo,102,474,0.049935,0,0.049935
Catania,Siracusa,103,104,0.049935,0,0.049935
Siracusa,Gela,104,105,0.049935,0,0.049935
Gela,Mazara del Vallo,105,473,0.049935,0,0.049935
Helsingborg,Copenhagen,299,106,0.188698,-0.302734,0.245823
Copenhagen,Malmö,106,135,0.107792,-0.282924,0.138289
Rostock,Berlin,107,108,1.48923,-0.516354,2.25821
Rostock,Lübeck,107,517,0.743273,-0.514586,1.12575
Rostock,Sassnitz,107,625,0.634621,-0.511587,0.959285
Berlin,Lübbenau,108,109,2.23366,-0.517656,3.38993
Berlin,Szczecin,108,137,1.77303,-0.514856,2.68588
Berlin,Świebodzin,108,139,2.0954,-0.519193,3.18333
Berlin,Magdeburg,108,314,2.20061,-0.519713,3.3443
Berlin,Leipzig,108,526,1.97503,-0.516245,2.99462
Berlin,Neubrandenburg,108,700,1.3761,-0.515151,2.085
Lübbenau,Dresden,109,110,1.64338,-0.518841,2.49603
Lübbenau,Cottbus,109,644,1.22272,-0.519836,1.85833
Dresden,Ústí nad Labem,110,111,1.64399,-0.523018,2.50383
Dresden,Chemnitz,110,337,1.8695,-0.519274,2.84028
Dresden,Görlitz,110,338,1.19861,-0.521765,1.82401
Ústí nad Labem,Prague,111,112,1.82992,-0.521568,2.78435
Prague,Tábor,112,113,1.75869,-0.523513,2.67939
Prague,Mladá Boleslav,112,146,1.05311,-0.509728,1.5899
Prague,Jihlava,112,147,1.78547,-0.523762,2.72064
Prague,Plzeň,112,372,1.91424,-0.529792,2.92839
Prague,Karlovy Vary,112,523,1.26239,-0.508853,1.90477
Prague,Hradec Králové,112,551,1.38775,-0.507235,2.09166
Tábor,Linz,113,114,1.53953,-0.526399,2.34994
Linz,Salzburg,114,115,1.68276,-0.526354,2.56849
Linz,Sattledt,114,408,0.663048,-0.525419,1.01143
Linz,Sankt Pölten,114,409,1.55277,-0.529693,2.37527
Linz,Wels,114,669,1.14511,-0.528219,1.74998
Salzburg,Villach,115,116,2.76315,-0.518024,4.19453
Salzburg,Bad Reichenhall,115,407,1.36219,-0.520067,2.07061
Salzburg,Sattledt,115,408,1.3762,-0.524043,2.09739
Salzburg,Lofer,115,733,1.64624,-0.51783,2.49871
Villach,Tarvisio,116,117,1.52423,-0.513607,2.30708
Villach,Karavanke Tunnel,116,537,1.3099,-0.509738,1.97761
Villach,Spittal an der Drau,116,682,1.47211,-0.510516,2.22365
Villach,Klagenfurt,116,683,1.5675,-0.510333,2.36745
Tarvisio,Udine,117,118,0.854553,-0.504047,1.28529
Udine,Palmanova,118,119,1.04635,-0.483823,1.5526
Palmanova,Mestre,119,120,1.50356,-0.470208,2.21055
Palmanova,Trieste,119,452,1.34922,-0.470013,1.98337
Mestre,Ravenna,120,121,1.17205,-0.458716,1.70969
Rimini,Fano,122,123,0.414716,-0.428053,0.592237
Fano,Ancona,123,124,0.419515,-0.421016,0.596137
Ancona,Pescara,124,125,0.777559,-0.415523,1.10065
Pescara,Canosa di Puglia,125,126,0.970273,-0.381587,1.34052
Canosa di Puglia,Bari,126,127,0.493945,-0.285781,0.635105
Canosa di Puglia,Benevento,126,742,0.46614,-0.30493,0.60828
Bari,Brindisi,127,128,0.159137,-0.267869,0.201765
Bari,Taranto,127,476,0.162712,-0.252885,0.203859
Brindisi,Taranto,128,476,0.0635636,-0.200812,0.0763279
Igoumenitsa,Preveza,129,130,0.211231,-0.219365,0.257567
Igoumenitsa,Ioannina,129,477,0.290742,-0.285033,0.373613
Preveza,Rhion,130,131,0.224393,-0.175568,0.263789
Rhion,Patras,131,132,0.181162,-0.141226,0.206747
Rhion,Aigio,131,175,0.181162,-0.141226,0.206747
Patras,Pyrgos,132,133,0.118824,-0.131027,0.134393
Pyrgos,Kalamata,133,134,0.0876237,-0.127779,0.0988202
Kalamata,Tripoli,134,177,0.0788165,-0.111743,0.0876237
Malmö,Helsingborg,135,299,0.26626,-0.298212,0.345662
Malmö,Kalmar,135,626,0.266622,-0.288936,0.343658
Goleniów,Szczecin,136,137,0.770054,-0.50622,1.15987
Goleniów,Koszalin,136,637,0.344514,-0.479002,0.509537
Szczecin,Gorzów Wielkopolski,137,138,0.804791,-0.513734,1.21824
Gorzów Wielkopolski,Świebodzin,138,139,0.95045,-0.518671,1.44342
Świebodzin,Zielona Góra,139,140,1.26502,-0.517227,1.91932
Świebodzin,Poznań,139,315,1.93084,-0.521004,2.93682
Zielona Góra,Legnica,140,141,1.26489,-0.51817,1.92031
Legnica,Jelenia Góra,141,142,1.17628,-0.509324,1.77539
Legnica,Görlitz,141,338,1.27898,-0.517865,1.94132
Legnica,Wrocław,141,339,1.96192,-0.512454,2.96732
Legnica,Cottbus,141,644,1.28084,-0.517684,1.94391
Jelenia Góra,Harrachov,142,143,0.530351,-0.492425,0.79151
Harrachov,Železný Brod,143,144,0.40674,-0.46524,0.595972
Železný Brod,Turnov,144,145,0.661594,-0.468763,0.971724
Turnov,Mladá Boleslav,145,146,0.655224,-0.491252,0.977104
Turnov,Hradec Králové,145,551,0.950629,-0.483253,1.41002
Turnov,Teplice,145,715,0.805969,-0.489889,1.2008
Jihlava,Brno,147,148,0.948869,-0.513516,1.43613
Jihlava,Vienna,147,410,1.46198,-0.529846,2.2366
Brno,Bratislava,148,149,1.3349,-0.516026,2.02374
Brno,Trenčín,148,373,1.3069,-0.512853,1.97715
Brno,Vienna,148,410,1.51947,-0.526571,2.31958
Brno,Olomouc,148,716,1.32183,-0.513752,2.00092
Bratislava,Rajka,149,150,1.46997,-0.514489,2.22625
Bratislava,Žilina,149,195,1.52711,-0.513954,2.31198
Bratislava,Győr,149,196,1.49853,-0.529985,2.29273
Bratislava,Vienna,149,410,2.17996,-0.518634,3.31056
Bratislava,Zvolen,149,568,2.01943,-0.515313,3.06007
Bratislava,Dunajská Streda,149,724,1.25481,-0.515787,1.90202
Rajka,Csorna,150,151,0.598309,-0.500938,0.898024
Csorna,Szombathely,151,152,0.326082,-0.488206,0.485278
Szombathely,Zalaegerszeg,152,153,0.372246,-0.471688,0.54783
Zalaegerszeg,Nagykanizsa,153,154,0.769578,-0.488996,1.1459
Nagykanizsa,Letenye,154,155,0.481418,-0.493643,0.719066
Nagykanizsa,Zagreb,154,156,1.21871,-0.482373,1.80658
Nagykanizsa,Balatonvilágos,154,553,1.3694,-0.510943,2.06908
Letenye,Zagreb,155,156,0.737291,-0.475015,1.08752
Zagreb,Karlovac,156,157,1.13854,-0.46266,1.66529
Zagreb,Ljubljana,156,454,1.05051,-0.469095,1.54331
Zagreb,Slavonski Brod,156,455,1.49379,-0.477403,2.20692
Zagreb,Maribor,156,535,1.14213,-0.481314,1.69185
Karlovac,Rijeka,157,158,0.552622,-0.444086,0.798034
Karlovac,Knin,157,554,0.454108,-0.436544,0.652346
Rijeka,Split,158,159,0.427136,-0.417511,0.60547
Rijeka,Trieste,158,452,0.926944,-0.455359,1.34904
Split,Dubrovnik,159,160,0.435359,-0.371213,0.596971
Split,Knin,159,554,0.328622,-0.399124,0.459782
Dubrovnik,Petrovac,160,161,0.170674,-0.358204,0.23181
Dubrovnik,Podgorica,160,162,0.42912,-0.368031,0.58705
Petrovac,Podgorica,161,162,0.309,-0.374083,0.424592
Petrovac,Prizren,161,744,0.260072,-0.384447,0.360056
Podgorica,Bijelo Polje,162,163,0.45727,-0.380134,0.631093
Podgorica,Pristina,162,164,0.576466,-0.397682,0.805717
Podgorica,Sarajevo,162,737,0.825618,-0.371572,1.13239
Bijelo Polje,Pristina,163,164,0.562581,-0.408769,0.792547
Bijelo Polje,Nova Varoš,163,740,0.604996,-0.405717,0.850453
Pristina,Skopje,164,165,0.785713,-0.399235,1.0994
Pristina,Niš,164,202,1.25967,-0.441174,1.81541
Pristina,Prizren,164,744,0.46676,-0.404956,0.655777
Skopje,Kičevo,165,166,0.593448,-0.382053,0.820177
Skopje,Kumanovo,165,203,0.707531,-0.418323,1.00351
Skopje,Veles,165,204,0.633398,-0.390238,0.880574
Kičevo,Ohrid,166,167,0.280308,-0.355953,0.380085
Ohrid,Bitola,167,168,0.166721,-0.320415,0.220141
Bitola,Niki,168,169,0.159974,-0.310225,0.209602
Niki,Vevi,169,170,0.252483,-0.327215,0.3351
Vevi,Kozani,170,171,0.510225,-0.352332,0.689993
Kozani,Larissa,171,172,0.339526,-0.356817,0.460674
Kozani,Thessaloniki,171,207,0.966029,-0.391423,1.34416
Kozani,Ioannina,171,477,0.439227,-0.34393,0.59029
Larissa,Domokos,172,173,0.156064,-0.346269,0.210104
Larissa,Lamia,172,174,0.156064,-0.346269,0.210104
Larissa,Katerini,172,208,0.393814,-0.38004,0.543479
Larissa,Trikala,172,687,0.238955,-0.333923,0.318748
Domokos,Lamia,173,174,0.000195058,0.5,9.75292e-05
Aigio,Corinth,175,176,0.118824,-0.131027,0.134393
Corinth,Tripoli,176,177,0.0876237,-0.127779,0.0988202
Varangerbotn,Utsjoki,178,179,0.241641,-0.2337,0.298112
Varangerbotn,Kirkenes,178,243,0.280959,-0.306217,0.366994
Varangerbotn,Karasjok,178,502,0.227454,-0.225793,0.278811
Utsjoki,Inari,179,180,0.176736,-0.227254,0.2169
Inari,Ivalo,180,181,0.192159,-0.244758,0.239191
Ivalo,Sodankylä,181,182,0.301646,-0.265385,0.381698
Sodankylä,Rovaniemi,182,183,0.415832,-0.294617,0.538343
Sodankylä,Kemijärvi,182,539,0.290202,-0.266563,0.36756
Rovaniemi,Kemi,183,184,0.54351,-0.318657,0.716703
Kemi,Oulu,184,185,0.729212,-0.323848,0.965366
Kemi,Tornio,184,614,0.525394,-0.329147,0.698325
Oulu,Jyväskylä,185,186,0.63005,-0.314122,0.827962
Oulu,Kokkola,185,615,0.467932,-0.317402,0.616454
Jyväskylä,Heinola,186,187,0.524335,-0.30393,0.683697
Jyväskylä,Kuopio,186,544,0.52224,-0.302125,0.680022
Jyväskylä,Tampere,186,545,0.528612,-0.305737,0.690228
Heinola,Lahti,187,188,0.348205,-0.302206,0.453434
Lahti,Helsinki,188,189,0.382533,-0.310078,0.501148
Helsinki,Hämeenlinna,189,618,0.413628,-0.307764,0.540928
Helsinki,Kotka,189,621,0.376242,-0.35256,0.508889
Gdańsk,Świecie,190,191,1.43007,-0.516929,2.16931
Gdańsk,Kaliningrad,190,563,1.10028,-0.5001,1.65052
Gdańsk,Elbląg,190,564,1.19302,-0.517442,1.81034
Gdańsk,Gdynia,190,639,0.898614,-0.501901,1.34963
Świecie,Łódź,191,192,1.0386,-0.516584,1.57513
Świecie,Poznań,191,315,1.35347,-0.520215,2.05756
Łódź,Piotrków Trybunalski,192,193,1.17695,-0.516604,1.78497
Piotrków Trybunalski,Katowice,193,194,1.45178,-0.506406,2.18697
Piotrków Trybunalski,Warsaw,193,316,1.8914,-0.522361,2.87939
Piotrków Trybunalski,Wrocław,193,339,1.47864,-0.509291,2.2317
Katowice,Žilina,194,195,1.27488,-0.501963,1.91482
Katowice,Zabrze,194,342,1.13321,-0.494953,1.6941
Katowice,Kraków,194,343,1.68814,-0.502693,2.53676
Katowice,Český Těšín,194,717,0.891033,-0.497941,1.33471
Žilina,Olomouc,195,716,0.774277,-0.502805,1.16359
Győr,Budapest,196,197,2.1709,-0.524939,3.31049
Győr,Vámosszabadi,196,726,0.948739,-0.524782,1.44662
Budapest,Szeged,197,198,2.59894,-0.525843,3.96557
Budapest,Mosonmagyaróvár,197,412,2.25648,-0.539952,3.47488
Budapest,Szolnok,197,413,2.37465,-0.539237,3.65515
Budapest,Miskolc,197,552,2.27084,-0.534924,3.48557
Budapest,Balatonvilágos,197,553,2.21861,-0.520955,3.3744
Budapest,Szekszárd,197,555,1.94658,-0.523912,2.96642
Budapest,Zvolen,197,568,2.12302,-0.526977,3.24181
Szeged,Subotica,198,199,1.67618,-0.507916,2.52754
Szeged,Arad,198,684,2.29839,-0.519164,3.49164
Subotica,Novi Sad,199,200,1.25531,-0.498258,1.88078
Subotica,Sombor,199,735,0.980663,-0.490831,1.462
Novi Sad,Belgrade,200,201,1.57188,-0.487496,2.33817
Belgrade,Niš,201,202,1.62246,-0.468759,2.383
Belgrade,Slavonski Brod,201,455,1.6556,-0.458191,2.41418
Belgrade,Vršac,201,456,1.40743,-0.487713,2.09385
Belgrade,Čačak,201,739,1.50928,-0.456974,2.19899
Niš,Kumanovo,202,203,0.805741,-0.452341,1.17021
Niš,Drobeta-Turnu Severin,202,458,1.62618,-0.477906,2.40334
Niš,Sofia,202,468,1.51298,-0.45356,2.19921
Kumanovo,Kyustendil,203,745,0.590432,-0.439461,0.849903
Veles,Gevgelija,204,205,0.401102,-0.393327,0.558866
Gevgelija,Evzoni,205,206,0.484335,-0.404153,0.68008
Evzoni,Thessaloniki,206,207,0.959057,-0.407785,1.35015
Thessaloniki,Katerini,207,208,0.668916,-0.402306,0.938025
Thessaloniki,Alexandroupoli,207,233,1.42116,-0.407141,1.99978
Thessaloniki,Serres,207,577,1.0452,-0.415115,1.47908
Klaipėda,Kaunas,209,210,1.26372,-0.529616,1.933
Klaipėda,Palanga,209,704,0.748306,-0.522407,1.13923
Kaunas,Vilnius,210,211,1.35294,-0.540448,2.08414
Kaunas,Warsaw,210,316,2.84917,-0.537641,4.38101
Kaunas,Riga,210,547,1.7097,-0.542147,2.63661
Kaunas,Ukmergė,210,701,1.15269,-0.53459,1.76891
Vilnius,Lida,211,212,1.22129,-0.533979,1.87343
Vilnius,Minsk,211,318,2.34882,-0.560113,3.66442
Vilnius,Marijampolė,211,641,1.29775,-0.532311,1.98855
Vilnius,Ukmergė,211,701,1.27249,-0.535879,1.95438
Lida,Slonim,212,213,0.505297,-0.509797,0.762895
Slonim,Kobryn,213,214,0.3045,-0.484154,0.451925
Kobryn,Dubno,214,215,0.398553,-0.473175,0.587139
Dubno,Ternopil,215,216,0.869777,-0.493147,1.29871
Ternopil,Chernivtsi,216,217,0.996831,-0.502305,1.49754
Ternopil,Stryj,216,379,1.37256,-0.516136,2.08099
Ternopil,Khmelnytskyi,216,380,1.15854,-0.50146,1.73951
Chernivtsi,Siret,217,218,0.79623,-0.51318,1.20484
Siret,Suceava,218,219,1.41285,-0.523221,2.15208
Suceava,Roman,219,220,1.53489,-0.514952,2.32528
Suceava,Halmeu,219,578,2.21578,-0.526335,3.38202
Suceava,Iaşi,219,670,1.85234,-0.524467,2.82383
Roman,Urziceni,220,221,1.14264,-0.480616,1.69181
Urziceni,Bucharest,221,222,1.23084,-0.440484,1.77301
Urziceni,Slobozia,221,421,0.970941,-0.439939,1.3981
Bucharest,Giurgiu,222,223,1.00979,-0.398058,1.41174
Bucharest,Ploieşti,222,420,0.718951,-0.426959,1.02591
Bucharest,Constanţa,222,423,1.20839,-0.407327,1.70059
Bucharest,Alexandria,222,460,0.778912,-0.432013,1.11541
Bucharest,Piteşti,222,583,0.854765,-0.428354,1.22091
Giurgiu,Ruse,223,224,0.669292,-0.380071,0.92367
Ruse,Byala,224,225,0.481249,-0.352618,0.650946
Ruse,Razgrad,224,461,0.440435,-0.355662,0.597081
Byala,Veliko Tarnovo,225,226,0.431991,-0.344473,0.5808
Byala,Pleven,225,584,0.381237,-0.350755,0.514958
Veliko Tarnovo,Stara Zagora,226,227,0.492376,-0.342624,0.661076
Veliko Tarnovo,Shumen,226,462,0.473958,-0.343398,0.636714
Stara Zagora,Haskovo,227,228,0.355111,-0.322427,0.469609
Stara Zagora,Burgas,227,590,0.45377,-0.331636,0.604256
Haskovo,Svilengrad,228,229,0.190083,-0.302996,0.247678
Svilengrad,Ormenio,229,230,0.140245,-0.320896,0.185249
Ormenio,Kastanies,230,231,0.180414,-0.361698,0.24567
Kastanies,Didymoteicho,231,232,0.351095,-0.397011,0.490484
Didymoteicho,Alexandroupoli,232,233,0.800553,-0.404743,1.12457
Alexandroupoli,Gelibolu,233,478,1.02563,-0.399033,1.43489
Saint Petersburg,Pskov,234,235,2.11303,-0.582505,3.34388
Saint Petersburg,Moscow,234,239,3.94226,-0.593516,6.28205
Saint Petersburg,Petrozavodsk,234,245,1.74479,-0.577264,2.75199
Saint Petersburg,Narva,234,304,1.66573,-0.576118,2.62539
Saint Petersburg,Vyborg,234,623,1.7479,-0.577724,2.75771
Pskov,Gomel,235,236,2.61183,-0.599999,4.17893
Pskov,Riga,235,547,2.01869,-0.568039,3.16539
Gomel,Kiev,236,237,3.66615,-0.604585,5.88265
Gomel,Babruysk,236,703,2.12708,-0.608804,3.42205
Kiev,Odessa,237,238,3.48982,-0.56148,5.44928
Kiev,Hlukhiv,237,242,3.30081,-0.605318,5.29885
Kiev,Kharkiv,237,247,3.36364,-0.603086,5.3922
Kiev,Rivne,237,348,2.47521,-0.595602,3.94945
Kiev,Zhytomyr,237,349,2.19016,-0.569948,3.43844
Odessa,Izmail,238,586,1.51226,-0.5252,2.3065
Odessa,Chişinău,238,672,1.97547,-0.495753,2.95482
Odessa,Mykolaiv,238,673,1.7492,-0.52942,2.67526
Moscow,Kaluga,239,240,2.50951,-0.607584,4.03424
Moscow,Orel,239,246,2.84821,-0.602191,4.56337
Moscow,Voronezh,239,248,3.71945,-0.594625,5.93113
Moscow,Tambov,239,256,2.65638,-0.600375,4.25121
Moscow,Smolensk,239,319,3.01555,-0.593979,4.80672
Moscow,Ryazan,239,320,2.72997,-0.599601,4.36687
Moscow,Velikiye Luki,239,628,2.62519,-0.591202,4.17721
Moscow,Vladimir,239,629,2.61205,-0.601646,4.18358
Kaluga,Bryansk,240,241,1.2717,-0.615808,2.05482
Bryansk,Hlukhiv,241,242,1.60013,-0.61677,2.58705
Hlukhiv,Kursk,242,645,1.75272,-0.612514,2.82628
Kirkenes,Murmansk,243,244,0.327605,-0.450687,0.475252
Murmansk,Petrozavodsk,244,245,0.669545,-0.547615,1.0362
Orel,Kharkiv,246,247,2.12462,-0.6034,3.40662
Kharkiv,Luhansk,247,350,1.72522,-0.602367,2.76443
Voronezh,Novorossiysk,248,249,2.22384,-0.578163,3.50958
Voronezh,Kursk,248,645,1.80103,-0.603027,2.88709
Voronezh,Saratov,248,646,2.19049,-0.582965,3.46746
Novorossiysk,Dzhankoy,249,601,1.04629,-0.541475,1.61284
Novorossiysk,Sochi,249,602,0.919418,-0.546628,1.422
Mineralnye Vody,Nalchik,250,251,0.564507,-0.367732,0.772095
Mineralnye Vody,Makhachkala,250,260,0.992301,-0.376473,1.36588
Mineralnye Vody,Armavir,250,387,0.638737,-0.367851,0.873697
Nalchik,Vladikavkaz,251,252,0.268662,-0.352512,0.363368
Vladikavkaz,Stepantsminda,252,253,0.162229,-0.303808,0.211516
Stepantsminda,Mtskheta,253,254,0.15437,-0.212658,0.187198
Mtskheta,Tbilisi,254,255,0.212166,-0.178089,0.249951
Tbilisi,Gori,255,428,0.204692,-0.16084,0.237614
Tbilisi,Rustavi,255,429,0.207524,-0.169158,0.242628
Tambov,Povorino,256,257,1.19267,-0.5944,1.90159
Povorino,Volgograd,257,258,1.1468,-0.572779,1.80367
Volgograd,Astrakhan,258,259,1.75365,-0.542875,2.70566
Volgograd,Luhansk,258,350,1.29495,-0.579404,2.04525
Astrakhan,Makhachkala,259,260,1.67166,-0.495523,2.50001
Astrakhan,Atyrau,259,265,2.24991,-0.537458,3.45915
Makhachkala,Kuba,260,261,0.832507,-0.408979,1.17298
Kuba,Baku,261,262,0.350548,-0.432067,0.502008
Baku,Yevlakh,262,431,0.171508,-0.377753,0.236296
Samara,Oral,263,264,2.30598,-0.552438,3.57988
Samara,Penza,263,321,1.4396,-0.555842,2.23979
Samara,Ufa,263,322,1.72878,-0.50651,2.60443
Oral,Atyrau,264,265,2.62539,-0.554746,4.08182
Oral,Saratov,264,646,2.05956,-0.570562,3.23467
Oral,Aktobe,264,647,1.56678,-0.561089,2.44588
Atyrau,Beineu,265,266,1.4345,-0.500915,2.15307
Atyrau,Beyneu,265,351,1.45975,-0.474954,2.15307
Beineu,Shetpe,266,267,0.542072,-0.527536,0.828034
Shetpe,Zhetybai,267,268,0.221565,-0.480922,0.328121
Zhetybai,Fetisovo,268,269,0.11417,-0.369448,0.15635
Fetisovo,Bekdash,269,270,0.091135,-0.266039,0.115381
Bekdash,Türkmenbaşy,270,271,0.116591,-0.239667,0.144534
Türkmenbaşy,Gyzylarbat,271,272,0.197932,-0.258098,0.249018
Gyzylarbat,Ashgabat,272,432,0.381446,-0.274289,0.486073
Chelyabinsk,Kostanay,273,274,0.638761,-0.414211,0.903343
Chelyabinsk,Ufa,273,322,1.14897,-0.433526,1.64707
Chelyabinsk,Kurgan,273,323,0.770236,-0.407639,1.08422
Kostanay,Esil,274,275,0.314297,-0.403013,0.440963
Esil,Derzhavinsk,275,276,0.243166,-0.415619,0.34423
Derzhavinsk,Arkalyk,276,277,0.374162,-0.423476,0.532611
Arkalyk,Jezkazgan,277,278,0.822057,-0.431388,1.17668
Jezkazgan,Kyzylorda,278,279,1.27651,-0.435586,1.83253
Jezkazgan,Karaganda,278,286,1.28127,-0.42244,1.82253
Kyzylorda,Shymkent,279,280,1.2916,-0.433499,1.85151
Kyzylorda,Novokazalinsk,279,650,0.826172,-0.443431,1.19252
Shymkent,Tashkent,280,281,1.17636,-0.419801,1.67019
Shymkent,Zhambyl,280,359,0.98389,-0.417653,1.39481
Tashkent,Ayni,281,282,0.550781,-0.383371,0.761934
Tashkent,Jizzakh,281,358,0.637548,-0.399971,0.892549
Tashkent,Kokand,281,689,0.497855,-0.405173,0.699573
Ayni,Dushanbe,282,283,0.663217,-0.32635,0.879657
Ayni,Kokand,282,689,0.281936,-0.347051,0.379783
Dushanbe,Termez,283,440,0.48018,-0.302579,0.625472
Dushanbe,Jirgatal,283,441,0.471627,-0.300544,0.613372
Dushanbe,Kulob,283,692,0.351172,-0.298465,0.455984
Ishim,Astana,284,285,0.592367,-0.391048,0.824011
Ishim,Omsk,284,291,0.592367,-0.391048,0.824011
Ishim,Kurgan,284,323,0.719867,-0.392152,1.00216
Ishim,Tyumen,284,635,0.563583,-0.38357,0.779757
Astana,Karaganda,285,286,0.679732,-0.404216,0.95449
Karaganda,Balkhash,286,287,0.847971,-0.408896,1.1947
Karaganda,Pavlodar,286,292,0.828877,-0.400006,1.16043
Balkhash,Burubaytal,287,288,0.570481,-0.398517,0.797827
Burubaytal,Almaty,288,289,0.747684,-0.387729,1.03758
Almaty,Bishkek,289,290,1.16217,-0.394278,1.62039
Almaty,Sary-Ozek,289,360,0.611048,-0.36619,0.834808
Almaty,Kokpek,289,695,0.488467,-0.374141,0.671222
Bishkek,Zhambyl,290,359,0.964812,-0.407558,1.35803
Bishkek,Osh,290,691,1.05824,-0.400517,1.48208
Omsk,Pavlodar,291,292,0.503985,-0.387765,0.699413
Pavlodar,Semey,292,293,0.455385,-0.377846,0.627451
Semey,Georgiyevka,293,294,0.214531,-0.338621,0.287176
Georgiyevka,Ayagoz,294,364,0.118966,-0.290462,0.153521
Narvik,Kiruna,295,296,0.112519,-0.24191,0.139738
Narvik,Setermoen,295,498,0.0758208,-0.162961,0.0881766
Kiruna,Töre,296,297,0.203655,-0.288719,0.262454
Töre,Luleå,297,298,0.412389,-0.317576,0.543354
Luleå,Umeå,298,612,0.652026,-0.334074,0.869851
Luleå,Haparanda,298,613,0.46636,-0.327412,0.619051
Helsingborg,Halmstad,299,300,0.513015,-0.321733,0.678069
Helsingborg,Jönköping,299,605,0.362484,-0.29818,0.470569
Örebro,Stockholm,301,302,0.816754,-0.36439,1.11437
Örebro,Karlstad,301,620,0.492617,-0.35637,0.66817
Stockholm,Södertälje,302,608,0.622136,-0.358199,0.844984
Stockholm,Uppsala,302,609,0.705216,-0.370945,0.966812
Tallinn,Narva,303,304,0.973403,-0.564643,1.52303
Tallinn,Riga,303,547,1.38033,-0.555918,2.14767
Colchester,Ipswich,305,306,0.049935,0,0.049935
Ipswich,Cambridge,306,636,0.049935,0,0.049935
The Hague,Gouda,307,308,0.413434,-0.443506,0.596795
Amersfoort,Oldenzaal,309,310,0.608764,-0.478154,0.899847
Amersfoort,Hoogeveen,309,698,0.553197,-0.493747,0.826336
Oldenzaal,Osnabrück,310,311,0.493389,-0.484646,0.732508
Osnabrück,Bad Oeynhausen,311,312,0.856252,-0.515221,1.29741
Bad Oeynhausen,Dortmund,312,508,1.40414,-0.533935,2.15386
Braunschweig,Magdeburg,313,314,1.21764,-0.521115,1.85217
Magdeburg,Halle,314,518,1.30984,-0.520284,1.99132
Poznań,Warsaw,315,316,2.19031,-0.526214,3.34288
Poznań,Wrocław,315,339,1.40463,-0.515389,2.12857
Warsaw,Elbląg,316,564,1.69869,-0.527177,2.5942
Warsaw,Radom,316,565,2.03002,-0.5224,3.0905
Warsaw,Lublin,316,713,2.28497,-0.53199,3.50055
Brest,Rennes,317,365,0.4023,-0.441292,0.579832
Brest,Lorient,317,388,0.2431,-0.419459,0.34507
Minsk,Smolensk,318,319,2.23564,-0.583503,3.54014
Minsk,Babruysk,318,703,1.94975,-0.59462,3.10911
Ryazan,Penza,320,321,1.30988,-0.59159,2.08479
Ufa,Yelabuga,322,632,1.18996,-0.435855,1.70861
Bruges,Ghent,324,325,1.25207,-0.547241,1.93725
Bruges,Zeebrugge,324,642,1.33185,-0.558237,2.07534
Ghent,Brussels,325,326,1.70996,-0.542811,2.63815
Brussels,Leuven,326,327,2.13211,-0.538057,3.27931
Leuven,Hasselt,327,708,1.35381,-0.538779,2.08322
Eupen,Aachen,328,329,1.62629,-0.53289,2.49292
Eupen,St. Vith,328,653,0.833038,-0.526118,1.27131
Aachen,Heerlen,329,709,1.28103,-0.535274,1.96673
Olpe,Wetzlar,330,331,1.54843,-0.542519,2.38848
Wetzlar,Gießen,331,332,1.47531,-0.546661,2.28181
Wetzlar,Dortmund,331,508,2.15309,-0.545511,3.32763
Wetzlar,Aschaffenburg,331,509,1.57645,-0.550495,2.44427
Wetzlar,Koblenz,331,660,1.53904,-0.54731,2.38137
Gießen,Bad Hersfeld,332,333,0.903282,-0.542538,1.39335
Bad Hersfeld,Eisenach,333,334,0.451707,-0.524061,0.688429
Eisenach,Erfurt,334,335,0.473576,-0.504764,0.71262
Erfurt,Gera,335,336,0.973534,-0.506742,1.46686
Gera,Chemnitz,336,337,1.44953,-0.512776,2.19281
Gera,Leipzig,336,526,1.46611,-0.512563,2.21759
Gera,Hirschberg,336,527,1.03113,-0.509394,1.55638
Chemnitz,Plauen,337,519,1.36995,-0.512915,2.07262
Wrocław,Opole,339,340,1.24317,-0.502016,1.86726
Wrocław,Kłodzko,339,548,1.25899,-0.50363,1.89305
Opole,Gliwice,340,341,0.612151,-0.493991,0.914548
Gliwice,Zabrze,341,342,0.585931,-0.489392,0.87268
Kraków,Rzeszów,343,344,0.822485,-0.481671,1.21865
Kraków,Radom,343,565,0.895143,-0.509923,1.3516
Kraków,Trstená,343,566,1.0057,-0.501105,1.50967
Rzeszów,Jarosław,344,345,0.730864,-0.482927,1.08382
Rzeszów,Radom,344,565,0.767507,-0.496718,1.14874
Rzeszów,Barwinek,344,710,0.627411,-0.461237,0.916795
Jarosław,Korczowa,345,346,0.693503,-0.518477,1.05307
Korczowa,Lviv,346,347,1.37527,-0.547421,2.12813
Lviv,Rivne,347,348,1.61754,-0.569768,2.53917
Lviv,Mukachevo,347,378,2.70437,-0.549888,4.19148
Lviv,Lublin,347,713,1.42831,-0.536316,2.19433
Rivne,Zhytomyr,348,349,0.963295,-0.565707,1.50824
Rivne,Kovel,348,714,0.936299,-0.572088,1.47195
Zhytomyr,Vinnytsia,349,381,1.7497,-0.542614,2.69912
Beyneu,Qo‘ng‘irot,351,352,0.611866,-0.511029,0.924547
Qo‘ng‘irot,Nukus,352,353,0.389342,-0.416403,0.551465
Nukus,Daşoguz,353,354,0.491063,-0.330689,0.653452
Daşoguz,Bukhara,354,355,0.497355,-0.296674,0.644907
Daşoguz,Ashgabat,354,432,0.57978,-0.291349,0.748698
Daşoguz,Uchkuduk,354,688,0.266929,-0.302208,0.347597
Bukhara,Navoiy,355,356,0.532676,-0.304239,0.694737
Bukhara,Alat,355,436,0.511446,-0.296884,0.663286
Bukhara,Karshi,355,437,0.513739,-0.297744,0.666702
Bukhara,Uchkuduk,355,688,0.319545,-0.297764,0.414693
Navoiy,Samarkand,356,357,0.333034,-0.330952,0.443252
Samarkand,Jizzakh,357,358,0.353828,-0.371545,0.485291
Sary-Ozek,Taldykorgan,360,361,0.338078,-0.327599,0.448831
Sary-Ozek,Koktal,360,697,0.30569,-0.339149,0.409364
Taldykorgan,Ucharal,361,362,0.173812,-0.27956,0.222403
Ucharal,Taskesken,362,363,0.106727,-0.247681,0.133162
Taskesken,Ayagoz,363,364,0.0925119,-0.219809,0.112847
Rennes,Le Mans,365,366,0.916564,-0.467063,1.34466
Le Mans,Angers,366,391,0.741502,-0.468888,1.08918
Le Mans,Tours,366,392,0.849773,-0.490486,1.26657
Le Mans,Rouen,366,662,1.22114,-0.496416,1.82734
Reims,Charleroi,367,651,1.36452,-0.532932,2.09172
Reims,Charleville-Mézières,367,658,1.24973,-0.53483,1.91812
Reims,Rouen,367,662,1.5456,-0.521242,2.35123
Saarbrücken,Mannheim,368,369,2.09306,-0.558818,3.2627
Saarbrücken,Trier,368,659,1.10313,-0.552734,1.71287
Mannheim,Heilbronn,369,370,1.94114,-0.559817,3.02782
Rozvadov,Plzeň,371,372,1.8331,-0.538626,2.82046
Plzeň,Karlovy Vary,372,523,1.34014,-0.5249,2.04359
Plzeň,České Budějovice,372,524,1.51426,-0.538142,2.32915
Plzeň,Bayerisch Eisenstein,372,530,1.52953,-0.53918,2.35423
Trenčín,Prešov,373,374,1.12013,-0.509107,1.6904
Prešov,Košice,374,375,1.69281,-0.520386,2.57373
Prešov,Svidník,374,712,0.857961,-0.500307,1.2872
Košice,Vyšné Nemecké,375,376,0.839287,-0.532095,1.28587
Košice,Uzhhorod,375,377,1.58632,-0.540296,2.4434
Košice,Miskolc,375,552,1.55231,-0.533802,2.38094
Košice,Zvolen,375,568,1.64402,-0.526325,2.50931
Vyšné Nemecké,Uzhhorod,376,377,0.747029,-0.54951,1.15753
Uzhhorod,Mukachevo,377,378,2.54565,-0.539747,3.91966
Uzhhorod,Chop,377,723,1.24518,-0.551842,1.93232
Mukachevo,Stryj,378,379,1.96313,-0.533812,3.01107
Mukachevo,Halmeu,378,578,2.42726,-0.535798,3.72778
Khmelnytskyi,Vinnytsia,380,381,1.28016,-0.512017,1.93562
Vinnytsia,Uman,381,382,1.26821,-0.512831,1.91859
Vinnytsia,Mohyliv-Podilskyi,381,728,1.12732,-0.518214,1.71151
Uman,Kirovohrad,382,383,1.12449,-0.500127,1.68687
Kirovohrad,Dnipropetrovsk,383,384,0.889114,-0.485765,1.32101
Kirovohrad,Chişinău,383,672,1.70694,-0.497571,2.55627
Dnipropetrovsk,Donetsk,384,385,0.458039,-0.442615,0.660775
Donetsk,Rostov-on-Don,385,386,0.432435,-0.388293,0.600347
Rostov-on-Don,Armavir,386,387,0.49661,-0.369285,0.68
Rostov-on-Don,Taganrog,386,675,0.401155,-0.373939,0.551162
Lorient,Vannes,388,389,0.28784,-0.417165,0.407917
Vannes,Nantes,389,390,0.572734,-0.448366,0.829529
Nantes,Angers,390,391,0.794901,-0.453429,1.15533
Nantes,Poitiers,390,676,0.975559,-0.487007,1.45066
Angers,Tours,391,392,0.640633,-0.473484,0.943962
Tours,Vierzon,392,503,0.838642,-0.48661,1.24673
Montargis,Auxerre,393,394,1.08674,-0.543541,1.67743
Auxerre,Beaune,394,395,1.84279,-0.555669,2.86676
Beaune,Dole,395,396,1.78313,-0.556772,2.77592
Beaune,Antwerp,395,505,2.99301,-0.556714,4.65926
Dole,Besançon,396,397,0.905052,-0.553658,1.40614
Besançon,Belfort,397,398,1.02916,-0.540577,1.5855
Zürich,Winterthur,399,400,1.29774,-0.500518,1.94729
Winterthur,St. Gallen,400,401,0.942909,-0.493907,1.40862
Winterthur,Schaffhausen,400,511,1.09402,-0.517735,1.66044
St. Gallen,St. Margrethen,401,402,0.908423,-0.488023,1.35175
St. Margrethen,Bregenz,402,403,1.45599,-0.503719,2.1894
St. Margrethen,Buchs,402,514,0.730697,-0.477856,1.07986
Bregenz,Feldkirch,403,748,1.42311,-0.504854,2.14157
Bregenz,Lindau,403,513,2.04999,-0.525534,3.12733
Feldkirch,Landeck,748,404,0.729924,-0.482393,1.08203
Feldkirch,Imst,748,406,0.765707,-0.481477,1.13438
Landeck,Telfs,404,405,0.548985,-0.469439,0.8067
Sattledt,Liezen,408,532,0.873677,-0.520245,1.3282
Sattledt,Wels,408,669,0.87483,-0.525396,1.33446
Sankt Pölten,Vienna,409,410,1.80669,-0.529709,2.76371
Vienna,Nickelsdorf,410,411,1.97457,-0.539002,3.03886
Vienna,Halámky,410,525,1.88189,-0.534134,2.88708
Vienna,Graz,410,534,2.70189,-0.514455,4.09189
Nickelsdorf,Mosonmagyaróvár,411,412,1.36678,-0.547815,2.11553
Szolnok,Püspökladány,413,414,1.68729,-0.543686,2.60464
Püspökladány,Oradea,414,415,2.27064,-0.53341,3.48183
Püspökladány,Nyíregyháza,414,722,1.24609,-0.547457,1.92826
Oradea,Cluj-Napoca,415,416,1.4108,-0.491643,2.10441
Oradea,Berettyóújfalu,415,570,1.63139,-0.526732,2.4907
Oradea,Beiuş,415,571,1.25746,-0.501014,1.88746
Oradea,Satu Mare,415,579,1.76334,-0.523289,2.68607
Oradea,Arad,415,684,2.1493,-0.519221,3.26526
Cluj-Napoca,Turda,416,417,0.934748,-0.466768,1.37106
Cluj-Napoca,Zalău,416,580,0.772377,-0.497838,1.1569
Turda,Târgu Mureş,417,418,0.489738,-0.43658,0.703548
Turda,Sebeş,417,581,0.505514,-0.438484,0.727173
Târgu Mureş,Braşov,418,419,0.410993,-0.4254,0.58583
Braşov,Ploieşti,419,420,0.429057,-0.422006,0.610121
Braşov,Sibiu,419,582,0.455775,-0.441942,0.657201
Braşov,Piteşti,419,583,0.350493,-0.43406,0.502627
Slobozia,Hârşova,421,422,0.72107,-0.434951,1.0347
Slobozia,Galaţi,421,588,1.0066,-0.446824,1.45637
Hârşova,Constanţa,422,423,0.836657,-0.42099,1.18888
Constanţa,Varna,423,463,1.06972,-0.385656,1.48227
Constanţa,Tulcea,423,589,0.836657,-0.42099,1.18888
Senaki,Samtredia,424,425,0.066334,-0.17489,0.0779352
Senaki,Zugdidi,424,604,0.087213,-0.275762,0.111263
Samtredia,Kutaisi,425,426,0.0686574,-0.112455,0.0763782
Kutaisi,Khashuri,426,427,0.0864224,-0.133166,0.0979309
Khashuri,Gori,427,428,0.127205,-0.144276,0.145557
Rustavi,Ganja,429,430,0.138176,-0.192566,0.164784
Ganja,Yevlakh,430,431,0.122044,-0.268737,0.154842
Ashgabat,Tejen,432,433,0.390816,-0.280881,0.500589
Tejen,Mary,433,434,0.230089,-0.274109,0.293158
Mary,Türkmenabat,434,435,0.1955,-0.290197,0.252234
Türkmenabat,Alat,435,436,0.274379,-0.288267,0.353473
Karshi,Guzar,437,438,0.280753,-0.29092,0.362429
Guzar,Sherobod,438,439,0.211119,-0.299264,0.274299
Sherobod,Termez,439,440,0.267846,-0.290476,0.345649
Jirgatal,Sary Tash,441,442,0.375943,-0.317926,0.495465
Jirgatal,Khorugh,441,694,0.279187,-0.293599,0.361155
Sary Tash,Irkeshtam,442,443,0.365074,-0.355199,0.494747
Irkeshtam,Osh,443,691,0.613552,-0.390866,0.853368
A Coruña,Bilbao,444,445,0.333691,-0.406105,0.469204
A Coruña,Pontevedra,444,481,0.180077,-0.36783,0.246314
Clermont-Ferrand,Montluçon,446,504,1.06309,-0.494774,1.58907
Chambéry,Susa,447,448,1.10285,-0.48004,1.63227
Chambéry,Marseille,447,736,0.765161,-0.496068,1.14473
Susa,Turin,448,449,0.927655,-0.446173,1.34155
Tortona,Brescia,450,451,0.582375,-0.440475,0.838896
Trieste,Postojna,452,453,0.486191,-0.462391,0.711001
Trieste,Ljubljana,452,454,0.871765,-0.465902,1.27792
Postojna,Ljubljana,453,454,0.567839,-0.470466,0.834988
Ljubljana,Maribor,454,535,0.89779,-0.480943,1.32958
Ljubljana,Naklo,454,538,1.30456,-0.480057,1.93082
Vršac,Timişoara,456,457,1.28633,-0.494621,1.92258
Timişoara,Drobeta-Turnu Severin,457,458,1.47307,-0.490288,2.1953
Timişoara,Arad,457,684,1.99947,-0.500942,3.00109
Drobeta-Turnu Severin,Craiova,458,459,1.55655,-0.479341,2.30266
Craiova,Alexandria,459,460,0.70278,-0.455277,1.02274
Craiova,Târgu Jiu,459,574,0.900733,-0.468405,1.32264
Craiova,Piteşti,459,583,0.880565,-0.458009,1.28387
Razgrad,Shumen,461,462,0.428351,-0.349462,0.578044
Shumen,Varna,462,463,0.600097,-0.357679,0.81474
Varna,Burgas,463,590,0.59603,-0.353209,0.806553
Lisbon,Valladolid,464,465,0.410801,-0.357675,0.557734
Lisbon,Porto,464,483,0.472469,-0.330092,0.628427
Lisbon,Albufeira,464,484,0.492061,-0.329929,0.654406
Toulouse,Nice,466,467,1.56514,-0.455702,2.27838
Nice,Cuneo,467,685,0.725991,-0.446114,1.04987
Sofia,Plovdiv,468,469,0.929822,-0.430475,1.33009
Sofia,Botevgrad,468,575,0.9199,-0.435855,1.32084
Sofia,Blagoevgrad,468,576,1.02778,-0.439919,1.47992
Sofia,Kyustendil,468,745,0.682817,-0.438247,0.98206
Plovdiv,Istanbul,469,470,0.444889,-0.389815,0.618314
Istanbul,İzmit,470,471,0.306805,-0.311664,0.402425
İzmit,Gerede,471,472,0.183456,-0.228963,0.225461
İzmit,Bursa,471,479,0.203083,-0.217512,0.247256
Gerede,Kızılcahamam,472,599,0.127721,-0.195056,0.152634
Mazara del Vallo,Palermo,473,474,0.049935,0,0.049935
Metaponto,Taranto,475,476,0.117633,-0.183008,0.139161
Metaponto,Potenza,475,743,0.088261,-0.152199,0.101694
Ioannina,Trikala,477,687,0.219395,-0.305778,0.286481
Gelibolu,Keşan,478,596,0.526879,-0.381591,0.727932
Gelibolu,Ayvalık,478,597,0.530448,-0.381325,0.732721
Bursa,Ankara,479,480,0.15882,-0.184511,0.188124
Bursa,Balıkesir,479,746,0.185431,-0.194371,0.221473
Ankara,Kızılcahamam,480,599,0.121811,-0.17617,0.14327
Pontevedra,Valença,481,482,0.158938,-0.320127,0.209818
Valença,Porto,482,483,0.23956,-0.317847,0.315704
Albufeira,Castro Marim,484,485,0.293762,-0.319957,0.387754
Castro Marim,Huelva,485,486,0.283446,-0.316095,0.373042
Cherbourg-Octeville,La Rochelle,487,488,0.208048,-0.432328,0.297992
Cherbourg-Octeville,Caen,487,661,0.379488,-0.473692,0.559249
La Rochelle,Saintes,488,730,0.216497,-0.43479,0.310627
Oslo,Hamar,489,490,0.392895,-0.338234,0.525785
Oslo,Askim,489,619,0.402425,-0.346626,0.541916
Hamar,Lillehammer,490,491,0.249525,-0.331384,0.332213
Lillehammer,Dombås,491,492,0.271531,-0.34177,0.364332
Dombås,Trondheim,492,493,0.479139,-0.35092,0.647278
Trondheim,Stjørdal,493,494,0.469885,-0.352201,0.635379
Stjørdal,Steinkjer,494,495,0.244647,-0.336067,0.326864
Steinkjer,Mosjøen,495,496,0.183844,-0.330017,0.244516
Mosjøen,Mo i Rana,496,497,0.244385,-0.325606,0.323958
Mo i Rana,Umeå,497,612,0.464072,-0.339838,0.621782
Setermoen,Alta,498,499,0.0638347,-0.129938,0.0721293
Alta,Olderfjord,499,500,0.0684377,-0.10683,0.075749
Olderfjord,Lakselv,500,501,0.0876633,-0.151235,0.100921
Lakselv,Karasjok,501,502,0.133404,-0.181059,0.157558
Vierzon,Montluçon,503,504,0.638676,-0.488805,0.950864
Antwerp,Zeebrugge,505,642,1.92587,-0.558663,3.00179
Martigny,Sion,506,678,0.70649,-0.470497,1.03889
Bremen,Groningen,507,624,1.90356,-0.521456,2.89618
Stuttgart,Schaffhausen,510,511,1.46243,-0.547263,2.26277
Stuttgart,Ulm,510,512,1.30632,-0.554598,2.0308
Ulm,Lindau,512,513,1.2263,-0.5456,1.89537
Lindau,Waldshut,513,666,1.77198,-0.538447,2.7261
Buchs,Chur,514,515,0.339886,-0.434078,0.487423
Chur,San Bernardino,515,516,0.244148,-0.361938,0.332515
Halle,Plauen,518,519,1.2672,-0.514015,1.91855
Plauen,Schönberg,519,520,1.05224,-0.50594,1.58461
Plauen,Hof,519,528,1.36516,-0.510553,2.06214
Schönberg,Vojtanov,520,521,0.64195,-0.497308,0.961196
Vojtanov,Cheb,521,522,0.870152,-0.498853,1.30423
Cheb,Karlovy Vary,522,523,1.40631,-0.503919,2.11498
Cheb,Marktredwitz,522,663,1.10838,-0.507602,1.67099
Karlovy Vary,Teplice,523,715,0.875494,-0.502225,1.31519
České Budějovice,Halámky,524,525,1.10293,-0.539606,1.69808
Hirschberg,Hof,527,528,1.05077,-0.511439,1.58818
Hof,Bayreuth,528,529,1.64108,-0.515011,2.48626
Bayreuth,Marktredwitz,529,663,1.45488,-0.518782,2.20965
Bayerisch Eisenstein,Deggendorf,530,531,1.15004,-0.543882,1.77552
Liezen,Sankt Michael,532,533,0.762527,-0.515048,1.15526
Sankt Michael,Graz,533,534,1.43685,-0.516423,2.17888
Graz,Maribor,534,535,1.33374,-0.500199,2.00087
Graz,Spielfeld,534,536,0.94919,-0.50875,1.43209
Graz,Klagenfurt,534,683,1.85305,-0.500044,2.77966
Maribor,Spielfeld,535,536,0.501788,-0.48923,0.747278
Karavanke Tunnel,Naklo,537,538,0.979236,-0.49797,1.46687
Naklo,Loiblpass,538,734,0.954106,-0.496528,1.42785
Kemijärvi,Posio,539,540,0.160066,-0.238856,0.198299
Posio,Kuusamo,540,541,0.106396,-0.228712,0.13073
Kuusamo,Kajaani,541,542,0.101393,-0.222927,0.123996
Kajaani,Iisalmi,542,543,0.141597,-0.267039,0.179409
Iisalmi,Kuopio,543,544,0.257425,-0.289378,0.331919
Tampere,Turku,545,546,0.261716,-0.298036,0.339717
Tampere,Vaasa,545,616,0.35232,-0.306586,0.460336
Tampere,Hämeenlinna,545,618,0.438131,-0.302544,0.570684
Turku,Pori,546,617,0.18181,-0.298148,0.236016
Riga,Šiauliai,547,561,1.56943,-0.532145,2.40459
Riga,Rēzekne,547,627,1.53021,-0.548471,2.36948
Kłodzko,Kudowa-Zdrój,548,549,0.595365,-0.490808,0.887574
Kudowa-Zdrój,Náchod,549,550,0.516162,-0.47999,0.763915
Náchod,Hradec Králové,550,551,0.932464,-0.485176,1.38487
Hradec Králové,Olomouc,551,716,1.23633,-0.499427,1.85378
Miskolc,Debrecen,552,569,1.2702,-0.541271,1.95773
Szekszárd,Mohács,555,556,0.842244,-0.510184,1.27194
Mohács,Osijek,556,557,0.597305,-0.471255,0.878788
Osijek,Đakovo,557,558,0.431553,-0.427453,0.616021
Osijek,Sombor,557,735,0.642793,-0.463016,0.940416
Đakovo,Šamac,558,559,0.26146,-0.381065,0.361093
Šamac,Zenica,559,560,0.290633,-0.361785,0.39578
Zenica,Sarajevo,560,737,0.5301,-0.367492,0.724907
Šiauliai,Tolpaki,561,562,1.40774,-0.502092,2.11455
Šiauliai,Palanga,561,704,1.01474,-0.520334,1.54274
Šiauliai,Panevėžys,561,705,1.04148,-0.521108,1.5842
Tolpaki,Kaliningrad,562,563,0.99006,-0.490779,1.47596
Tolpaki,Nesterov,562,640,0.874696,-0.492141,1.30517
Trstená,Ružomberok,566,567,0.813594,-0.512642,1.23068
Ružomberok,Zvolen,567,568,1.45565,-0.523256,2.21733
Debrecen,Berettyóújfalu,569,570,0.943285,-0.538026,1.4508
Beiuş,Deva,571,572,0.926208,-0.497114,1.38664
Deva,Petroşani,572,573,0.935298,-0.475637,1.38016
Deva,Sibiu,572,582,1.2045,-0.469743,1.7703
Deva,Arad,572,684,1.51993,-0.491773,2.26739
Petroşani,Târgu Jiu,573,574,0.62497,-0.468896,0.918016
Botevgrad,Jablanica,575,585,0.428383,-0.416851,0.606955
Blagoevgrad,Serres,576,577,0.72497,-0.429703,1.03649
Halmeu,Satu Mare,578,579,2.04438,-0.532596,3.13321
Satu Mare,Zalău,579,580,0.948868,-0.516123,1.4386
Sebeş,Sibiu,581,582,0.568518,-0.441897,0.819744
Sibiu,Piteşti,582,583,0.668236,-0.453186,0.971071
Pleven,Jablanica,584,585,0.294011,-0.376855,0.40481
Izmail,Reni,586,587,0.801049,-0.505476,1.20596
Reni,Galaţi,587,588,0.899661,-0.474061,1.32615
Galaţi,Tulcea,588,589,0.749746,-0.447342,1.08514
Galaţi,Giurgiuleşti,588,729,1.04651,-0.47682,1.54551
Burgas,Malko Tarnovo,590,591,0.383602,-0.330207,0.51027
Malko Tarnovo,Dereköy,591,592,0.192806,-0.290792,0.248872
Dereköy,Kırklareli,592,593,0.114143,-0.27448,0.145473
Kırklareli,Babaeski,593,594,0.0981402,-0.243744,0.122061
Babaeski,Havsa,594,595,0.12998,-0.31171,0.170495
Havsa,Keşan,595,596,0.242851,-0.352393,0.32843
Ayvalık,İzmir,597,598,0.25362,-0.346104,0.341398
İzmir,Manisa,598,747,0.152348,-0.291407,0.196744
Kherson,Dzhankoy,600,601,0.781403,-0.506804,1.17742
Kherson,Mykolaiv,600,673,0.987151,-0.514039,1.49458
Kherson,Melitopol,600,674,0.584974,-0.472947,0.861635
Sochi,Sukhumi,602,603,0.357437,-0.504615,0.537805
Sukhumi,Zugdidi,603,604,0.156192,-0.423409,0.222325
Jönköping,Linköping,605,606,0.27591,-0.29104,0.356211
Linköping,Norrköping,606,607,0.349938,-0.301251,0.455358
Norrköping,Södertälje,607,608,0.467943,-0.329357,0.622063
Norrköping,Kalmar,607,626,0.349075,-0.300447,0.453953
Uppsala,Sundsvall,609,610,0.739293,-0.370466,1.01318
Sundsvall,Örnsköldsvik,610,611,0.712855,-0.363989,0.972326
Örnsköldsvik,Umeå,611,612,0.614705,-0.351723,0.830911
Haparanda,Tornio,613,614,0.373038,-0.329291,0.495877
Kokkola,Vaasa,615,616,0.36466,-0.310573,0.477913
Vaasa,Pori,616,617,0.210316,-0.303496,0.274146
Askim,Karlstad,619,620,0.33125,-0.351006,0.447521
Kotka,Vaalimaa,621,622,0.361591,-0.461035,0.528296
Vaalimaa,Vyborg,622,623,0.680351,-0.550297,1.05475
Groningen,Hoogeveen,624,698,0.693907,-0.524416,1.0578
Sassnitz,Stralsund,625,699,0.406767,-0.50568,0.612461
Rēzekne,Velikiye Luki,627,628,1.54033,-0.574038,2.42454
Rēzekne,Daugavpils,627,702,1.03545,-0.54857,1.60346
Vladimir,Nizhny Novgorod,629,630,0.991889,-0.591623,1.57871
Nizhny Novgorod,Kazan,630,631,0.545378,-0.532902,0.836011
Kazan,Yelabuga,631,632,0.680134,-0.458088,0.991695
Yelabuga,Perm,632,633,0.62699,-0.430278,0.896769
Perm,Yekaterinburg,633,634,0.337811,-0.409679,0.476206
Yekaterinburg,Tyumen,634,635,0.325422,-0.384965,0.450697
Koszalin,Słupsk,637,638,0.24902,-0.471336,0.366391
Słupsk,Gdynia,638,639,0.388269,-0.477885,0.573817
Nesterov,Marijampolė,640,641,0.720241,-0.508136,1.08622
Aktobe,Karabutak,647,648,0.612906,-0.550403,0.950251
Karabutak,Aral,648,649,0.333725,-0.513959,0.505245
Aral,Novokazalinsk,649,650,0.397585,-0.458679,0.579948
Charleroi,Namur,651,652,0.933823,-0.534722,1.43316
St. Vith,Wittlich,653,654,0.87982,-0.521212,1.33839
Wittlich,Bingen,654,655,0.534591,-0.523236,0.814309
Bingen,Wiesbaden,655,656,0.748797,-0.543739,1.15595
Amiens,Charleville-Mézières,657,658,1.13107,-0.536177,1.73753
Trier,Koblenz,659,660,1.138,-0.54673,1.76017
Caen,Rouen,661,662,0.91045,-0.49838,1.3642
Regensburg,Passau,667,668,0.924943,-0.543064,1.42725
Passau,Wels,668,669,0.991888,-0.533178,1.52074
Wels,Braunau am Inn,669,721,1.22125,-0.532264,1.87128
Iaşi,Sculeni,670,671,1.25652,-0.519454,1.90923
Iaşi,Bălţi,670,727,1.0269,-0.521664,1.5626
Sculeni,Chişinău,671,672,1.48013,-0.505842,2.22884
Chişinău,Giurgiuleşti,672,729,1.23976,-0.501613,1.86164
Melitopol,Taganrog,674,675,0.349243,-0.411809,0.493064
Poitiers,Mâcon,676,677,1.66438,-0.516305,2.52371
Sion,Simplon,678,679,0.404092,-0.435677,0.580145
Simplon,Gravellona Toce,679,680,0.4538,-0.412809,0.641133
Innichen,Spittal an der Drau,681,682,0.698125,-0.491742,1.04142
Klagenfurt,Loiblpass,683,734,1.05066,-0.502386,1.57849
Cuneo,Asti,685,686,0.457933,-0.433059,0.656246
Kokand,Andijan,689,690,0.476131,-0.392524,0.663024
Andijan,Osh,690,691,0.647477,-0.395018,0.903243
Kulob,Kalaikhumb,692,693,0.210463,-0.287787,0.271032
Kalaikhumb,Khorugh,693,694,0.190892,-0.282533,0.244825
Kokpek,Chundzha,695,696,0.258174,-0.354971,0.349819
Chundzha,Koktal,696,697,0.211171,-0.335091,0.281932
Stralsund,Neubrandenburg,699,700,0.590301,-0.510132,0.891432
Ukmergė,Daugavpils,701,702,1.07375,-0.536624,1.64994
Ukmergė,Panevėžys,701,705,1.05194,-0.524444,1.60362
Breda,Gorinchem,706,707,0.772062,-0.491065,1.1512
Hasselt,Heerlen,708,709,0.85605,-0.538951,1.31742
Barwinek,Vyšný Komárnik,710,711,0.359458,-0.447368,0.520268
Vyšný Komárnik,Svidník,711,712,0.413125,-0.473427,0.608709
Lublin,Kovel,713,714,1.02097,-0.54892,1.5814
Olomouc,Český Těšín,716,717,0.787098,-0.500471,1.18102
Garmisch-Partenkirchen,Mittenwald,718,719,0.833315,-0.530722,1.27557
Mittenwald,Seefeld,719,720,0.624148,-0.49402,0.93249
Nyíregyháza,Chop,722,723,0.802546,-0.552098,1.24563
Dunajská Streda,Medveďov,724,725,0.579768,-0.515446,0.878607
Medveďov,Vámosszabadi,725,726,0.502406,-0.521186,0.764253
Bălţi,Mohyliv-Podilskyi,727,728,0.710329,-0.516358,1.07711
Saintes,Angoulême,730,731,0.413207,-0.454748,0.601111
St. Johann in Tirol,Lofer,732,733,0.912093,-0.510597,1.3778
Sarajevo,Užice,737,738,0.648104,-0.392893,0.90274
Užice,Čačak,738,739,0.824507,-0.419434,1.17033
Čačak,Nova Varoš,739,740,0.81934,-0.420667,1.16401
Avellino,Benevento,741,742,0.276571,-0.286402,0.355782
Balıkesir,Manisa,746,747,0.139868,-0.207495,0.16889
Warsaw,Brest-Litovsk,316,0,1.92722,-0.542426,2.9726
Brest-Litovsk,Minsk,0,318,1.64807,-0.564664,2.57868
Lyon,Mâcon,17,677,1.83949,-0.501029,2.76113
Beaune,Mâcon,395,677,2.67466,-0.536483,4.10957
