Glasgow,Preston,1,2,0.0333156,0,0.0333156
Glasgow,Edinburgh,1,13,0.0333156,0,0.0333156
Preston,Birmingham,2,3,0.0333156,0,0.0333156
Birmingham,Cambridge,3,636,0.0333156,0,0.0333156
Le Havre,Paris,4,5,1.81733,-0.528017,2.77691
Le Havre,Amiens,4,657,0.97075,-0.533131,1.48829
Paris,Orléans,5,6,2.20927,-0.506749,3.32881
Paris,Calais,5,16,1.57989,-0.525676,2.41039
Paris,Lyon,5,17,2.66045,-0.515059,4.03073
Paris,Brussels,5,326,2.63193,-0.531709,4.03135
Paris,Le Mans,5,366,1.70378,-0.508866,2.57077
Paris,Reims,5,367,1.7246,-0.526134,2.63197
Paris,Chaumont,5,665,2.4441,-0.533265,3.74745
Orléans,Bordeaux,6,7,1.27503,-0.493832,1.90467
Orléans,Tours,6,392,1.37769,-0.495231,2.05997
Orléans,Montargis,6,393,1.52906,-0.512223,2.31229
Orléans,Toulouse,6,466,1.60798,-0.483425,2.38532
Bordeaux,San Sebastián,7,8,1.01588,-0.452761,1.47583
Bordeaux,Clermont-Ferrand,7,446,1.52472,-0.483499,2.26192
Bordeaux,Toulouse,7,466,0.85649,-0.461924,1.25212
Bordeaux,Angoulême,7,731,0.967735,-0.472787,1.42527
San Sebastián,Burgos,8,9,0.898658,-0.397071,1.25549
San Sebastián,Bilbao,8,445,0.705041,-0.3979,0.985576
San Sebastián,Toulouse,8,466,0.843758,-0.433974,1.20993
Burgos,Madrid,9,10,0.70561,-0.393002,0.982915
Burgos,Valladolid,9,465,0.463284,-0.373052,0.636113
Madrid,Seville,10,11,0.628558,-0.343176,0.844264
Madrid,Barcelona,10,21,0.851772,-0.390176,1.18411
Madrid,Valencia,10,24,0.603669,-0.354469,0.817651
Madrid,Lisbon,10,464,0.591985,-0.349561,0.79892
Seville,Algeciras,11,12,0.379742,-0.320379,0.501403
Seville,Huelva,11,486,0.398028,-0.323729,0.526881
Algeciras,Málaga,12,28,0.191835,-0.30314,0.249988
Edinburgh,Newcastle,13,14,0.0333156,0,0.0333156
Newcastle,London,14,15,0.0333156,0,0.0333156
London,Colchester,15,305,0.0333156,0,0.0333156
Calais,Bruges,16,324,1.46192,-0.54025,2.25172
Calais,Rouen,16,662,1.03624,-0.522353,1.57753
Lyon,Orange,17,18,1.38334,-0.504108,2.0807
Lyon,Clermont-Ferrand,17,446,1.7315,-0.48988,2.57973
Lyon,Chambéry,17,447,1.31019,-0.507618,1.97526
Orange,Narbonne,18,19,0.698378,-0.490761,1.04111
Orange,Marseille,18,736,0.595822,-0.503999,0.896116
Narbonne,Girona,19,20,0.529992,-0.454066,0.770644
Girona,Barcelona,20,21,0.84291,-0.423887,1.20021
Barcelona,Tarragona,21,22,0.654582,-0.402835,0.918271
Barcelona,Toulouse,21,466,1.39159,-0.435626,1.9978
Tarragona,Castellón de la Plana,22,23,0.395469,-0.383212,0.547017
Castellón de la Plana,Valencia,23,24,0.439452,-0.359043,0.597234
Valencia,Alicante,24,25,0.375104,-0.3419,0.503352
Alicante,Murcia,25,26,0.186257,-0.324475,0.246692
Murcia,Almería,26,27,0.11828,-0.295616,0.153245
Almería,Málaga,27,28,0.120234,-0.289627,0.155058
Hook of Holland,Rotterdam,29,30,0.505866,-0.51706,0.767429
Hook of Holland,The Hague,29,307,0.305917,-0.477582,0.452018
Rotterdam,Eindhoven,30,31,1.22894,-0.528732,1.87872
Eindhoven,Maastricht,31,32,1.24875,-0.534418,1.91611
Eindhoven,Antwerp,31,505,2.0535,-0.543891,3.17037
Eindhoven,Venlo,31,643,1.67974,-0.534578,2.57769
Eindhoven,Breda,31,706,1.30354,-0.509842,1.96814
Maastricht,Liège,32,33,1.48648,-0.537892,2.28605
Liège,Bastogne,33,34,1.36432,-0.536951,2.0969
Liège,Leuven,33,327,2.28852,-0.53878,3.52153
Liège,Eupen,33,328,1.42402,-0.537173,2.18897
Liège,Antwerp,33,505,2.51421,-0.545444,3.88557
Liège,Namur,33,652,1.54033,-0.537775,2.36867
Liège,St. Vith,33,653,1.24738,-0.536789,1.91696
Liège,Charleville-Mézières,33,658,1.65113,-0.537287,2.53826
Bastogne,Arlon,34,35,0.816298,-0.535301,1.25326
Arlon,Luxembourg,35,36,1.1422,-0.537622,1.75627
Luxembourg,Metz,36,37,1.96394,-0.54103,3.02648
Luxembourg,St. Vith,36,653,1.38212,-0.534316,2.12061
Luxembourg,Charleville-Mézières,36,658,1.09031,-0.536905,1.67571
Luxembourg,Trier,36,659,1.33656,-0.542275,2.06134
Metz,Saint-Avold,37,38,2.33911,-0.547793,3.62047
Metz,Lausanne,37,44,1.99504,-0.540046,3.07245
Metz,Geneva,37,45,2.43995,-0.530012,3.73315
Metz,Brussels,37,326,2.79498,-0.537957,4.29856
Metz,Reims,37,367,2.07865,-0.535504,3.19177
Metz,Saarbrücken,37,368,2.19086,-0.546211,3.38754
Saint-Avold,Strasbourg,38,39,1.72345,-0.549069,2.66974
Strasbourg,Mulhouse,39,40,2.14222,-0.549423,3.3192
Strasbourg,Appenweier,39,664,1.56162,-0.558082,2.43313
Mulhouse,Basel,40,41,2.12911,-0.539414,3.27758
Mulhouse,Belfort,40,398,1.59605,-0.539542,2.45718
Mulhouse,Chaumont,40,665,2.08002,-0.542727,3.2089
Basel,Olten,41,42,1.32981,-0.525416,2.02852
Basel,Offenburg,41,61,1.79503,-0.54299,2.76971
Basel,Zürich,41,399,1.61555,-0.520897,2.45708
Basel,Waldshut,41,666,1.84748,-0.535898,2.83754
Olten,Bern,42,43,1.34992,-0.526431,2.06055
Olten,Lucerne,42,62,0.879826,-0.510078,1.32861
Bern,Lausanne,43,44,1.12669,-0.528718,1.72238
Bern,Belfort,43,398,1.35697,-0.530388,2.07668
Bern,Martigny,43,506,0.874059,-0.505234,1.31566
Lausanne,Geneva,44,45,1.06093,-0.509458,1.60143
Lausanne,Martigny,44,506,0.771622,-0.513782,1.16807
Geneva,Mont Blanc,45,46,1.20945,-0.510553,1.82694
Geneva,Chambéry,45,447,1.49977,-0.493245,2.23952
Geneva,Mâcon,45,677,2.00245,-0.524002,3.05173
Mont Blanc,Aosta,46,47,0.774657,-0.49055,1.15467
Aosta,Ivrea,47,48,0.843978,-0.457886,1.23042
Aosta,Martigny,47,506,0.988584,-0.487012,1.47004
Ivrea,Vercelli,48,49,0.422477,-0.436157,0.606743
Ivrea,Turin,48,449,0.661576,-0.434995,0.949358
Vercelli,Alessandria,49,50,0.439395,-0.427341,0.627167
Alessandria,Genoa,50,51,0.622404,-0.439756,0.896109
Alessandria,Turin,50,449,0.545316,-0.432359,0.781088
Alessandria,Tortona,50,450,0.441372,-0.426063,0.629424
Alessandria,Asti,50,686,0.55707,-0.42843,0.795735
Genoa,Rome,51,74,1.35242,-0.445011,1.95426
Genoa,Tortona,51,450,0.742058,-0.441427,1.06962
Genoa,Nice,51,467,0.981949,-0.4448,1.41872
Amsterdam,Utrecht,52,53,1.23917,-0.499647,1.85832
Amsterdam,Amersfoort,52,309,0.657302,-0.5242,1.00186
Amsterdam,Brussels,52,326,2.70133,-0.53198,4.13839
Amsterdam,Groningen,52,624,1.21422,-0.517055,1.84204
Utrecht,Arnhem,53,54,1.01149,-0.484213,1.50127
Utrecht,Gouda,53,308,0.858518,-0.468853,1.26104
Utrecht,Amersfoort,53,309,0.784946,-0.473525,1.15664
Utrecht,Gorinchem,53,707,0.986372,-0.478919,1.45876
Arnhem,Emmerich,54,55,0.848042,-0.509362,1.28
Emmerich,Oberhausen,55,56,1.54851,-0.525819,2.36275
Oberhausen,Cologne,56,57,2.53182,-0.527185,3.86655
Oberhausen,Dortmund,56,508,1.86093,-0.518094,2.82507
Oberhausen,Venlo,56,643,1.81365,-0.514896,2.7475
Cologne,Frankfurt am Main,57,58,2.69425,-0.53836,4.14473
Cologne,Aachen,57,329,2.4014,-0.53196,3.67884
Cologne,Olpe,57,330,1.72038,-0.5349,2.64061
Cologne,Bremen,57,507,2.74945,-0.519669,4.17825
Frankfurt am Main,Heidelberg,58,59,2.24833,-0.553217,3.49215
Frankfurt am Main,Gießen,58,332,1.62987,-0.54865,2.5241
Frankfurt am Main,Mannheim,58,369,2.62316,-0.550945,4.06838
Frankfurt am Main,Aschaffenburg,58,509,1.91523,-0.551999,2.97243
Frankfurt am Main,Wiesbaden,58,656,1.83929,-0.549789,2.85052
Heidelberg,Karlsruhe,59,60,1.91814,-0.554386,2.98152
Karlsruhe,Offenburg,60,61,1.7905,-0.537836,2.7535
Karlsruhe,Stuttgart,60,510,2.41426,-0.554667,3.75337
Karlsruhe,Appenweier,60,664,1.76861,-0.556978,2.75369
Lucerne,Altdorf,62,63,0.709156,-0.484007,1.05239
Altdorf,Gotthard Pass,63,64,0.574724,-0.448999,0.832774
Altdorf,Zürich,63,399,0.908135,-0.498878,1.36118
Gotthard Pass,Bellinzona,64,65,0.395781,-0.387855,0.549286
Bellinzona,Lugano,65,66,0.298941,-0.348478,0.403115
Bellinzona,San Bernardino,65,516,0.288941,-0.352019,0.390654
Lugano,Chiasso,66,67,0.250102,-0.359959,0.340129
Chiasso,Como,67,68,0.381317,-0.392397,0.530944
Como,Milan,68,69,0.811786,-0.410667,1.14516
Milan,Piacenza,69,70,0.926004,-0.422672,1.3174
Milan,Turin,69,449,0.91416,-0.42453,1.30225
Milan,Tortona,69,450,0.642368,-0.422643,0.91386
Milan,Brescia,69,451,0.793984,-0.428313,1.13406
Milan,Gravellona Toce,69,680,0.826924,-0.415972,1.1709
Piacenza,Parma,70,71,0.687724,-0.433732,0.986011
Parma,Modena,71,72,1.04602,-0.442124,1.50849
Modena,Florence,72,73,1.22443,-0.452112,1.77801
Modena,Verona,72,94,1.35791,-0.44479,1.96189
Modena,Bologna,72,95,1.17233,-0.449151,1.69888
Florence,Rome,73,74,1.15568,-0.448977,1.67455
Rome,Pescara,74,125,1.25676,-0.430546,1.79785
Östersund,Mora,75,76,0.627522,-0.358737,0.852637
Östersund,Trondheim,75,493,0.747815,-0.356333,1.01429
Östersund,Sundsvall,75,610,0.811757,-0.352606,1.09799
Mora,Säffle,76,77,0.456385,-0.360688,0.620998
Säffle,Gothenburg,77,78,0.614474,-0.353468,0.831671
Gothenburg,Halmstad,78,300,0.618203,-0.342077,0.829676
Gothenburg,Örebro,78,301,0.638418,-0.354259,0.864583
Gothenburg,Oslo,78,489,0.542819,-0.348131,0.731792
Hamburg,Hanover,79,80,1.78221,-0.51532,2.70062
Hamburg,Berlin,79,108,1.97986,-0.515921,3.00131
Hamburg,Bremen,79,507,2.20263,-0.514389,3.33565
Hamburg,Lübeck,79,517,1.03038,-0.514624,1.56064
Hanover,Göttingen,80,81,1.1611,-0.528771,1.77506
Hanover,Bad Oeynhausen,80,312,1.34216,-0.525741,2.04779
Hanover,Braunschweig,80,313,1.30658,-0.521171,1.98753
Göttingen,Kassel,81,82,1.00092,-0.536656,1.53807
Kassel,Fulda,82,83,1.27676,-0.548806,1.97745
Kassel,Dortmund,82,508,1.57353,-0.536247,2.41733
Fulda,Würzburg,83,84,1.81301,-0.552195,2.81415
Würzburg,Nuremberg,84,85,2.70909,-0.551058,4.20195
Würzburg,Aschaffenburg,84,509,2.3603,-0.55246,3.66428
Würzburg,Stuttgart,84,510,1.84312,-0.555416,2.86682
Würzburg,Ulm,84,512,1.27245,-0.550648,1.97313
Nuremberg,Munich,85,86,2.5491,-0.538715,3.92234
Nuremberg,Heilbronn,85,370,2.44518,-0.549584,3.78901
Nuremberg,Rozvadov,85,371,2.07678,-0.537246,3.19252
Nuremberg,Bayreuth,85,529,2.80275,-0.533799,4.29886
Nuremberg,Regensburg,85,667,1.92135,-0.543074,2.96479
Munich,Rosenheim,86,87,2.05381,-0.522765,3.12748
Munich,Salzburg,86,115,2.47123,-0.520105,3.75653
Munich,Ulm,86,512,1.86207,-0.540528,2.86857
Munich,Lindau,86,513,2.28809,-0.519161,3.47598
Munich,Deggendorf,86,531,2.07888,-0.536708,3.19463
Munich,Garmisch-Partenkirchen,86,718,1.97503,-0.5265,3.01488
Munich,Braunau am Inn,86,721,1.66603,-0.532252,2.55278
Rosenheim,Wörgl,87,88,1.47397,-0.513144,2.23033
Rosenheim,Bad Reichenhall,87,407,1.12068,-0.522284,1.70599
Wörgl,Innsbruck,88,89,1.59253,-0.486079,2.36663
Wörgl,St. Johann in Tirol,88,732,1.11028,-0.501273,1.66684
Innsbruck,Brenner,89,90,1.05212,-0.463609,1.5399
Innsbruck,Telfs,89,405,0.865357,-0.473433,1.27504
Innsbruck,Imst,89,406,0.880841,-0.47411,1.29846
Innsbruck,Seefeld,89,720,1.01182,-0.475342,1.49279
Brenner,Fortezza,90,91,0.708301,-0.452946,1.02912
Fortezza,Bolzano,91,92,0.561088,-0.448794,0.812901
Fortezza,Innichen,91,681,0.593946,-0.463987,0.869529
Bolzano,Trento,92,93,0.570608,-0.44889,0.826749
Trento,Verona,93,94,1.09241,-0.450697,1.58476
Verona,Mestre,94,120,1.51801,-0.455072,2.20881
Verona,Brescia,94,451,1.22948,-0.443852,1.77518
Bologna,Cesena,95,96,0.99742,-0.445448,1.44172
Cesena,Perugia,96,97,0.707577,-0.431899,1.01318
Cesena,Ravenna,96,121,0.98493,-0.447707,1.42589
Cesena,Rimini,96,122,0.732291,-0.438116,1.05312
Perugia,Fiano Romano,97,98,0.315248,-0.412245,0.445208
Fiano Romano,Naples,98,99,0.182839,-0.34788,0.246445
Naples,Salerno,99,100,0.0682943,-0.292006,0.0882367
Naples,Avellino,99,741,0.106748,-0.312157,0.14007
Salerno,Sicignano degli Alburni,100,101,0.0818712,-0.180016,0.0966093
Salerno,Avellino,100,741,0.0845617,-0.258416,0.106414
Sicignano degli Alburni,Potenza,101,743,0.0640242,-0.169241,0.0748598
Messina,Catania,102,103,0.0333156,0,0.0333156
Messina,Palermo,102,474,0.0333156,0,0.0333156
Catania,Siracusa,103,104,0.0333156,0,0.0333156
Siracusa,Gela,104,105,0.0333156,0,0.0333156
Gela,Mazara del Vallo,105,473,0.0333156,0,0.0333156
Helsingborg,Copenhagen,299,106,0.164008,-0.308796,0.214653
Copenhagen,Malmö,106,135,0.0922635,-0.291293,0.119139
Rostock,Berlin,107,108,1.50663,-0.516167,2.2843
Rostock,Lübeck,107,517,0.751078,-0.514996,1.13788
Rostock,Sassnitz,107,625,0.640016,-0.513463,0.96864
Berlin,Lübbenau,108,109,2.26169,-0.516798,3.43053
Berlin,Szczecin,108,137,1.79196,-0.515301,2.71536
Berlin,Świebodzin,108,139,2.12385,-0.517838,3.22366
Berlin,Magdeburg,108,314,2.23125,-0.518123,3.38731
Berlin,Leipzig,108,526,1.99795,-0.515806,3.02851
Berlin,Neubrandenburg,108,700,1.39107,-0.515563,2.10825
Lübbenau,Dresden,109,110,1.6653,-0.517602,2.52726
Lübbenau,Cottbus,109,644,1.23984,-0.518303,1.88245
Dresden,Ústí nad Labem,110,111,1.6705,-0.520954,2.54076
Dresden,Chemnitz,110,337,1.89498,-0.517888,2.87636
Dresden,Görlitz,110,338,1.21694,-0.519686,1.84937
Ústí nad Labem,Prague,111,112,1.85766,-0.520697,2.82494
Prague,Tábor,112,113,1.78763,-0.523193,2.72291
Prague,Mladá Boleslav,112,146,1.06075,-0.512354,1.60423
Prague,Jihlava,112,147,1.81515,-0.523334,2.76509
Prague,Plzeň,112,372,1.95376,-0.527874,2.9851
Prague,Karlovy Vary,112,523,1.27082,-0.51138,1.9207
Prague,Hradec Králové,112,551,1.39552,-0.509614,2.10669
Tábor,Linz,113,114,1.56784,-0.52587,2.39231
Linz,Salzburg,114,115,1.71364,-0.525167,2.61359
Linz,Sattledt,114,408,0.674803,-0.526149,1.02985
Linz,Sankt Pölten,114,409,1.58473,-0.528418,2.42213
Linz,Wels,114,669,1.16755,-0.5287,1.78483
Salzburg,Villach,115,116,2.7985,-0.516921,4.24511
Salzburg,Bad Reichenhall,115,407,1.38147,-0.518847,2.09825
Salzburg,Sattledt,115,408,1.39934,-0.523592,2.13202
Salzburg,Lofer,115,733,1.66709,-0.516986,2.52895
Villach,Tarvisio,116,117,1.53924,-0.511616,2.32673
Villach,Karavanke Tunnel,116,537,1.31942,-0.508962,1.99096
Villach,Spittal an der Drau,116,682,1.48358,-0.509741,2.23982
Villach,Klagenfurt,116,683,1.57952,-0.510466,2.3858
Tarvisio,Udine,117,118,0.857518,-0.501483,1.28755
Udine,Palmanova,118,119,1.03586,-0.480993,1.5341
Palmanova,Mestre,119,120,1.47484,-0.467426,2.16421
Palmanova,Trieste,119,452,1.32327,-0.46986,1.94501
Mestre,Ravenna,120,121,1.14067,-0.456045,1.66087
Rimini,Fano,122,123,0.395128,-0.429943,0.565011
Fano,Ancona,123,124,0.397731,-0.419881,0.564731
Ancona,Pescara,124,125,0.734333,-0.41393,1.0383
Pescara,Canosa di Puglia,125,126,0.894365,-0.384601,1.23834
Canosa di Puglia,Bari,126,127,0.423729,-0.303899,0.5525
Canosa di Puglia,Benevento,126,742,0.405832,-0.320071,0.535727
Bari,Brindisi,127,128,0.134614,-0.278965,0.172166
Bari,Taranto,127,476,0.136011,-0.266013,0.172192
Brindisi,Taranto,128,476,0.0509245,-0.214967,0.0618715
Igoumenitsa,Preveza,129,130,0.171844,-0.23735,0.212631
Igoumenitsa,Ioannina,129,477,0.249267,-0.29361,0.322454
Preveza,Rhion,130,131,0.175995,-0.17738,0.207213
Rhion,Patras,131,132,0.137938,-0.146947,0.158207
Rhion,Aigio,131,175,0.137938,-0.146947,0.158207
Patras,Pyrgos,132,133,0.0896643,-0.136843,0.101934
Pyrgos,Kalamata,133,134,0.0659308,-0.123337,0.0740625
Kalamata,Tripoli,134,177,0.0584608,-0.127779,0.0659308
Malmö,Helsingborg,135,299,0.230619,-0.304752,0.3009
Malmö,Kalmar,135,626,0.229282,-0.296549,0.297275
Goleniów,Szczecin,136,137,0.773843,-0.508316,1.1672
Goleniów,Koszalin,136,637,0.339953,-0.497696,0.509146
Szczecin,Gorzów Wielkopolski,137,138,0.812785,-0.515272,1.23159
Gorzów Wielkopolski,Świebodzin,138,139,0.963021,-0.517275,1.46117
Świebodzin,Zielona Góra,139,140,1.28053,-0.516542,1.94198
Świebodzin,Poznań,139,315,1.95939,-0.51964,2.97757
Zielona Góra,Legnica,140,141,1.28119,-0.516958,1.94352
Legnica,Jelenia Góra,141,142,1.1845,-0.511189,1.79001
Legnica,Görlitz,141,338,1.29521,-0.516912,1.96472
Legnica,Wrocław,141,339,1.97974,-0.512705,2.99476
Legnica,Cottbus,141,644,1.29694,-0.516785,1.96718
Jelenia Góra,Harrachov,142,143,0.528079,-0.497997,0.791061
Harrachov,Železný Brod,143,144,0.397621,-0.479291,0.588197
Železný Brod,Turnov,144,145,0.648315,-0.479741,0.959338
Turnov,Mladá Boleslav,145,146,0.651904,-0.497817,0.976434
Turnov,Hradec Králové,145,551,0.940739,-0.491308,1.40293
Turnov,Teplice,145,715,0.801153,-0.49692,1.19926
Jihlava,Brno,147,148,0.958156,-0.514723,1.45134
Jihlava,Vienna,147,410,1.49222,-0.527484,2.27934
Brno,Bratislava,148,149,1.3502,-0.517198,2.04852
Brno,Trenčín,148,373,1.31911,-0.514513,1.99782
Brno,Vienna,148,410,1.54758,-0.523977,2.35848
Brno,Olomouc,148,716,1.33497,-0.514534,2.02186
Bratislava,Rajka,149,150,1.48531,-0.515029,2.25028
Bratislava,Žilina,149,195,1.54251,-0.514568,2.33623
Bratislava,Győr,149,196,1.52966,-0.527004,2.3358
Bratislava,Vienna,149,410,2.20874,-0.51745,3.35165
Bratislava,Zvolen,149,568,2.04162,-0.515907,3.0949
Bratislava,Dunajská Streda,149,724,1.26899,-0.516659,1.92463
Rajka,Csorna,150,151,0.599144,-0.509717,0.904538
Csorna,Szombathely,151,152,0.323767,-0.489719,0.482322
Szombathely,Zalaegerszeg,152,153,0.365501,-0.488761,0.544144
Zalaegerszeg,Nagykanizsa,153,154,0.76452,-0.491469,1.14026
Nagykanizsa,Letenye,154,155,0.479746,-0.495861,0.717634
Nagykanizsa,Zagreb,154,156,1.20532,-0.484088,1.78879
Nagykanizsa,Balatonvilágos,154,553,1.38045,-0.509057,2.08317
Letenye,Zagreb,155,156,0.725569,-0.476304,1.07116
Zagreb,Karlovac,156,157,1.11105,-0.46666,1.62953
Zagreb,Ljubljana,156,454,1.02966,-0.471982,1.51565
Zagreb,Slavonski Brod,156,455,1.47242,-0.468932,2.16288
Zagreb,Maribor,156,535,1.12877,-0.481992,1.67283
Karlovac,Rijeka,157,158,0.532432,-0.451112,0.772619
Karlovac,Knin,157,554,0.435232,-0.444441,0.628667
Rijeka,Split,158,159,0.403958,-0.430487,0.577856
Rijeka,Trieste,158,452,0.90005,-0.459492,1.31362
Split,Dubrovnik,159,160,0.398287,-0.385375,0.551776
Split,Knin,159,554,0.306757,-0.414488,0.433905
Dubrovnik,Petrovac,160,161,0.154659,-0.376162,0.212836
Dubrovnik,Podgorica,160,162,0.391668,-0.378835,0.540046
Petrovac,Podgorica,161,162,0.283279,-0.381211,0.391268
Petrovac,Prizren,161,744,0.240222,-0.391212,0.3342
Podgorica,Bijelo Polje,162,163,0.421053,-0.38691,0.583962
Podgorica,Pristina,162,164,0.537558,-0.403694,0.754567
Podgorica,Sarajevo,162,737,0.755511,-0.378221,1.04126
Bijelo Polje,Pristina,163,164,0.528772,-0.411001,0.746097
Bijelo Polje,Nova Varoš,163,740,0.567405,-0.409007,0.799478
Pristina,Skopje,164,165,0.733496,-0.405318,1.03079
Pristina,Niš,164,202,1.21121,-0.434019,1.73689
Pristina,Prizren,164,744,0.437521,-0.410105,0.616951
Skopje,Kičevo,165,166,0.547205,-0.39111,0.761223
Skopje,Kumanovo,165,203,0.66952,-0.422122,0.952139
Skopje,Veles,165,204,0.587501,-0.397211,0.820863
Kičevo,Ohrid,166,167,0.253585,-0.368535,0.34704
Ohrid,Bitola,167,168,0.146874,-0.339338,0.196714
Bitola,Niki,168,169,0.139842,-0.324511,0.185223
Niki,Vevi,169,170,0.223572,-0.342281,0.300096
Vevi,Kozani,170,171,0.46035,-0.360634,0.626367
Kozani,Larissa,171,172,0.307353,-0.364981,0.419531
Kozani,Thessaloniki,171,207,0.896793,-0.392614,1.24889
Kozani,Ioannina,171,477,0.393829,-0.3552,0.533718
Larissa,Domokos,172,173,0.140177,-0.359375,0.190554
Larissa,Lamia,172,174,0.140177,-0.359375,0.190554
Larissa,Katerini,172,208,0.362598,-0.384374,0.501971
Larissa,Trikala,172,687,0.212662,-0.344682,0.285963
Domokos,Lamia,173,174,6.6718e-05,-0.441292,3.3359e-05
Aigio,Corinth,175,176,0.0896643,-0.136843,0.101934
Corinth,Tripoli,176,177,0.0659308,-0.123337,0.0740625
Varangerbotn,Utsjoki,178,179,0.198895,-0.25256,0.249127
Varangerbotn,Kirkenes,178,243,0.244851,-0.338168,0.327652
Varangerbotn,Karasjok,178,502,0.186017,-0.24439,0.231478
Utsjoki,Inari,179,180,0.144711,-0.238598,0.179239
Inari,Ivalo,180,181,0.159583,-0.251298,0.199686
Ivalo,Sodankylä,181,182,0.254662,-0.271107,0.323702
Sodankylä,Rovaniemi,182,183,0.359172,-0.296251,0.465577
Sodankylä,Kemijärvi,182,539,0.245228,-0.270787,0.311633
Rovaniemi,Kemi,183,184,0.47817,-0.316007,0.629275
Kemi,Oulu,184,185,0.644073,-0.320677,0.850612
Kemi,Tornio,184,614,0.465909,-0.324619,0.617152
Oulu,Jyväskylä,185,186,0.5524,-0.312434,0.724988
Oulu,Kokkola,185,615,0.411286,-0.315341,0.540981
Jyväskylä,Heinola,186,187,0.456149,-0.306932,0.596155
Jyväskylä,Kuopio,186,544,0.453697,-0.303541,0.591413
Jyväskylä,Tampere,186,545,0.460506,-0.307399,0.602066
Heinola,Lahti,187,188,0.302522,-0.306523,0.395252
Lahti,Helsinki,188,189,0.334356,-0.317338,0.440459
Helsinki,Hämeenlinna,189,618,0.360896,-0.316581,0.475149
Helsinki,Kotka,189,621,0.339521,-0.368317,0.464572
Gdańsk,Świecie,190,191,1.44732,-0.517704,2.1966
Gdańsk,Kaliningrad,190,563,1.1012,-0.504328,1.65656
Gdańsk,Elbląg,190,564,1.20782,-0.518334,1.83388
Gdańsk,Gdynia,190,639,0.900445,-0.505495,1.35562
Świecie,Łódź,191,192,1.05089,-0.515895,1.59305
Świecie,Poznań,191,315,1.37277,-0.519012,2.08525
Łódź,Piotrków Trybunalski,192,193,1.1909,-0.516498,1.80599
Piotrków Trybunalski,Katowice,193,194,1.4591,-0.508509,2.20107
Piotrków Trybunalski,Warsaw,193,316,1.92107,-0.522038,2.92395
Piotrków Trybunalski,Wrocław,193,339,1.48894,-0.510614,2.24922
Katowice,Žilina,194,195,1.27753,-0.504669,1.92226
Katowice,Zabrze,194,342,1.13027,-0.498866,1.69412
Katowice,Kraków,194,343,1.69248,-0.505947,2.54878
Katowice,Český Těšín,194,717,0.890495,-0.501489,1.33707
Žilina,Olomouc,195,716,0.776322,-0.505911,1.16907
Győr,Budapest,196,197,2.20869,-0.522873,3.36356
Győr,Vámosszabadi,196,726,0.965156,-0.523419,1.47034
Budapest,Szeged,197,198,2.64575,-0.522438,4.02799
Budapest,Mosonmagyaróvár,197,412,2.31837,-0.533414,3.55502
Budapest,Szolnok,197,413,2.43864,-0.533412,3.73945
Budapest,Miskolc,197,552,2.3255,-0.530302,3.55872
Budapest,Balatonvilágos,197,553,2.25133,-0.51951,3.42092
Budapest,Szekszárd,197,555,1.97913,-0.521183,3.01063
Budapest,Zvolen,197,568,2.16287,-0.524445,3.29717
Szeged,Subotica,198,199,1.68632,-0.507391,2.54195
Szeged,Arad,198,684,2.32955,-0.51431,3.52766
Subotica,Novi Sad,199,200,1.25482,-0.495339,1.87637
Subotica,Sombor,199,735,0.975419,-0.493371,1.45666
Novi Sad,Belgrade,200,201,1.55998,-0.47972,2.30834
Belgrade,Niš,201,202,1.58989,-0.462835,2.32574
Belgrade,Slavonski Brod,201,455,1.61069,-0.448062,2.33238
Belgrade,Vršac,201,456,1.39697,-0.478693,2.06569
Belgrade,Čačak,201,739,1.46712,-0.451863,2.13006
Niš,Kumanovo,202,203,0.780741,-0.451614,1.13333
Niš,Drobeta-Turnu Severin,202,458,1.60346,-0.473535,2.36275
Niš,Sofia,202,468,1.46727,-0.446081,2.12179
Kumanovo,Kyustendil,203,745,0.567038,-0.439488,0.816245
Veles,Gevgelija,204,205,0.372864,-0.396267,0.520618
Gevgelija,Evzoni,205,206,0.453735,-0.403521,0.636827
Evzoni,Thessaloniki,206,207,0.900791,-0.405249,1.26583
Thessaloniki,Katerini,207,208,0.625832,-0.401648,0.877196
Thessaloniki,Alexandroupoli,207,233,1.33421,-0.404488,1.87389
Thessaloniki,Serres,207,577,0.986812,-0.411954,1.39333
Klaipėda,Kaunas,209,210,1.28966,-0.531446,1.97504
Klaipėda,Palanga,209,704,0.760069,-0.525482,1.15947
Kaunas,Vilnius,210,211,1.3905,-0.541837,2.14392
Kaunas,Warsaw,210,316,2.92292,-0.531742,4.47716
Kaunas,Riga,210,547,1.7591,-0.543661,2.71545
Kaunas,Ukmergė,210,701,1.18018,-0.53651,1.81336
Vilnius,Lida,211,212,1.24992,-0.538232,1.92266
Vilnius,Minsk,211,318,2.44483,-0.557624,3.80812
Vilnius,Marijampolė,211,641,1.32672,-0.53627,2.0382
Vilnius,Ukmergė,211,701,1.30393,-0.539714,2.00767
Lida,Slonim,212,213,0.508988,-0.524036,0.775717
Slonim,Kobryn,213,214,0.301515,-0.493649,0.450358
Kobryn,Dubno,214,215,0.391727,-0.490815,0.583993
Dubno,Ternopil,215,216,0.866471,-0.499768,1.2995
Ternopil,Chernivtsi,216,217,0.999132,-0.506872,1.50556
Ternopil,Stryj,216,379,1.3884,-0.518372,2.1081
Ternopil,Khmelnytskyi,216,380,1.16057,-0.507322,1.74935
Chernivtsi,Siret,217,218,0.803845,-0.514569,1.21748
Siret,Suceava,218,219,1.43582,-0.520959,2.18383
Suceava,Roman,219,220,1.55138,-0.512379,2.34628
Suceava,Halmeu,219,578,2.25642,-0.524121,3.43905
Suceava,Iaşi,219,670,1.884,-0.522302,2.86802
Roman,Urziceni,220,221,1.12874,-0.478678,1.66905
Urziceni,Bucharest,221,222,1.18292,-0.440611,1.70412
Urziceni,Slobozia,221,421,0.932781,-0.439498,1.34274
Bucharest,Giurgiu,222,223,0.941885,-0.400924,1.31951
Bucharest,Ploieşti,222,420,0.684469,-0.421422,0.97292
Bucharest,Constanţa,222,423,1.1346,-0.409149,1.59882
Bucharest,Alexandria,222,460,0.744181,-0.43274,1.06622
Bucharest,Piteşti,222,583,0.814564,-0.429588,1.16449
Giurgiu,Ruse,223,224,0.616254,-0.381255,0.851205
Ruse,Byala,224,225,0.434298,-0.358733,0.590095
Ruse,Razgrad,224,461,0.39836,-0.359919,0.541738
Byala,Veliko Tarnovo,225,226,0.387498,-0.34938,0.522882
Byala,Pleven,225,584,0.34357,-0.357029,0.466234
Veliko Tarnovo,Stara Zagora,226,227,0.441057,-0.347147,0.594168
Veliko Tarnovo,Shumen,226,462,0.424803,-0.345268,0.571473
Stara Zagora,Haskovo,227,228,0.313314,-0.32852,0.416243
Stara Zagora,Burgas,227,590,0.403147,-0.341226,0.540712
Haskovo,Svilengrad,228,229,0.165246,-0.321994,0.218454
Svilengrad,Ormenio,229,230,0.123594,-0.331581,0.164576
Ormenio,Kastanies,230,231,0.163906,-0.375285,0.225418
Kastanies,Didymoteicho,231,232,0.327241,-0.396827,0.457099
Didymoteicho,Alexandroupoli,232,233,0.750292,-0.40281,1.05252
Alexandroupoli,Gelibolu,233,478,0.957331,-0.398455,1.33878
Saint Petersburg,Pskov,234,235,2.23097,-0.581957,3.5293
Saint Petersburg,Moscow,234,239,4.19126,-0.590697,6.66702
Saint Petersburg,Petrozavodsk,234,245,1.83607,-0.579038,2.89923
Saint Petersburg,Narva,234,304,1.75161,-0.577066,2.7624
Saint Petersburg,Vyborg,234,623,1.83989,-0.579336,2.9058
Pskov,Gomel,235,236,2.7881,-0.594739,4.44629
Pskov,Riga,235,547,2.11189,-0.568945,3.31343
Gomel,Kiev,236,237,3.92479,-0.597299,6.26906
Gomel,Babruysk,236,703,2.28312,-0.601017,3.65532
Kiev,Odessa,237,238,3.63565,-0.558769,5.66714
Kiev,Hlukhiv,237,242,3.53529,-0.592093,5.62851
Kiev,Kharkiv,237,247,3.59757,-0.597343,5.74655
Kiev,Rivne,237,348,2.63499,-0.589158,4.18742
Kiev,Zhytomyr,237,349,2.29406,-0.567515,3.59597
Odessa,Izmail,238,586,1.53885,-0.524367,2.34577
Odessa,Chişinău,238,672,1.9714,-0.500796,2.95866
Odessa,Mykolaiv,238,673,1.78488,-0.522713,2.71786
Moscow,Kaluga,239,240,2.69157,-0.603189,4.31509
Moscow,Orel,239,246,3.04459,-0.597951,4.8651
Moscow,Voronezh,239,248,3.95713,-0.591469,6.29765
Moscow,Tambov,239,256,2.83632,-0.596549,4.52833
Moscow,Smolensk,239,319,3.20695,-0.589014,5.09589
Moscow,Ryazan,239,320,2.91349,-0.583111,4.61237
Moscow,Velikiye Luki,239,628,2.78695,-0.588821,4.42797
Moscow,Vladimir,239,629,2.7912,-0.59777,4.45969
Kaluga,Bryansk,240,241,1.37093,-0.611161,2.2088
Bryansk,Hlukhiv,241,242,1.72603,-0.610702,2.78011
Hlukhiv,Kursk,242,645,1.88564,-0.607493,3.03115
Kirkenes,Murmansk,243,244,0.317079,-0.47626,0.46809
Murmansk,Petrozavodsk,244,245,0.69133,-0.557254,1.07658
Orel,Kharkiv,246,247,2.27283,-0.598716,3.63361
Kharkiv,Luhansk,247,350,1.84437,-0.597545,2.94647
Voronezh,Novorossiysk,248,249,2.34152,-0.580064,3.69975
Voronezh,Kursk,248,645,1.92621,-0.600176,3.08228
Voronezh,Saratov,248,646,2.31342,-0.579157,3.65326
Novorossiysk,Dzhankoy,249,601,1.07605,-0.550918,1.66887
Novorossiysk,Sochi,249,602,0.948729,-0.556523,1.47672
Mineralnye Vody,Nalchik,250,251,0.515126,-0.368862,0.705136
Mineralnye Vody,Makhachkala,250,260,0.911285,-0.387705,1.26459
Mineralnye Vody,Armavir,250,387,0.582913,-0.371497,0.799464
Nalchik,Vladikavkaz,251,252,0.242432,-0.353462,0.328123
Vladikavkaz,Stepantsminda,252,253,0.141119,-0.301477,0.183663
Stepantsminda,Mtskheta,253,254,0.124895,-0.232565,0.153941
Mtskheta,Tbilisi,254,255,0.166762,-0.181584,0.197044
Tbilisi,Gori,255,428,0.158531,-0.163962,0.184525
Tbilisi,Rustavi,255,429,0.161876,-0.176088,0.190381
Tambov,Povorino,256,257,1.26871,-0.592054,2.01985
Povorino,Volgograd,257,258,1.20337,-0.571821,1.89149
Volgograd,Astrakhan,258,259,1.80516,-0.541674,2.78297
Volgograd,Luhansk,258,350,1.36455,-0.57741,2.15246
Astrakhan,Makhachkala,259,260,1.66796,-0.493817,2.49162
Astrakhan,Atyrau,259,265,2.30787,-0.524516,3.51839
Makhachkala,Kuba,260,261,0.782592,-0.41414,1.10669
Kuba,Baku,261,262,0.334929,-0.403645,0.470122
Baku,Yevlakh,262,431,0.157652,-0.389888,0.219118
Samara,Oral,263,264,2.38843,-0.549478,3.70081
Samara,Penza,263,321,1.49434,-0.552434,2.31987
Samara,Ufa,263,322,1.73762,-0.507661,2.61975
Oral,Atyrau,264,265,2.72331,-0.542778,4.20146
Oral,Saratov,264,646,2.15811,-0.567175,3.38213
Oral,Aktobe,264,647,1.63184,-0.558003,2.54241
Atyrau,Beineu,265,266,1.43648,-0.477733,2.12274
Atyrau,Beyneu,265,351,1.43648,-0.477733,2.12274
Beineu,Shetpe,266,267,0.552448,-0.49824,0.827699
Shetpe,Zhetybai,267,268,0.218916,-0.500032,0.328381
Zhetybai,Fetisovo,268,269,0.104314,-0.418296,0.147948
Fetisovo,Bekdash,269,270,0.0769796,-0.303877,0.100372
Bekdash,Türkmenbaşy,270,271,0.09643,-0.260602,0.12156
Türkmenbaşy,Gyzylarbat,271,272,0.16614,-0.266184,0.210364
Gyzylarbat,Ashgabat,272,432,0.324298,-0.279542,0.414953
Chelyabinsk,Kostanay,273,274,0.602692,-0.418584,0.85497
Chelyabinsk,Ufa,273,322,1.09889,-0.439598,1.58196
Chelyabinsk,Kurgan,273,323,0.723367,-0.412933,1.02207
Kostanay,Esil,274,275,0.294202,-0.414599,0.416178
Esil,Derzhavinsk,275,276,0.229663,-0.414134,0.324775
Derzhavinsk,Arkalyk,276,277,0.355347,-0.427788,0.507361
Arkalyk,Jezkazgan,277,278,0.785059,-0.428401,1.12138
Jezkazgan,Kyzylorda,278,279,1.22263,-0.432583,1.75152
Jezkazgan,Karaganda,278,286,1.21595,-0.421029,1.72791
Kyzylorda,Shymkent,279,280,1.23529,-0.429748,1.76615
Kyzylorda,Novokazalinsk,279,650,0.795627,-0.439588,1.14538
Shymkent,Tashkent,280,281,1.11432,-0.416924,1.5789
Shymkent,Zhambyl,280,359,0.930592,-0.414429,1.31626
Tashkent,Ayni,281,282,0.508347,-0.385547,0.704339
Tashkent,Jizzakh,281,358,0.595491,-0.399035,0.833112
Tashkent,Kokand,281,689,0.466741,-0.405837,0.656162
Ayni,Dushanbe,282,283,0.58689,-0.330977,0.781137
Ayni,Kokand,282,689,0.253383,-0.354004,0.343082
Dushanbe,Termez,283,440,0.417302,-0.305328,0.544717
Dushanbe,Jirgatal,283,441,0.40923,-0.308345,0.535414
Dushanbe,Kulob,283,692,0.304224,-0.306043,0.397329
Ishim,Astana,284,285,0.549764,-0.394477,0.766633
Ishim,Omsk,284,291,0.549764,-0.394477,0.766633
Ishim,Kurgan,284,323,0.668624,-0.396571,0.933781
Ishim,Tyumen,284,635,0.520238,-0.388682,0.722445
Astana,Karaganda,285,286,0.636816,-0.405114,0.894799
Karaganda,Balkhash,286,287,0.797082,-0.407842,1.12216
Karaganda,Pavlodar,286,292,0.774218,-0.402194,1.0856
Balkhash,Burubaytal,287,288,0.532294,-0.398978,0.744668
Burubaytal,Almaty,288,289,0.692254,-0.387758,0.960682
Almaty,Bishkek,289,290,1.08109,-0.393351,1.50634
Almaty,Sary-Ozek,289,360,0.556967,-0.37192,0.764114
Almaty,Kokpek,289,695,0.447826,-0.377743,0.616989
Bishkek,Zhambyl,290,359,0.90605,-0.40504,1.27304
Bishkek,Osh,290,691,0.988817,-0.398282,1.38264
Omsk,Pavlodar,291,292,0.466635,-0.392085,0.649595
Pavlodar,Semey,292,293,0.418622,-0.383554,0.579187
Semey,Georgiyevka,293,294,0.191598,-0.359746,0.260524
Georgiyevka,Ayagoz,294,364,0.102426,-0.302823,0.133444
Narvik,Kiruna,295,296,0.0932303,-0.254601,0.116967
Narvik,Setermoen,295,498,0.0588297,-0.201379,0.0706767
Kiruna,Töre,296,297,0.175104,-0.301356,0.227873
Töre,Luleå,297,298,0.362515,-0.321581,0.479093
Luleå,Umeå,298,612,0.580347,-0.335458,0.775029
Luleå,Haparanda,298,613,0.413018,-0.328133,0.548543
Helsingborg,Halmstad,299,300,0.452394,-0.32483,0.599345
Helsingborg,Jönköping,299,605,0.313954,-0.302968,0.409072
Örebro,Stockholm,301,302,0.743486,-0.361374,1.01216
Örebro,Karlstad,301,620,0.44579,-0.35599,0.604486
Stockholm,Södertälje,302,608,0.563756,-0.355753,0.764315
Stockholm,Uppsala,302,609,0.645038,-0.366182,0.881239
Tallinn,Narva,303,304,1.01613,-0.566964,1.59225
Tallinn,Riga,303,547,1.43288,-0.558741,2.2335
Colchester,Ipswich,305,306,0.0333156,0,0.0333156
Ipswich,Cambridge,306,636,0.0333156,0,0.0333156
The Hague,Gouda,307,308,0.39817,-0.462234,0.582217
Amersfoort,Oldenzaal,309,310,0.60036,-0.487172,0.892838
Amersfoort,Hoogeveen,309,698,0.551315,-0.498812,0.826318
Oldenzaal,Osnabrück,310,311,0.488714,-0.499818,0.732983
Osnabrück,Bad Oeynhausen,311,312,0.865606,-0.519184,1.31502
Bad Oeynhausen,Dortmund,312,508,1.43701,-0.531411,2.20066
Braunschweig,Magdeburg,313,314,1.23573,-0.519154,1.87727
Magdeburg,Halle,314,518,1.32857,-0.518248,2.0171
Poznań,Warsaw,315,316,2.23031,-0.525042,3.40131
Poznań,Wrocław,315,339,1.42014,-0.515344,2.152
Warsaw,Elbląg,316,564,1.7308,-0.526125,2.64142
Warsaw,Radom,316,565,2.06192,-0.523488,3.14131
Warsaw,Lublin,316,713,2.3355,-0.531772,3.57745
Brest,Rennes,317,365,0.386852,-0.457084,0.563676
Brest,Lorient,317,388,0.230224,-0.431229,0.329503
Minsk,Smolensk,318,319,2.36191,-0.575081,3.7202
Minsk,Babruysk,318,703,2.07433,-0.586986,3.29194
Ryazan,Penza,320,321,1.39093,-0.584493,2.20391
Ufa,Yelabuga,322,632,1.13995,-0.441553,1.6433
Bruges,Ghent,324,325,1.29249,-0.542655,1.99387
Bruges,Zeebrugge,324,642,1.38463,-0.552963,2.15028
Ghent,Brussels,325,326,1.76012,-0.539077,2.70896
Brussels,Leuven,326,327,2.18789,-0.536724,3.36218
Leuven,Hasselt,327,708,1.38988,-0.537497,2.13694
Eupen,Aachen,328,329,1.66322,-0.532966,2.54967
Eupen,St. Vith,328,653,0.848196,-0.530079,1.29781
Aachen,Heerlen,329,709,1.31216,-0.534144,2.01304
Olpe,Wetzlar,330,331,1.59354,-0.538199,2.45119
Wetzlar,Gießen,331,332,1.52238,-0.545306,2.35254
Wetzlar,Dortmund,331,508,2.22013,-0.541152,3.42156
Wetzlar,Aschaffenburg,331,509,1.63077,-0.548696,2.52556
Wetzlar,Koblenz,331,660,1.5888,-0.546564,2.45718
Gießen,Bad Hersfeld,332,333,0.929613,-0.544016,1.43534
Bad Hersfeld,Eisenach,333,334,0.459306,-0.529546,0.702529
Eisenach,Erfurt,334,335,0.475446,-0.512231,0.718984
Erfurt,Gera,335,336,0.978662,-0.509834,1.47762
Gera,Chemnitz,336,337,1.463,-0.513418,2.21413
Gera,Leipzig,336,526,1.47953,-0.51323,2.23887
Gera,Hirschberg,336,527,1.03839,-0.5111,1.56911
Chemnitz,Plauen,337,519,1.38281,-0.513477,2.09285
Wrocław,Opole,339,340,1.2458,-0.504683,1.87453
Wrocław,Kłodzko,339,548,1.26301,-0.50586,1.90191
Opole,Gliwice,340,341,0.610168,-0.497972,0.914015
Gliwice,Zabrze,341,342,0.582235,-0.494615,0.870217
Kraków,Rzeszów,343,344,0.81306,-0.490519,1.21188
Kraków,Radom,343,565,0.901758,-0.5123,1.36373
Kraków,Trstená,343,566,1.00722,-0.503318,1.51417
Rzeszów,Jarosław,344,345,0.723102,-0.493365,1.07985
Rzeszów,Radom,344,565,0.766417,-0.50391,1.15262
Rzeszów,Barwinek,344,710,0.611667,-0.47485,0.902118
Jarosław,Korczowa,345,346,0.702586,-0.52504,1.07147
Korczowa,Lviv,346,347,1.41984,-0.545872,2.19489
Lviv,Rivne,347,348,1.69408,-0.565264,2.65168
Lviv,Mukachevo,347,378,2.79647,-0.544985,4.3205
Lviv,Lublin,347,713,1.46401,-0.536274,2.24913
Rivne,Zhytomyr,348,349,1.00627,-0.562944,1.57274
Rivne,Kovel,348,714,0.982052,-0.568233,1.54009
Zhytomyr,Vinnytsia,349,381,1.8008,-0.54308,2.77878
Beyneu,Qo‘ng‘irot,351,352,0.616839,-0.462625,0.902205
Qo‘ng‘irot,Nukus,352,353,0.367926,-0.430735,0.526405
Nukus,Daşoguz,353,354,0.43597,-0.338117,0.583379
Daşoguz,Bukhara,354,355,0.430269,-0.299725,0.559232
Daşoguz,Ashgabat,354,432,0.499516,-0.294678,0.646713
Daşoguz,Uchkuduk,354,688,0.23191,-0.306718,0.30304
Bukhara,Navoiy,355,356,0.463514,-0.30692,0.605776
Bukhara,Alat,355,436,0.442531,-0.29647,0.573728
Bukhara,Karshi,355,437,0.44481,-0.297056,0.576944
Bukhara,Uchkuduk,355,688,0.276675,-0.299647,0.35958
Navoiy,Samarkand,356,357,0.295729,-0.331103,0.393645
Samarkand,Jizzakh,357,358,0.323776,-0.376289,0.44561
Sary-Ozek,Taldykorgan,360,361,0.299451,-0.338432,0.400795
Sary-Ozek,Koktal,360,697,0.27312,-0.350621,0.368881
Taldykorgan,Ucharal,361,362,0.148383,-0.308423,0.194147
Ucharal,Taskesken,362,363,0.0888429,-0.258805,0.111836
Taskesken,Ayagoz,363,364,0.0752891,-0.270232,0.0956346
Rennes,Le Mans,365,366,0.897128,-0.47659,1.32469
Le Mans,Angers,366,391,0.726681,-0.478255,1.07422
Le Mans,Tours,366,392,0.845033,-0.494359,1.26278
Le Mans,Rouen,366,662,1.21916,-0.501385,1.83043
Reims,Charleroi,367,651,1.39555,-0.532789,2.13909
Reims,Charleville-Mézières,367,658,1.27973,-0.534125,1.96326
Reims,Rouen,367,662,1.5687,-0.522376,2.38815
Saarbrücken,Mannheim,368,369,2.17681,-0.550643,3.37546
Saarbrücken,Trier,368,659,1.14279,-0.550322,1.7717
Mannheim,Heilbronn,369,370,2.0201,-0.555347,3.14196
Rozvadov,Plzeň,371,372,1.88176,-0.536484,2.89129
Plzeň,Karlovy Vary,372,523,1.36344,-0.525654,2.08014
Plzeň,České Budějovice,372,524,1.55396,-0.535805,2.38658
Plzeň,Bayerisch Eisenstein,372,530,1.57069,-0.536956,2.41409
Trenčín,Prešov,373,374,1.1278,-0.512831,1.70617
Prešov,Košice,374,375,1.71714,-0.522114,2.61368
Prešov,Svidník,374,712,0.858797,-0.507348,1.29451
Košice,Vyšné Nemecké,375,376,0.857905,-0.530984,1.31344
Košice,Uzhhorod,375,377,1.63018,-0.536019,2.504
Košice,Miskolc,375,552,1.58851,-0.531251,2.43241
Košice,Zvolen,375,568,1.67416,-0.525137,2.55333
Vyšné Nemecké,Uzhhorod,376,377,0.77228,-0.541613,1.19056
Uzhhorod,Mukachevo,377,378,2.61512,-0.525646,3.98975
Uzhhorod,Chop,377,723,1.2892,-0.545317,1.99223
Mukachevo,Stryj,378,379,2.00893,-0.530072,3.0738
Mukachevo,Halmeu,378,578,2.4871,-0.531525,3.80905
Khmelnytskyi,Vinnytsia,380,381,1.29141,-0.516808,1.95882
Vinnytsia,Uman,381,382,1.28005,-0.516553,1.94126
Vinnytsia,Mohyliv-Podilskyi,381,728,1.14189,-0.521909,1.73785
Uman,Kirovohrad,382,383,1.12545,-0.501517,1.68988
Kirovohrad,Dnipropetrovsk,383,384,0.881354,-0.487445,1.31097
Kirovohrad,Chişinău,383,672,1.70549,-0.497913,2.55467
Dnipropetrovsk,Donetsk,384,385,0.440856,-0.45387,0.640947
Donetsk,Rostov-on-Don,385,386,0.40054,-0.400578,0.560987
Rostov-on-Don,Armavir,386,387,0.453682,-0.373556,0.623158
Rostov-on-Don,Taganrog,386,675,0.367724,-0.388293,0.510509
Lorient,Vannes,388,389,0.272154,-0.439753,0.391835
Vannes,Nantes,389,390,0.553445,-0.459717,0.807874
Nantes,Angers,390,391,0.770814,-0.463389,1.128
Nantes,Poitiers,390,676,0.967853,-0.492595,1.44461
Angers,Tours,391,392,0.629793,-0.48019,0.932213
Tours,Vierzon,392,503,0.831796,-0.488679,1.23828
Montargis,Auxerre,393,394,1.11915,-0.53765,1.72086
Auxerre,Beaune,394,395,1.91265,-0.54934,2.96334
Beaune,Dole,395,396,1.85204,-0.551179,2.87284
Beaune,Antwerp,395,505,3.10856,-0.551688,4.82352
Dole,Besançon,396,397,0.938149,-0.550845,1.45492
Besançon,Belfort,397,398,1.05781,-0.540648,1.62971
Zürich,Winterthur,399,400,1.29919,-0.506191,1.95683
Winterthur,St. Gallen,400,401,0.939802,-0.500209,1.4099
Winterthur,Schaffhausen,400,511,1.10781,-0.521743,1.6858
St. Gallen,St. Margrethen,401,402,0.901864,-0.493879,1.34727
St. Margrethen,Bregenz,402,403,1.46073,-0.505725,2.19945
St. Margrethen,Buchs,402,514,0.720464,-0.485441,1.07021
Bregenz,Feldkirch,403,748,1.42882,-0.505857,2.15159
Bregenz,Lindau,403,513,2.08649,-0.521892,3.17541
Feldkirch,Landeck,748,404,0.721911,-0.486122,1.07285
Feldkirch,Imst,748,406,0.756834,-0.485309,1.12413
Landeck,Telfs,404,405,0.538214,-0.47457,0.793634
Sattledt,Liezen,408,532,0.886151,-0.521231,1.34804
Sattledt,Wels,408,669,0.890327,-0.527221,1.35973
Sankt Pölten,Vienna,409,410,1.84389,-0.527462,2.81647
Vienna,Nickelsdorf,410,411,2.02747,-0.533042,3.10819
Vienna,Halámky,410,525,1.9262,-0.530078,2.94724
Vienna,Graz,410,534,2.73003,-0.513839,4.13282
Nickelsdorf,Mosonmagyaróvár,411,412,1.41144,-0.539509,2.17292
Szolnok,Püspökladány,413,414,1.73776,-0.537861,2.67244
Püspökladány,Oradea,414,415,2.32301,-0.529139,3.5522
Püspökladány,Nyíregyháza,414,722,1.2865,-0.541809,1.98354
Oradea,Cluj-Napoca,415,416,1.40402,-0.493409,2.09678
Oradea,Berettyóújfalu,415,570,1.66174,-0.522922,2.5307
Oradea,Beiuş,415,571,1.25928,-0.501212,1.89044
Oradea,Satu Mare,415,579,1.79209,-0.519935,2.72387
Oradea,Arad,415,684,2.17852,-0.515849,3.3023
Cluj-Napoca,Turda,416,417,0.914743,-0.474064,1.34839
Cluj-Napoca,Zalău,416,580,0.771857,-0.499676,1.15754
Turda,Târgu Mureş,417,418,0.469393,-0.449296,0.68029
Turda,Sebeş,417,581,0.485155,-0.450408,0.703673
Târgu Mureş,Braşov,418,419,0.390854,-0.435235,0.560967
Braşov,Ploieşti,419,420,0.407061,-0.429983,0.58209
Braşov,Sibiu,419,582,0.438471,-0.449762,0.635679
Braşov,Piteşti,419,583,0.335343,-0.44024,0.482974
Slobozia,Hârşova,421,422,0.690331,-0.434288,0.990134
Slobozia,Galaţi,421,588,0.971664,-0.446978,1.40598
Hârşova,Constanţa,422,423,0.793198,-0.42131,1.12738
Constanţa,Varna,423,463,0.988938,-0.386974,1.37163
Constanţa,Tulcea,423,589,0.793198,-0.42131,1.12738
Senaki,Samtredia,424,425,0.0519968,-0.203829,0.0625952
Senaki,Zugdidi,424,604,0.0742324,-0.349327,0.100164
Samtredia,Kutaisi,425,426,0.050958,-0.151285,0.0586672
Kutaisi,Khashuri,426,427,0.0653376,-0.133121,0.0740354
Khashuri,Gori,427,428,0.0971127,-0.152624,0.111935
Rustavi,Ganja,429,430,0.109941,-0.206034,0.132592
Ganja,Yevlakh,430,431,0.103308,-0.295126,0.133796
Ashgabat,Tejen,432,433,0.333983,-0.281692,0.428063
Tejen,Mary,433,434,0.195589,-0.283987,0.251134
Mary,Türkmenabat,434,435,0.168285,-0.281809,0.21571
Türkmenabat,Alat,435,436,0.23583,-0.295035,0.305408
Karshi,Guzar,437,438,0.241806,-0.298187,0.313909
Guzar,Sherobod,438,439,0.183007,-0.290704,0.236208
Sherobod,Termez,439,440,0.23061,-0.301567,0.300155
Jirgatal,Sary Tash,441,442,0.330564,-0.321574,0.436865
Jirgatal,Khorugh,441,694,0.240956,-0.301826,0.313682
Sary Tash,Irkeshtam,442,443,0.330085,-0.363154,0.449957
Irkeshtam,Osh,443,691,0.56935,-0.388276,0.790415
A Coruña,Bilbao,444,445,0.313044,-0.388587,0.434688
A Coruña,Pontevedra,444,481,0.164336,-0.378366,0.226515
Clermont-Ferrand,Montluçon,446,504,1.0602,-0.489633,1.57931
Chambéry,Susa,447,448,1.08902,-0.481342,1.61321
Chambéry,Marseille,447,736,0.763743,-0.495253,1.14199
Susa,Turin,448,449,0.895055,-0.450788,1.29854
Tortona,Brescia,450,451,0.559695,-0.439813,0.805855
Trieste,Postojna,452,453,0.474366,-0.465327,0.695101
Trieste,Ljubljana,452,454,0.852604,-0.469245,1.25268
Postojna,Ljubljana,453,454,0.557087,-0.473954,0.821121
Ljubljana,Maribor,454,535,0.887067,-0.483045,1.31556
Ljubljana,Naklo,454,538,1.28821,-0.482846,1.91021
Vršac,Timişoara,456,457,1.28271,-0.488579,1.90941
Timişoara,Drobeta-Turnu Severin,457,458,1.46466,-0.485081,2.17514
Timişoara,Arad,457,684,2.00227,-0.497482,2.99836
Drobeta-Turnu Severin,Craiova,458,459,1.53629,-0.476393,2.26817
Craiova,Alexandria,459,460,0.682351,-0.457269,0.994369
Craiova,Târgu Jiu,459,574,0.88244,-0.468264,1.29565
Craiova,Piteşti,459,583,0.856573,-0.460093,1.25068
Razgrad,Shumen,461,462,0.385659,-0.352868,0.521746
Shumen,Varna,462,463,0.543578,-0.360615,0.739601
Varna,Burgas,463,590,0.538116,-0.359831,0.731747
Lisbon,Valladolid,464,465,0.372109,-0.360338,0.506194
Lisbon,Porto,464,483,0.419274,-0.33638,0.560309
Lisbon,Albufeira,464,484,0.436607,-0.331608,0.581389
Toulouse,Nice,466,467,1.52009,-0.453954,2.21014
Nice,Cuneo,467,685,0.700449,-0.44604,1.01288
Sofia,Plovdiv,468,469,0.887408,-0.431929,1.2707
Sofia,Botevgrad,468,575,0.88124,-0.436952,1.2663
Sofia,Blagoevgrad,468,576,0.987376,-0.43836,1.4202
Sofia,Kyustendil,468,745,0.655211,-0.439209,0.942985
Plovdiv,Istanbul,469,470,0.412526,-0.400998,0.577949
Istanbul,İzmit,470,471,0.26849,-0.326458,0.356141
İzmit,Gerede,471,472,0.150423,-0.248382,0.187785
İzmit,Bursa,471,479,0.164964,-0.240014,0.204558
Gerede,Kızılcahamam,472,599,0.101834,-0.207897,0.123005
Mazara del Vallo,Palermo,473,474,0.0333156,0,0.0333156
Metaponto,Taranto,475,476,0.0928456,-0.203183,0.11171
Metaponto,Potenza,475,743,0.0678483,-0.156033,0.0784349
Ioannina,Trikala,477,687,0.191134,-0.322836,0.252839
Gelibolu,Keşan,478,596,0.485661,-0.384848,0.672567
Gelibolu,Ayvalık,478,597,0.488857,-0.383556,0.676361
Bursa,Ankara,479,480,0.125513,-0.200306,0.150654
Bursa,Balıkesir,479,746,0.147763,-0.203231,0.177793
Ankara,Kızılcahamam,480,599,0.0955872,-0.189211,0.113673
Pontevedra,Valença,481,482,0.139987,-0.339296,0.187484
Valença,Porto,482,483,0.210631,-0.327583,0.27963
Albufeira,Castro Marim,484,485,0.258701,-0.324873,0.342746
Castro Marim,Huelva,485,486,0.248886,-0.319337,0.328365
Cherbourg-Octeville,La Rochelle,487,488,0.198815,-0.45956,0.290182
Cherbourg-Octeville,Caen,487,661,0.37312,-0.486094,0.554491
La Rochelle,Saintes,488,730,0.207244,-0.44724,0.299932
Oslo,Hamar,489,490,0.350793,-0.341949,0.470747
Oslo,Askim,489,619,0.361555,-0.348695,0.487628
Hamar,Lillehammer,490,491,0.221646,-0.339679,0.296934
Lillehammer,Dombås,491,492,0.243075,-0.34423,0.326748
Dombås,Trondheim,492,493,0.431851,-0.352522,0.584088
Trondheim,Stjørdal,493,494,0.423912,-0.35149,0.572913
Stjørdal,Steinkjer,494,495,0.218077,-0.345963,0.293524
Steinkjer,Mosjøen,495,496,0.163136,-0.33084,0.217108
Mosjøen,Mo i Rana,496,497,0.216138,-0.337051,0.288988
Mo i Rana,Umeå,497,612,0.41484,-0.338943,0.555447
Setermoen,Alta,498,499,0.0481232,-0.136332,0.0546839
Alta,Olderfjord,499,500,0.0505382,-0.142262,0.0577278
Olderfjord,Lakselv,500,501,0.0673325,-0.155891,0.077829
Lakselv,Karasjok,501,502,0.10512,-0.205052,0.126675
Vierzon,Montluçon,503,504,0.634398,-0.491174,0.945997
Antwerp,Zeebrugge,505,642,2.00273,-0.553908,3.11206
Martigny,Sion,506,678,0.693128,-0.479351,1.02538
Bremen,Groningen,507,624,1.93227,-0.518819,2.93477
Stuttgart,Schaffhausen,510,511,1.50967,-0.546293,2.3344
Stuttgart,Ulm,510,512,1.35491,-0.550927,2.10137
Ulm,Lindau,512,513,1.26455,-0.541496,1.9493
Lindau,Waldshut,513,666,1.8188,-0.533002,2.78822
Buchs,Chur,514,515,0.325199,-0.448824,0.471155
Chur,San Bernardino,515,516,0.221847,-0.384151,0.30707
Halle,Plauen,518,519,1.28002,-0.514235,1.93825
Plauen,Schönberg,519,520,1.05722,-0.508307,1.59461
Plauen,Hof,519,528,1.37582,-0.511962,2.08019
Schönberg,Vojtanov,520,521,0.641291,-0.502732,0.963689
Vojtanov,Cheb,521,522,0.870157,-0.502772,1.30765
Cheb,Karlovy Vary,522,523,1.41107,-0.507752,2.12755
Cheb,Marktredwitz,522,663,1.11485,-0.509917,1.68334
Karlovy Vary,Teplice,523,715,0.877468,-0.5067,1.32208
České Budějovice,Halámky,524,525,1.13292,-0.535921,1.74008
Hirschberg,Hof,527,528,1.0596,-0.512515,1.60266
Hof,Bayreuth,528,529,1.65878,-0.516349,2.51529
Bayreuth,Marktredwitz,529,663,1.47423,-0.519261,2.23975
Bayerisch Eisenstein,Deggendorf,530,531,1.18459,-0.540436,1.82479
Liezen,Sankt Michael,532,533,0.770769,-0.517868,1.16993
Sankt Michael,Graz,533,534,1.4537,-0.510962,2.19649
Graz,Maribor,534,535,1.33494,-0.500708,2.00335
Graz,Spielfeld,534,536,0.955462,-0.508025,1.44086
Graz,Klagenfurt,534,683,1.85453,-0.500825,2.78333
Maribor,Spielfeld,535,536,0.498569,-0.489915,0.742825
Karavanke Tunnel,Naklo,537,538,0.978663,-0.498735,1.46676
Naklo,Loiblpass,538,734,0.95263,-0.497659,1.42672
Kemijärvi,Posio,539,540,0.132301,-0.256409,0.166224
Posio,Kuusamo,540,541,0.0872202,-0.232679,0.107515
Kuusamo,Kajaani,541,542,0.082728,-0.250596,0.103459
Kajaani,Iisalmi,542,543,0.119698,-0.270601,0.152089
Iisalmi,Kuopio,543,544,0.221449,-0.294641,0.286698
Tampere,Turku,545,546,0.226652,-0.303345,0.295406
Tampere,Vaasa,545,616,0.307127,-0.30867,0.401928
Tampere,Hämeenlinna,545,618,0.380749,-0.305126,0.496926
Turku,Pori,546,617,0.157465,-0.300469,0.204779
Riga,Šiauliai,547,561,1.6043,-0.536283,2.46465
Riga,Rēzekne,547,627,1.58087,-0.551326,2.45244
Kłodzko,Kudowa-Zdrój,548,549,0.592172,-0.496756,0.886337
Kudowa-Zdrój,Náchod,549,550,0.509668,-0.48737,0.758066
Náchod,Hradec Králové,550,551,0.92396,-0.492586,1.37909
Hradec Králové,Olomouc,551,716,1.23681,-0.503687,1.85977
Miskolc,Debrecen,552,569,1.30616,-0.536061,2.00634
Szekszárd,Mohács,555,556,0.848615,-0.511548,1.28272
Mohács,Osijek,556,557,0.58631,-0.480731,0.868167
Osijek,Đakovo,557,558,0.410997,-0.444136,0.593535
Osijek,Sombor,557,735,0.627427,-0.473823,0.924717
Đakovo,Šamac,558,559,0.240914,-0.401026,0.337527
Šamac,Zenica,559,560,0.264056,-0.371976,0.362279
Zenica,Sarajevo,560,737,0.483644,-0.375467,0.665236
Šiauliai,Tolpaki,561,562,1.41079,-0.509061,2.12897
Šiauliai,Palanga,561,704,1.02928,-0.524499,1.56914
Šiauliai,Panevėžys,561,705,1.05695,-0.525442,1.61231
Tolpaki,Kaliningrad,562,563,0.984731,-0.498119,1.47524
Tolpaki,Nesterov,562,640,0.870783,-0.499787,1.30599
Trstená,Ružomberok,566,567,0.821083,-0.514205,1.24329
Ružomberok,Zvolen,567,568,1.47936,-0.52096,2.25004
Debrecen,Berettyóújfalu,569,570,0.967943,-0.533096,1.48395
Beiuş,Deva,571,572,0.925137,-0.496999,1.38493
Deva,Petroşani,572,573,0.920815,-0.47621,1.35932
Deva,Sibiu,572,582,1.18111,-0.472322,1.73897
Deva,Arad,572,684,1.51276,-0.489836,2.25376
Petroşani,Târgu Jiu,573,574,0.612482,-0.472089,0.901627
Botevgrad,Jablanica,575,585,0.404948,-0.421565,0.57566
Blagoevgrad,Serres,576,577,0.691526,-0.427413,0.987094
Halmeu,Satu Mare,578,579,2.09041,-0.528538,3.19528
Satu Mare,Zalău,579,580,0.959805,-0.514288,1.45342
Sebeş,Sibiu,581,582,0.546917,-0.451038,0.793597
Sibiu,Piteşti,582,583,0.647879,-0.457532,0.944304
Pleven,Jablanica,584,585,0.270081,-0.385728,0.374259
Izmail,Reni,586,587,0.804593,-0.506124,1.21182
Reni,Galaţi,587,588,0.884784,-0.475148,1.30519
Galaţi,Tulcea,588,589,0.723983,-0.44777,1.04816
Galaţi,Giurgiuleşti,588,729,1.03113,-0.477903,1.52391
Burgas,Malko Tarnovo,590,591,0.340442,-0.33214,0.453516
Malko Tarnovo,Dereköy,591,592,0.166043,-0.317428,0.218749
Dereköy,Kırklareli,592,593,0.0970567,-0.274922,0.12374
Kırklareli,Babaeski,593,594,0.0814369,-0.294303,0.105404
Babaeski,Havsa,594,595,0.113751,-0.321123,0.150279
Havsa,Keşan,595,596,0.219122,-0.367763,0.299706
Ayvalık,İzmir,597,598,0.227774,-0.361262,0.31006
İzmir,Manisa,598,747,0.131263,-0.296834,0.170227
Kherson,Dzhankoy,600,601,0.785552,-0.518624,1.19296
Kherson,Mykolaiv,600,673,0.997157,-0.516418,1.51211
Kherson,Melitopol,600,674,0.574866,-0.486484,0.854529
Sochi,Sukhumi,602,603,0.358813,-0.528735,0.54853
Sukhumi,Zugdidi,603,604,0.148331,-0.459728,0.216523
Jönköping,Linköping,605,606,0.237657,-0.299688,0.30888
Linköping,Norrköping,606,607,0.303805,-0.306808,0.397015
Norrköping,Södertälje,607,608,0.415028,-0.333102,0.553274
Norrköping,Kalmar,607,626,0.302869,-0.306757,0.395776
Uppsala,Sundsvall,609,610,0.67597,-0.363973,0.922005
Sundsvall,Örnsköldsvik,610,611,0.648717,-0.358393,0.881212
Örnsköldsvik,Umeå,611,612,0.554367,-0.350155,0.748482
Haparanda,Tornio,613,614,0.330839,-0.328331,0.439464
Kokkola,Vaasa,615,616,0.318854,-0.311162,0.418069
Vaasa,Pori,616,617,0.182905,-0.304305,0.238564
Askim,Karlstad,619,620,0.298577,-0.351989,0.403673
Kotka,Vaalimaa,621,622,0.352469,-0.479885,0.521613
Vaalimaa,Vyborg,622,623,0.703706,-0.557722,1.09618
Groningen,Hoogeveen,624,698,0.705745,-0.519957,1.0727
Sassnitz,Stralsund,625,699,0.408622,-0.510886,0.617381
Rēzekne,Velikiye Luki,627,628,1.6176,-0.574326,2.54663
Rēzekne,Daugavpils,627,702,1.0698,-0.551226,1.6595
Vladimir,Nizhny Novgorod,629,630,1.05329,-0.589772,1.67448
Nizhny Novgorod,Kazan,630,631,0.55777,-0.537305,0.857462
Kazan,Yelabuga,631,632,0.661639,-0.463906,0.968577
Yelabuga,Perm,632,633,0.598306,-0.435895,0.859105
Perm,Yekaterinburg,633,634,0.317715,-0.414795,0.449501
Yekaterinburg,Tyumen,634,635,0.300696,-0.393354,0.418976
Koszalin,Słupsk,637,638,0.244449,-0.47841,0.361396
Słupsk,Gdynia,638,639,0.382839,-0.495268,0.572447
Nesterov,Marijampolė,640,641,0.724705,-0.516137,1.09875
Aktobe,Karabutak,647,648,0.633988,-0.552813,0.984466
Karabutak,Aral,648,649,0.33709,-0.514313,0.510459
Aral,Novokazalinsk,649,650,0.38693,-0.463723,0.566358
Charleroi,Namur,651,652,0.956175,-0.535221,1.46794
St. Vith,Wittlich,653,654,0.892949,-0.527865,1.36431
Wittlich,Bingen,654,655,0.54329,-0.53157,0.832087
Bingen,Wiesbaden,655,656,0.771225,-0.544675,1.19129
Amiens,Charleville-Mézières,657,658,1.15925,-0.535895,1.78048
Trier,Koblenz,659,660,1.17435,-0.546874,1.81658
Caen,Rouen,661,662,0.910167,-0.505358,1.37013
Regensburg,Passau,667,668,0.95223,-0.541624,1.46798
Passau,Wels,668,669,1.01461,-0.533948,1.55636
Wels,Braunau am Inn,669,721,1.24848,-0.532468,1.91326
Iaşi,Sculeni,670,671,1.2738,-0.516195,1.93133
Iaşi,Bălţi,670,727,1.04254,-0.520973,1.58567
Sculeni,Chişinău,671,672,1.48704,-0.505272,2.23839
Chişinău,Giurgiuleşti,672,729,1.24205,-0.49992,1.86297
Melitopol,Taganrog,674,675,0.328962,-0.432671,0.471295
Poitiers,Mâcon,676,677,1.68377,-0.515338,2.55148
Sion,Simplon,678,679,0.387061,-0.447935,0.560439
Simplon,Gravellona Toce,679,680,0.427751,-0.419032,0.606992
Innichen,Spittal an der Drau,681,682,0.694816,-0.495016,1.03876
Klagenfurt,Loiblpass,683,734,1.05314,-0.502165,1.58199
Cuneo,Asti,685,686,0.437834,-0.436068,0.628759
Kokand,Andijan,689,690,0.442357,-0.390462,0.61508
Andijan,Osh,690,691,0.602625,-0.395568,0.841005
Kulob,Kalaikhumb,692,693,0.180827,-0.292854,0.233783
Kalaikhumb,Khorugh,693,694,0.163342,-0.291101,0.210891
Kokpek,Chundzha,695,696,0.233392,-0.362355,0.317963
Chundzha,Koktal,696,697,0.188099,-0.346393,0.253256
Stralsund,Neubrandenburg,699,700,0.594746,-0.51299,0.899844
Ukmergė,Daugavpils,701,702,1.10081,-0.540591,1.6959
Ukmergė,Panevėžys,701,705,1.0699,-0.528341,1.63517
Breda,Gorinchem,706,707,0.768054,-0.490721,1.14495
Hasselt,Heerlen,708,709,0.878956,-0.537075,1.35102
Barwinek,Vyšný Komárnik,710,711,0.347112,-0.466077,0.508893
Vyšný Komárnik,Svidník,711,712,0.406119,-0.484676,0.602955
Lublin,Kovel,713,714,1.05508,-0.546995,1.6322
Olomouc,Český Těšín,716,717,0.787951,-0.503839,1.18495
Garmisch-Partenkirchen,Mittenwald,718,719,0.851037,-0.525884,1.29858
Mittenwald,Seefeld,719,720,0.622139,-0.497143,0.931431
Nyíregyháza,Chop,722,723,0.83106,-0.549649,1.28785
Dunajská Streda,Medveďov,724,725,0.586189,-0.517331,0.889442
Medveďov,Vámosszabadi,725,726,0.509894,-0.521241,0.775672
Bălţi,Mohyliv-Podilskyi,727,728,0.718628,-0.519858,1.09221
Saintes,Angoulême,730,731,0.401049,-0.464881,0.58749
St. Johann in Tirol,Lofer,732,733,0.919244,-0.510684,1.38869
Sarajevo,Užice,737,738,0.60229,-0.397308,0.841584
Užice,Čačak,738,739,0.780823,-0.421448,1.1099
Čačak,Nova Varoš,739,740,0.776604,-0.422589,1.10479
Avellino,Benevento,741,742,0.23737,-0.290167,0.306248
Balıkesir,Manisa,746,747,0.11268,-0.238137,0.139513
Warsaw,Brest-Litovsk,316,0,1.98326,-0.540822,3.05585
Brest-Litovsk,Minsk,0,318,1.72044,-0.559614,2.68323
Lyon,Mâcon,17,677,1.84217,-0.501644,2.76628
Beaune,Mâcon,395,677,2.74182,-0.53452,4.20738
