Glasgow,Preston,1,2,0.00188507,0,0.00188507
Glasgow,Edinburgh,1,13,0.00188507,0,0.00188507
Preston,Birmingham,2,3,0.00188507,0,0.00188507
Birmingham,Cambridge,3,636,0.00188507,0,0.00188507
Le Havre,Paris,4,5,1.95071,-0.518893,2.96292
Le Havre,Amiens,4,657,1.0693,-0.523952,1.62955
Paris,Orléans,5,6,2.19484,-0.506581,3.3067
Paris,Calais,5,16,1.68812,-0.518505,2.56342
Paris,Lyon,5,17,2.70478,-0.508878,4.08118
Paris,Brussels,5,326,2.87962,-0.522901,4.38538
Paris,Le Mans,5,366,1.72038,-0.510117,2.59798
Paris,Reims,5,367,1.85057,-0.519955,2.81279
Paris,Chaumont,5,665,2.66665,-0.521129,4.05632
Orléans,Bordeaux,6,7,1.18697,-0.492646,1.77173
Orléans,Tours,6,392,1.294,-0.494246,1.93355
Orléans,Montargis,6,393,1.52325,-0.502942,2.28936
Orléans,Toulouse,6,466,1.43022,-0.484482,2.12313
Bordeaux,San Sebastián,7,8,0.802386,-0.465648,1.17602
Bordeaux,Clermont-Ferrand,7,446,1.35705,-0.483913,2.01374
Bordeaux,Toulouse,7,466,0.691121,-0.464911,1.01243
Bordeaux,Angoulême,7,731,0.829981,-0.477798,1.22654
San Sebastián,Burgos,8,9,0.555686,-0.423408,0.790968
San Sebastián,Bilbao,8,445,0.437666,-0.424578,0.62349
San Sebastián,Toulouse,8,466,0.610763,-0.448741,0.884837
Burgos,Madrid,9,10,0.40409,-0.397168,0.564582
Burgos,Valladolid,9,465,0.254763,-0.40122,0.356979
Madrid,Seville,10,11,0.303328,-0.377397,0.417803
Madrid,Barcelona,10,21,0.507058,-0.414709,0.71734
Madrid,Valencia,10,24,0.307818,-0.387257,0.427022
Madrid,Lisbon,10,464,0.29279,-0.38225,0.404708
Seville,Algeciras,11,12,0.166454,-0.362254,0.226753
Seville,Huelva,11,486,0.17539,-0.361902,0.238864
Algeciras,Málaga,12,28,0.0788756,-0.354016,0.106799
Edinburgh,Newcastle,13,14,0.00188507,0,0.00188507
Newcastle,London,14,15,0.00188507,0,0.00188507
London,Colchester,15,305,0.00188507,0,0.00188507
Calais,Bruges,16,324,1.64537,-0.526078,2.51096
Calais,Rouen,16,662,1.10919,-0.520717,1.68677
Lyon,Orange,17,18,1.34128,-0.499769,2.01161
Lyon,Clermont-Ferrand,17,446,1.5851,-0.488292,2.3591
Lyon,Chambéry,17,447,1.28783,-0.502229,1.93462
Orange,Narbonne,18,19,0.640472,-0.489063,0.953704
Orange,Marseille,18,736,0.573662,-0.497217,0.858896
Narbonne,Girona,19,20,0.417288,-0.462888,0.610446
Girona,Barcelona,20,21,0.58042,-0.438685,0.835041
Barcelona,Tarragona,21,22,0.412163,-0.423808,0.586841
Barcelona,Toulouse,21,466,1.00595,-0.446712,1.45532
Tarragona,Castellón de la Plana,22,23,0.226855,-0.407251,0.319243
Castellón de la Plana,Valencia,23,24,0.226322,-0.388528,0.314255
Valencia,Alicante,24,25,0.181503,-0.37885,0.250265
Alicante,Murcia,25,26,0.0839354,-0.369019,0.114909
Murcia,Almería,26,27,0.0483156,-0.356487,0.0655394
Almería,Málaga,27,28,0.0471435,-0.34898,0.0635956
Hook of Holland,Rotterdam,29,30,0.538808,-0.519104,0.818506
Hook of Holland,The Hague,29,307,0.297387,-0.512694,0.449856
Rotterdam,Eindhoven,30,31,1.33963,-0.52017,2.03646
Eindhoven,Maastricht,31,32,1.39749,-0.527905,2.13523
Eindhoven,Antwerp,31,505,2.35354,-0.529309,3.59929
Eindhoven,Venlo,31,643,1.82162,-0.522077,2.77265
Eindhoven,Breda,31,706,1.35503,-0.519902,2.05952
Maastricht,Liège,32,33,1.6977,-0.532452,2.60164
Liège,Bastogne,33,34,1.56523,-0.534473,2.4018
Liège,Leuven,33,327,2.60052,-0.531024,3.98146
Liège,Eupen,33,328,1.62858,-0.533982,2.49822
Liège,Antwerp,33,505,2.91457,-0.532347,4.46614
Liège,Namur,33,652,1.76099,-0.533023,2.69963
Liège,St. Vith,33,653,1.43012,-0.534407,2.19438
Liège,Charleville-Mézières,33,658,1.88628,-0.533017,2.89169
Bastogne,Arlon,34,35,0.937211,-0.535571,1.43915
Arlon,Luxembourg,35,36,1.31308,-0.534692,2.01517
Luxembourg,Metz,36,37,2.24106,-0.530835,3.4307
Luxembourg,St. Vith,36,653,1.58069,-0.535078,2.42648
Luxembourg,Charleville-Mézières,36,658,1.24276,-0.532372,1.90437
Luxembourg,Trier,36,659,1.55512,-0.535685,2.38817
Metz,Saint-Avold,37,38,2.69358,-0.530156,4.12159
Metz,Lausanne,37,44,2.25195,-0.527876,3.44071
Metz,Geneva,37,45,2.61781,-0.518398,3.97488
Metz,Brussels,37,326,3.13279,-0.527025,4.78385
Metz,Reims,37,367,2.31148,-0.525698,3.52662
Metz,Saarbrücken,37,368,2.52973,-0.531856,3.87519
Saint-Avold,Strasbourg,38,39,2.00925,-0.533039,3.08026
Strasbourg,Mulhouse,39,40,2.51071,-0.53414,3.85178
Strasbourg,Appenweier,39,664,1.87425,-0.536809,2.88037
Mulhouse,Basel,40,41,2.43145,-0.531738,3.72435
Mulhouse,Belfort,40,398,1.82408,-0.532145,2.79476
Mulhouse,Chaumont,40,665,2.3654,-0.528805,3.61624
Basel,Olten,41,42,1.46631,-0.529135,2.24218
Basel,Offenburg,41,61,2.07355,-0.533014,3.17877
Basel,Zürich,41,399,1.74869,-0.524988,2.66673
Basel,Waldshut,41,666,2.06867,-0.528235,3.16142
Olten,Bern,42,43,1.49234,-0.529436,2.28244
Olten,Lucerne,42,62,0.930971,-0.525358,1.42006
Bern,Lausanne,43,44,1.24181,-0.526917,1.89614
Bern,Belfort,43,398,1.51736,-0.530462,2.32227
Bern,Martigny,43,506,0.907452,-0.522171,1.3813
Lausanne,Geneva,44,45,1.08109,-0.513021,1.63571
Lausanne,Martigny,44,506,0.805648,-0.518345,1.22325
Geneva,Mont Blanc,45,46,1.2356,-0.513214,1.86972
Geneva,Chambéry,45,447,1.43228,-0.502182,2.15154
Geneva,Mâcon,45,677,2.09873,-0.513511,3.17646
Mont Blanc,Aosta,46,47,0.748147,-0.507556,1.12787
Aosta,Ivrea,47,48,0.729291,-0.492328,1.08834
Aosta,Martigny,47,506,0.950726,-0.508593,1.43426
Ivrea,Vercelli,48,49,0.329696,-0.472447,0.485459
Ivrea,Turin,48,449,0.507165,-0.4671,0.744062
Vercelli,Alessandria,49,50,0.320371,-0.453602,0.465692
Alessandria,Genoa,50,51,0.454199,-0.443348,0.655567
Alessandria,Turin,50,449,0.402054,-0.454134,0.58464
Alessandria,Tortona,50,450,0.312778,-0.443967,0.451642
Alessandria,Asti,50,686,0.399589,-0.445858,0.577749
Genoa,Rome,51,74,0.977384,-0.435809,1.40334
Genoa,Tortona,51,450,0.537083,-0.438887,0.772801
Genoa,Nice,51,467,0.728421,-0.445825,1.05317
Amsterdam,Utrecht,52,53,1.24394,-0.515896,1.88568
Amsterdam,Amersfoort,52,309,0.707103,-0.522796,1.07677
Amsterdam,Brussels,52,326,2.97261,-0.525016,4.53328
Amsterdam,Groningen,52,624,1.27573,-0.520086,1.93922
Utrecht,Arnhem,53,54,0.965674,-0.509572,1.45775
Utrecht,Gouda,53,308,0.790473,-0.507549,1.19168
Utrecht,Amersfoort,53,309,0.731964,-0.508714,1.10432
Utrecht,Gorinchem,53,707,0.928843,-0.50948,1.40207
Arnhem,Emmerich,54,55,0.858017,-0.514069,1.2991
Emmerich,Oberhausen,55,56,1.63252,-0.519067,2.47991
Oberhausen,Cologne,56,57,2.737,-0.524398,4.17227
Oberhausen,Dortmund,56,508,1.96003,-0.521241,2.98168
Oberhausen,Venlo,56,643,1.87405,-0.518135,2.84506
Cologne,Frankfurt am Main,57,58,3.0671,-0.532485,4.70028
Cologne,Aachen,57,329,2.68858,-0.531284,4.11698
Cologne,Olpe,57,330,1.92337,-0.529247,2.94131
Cologne,Bremen,57,507,2.92442,-0.522606,4.45274
Frankfurt am Main,Heidelberg,58,59,2.68905,-0.538437,4.13694
Frankfurt am Main,Gießen,58,332,1.92081,-0.536661,2.95163
Frankfurt am Main,Mannheim,58,369,3.1132,-0.537278,4.78585
Frankfurt am Main,Aschaffenburg,58,509,2.26926,-0.536042,3.48568
Frankfurt am Main,Wiesbaden,58,656,2.18475,-0.538463,3.36115
Heidelberg,Karlsruhe,59,60,2.29614,-0.537374,3.53002
Karlsruhe,Offenburg,60,61,2.04386,-0.530701,3.12854
Karlsruhe,Stuttgart,60,510,2.83554,-0.53202,4.3441
Karlsruhe,Appenweier,60,664,2.12267,-0.536588,3.26168
Lucerne,Altdorf,62,63,0.697783,-0.51856,1.05963
Altdorf,Gotthard Pass,63,64,0.508389,-0.508246,0.766776
Altdorf,Zürich,63,399,0.925141,-0.518831,1.40513
Gotthard Pass,Bellinzona,64,65,0.282139,-0.484557,0.418851
Bellinzona,Lugano,65,66,0.17551,-0.451941,0.25483
Bellinzona,San Bernardino,65,516,0.17739,-0.464304,0.259753
Lugano,Chiasso,66,67,0.144805,-0.43245,0.207426
Chiasso,Como,67,68,0.239342,-0.430559,0.342393
Como,Milan,68,69,0.539981,-0.4351,0.774926
Milan,Piacenza,69,70,0.635907,-0.436564,0.913522
Milan,Turin,69,449,0.651353,-0.448596,0.943548
Milan,Tortona,69,450,0.443441,-0.437884,0.637616
Milan,Brescia,69,451,0.557127,-0.439255,0.801848
Milan,Gravellona Toce,69,680,0.563739,-0.439828,0.811688
Piacenza,Parma,70,71,0.484558,-0.436477,0.696057
Parma,Modena,71,72,0.756206,-0.43855,1.08784
Modena,Florence,72,73,0.905293,-0.438423,1.3022
Modena,Verona,72,94,0.999257,-0.442108,1.44104
Modena,Bologna,72,95,0.868727,-0.440877,1.25173
Florence,Rome,73,74,0.839649,-0.434728,1.20467
Rome,Pescara,74,125,0.858854,-0.427895,1.22635
Östersund,Mora,75,76,0.295765,-0.349847,0.399238
Östersund,Trondheim,75,493,0.351154,-0.350156,0.474113
Östersund,Sundsvall,75,610,0.375614,-0.34791,0.506294
Mora,Säffle,76,77,0.215376,-0.349968,0.29075
Säffle,Gothenburg,77,78,0.285735,-0.34935,0.385557
Gothenburg,Halmstad,78,300,0.277277,-0.346286,0.373294
Gothenburg,Örebro,78,301,0.298529,-0.350173,0.403066
Gothenburg,Oslo,78,489,0.249935,-0.349537,0.337297
Hamburg,Hanover,79,80,1.86347,-0.518768,2.83018
Hamburg,Berlin,79,108,2.06521,-0.517182,3.13331
Hamburg,Bremen,79,507,2.30689,-0.519897,3.50624
Hamburg,Lübeck,79,517,1.07387,-0.517952,1.63008
Hanover,Göttingen,80,81,1.26434,-0.523491,1.92621
Hanover,Bad Oeynhausen,80,312,1.45425,-0.523233,2.21516
Hanover,Braunschweig,80,313,1.38478,-0.519092,2.10361
Göttingen,Kassel,81,82,1.12212,-0.527353,1.71387
Kassel,Fulda,82,83,1.48292,-0.531851,2.27161
Kassel,Dortmund,82,508,1.75453,-0.526966,2.6791
Fulda,Würzburg,83,84,2.13115,-0.533819,3.2688
Würzburg,Nuremberg,84,85,3.18578,-0.534321,4.88801
Würzburg,Aschaffenburg,84,509,2.78884,-0.534836,4.28042
Würzburg,Stuttgart,84,510,2.2064,-0.536918,3.39105
Würzburg,Ulm,84,512,1.4842,-0.531741,2.2734
Nuremberg,Munich,85,86,2.85551,-0.525997,4.35749
Nuremberg,Heilbronn,85,370,2.86562,-0.534063,4.39604
Nuremberg,Rozvadov,85,371,2.33444,-0.528036,3.56711
Nuremberg,Bayreuth,85,529,3.12421,-0.527717,4.77291
Nuremberg,Regensburg,85,667,2.20206,-0.530276,3.36976
Munich,Rosenheim,86,87,2.1664,-0.516068,3.28441
Munich,Salzburg,86,115,2.59745,-0.515931,3.93755
Munich,Ulm,86,512,2.07925,-0.524311,3.16942
Munich,Lindau,86,513,2.39373,-0.516374,3.62979
Munich,Deggendorf,86,531,2.29172,-0.522499,3.48914
Munich,Garmisch-Partenkirchen,86,718,2.09373,-0.516571,3.17529
Munich,Braunau am Inn,86,721,1.82209,-0.521411,2.77215
Rosenheim,Wörgl,87,88,1.49328,-0.509771,2.25451
Rosenheim,Bad Reichenhall,87,407,1.17001,-0.513593,1.77092
Wörgl,Innsbruck,88,89,1.49321,-0.500639,2.24077
Wörgl,St. Johann in Tirol,88,732,1.09133,-0.505936,1.64347
Innsbruck,Brenner,89,90,0.917697,-0.49186,1.36908
Innsbruck,Telfs,89,405,0.780518,-0.496593,1.16812
Innsbruck,Imst,89,406,0.796324,-0.496907,1.19202
Innsbruck,Seefeld,89,720,0.917473,-0.496765,1.37324
Brenner,Fortezza,90,91,0.592524,-0.484765,0.879758
Fortezza,Bolzano,91,92,0.450591,-0.472414,0.663456
Fortezza,Innichen,91,681,0.515876,-0.488777,0.768024
Bolzano,Trento,92,93,0.437782,-0.454491,0.63675
Trento,Verona,93,94,0.82291,-0.446166,1.19007
Verona,Mestre,94,120,1.16278,-0.44829,1.68404
Verona,Brescia,94,451,0.89975,-0.441439,1.29693
Bologna,Cesena,95,96,0.738715,-0.442602,1.06567
Cesena,Perugia,96,97,0.512006,-0.442816,0.73873
Cesena,Ravenna,96,121,0.740491,-0.446176,1.07088
Cesena,Rimini,96,122,0.534023,-0.442172,0.770153
Perugia,Fiano Romano,97,98,0.214843,-0.439173,0.309197
Fiano Romano,Naples,98,99,0.106387,-0.428104,0.151932
Naples,Salerno,99,100,0.0308402,-0.405313,0.0433401
Naples,Avellino,99,741,0.0494982,-0.398524,0.0692245
Salerno,Sicignano degli Alburni,100,101,0.0236327,-0.349374,0.0318894
Salerno,Avellino,100,741,0.0305072,-0.364907,0.0416395
Sicignano degli Alburni,Potenza,101,743,0.0150029,-0.311737,0.0196799
Messina,Catania,102,103,0.00188507,0,0.00188507
Messina,Palermo,102,474,0.00188507,0,0.00188507
Catania,Siracusa,103,104,0.00188507,0,0.00188507
Siracusa,Gela,104,105,0.00188507,0,0.00188507
Gela,Mazara del Vallo,105,473,0.00188507,0,0.00188507
Helsingborg,Copenhagen,299,106,0.0651325,-0.333728,0.086869
Copenhagen,Malmö,106,135,0.0344328,-0.327221,0.0456999
Rostock,Berlin,107,108,1.56872,-0.516159,2.37843
Rostock,Lübeck,107,517,0.781219,-0.516769,1.18493
Rostock,Sassnitz,107,625,0.663952,-0.516123,1.00663
Berlin,Lübbenau,108,109,2.35454,-0.515801,3.56901
Berlin,Szczecin,108,137,1.8625,-0.516034,2.82362
Berlin,Świebodzin,108,139,2.21797,-0.516134,3.36273
Berlin,Magdeburg,108,314,2.33383,-0.516868,3.54011
Berlin,Leipzig,108,526,2.07678,-0.515984,3.14837
Berlin,Neubrandenburg,108,700,1.44725,-0.51614,2.19424
Lübbenau,Dresden,109,110,1.73636,-0.515742,2.63188
Lübbenau,Cottbus,109,644,1.2933,-0.515327,1.95977
Dresden,Ústí nad Labem,110,111,1.76027,-0.517286,2.67083
Dresden,Chemnitz,110,337,1.97784,-0.516077,2.99856
Dresden,Görlitz,110,338,1.27394,-0.515714,1.93093
Ústí nad Labem,Prague,111,112,1.96744,-0.518972,2.98849
Prague,Tábor,112,113,1.91307,-0.52015,2.90815
Prague,Mladá Boleslav,112,146,1.105,-0.518727,1.67819
Prague,Jihlava,112,147,1.9408,-0.519753,2.94954
Prague,Plzeň,112,372,2.12089,-0.52214,3.22828
Prague,Karlovy Vary,112,523,1.31835,-0.518414,2.0018
Prague,Hradec Králové,112,551,1.44181,-0.517806,2.18839
Tábor,Linz,113,114,1.69347,-0.520827,2.57547
Linz,Salzburg,114,115,1.83153,-0.517509,2.77936
Linz,Sattledt,114,408,0.72976,-0.520539,1.10963
Linz,Sankt Pölten,114,409,1.71686,-0.519942,2.60953
Linz,Wels,114,669,1.27635,-0.521822,1.94237
Salzburg,Villach,115,116,2.87979,-0.511016,4.35141
Salzburg,Bad Reichenhall,115,407,1.43756,-0.513193,2.17531
Salzburg,Sattledt,115,408,1.48736,-0.516445,2.2555
Salzburg,Lofer,115,733,1.72328,-0.512279,2.60608
Villach,Tarvisio,116,117,1.54833,-0.506122,2.33197
Villach,Karavanke Tunnel,116,537,1.32178,-0.506519,1.99129
Villach,Spittal an der Drau,116,682,1.49328,-0.507597,2.25127
Villach,Klagenfurt,116,683,1.59482,-0.508159,2.40524
Tarvisio,Udine,117,118,0.819072,-0.494872,1.22441
Udine,Palmanova,118,119,0.90049,-0.475326,1.32852
Palmanova,Mestre,119,120,1.198,-0.460519,1.7497
Palmanova,Trieste,119,452,1.1087,-0.469874,1.62964
Mestre,Ravenna,120,121,0.879144,-0.449604,1.27441
Rimini,Fano,122,123,0.277689,-0.436141,0.3988
Fano,Ancona,123,124,0.263577,-0.425564,0.375746
Ancona,Pescara,124,125,0.473803,-0.421471,0.673497
Pescara,Canosa di Puglia,125,126,0.52937,-0.414332,0.748706
Canosa di Puglia,Bari,126,127,0.190964,-0.390025,0.265445
Canosa di Puglia,Benevento,126,742,0.193125,-0.394604,0.269333
Bari,Brindisi,127,128,0.0546523,-0.37774,0.0752966
Bari,Taranto,127,476,0.0526972,-0.373385,0.0723736
Brindisi,Taranto,128,476,0.0151991,-0.339602,0.0203608
Igoumenitsa,Preveza,129,130,0.0534432,-0.329312,0.0710427
Igoumenitsa,Ioannina,129,477,0.10383,-0.367265,0.141963
Preveza,Rhion,130,131,0.0382557,-0.267713,0.0484973
Rhion,Patras,131,132,0.0230995,-0.208321,0.0279116
Rhion,Aigio,131,175,0.0230995,-0.208321,0.0279116
Patras,Pyrgos,132,133,0.0136986,-0.184154,0.0162212
Pyrgos,Kalamata,133,134,0.00934287,-0.165384,0.010888
Kalamata,Tripoli,134,177,0.0080775,-0.156653,0.00934287
Malmö,Helsingborg,135,299,0.0903113,-0.332283,0.12032
Malmö,Kalmar,135,626,0.0873171,-0.329341,0.116074
Goleniów,Szczecin,136,137,0.795506,-0.515661,1.20572
Goleniów,Koszalin,136,637,0.341531,-0.515149,0.517471
Szczecin,Gorzów Wielkopolski,137,138,0.8446,-0.5159,1.28033
Gorzów Wielkopolski,Świebodzin,138,139,1.00524,-0.516172,1.52412
Świebodzin,Zielona Góra,139,140,1.33055,-0.515431,2.01635
Świebodzin,Poznań,139,315,2.05885,-0.517481,3.12426
Zielona Góra,Legnica,140,141,1.33403,-0.515533,2.02177
Legnica,Jelenia Góra,141,142,1.21487,-0.513738,1.839
Legnica,Görlitz,141,338,1.34547,-0.514773,2.03808
Legnica,Wrocław,141,339,2.0282,-0.513911,3.07051
Legnica,Cottbus,141,644,1.34687,-0.514744,2.04016
Jelenia Góra,Harrachov,142,143,0.527246,-0.512356,0.797384
Harrachov,Železný Brod,143,144,0.379896,-0.510719,0.573917
Železný Brod,Turnov,144,145,0.620587,-0.511928,0.938283
Turnov,Mladá Boleslav,145,146,0.653142,-0.515646,0.989932
Turnov,Hradec Králové,145,551,0.927278,-0.514298,1.40418
Turnov,Teplice,145,715,0.792333,-0.514731,1.20017
Jihlava,Brno,147,148,0.999637,-0.517162,1.51661
Jihlava,Vienna,147,410,1.6069,-0.51928,2.44133
Brno,Bratislava,148,149,1.41836,-0.51755,2.15244
Brno,Trenčín,148,373,1.38093,-0.518333,2.0967
Brno,Vienna,148,410,1.64264,-0.516794,2.49155
Brno,Olomouc,148,716,1.39242,-0.517529,2.11303
Bratislava,Rajka,149,150,1.5476,-0.515832,2.34589
Bratislava,Žilina,149,195,1.60365,-0.516286,2.43159
Bratislava,Győr,149,196,1.62571,-0.5161,2.46473
Bratislava,Vienna,149,410,2.28669,-0.512133,3.45779
Bratislava,Zvolen,149,568,2.1345,-0.516695,3.23739
Bratislava,Dunajská Streda,149,724,1.32698,-0.516111,2.01185
Rajka,Csorna,150,151,0.616109,-0.514974,0.933389
Csorna,Szombathely,151,152,0.319183,-0.510141,0.482011
Szombathely,Zalaegerszeg,152,153,0.347913,-0.5017,0.522461
Zalaegerszeg,Nagykanizsa,153,154,0.725739,-0.498495,1.08752
Nagykanizsa,Letenye,154,155,0.45724,-0.49799,0.68494
Nagykanizsa,Zagreb,154,156,1.08574,-0.487074,1.61457
Nagykanizsa,Balatonvilágos,154,553,1.38552,-0.506573,2.08739
Letenye,Zagreb,155,156,0.628499,-0.479132,0.929633
Zagreb,Karlovac,156,157,0.938345,-0.476336,1.38531
Zagreb,Ljubljana,156,454,0.885386,-0.479148,1.30962
Zagreb,Slavonski Brod,156,455,1.20622,-0.459686,1.76071
Zagreb,Maribor,156,535,1.00487,-0.484619,1.49184
Karlovac,Rijeka,157,158,0.431268,-0.471614,0.63466
Karlovac,Knin,157,554,0.346715,-0.470575,0.50987
Rijeka,Split,158,159,0.306791,-0.464401,0.449264
Rijeka,Trieste,158,452,0.7434,-0.472366,1.09456
Split,Dubrovnik,159,160,0.257679,-0.443592,0.371983
Split,Knin,159,554,0.222237,-0.460037,0.324474
Dubrovnik,Petrovac,160,161,0.0946122,-0.43242,0.135524
Dubrovnik,Podgorica,160,162,0.234631,-0.423199,0.333926
Petrovac,Podgorica,161,162,0.167961,-0.417631,0.238107
Petrovac,Prizren,161,744,0.148894,-0.424185,0.212053
Podgorica,Bijelo Polje,162,163,0.254289,-0.419175,0.360881
Podgorica,Pristina,162,164,0.344378,-0.426333,0.491198
Podgorica,Sarajevo,162,737,0.441857,-0.415691,0.625533
Bijelo Polje,Pristina,163,164,0.345528,-0.427403,0.493207
Bijelo Polje,Nova Varoš,163,740,0.367733,-0.42611,0.524428
Pristina,Skopje,164,165,0.475926,-0.42758,0.679422
Pristina,Niš,164,202,0.860428,-0.435782,1.23539
Pristina,Prizren,164,744,0.285378,-0.42765,0.40742
Skopje,Kičevo,165,166,0.339818,-0.42317,0.483619
Skopje,Kumanovo,165,203,0.456357,-0.432339,0.653658
Skopje,Veles,165,204,0.368464,-0.422028,0.523966
Kičevo,Ohrid,166,167,0.146956,-0.416653,0.208186
Ohrid,Bitola,167,168,0.0765529,-0.404275,0.107501
Bitola,Niki,168,169,0.0680467,-0.390951,0.0946495
Niki,Vevi,169,170,0.112746,-0.388713,0.156572
Vevi,Kozani,170,171,0.245098,-0.391867,0.341143
Kozani,Larissa,171,172,0.16585,-0.392729,0.230984
Kozani,Thessaloniki,171,207,0.523297,-0.398788,0.731982
Kozani,Ioannina,171,477,0.204836,-0.389308,0.28458
Larissa,Domokos,172,173,0.0744459,-0.39135,0.10358
Larissa,Lamia,172,174,0.0744459,-0.39135,0.10358
Larissa,Katerini,172,208,0.206922,-0.397083,0.289087
Larissa,Trikala,172,687,0.10784,-0.387294,0.149606
Domokos,Lamia,173,174,6.61864e-05,-0.457172,3.30932e-05
Aigio,Corinth,175,176,0.0136986,-0.184154,0.0162212
Corinth,Tripoli,176,177,0.00934287,-0.165384,0.010888
Varangerbotn,Utsjoki,178,179,0.0822712,-0.42755,0.117446
Varangerbotn,Kirkenes,178,243,0.161481,-0.482566,0.239406
Varangerbotn,Karasjok,178,502,0.0771832,-0.436041,0.110838
Utsjoki,Inari,179,180,0.0483595,-0.366168,0.0660672
Inari,Ivalo,180,181,0.0498633,-0.313985,0.0655196
Ivalo,Sodankylä,181,182,0.0826797,-0.297305,0.107261
Sodankylä,Rovaniemi,182,183,0.125886,-0.298642,0.16348
Sodankylä,Kemijärvi,182,539,0.0797619,-0.294318,0.103237
Rovaniemi,Kemi,183,184,0.176705,-0.302703,0.230194
Kemi,Oulu,184,185,0.234947,-0.30502,0.306611
Kemi,Tornio,184,614,0.178453,-0.307874,0.233393
Oulu,Jyväskylä,185,186,0.205461,-0.310487,0.269254
Oulu,Kokkola,185,615,0.154099,-0.311493,0.2021
Jyväskylä,Heinola,186,187,0.17999,-0.342416,0.241622
Jyväskylä,Kuopio,186,544,0.169533,-0.320752,0.223911
Jyväskylä,Tampere,186,545,0.180967,-0.339141,0.24234
Heinola,Lahti,187,188,0.122885,-0.355993,0.166631
Lahti,Helsinki,188,189,0.153272,-0.390822,0.213174
Helsinki,Hämeenlinna,189,618,0.163133,-0.38654,0.22619
Helsinki,Kotka,189,621,0.215426,-0.44943,0.312244
Gdańsk,Świecie,190,191,1.52743,-0.519523,2.32097
Gdańsk,Kaliningrad,190,563,1.13236,-0.521409,1.72279
Gdańsk,Elbląg,190,564,1.2803,-0.522244,1.94894
Gdańsk,Gdynia,190,639,0.927266,-0.519527,1.40901
Świecie,Łódź,191,192,1.09926,-0.518395,1.66912
Świecie,Poznań,191,315,1.44941,-0.519943,2.20302
Łódź,Piotrków Trybunalski,192,193,1.24906,-0.51958,1.89804
Piotrków Trybunalski,Katowice,193,194,1.50138,-0.517896,2.27893
Piotrków Trybunalski,Warsaw,193,316,2.06216,-0.524232,3.14321
Piotrków Trybunalski,Wrocław,193,339,1.53235,-0.516534,2.32386
Katowice,Žilina,194,195,1.29518,-0.514825,1.96198
Katowice,Zabrze,194,342,1.12764,-0.513437,1.70662
Katowice,Kraków,194,343,1.71615,-0.514417,2.59897
Katowice,Český Těšín,194,717,0.895828,-0.514435,1.35667
Žilina,Olomouc,195,716,0.792123,-0.51574,1.20065
Győr,Budapest,196,197,2.32824,-0.514071,3.52512
Győr,Vámosszabadi,196,726,1.02296,-0.515977,1.55078
Budapest,Szeged,197,198,2.74895,-0.507736,4.14469
Budapest,Mosonmagyaróvár,197,412,2.49887,-0.51517,3.7862
Budapest,Szolnok,197,413,2.6013,-0.511002,3.93057
Budapest,Miskolc,197,552,2.49812,-0.515876,3.78683
Budapest,Balatonvilágos,197,553,2.34766,-0.512514,3.55087
Budapest,Szekszárd,197,555,2.06775,-0.51175,3.12593
Budapest,Zvolen,197,568,2.28648,-0.514165,3.46211
Szeged,Subotica,198,199,1.66198,-0.499707,2.49249
Szeged,Arad,198,684,2.27705,-0.491985,3.39733
Subotica,Novi Sad,199,200,1.13829,-0.482103,1.68707
Subotica,Sombor,199,735,0.919448,-0.493206,1.37293
Novi Sad,Belgrade,200,201,1.27375,-0.462735,1.86316
Belgrade,Niš,201,202,1.24149,-0.451743,1.80232
Belgrade,Slavonski Brod,201,455,1.22464,-0.454275,1.78097
Belgrade,Vršac,201,456,1.14929,-0.456812,1.6743
Belgrade,Čačak,201,739,1.09456,-0.445444,1.58213
Niš,Kumanovo,202,203,0.589514,-0.442445,0.850341
Niš,Drobeta-Turnu Severin,202,458,1.28893,-0.444437,1.86177
Niš,Sofia,202,468,1.08181,-0.439708,1.55749
Kumanovo,Kyustendil,203,745,0.408885,-0.4381,0.588017
Veles,Gevgelija,204,205,0.227649,-0.413062,0.321683
Gevgelija,Evzoni,205,206,0.274901,-0.404688,0.386151
Evzoni,Thessaloniki,206,207,0.544652,-0.401902,0.763549
Thessaloniki,Katerini,207,208,0.374631,-0.40073,0.524757
Thessaloniki,Alexandroupoli,207,233,0.801292,-0.397542,1.11984
Thessaloniki,Serres,207,577,0.614292,-0.406927,0.864264
Klaipėda,Kaunas,209,210,1.46406,-0.539007,2.25319
Klaipėda,Palanga,209,704,0.851908,-0.538466,1.31063
Kaunas,Vilnius,210,211,1.61791,-0.540443,2.4923
Kaunas,Warsaw,210,316,3.28098,-0.534577,5.03492
Kaunas,Riga,210,547,2.09777,-0.54532,3.24173
Kaunas,Ukmergė,210,701,1.35811,-0.540614,2.09232
Vilnius,Lida,211,212,1.47352,-0.544977,2.27656
Vilnius,Minsk,211,318,3.0116,-0.548491,4.66344
Vilnius,Marijampolė,211,641,1.55052,-0.54391,2.39386
Vilnius,Ukmergė,211,701,1.54058,-0.545499,2.38096
Lida,Slonim,212,213,0.580758,-0.542645,0.895903
Slonim,Kobryn,213,214,0.318283,-0.533835,0.488194
Kobryn,Dubno,214,215,0.395631,-0.523161,0.602609
Dubno,Ternopil,215,216,0.886935,-0.521021,1.34905
Ternopil,Chernivtsi,216,217,1.03269,-0.519678,1.56936
Ternopil,Stryj,216,379,1.46984,-0.520669,2.23514
Ternopil,Khmelnytskyi,216,380,1.21546,-0.524832,1.85337
Chernivtsi,Siret,217,218,0.836253,-0.516206,1.26793
Siret,Suceava,218,219,1.50317,-0.511187,2.27158
Suceava,Roman,219,220,1.56135,-0.503968,2.34823
Suceava,Halmeu,219,578,2.37375,-0.506614,3.57633
Suceava,Iaşi,219,670,1.97552,-0.51171,2.98641
Roman,Urziceni,220,221,0.989556,-0.483051,1.46756
Urziceni,Bucharest,221,222,0.87586,-0.451948,1.2717
Urziceni,Slobozia,221,421,0.690015,-0.452708,1.00239
Bucharest,Giurgiu,222,223,0.587655,-0.422203,0.835764
Bucharest,Ploieşti,222,420,0.46844,-0.437952,0.673594
Bucharest,Constanţa,222,423,0.732514,-0.427804,1.04589
Bucharest,Alexandria,222,460,0.536641,-0.445479,0.775704
Bucharest,Piteşti,222,583,0.579756,-0.444091,0.837221
Giurgiu,Ruse,223,224,0.352367,-0.406542,0.495619
Ruse,Byala,224,225,0.22357,-0.388014,0.310319
Ruse,Razgrad,224,461,0.205622,-0.388148,0.285434
Byala,Veliko Tarnovo,225,226,0.191668,-0.381003,0.264694
Byala,Pleven,225,584,0.178819,-0.390723,0.248687
Veliko Tarnovo,Stara Zagora,226,227,0.216779,-0.380845,0.299337
Veliko Tarnovo,Shumen,226,462,0.206908,-0.378849,0.285295
Stara Zagora,Haskovo,227,228,0.144152,-0.371334,0.197681
Stara Zagora,Burgas,227,590,0.192399,-0.376249,0.264789
Haskovo,Svilengrad,228,229,0.0745268,-0.368985,0.102026
Svilengrad,Ormenio,229,230,0.0598996,-0.379278,0.0826182
Ormenio,Kastanies,230,231,0.0907097,-0.392222,0.126288
Kastanies,Didymoteicho,231,232,0.192676,-0.395754,0.268929
Didymoteicho,Alexandroupoli,232,233,0.447148,-0.394257,0.623439
Alexandroupoli,Gelibolu,233,478,0.556437,-0.386339,0.77141
Saint Petersburg,Pskov,234,235,2.96193,-0.55166,4.59591
Saint Petersburg,Moscow,234,239,5.68657,-0.553596,8.83464
Saint Petersburg,Petrozavodsk,234,245,2.12752,-0.525445,3.24542
Saint Petersburg,Narva,234,304,2.27873,-0.547654,3.52668
Saint Petersburg,Vyborg,234,623,2.12821,-0.525397,3.24636
Pskov,Gomel,235,236,3.85072,-0.555369,5.98929
Pskov,Riga,235,547,2.75731,-0.553699,4.28403
Gomel,Kiev,236,237,5.48074,-0.559761,8.54865
Gomel,Babruysk,236,703,3.19728,-0.558233,4.9821
Kiev,Odessa,237,238,4.45147,-0.541453,6.86173
Kiev,Hlukhiv,237,242,4.85953,-0.560518,7.58338
Kiev,Kharkiv,237,247,4.94892,-0.552674,7.68406
Kiev,Rivne,237,348,3.5726,-0.556425,5.56048
Kiev,Zhytomyr,237,349,2.92114,-0.549655,4.52677
Odessa,Izmail,238,586,1.64592,-0.521244,2.50384
Odessa,Chişinău,238,672,1.98714,-0.515989,3.01248
Odessa,Mykolaiv,238,673,1.87218,-0.522014,2.84948
Moscow,Kaluga,239,240,3.8668,-0.566465,6.0572
Moscow,Orel,239,246,4.28445,-0.561477,6.69007
Moscow,Voronezh,239,248,5.16534,-0.545146,7.9812
Moscow,Tambov,239,256,3.97193,-0.561058,6.20042
Moscow,Smolensk,239,319,4.33104,-0.556378,6.74074
Moscow,Ryazan,239,320,3.81995,-0.547023,5.90956
Moscow,Velikiye Luki,239,628,3.82734,-0.559426,5.96845
Moscow,Vladimir,239,629,3.79351,-0.553552,5.89341
Kaluga,Bryansk,240,241,2.03136,-0.57321,3.19576
Bryansk,Hlukhiv,241,242,2.52472,-0.571885,3.96858
Hlukhiv,Kursk,242,645,2.73679,-0.570599,4.29841
Kirkenes,Murmansk,243,244,0.318681,-0.514392,0.482609
Murmansk,Petrozavodsk,244,245,0.803737,-0.52177,1.2231
Orel,Kharkiv,246,247,3.22054,-0.561628,5.02929
Kharkiv,Luhansk,247,350,2.60158,-0.559929,4.05829
Voronezh,Novorossiysk,248,249,3.15672,-0.554666,4.90764
Voronezh,Kursk,248,645,2.76171,-0.567229,4.32823
Voronezh,Saratov,248,646,2.99655,-0.541922,4.62045
Novorossiysk,Dzhankoy,249,601,1.34272,-0.534689,2.06065
Novorossiysk,Sochi,249,602,1.2416,-0.555452,1.93125
Mineralnye Vody,Nalchik,250,251,0.296355,-0.432556,0.424546
Mineralnye Vody,Makhachkala,250,260,0.595715,-0.459505,0.869448
Mineralnye Vody,Armavir,250,387,0.341094,-0.435658,0.489695
Nalchik,Vladikavkaz,251,252,0.125767,-0.411738,0.17755
Vladikavkaz,Stepantsminda,252,253,0.0587436,-0.376781,0.0808771
Stepantsminda,Mtskheta,253,254,0.0359876,-0.315171,0.0473298
Mtskheta,Tbilisi,254,255,0.035916,-0.258438,0.0451981
Tbilisi,Gori,255,428,0.0298502,-0.230701,0.0367367
Tbilisi,Rustavi,255,429,0.0338046,-0.254942,0.0424228
Tambov,Povorino,256,257,1.77033,-0.562978,2.76699
Povorino,Volgograd,257,258,1.56205,-0.553231,2.42622
Volgograd,Astrakhan,258,259,2.03906,-0.528771,3.11726
Volgograd,Luhansk,258,350,1.80307,-0.553832,2.80168
Astrakhan,Makhachkala,259,260,1.58393,-0.503701,2.38175
Astrakhan,Atyrau,259,265,2.36367,-0.501289,3.54855
Makhachkala,Kuba,260,261,0.562886,-0.471127,0.828077
Kuba,Baku,261,262,0.225212,-0.457956,0.328349
Baku,Yevlakh,262,431,0.0938127,-0.436682,0.134779
Samara,Oral,263,264,2.57763,-0.4894,3.83912
Samara,Penza,263,321,1.73302,-0.516735,2.62853
Samara,Ufa,263,322,1.74052,-0.495754,2.60339
Oral,Atyrau,264,265,2.90681,-0.479129,4.29954
Oral,Saratov,264,646,2.63214,-0.52128,4.00422
Oral,Aktobe,264,647,1.90722,-0.508744,2.87751
Atyrau,Beineu,265,266,1.25865,-0.474769,1.85622
Atyrau,Beyneu,265,351,1.25865,-0.474769,1.85622
Beineu,Shetpe,266,267,0.48965,-0.481708,0.725519
Shetpe,Zhetybai,267,268,0.19239,-0.478958,0.284536
Zhetybai,Fetisovo,268,269,0.0794219,-0.465456,0.116389
Fetisovo,Bekdash,269,270,0.040389,-0.42307,0.0574763
Bekdash,Türkmenbaşy,270,271,0.0355307,-0.352446,0.0480534
Türkmenbaşy,Gyzylarbat,271,272,0.0557179,-0.316261,0.0733392
Gyzylarbat,Ashgabat,272,432,0.111148,-0.312413,0.145872
Chelyabinsk,Kostanay,273,274,0.429536,-0.454903,0.624933
Chelyabinsk,Ufa,273,322,0.858527,-0.46756,1.25994
Chelyabinsk,Kurgan,273,323,0.49876,-0.448301,0.722354
Kostanay,Esil,274,275,0.20183,-0.446068,0.291859
Esil,Derzhavinsk,275,276,0.154183,-0.431848,0.220766
Derzhavinsk,Arkalyk,276,277,0.239703,-0.422712,0.341028
Arkalyk,Jezkazgan,277,278,0.527873,-0.420023,0.749592
Jezkazgan,Kyzylorda,278,279,0.830173,-0.420604,1.17935
Jezkazgan,Karaganda,278,286,0.795113,-0.416728,1.12646
Kyzylorda,Shymkent,279,280,0.824129,-0.416502,1.16738
Kyzylorda,Novokazalinsk,279,650,0.560751,-0.428381,0.800966
Shymkent,Tashkent,280,281,0.705675,-0.407981,0.993577
Shymkent,Zhambyl,280,359,0.581415,-0.404465,0.816577
Tashkent,Ayni,281,282,0.287576,-0.394076,0.400903
Tashkent,Jizzakh,281,358,0.353565,-0.399267,0.494731
Tashkent,Kokand,281,689,0.282984,-0.401158,0.396506
Ayni,Dushanbe,282,283,0.265639,-0.36346,0.362188
Ayni,Kokand,282,689,0.125662,-0.374287,0.172695
Dushanbe,Termez,283,440,0.166713,-0.342961,0.223889
Dushanbe,Jirgatal,283,441,0.166037,-0.34634,0.223542
Dushanbe,Kulob,283,692,0.122287,-0.345016,0.164478
Ishim,Astana,284,285,0.333447,-0.413989,0.47149
Ishim,Omsk,284,291,0.333447,-0.413989,0.47149
Ishim,Kurgan,284,323,0.419747,-0.427796,0.599313
Ishim,Tyumen,284,635,0.31309,-0.417633,0.443847
Astana,Karaganda,285,286,0.396025,-0.412678,0.559456
Karaganda,Balkhash,286,287,0.496308,-0.410531,0.700057
Karaganda,Pavlodar,286,292,0.477585,-0.41193,0.674317
Balkhash,Burubaytal,287,288,0.317599,-0.403002,0.445592
Burubaytal,Almaty,288,289,0.394877,-0.395363,0.550996
Almaty,Bishkek,289,290,0.623914,-0.394524,0.870063
Almaty,Sary-Ozek,289,360,0.302677,-0.390397,0.420841
Almaty,Kokpek,289,695,0.247319,-0.391517,0.344148
Bishkek,Zhambyl,290,359,0.544868,-0.398542,0.762021
Bishkek,Osh,290,691,0.576773,-0.392681,0.803261
Omsk,Pavlodar,291,292,0.279512,-0.410221,0.394174
Pavlodar,Semey,292,293,0.245545,-0.407916,0.345707
Semey,Georgiyevka,293,294,0.104834,-0.402723,0.147053
Georgiyevka,Ayagoz,294,364,0.0485608,-0.393439,0.0676665
Narvik,Kiruna,295,296,0.0319422,-0.32348,0.0422749
Narvik,Setermoen,295,498,0.0161453,-0.305791,0.0210824
Kiruna,Töre,296,297,0.0684044,-0.330677,0.0910242
Töre,Luleå,297,298,0.150106,-0.333925,0.20023
Luleå,Umeå,298,612,0.251054,-0.338417,0.336015
Luleå,Haparanda,298,613,0.171977,-0.330506,0.228817
Helsingborg,Halmstad,299,300,0.19085,-0.340112,0.25576
Helsingborg,Jönköping,299,605,0.122193,-0.331558,0.162708
Örebro,Stockholm,301,302,0.354495,-0.351146,0.478975
Örebro,Karlstad,301,620,0.210273,-0.351229,0.284127
Stockholm,Södertälje,302,608,0.263571,-0.348956,0.355545
Stockholm,Uppsala,302,609,0.310055,-0.35095,0.418869
Tallinn,Narva,303,304,1.31918,-0.551868,2.04719
Tallinn,Riga,303,547,1.81565,-0.551439,2.81688
Colchester,Ipswich,305,306,0.00188507,0,0.00188507
Ipswich,Cambridge,306,636,0.00188507,0,0.00188507
The Hague,Gouda,307,308,0.360903,-0.507137,0.54393
Amersfoort,Oldenzaal,309,310,0.590833,-0.51552,0.895419
Amersfoort,Hoogeveen,309,698,0.551325,-0.515522,0.835545
Oldenzaal,Osnabrück,310,311,0.500226,-0.519846,0.760267
Osnabrück,Bad Oeynhausen,311,312,0.929701,-0.523567,1.41646
Bad Oeynhausen,Dortmund,312,508,1.57995,-0.525523,2.41024
Braunschweig,Magdeburg,313,314,1.2968,-0.517476,1.96786
Magdeburg,Halle,314,518,1.38754,-0.516474,2.10417
Poznań,Warsaw,315,316,2.40335,-0.523555,3.66164
Poznań,Wrocław,315,339,1.47996,-0.517645,2.24605
Warsaw,Elbląg,316,564,1.88335,-0.526274,2.87451
Warsaw,Radom,316,565,2.23863,-0.526606,3.4175
Warsaw,Lublin,316,713,2.60528,-0.530423,3.98717
Brest,Rennes,317,365,0.342558,-0.50133,0.514292
Brest,Lorient,317,388,0.190881,-0.496263,0.285608
Minsk,Smolensk,318,319,3.11438,-0.557449,4.85049
Minsk,Babruysk,318,703,2.79791,-0.557801,4.35859
Ryazan,Penza,320,321,1.80062,-0.541961,2.77649
Ufa,Yelabuga,322,632,0.900468,-0.470221,1.32389
Bruges,Ghent,324,325,1.46449,-0.527102,2.23643
Bruges,Zeebrugge,324,642,1.62571,-0.531779,2.49023
Ghent,Brussels,325,326,1.97703,-0.52683,3.01859
Brussels,Leuven,326,327,2.4688,-0.529863,3.77693
Leuven,Hasselt,327,708,1.5792,-0.53227,2.41975
Eupen,Aachen,328,329,1.87703,-0.533206,2.87788
Eupen,St. Vith,328,653,0.960035,-0.535069,1.47372
Aachen,Heerlen,329,709,1.4794,-0.532565,2.26728
Olpe,Wetzlar,330,331,1.79836,-0.530122,2.75171
Wetzlar,Gießen,331,332,1.76747,-0.534013,2.71132
Wetzlar,Dortmund,331,508,2.51683,-0.52977,3.85017
Wetzlar,Aschaffenburg,331,509,1.90632,-0.534014,2.92432
Wetzlar,Koblenz,331,660,1.85415,-0.534554,2.8453
Gießen,Bad Hersfeld,332,333,1.08697,-0.536197,1.6698
Bad Hersfeld,Eisenach,333,334,0.518431,-0.532607,0.794551
Eisenach,Erfurt,334,335,0.50213,-0.522301,0.764393
Erfurt,Gera,335,336,1.01035,-0.517037,1.53275
Gera,Chemnitz,336,337,1.51502,-0.516326,2.29727
Gera,Leipzig,336,526,1.53046,-0.51593,2.32007
Gera,Hirschberg,336,527,1.07088,-0.516405,1.62389
Chemnitz,Plauen,337,519,1.43041,-0.515977,2.16847
Wrocław,Opole,339,340,1.25872,-0.513925,1.90561
Wrocław,Kłodzko,339,548,1.27972,-0.51385,1.9373
Opole,Gliwice,340,341,0.605699,-0.512264,0.915977
Gliwice,Zabrze,341,342,0.573235,-0.511896,0.866672
Kraków,Rzeszów,343,344,0.802682,-0.514922,1.216
Kraków,Radom,343,565,0.941393,-0.52044,1.43133
Kraków,Trstená,343,566,1.02024,-0.515227,1.5459
Rzeszów,Jarosław,344,345,0.735646,-0.522069,1.1197
Rzeszów,Radom,344,565,0.794769,-0.52316,1.21056
Rzeszów,Barwinek,344,710,0.589278,-0.517208,0.894058
Jarosław,Korczowa,345,346,0.778221,-0.529273,1.19011
Korczowa,Lviv,346,347,1.64458,-0.532128,2.5197
Lviv,Rivne,347,348,2.0976,-0.542805,3.23619
Lviv,Mukachevo,347,378,3.1292,-0.525022,4.7721
Lviv,Lublin,347,713,1.65099,-0.530333,2.52656
Rivne,Zhytomyr,348,349,1.25942,-0.548341,1.95002
Rivne,Kovel,348,714,1.24671,-0.548948,1.93109
Zhytomyr,Vinnytsia,349,381,2.13381,-0.543229,3.29296
Beyneu,Qo‘ng‘irot,351,352,0.511014,-0.474849,0.753668
Qo‘ng‘irot,Nukus,352,353,0.248688,-0.443035,0.358866
Nukus,Daşoguz,353,354,0.206718,-0.379759,0.285222
Daşoguz,Bukhara,354,355,0.161256,-0.325935,0.213815
Daşoguz,Ashgabat,354,432,0.183714,-0.32384,0.243208
Daşoguz,Uchkuduk,354,688,0.091822,-0.339825,0.123025
Bukhara,Navoiy,355,356,0.177184,-0.325495,0.234856
Bukhara,Alat,355,436,0.159506,-0.313309,0.209481
Bukhara,Karshi,355,437,0.160906,-0.314129,0.211452
Bukhara,Uchkuduk,355,688,0.10167,-0.318085,0.134009
Navoiy,Samarkand,356,357,0.130067,-0.352174,0.175873
Samarkand,Jizzakh,357,358,0.174562,-0.385268,0.241816
Sary-Ozek,Taldykorgan,360,361,0.148519,-0.384018,0.205553
Sary-Ozek,Koktal,360,697,0.139559,-0.385575,0.193369
Taldykorgan,Ucharal,361,362,0.0667751,-0.377431,0.091978
Ucharal,Taskesken,362,363,0.0354373,-0.372481,0.048637
Taskesken,Ayagoz,363,364,0.030499,-0.377062,0.041999
Rennes,Le Mans,365,366,0.837704,-0.505177,1.26089
Le Mans,Angers,366,391,0.681795,-0.505608,1.02652
Le Mans,Tours,366,392,0.815192,-0.504554,1.2265
Le Mans,Rouen,366,662,1.23076,-0.514677,1.86421
Reims,Charleroi,367,651,1.55732,-0.528243,2.37997
Reims,Charleville-Mézières,367,658,1.43127,-0.528203,2.18728
Reims,Rouen,367,662,1.68697,-0.52232,2.56811
Saarbrücken,Mannheim,368,369,2.57466,-0.536283,3.95541
Saarbrücken,Trier,368,659,1.34539,-0.535671,2.06608
Mannheim,Heilbronn,369,370,2.41155,-0.536882,3.70627
Rozvadov,Plzeň,371,372,2.10659,-0.526944,3.21665
Plzeň,Karlovy Vary,372,523,1.48234,-0.524037,2.25914
Plzeň,České Budějovice,372,524,1.72896,-0.525062,2.63677
Plzeň,Bayerisch Eisenstein,372,530,1.75507,-0.525733,2.67776
Trenčín,Prešov,373,374,1.18363,-0.519766,1.79884
Prešov,Košice,374,375,1.8401,-0.520723,2.79828
Prešov,Svidník,374,712,0.893215,-0.520024,1.35771
Košice,Vyšné Nemecké,375,376,0.933927,-0.520954,1.42046
Košice,Uzhhorod,375,377,1.7872,-0.521931,2.72
Košice,Miskolc,375,552,1.72394,-0.519052,2.61875
Košice,Zvolen,375,568,1.79138,-0.518768,2.72069
Vyšné Nemecké,Uzhhorod,376,377,0.853276,-0.523001,1.29954
Uzhhorod,Mukachevo,377,378,2.82182,-0.522554,4.29638
Uzhhorod,Chop,377,723,1.44241,-0.523238,2.19714
Mukachevo,Stryj,378,379,2.16783,-0.518427,3.29169
Mukachevo,Halmeu,378,578,2.69035,-0.519352,4.08759
Khmelnytskyi,Vinnytsia,380,381,1.40427,-0.532132,2.15153
Vinnytsia,Uman,381,382,1.37834,-0.529766,2.10853
Vinnytsia,Mohyliv-Podilskyi,381,728,1.25879,-0.533317,1.93013
Uman,Kirovohrad,382,383,1.12945,-0.516346,1.71264
Kirovohrad,Dnipropetrovsk,383,384,0.835638,-0.506428,1.25883
Kirovohrad,Chişinău,383,672,1.67006,-0.509784,2.52143
Dnipropetrovsk,Donetsk,384,385,0.372767,-0.491826,0.556103
Donetsk,Rostov-on-Don,385,386,0.276569,-0.464019,0.404902
Rostov-on-Don,Armavir,386,387,0.270978,-0.439221,0.389997
Rostov-on-Don,Taganrog,386,675,0.246293,-0.463849,0.360536
Lorient,Vannes,388,389,0.228658,-0.496506,0.342189
Vannes,Nantes,389,390,0.493496,-0.50071,0.740595
Nantes,Angers,390,391,0.692401,-0.500574,1.039
Nantes,Poitiers,390,676,0.939648,-0.507089,1.41613
Angers,Tours,391,392,0.577548,-0.495794,0.863893
Tours,Vierzon,392,503,0.774125,-0.494441,1.15688
Montargis,Auxerre,393,394,1.22235,-0.516714,1.85396
Auxerre,Beaune,394,395,2.18468,-0.524659,3.33088
Beaune,Dole,395,396,2.13976,-0.527232,3.26791
Beaune,Antwerp,395,505,3.61738,-0.529397,5.53241
Dole,Besançon,396,397,1.09641,-0.530722,1.67829
Besançon,Belfort,397,398,1.21683,-0.532526,1.86482
Zürich,Winterthur,399,400,1.30973,-0.51085,1.97881
Winterthur,St. Gallen,400,401,0.939775,-0.509771,1.41885
Winterthur,Schaffhausen,400,511,1.20279,-0.521965,1.8306
St. Gallen,St. Margrethen,401,402,0.887671,-0.509239,1.33971
St. Margrethen,Bregenz,402,403,1.47379,-0.512396,2.22896
St. Margrethen,Buchs,402,514,0.691832,-0.508442,1.04359
Bregenz,Feldkirch,403,748,1.43346,-0.511025,2.16599
Bregenz,Lindau,403,513,2.20012,-0.515256,3.33374
Feldkirch,Landeck,748,404,0.679811,-0.50279,1.02161
Feldkirch,Imst,748,406,0.710798,-0.50241,1.06791
Landeck,Telfs,404,405,0.487562,-0.497583,0.730165
Sattledt,Liezen,408,532,0.94272,-0.517526,1.4306
Sattledt,Wels,408,669,0.97026,-0.521165,1.47593
Sankt Pölten,Vienna,409,410,1.97651,-0.517529,2.99941
Vienna,Nickelsdorf,410,411,2.19197,-0.517116,3.32547
Vienna,Halámky,410,525,2.07711,-0.518018,3.15309
Vienna,Graz,410,534,2.7984,-0.511051,4.22852
Nickelsdorf,Mosonmagyaróvár,411,412,1.54576,-0.517327,2.34542
Szolnok,Püspökladány,413,414,1.89272,-0.51432,2.86618
Püspökladány,Oradea,414,415,2.45916,-0.509089,3.7111
Püspökladány,Nyíregyháza,414,722,1.42384,-0.516245,2.15889
Oradea,Cluj-Napoca,415,416,1.32542,-0.493319,1.97928
Oradea,Berettyóújfalu,415,570,1.72199,-0.505917,2.59318
Oradea,Beiuş,415,571,1.21927,-0.496773,1.82497
Oradea,Satu Mare,415,579,1.8454,-0.50634,2.7798
Oradea,Arad,415,684,2.14389,-0.492646,3.20008
Cluj-Napoca,Turda,416,417,0.826353,-0.492328,1.23319
Cluj-Napoca,Zalău,416,580,0.752428,-0.501438,1.12972
Turda,Târgu Mureş,417,418,0.390454,-0.481775,0.578565
Turda,Sebeş,417,581,0.404913,-0.481907,0.600043
Târgu Mureş,Braşov,418,419,0.304407,-0.46918,0.447228
Braşov,Ploieşti,419,420,0.29464,-0.45078,0.427457
Braşov,Sibiu,419,582,0.357226,-0.473242,0.52628
Braşov,Piteşti,419,583,0.251174,-0.453458,0.36507
Slobozia,Hârşova,421,422,0.496049,-0.446281,0.717426
Slobozia,Galaţi,421,588,0.744269,-0.459242,1.08607
Hârşova,Constanţa,422,423,0.540835,-0.437761,0.777591
Constanţa,Varna,423,463,0.579781,-0.411331,0.818263
Constanţa,Tulcea,423,589,0.540835,-0.437761,0.777591
Senaki,Samtredia,424,425,0.0242935,-0.50713,0.0366135
Senaki,Zugdidi,424,604,0.0602394,-0.55228,0.0935084
Samtredia,Kutaisi,425,426,0.0129875,-0.391204,0.0180683
Kutaisi,Khashuri,426,427,0.011843,-0.267853,0.0150152
Khashuri,Gori,427,428,0.017043,-0.223182,0.0208466
Rustavi,Ganja,429,430,0.0297332,-0.314197,0.0390753
Ganja,Yevlakh,430,431,0.044346,-0.392976,0.061773
Ashgabat,Tejen,432,433,0.114751,-0.310391,0.150368
Tejen,Mary,433,434,0.0659119,-0.303621,0.0859241
Mary,Türkmenabat,434,435,0.0570976,-0.302717,0.0743819
Türkmenabat,Alat,435,436,0.082852,-0.307173,0.108302
Karshi,Guzar,437,438,0.0865134,-0.311489,0.113461
Guzar,Sherobod,438,439,0.0660165,-0.317502,0.0869768
Sherobod,Termez,439,440,0.0874403,-0.330791,0.116365
Jirgatal,Sary Tash,441,442,0.144071,-0.356996,0.195504
Jirgatal,Khorugh,441,694,0.0953509,-0.342654,0.128023
Sary Tash,Irkeshtam,442,443,0.168726,-0.377124,0.232357
Irkeshtam,Osh,443,691,0.320643,-0.386559,0.44459
A Coruña,Bilbao,444,445,0.18654,-0.416209,0.264179
A Coruña,Pontevedra,444,481,0.0906916,-0.401559,0.12711
Clermont-Ferrand,Montluçon,446,504,0.963762,-0.486894,1.43301
Chambéry,Susa,447,448,0.984068,-0.491245,1.46749
Chambéry,Marseille,447,736,0.723109,-0.497452,1.08282
Susa,Turin,448,449,0.721333,-0.472982,1.06251
Tortona,Brescia,450,451,0.404877,-0.44013,0.583075
Trieste,Postojna,452,453,0.397389,-0.47312,0.585402
Trieste,Ljubljana,452,454,0.731974,-0.479441,1.08291
Postojna,Ljubljana,453,454,0.489511,-0.484594,0.726725
Ljubljana,Maribor,454,535,0.808885,-0.491435,1.2064
Ljubljana,Naklo,454,538,1.17598,-0.491762,1.75428
Vršac,Timişoara,456,457,1.1084,-0.464434,1.62317
Timişoara,Drobeta-Turnu Severin,457,458,1.25236,-0.46446,1.83402
Timişoara,Arad,457,684,1.82884,-0.477886,2.70282
Drobeta-Turnu Severin,Craiova,458,459,1.28245,-0.458405,1.87033
Craiova,Alexandria,459,460,0.537511,-0.455526,0.782361
Craiova,Târgu Jiu,459,574,0.730594,-0.463409,1.06916
Craiova,Piteşti,459,583,0.687435,-0.459313,1.00318
Razgrad,Shumen,461,462,0.192862,-0.382561,0.266644
Shumen,Varna,462,463,0.283235,-0.390858,0.39394
Varna,Burgas,463,590,0.278957,-0.390343,0.387846
Lisbon,Valladolid,464,465,0.190162,-0.382932,0.262981
Lisbon,Porto,464,483,0.194947,-0.369698,0.267018
Lisbon,Albufeira,464,484,0.198122,-0.36531,0.270498
Toulouse,Nice,466,467,1.17806,-0.456304,1.71561
Nice,Cuneo,467,685,0.526298,-0.449842,0.763048
Sofia,Plovdiv,468,469,0.625119,-0.435339,0.897258
Sofia,Botevgrad,468,575,0.62836,-0.435756,0.902172
Sofia,Blagoevgrad,468,576,0.699683,-0.432895,1.00257
Sofia,Kyustendil,468,745,0.47203,-0.437204,0.678403
Plovdiv,Istanbul,469,470,0.26669,-0.42921,0.381156
Istanbul,İzmit,470,471,0.137192,-0.409513,0.193374
İzmit,Gerede,471,472,0.0545655,-0.371009,0.0748098
İzmit,Bursa,471,479,0.0569261,-0.36365,0.0776272
Gerede,Kızılcahamam,472,599,0.0294699,-0.3376,0.0394189
Mazara del Vallo,Palermo,473,474,0.00188507,0,0.00188507
Metaponto,Taranto,475,476,0.0261566,-0.332554,0.0348551
Metaponto,Potenza,475,743,0.015727,-0.308558,0.0205798
Ioannina,Trikala,477,687,0.088973,-0.379019,0.122695
Gelibolu,Keşan,478,596,0.276215,-0.388077,0.383407
Gelibolu,Ayvalık,478,597,0.276633,-0.387542,0.383841
Bursa,Ankara,479,480,0.0343367,-0.32706,0.0455668
Bursa,Balıkesir,479,746,0.0419475,-0.33126,0.055843
Ankara,Kızılcahamam,480,599,0.0242723,-0.314391,0.0319033
Pontevedra,Valença,481,482,0.0676799,-0.379421,0.0933591
Valença,Porto,482,483,0.0960265,-0.36747,0.131313
Albufeira,Castro Marim,484,485,0.11209,-0.356942,0.152099
Castro Marim,Huelva,485,486,0.106076,-0.35506,0.14374
Cherbourg-Octeville,La Rochelle,487,488,0.180945,-0.505036,0.272328
Cherbourg-Octeville,Caen,487,661,0.369343,-0.51609,0.559956
La Rochelle,Saintes,488,730,0.175314,-0.485999,0.260517
Oslo,Hamar,489,490,0.160174,-0.350233,0.216272
Oslo,Askim,489,619,0.167655,-0.350731,0.226457
Hamar,Lillehammer,490,491,0.10076,-0.350528,0.136079
Lillehammer,Dombås,491,492,0.111983,-0.351076,0.151298
Dombås,Trondheim,492,493,0.201836,-0.350954,0.272672
Trondheim,Stjørdal,493,494,0.197968,-0.350835,0.267422
Stjørdal,Steinkjer,494,495,0.100195,-0.349847,0.135248
Steinkjer,Mosjøen,495,496,0.0725285,-0.346848,0.0976848
Mosjøen,Mo i Rana,496,497,0.0951744,-0.343059,0.127825
Mo i Rana,Umeå,497,612,0.183121,-0.341848,0.245721
Setermoen,Alta,498,499,0.0102226,-0.288424,0.013171
Alta,Olderfjord,499,500,0.0101967,-0.295082,0.0132055
Olderfjord,Lakselv,500,501,0.0161885,-0.348,0.0218221
Lakselv,Karasjok,501,502,0.0334476,-0.395793,0.0466859
Vierzon,Montluçon,503,504,0.583337,-0.489608,0.868943
Antwerp,Zeebrugge,505,642,2.36531,-0.532803,3.62555
Martigny,Sion,506,678,0.65731,-0.508995,0.991878
Bremen,Groningen,507,624,2.03616,-0.520319,3.09562
Stuttgart,Schaffhausen,510,511,1.76059,-0.53201,2.69725
Stuttgart,Ulm,510,512,1.58089,-0.530573,2.41967
Ulm,Lindau,512,513,1.42241,-0.525803,2.17031
Lindau,Waldshut,513,666,1.99364,-0.521054,3.03243
Buchs,Chur,514,515,0.282258,-0.500591,0.423555
Chur,San Bernardino,515,516,0.155277,-0.480093,0.229824
Halle,Plauen,518,519,1.32541,-0.516035,2.00936
Plauen,Schönberg,519,520,1.08205,-0.515702,1.64006
Plauen,Hof,519,528,1.4245,-0.517385,2.16152
Schönberg,Vojtanov,520,521,0.648938,-0.51583,0.983679
Vojtanov,Cheb,521,522,0.88531,-0.517743,1.34367
Cheb,Karlovy Vary,522,523,1.4574,-0.519342,2.2143
Cheb,Marktredwitz,522,663,1.15755,-0.5201,1.7596
Karlovy Vary,Teplice,523,715,0.903672,-0.518864,1.37255
České Budějovice,Halámky,524,525,1.25021,-0.522169,1.90304
Hirschberg,Hof,527,528,1.09983,-0.517872,1.66939
Hof,Bayreuth,528,529,1.75233,-0.52138,2.66596
Bayreuth,Marktredwitz,529,663,1.57153,-0.522576,2.39278
Bayerisch Eisenstein,Deggendorf,530,531,1.32698,-0.524814,2.02339
Liezen,Sankt Michael,532,533,0.796155,-0.512088,1.20386
Sankt Michael,Graz,533,534,1.46499,-0.507953,2.20914
Graz,Maribor,534,535,1.29667,-0.501767,1.94729
Graz,Spielfeld,534,536,0.953748,-0.50647,1.43679
Graz,Klagenfurt,534,683,1.80902,-0.502893,2.71876
Maribor,Spielfeld,535,536,0.46322,-0.493619,0.691875
Karavanke Tunnel,Naklo,537,538,0.948087,-0.501683,1.42373
Naklo,Loiblpass,538,734,0.91893,-0.499266,1.37772
Kemijärvi,Posio,539,540,0.0408437,-0.290791,0.0527206
Posio,Kuusamo,540,541,0.0256794,-0.290673,0.0331437
Kuusamo,Kajaani,541,542,0.0254437,-0.29633,0.0329834
Kajaani,Iisalmi,542,543,0.0402874,-0.306745,0.0526454
Iisalmi,Kuopio,543,544,0.0798472,-0.313889,0.10491
Tampere,Turku,545,546,0.0863739,-0.331472,0.115004
Tampere,Vaasa,545,616,0.11615,-0.320698,0.153399
Tampere,Hämeenlinna,545,618,0.152204,-0.349836,0.205451
Turku,Pori,546,617,0.0585574,-0.320611,0.0773315
Riga,Šiauliai,547,561,1.89452,-0.546187,2.92928
Riga,Rēzekne,547,627,1.96484,-0.552636,3.05069
Kłodzko,Kudowa-Zdrój,548,549,0.587074,-0.512404,0.887893
Kudowa-Zdrój,Náchod,549,550,0.49607,-0.512364,0.750239
Náchod,Hradec Králové,550,551,0.913404,-0.514318,1.38318
Hradec Králové,Olomouc,551,716,1.2581,-0.516197,1.90753
Miskolc,Debrecen,552,569,1.4269,-0.517613,2.16549
Szekszárd,Mohács,555,556,0.867726,-0.510769,1.31093
Mohács,Osijek,556,557,0.554113,-0.503665,0.833201
Osijek,Đakovo,557,558,0.348438,-0.492034,0.519881
Osijek,Sombor,557,735,0.57252,-0.495136,0.855994
Đakovo,Šamac,558,559,0.172527,-0.469216,0.25348
Šamac,Zenica,559,560,0.158522,-0.431731,0.226961
Zenica,Sarajevo,560,737,0.281394,-0.416974,0.398729
Šiauliai,Tolpaki,561,562,1.52058,-0.536101,2.33577
Šiauliai,Palanga,561,704,1.15721,-0.539806,1.78187
Šiauliai,Panevėžys,561,705,1.19317,-0.540445,1.83801
Tolpaki,Kaliningrad,562,563,1.01189,-0.5272,1.54536
Tolpaki,Nesterov,562,640,0.911011,-0.532337,1.39598
Trstená,Ružomberok,566,567,0.851566,-0.516171,1.29112
Ružomberok,Zvolen,567,568,1.562,-0.516889,2.36937
Debrecen,Berettyóújfalu,569,570,1.04064,-0.512962,1.57445
Beiuş,Deva,571,572,0.869261,-0.4881,1.29355
Deva,Petroşani,572,573,0.795906,-0.473459,1.17273
Deva,Sibiu,572,582,1.01511,-0.47436,1.49664
Deva,Arad,572,684,1.3599,-0.477853,2.00973
Petroşani,Târgu Jiu,573,574,0.51932,-0.469711,0.76325
Botevgrad,Jablanica,575,585,0.275869,-0.430573,0.394651
Blagoevgrad,Serres,576,577,0.462404,-0.420806,0.656987
Halmeu,Satu Mare,578,579,2.22941,-0.512558,3.37211
Satu Mare,Zalău,579,580,0.977405,-0.507305,1.47325
Sebeş,Sibiu,581,582,0.447732,-0.473717,0.659831
Sibiu,Piteşti,582,583,0.524434,-0.46506,0.768327
Pleven,Jablanica,584,585,0.160943,-0.412578,0.227344
Izmail,Reni,586,587,0.801277,-0.509023,1.20914
Reni,Galaţi,587,588,0.77237,-0.484272,1.14641
Galaţi,Tulcea,588,589,0.557752,-0.460674,0.814694
Galaţi,Giurgiuleşti,588,729,0.908686,-0.486175,1.35047
Burgas,Malko Tarnovo,590,591,0.16007,-0.376037,0.220262
Malko Tarnovo,Dereköy,591,592,0.0729301,-0.367626,0.0997411
Dereköy,Kırklareli,592,593,0.0394125,-0.364499,0.0537783
Kırklareli,Babaeski,593,594,0.0346264,-0.371097,0.0474762
Babaeski,Havsa,594,595,0.0555399,-0.386293,0.0769946
Havsa,Keşan,595,596,0.119363,-0.389691,0.165877
Ayvalık,İzmir,597,598,0.120369,-0.386673,0.166912
İzmir,Manisa,598,747,0.057191,-0.374609,0.0786153
Kherson,Dzhankoy,600,601,0.889605,-0.530316,1.36138
Kherson,Mykolaiv,600,673,1.04865,-0.525395,1.5996
Kherson,Melitopol,600,674,0.576606,-0.524708,0.879156
Sochi,Sukhumi,602,603,0.449018,-0.563775,0.702163
Sukhumi,Zugdidi,603,604,0.162723,-0.564796,0.254629
Jönköping,Linköping,605,606,0.0911719,-0.329901,0.12125
Linköping,Norrköping,606,607,0.120306,-0.333333,0.160408
Norrköping,Södertälje,607,608,0.1802,-0.342288,0.241881
Norrköping,Kalmar,607,626,0.11988,-0.333302,0.159836
Uppsala,Sundsvall,609,610,0.322343,-0.349928,0.435139
Sundsvall,Örnsköldsvik,610,611,0.30355,-0.347839,0.409137
Örnsköldsvik,Umeå,611,612,0.251786,-0.344256,0.338464
Haparanda,Tornio,613,614,0.132868,-0.318714,0.175215
Kokkola,Vaasa,615,616,0.120063,-0.315078,0.157892
Vaasa,Pori,616,617,0.0682891,-0.317243,0.0899534
Askim,Karlstad,619,620,0.139827,-0.351413,0.188964
Kotka,Vaalimaa,621,622,0.341744,-0.503872,0.513938
Vaalimaa,Vyborg,622,623,0.812451,-0.52006,1.23497
Groningen,Hoogeveen,624,698,0.743653,-0.519865,1.13025
Sassnitz,Stralsund,625,699,0.422375,-0.515941,0.640296
Rēzekne,Velikiye Luki,627,628,2.15927,-0.560821,3.37023
Rēzekne,Daugavpils,627,702,1.32521,-0.553039,2.05811
Vladimir,Nizhny Novgorod,629,630,1.43032,-0.555084,2.22426
Nizhny Novgorod,Kazan,630,631,0.655017,-0.540446,1.00902
Kazan,Yelabuga,631,632,0.587722,-0.498419,0.880654
Yelabuga,Perm,632,633,0.465105,-0.474031,0.68558
Perm,Yekaterinburg,633,634,0.223997,-0.457459,0.326467
Yekaterinburg,Tyumen,634,635,0.187829,-0.429728,0.268544
Koszalin,Słupsk,637,638,0.239435,-0.515773,0.362929
Słupsk,Gdynia,638,639,0.384327,-0.517848,0.583351
Nesterov,Marijampolė,640,641,0.799966,-0.538522,1.23076
Aktobe,Karabutak,647,648,0.743124,-0.519003,1.12881
Karabutak,Aral,648,649,0.350391,-0.505847,0.527636
Aral,Novokazalinsk,649,650,0.312147,-0.459475,0.455571
Charleroi,Namur,651,652,1.08325,-0.531638,1.65915
St. Vith,Wittlich,653,654,1.01476,-0.536774,1.55946
Wittlich,Bingen,654,655,0.626118,-0.539188,0.963713
Bingen,Wiesbaden,655,656,0.912664,-0.539922,1.40543
Amiens,Charleville-Mézières,657,658,1.3084,-0.528512,1.9999
Trier,Koblenz,659,660,1.38251,-0.536576,2.12433
Caen,Rouen,661,662,0.938968,-0.518842,1.42614
Regensburg,Passau,667,668,1.09051,-0.530248,1.66875
Passau,Wels,668,669,1.13544,-0.526058,1.73275
Wels,Braunau am Inn,669,721,1.36792,-0.520312,2.07967
Iaşi,Sculeni,670,671,1.3129,-0.512841,1.98621
Iaşi,Bălţi,670,727,1.09821,-0.516559,1.6655
Sculeni,Chişinău,671,672,1.48564,-0.5108,2.24451
Chişinău,Giurgiuleşti,672,729,1.20939,-0.505705,1.82099
Melitopol,Taganrog,674,675,0.273943,-0.501955,0.411449
Poitiers,Mâcon,676,677,1.72845,-0.511511,2.61257
Sion,Simplon,678,679,0.323188,-0.488696,0.481128
Simplon,Gravellona Toce,679,680,0.304946,-0.454235,0.443464
Innichen,Spittal an der Drau,681,682,0.668681,-0.502331,1.00458
Klagenfurt,Loiblpass,683,734,1.03309,-0.503677,1.55343
Cuneo,Asti,685,686,0.319984,-0.446772,0.462943
Kokand,Andijan,689,690,0.252447,-0.386757,0.350083
Andijan,Osh,690,691,0.343586,-0.382097,0.47487
Kulob,Kalaikhumb,692,693,0.0687439,-0.336497,0.091876
Kalaikhumb,Khorugh,693,694,0.061465,-0.334863,0.0820474
Kokpek,Chundzha,695,696,0.123306,-0.387836,0.171129
Chundzha,Koktal,696,697,0.0949384,-0.384397,0.131432
Stralsund,Neubrandenburg,699,700,0.616639,-0.515981,0.934813
Ukmergė,Daugavpils,701,702,1.30469,-0.546763,2.01804
Ukmergė,Panevėžys,701,705,1.21838,-0.541313,1.8779
Breda,Gorinchem,706,707,0.754014,-0.514479,1.14194
Hasselt,Heerlen,708,709,0.997687,-0.532846,1.5293
Barwinek,Vyšný Komárnik,710,711,0.326927,-0.51583,0.495567
Vyšný Komárnik,Svidník,711,712,0.401855,-0.518137,0.610071
Lublin,Kovel,713,714,1.24135,-0.537644,1.90876
Olomouc,Český Těšín,716,717,0.798772,-0.515305,1.21038
Garmisch-Partenkirchen,Mittenwald,718,719,0.890085,-0.513692,1.34731
Mittenwald,Seefeld,719,720,0.6009,-0.504043,0.903779
Nyíregyháza,Chop,722,723,0.941915,-0.521503,1.43313
Dunajská Streda,Medveďov,724,725,0.615459,-0.516765,0.933507
Medveďov,Vámosszabadi,725,726,0.540037,-0.51695,0.81921
Bălţi,Mohyliv-Podilskyi,727,728,0.772651,-0.525271,1.1785
Saintes,Angoulême,730,731,0.340089,-0.477988,0.502648
St. Johann in Tirol,Lofer,732,733,0.932176,-0.509699,1.4073
Sarajevo,Užice,737,738,0.375849,-0.422461,0.53463
Užice,Čačak,738,739,0.527357,-0.432016,0.755184
Čačak,Nova Varoš,739,740,0.5264,-0.432352,0.753991
Avellino,Benevento,741,742,0.101286,-0.38212,0.139989
Balıkesir,Manisa,746,747,0.0368617,-0.344735,0.0495693
Warsaw,Brest-Litovsk,316,0,2.28194,-0.535975,3.50499
Brest-Litovsk,Minsk,0,318,2.11591,-0.546983,3.27328
Lyon,Mâcon,17,677,1.8068,-0.505339,2.71984
Beaune,Mâcon,395,677,2.93702,-0.517431,4.45672
