Glasgow,Preston,1,2,0.0043011,0,0.0043011
Glasgow,Edinburgh,1,13,0.0043011,0,0.0043011
Preston,Birmingham,2,3,0.0043011,0,0.0043011
Birmingham,Cambridge,3,636,0.0043011,0,0.0043011
Le Havre,Paris,4,5,1.92735,-0.519943,2.92946
Le Havre,Amiens,4,657,1.04899,-0.525483,1.60021
Paris,Orléans,5,6,2.20773,-0.505954,3.32474
Paris,Calais,5,16,1.66885,-0.519484,2.5358
Paris,Lyon,5,17,2.71058,-0.508963,4.09016
Paris,Brussels,5,326,2.82951,-0.524184,4.3127
Paris,Le Mans,5,366,1.72212,-0.509639,2.59978
Paris,Reims,5,367,1.82631,-0.520732,2.77733
Paris,Chaumont,5,665,2.62595,-0.522586,3.99824
Orléans,Bordeaux,6,7,1.21693,-0.491578,1.81515
Orléans,Tours,6,392,1.32353,-0.493395,1.97656
Orléans,Montargis,6,393,1.53779,-0.503584,2.3122
Orléans,Toulouse,6,466,1.48384,-0.482526,2.19983
Bordeaux,San Sebastián,7,8,0.856329,-0.461006,1.2511
Bordeaux,Clermont-Ferrand,7,446,1.4085,-0.482312,2.08784
Bordeaux,Toulouse,7,466,0.736743,-0.462451,1.07745
Bordeaux,Angoulême,7,731,0.869001,-0.475744,1.28242
San Sebastián,Burgos,8,9,0.631369,-0.415014,0.893395
San Sebastián,Bilbao,8,445,0.496514,-0.416119,0.703123
San Sebastián,Toulouse,8,466,0.6679,-0.44314,0.963873
Burgos,Madrid,9,10,0.475601,-0.390448,0.661299
Burgos,Valladolid,9,465,0.298983,-0.392072,0.416205
Madrid,Seville,10,11,0.368768,-0.367541,0.504305
Madrid,Barcelona,10,21,0.58276,-0.40697,0.819926
Madrid,Valencia,10,24,0.368629,-0.378135,0.508021
Madrid,Lisbon,10,464,0.353324,-0.372639,0.484987
Seville,Algeciras,11,12,0.207005,-0.351908,0.279852
Seville,Huelva,11,486,0.218177,-0.351821,0.294937
Algeciras,Málaga,12,28,0.0994052,-0.34272,0.133473
Edinburgh,Newcastle,13,14,0.0043011,0,0.0043011
Newcastle,London,14,15,0.0043011,0,0.0043011
London,Colchester,15,305,0.0043011,0,0.0043011
Calais,Bruges,16,324,1.6079,-0.528723,2.45804
Calais,Rouen,16,662,1.09356,-0.521469,1.66381
Lyon,Orange,17,18,1.36145,-0.49919,2.04107
Lyon,Clermont-Ferrand,17,446,1.63173,-0.488383,2.42863
Lyon,Chambéry,17,447,1.30276,-0.501781,1.95645
Orange,Narbonne,18,19,0.659919,-0.487873,0.981876
Orange,Marseille,18,736,0.584113,-0.49695,0.874388
Narbonne,Girona,19,20,0.446736,-0.458921,0.651752
Girona,Barcelona,20,21,0.643585,-0.433141,0.922348
Barcelona,Tarragona,21,22,0.467264,-0.417038,0.66213
Barcelona,Toulouse,21,466,1.10231,-0.441863,1.58938
Tarragona,Castellón de la Plana,22,23,0.263599,-0.399207,0.36883
Castellón de la Plana,Valencia,23,24,0.270396,-0.379776,0.373086
Valencia,Alicante,24,25,0.220031,-0.369657,0.301367
Alicante,Murcia,25,26,0.103374,-0.358144,0.140396
Murcia,Almería,26,27,0.0607617,-0.3439,0.0816577
Almería,Málaga,27,28,0.0599417,-0.336022,0.0800835
Hook of Holland,Rotterdam,29,30,0.531415,-0.523478,0.8096
Hook of Holland,The Hague,29,307,0.296415,-0.512056,0.448196
Rotterdam,Eindhoven,30,31,1.32278,-0.519947,2.01056
Eindhoven,Maastricht,31,32,1.36343,-0.529988,2.08603
Eindhoven,Antwerp,31,505,2.28907,-0.532615,3.50827
Eindhoven,Venlo,31,643,1.7936,-0.522477,2.73072
Eindhoven,Breda,31,706,1.33948,-0.518793,2.03439
Maastricht,Liège,32,33,1.64595,-0.534556,2.52581
Liège,Bastogne,33,34,1.51387,-0.536396,2.32591
Liège,Leuven,33,327,2.52703,-0.532784,3.87338
Liège,Eupen,33,328,1.57671,-0.535549,2.42112
Liège,Antwerp,33,505,2.82365,-0.535449,4.33557
Liège,Namur,33,652,1.70638,-0.534988,2.61927
Liège,St. Vith,33,653,1.38336,-0.536294,2.12525
Liège,Charleville-Mézières,33,658,1.82785,-0.534953,2.80566
Bastogne,Arlon,34,35,0.905238,-0.537391,1.39171
Arlon,Luxembourg,35,36,1.26954,-0.536694,1.95089
Luxembourg,Metz,36,37,2.1776,-0.532917,3.33808
Luxembourg,St. Vith,36,653,1.5281,-0.536656,2.34817
Luxembourg,Charleville-Mézières,36,658,1.20527,-0.534318,1.84927
Luxembourg,Trier,36,659,1.5009,-0.538198,2.30868
Metz,Saint-Avold,37,38,2.6183,-0.532797,4.01332
Metz,Lausanne,37,44,2.19686,-0.52989,3.36095
Metz,Geneva,37,45,2.5887,-0.519232,3.93284
Metz,Brussels,37,326,3.06031,-0.528777,4.67853
Metz,Reims,37,367,2.26212,-0.527357,3.45507
Metz,Saarbrücken,37,368,2.45372,-0.534419,3.76503
Saint-Avold,Strasbourg,38,39,1.94519,-0.535958,2.98774
Strasbourg,Mulhouse,39,40,2.42609,-0.537528,3.73018
Strasbourg,Appenweier,39,664,1.80351,-0.540909,2.77905
Mulhouse,Basel,40,41,2.35929,-0.534084,3.61935
Mulhouse,Belfort,40,398,1.76936,-0.534199,2.71455
Mulhouse,Chaumont,40,665,2.3039,-0.531159,3.52764
Basel,Olten,41,42,1.42983,-0.529832,2.18739
Basel,Offenburg,41,61,2.00742,-0.536028,3.08346
Basel,Zürich,41,399,1.71583,-0.5248,2.6163
Basel,Waldshut,41,666,2.01784,-0.529855,3.08701
Olten,Bern,42,43,1.45456,-0.530102,2.22563
Olten,Lucerne,42,62,0.913735,-0.524555,1.39304
Bern,Lausanne,43,44,1.21424,-0.527781,1.85509
Bern,Belfort,43,398,1.47625,-0.531666,2.26112
Bern,Martigny,43,506,0.894987,-0.520485,1.36081
Lausanne,Geneva,44,45,1.07845,-0.512153,1.63078
Lausanne,Martigny,44,506,0.797729,-0.517865,1.21084
Geneva,Mont Blanc,45,46,1.23213,-0.51246,1.86354
Geneva,Chambéry,45,447,1.45143,-0.499942,2.17705
Geneva,Mâcon,45,677,2.08962,-0.513966,3.16362
Mont Blanc,Aosta,46,47,0.753073,-0.504834,1.13325
Aosta,Ivrea,47,48,0.751458,-0.4865,1.11704
Aosta,Martigny,47,506,0.956148,-0.505333,1.43932
Ivrea,Vercelli,48,49,0.349327,-0.465643,0.511989
Ivrea,Turin,48,449,0.541122,-0.460653,0.790391
Vercelli,Alessandria,49,50,0.347785,-0.448409,0.503735
Alessandria,Genoa,50,51,0.498327,-0.441725,0.718451
Alessandria,Turin,50,449,0.435953,-0.449376,0.631859
Alessandria,Tortona,50,450,0.343655,-0.440063,0.494885
Alessandria,Asti,50,686,0.437689,-0.442393,0.631319
Genoa,Rome,51,74,1.08169,-0.435966,1.55328
Genoa,Tortona,51,450,0.592359,-0.43821,0.851936
Genoa,Nice,51,467,0.796343,-0.444341,1.15019
Amsterdam,Utrecht,52,53,1.23861,-0.512971,1.87398
Amsterdam,Amersfoort,52,309,0.695776,-0.522752,1.05949
Amsterdam,Brussels,52,326,2.91373,-0.525966,4.44625
Amsterdam,Groningen,52,624,1.26111,-0.518958,1.91557
Utrecht,Arnhem,53,54,0.971617,-0.504568,1.46186
Utrecht,Gouda,53,308,0.798535,-0.501152,1.19872
Utrecht,Amersfoort,53,309,0.737902,-0.502826,1.10894
Utrecht,Gorinchem,53,707,0.935239,-0.503808,1.40642
Arnhem,Emmerich,54,55,0.856643,-0.510949,1.29434
Emmerich,Oberhausen,55,56,1.61707,-0.51728,2.45355
Oberhausen,Cologne,56,57,2.68926,-0.523685,4.09758
Oberhausen,Dortmund,56,508,1.93521,-0.519792,2.94111
Oberhausen,Venlo,56,643,1.85937,-0.515845,2.81852
Cologne,Frankfurt am Main,57,58,2.97612,-0.533759,4.56465
Cologne,Aachen,57,329,2.61528,-0.531611,4.00559
Cologne,Olpe,57,330,1.87548,-0.529848,2.8692
Cologne,Bremen,57,507,2.88138,-0.521461,4.38391
Frankfurt am Main,Heidelberg,58,59,2.58352,-0.541978,3.98373
Frankfurt am Main,Gießen,58,332,1.85102,-0.539467,2.84958
Frankfurt am Main,Mannheim,58,369,2.99654,-0.540484,4.61612
Frankfurt am Main,Aschaffenburg,58,509,2.18758,-0.539349,3.36745
Frankfurt am Main,Wiesbaden,58,656,2.10005,-0.541442,3.23711
Heidelberg,Karlsruhe,59,60,2.208,-0.541468,3.40357
Karlsruhe,Offenburg,60,61,1.98515,-0.533431,3.0441
Karlsruhe,Stuttgart,60,510,2.74852,-0.535118,4.2193
Karlsruhe,Appenweier,60,664,2.04274,-0.541,3.14786
Lucerne,Altdorf,62,63,0.692839,-0.51501,1.04966
Altdorf,Gotthard Pass,63,64,0.514166,-0.499926,0.771212
Altdorf,Zürich,63,399,0.917783,-0.515305,1.39072
Gotthard Pass,Bellinzona,64,65,0.297286,-0.466448,0.435955
Bellinzona,Lugano,65,66,0.194568,-0.428346,0.277911
Bellinzona,San Bernardino,65,516,0.193404,-0.440154,0.278531
Lugano,Chiasso,66,67,0.163839,-0.415714,0.23195
Chiasso,Como,67,68,0.269331,-0.421605,0.382882
Como,Milan,68,69,0.601925,-0.429158,0.860246
Milan,Piacenza,69,70,0.706043,-0.432512,1.01141
Milan,Turin,69,449,0.712255,-0.443071,1.02783
Milan,Tortona,69,450,0.491399,-0.433916,0.704626
Milan,Brescia,69,451,0.615737,-0.436022,0.884212
Milan,Gravellona Toce,69,680,0.6242,-0.433998,0.895102
Piacenza,Parma,70,71,0.536961,-0.434439,0.770238
Parma,Modena,71,72,0.834434,-0.437842,1.19978
Modena,Florence,72,73,0.997374,-0.43944,1.43566
Modena,Verona,72,94,1.09677,-0.441757,1.58128
Modena,Bologna,72,95,0.954143,-0.441543,1.37544
Florence,Rome,73,74,0.929961,-0.43562,1.33507
Rome,Pescara,74,125,0.962477,-0.426616,1.37309
Östersund,Mora,75,76,0.369884,-0.351076,0.499741
Östersund,Trondheim,75,493,0.439015,-0.35121,0.593201
Östersund,Sundsvall,75,610,0.47125,-0.348782,0.635614
Mora,Säffle,76,77,0.269344,-0.351001,0.363884
Säffle,Gothenburg,77,78,0.357885,-0.349845,0.483089
Gothenburg,Halmstad,78,300,0.349378,-0.345425,0.470062
Gothenburg,Örebro,78,301,0.373327,-0.350956,0.504348
Gothenburg,Oslo,78,489,0.313079,-0.349625,0.422539
Hamburg,Hanover,79,80,1.84479,-0.517933,2.80027
Hamburg,Berlin,79,108,2.04797,-0.516761,3.10628
Hamburg,Bremen,79,507,2.28084,-0.518845,3.46424
Hamburg,Lübeck,79,517,1.06417,-0.517186,1.61454
Hanover,Göttingen,80,81,1.2422,-0.524088,1.89323
Hanover,Bad Oeynhausen,80,312,1.42939,-0.523738,2.17802
Hanover,Braunschweig,80,313,1.36912,-0.519167,2.07993
Göttingen,Kassel,81,82,1.0958,-0.529017,1.6755
Kassel,Fulda,82,83,1.438,-0.534711,2.20691
Kassel,Dortmund,82,508,1.71506,-0.528133,2.62084
Fulda,Würzburg,83,84,2.06059,-0.537029,3.16718
Würzburg,Nuremberg,84,85,3.07793,-0.537634,4.73273
Würzburg,Aschaffenburg,84,509,2.69246,-0.538226,4.14161
Würzburg,Stuttgart,84,510,2.12283,-0.541018,3.27131
Würzburg,Ulm,84,512,1.43874,-0.535117,2.20864
Nuremberg,Munich,85,86,2.79188,-0.528231,4.26664
Nuremberg,Heilbronn,85,370,2.76989,-0.537245,4.25799
Nuremberg,Rozvadov,85,371,2.27704,-0.529941,3.48374
Nuremberg,Bayreuth,85,529,3.05011,-0.529119,4.66398
Nuremberg,Regensburg,85,667,2.1397,-0.53311,3.28039
Munich,Rosenheim,86,87,2.14931,-0.516705,3.25987
Munich,Salzburg,86,115,2.57729,-0.516603,3.90873
Munich,Ulm,86,512,2.03741,-0.526562,3.11024
Munich,Lindau,86,513,2.37549,-0.516296,3.60195
Munich,Deggendorf,86,531,2.2518,-0.524362,3.43256
Munich,Garmisch-Partenkirchen,86,718,2.07584,-0.517209,3.14948
Munich,Braunau am Inn,86,721,1.79259,-0.523469,2.73095
Rosenheim,Wörgl,87,88,1.49573,-0.509149,2.25728
Rosenheim,Bad Reichenhall,87,407,1.16464,-0.514167,1.76347
Wörgl,Innsbruck,88,89,1.51738,-0.497664,2.27252
Wörgl,St. Johann in Tirol,88,732,1.09931,-0.504727,1.65417
Innsbruck,Brenner,89,90,0.945695,-0.486581,1.40585
Innsbruck,Telfs,89,405,0.798617,-0.492117,1.19163
Innsbruck,Imst,89,406,0.814397,-0.492494,1.21548
Innsbruck,Seefeld,89,720,0.938273,-0.492573,1.40044
Brenner,Fortezza,90,91,0.616822,-0.47889,0.912212
Fortezza,Bolzano,91,92,0.476429,-0.467752,0.699279
Fortezza,Innichen,91,681,0.533255,-0.484572,0.791656
Bolzano,Trento,92,93,0.473031,-0.452734,0.687188
Trento,Verona,93,94,0.897946,-0.446038,1.29846
Verona,Mestre,94,120,1.2642,-0.448845,1.83163
Verona,Brescia,94,451,0.988879,-0.440694,1.42467
Bologna,Cesena,95,96,0.809517,-0.44309,1.1682
Cesena,Perugia,96,97,0.56154,-0.4422,0.809854
Cesena,Ravenna,96,121,0.807514,-0.446586,1.16814
Cesena,Rimini,96,122,0.585963,-0.441943,0.844925
Perugia,Fiano Romano,97,98,0.23744,-0.435687,0.34089
Fiano Romano,Naples,98,99,0.120239,-0.418394,0.170547
Naples,Salerno,99,100,0.0364348,-0.382623,0.0503756
Naples,Avellino,99,741,0.058926,-0.378638,0.0812376
Salerno,Sicignano degli Alburni,100,101,0.0308873,-0.312959,0.0405537
Salerno,Avellino,100,741,0.0384956,-0.336607,0.0514535
Sicignano degli Alburni,Potenza,101,743,0.0208581,-0.267611,0.02644
Messina,Catania,102,103,0.0043011,0,0.0043011
Messina,Palermo,102,474,0.0043011,0,0.0043011
Catania,Siracusa,103,104,0.0043011,0,0.0043011
Siracusa,Gela,104,105,0.0043011,0,0.0043011
Gela,Mazara del Vallo,105,473,0.0043011,0,0.0043011
Helsingborg,Copenhagen,299,106,0.0840222,-0.328535,0.111626
Copenhagen,Malmö,106,135,0.0449548,-0.320076,0.0593438
Rostock,Berlin,107,108,1.55738,-0.515969,2.36094
Rostock,Lübeck,107,517,0.775141,-0.516312,1.17536
Rostock,Sassnitz,107,625,0.659226,-0.515853,0.99929
Berlin,Lübbenau,108,109,2.33857,-0.515644,3.54444
Berlin,Szczecin,108,137,1.84939,-0.515807,2.80332
Berlin,Świebodzin,108,139,2.20171,-0.516093,3.338
Berlin,Magdeburg,108,314,2.31489,-0.516635,3.51085
Berlin,Leipzig,108,526,2.0625,-0.515667,3.12607
Berlin,Neubrandenburg,108,700,1.43683,-0.515946,2.17815
Lübbenau,Dresden,109,110,1.72452,-0.515698,2.61386
Lübbenau,Cottbus,109,644,1.28498,-0.515462,1.94733
Dresden,Ústí nad Labem,110,111,1.74422,-0.517533,2.64691
Dresden,Chemnitz,110,337,1.96359,-0.515983,2.97676
Dresden,Görlitz,110,338,1.26498,-0.515941,1.91763
Ústí nad Labem,Prague,111,112,1.94516,-0.519201,2.95509
Prague,Tábor,112,113,1.88717,-0.521072,2.87052
Prague,Mladá Boleslav,112,146,1.09385,-0.517972,1.66044
Prague,Jihlava,112,147,1.9155,-0.5207,2.91289
Prague,Plzeň,112,372,2.08617,-0.523352,3.17797
Prague,Karlovy Vary,112,523,1.30593,-0.517388,1.9816
Prague,Hradec Králové,112,551,1.42935,-0.516787,2.16802
Tábor,Linz,113,114,1.66784,-0.522518,2.53932
Linz,Salzburg,114,115,1.81168,-0.51923,2.75235
Linz,Sattledt,114,408,0.718726,-0.522575,1.09431
Linz,Sankt Pölten,114,409,1.69208,-0.522113,2.57554
Linz,Wels,114,669,1.25443,-0.524323,1.91215
Salzburg,Villach,115,116,2.87568,-0.511813,4.3475
Salzburg,Bad Reichenhall,115,407,1.43137,-0.514043,2.16715
Salzburg,Sattledt,115,408,1.47338,-0.518113,2.23676
Salzburg,Lofer,115,733,1.71837,-0.512859,2.59966
Villach,Tarvisio,116,117,1.55631,-0.506844,2.34511
Villach,Karavanke Tunnel,116,537,1.32824,-0.506932,2.00156
Villach,Spittal an der Drau,116,682,1.49854,-0.507968,2.25975
Villach,Klagenfurt,116,683,1.59891,-0.508711,2.41229
Tarvisio,Udine,117,118,0.835894,-0.49541,1.25
Udine,Palmanova,118,119,0.9437,-0.475658,1.39258
Palmanova,Mestre,119,120,1.2808,-0.461056,1.87132
Palmanova,Trieste,119,452,1.17125,-0.469574,1.72123
Mestre,Ravenna,120,121,0.95401,-0.45024,1.38354
Rimini,Fano,122,123,0.307583,-0.434936,0.441362
Fano,Ancona,123,124,0.296761,-0.422892,0.422259
Ancona,Pescara,124,125,0.536935,-0.418096,0.761425
Pescara,Canosa di Puglia,125,126,0.60819,-0.407438,0.85599
Canosa di Puglia,Bari,126,127,0.229937,-0.371614,0.315384
Canosa di Puglia,Benevento,126,742,0.230431,-0.378508,0.317651
Bari,Brindisi,127,128,0.0672956,-0.355305,0.0912061
Bari,Taranto,127,476,0.0654464,-0.349184,0.0882993
Brindisi,Taranto,128,476,0.0200672,-0.306318,0.0262141
Igoumenitsa,Preveza,129,130,0.0709977,-0.303751,0.0925633
Igoumenitsa,Ioannina,129,477,0.128799,-0.352281,0.174172
Preveza,Rhion,130,131,0.0563277,-0.237521,0.0697068
Rhion,Patras,131,132,0.0372299,-0.184017,0.0440809
Rhion,Aigio,131,175,0.0372299,-0.184017,0.0440809
Patras,Pyrgos,132,133,0.0228567,-0.164714,0.0266215
Pyrgos,Kalamata,133,134,0.0160131,-0.150944,0.0184302
Kalamata,Tripoli,134,177,0.0140036,-0.143495,0.0160131
Malmö,Helsingborg,135,299,0.116814,-0.326653,0.154972
Malmö,Kalmar,135,626,0.113543,-0.322911,0.150207
Goleniów,Szczecin,136,137,0.790506,-0.515167,1.19775
Goleniów,Koszalin,136,637,0.339924,-0.513513,0.51448
Szczecin,Gorzów Wielkopolski,137,138,0.838714,-0.515799,1.27132
Gorzów Wielkopolski,Świebodzin,138,139,0.997908,-0.51604,1.51287
Świebodzin,Zielona Góra,139,140,1.32252,-0.515043,2.00368
Świebodzin,Poznań,139,315,2.04085,-0.517118,3.09621
Zielona Góra,Legnica,140,141,1.3254,-0.515436,2.00855
Legnica,Jelenia Góra,141,142,1.2104,-0.513201,1.83158
Legnica,Görlitz,141,338,1.33815,-0.514662,2.02685
Legnica,Wrocław,141,339,2.02241,-0.512239,3.05837
Legnica,Cottbus,141,644,1.3396,-0.514625,2.02899
Jelenia Góra,Harrachov,142,143,0.526695,-0.510945,0.795807
Harrachov,Železný Brod,143,144,0.381212,-0.50682,0.574418
Železný Brod,Turnov,144,145,0.622142,-0.507349,0.937786
Turnov,Mladá Boleslav,145,146,0.650374,-0.512975,0.984
Turnov,Hradec Králové,145,551,0.925546,-0.511002,1.3985
Turnov,Teplice,145,715,0.790655,-0.511105,1.19476
Jihlava,Brno,147,148,0.990866,-0.517168,1.50331
Jihlava,Vienna,147,410,1.58597,-0.520874,2.41206
Brno,Bratislava,148,149,1.40464,-0.517975,2.1322
Brno,Trenčín,148,373,1.36664,-0.518373,2.07507
Brno,Vienna,148,410,1.62704,-0.518081,2.46999
Brno,Olomouc,148,716,1.37977,-0.517363,2.09362
Bratislava,Rajka,149,150,1.53608,-0.516281,2.32913
Bratislava,Žilina,149,195,1.59155,-0.516216,2.41313
Bratislava,Győr,149,196,1.61159,-0.517467,2.44553
Bratislava,Vienna,149,410,2.27965,-0.513105,3.44935
Bratislava,Zvolen,149,568,2.11636,-0.517058,3.21064
Bratislava,Dunajská Streda,149,724,1.31639,-0.516735,1.99662
Rajka,Csorna,150,151,0.612436,-0.51497,0.927822
Csorna,Szombathely,151,152,0.319565,-0.50949,0.48238
Szombathely,Zalaegerszeg,152,153,0.352325,-0.500643,0.528714
Zalaegerszeg,Nagykanizsa,153,154,0.737862,-0.497923,1.10526
Nagykanizsa,Letenye,154,155,0.46512,-0.497546,0.696539
Nagykanizsa,Zagreb,154,156,1.12168,-0.485767,1.66655
Nagykanizsa,Balatonvilágos,154,553,1.39173,-0.507323,2.09779
Letenye,Zagreb,155,156,0.656559,-0.477423,0.970015
Zagreb,Karlovac,156,157,0.984407,-0.474154,1.45117
Zagreb,Ljubljana,156,454,0.925142,-0.477165,1.36659
Zagreb,Slavonski Brod,156,455,1.28193,-0.465132,1.87819
Zagreb,Maribor,156,535,1.04182,-0.483087,1.54511
Karlovac,Rijeka,157,158,0.455821,-0.468428,0.669341
Karlovac,Knin,157,554,0.367259,-0.466606,0.538624
Rijeka,Split,158,159,0.328079,-0.459282,0.478759
Rijeka,Trieste,158,452,0.784099,-0.470246,1.15282
Split,Dubrovnik,159,160,0.28492,-0.433863,0.408536
Split,Knin,159,554,0.239517,-0.453106,0.348043
Dubrovnik,Petrovac,160,161,0.106318,-0.422127,0.151197
Dubrovnik,Podgorica,160,162,0.266776,-0.414194,0.377273
Petrovac,Podgorica,161,162,0.192285,-0.409651,0.271055
Petrovac,Prizren,161,744,0.168672,-0.417443,0.239083
Podgorica,Bijelo Polje,162,163,0.290237,-0.412029,0.409823
Podgorica,Pristina,162,164,0.388126,-0.421441,0.551698
Podgorica,Sarajevo,162,737,0.507497,-0.407255,0.714177
Bijelo Polje,Pristina,163,164,0.388433,-0.423553,0.552955
Bijelo Polje,Nova Varoš,163,740,0.414595,-0.421438,0.589321
Pristina,Skopje,164,165,0.534997,-0.42354,0.76159
Pristina,Niš,164,202,0.951605,-0.436559,1.36704
Pristina,Prizren,164,744,0.320727,-0.423665,0.456607
Skopje,Kičevo,165,166,0.385007,-0.417609,0.545789
Skopje,Kumanovo,165,203,0.508507,-0.430296,0.727316
Skopje,Veles,165,204,0.417737,-0.417415,0.592106
Kičevo,Ohrid,166,167,0.168454,-0.408706,0.237301
Ohrid,Bitola,167,168,0.0895963,-0.393131,0.124819
Bitola,Niki,168,169,0.0811853,-0.379986,0.112035
Niki,Vevi,169,170,0.134473,-0.380947,0.1857
Vevi,Kozani,170,171,0.290214,-0.38678,0.402463
Kozani,Larissa,171,172,0.196001,-0.388287,0.272106
Kozani,Thessaloniki,171,207,0.611012,-0.397496,0.853887
Kozani,Ioannina,171,477,0.24368,-0.38323,0.337065
Larissa,Domokos,172,173,0.0881956,-0.386442,0.122278
Larissa,Lamia,172,174,0.0881956,-0.386442,0.122278
Larissa,Katerini,172,208,0.242459,-0.394848,0.338193
Larissa,Trikala,172,687,0.128767,-0.380519,0.177765
Domokos,Lamia,173,174,6.62609e-05,-0.453843,3.31305e-05
Aigio,Corinth,175,176,0.0228567,-0.164714,0.0266215
Corinth,Tripoli,176,177,0.0160131,-0.150944,0.0184302
Varangerbotn,Utsjoki,178,179,0.0961122,-0.388042,0.133408
Varangerbotn,Kirkenes,178,243,0.170455,-0.462451,0.249282
Varangerbotn,Karasjok,178,502,0.0892642,-0.394743,0.124501
Utsjoki,Inari,179,180,0.0616321,-0.326789,0.0817728
Inari,Ivalo,180,181,0.0674335,-0.294203,0.0872726
Ivalo,Sodankylä,181,182,0.112913,-0.290991,0.14577
Sodankylä,Rovaniemi,182,183,0.170597,-0.297365,0.221327
Sodankylä,Kemijärvi,182,539,0.109105,-0.290691,0.140821
Rovaniemi,Kemi,183,184,0.237775,-0.302158,0.309621
Kemi,Oulu,184,185,0.315979,-0.301832,0.411351
Kemi,Tornio,184,614,0.238101,-0.307802,0.311389
Oulu,Jyväskylä,185,186,0.274544,-0.305673,0.358464
Oulu,Kokkola,185,615,0.20544,-0.307399,0.268592
Jyväskylä,Heinola,186,187,0.231287,-0.329105,0.307405
Jyväskylä,Kuopio,186,544,0.2237,-0.313466,0.293823
Jyväskylä,Tampere,186,545,0.233288,-0.327288,0.309641
Heinola,Lahti,187,188,0.155287,-0.339175,0.207956
Lahti,Helsinki,188,189,0.184626,-0.372287,0.25336
Helsinki,Hämeenlinna,189,618,0.197645,-0.368383,0.270455
Helsinki,Kotka,189,621,0.237191,-0.433762,0.340076
Gdańsk,Świecie,190,191,1.50965,-0.519632,2.29411
Gdańsk,Kaliningrad,190,563,1.11927,-0.518503,1.69962
Gdańsk,Elbląg,190,564,1.26217,-0.521012,1.91978
Gdańsk,Gdynia,190,639,0.917829,-0.517756,1.39304
Świecie,Łódź,191,192,1.08838,-0.517905,1.65205
Świecie,Poznań,191,315,1.43244,-0.519261,2.17625
Łódź,Piotrków Trybunalski,192,193,1.23537,-0.518625,1.87607
Piotrków Trybunalski,Katowice,193,194,1.48919,-0.516251,2.25799
Piotrków Trybunalski,Warsaw,193,316,2.02699,-0.523332,3.08778
Piotrków Trybunalski,Wrocław,193,339,1.52257,-0.514973,2.30665
Katowice,Žilina,194,195,1.28991,-0.513167,1.95185
Katowice,Zabrze,194,342,1.12597,-0.510991,1.70134
Katowice,Kraków,194,343,1.71127,-0.512055,2.58754
Katowice,Český Těšín,194,717,0.893089,-0.51227,1.35059
Žilina,Olomouc,195,716,0.787549,-0.514559,1.19279
Győr,Budapest,196,197,2.31272,-0.516125,3.50637
Győr,Vámosszabadi,196,726,1.01396,-0.517621,1.5388
Budapest,Szeged,197,198,2.75051,-0.511017,4.15606
Budapest,Mosonmagyaróvár,197,412,2.47629,-0.518205,3.75952
Budapest,Szolnok,197,413,2.59015,-0.514786,3.92352
Budapest,Miskolc,197,552,2.47405,-0.518566,3.75701
Budapest,Balatonvilágos,197,553,2.33739,-0.514306,3.53952
Budapest,Szekszárd,197,555,2.05984,-0.514014,3.11863
Budapest,Zvolen,197,568,2.27076,-0.516307,3.44317
Szeged,Subotica,198,199,1.68394,-0.500975,2.52756
Szeged,Arad,198,684,2.32877,-0.494333,3.47996
Subotica,Novi Sad,199,200,1.1829,-0.481781,1.75279
Subotica,Sombor,199,735,0.940268,-0.49405,1.40481
Novi Sad,Belgrade,200,201,1.36181,-0.46023,1.98856
Belgrade,Niš,201,202,1.34423,-0.451595,1.95128
Belgrade,Slavonski Brod,201,455,1.32523,-0.451186,1.92316
Belgrade,Vršac,201,456,1.23181,-0.45987,1.79829
Belgrade,Čačak,201,739,1.19789,-0.443377,1.72901
Niš,Kumanovo,202,203,0.643862,-0.446387,0.931274
Niš,Drobeta-Turnu Severin,202,458,1.40166,-0.452245,2.03555
Niš,Sofia,202,468,1.18821,-0.441851,1.71322
Kumanovo,Kyustendil,203,745,0.450968,-0.438203,0.648584
Veles,Gevgelija,204,205,0.261089,-0.409563,0.368021
Gevgelija,Evzoni,205,206,0.318305,-0.403472,0.446732
Evzoni,Thessaloniki,206,207,0.632375,-0.40177,0.886444
Thessaloniki,Katerini,207,208,0.43571,-0.400517,0.610219
Thessaloniki,Alexandroupoli,207,233,0.933217,-0.400336,1.30682
Thessaloniki,Serres,207,577,0.707958,-0.407063,0.996142
Klaipėda,Kaunas,209,210,1.41275,-0.537203,2.17168
Klaipėda,Palanga,209,704,0.823253,-0.535849,1.26439
Kaunas,Vilnius,210,211,1.55763,-0.539068,2.3973
Kaunas,Warsaw,210,316,3.18222,-0.533468,4.87983
Kaunas,Riga,210,547,2.00164,-0.546556,3.09565
Kaunas,Ukmergė,210,701,1.30734,-0.539133,2.01217
Vilnius,Lida,211,212,1.40881,-0.544737,2.17625
Vilnius,Minsk,211,318,2.85954,-0.550696,4.43427
Vilnius,Marijampolė,211,641,1.48515,-0.54319,2.29186
Vilnius,Ukmergė,211,701,1.47206,-0.545156,2.27456
Lida,Slonim,212,213,0.557458,-0.541325,0.859223
Slonim,Kobryn,213,214,0.309632,-0.53066,0.473942
Kobryn,Dubno,214,215,0.390426,-0.51939,0.593209
Dubno,Ternopil,215,216,0.876785,-0.51856,1.33145
Ternopil,Chernivtsi,216,217,1.02173,-0.518185,1.55117
Ternopil,Stryj,216,379,1.45105,-0.520101,2.20574
Ternopil,Khmelnytskyi,216,380,1.19539,-0.522491,1.81998
Chernivtsi,Siret,217,218,0.829862,-0.516324,1.25834
Siret,Suceava,218,219,1.49495,-0.515049,2.26493
Suceava,Roman,219,220,1.56924,-0.506897,2.36468
Suceava,Halmeu,219,578,2.37084,-0.516693,3.59584
Suceava,Iaşi,219,670,1.96495,-0.514958,2.97682
Roman,Urziceni,220,221,1.02937,-0.480351,1.52384
Urziceni,Bucharest,221,222,0.952755,-0.447101,1.37873
Urziceni,Slobozia,221,421,0.750204,-0.447371,1.08582
Bucharest,Giurgiu,222,223,0.667841,-0.415179,0.945114
Bucharest,Ploieşti,222,420,0.519882,-0.432489,0.744726
Bucharest,Constanţa,222,423,0.825521,-0.421266,1.17328
Bucharest,Alexandria,222,460,0.588144,-0.442008,0.848109
Bucharest,Piteşti,222,583,0.637086,-0.439913,0.917348
Giurgiu,Ruse,223,224,0.409832,-0.398703,0.573233
Ruse,Byala,224,225,0.267259,-0.379316,0.368634
Ruse,Razgrad,224,461,0.245764,-0.379486,0.339028
Byala,Veliko Tarnovo,225,226,0.231518,-0.372162,0.31768
Byala,Pleven,225,584,0.212781,-0.382752,0.294224
Veliko Tarnovo,Stara Zagora,226,227,0.262052,-0.371513,0.359408
Veliko Tarnovo,Shumen,226,462,0.250846,-0.369666,0.343576
Stara Zagora,Haskovo,227,228,0.176833,-0.361408,0.240742
Stara Zagora,Burgas,227,590,0.234232,-0.366344,0.320042
Haskovo,Svilengrad,228,229,0.0916837,-0.359037,0.124601
Svilengrad,Ormenio,229,230,0.0723698,-0.372784,0.0993482
Ormenio,Kastanies,230,231,0.107013,-0.389929,0.14874
Kastanies,Didymoteicho,231,232,0.22511,-0.397492,0.31459
Didymoteicho,Alexandroupoli,232,233,0.522167,-0.398989,0.730506
Alexandroupoli,Gelibolu,233,478,0.65955,-0.389991,0.916769
Saint Petersburg,Pskov,234,235,2.78938,-0.558921,4.34842
Saint Petersburg,Moscow,234,239,5.33974,-0.560749,8.33399
Saint Petersburg,Petrozavodsk,234,245,2.09177,-0.523044,3.18586
Saint Petersburg,Narva,234,304,2.15936,-0.553104,3.35371
Saint Petersburg,Vyborg,234,623,2.09258,-0.522994,3.18699
Pskov,Gomel,235,236,3.60796,-0.562097,5.63599
Pskov,Riga,235,547,2.58843,-0.561739,4.04246
Gomel,Kiev,236,237,5.08707,-0.571205,7.99283
Gomel,Babruysk,236,703,2.97938,-0.567148,4.66913
Kiev,Odessa,237,238,4.25281,-0.547666,6.58193
Kiev,Hlukhiv,237,242,4.5143,-0.569398,7.08473
Kiev,Kharkiv,237,247,4.65728,-0.558675,7.25918
Kiev,Rivne,237,348,3.33644,-0.565443,5.223
Kiev,Zhytomyr,237,349,2.76027,-0.555533,4.29369
Odessa,Izmail,238,586,1.62137,-0.521856,2.46749
Odessa,Chişinău,238,672,1.97649,-0.513851,2.99211
Odessa,Mykolaiv,238,673,1.84659,-0.520247,2.80727
Moscow,Kaluga,239,240,3.56276,-0.576185,5.61557
Moscow,Orel,239,246,3.96983,-0.572044,6.24074
Moscow,Voronezh,239,248,4.90636,-0.551504,7.61224
Moscow,Tambov,239,256,3.68485,-0.570858,5.78837
Moscow,Smolensk,239,319,4.05521,-0.562665,6.33694
Moscow,Ryazan,239,320,3.60944,-0.556488,5.61805
Moscow,Velikiye Luki,239,628,3.56039,-0.568243,5.58355
Moscow,Vladimir,239,629,3.55774,-0.562058,5.55739
Kaluga,Bryansk,240,241,1.85535,-0.583069,2.93714
Bryansk,Hlukhiv,241,242,2.31153,-0.58086,3.6542
Hlukhiv,Kursk,242,645,2.50952,-0.579647,3.96416
Kirkenes,Murmansk,243,244,0.318161,-0.514504,0.481856
Murmansk,Petrozavodsk,244,245,0.793258,-0.51901,1.20497
Orel,Kharkiv,246,247,2.98286,-0.572844,4.69158
Kharkiv,Luhansk,247,350,2.41267,-0.572326,3.79351
Voronezh,Novorossiysk,248,249,2.94709,-0.565906,4.61487
Voronezh,Kursk,248,645,2.54126,-0.57725,4.00821
Voronezh,Saratov,248,646,2.84659,-0.552475,4.41925
Novorossiysk,Dzhankoy,249,601,1.2851,-0.554553,1.99776
Novorossiysk,Sochi,249,602,1.15498,-0.568491,1.81157
Mineralnye Vody,Nalchik,250,251,0.336998,-0.4112,0.475572
Mineralnye Vody,Makhachkala,250,260,0.651019,-0.439875,0.937386
Mineralnye Vody,Armavir,250,387,0.385921,-0.414856,0.546023
Nalchik,Vladikavkaz,251,252,0.147517,-0.389016,0.204904
Vladikavkaz,Stepantsminda,252,253,0.0728099,-0.35068,0.0983428
Stepantsminda,Mtskheta,253,254,0.0491684,-0.284617,0.0631626
Mtskheta,Tbilisi,254,255,0.0535153,-0.231057,0.0658804
Tbilisi,Gori,255,428,0.046418,-0.205412,0.0559528
Tbilisi,Rustavi,255,429,0.0507129,-0.226674,0.0622081
Tambov,Povorino,256,257,1.63931,-0.571985,2.57696
Povorino,Volgograd,257,258,1.46908,-0.558956,2.29024
Volgograd,Astrakhan,258,259,1.98784,-0.530013,3.04143
Volgograd,Luhansk,258,350,1.68937,-0.562838,2.64021
Astrakhan,Makhachkala,259,260,1.60544,-0.499076,2.40668
Astrakhan,Atyrau,259,265,2.37254,-0.508437,3.57883
Makhachkala,Kuba,260,261,0.603189,-0.455024,0.877654
Kuba,Baku,261,262,0.246231,-0.440211,0.354624
Baku,Yevlakh,262,431,0.106059,-0.414896,0.150062
Samara,Oral,263,264,2.61848,-0.500838,3.92992
Samara,Penza,263,321,1.7019,-0.526978,2.59877
Samara,Ufa,263,322,1.7634,-0.502596,2.64968
Oral,Atyrau,264,265,2.95758,-0.511138,4.46931
Oral,Saratov,264,646,2.54985,-0.538515,3.92299
Oral,Aktobe,264,647,1.87287,-0.528097,2.86192
Atyrau,Beineu,265,266,1.30623,-0.482986,1.93712
Atyrau,Beyneu,265,351,1.30623,-0.482986,1.93712
Beineu,Shetpe,266,267,0.509605,-0.479493,0.753958
Shetpe,Zhetybai,267,268,0.201685,-0.474148,0.297313
Zhetybai,Fetisovo,268,269,0.0850205,-0.458222,0.123979
Fetisovo,Bekdash,269,270,0.0462731,-0.407193,0.0651152
Bekdash,Türkmenbaşy,270,271,0.0452098,-0.334428,0.0603292
Türkmenbaşy,Gyzylarbat,271,272,0.0743853,-0.304333,0.0970233
Gyzylarbat,Ashgabat,272,432,0.148837,-0.302969,0.19393
Chelyabinsk,Kostanay,273,274,0.466279,-0.447572,0.674972
Chelyabinsk,Ufa,273,322,0.911993,-0.465252,1.3363
Chelyabinsk,Kurgan,273,323,0.546687,-0.440472,0.787488
Kostanay,Esil,274,275,0.222063,-0.437721,0.319265
Esil,Derzhavinsk,275,276,0.172252,-0.428393,0.246043
Derzhavinsk,Arkalyk,276,277,0.270023,-0.423289,0.384321
Arkalyk,Jezkazgan,277,278,0.59639,-0.421552,0.847799
Jezkazgan,Kyzylorda,278,279,0.936714,-0.422561,1.33253
Jezkazgan,Karaganda,278,286,0.903454,-0.417201,1.28038
Kyzylorda,Shymkent,279,280,0.935124,-0.418616,1.32658
Kyzylorda,Novokazalinsk,279,650,0.625913,-0.430286,0.895235
Shymkent,Tashkent,280,281,0.811071,-0.40933,1.14307
Shymkent,Zhambyl,280,359,0.670926,-0.406628,0.943743
Tashkent,Ayni,281,282,0.338373,-0.391986,0.471011
Tashkent,Jizzakh,281,358,0.412155,-0.399006,0.576608
Tashkent,Kokand,281,689,0.328551,-0.401986,0.460625
Ayni,Dushanbe,282,283,0.328882,-0.355479,0.445792
Ayni,Kokand,282,689,0.152463,-0.36996,0.208868
Dushanbe,Termez,283,440,0.213275,-0.333029,0.284302
Dushanbe,Jirgatal,283,441,0.211319,-0.336321,0.28239
Dushanbe,Kulob,283,692,0.15599,-0.334762,0.208209
Ishim,Astana,284,285,0.382535,-0.409023,0.539
Ishim,Omsk,284,291,0.382535,-0.409023,0.539
Ishim,Kurgan,284,323,0.473899,-0.419422,0.672663
Ishim,Tyumen,284,635,0.358307,-0.410087,0.505244
Astana,Karaganda,285,286,0.453795,-0.410568,0.640108
Karaganda,Balkhash,286,287,0.569862,-0.409394,0.80316
Karaganda,Pavlodar,286,292,0.547952,-0.409587,0.772386
Balkhash,Burubaytal,287,288,0.368789,-0.401339,0.516799
Burubaytal,Almaty,288,289,0.463736,-0.393355,0.646149
Almaty,Bishkek,289,290,0.732531,-0.393829,1.02102
Almaty,Sary-Ozek,289,360,0.358486,-0.387047,0.497238
Almaty,Kokpek,289,695,0.292264,-0.388806,0.405898
Bishkek,Zhambyl,290,359,0.634521,-0.400028,0.888347
Bishkek,Osh,290,691,0.677018,-0.394495,0.944098
Omsk,Pavlodar,291,292,0.322048,-0.406164,0.452852
Pavlodar,Semey,292,293,0.283881,-0.403796,0.39851
Semey,Georgiyevka,293,294,0.122394,-0.395835,0.170842
Georgiyevka,Ayagoz,294,364,0.0578028,-0.381966,0.0798815
Narvik,Kiruna,295,296,0.0420543,-0.314422,0.0552771
Narvik,Setermoen,295,498,0.02207,-0.285052,0.0283612
Kiruna,Töre,296,297,0.0884842,-0.326809,0.117402
Töre,Luleå,297,298,0.192749,-0.332691,0.256875
Luleå,Umeå,298,612,0.319839,-0.338188,0.428005
Luleå,Haparanda,298,613,0.221684,-0.330411,0.294931
Helsingborg,Halmstad,299,300,0.24329,-0.337031,0.325286
Helsingborg,Jönköping,299,605,0.158261,-0.325733,0.209812
Örebro,Stockholm,301,302,0.442248,-0.352842,0.598292
Örebro,Karlstad,301,620,0.26244,-0.352392,0.354922
Stockholm,Södertälje,302,608,0.330106,-0.350037,0.445656
Stockholm,Uppsala,302,609,0.386756,-0.353046,0.523298
Tallinn,Narva,303,304,1.24233,-0.558444,1.9361
Tallinn,Riga,303,547,1.71284,-0.556553,2.66613
Colchester,Ipswich,305,306,0.0043011,0,0.0043011
Ipswich,Cambridge,306,636,0.0043011,0,0.0043011
The Hague,Gouda,307,308,0.364977,-0.500028,0.547475
Amersfoort,Oldenzaal,309,310,0.588902,-0.512031,0.890438
Amersfoort,Hoogeveen,309,698,0.549335,-0.512401,0.830815
Oldenzaal,Osnabrück,310,311,0.494919,-0.518072,0.751323
Osnabrück,Bad Oeynhausen,311,312,0.913743,-0.523688,1.39226
Bad Oeynhausen,Dortmund,312,508,1.54814,-0.526137,2.36267
Braunschweig,Magdeburg,313,314,1.28526,-0.517232,1.95003
Magdeburg,Halle,314,518,1.37714,-0.51614,2.08794
Poznań,Warsaw,315,316,2.36412,-0.522826,3.60014
Poznań,Wrocław,315,339,1.46727,-0.516855,2.22564
Warsaw,Elbląg,316,564,1.84546,-0.525818,2.81584
Warsaw,Radom,316,565,2.19322,-0.525909,3.34665
Warsaw,Lublin,316,713,2.53768,-0.530565,3.88408
Brest,Rennes,317,365,0.348907,-0.494874,0.521572
Brest,Lorient,317,388,0.196293,-0.486984,0.291884
Minsk,Smolensk,318,319,2.91485,-0.562674,4.55496
Minsk,Babruysk,318,703,2.61272,-0.565294,4.08968
Ryazan,Penza,320,321,1.70898,-0.553951,2.65567
Ufa,Yelabuga,322,632,0.953263,-0.467761,1.39916
Bruges,Ghent,324,325,1.42918,-0.529797,2.18635
Bruges,Zeebrugge,324,642,1.57463,-0.53594,2.41854
Ghent,Brussels,325,326,1.93128,-0.528852,2.95264
Brussels,Leuven,326,327,2.40302,-0.531472,3.68015
Leuven,Hasselt,327,708,1.53277,-0.533546,2.35057
Eupen,Aachen,328,329,1.82097,-0.533698,2.79281
Eupen,St. Vith,328,653,0.928912,-0.535734,1.42656
Aachen,Heerlen,329,709,1.43657,-0.532955,2.2022
Olpe,Wetzlar,330,331,1.75081,-0.531186,2.68081
Wetzlar,Gießen,331,332,1.71,-0.536303,2.62707
Wetzlar,Dortmund,331,508,2.45058,-0.531197,3.75232
Wetzlar,Aschaffenburg,331,509,1.84349,-0.536795,2.83306
Wetzlar,Koblenz,331,660,1.79206,-0.537158,2.75468
Gießen,Bad Hersfeld,332,333,1.04829,-0.538819,1.61312
Bad Hersfeld,Eisenach,333,334,0.502807,-0.534199,0.771406
Eisenach,Erfurt,334,335,0.494526,-0.521962,0.75265
Erfurt,Gera,335,336,1.00249,-0.516199,1.51998
Gera,Chemnitz,336,337,1.5044,-0.515659,2.28016
Gera,Leipzig,336,526,1.52043,-0.515341,2.30397
Gera,Hirschberg,336,527,1.06354,-0.515466,1.61175
Chemnitz,Plauen,337,519,1.42111,-0.515271,2.15337
Wrocław,Opole,339,340,1.25534,-0.512082,1.89818
Wrocław,Kłodzko,339,548,1.27617,-0.512213,1.92984
Opole,Gliwice,340,341,0.605672,-0.50993,0.914522
Gliwice,Zabrze,341,342,0.573703,-0.509183,0.865823
Kraków,Rzeszów,343,344,0.80057,-0.511589,1.21013
Kraków,Radom,343,565,0.930495,-0.518957,1.41338
Kraków,Trstená,343,566,1.01576,-0.513374,1.53722
Rzeszów,Jarosław,344,345,0.726107,-0.519742,1.1035
Rzeszów,Radom,344,565,0.78324,-0.520978,1.19129
Rzeszów,Barwinek,344,710,0.586827,-0.512231,0.887417
Jarosław,Korczowa,345,346,0.758619,-0.530187,1.16083
Korczowa,Lviv,346,347,1.59555,-0.534131,2.44778
Lviv,Rivne,347,348,2.00271,-0.546978,3.09815
Lviv,Mukachevo,347,378,3.06822,-0.5256,4.68087
Lviv,Lublin,347,713,1.60741,-0.531057,2.46104
Rivne,Zhytomyr,348,349,1.19414,-0.552148,1.85348
Rivne,Kovel,348,714,1.17965,-0.554175,1.83339
Zhytomyr,Vinnytsia,349,381,2.04101,-0.544806,3.15297
Beyneu,Qo‘ng‘irot,351,352,0.537868,-0.470788,0.791089
Qo‘ng‘irot,Nukus,352,353,0.275947,-0.430714,0.394801
Nukus,Daşoguz,353,354,0.251735,-0.365554,0.343758
Daşoguz,Bukhara,354,355,0.21144,-0.316943,0.278455
Daşoguz,Ashgabat,354,432,0.241801,-0.314351,0.317812
Daşoguz,Uchkuduk,354,688,0.11816,-0.328884,0.157021
Bukhara,Navoiy,355,356,0.231815,-0.318988,0.305761
Bukhara,Alat,355,436,0.212489,-0.307347,0.277797
Bukhara,Karshi,355,437,0.214109,-0.308083,0.280072
Bukhara,Uchkuduk,355,688,0.134549,-0.311481,0.176459
Navoiy,Samarkand,356,357,0.163398,-0.346266,0.219978
Samarkand,Jizzakh,357,358,0.20814,-0.382609,0.287777
Sary-Ozek,Taldykorgan,360,361,0.178198,-0.377234,0.245421
Sary-Ozek,Koktal,360,697,0.166845,-0.379902,0.230229
Taldykorgan,Ucharal,361,362,0.0812219,-0.366072,0.110955
Ucharal,Taskesken,362,363,0.0437115,-0.35652,0.0592955
Taskesken,Ayagoz,363,364,0.0373691,-0.358264,0.0507571
Rennes,Le Mans,365,366,0.846851,-0.501231,1.27132
Le Mans,Angers,366,391,0.688706,-0.501873,1.03435
Le Mans,Tours,366,392,0.823127,-0.50272,1.23693
Le Mans,Rouen,366,662,1.22564,-0.513259,1.85471
Reims,Charleroi,367,651,1.51922,-0.529717,2.32398
Reims,Charleville-Mézières,367,658,1.39618,-0.529791,2.13586
Reims,Rouen,367,662,1.65988,-0.522946,2.52791
Saarbrücken,Mannheim,368,369,2.48143,-0.539481,3.82012
Saarbrücken,Trier,368,659,1.29789,-0.538706,1.99707
Mannheim,Heilbronn,369,370,2.32139,-0.540541,3.57619
Rozvadov,Plzeň,371,372,2.05756,-0.528933,3.14588
Plzeň,Karlovy Vary,372,523,1.45499,-0.52485,2.21865
Plzeň,České Budějovice,372,524,1.69265,-0.527208,2.58502
Plzeň,Bayerisch Eisenstein,372,530,1.71663,-0.52792,2.62288
Trenčín,Prešov,373,374,1.16922,-0.519757,1.77693
Prešov,Košice,374,375,1.81377,-0.521679,2.75998
Prešov,Svidník,374,712,0.882458,-0.519501,1.3409
Košice,Vyšné Nemecké,375,376,0.919694,-0.522596,1.40032
Košice,Uzhhorod,375,377,1.75789,-0.523483,2.67811
Košice,Miskolc,375,552,1.70096,-0.521269,2.58762
Košice,Zvolen,375,568,1.76974,-0.520044,2.69009
Vyšné Nemecké,Uzhhorod,376,377,0.838192,-0.524457,1.27779
Uzhhorod,Mukachevo,377,378,2.77617,-0.523002,4.22811
Uzhhorod,Chop,377,723,1.41528,-0.525572,2.15912
Mukachevo,Stryj,378,379,2.139,-0.520897,3.25321
Mukachevo,Halmeu,378,578,2.65504,-0.520816,4.03782
Khmelnytskyi,Vinnytsia,380,381,1.36747,-0.530094,2.09236
Vinnytsia,Uman,381,382,1.34691,-0.527346,2.05719
Vinnytsia,Mohyliv-Podilskyi,381,728,1.22327,-0.531831,1.87385
Uman,Kirovohrad,382,383,1.12505,-0.512472,1.70161
Kirovohrad,Dnipropetrovsk,383,384,0.84437,-0.501407,1.26774
Kirovohrad,Chişinău,383,672,1.67757,-0.50621,2.52677
Dnipropetrovsk,Donetsk,384,385,0.385618,-0.482789,0.57179
Donetsk,Rostov-on-Don,385,386,0.29921,-0.448192,0.433314
Rostov-on-Don,Armavir,386,387,0.304727,-0.419456,0.432546
Rostov-on-Don,Taganrog,386,675,0.267183,-0.445534,0.386222
Lorient,Vannes,388,389,0.234861,-0.488032,0.34948
Vannes,Nantes,389,390,0.502668,-0.49514,0.751559
Nantes,Angers,390,391,0.705102,-0.49543,1.05443
Nantes,Poitiers,390,676,0.945951,-0.504886,1.42355
Angers,Tours,391,392,0.59043,-0.493276,0.881675
Tours,Vierzon,392,503,0.791843,-0.493241,1.18241
Montargis,Auxerre,393,394,1.2089,-0.519778,1.83726
Auxerre,Beaune,394,395,2.13674,-0.528411,3.26581
Beaune,Dole,395,396,2.08547,-0.531124,3.19312
Beaune,Antwerp,395,505,3.51536,-0.533343,5.39025
Dole,Besançon,396,397,1.06352,-0.534815,1.6323
Besançon,Belfort,397,398,1.17913,-0.53516,1.81015
Zürich,Winterthur,399,400,1.31444,-0.50706,1.98094
Winterthur,St. Gallen,400,401,0.943957,-0.506632,1.4222
Winterthur,Schaffhausen,400,511,1.18337,-0.523031,1.80232
St. Gallen,St. Margrethen,401,402,0.890592,-0.507668,1.34272
St. Margrethen,Bregenz,402,403,1.47151,-0.511466,2.22415
St. Margrethen,Buchs,402,514,0.695405,-0.506033,1.0473
Bregenz,Feldkirch,403,748,1.43459,-0.509509,2.16553
Bregenz,Lindau,403,513,2.18033,-0.517385,3.30841
Feldkirch,Landeck,748,404,0.689161,-0.499323,1.03328
Feldkirch,Imst,748,406,0.72098,-0.498884,1.08067
Landeck,Telfs,404,405,0.49824,-0.493036,0.743889
Sattledt,Liezen,408,532,0.932348,-0.519407,1.41662
Sattledt,Wels,408,669,0.954351,-0.523753,1.4542
Sankt Pölten,Vienna,409,410,1.95477,-0.519382,2.97004
Vienna,Nickelsdorf,410,411,2.16802,-0.519485,3.29427
Vienna,Halámky,410,525,2.05266,-0.520033,3.12011
Vienna,Graz,410,534,2.79455,-0.511734,4.22462
Nickelsdorf,Mosonmagyaróvár,411,412,1.52721,-0.520523,2.32216
Szolnok,Püspökladány,413,414,1.87489,-0.51892,2.84781
Püspökladány,Oradea,414,415,2.45286,-0.513679,3.71284
Püspökladány,Nyíregyháza,414,722,1.40598,-0.521467,2.13915
Oradea,Cluj-Napoca,415,416,1.35368,-0.495132,2.02393
Oradea,Berettyóújfalu,415,570,1.72564,-0.510011,2.60574
Oradea,Beiuş,415,571,1.23869,-0.499302,1.85717
Oradea,Satu Mare,415,579,1.84974,-0.509622,2.7924
Oradea,Arad,415,684,2.18899,-0.495769,3.27422
Cluj-Napoca,Turda,416,417,0.847413,-0.491208,1.26367
Cluj-Napoca,Zalău,416,580,0.760652,-0.502564,1.14293
Turda,Târgu Mureş,417,418,0.407185,-0.478049,0.601839
Turda,Sebeş,417,581,0.422081,-0.478437,0.62402
Târgu Mureş,Braşov,418,419,0.323263,-0.464497,0.473417
Braşov,Ploieşti,419,420,0.321057,-0.445682,0.464147
Braşov,Sibiu,419,582,0.376357,-0.470903,0.553584
Braşov,Piteşti,419,583,0.272098,-0.45048,0.394673
Slobozia,Hârşova,421,422,0.54411,-0.441002,0.784064
Slobozia,Galaţi,421,588,0.801706,-0.454197,1.16584
Hârşova,Constanţa,422,423,0.60087,-0.431579,0.860192
Constanţa,Varna,423,463,0.669772,-0.403448,0.93999
Constanţa,Tulcea,423,589,0.60087,-0.431579,0.860192
Senaki,Samtredia,424,425,0.0258126,-0.450705,0.0374465
Senaki,Zugdidi,424,604,0.0582008,-0.528996,0.0889888
Samtredia,Kutaisi,425,426,0.0166922,-0.310225,0.0218705
Kutaisi,Khashuri,426,427,0.0179284,-0.217055,0.0218198
Khashuri,Gori,427,428,0.0269475,-0.193922,0.0321732
Rustavi,Ganja,429,430,0.0408898,-0.279128,0.0523033
Ganja,Yevlakh,430,431,0.0538938,-0.363317,0.0734743
Ashgabat,Tejen,432,433,0.153991,-0.301983,0.200494
Tejen,Mary,433,434,0.0892322,-0.296091,0.115653
Mary,Türkmenabat,434,435,0.0773148,-0.297084,0.100284
Türkmenabat,Alat,435,436,0.111335,-0.301491,0.144902
Karshi,Guzar,437,438,0.115562,-0.305239,0.150836
Guzar,Sherobod,438,439,0.0875626,-0.310108,0.114717
Sherobod,Termez,439,440,0.113871,-0.320958,0.150419
Jirgatal,Sary Tash,441,442,0.18012,-0.348898,0.242964
Jirgatal,Khorugh,441,694,0.122074,-0.33232,0.162642
Sary Tash,Irkeshtam,442,443,0.203625,-0.373945,0.279769
Irkeshtam,Osh,443,691,0.379418,-0.388943,0.52699
A Coruña,Bilbao,444,445,0.214187,-0.407497,0.301468
A Coruña,Pontevedra,444,481,0.106422,-0.391802,0.148118
Clermont-Ferrand,Montluçon,446,504,0.995755,-0.485853,1.47955
Chambéry,Susa,447,448,1.01249,-0.488471,1.50706
Chambéry,Marseille,447,736,0.736866,-0.496024,1.10237
Susa,Turin,448,449,0.762345,-0.468052,1.11916
Tortona,Brescia,450,451,0.445949,-0.439048,0.641742
Trieste,Postojna,452,453,0.418366,-0.471826,0.615762
Trieste,Ljubljana,452,454,0.76439,-0.477686,1.12953
Postojna,Ljubljana,453,454,0.507705,-0.482716,0.752783
Ljubljana,Maribor,454,535,0.830938,-0.489947,1.23805
Ljubljana,Naklo,454,538,1.20727,-0.490409,1.79933
Vršac,Timişoara,456,457,1.17379,-0.469181,1.7245
Timişoara,Drobeta-Turnu Severin,457,458,1.32825,-0.467534,1.94926
Timişoara,Arad,457,684,1.90463,-0.480935,2.82063
Drobeta-Turnu Severin,Craiova,458,459,1.36709,-0.46454,2.00216
Craiova,Alexandria,459,460,0.578287,-0.456359,0.842193
Craiova,Târgu Jiu,459,574,0.776449,-0.465719,1.13806
Craiova,Piteşti,459,583,0.735546,-0.460455,1.07423
Razgrad,Shumen,461,462,0.232442,-0.373694,0.319304
Shumen,Varna,462,463,0.337337,-0.3819,0.466166
Varna,Burgas,463,590,0.332535,-0.381086,0.45926
Lisbon,Valladolid,464,465,0.228863,-0.375212,0.314735
Lisbon,Porto,464,483,0.239406,-0.360921,0.325813
Lisbon,Albufeira,464,484,0.24495,-0.356288,0.332223
Toulouse,Nice,466,467,1.2707,-0.453873,1.84743
Nice,Cuneo,467,685,0.572497,-0.447818,0.828871
Sofia,Plovdiv,468,469,0.692706,-0.434727,0.993844
Sofia,Botevgrad,468,575,0.695417,-0.435817,0.998492
Sofia,Blagoevgrad,468,576,0.777209,-0.433285,1.11396
Sofia,Kyustendil,468,745,0.52121,-0.43752,0.74925
Plovdiv,Istanbul,469,470,0.299247,-0.424741,0.426349
Istanbul,İzmit,470,471,0.159993,-0.394745,0.223149
İzmit,Gerede,471,472,0.06836,-0.341806,0.0917258
İzmit,Bursa,471,479,0.0722195,-0.332808,0.0962547
Gerede,Kızılcahamam,472,599,0.0391378,-0.301339,0.0509315
Mazara del Vallo,Palermo,473,474,0.0043011,0,0.0043011
Metaponto,Taranto,475,476,0.034961,-0.296522,0.0453277
Metaponto,Potenza,475,743,0.0219927,-0.269039,0.0279096
Ioannina,Trikala,477,687,0.107941,-0.368504,0.147718
Gelibolu,Keşan,478,596,0.324909,-0.394234,0.452999
Gelibolu,Ayvalık,478,597,0.325739,-0.393427,0.453894
Bursa,Ankara,479,480,0.0463719,-0.29024,0.0598309
Bursa,Balıkesir,479,746,0.0561309,-0.297386,0.0728235
Ankara,Kızılcahamam,480,599,0.0335031,-0.276147,0.0427548
Pontevedra,Valença,481,482,0.0820489,-0.369767,0.112388
Valença,Porto,482,483,0.118354,-0.358025,0.160727
Albufeira,Castro Marim,484,485,0.140381,-0.347229,0.189125
Castro Marim,Huelva,485,486,0.133299,-0.344938,0.179279
Cherbourg-Octeville,La Rochelle,487,488,0.182986,-0.500716,0.274609
Cherbourg-Octeville,Caen,487,661,0.367405,-0.513849,0.556196
La Rochelle,Saintes,488,730,0.181814,-0.482366,0.269515
Oslo,Hamar,489,490,0.200511,-0.34998,0.270686
Oslo,Askim,489,619,0.20957,-0.35112,0.283155
Hamar,Lillehammer,490,491,0.126102,-0.349974,0.170235
Lillehammer,Dombås,491,492,0.139958,-0.351209,0.189113
Dombås,Trondheim,492,493,0.252124,-0.351645,0.340782
Trondheim,Stjørdal,493,494,0.247331,-0.351656,0.334307
Stjørdal,Steinkjer,494,495,0.125411,-0.349982,0.169303
Steinkjer,Mosjøen,495,496,0.0912738,-0.346685,0.122917
Mosjøen,Mo i Rana,496,497,0.120423,-0.342507,0.161669
Mo i Rana,Umeå,497,612,0.232064,-0.341851,0.311395
Setermoen,Alta,498,499,0.014668,-0.254372,0.0183992
Alta,Olderfjord,499,500,0.0147283,-0.241674,0.0182877
Olderfjord,Lakselv,500,501,0.0219074,-0.284116,0.0281316
Lakselv,Karasjok,501,502,0.041535,-0.338287,0.0555858
Vierzon,Montluçon,503,504,0.600357,-0.488779,0.893799
Antwerp,Zeebrugge,505,642,2.28748,-0.537153,3.51621
Martigny,Sion,506,678,0.661319,-0.504764,0.995129
Bremen,Groningen,507,624,2.0123,-0.519151,3.05699
Stuttgart,Schaffhausen,510,511,1.70458,-0.536554,2.61918
Stuttgart,Ulm,510,512,1.53404,-0.534451,2.3539
Ulm,Lindau,512,513,1.39107,-0.528055,2.12564
Lindau,Waldshut,513,666,1.95836,-0.524356,2.98524
Buchs,Chur,514,515,0.288066,-0.49288,0.430048
Chur,San Bernardino,515,516,0.164691,-0.461735,0.240735
Halle,Plauen,518,519,1.31674,-0.51529,1.99524
Plauen,Schönberg,519,520,1.07604,-0.514374,1.62952
Plauen,Hof,519,528,1.41278,-0.516527,2.14252
Schönberg,Vojtanov,520,521,0.645707,-0.513711,0.977414
Vojtanov,Cheb,521,522,0.878792,-0.515483,1.3318
Cheb,Karlovy Vary,522,523,1.44272,-0.517725,2.18966
Cheb,Marktredwitz,522,663,1.14471,-0.518523,1.73826
Karlovy Vary,Teplice,523,715,0.895165,-0.517205,1.35815
České Budějovice,Halámky,524,525,1.22832,-0.524568,1.87265
Hirschberg,Hof,527,528,1.0902,-0.516907,1.65373
Hof,Bayreuth,528,529,1.72849,-0.520697,2.62851
Bayreuth,Marktredwitz,529,663,1.54728,-0.522176,2.35524
Bayerisch Eisenstein,Deggendorf,530,531,1.29923,-0.527229,1.98422
Liezen,Sankt Michael,532,533,0.793829,-0.512915,1.201
Sankt Michael,Graz,533,534,1.46965,-0.508188,2.2165
Graz,Maribor,534,535,1.31226,-0.501398,1.97023
Graz,Spielfeld,534,536,0.958819,-0.506534,1.44449
Graz,Klagenfurt,534,683,1.82783,-0.502619,2.74653
Maribor,Spielfeld,535,536,0.474309,-0.492475,0.707894
Karavanke Tunnel,Naklo,537,538,0.959564,-0.501333,1.44063
Naklo,Loiblpass,538,734,0.931338,-0.500749,1.3977
Kemijärvi,Posio,539,540,0.0562675,-0.285081,0.0723082
Posio,Kuusamo,540,541,0.0355111,-0.283026,0.0455617
Kuusamo,Kajaani,541,542,0.0348559,-0.287445,0.0448751
Kajaani,Iisalmi,542,543,0.0542391,-0.300651,0.0705461
Iisalmi,Kuopio,543,544,0.106236,-0.308119,0.13897
Tampere,Turku,545,546,0.112577,-0.320585,0.148668
Tampere,Vaasa,545,616,0.153191,-0.313875,0.201274
Tampere,Hämeenlinna,545,618,0.193816,-0.334531,0.258653
Turku,Pori,546,617,0.0772201,-0.313925,0.101461
Riga,Šiauliai,547,561,1.8065,-0.546904,2.79448
Riga,Rēzekne,547,627,1.85387,-0.555709,2.88409
Kłodzko,Kudowa-Zdrój,548,549,0.586947,-0.51005,0.88632
Kudowa-Zdrój,Náchod,549,550,0.496468,-0.508992,0.749166
Náchod,Hradec Králové,550,551,0.911384,-0.511339,1.37741
Hradec Králové,Olomouc,551,716,1.25043,-0.514726,1.89405
Miskolc,Debrecen,552,569,1.40902,-0.520947,2.14304
Szekszárd,Mohács,555,556,0.866292,-0.51205,1.30988
Mohács,Osijek,556,557,0.559915,-0.50218,0.841094
Osijek,Đakovo,557,558,0.35892,-0.486773,0.533633
Osijek,Sombor,557,735,0.584965,-0.493947,0.873907
Đakovo,Šamac,558,559,0.184372,-0.45805,0.268824
Šamac,Zenica,559,560,0.178728,-0.419284,0.253665
Zenica,Sarajevo,560,737,0.322958,-0.4075,0.454564
Šiauliai,Tolpaki,561,562,1.47613,-0.531897,2.26129
Šiauliai,Palanga,561,704,1.11604,-0.537451,1.71586
Šiauliai,Panevėžys,561,705,1.14965,-0.538214,1.7684
Tolpaki,Kaliningrad,562,563,0.99478,-0.522015,1.51407
Tolpaki,Nesterov,562,640,0.889771,-0.526959,1.35864
Trstená,Ružomberok,566,567,0.845391,-0.515951,1.28157
Ružomberok,Zvolen,567,568,1.54739,-0.517888,2.34876
Debrecen,Berettyóújfalu,569,570,1.03306,-0.517166,1.56733
Beiuş,Deva,571,572,0.893034,-0.49112,1.33162
Deva,Petroşani,572,573,0.834786,-0.475551,1.23177
Deva,Sibiu,572,582,1.06401,-0.475804,1.57027
Deva,Arad,572,684,1.41702,-0.480346,2.09769
Petroşani,Târgu Jiu,573,574,0.547425,-0.471648,0.805618
Botevgrad,Jablanica,575,585,0.308,-0.429252,0.44021
Blagoevgrad,Serres,576,577,0.522583,-0.420988,0.742583
Halmeu,Satu Mare,578,579,2.21175,-0.517203,3.35568
Satu Mare,Zalău,579,580,0.979664,-0.509221,1.47853
Sebeş,Sibiu,581,582,0.471246,-0.471706,0.693535
Sibiu,Piteşti,582,583,0.5576,-0.464756,0.816748
Pleven,Jablanica,584,585,0.185003,-0.407495,0.260391
Izmail,Reni,586,587,0.804564,-0.506728,1.21226
Reni,Galaţi,587,588,0.803151,-0.480418,1.189
Galaţi,Tulcea,588,589,0.599662,-0.45555,0.872837
Galaţi,Giurgiuleşti,588,729,0.942349,-0.482425,1.39696
Burgas,Malko Tarnovo,590,591,0.195109,-0.365828,0.266485
Malko Tarnovo,Dereköy,591,592,0.0900886,-0.355206,0.122089
Dereköy,Kırklareli,592,593,0.0490686,-0.35156,0.0663192
Kırklareli,Babaeski,593,594,0.0425498,-0.357549,0.0577634
Babaeski,Havsa,594,595,0.0664582,-0.379702,0.0916926
Havsa,Keşan,595,596,0.140835,-0.389449,0.195684
Ayvalık,İzmir,597,598,0.142902,-0.384817,0.197893
İzmir,Manisa,598,747,0.0700464,-0.361793,0.0953887
Kherson,Dzhankoy,600,601,0.854623,-0.542647,1.31838
Kherson,Mykolaiv,600,673,1.0315,-0.521717,1.56965
Kherson,Melitopol,600,674,0.568686,-0.519058,0.863867
Sochi,Sukhumi,602,603,0.416691,-0.56848,0.653571
Sukhumi,Zugdidi,603,604,0.152165,-0.56045,0.237446
Jönköping,Linköping,605,606,0.118431,-0.323651,0.156761
Linköping,Norrköping,606,607,0.15526,-0.32832,0.206235
Norrköping,Södertälje,607,608,0.228606,-0.34065,0.306481
Norrköping,Kalmar,607,626,0.15472,-0.328271,0.205511
Uppsala,Sundsvall,609,610,0.402775,-0.351835,0.544486
Sundsvall,Örnsköldsvik,610,611,0.380686,-0.349221,0.513629
Örnsköldsvik,Umeå,611,612,0.317679,-0.344932,0.427257
Haparanda,Tornio,613,614,0.174242,-0.319387,0.229893
Kokkola,Vaasa,615,616,0.159287,-0.310626,0.208766
Vaasa,Pori,616,617,0.0903457,-0.31217,0.118549
Askim,Karlstad,619,620,0.17453,-0.352236,0.236005
Kotka,Vaalimaa,621,622,0.34624,-0.503261,0.520489
Vaalimaa,Vyborg,622,623,0.803787,-0.517083,1.21941
Groningen,Hoogeveen,624,698,0.735348,-0.518747,1.11681
Sassnitz,Stralsund,625,699,0.419465,-0.515679,0.635774
Rēzekne,Velikiye Luki,627,628,2.01041,-0.566993,3.15029
Rēzekne,Daugavpils,627,702,1.25122,-0.554966,1.94561
Vladimir,Nizhny Novgorod,629,630,1.33913,-0.563023,2.0931
Nizhny Novgorod,Kazan,630,631,0.628452,-0.542853,0.96961
Kazan,Yelabuga,631,632,0.600086,-0.493058,0.895964
Yelabuga,Perm,632,633,0.491908,-0.466523,0.721394
Perm,Yekaterinburg,633,634,0.243252,-0.446561,0.351879
Yekaterinburg,Tyumen,634,635,0.211851,-0.419771,0.30078
Koszalin,Słupsk,637,638,0.238454,-0.51296,0.360771
Słupsk,Gdynia,638,639,0.381618,-0.514975,0.578141
Nesterov,Marijampolė,640,641,0.773421,-0.535333,1.18746
Aktobe,Karabutak,647,648,0.724452,-0.533868,1.11121
Karabutak,Aral,648,649,0.349561,-0.51389,0.529196
Aral,Novokazalinsk,649,650,0.33394,-0.460551,0.487737
Charleroi,Namur,651,652,1.05181,-0.53335,1.6128
St. Vith,Wittlich,653,654,0.979424,-0.537691,1.50605
Wittlich,Bingen,654,655,0.602204,-0.540468,0.927676
Bingen,Wiesbaden,655,656,0.875929,-0.54251,1.35113
Amiens,Charleville-Mézières,657,658,1.27308,-0.53179,1.95009
Trier,Koblenz,659,660,1.33218,-0.539574,2.05099
Caen,Rouen,661,662,0.929405,-0.517984,1.41082
Regensburg,Passau,667,668,1.05919,-0.533603,1.62438
Passau,Wels,668,669,1.10907,-0.529178,1.69597
Wels,Braunau am Inn,669,721,1.34763,-0.522442,2.05169
Iaşi,Sculeni,670,671,1.30907,-0.512728,1.98026
Iaşi,Bălţi,670,727,1.08893,-0.5171,1.65201
Sculeni,Chişinău,671,672,1.48825,-0.508639,2.24523
Chişinău,Giurgiuleşti,672,729,1.22049,-0.502931,1.83431
Melitopol,Taganrog,674,675,0.280759,-0.488587,0.417935
Poitiers,Mâcon,676,677,1.7266,-0.511303,2.60941
Sion,Simplon,678,679,0.335166,-0.48126,0.496468
Simplon,Gravellona Toce,679,680,0.331617,-0.446496,0.479683
Innichen,Spittal an der Drau,681,682,0.676725,-0.501198,1.0159
Klagenfurt,Loiblpass,683,734,1.04248,-0.503628,1.56751
Cuneo,Asti,685,686,0.349737,-0.444206,0.505093
Kokand,Andijan,689,690,0.297723,-0.391772,0.414362
Andijan,Osh,690,691,0.408807,-0.388311,0.567551
Kulob,Kalaikhumb,692,693,0.0889091,-0.325435,0.117843
Kalaikhumb,Khorugh,693,694,0.0796967,-0.323665,0.105492
Kokpek,Chundzha,695,696,0.146732,-0.383516,0.203006
Chundzha,Koktal,696,697,0.113748,-0.378381,0.156788
Stralsund,Neubrandenburg,699,700,0.612322,-0.515782,0.928146
Ukmergė,Daugavpils,701,702,1.24498,-0.546061,1.92482
Ukmergė,Panevėžys,701,705,1.17246,-0.539223,1.80468
Breda,Gorinchem,706,707,0.753029,-0.510379,1.13736
Hasselt,Heerlen,708,709,0.96805,-0.53367,1.48467
Barwinek,Vyšný Komárnik,710,711,0.326463,-0.509825,0.492902
Vyšný Komárnik,Svidník,711,712,0.398976,-0.515027,0.60446
Lublin,Kovel,713,714,1.19556,-0.539694,1.8408
Olomouc,Český Těšín,716,717,0.794949,-0.513682,1.2033
Garmisch-Partenkirchen,Mittenwald,718,719,0.886273,-0.513825,1.34166
Mittenwald,Seefeld,719,720,0.607486,-0.501719,0.912273
Nyíregyháza,Chop,722,723,0.924468,-0.525884,1.41063
Dunajská Streda,Medveďov,724,725,0.6099,-0.517571,0.925567
Medveďov,Vámosszabadi,725,726,0.534745,-0.518346,0.811928
Bălţi,Mohyliv-Podilskyi,727,728,0.758364,-0.524466,1.1561
Saintes,Angoulême,730,731,0.356044,-0.47568,0.525408
St. Johann in Tirol,Lofer,732,733,0.933162,-0.509753,1.40884
Sarajevo,Užice,737,738,0.426624,-0.416201,0.604185
Užice,Čačak,738,739,0.589433,-0.427746,0.84156
Čačak,Nova Varoš,739,740,0.587997,-0.428229,0.839795
Avellino,Benevento,741,742,0.123473,-0.36279,0.168268
Balıkesir,Manisa,746,747,0.0478757,-0.31776,0.0630886
Warsaw,Brest-Litovsk,316,0,2.20626,-0.536286,3.38944
Brest-Litovsk,Minsk,0,318,2.01284,-0.549267,3.11842
Lyon,Mâcon,17,677,1.82166,-0.504006,2.73978
Beaune,Mâcon,395,677,2.90787,-0.518318,4.41507
