Glasgow,Preston,1,2,6.60136e-05,-0.485206,6.60136e-05
Glasgow,Edinburgh,1,13,6.60136e-05,-0.485206,6.60136e-05
Preston,Birmingham,2,3,6.60136e-05,-0.485206,6.60136e-05
Birmingham,Cambridge,3,636,6.60136e-05,-0.485206,6.60136e-05
Le Havre,Paris,4,5,2.02338,-0.515171,3.06576
Le Havre,Amiens,4,657,1.14641,-0.515982,1.73794
Paris,Orléans,5,6,2.04903,-0.512788,3.09975
Paris,Calais,5,16,1.75071,-0.514993,2.65231
Paris,Lyon,5,17,2.54706,-0.511902,3.8509
Paris,Brussels,5,326,3.12144,-0.51629,4.733
Paris,Le Mans,5,366,1.66132,-0.513591,2.51456
Paris,Reims,5,367,1.94869,-0.515443,2.95313
Paris,Chaumont,5,665,2.83647,-0.515951,4.29995
Orléans,Bordeaux,6,7,0.946199,-0.50881,1.42763
Orléans,Tours,6,392,1.0473,-0.508838,1.58021
Orléans,Montargis,6,393,1.32881,-0.510539,2.00722
Orléans,Toulouse,6,466,1.06676,-0.507607,1.60826
Bordeaux,San Sebastián,7,8,0.502057,-0.503452,0.754819
Bordeaux,Clermont-Ferrand,7,446,0.984671,-0.505094,1.48202
Bordeaux,Toulouse,7,466,0.41662,-0.501402,0.625514
Bordeaux,Angoulême,7,731,0.570229,-0.504701,0.858025
San Sebastián,Burgos,8,9,0.23356,-0.496276,0.34947
San Sebastián,Bilbao,8,445,0.191204,-0.497331,0.286296
San Sebastián,Toulouse,8,466,0.326577,-0.50069,0.490091
Burgos,Madrid,9,10,0.125309,-0.489327,0.186626
Burgos,Valladolid,9,465,0.0841638,-0.490805,0.125472
Madrid,Seville,10,11,0.0741849,-0.483009,0.110017
Madrid,Barcelona,10,21,0.194312,-0.493795,0.290263
Madrid,Valencia,10,24,0.0843598,-0.484484,0.125231
Madrid,Lisbon,10,464,0.0762373,-0.483932,0.113131
Seville,Algeciras,11,12,0.0328249,-0.4767,0.0484725
Seville,Huelva,11,486,0.0342514,-0.476414,0.0505692
Algeciras,Málaga,12,28,0.0137126,-0.472392,0.0201903
Edinburgh,Newcastle,13,14,6.60136e-05,-0.485206,6.60136e-05
Newcastle,London,14,15,6.60136e-05,-0.485206,6.60136e-05
London,Colchester,15,305,6.60136e-05,-0.485206,6.60136e-05
Calais,Bruges,16,324,1.80385,-0.516302,2.73518
Calais,Rouen,16,662,1.17538,-0.515594,1.78139
Lyon,Orange,17,18,1.09599,-0.507772,1.6525
Lyon,Clermont-Ferrand,17,446,1.22931,-0.508365,1.85425
Lyon,Chambéry,17,447,1.13177,-0.510312,1.70932
Orange,Narbonne,18,19,0.486278,-0.506582,0.732617
Orange,Marseille,18,736,0.476173,-0.508772,0.718437
Narbonne,Girona,19,20,0.255036,-0.502725,0.383249
Girona,Barcelona,20,21,0.28022,-0.497911,0.419745
Barcelona,Tarragona,21,22,0.171851,-0.494729,0.256871
Barcelona,Toulouse,21,466,0.522524,-0.499159,0.783347
Tarragona,Castellón de la Plana,22,23,0.0784385,-0.490303,0.116897
Castellón de la Plana,Valencia,23,24,0.0619428,-0.484064,0.091927
Valencia,Alicante,24,25,0.042792,-0.479101,0.0632937
Alicante,Murcia,25,26,0.0173796,-0.475062,0.025636
Murcia,Almería,26,27,0.0084799,-0.470257,0.0124676
Almería,Málaga,27,28,0.00755567,-0.468597,0.0110962
Hook of Holland,Rotterdam,29,30,0.603743,-0.520467,0.917972
Hook of Holland,The Hague,29,307,0.326308,-0.520933,0.496292
Rotterdam,Eindhoven,30,31,1.50964,-0.520204,2.29495
Eindhoven,Maastricht,31,32,1.62669,-0.519607,2.47193
Eindhoven,Antwerp,31,505,2.68418,-0.518322,4.07545
Eindhoven,Venlo,31,643,2.08253,-0.520691,3.16689
Eindhoven,Breda,31,706,1.52591,-0.520219,2.31971
Maastricht,Liège,32,33,2.02913,-0.519618,3.0835
Liège,Bastogne,33,34,1.89564,-0.519547,2.88052
Liège,Leuven,33,327,3.08338,-0.519552,4.68535
Liège,Eupen,33,328,1.99315,-0.520465,3.03051
Liège,Antwerp,33,505,3.38452,-0.517738,5.13682
Liège,Namur,33,652,2.10107,-0.51892,3.19136
Liège,St. Vith,33,653,1.73315,-0.519603,2.6337
Liège,Charleville-Mézières,33,658,2.23909,-0.518845,3.40083
Bastogne,Arlon,34,35,1.14671,-0.51978,1.74275
Arlon,Luxembourg,35,36,1.58986,-0.519492,2.41578
Luxembourg,Metz,36,37,2.59881,-0.518236,3.94561
Luxembourg,St. Vith,36,653,1.93475,-0.520091,2.941
Luxembourg,Charleville-Mézières,36,658,1.45513,-0.517542,2.20822
Luxembourg,Trier,36,659,1.90965,-0.520431,2.90349
Metz,Saint-Avold,37,38,3.09943,-0.517415,4.70312
Metz,Lausanne,37,44,2.54031,-0.516626,3.8527
Metz,Geneva,37,45,2.7083,-0.5149,4.1028
Metz,Brussels,37,326,3.55121,-0.517756,5.38988
Metz,Reims,37,367,2.49674,-0.51221,3.7756
Metz,Saarbrücken,37,368,2.99228,-0.519258,4.54604
Saint-Avold,Strasbourg,38,39,2.36733,-0.518273,3.59425
Strasbourg,Mulhouse,39,40,3.00462,-0.51949,4.56549
Strasbourg,Appenweier,39,664,2.27249,-0.519902,3.45396
Mulhouse,Basel,40,41,2.86358,-0.518819,4.34927
Mulhouse,Belfort,40,398,2.137,-0.517875,3.24369
Mulhouse,Chaumont,40,665,2.69713,-0.51784,4.09382
Basel,Olten,41,42,1.70264,-0.518144,2.58485
Basel,Offenburg,41,61,2.46306,-0.519707,3.74314
Basel,Zürich,41,399,2.00245,-0.51883,3.04138
Basel,Waldshut,41,666,2.35817,-0.518639,3.58121
Olten,Bern,42,43,1.67733,-0.514045,2.53955
Olten,Lucerne,42,62,1.06123,-0.516962,1.60985
Bern,Lausanne,43,44,1.38317,-0.515544,2.09625
Bern,Belfort,43,398,1.75655,-0.51747,2.66551
Bern,Martigny,43,506,0.946406,-0.512732,1.43166
Lausanne,Geneva,44,45,1.02766,-0.510767,1.55255
Lausanne,Martigny,44,506,0.815918,-0.512651,1.2342
Geneva,Mont Blanc,45,46,1.14591,-0.51085,1.7313
Geneva,Chambéry,45,447,1.255,-0.509223,1.89408
Geneva,Mâcon,45,677,2.04344,-0.512534,3.09077
Mont Blanc,Aosta,46,47,0.658926,-0.508298,0.993857
Aosta,Ivrea,47,48,0.536519,-0.499163,0.80433
Aosta,Martigny,47,506,0.754701,-0.505475,1.13618
Ivrea,Vercelli,48,49,0.205125,-0.496169,0.306902
Ivrea,Turin,48,449,0.301898,-0.496069,0.45166
Vercelli,Alessandria,49,50,0.157798,-0.490133,0.235141
Alessandria,Genoa,50,51,0.182884,-0.483315,0.271275
Alessandria,Turin,50,449,0.202726,-0.492125,0.302492
Alessandria,Tortona,50,450,0.131059,-0.484005,0.194492
Alessandria,Asti,50,686,0.173275,-0.486638,0.257597
Genoa,Rome,51,74,0.323183,-0.47213,0.475767
Genoa,Tortona,51,450,0.193823,-0.47733,0.28634
Genoa,Nice,51,467,0.313377,-0.487719,0.466217
Amsterdam,Utrecht,52,53,1.38567,-0.520488,2.10689
Amsterdam,Amersfoort,52,309,0.80439,-0.51974,1.22246
Amsterdam,Brussels,52,326,3.37207,-0.518563,5.1207
Amsterdam,Groningen,52,624,1.4513,-0.520859,2.20723
Utrecht,Arnhem,53,54,1.06154,-0.521812,1.61546
Utrecht,Gouda,53,308,0.856827,-0.521373,1.30355
Utrecht,Amersfoort,53,309,0.799311,-0.521588,1.21622
Utrecht,Gorinchem,53,707,1.0139,-0.521216,1.54237
Arnhem,Emmerich,54,55,0.971718,-0.522641,1.47958
Emmerich,Oberhausen,55,56,1.89762,-0.522898,2.88988
Oberhausen,Cologne,56,57,3.27436,-0.523071,4.98709
Oberhausen,Dortmund,56,508,2.29839,-0.522924,3.50028
Oberhausen,Venlo,56,643,2.1457,-0.522047,3.26585
Cologne,Frankfurt am Main,57,58,3.82985,-0.523303,5.83402
Cologne,Aachen,57,329,3.35396,-0.523246,5.1089
Cologne,Olpe,57,330,2.36791,-0.523512,3.60754
Cologne,Bremen,57,507,3.46141,-0.522975,5.27164
Frankfurt am Main,Heidelberg,58,59,3.43767,-0.52329,5.23657
Frankfurt am Main,Gießen,58,332,2.44874,-0.523675,3.73108
Frankfurt am Main,Mannheim,58,369,3.95253,-0.523122,6.02018
Frankfurt am Main,Aschaffenburg,58,509,2.85362,-0.522953,4.34592
Frankfurt am Main,Wiesbaden,58,656,2.81286,-0.523619,4.28572
Heidelberg,Karlsruhe,59,60,2.88217,-0.522445,4.38794
Karlsruhe,Offenburg,60,61,2.4377,-0.520639,3.70685
Karlsruhe,Stuttgart,60,510,3.40558,-0.520807,5.17923
Karlsruhe,Appenweier,60,664,2.61006,-0.521082,3.97012
Lucerne,Altdorf,62,63,0.783163,-0.517738,1.18864
Altdorf,Gotthard Pass,63,64,0.549435,-0.518068,0.834079
Altdorf,Zürich,63,399,1.03304,-0.51809,1.56825
Gotthard Pass,Bellinzona,64,65,0.274211,-0.51738,0.416082
Bellinzona,Lugano,65,66,0.134244,-0.513419,0.203168
Bellinzona,San Bernardino,65,516,0.152745,-0.516131,0.231582
Lugano,Chiasso,66,67,0.0769494,-0.501088,0.115508
Chiasso,Como,67,68,0.0967716,-0.48575,0.143778
Como,Milan,68,69,0.210607,-0.481779,0.312074
Milan,Piacenza,69,70,0.237869,-0.478455,0.351679
Milan,Turin,69,449,0.307341,-0.489375,0.457745
Milan,Tortona,69,450,0.170927,-0.480639,0.253081
Milan,Brescia,69,451,0.209362,-0.477182,0.309266
Milan,Gravellona Toce,69,680,0.235412,-0.484049,0.349363
Piacenza,Parma,70,71,0.166896,-0.472444,0.245744
Parma,Modena,71,72,0.25362,-0.468863,0.372532
Modena,Florence,72,73,0.284932,-0.464869,0.417389
Modena,Verona,72,94,0.340709,-0.468511,0.500335
Modena,Bologna,72,95,0.277077,-0.46376,0.405574
Florence,Rome,73,74,0.256608,-0.465316,0.376012
Rome,Pescara,74,125,0.249151,-0.464027,0.364764
Östersund,Mora,75,76,0.0139031,-0.344373,0.0186909
Östersund,Trondheim,75,493,0.0165641,-0.344301,0.0222672
Östersund,Sundsvall,75,610,0.0172548,-0.344011,0.0231906
Mora,Säffle,76,77,0.0102015,-0.344856,0.0137196
Säffle,Gothenburg,77,78,0.0135361,-0.345296,0.01821
Gothenburg,Halmstad,78,300,0.0129836,-0.345483,0.0174691
Gothenburg,Örebro,78,301,0.0140031,-0.345407,0.0188399
Gothenburg,Oslo,78,489,0.0119143,-0.345487,0.0160305
Hamburg,Hanover,79,80,2.10256,-0.521892,3.19986
Hamburg,Berlin,79,108,2.26939,-0.521236,3.45228
Hamburg,Bremen,79,507,2.64902,-0.522454,4.033
Hamburg,Lübeck,79,517,1.19888,-0.521749,1.82439
Hanover,Göttingen,80,81,1.47393,-0.522698,2.24435
Hanover,Bad Oeynhausen,80,312,1.69178,-0.522683,2.57604
Hanover,Braunschweig,80,313,1.54422,-0.521529,2.34957
Göttingen,Kassel,81,82,1.34149,-0.523096,2.04322
Kassel,Fulda,82,83,1.81527,-0.523045,2.76474
Kassel,Dortmund,82,508,2.10508,-0.523215,3.20649
Fulda,Würzburg,83,84,2.62668,-0.522606,3.9994
Würzburg,Nuremberg,84,85,3.87594,-0.521138,5.89585
Würzburg,Aschaffenburg,84,509,3.46148,-0.522699,5.27079
Würzburg,Stuttgart,84,510,2.75125,-0.522093,4.18766
Würzburg,Ulm,84,512,1.75726,-0.52057,2.67204
Nuremberg,Munich,85,86,3.17641,-0.51748,4.82014
Nuremberg,Heilbronn,85,370,3.48334,-0.521153,5.2987
Nuremberg,Rozvadov,85,371,2.67696,-0.518661,4.06539
Nuremberg,Bayreuth,85,529,3.60395,-0.5192,5.47512
Nuremberg,Regensburg,85,667,2.54749,-0.518784,3.86909
Munich,Rosenheim,86,87,2.21475,-0.514759,3.35481
Munich,Salzburg,86,115,2.61509,-0.513985,3.95921
Munich,Ulm,86,512,2.28311,-0.517466,3.46454
Munich,Lindau,86,513,2.46265,-0.515725,3.7327
Munich,Deggendorf,86,531,2.46431,-0.516259,3.73654
Munich,Garmisch-Partenkirchen,86,718,2.15689,-0.515614,3.26901
Munich,Braunau am Inn,86,721,1.91496,-0.514953,2.90108
Rosenheim,Wörgl,87,88,1.46139,-0.514568,2.21338
Rosenheim,Bad Reichenhall,87,407,1.16041,-0.513887,1.75672
Wörgl,Innsbruck,88,89,1.37119,-0.513555,2.07537
Wörgl,St. Johann in Tirol,88,732,1.03222,-0.513679,1.56245
Innsbruck,Brenner,89,90,0.786565,-0.512,1.18929
Innsbruck,Telfs,89,405,0.698234,-0.513363,1.05668
Innsbruck,Imst,89,406,0.713828,-0.513413,1.08032
Innsbruck,Seefeld,89,720,0.822752,-0.51331,1.24508
Brenner,Fortezza,90,91,0.464231,-0.508535,0.700309
Fortezza,Bolzano,91,92,0.290228,-0.500858,0.435592
Fortezza,Innichen,91,681,0.398737,-0.50546,0.600282
Bolzano,Trento,92,93,0.199128,-0.485308,0.295767
Trento,Verona,93,94,0.301306,-0.472445,0.443656
Verona,Mestre,94,120,0.419783,-0.469736,0.616971
Verona,Brescia,94,451,0.31457,-0.471089,0.462761
Bologna,Cesena,95,96,0.23298,-0.461077,0.340401
Cesena,Perugia,96,97,0.160784,-0.459662,0.23469
Cesena,Ravenna,96,121,0.247402,-0.46385,0.36216
Cesena,Rimini,96,122,0.166285,-0.459498,0.242693
Perugia,Fiano Romano,97,98,0.0656545,-0.457909,0.0957183
Fiano Romano,Naples,98,99,0.0306529,-0.455931,0.0446285
Naples,Salerno,99,100,0.00808188,-0.454113,0.011752
Naples,Avellino,99,741,0.0119953,-0.453635,0.0174368
Salerno,Sicignano degli Alburni,100,101,0.00460304,-0.450678,0.00667752
Salerno,Avellino,100,741,0.00603061,-0.45152,0.00875356
Sicignano degli Alburni,Potenza,101,743,0.00241237,-0.44857,0.00349449
Messina,Catania,102,103,6.60136e-05,-0.485206,6.60136e-05
Messina,Palermo,102,474,6.60136e-05,-0.485206,6.60136e-05
Catania,Siracusa,103,104,6.60136e-05,-0.485206,6.60136e-05
Siracusa,Gela,104,105,6.60136e-05,-0.485206,6.60136e-05
Gela,Mazara del Vallo,105,473,6.60136e-05,-0.485206,6.60136e-05
Helsingborg,Copenhagen,299,106,0.00289275,-0.345565,0.00389239
Copenhagen,Malmö,106,135,0.00148008,-0.345503,0.00199146
Rostock,Berlin,107,108,1.69241,-0.520617,2.57351
Rostock,Lübeck,107,517,0.853586,-0.521144,1.29843
Rostock,Sassnitz,107,625,0.715502,-0.520686,1.08805
Berlin,Lübbenau,108,109,2.52647,-0.520149,3.84061
Berlin,Szczecin,108,137,2.0061,-0.520621,3.05051
Berlin,Świebodzin,108,139,2.40851,-0.521115,3.66361
Berlin,Magdeburg,108,314,2.53817,-0.520533,3.85937
Berlin,Leipzig,108,526,2.2307,-0.5201,3.39089
Berlin,Neubrandenburg,108,700,1.56059,-0.520598,2.37304
Lübbenau,Dresden,109,110,1.85118,-0.51954,2.81294
Lübbenau,Cottbus,109,644,1.37865,-0.51994,2.09546
Dresden,Ústí nad Labem,110,111,1.86343,-0.517628,2.82799
Dresden,Chemnitz,110,337,2.10496,-0.51906,3.19756
Dresden,Görlitz,110,338,1.3532,-0.519254,2.05586
Ústí nad Labem,Prague,111,112,2.06959,-0.515419,3.1363
Prague,Tábor,112,113,1.96939,-0.512875,2.97944
Prague,Mladá Boleslav,112,146,1.16355,-0.514779,1.76252
Prague,Jihlava,112,147,1.98356,-0.512295,2.99973
Prague,Plzeň,112,372,2.24568,-0.514254,3.40053
Prague,Karlovy Vary,112,523,1.39221,-0.51508,2.10931
Prague,Hradec Králové,112,551,1.50375,-0.514254,2.27706
Tábor,Linz,113,114,1.7296,-0.512336,2.61574
Linz,Salzburg,114,115,1.81299,-0.511943,2.74114
Linz,Sattledt,114,408,0.733962,-0.511331,1.10926
Linz,Sankt Pölten,114,409,1.7061,-0.510537,2.57713
Linz,Wels,114,669,1.30777,-0.512364,1.97782
Salzburg,Villach,115,116,2.62716,-0.50912,3.9647
Salzburg,Bad Reichenhall,115,407,1.39386,-0.512315,2.10795
Salzburg,Sattledt,115,408,1.44636,-0.509822,2.18375
Salzburg,Lofer,115,733,1.66833,-0.51262,2.52356
Villach,Tarvisio,116,117,1.31847,-0.502961,1.9816
Villach,Karavanke Tunnel,116,537,1.11933,-0.503545,1.68296
Villach,Spittal an der Drau,116,682,1.30199,-0.506217,1.96108
Villach,Klagenfurt,116,683,1.37575,-0.504514,2.06983
Tarvisio,Udine,117,118,0.60872,-0.50085,0.913598
Udine,Palmanova,118,119,0.50873,-0.490239,0.758129
Palmanova,Mestre,119,120,0.53087,-0.479362,0.78535
Palmanova,Trieste,119,452,0.576071,-0.485984,0.856033
Mestre,Ravenna,120,121,0.320594,-0.469717,0.471182
Rimini,Fano,122,123,0.0816605,-0.457601,0.119028
Fano,Ancona,123,124,0.0717717,-0.45734,0.104596
Ancona,Pescara,124,125,0.127531,-0.459495,0.186131
Pescara,Canosa di Puglia,125,126,0.137819,-0.459212,0.201106
Canosa di Puglia,Bari,126,127,0.0437536,-0.455767,0.063695
Canosa di Puglia,Benevento,126,742,0.0450651,-0.456045,0.0656168
Bari,Brindisi,127,128,0.0116778,-0.453878,0.0169781
Bari,Taranto,127,476,0.0110641,-0.453732,0.0160842
Brindisi,Taranto,128,476,0.00268379,-0.450654,0.00389325
Igoumenitsa,Preveza,129,130,0.00555223,-0.413312,0.00784703
Igoumenitsa,Ioannina,129,477,0.012935,-0.415156,0.0183051
Preveza,Rhion,130,131,0.00275904,-0.410869,0.00389264
Rhion,Patras,131,132,0.000985032,-0.407599,0.00138653
Rhion,Aigio,131,175,0.000985032,-0.407599,0.00138653
Patras,Pyrgos,132,133,0.000422457,-0.405096,0.000593592
Pyrgos,Kalamata,133,134,0.000202153,-0.40202,0.000283423
Kalamata,Tripoli,134,177,0.000144389,-0.400063,0.000202153
Malmö,Helsingborg,135,299,0.00398196,-0.345548,0.00535791
Malmö,Kalmar,135,626,0.00378796,-0.345468,0.00509657
Goleniów,Szczecin,136,137,0.85494,-0.520834,1.30022
Goleniów,Koszalin,136,637,0.370044,-0.521683,0.563089
Szczecin,Gorzów Wielkopolski,137,138,0.912035,-0.521041,1.38724
Gorzów Wielkopolski,Świebodzin,138,139,1.09949,-0.521669,1.67305
Świebodzin,Zielona Góra,139,140,1.45399,-0.521607,2.2124
Świebodzin,Poznań,139,315,2.3201,-0.52289,3.53326
Zielona Góra,Legnica,140,141,1.45857,-0.521704,2.21951
Legnica,Jelenia Góra,141,142,1.29775,-0.520448,1.97316
Legnica,Görlitz,141,338,1.43732,-0.520131,2.18492
Legnica,Wrocław,141,339,2.18998,-0.520371,3.32958
Legnica,Cottbus,141,644,1.43907,-0.520174,2.18764
Jelenia Góra,Harrachov,142,143,0.557698,-0.519881,0.847635
Harrachov,Železný Brod,143,144,0.397519,-0.518011,0.603438
Železný Brod,Turnov,144,145,0.649179,-0.516271,0.984331
Turnov,Mladá Boleslav,145,146,0.685733,-0.515245,1.03905
Turnov,Hradec Králové,145,551,0.967637,-0.515153,1.46612
Turnov,Teplice,145,715,0.839737,-0.516081,1.27311
Jihlava,Brno,147,148,0.994789,-0.510592,1.50272
Jihlava,Vienna,147,410,1.60023,-0.510433,2.41704
Brno,Bratislava,148,149,1.38257,-0.507926,2.08482
Brno,Trenčín,148,373,1.38079,-0.509723,2.08461
Brno,Vienna,148,410,1.57736,-0.508227,2.37901
Brno,Olomouc,148,716,1.40414,-0.511481,2.12233
Bratislava,Rajka,149,150,1.4721,-0.506551,2.21779
Bratislava,Žilina,149,195,1.58844,-0.510158,2.3988
Bratislava,Győr,149,196,1.46398,-0.502415,2.19951
Bratislava,Vienna,149,410,2.03279,-0.503969,3.05725
Bratislava,Zvolen,149,568,2.07294,-0.506019,3.12189
Bratislava,Dunajská Streda,149,724,1.2648,-0.5066,1.90555
Rajka,Csorna,150,151,0.582507,-0.506422,0.877501
Csorna,Szombathely,151,152,0.282903,-0.503589,0.42537
Szombathely,Zalaegerszeg,152,153,0.268233,-0.496872,0.40151
Zalaegerszeg,Nagykanizsa,153,154,0.520118,-0.493275,0.776679
Nagykanizsa,Letenye,154,155,0.322481,-0.492558,0.481322
Nagykanizsa,Zagreb,154,156,0.695638,-0.491186,1.03733
Nagykanizsa,Balatonvilágos,154,553,1.03201,-0.493266,1.54107
Letenye,Zagreb,155,156,0.373157,-0.490001,0.556005
Zagreb,Karlovac,156,157,0.54615,-0.489646,0.813571
Zagreb,Ljubljana,156,454,0.533964,-0.491209,0.796252
Zagreb,Slavonski Brod,156,455,0.583881,-0.483372,0.866114
Zagreb,Maribor,156,535,0.653913,-0.49437,0.977188
Karlovac,Rijeka,157,158,0.239586,-0.488252,0.356564
Karlovac,Knin,157,554,0.192419,-0.488321,0.286381
Rijeka,Split,158,159,0.160244,-0.486405,0.238188
Rijeka,Trieste,158,452,0.410464,-0.488021,0.61078
Split,Dubrovnik,159,160,0.111681,-0.480716,0.165367
Split,Knin,159,554,0.113077,-0.485753,0.168005
Dubrovnik,Petrovac,160,161,0.0353234,-0.474894,0.0520983
Dubrovnik,Podgorica,160,162,0.0757764,-0.468652,0.111289
Petrovac,Podgorica,161,162,0.0485887,-0.463058,0.0710881
Petrovac,Prizren,161,744,0.0446144,-0.463403,0.0652888
Podgorica,Bijelo Polje,162,163,0.0748202,-0.463674,0.109512
Podgorica,Pristina,162,164,0.102818,-0.462421,0.150364
Podgorica,Sarajevo,162,737,0.129004,-0.464178,0.188885
Bijelo Polje,Pristina,163,164,0.103463,-0.462276,0.151291
Bijelo Polje,Nova Varoš,163,740,0.114241,-0.464955,0.167358
Pristina,Skopje,164,165,0.136591,-0.459184,0.199311
Pristina,Niš,164,202,0.276831,-0.464337,0.405374
Pristina,Prizren,164,744,0.0848396,-0.461724,0.124012
Skopje,Kičevo,165,166,0.0913296,-0.455567,0.132936
Skopje,Kumanovo,165,203,0.133833,-0.458912,0.19525
Skopje,Veles,165,204,0.09554,-0.453875,0.138903
Kičevo,Ohrid,166,167,0.0372263,-0.453088,0.054093
Ohrid,Bitola,167,168,0.0168565,-0.447031,0.0243918
Bitola,Niki,168,169,0.0115574,-0.432785,0.0165592
Niki,Vevi,169,170,0.016262,-0.4207,0.0231034
Vevi,Kozani,170,171,0.0346494,-0.418181,0.0491391
Kozani,Larissa,171,172,0.0234137,-0.41785,0.0331971
Kozani,Thessaloniki,171,207,0.077509,-0.420094,0.11007
Kozani,Ioannina,171,477,0.0284605,-0.417517,0.0403432
Larissa,Domokos,172,173,0.0103401,-0.41689,0.0146508
Larissa,Lamia,172,174,0.0103401,-0.41689,0.0146508
Larissa,Katerini,172,208,0.0299327,-0.418688,0.0424651
Larissa,Trikala,172,687,0.0146716,-0.416309,0.0207795
Domokos,Lamia,173,174,6.60136e-05,-0.485206,3.30068e-05
Aigio,Corinth,175,176,0.000422457,-0.405096,0.000593592
Corinth,Tripoli,176,177,0.000202153,-0.40202,0.000283423
Varangerbotn,Utsjoki,178,179,0.0626387,-0.499922,0.0939531
Varangerbotn,Kirkenes,178,243,0.176809,-0.519857,0.268725
Varangerbotn,Karasjok,178,502,0.0625916,-0.5,0.0938874
Utsjoki,Inari,179,180,0.0244086,-0.496204,0.0365202
Inari,Ivalo,180,181,0.0104018,-0.485995,0.015457
Ivalo,Sodankylä,181,182,0.00650549,-0.457452,0.00948144
Sodankylä,Rovaniemi,182,183,0.00568751,-0.416743,0.00805774
Sodankylä,Kemijärvi,182,539,0.00390136,-0.430206,0.00557974
Rovaniemi,Kemi,183,184,0.00728174,-0.399479,0.0101906
Kemi,Oulu,184,185,0.0112427,-0.410109,0.0158535
Kemi,Tornio,184,614,0.00715704,-0.387654,0.00993149
Oulu,Jyväskylä,185,186,0.012537,-0.437178,0.0180179
Oulu,Kokkola,185,615,0.00934195,-0.433311,0.0133899
Jyväskylä,Heinola,186,187,0.0196092,-0.47067,0.0288387
Jyväskylä,Kuopio,186,544,0.0127686,-0.448047,0.0184896
Jyväskylä,Tampere,186,545,0.0186118,-0.463605,0.0272404
Heinola,Lahti,187,188,0.025914,-0.49892,0.038843
Lahti,Helsinki,188,189,0.0580768,-0.51232,0.0878306
Helsinki,Hämeenlinna,189,618,0.0585449,-0.512139,0.0885281
Helsinki,Kotka,189,621,0.173912,-0.522469,0.264775
Gdańsk,Świecie,190,191,1.82913,-0.526612,2.79237
Gdańsk,Kaliningrad,190,563,1.43168,-0.528901,2.18889
Gdańsk,Elbląg,190,564,1.571,-0.526746,2.39852
Gdańsk,Gdynia,190,639,1.12449,-0.527439,1.71758
Świecie,Łódź,191,192,1.28346,-0.525146,1.95747
Świecie,Poznań,191,315,1.71187,-0.525172,2.6109
Łódź,Piotrków Trybunalski,192,193,1.46973,-0.524845,2.24111
Piotrków Trybunalski,Katowice,193,194,1.72352,-0.522964,2.62486
Piotrków Trybunalski,Warsaw,193,316,2.55252,-0.526031,3.89523
Piotrków Trybunalski,Wrocław,193,339,1.74218,-0.523242,2.65377
Katowice,Žilina,194,195,1.3776,-0.517596,2.09064
Katowice,Zabrze,194,342,1.23255,-0.520835,1.8745
Katowice,Kraków,194,343,1.89401,-0.520966,2.88073
Katowice,Český Těšín,194,717,0.973531,-0.519676,1.47945
Žilina,Olomouc,195,716,0.810945,-0.513384,1.22727
Győr,Budapest,196,197,2.00701,-0.499855,3.01022
Győr,Vámosszabadi,196,726,0.924324,-0.502652,1.38894
Budapest,Szeged,197,198,1.98552,-0.490745,2.9599
Budapest,Mosonmagyaróvár,197,412,2.11911,-0.497706,3.1738
Budapest,Szolnok,197,413,1.99553,-0.492775,2.97888
Budapest,Miskolc,197,552,2.09244,-0.496049,3.1304
Budapest,Balatonvilágos,197,553,1.79701,-0.493738,2.68426
Budapest,Szekszárd,197,555,1.63863,-0.493624,2.44749
Budapest,Zvolen,197,568,1.9671,-0.499961,2.95057
Szeged,Subotica,198,199,1.14172,-0.482772,1.6929
Szeged,Arad,198,684,1.37151,-0.483492,2.03463
Subotica,Novi Sad,199,200,0.641393,-0.480403,0.949521
Subotica,Sombor,199,735,0.601689,-0.483612,0.892674
Novi Sad,Belgrade,200,201,0.599482,-0.476627,0.885211
Belgrade,Niš,201,202,0.48547,-0.471196,0.714221
Belgrade,Slavonski Brod,201,455,0.538445,-0.478696,0.796197
Belgrade,Vršac,201,456,0.479993,-0.474013,0.707516
Belgrade,Čačak,201,739,0.419442,-0.471941,0.617393
Niš,Kumanovo,202,203,0.199357,-0.465532,0.292164
Niš,Drobeta-Turnu Severin,202,458,0.467851,-0.470607,0.688024
Niš,Sofia,202,468,0.323849,-0.456483,0.47168
Kumanovo,Kyustendil,203,745,0.121219,-0.457015,0.176618
Veles,Gevgelija,204,205,0.0491598,-0.444603,0.0710164
Gevgelija,Evzoni,205,206,0.0464928,-0.429401,0.0664568
Evzoni,Thessaloniki,206,207,0.0837538,-0.422385,0.11913
Thessaloniki,Katerini,207,208,0.0563324,-0.420779,0.0800359
Thessaloniki,Alexandroupoli,207,233,0.11652,-0.418753,0.165314
Thessaloniki,Serres,207,577,0.103426,-0.427272,0.147617
Klaipėda,Kaunas,209,210,2.15625,-0.531286,3.30183
Klaipėda,Palanga,209,704,1.26889,-0.532045,1.944
Kaunas,Vilnius,210,211,2.38975,-0.53099,3.65869
Kaunas,Warsaw,210,316,4.54254,-0.529194,6.94642
Kaunas,Riga,210,547,3.142,-0.530302,4.80821
Kaunas,Ukmergė,210,701,2.00995,-0.530996,3.07723
Vilnius,Lida,211,212,2.23836,-0.531223,3.42743
Vilnius,Minsk,211,318,4.49693,-0.529307,6.87719
Vilnius,Marijampolė,211,641,2.35233,-0.531462,3.6025
Vilnius,Ukmergė,211,701,2.35428,-0.531363,3.60526
Lida,Slonim,212,213,0.874521,-0.531147,1.33902
Slonim,Kobryn,213,214,0.439683,-0.527822,0.671756
Kobryn,Dubno,214,215,0.468992,-0.520482,0.713094
Dubno,Ternopil,215,216,0.986505,-0.516822,1.49635
Ternopil,Chernivtsi,216,217,1.09622,-0.51456,1.66029
Ternopil,Stryj,216,379,1.54874,-0.513207,2.34357
Ternopil,Khmelnytskyi,216,380,1.41596,-0.518494,2.15013
Chernivtsi,Siret,217,218,0.796857,-0.509729,1.20304
Siret,Suceava,218,219,1.30986,-0.505707,1.97227
Suceava,Roman,219,220,1.2744,-0.503945,1.91662
Suceava,Halmeu,219,578,1.95477,-0.502595,2.93723
Suceava,Iaşi,219,670,1.75632,-0.507181,2.6471
Roman,Urziceni,220,221,0.685571,-0.500919,1.02899
Urziceni,Bucharest,221,222,0.449481,-0.492668,0.670927
Urziceni,Slobozia,221,421,0.383097,-0.498602,0.57411
Bucharest,Giurgiu,222,223,0.215838,-0.483109,0.320112
Bucharest,Ploieşti,222,420,0.196704,-0.484755,0.292057
Bucharest,Constanţa,222,423,0.299484,-0.488303,0.445723
Bucharest,Alexandria,222,460,0.222515,-0.480979,0.32954
Bucharest,Piteşti,222,583,0.243461,-0.482097,0.360833
Giurgiu,Ruse,223,224,0.108869,-0.478807,0.160996
Ruse,Byala,224,225,0.0540998,-0.471132,0.079588
Ruse,Razgrad,224,461,0.050696,-0.472688,0.0746594
Byala,Veliko Tarnovo,225,226,0.0410956,-0.465861,0.0602404
Byala,Pleven,225,584,0.0394905,-0.460634,0.0576812
Veliko Tarnovo,Stara Zagora,226,227,0.0459155,-0.465105,0.0672711
Veliko Tarnovo,Shumen,226,462,0.0457857,-0.470609,0.0673328
Stara Zagora,Haskovo,227,228,0.0273047,-0.462608,0.039936
Stara Zagora,Burgas,227,590,0.0417118,-0.4706,0.0613414
Haskovo,Svilengrad,228,229,0.0123523,-0.45342,0.017953
Svilengrad,Ormenio,229,230,0.0086014,-0.434416,0.012338
Ormenio,Kastanies,230,231,0.0123237,-0.419361,0.0174918
Kastanies,Didymoteicho,231,232,0.0263822,-0.415986,0.0373568
Didymoteicho,Alexandroupoli,232,233,0.0623899,-0.41635,0.088366
Alexandroupoli,Gelibolu,233,478,0.0778093,-0.415816,0.110164
Saint Petersburg,Pskov,234,235,4.33646,-0.525772,6.61645
Saint Petersburg,Moscow,234,239,7.91585,-0.519867,12.031
Saint Petersburg,Petrozavodsk,234,245,2.73516,-0.523072,4.16585
Saint Petersburg,Narva,234,304,3.26689,-0.524876,4.9816
Saint Petersburg,Vyborg,234,623,2.73513,-0.523073,4.1658
Pskov,Gomel,235,236,5.79562,-0.528041,8.85595
Pskov,Riga,235,547,4.19308,-0.528668,6.40982
Gomel,Kiev,236,237,7.90724,-0.524694,12.0561
Gomel,Babruysk,236,703,4.84545,-0.527989,7.4038
Kiev,Odessa,237,238,5.56723,-0.519547,8.45966
Kiev,Hlukhiv,237,242,6.81994,-0.519158,10.3606
Kiev,Kharkiv,237,247,6.5794,-0.517589,9.98482
Kiev,Rivne,237,348,4.97033,-0.521273,7.56123
Kiev,Zhytomyr,237,349,3.95734,-0.521323,6.02039
Odessa,Izmail,238,586,1.83642,-0.51892,2.78937
Odessa,Chişinău,238,672,2.17159,-0.518585,3.29774
Odessa,Mykolaiv,238,673,2.14766,-0.519466,3.2633
Moscow,Kaluga,239,240,5.53133,-0.517544,8.39403
Moscow,Orel,239,246,5.82838,-0.511918,8.81203
Moscow,Voronezh,239,248,5.95157,-0.511269,8.99443
Moscow,Tambov,239,256,5.13084,-0.509771,7.74639
Moscow,Smolensk,239,319,6.15898,-0.521875,9.37319
Moscow,Ryazan,239,320,4.4116,-0.511448,6.66791
Moscow,Velikiye Luki,239,628,5.34721,-0.518855,8.12163
Moscow,Vladimir,239,629,4.4949,-0.508362,6.77993
Kaluga,Bryansk,240,241,3.07393,-0.519384,4.67048
Bryansk,Hlukhiv,241,242,3.80964,-0.519931,5.79039
Hlukhiv,Kursk,242,645,4.03551,-0.518748,6.12892
Kirkenes,Murmansk,243,244,0.395026,-0.523829,0.601952
Murmansk,Petrozavodsk,244,245,1.0271,-0.523805,1.56509
Orel,Kharkiv,246,247,4.41398,-0.514553,6.6852
Kharkiv,Luhansk,247,350,3.56898,-0.516683,5.41301
Voronezh,Novorossiysk,248,249,3.72154,-0.50503,5.60103
Voronezh,Kursk,248,645,3.82628,-0.515355,5.79817
Voronezh,Saratov,248,646,3.02074,-0.505147,4.54666
Novorossiysk,Dzhankoy,249,601,1.52054,-0.508004,2.29298
Novorossiysk,Sochi,249,602,1.47416,-0.507668,2.22255
Mineralnye Vody,Nalchik,250,251,0.185518,-0.5023,0.278703
Mineralnye Vody,Makhachkala,250,260,0.414785,-0.501241,0.622693
Mineralnye Vody,Armavir,250,387,0.22224,-0.504865,0.334441
Nalchik,Vladikavkaz,251,252,0.0708839,-0.5021,0.106475
Vladikavkaz,Stepantsminda,252,253,0.0274316,-0.501846,0.0411981
Stepantsminda,Mtskheta,253,254,0.0115123,-0.501415,0.0172847
Mtskheta,Tbilisi,254,255,0.00713782,-0.500848,0.0107128
Tbilisi,Gori,255,428,0.0046268,-0.502116,0.00694999
Tbilisi,Rustavi,255,429,0.00667421,-0.500279,0.0100132
Tambov,Povorino,256,257,2.34249,-0.510526,3.53839
Povorino,Volgograd,257,258,1.94593,-0.511134,2.94056
Volgograd,Astrakhan,258,259,2.02756,-0.506648,3.05481
Volgograd,Luhansk,258,350,2.30744,-0.514041,3.49356
Astrakhan,Makhachkala,259,260,1.2735,-0.500857,1.91134
Astrakhan,Atyrau,259,265,1.61002,-0.493818,2.40507
Makhachkala,Kuba,260,261,0.408155,-0.500862,0.612585
Kuba,Baku,261,262,0.15587,-0.500696,0.233913
Baku,Yevlakh,262,431,0.0596704,-0.500525,0.089537
Samara,Oral,263,264,1.22747,-0.476424,1.81226
Samara,Penza,263,321,1.23263,-0.492825,1.8401
Samara,Ufa,263,322,0.868688,-0.471448,1.27823
Oral,Atyrau,264,265,1.27896,-0.47253,1.8833
Oral,Saratov,264,646,1.89523,-0.493637,2.83079
Oral,Aktobe,264,647,0.880013,-0.475789,1.29871
Atyrau,Beineu,265,266,0.628279,-0.481902,0.931048
Atyrau,Beyneu,265,351,0.628279,-0.481902,0.931048
Beineu,Shetpe,266,267,0.244321,-0.480591,0.361739
Shetpe,Zhetybai,267,268,0.0951994,-0.479219,0.140821
Zhetybai,Fetisovo,268,269,0.0373206,-0.477638,0.0551464
Fetisovo,Bekdash,269,270,0.0150933,-0.474704,0.0222582
Bekdash,Türkmenbaşy,270,271,0.00719575,-0.466326,0.0105513
Türkmenbaşy,Gyzylarbat,271,272,0.00600931,-0.451011,0.00871958
Gyzylarbat,Ashgabat,272,432,0.0102434,-0.444615,0.0147978
Chelyabinsk,Kostanay,273,274,0.17908,-0.466472,0.262616
Chelyabinsk,Ufa,273,322,0.388114,-0.47014,0.570582
Chelyabinsk,Kurgan,273,323,0.196138,-0.464843,0.287311
Kostanay,Esil,274,275,0.076038,-0.462004,0.111168
Esil,Derzhavinsk,275,276,0.0432553,-0.44686,0.0625843
Derzhavinsk,Arkalyk,276,277,0.0491306,-0.425022,0.0700123
Arkalyk,Jezkazgan,277,278,0.0967693,-0.415534,0.13698
Jezkazgan,Kyzylorda,278,279,0.146001,-0.410563,0.205943
Jezkazgan,Karaganda,278,286,0.142859,-0.415982,0.202286
Kyzylorda,Shymkent,279,280,0.135169,-0.4106,0.190669
Kyzylorda,Novokazalinsk,279,650,0.110569,-0.421431,0.157166
Shymkent,Tashkent,280,281,0.0993976,-0.404789,0.139633
Shymkent,Zhambyl,280,359,0.0808712,-0.405253,0.113644
Tashkent,Ayni,281,282,0.0348542,-0.404667,0.0489586
Tashkent,Jizzakh,281,358,0.0448295,-0.404677,0.062971
Tashkent,Kokand,281,689,0.0367775,-0.403102,0.0516025
Ayni,Dushanbe,282,283,0.0260752,-0.398882,0.0364761
Ayni,Kokand,282,689,0.0130625,-0.398522,0.0182682
Dushanbe,Termez,283,440,0.0139232,-0.395847,0.0194346
Dushanbe,Jirgatal,283,441,0.014223,-0.395475,0.0198478
Dushanbe,Kulob,283,692,0.0104107,-0.395648,0.0145297
Ishim,Astana,284,285,0.0764859,-0.439501,0.110102
Ishim,Omsk,284,291,0.0764859,-0.439501,0.110102
Ishim,Kurgan,284,323,0.131113,-0.456229,0.19093
Ishim,Tyumen,284,635,0.0873603,-0.452872,0.126923
Astana,Karaganda,285,286,0.0762251,-0.425741,0.108677
Karaganda,Balkhash,286,287,0.0821483,-0.415151,0.116252
Karaganda,Pavlodar,286,292,0.0889792,-0.421887,0.126518
Balkhash,Burubaytal,287,288,0.0476126,-0.411178,0.0671899
Burubaytal,Almaty,288,289,0.0522315,-0.40547,0.0734097
Almaty,Bishkek,289,290,0.0776731,-0.402022,0.108899
Almaty,Sary-Ozek,289,360,0.0376173,-0.402604,0.0527621
Almaty,Kokpek,289,695,0.0308918,-0.402706,0.043332
Bishkek,Zhambyl,290,359,0.0699548,-0.402593,0.0981181
Bishkek,Osh,290,691,0.0690968,-0.400658,0.096781
Omsk,Pavlodar,291,292,0.0567291,-0.430972,0.0811778
Pavlodar,Semey,292,293,0.0462024,-0.424939,0.0658356
Semey,Georgiyevka,293,294,0.0191315,-0.424431,0.0272515
Georgiyevka,Ayagoz,294,364,0.00830063,-0.422861,0.0118106
Narvik,Kiruna,295,296,0.00139824,-0.366524,0.00191073
Narvik,Setermoen,295,498,0.00104697,-0.421793,0.00148857
Kiruna,Töre,296,297,0.00277448,-0.348704,0.00374195
Töre,Luleå,297,298,0.00608567,-0.346032,0.00819151
Luleå,Umeå,298,612,0.0105236,-0.344656,0.0141506
Luleå,Haparanda,298,613,0.00684635,-0.349814,0.00924131
Helsingborg,Halmstad,299,300,0.00871977,-0.345543,0.0117328
Helsingborg,Jönköping,299,605,0.0053697,-0.345551,0.00722521
Örebro,Stockholm,301,302,0.016758,-0.345329,0.022545
Örebro,Karlstad,301,620,0.0100161,-0.345444,0.0134761
Stockholm,Södertälje,302,608,0.012371,-0.34515,0.0166409
Stockholm,Uppsala,302,609,0.0146108,-0.344819,0.0196488
Tallinn,Narva,303,304,1.96784,-0.527178,3.00524
Tallinn,Riga,303,547,2.74359,-0.528482,4.19353
Colchester,Ipswich,305,306,6.60136e-05,-0.485206,6.60136e-05
Ipswich,Cambridge,306,636,6.60136e-05,-0.485206,6.60136e-05
The Hague,Gouda,307,308,0.388841,-0.521359,0.591567
Amersfoort,Oldenzaal,309,310,0.663586,-0.521638,1.00974
Amersfoort,Hoogeveen,309,698,0.619179,-0.52153,0.942099
Oldenzaal,Osnabrück,310,311,0.576242,-0.522614,0.877394
Osnabrück,Bad Oeynhausen,311,312,1.0912,-0.523032,1.66194
Bad Oeynhausen,Dortmund,312,508,1.88407,-0.523254,2.86992
Braunschweig,Magdeburg,313,314,1.42503,-0.521078,2.16758
Magdeburg,Halle,314,518,1.50348,-0.520396,2.28588
Poznań,Warsaw,315,316,2.94452,-0.525672,4.49237
Poznań,Wrocław,315,339,1.69305,-0.523728,2.57974
Warsaw,Elbląg,316,564,2.38151,-0.52688,3.63628
Warsaw,Radom,316,565,2.79044,-0.524975,4.25535
Warsaw,Lublin,316,713,3.33339,-0.52536,5.08462
Brest,Rennes,317,365,0.320427,-0.513142,0.484852
Brest,Lorient,317,388,0.174647,-0.512654,0.26418
Minsk,Smolensk,318,319,4.67029,-0.525775,7.12582
Minsk,Babruysk,318,703,4.29547,-0.528543,6.56582
Ryazan,Penza,320,321,1.87188,-0.507636,2.82212
Ufa,Yelabuga,322,632,0.431831,-0.474017,0.636526
Bruges,Ghent,324,325,1.62816,-0.516675,2.46938
Bruges,Zeebrugge,324,642,1.84746,-0.517057,2.8027
Ghent,Brussels,325,326,2.2227,-0.516957,3.37174
Brussels,Leuven,326,327,2.88326,-0.518671,4.37872
Leuven,Hasselt,327,708,1.92343,-0.520764,2.92509
Eupen,Aachen,328,329,2.35833,-0.52265,3.5909
Eupen,St. Vith,328,653,1.20512,-0.521705,1.83384
Aachen,Heerlen,329,709,1.86216,-0.523071,2.8362
Olpe,Wetzlar,330,331,2.21884,-0.523496,3.38039
Wetzlar,Gießen,331,332,2.22292,-0.523634,3.38692
Wetzlar,Dortmund,331,508,3.09093,-0.523546,4.70918
Wetzlar,Aschaffenburg,331,509,2.38028,-0.523349,3.62601
Wetzlar,Koblenz,331,660,2.33025,-0.523412,3.54993
Gießen,Bad Hersfeld,332,333,1.38383,-0.523815,2.1087
Bad Hersfeld,Eisenach,333,334,0.641689,-0.523224,0.977437
Eisenach,Erfurt,334,335,0.571041,-0.521232,0.868687
Erfurt,Gera,335,336,1.09568,-0.519982,1.66542
Gera,Chemnitz,336,337,1.62717,-0.519476,2.47244
Gera,Leipzig,336,526,1.64175,-0.51987,2.49525
Gera,Hirschberg,336,527,1.15499,-0.51964,1.75517
Chemnitz,Plauen,337,519,1.53347,-0.519416,2.32998
Wrocław,Opole,339,340,1.38653,-0.521971,2.11026
Wrocław,Kłodzko,339,548,1.40704,-0.522035,2.14157
Opole,Gliwice,340,341,0.659918,-0.521809,1.00427
Gliwice,Zabrze,341,342,0.622008,-0.521254,0.946232
Kraków,Rzeszów,343,344,0.893506,-0.520853,1.35889
Kraków,Radom,343,565,1.1108,-0.523673,1.6925
Kraków,Trstená,343,566,1.10603,-0.518918,1.67997
Rzeszów,Jarosław,344,345,0.864513,-0.521491,1.31535
Rzeszów,Radom,344,565,0.964868,-0.524057,1.47051
Rzeszów,Barwinek,344,710,0.677499,-0.521635,1.03091
Jarosław,Korczowa,345,346,0.930503,-0.519733,1.41412
Korczowa,Lviv,346,347,1.96372,-0.518531,2.98197
Lviv,Rivne,347,348,2.69037,-0.519961,4.08926
Lviv,Mukachevo,347,378,3.40545,-0.513855,5.15536
Lviv,Lublin,347,713,2.00732,-0.521038,3.05321
Rivne,Zhytomyr,348,349,1.71354,-0.522012,2.60803
Rivne,Kovel,348,714,1.69246,-0.522166,2.57621
Zhytomyr,Vinnytsia,349,381,2.86599,-0.522329,4.36298
Beyneu,Qo‘ng‘irot,351,352,0.246326,-0.480302,0.364637
Qo‘ng‘irot,Nukus,352,353,0.100995,-0.477427,0.149212
Nukus,Daşoguz,353,354,0.0520981,-0.470227,0.0765961
Daşoguz,Bukhara,354,355,0.0179957,-0.447604,0.0260507
Daşoguz,Ashgabat,354,432,0.0204168,-0.449454,0.0295932
Daşoguz,Uchkuduk,354,688,0.0138845,-0.458915,0.0202563
Bukhara,Navoiy,355,356,0.0144379,-0.422162,0.020533
Bukhara,Alat,355,436,0.0117528,-0.427525,0.0167775
Bukhara,Karshi,355,437,0.0119073,-0.426369,0.0169842
Bukhara,Uchkuduk,355,688,0.00851011,-0.433128,0.0121961
Navoiy,Samarkand,356,357,0.0123369,-0.409917,0.017394
Samarkand,Jizzakh,357,358,0.0203501,-0.404574,0.0285832
Sary-Ozek,Taldykorgan,360,361,0.0179409,-0.402092,0.0251548
Sary-Ozek,Koktal,360,697,0.0169185,-0.40195,0.0237189
Taldykorgan,Ucharal,361,362,0.00797207,-0.402849,0.0111836
Ucharal,Taskesken,362,363,0.00442634,-0.407691,0.00623092
Taskesken,Ayagoz,363,364,0.00448976,-0.417332,0.00636348
Rennes,Le Mans,365,366,0.795057,-0.513227,1.2031
Le Mans,Angers,366,391,0.648588,-0.513251,0.981477
Le Mans,Tours,366,392,0.752068,-0.512542,1.13753
Le Mans,Rouen,366,662,1.25427,-0.514764,1.89992
Reims,Charleroi,367,651,1.76646,-0.51645,2.67875
Reims,Charleville-Mézières,367,658,1.6216,-0.517293,2.46044
Reims,Rouen,367,662,1.81411,-0.514914,2.74822
Saarbrücken,Mannheim,368,369,3.22906,-0.522518,4.9163
Saarbrücken,Trier,368,659,1.65752,-0.521231,2.52147
Mannheim,Heilbronn,369,370,3.0182,-0.52234,4.59473
Rozvadov,Plzeň,371,372,2.36201,-0.517127,3.58347
Plzeň,Karlovy Vary,372,523,1.63334,-0.51652,2.477
Plzeň,České Budějovice,372,524,1.87278,-0.515007,2.83728
Plzeň,Bayerisch Eisenstein,372,530,1.93014,-0.51612,2.92632
Trenčín,Prešov,373,374,1.19721,-0.509412,1.80708
Prešov,Košice,374,375,1.84079,-0.507915,2.77576
Prešov,Svidník,374,712,0.910662,-0.509622,1.37476
Košice,Vyšné Nemecké,375,376,0.924786,-0.506826,1.39349
Košice,Uzhhorod,375,377,1.81146,-0.506919,2.72973
Košice,Miskolc,375,552,1.6143,-0.503806,2.4276
Košice,Zvolen,375,568,1.71995,-0.505735,2.58978
Vyšné Nemecké,Uzhhorod,376,377,0.886679,-0.507016,1.33624
Uzhhorod,Mukachevo,377,378,2.95204,-0.506097,4.44606
Uzhhorod,Chop,377,723,1.46813,-0.506347,2.21152
Mukachevo,Stryj,378,379,2.16343,-0.509635,3.26598
Mukachevo,Halmeu,378,578,2.53719,-0.505696,3.82024
Khmelnytskyi,Vinnytsia,380,381,1.77654,-0.521493,2.703
Vinnytsia,Uman,381,382,1.73677,-0.52223,2.64376
Vinnytsia,Mohyliv-Podilskyi,381,728,1.60078,-0.521696,2.4359
Uman,Kirovohrad,382,383,1.29747,-0.521254,1.97379
Kirovohrad,Dnipropetrovsk,383,384,0.893833,-0.520333,1.35892
Kirovohrad,Chişinău,383,672,1.77364,-0.519268,2.69463
Dnipropetrovsk,Donetsk,384,385,0.372496,-0.519973,0.566183
Donetsk,Rostov-on-Don,385,386,0.238534,-0.517767,0.362039
Rostov-on-Don,Armavir,386,387,0.1946,-0.511994,0.294234
Rostov-on-Don,Taganrog,386,675,0.213507,-0.516523,0.323789
Lorient,Vannes,388,389,0.207933,-0.51184,0.314361
Vannes,Nantes,389,390,0.454075,-0.511508,0.686339
Nantes,Angers,390,391,0.633024,-0.511863,0.957045
Nantes,Poitiers,390,676,0.887056,-0.511209,1.34053
Angers,Tours,391,392,0.486015,-0.50997,0.733868
Tours,Vierzon,392,503,0.631447,-0.509186,0.952971
Montargis,Auxerre,393,394,1.17344,-0.511854,1.77407
Auxerre,Beaune,394,395,2.21934,-0.5128,3.35741
Beaune,Dole,395,396,2.28308,-0.51468,3.45814
Beaune,Antwerp,395,505,3.93029,-0.515534,5.95648
Dole,Besançon,396,397,1.2189,-0.515803,1.84762
Besançon,Belfort,397,398,1.41215,-0.5173,2.14266
Zürich,Winterthur,399,400,1.39144,-0.518316,2.11265
Winterthur,St. Gallen,400,401,0.990534,-0.518328,1.50396
Winterthur,Schaffhausen,400,511,1.36677,-0.520014,2.07751
St. Gallen,St. Margrethen,401,402,0.896985,-0.517047,1.36077
St. Margrethen,Bregenz,402,403,1.46424,-0.516036,2.21984
St. Margrethen,Buchs,402,514,0.683773,-0.516364,1.03685
Bregenz,Feldkirch,403,748,1.40168,-0.515511,2.12426
Bregenz,Lindau,403,513,2.21284,-0.515953,3.35456
Feldkirch,Landeck,748,404,0.633411,-0.514477,0.959287
Feldkirch,Imst,748,406,0.660601,-0.514406,1.00042
Landeck,Telfs,404,405,0.439852,-0.513742,0.665823
Sattledt,Liezen,408,532,0.917529,-0.509811,1.3853
Sattledt,Wels,408,669,0.98868,-0.512204,1.49509
Sankt Pölten,Vienna,409,410,1.89687,-0.508353,2.86116
Vienna,Nickelsdorf,410,411,2.049,-0.506081,3.08596
Vienna,Halámky,410,525,2.00467,-0.508448,3.02394
Vienna,Graz,410,534,2.51118,-0.505783,3.78129
Nickelsdorf,Mosonmagyaróvár,411,412,1.38746,-0.502064,2.08405
Szolnok,Püspökladány,413,414,1.41661,-0.490028,2.11079
Püspökladány,Oradea,414,415,1.76732,-0.488824,2.63123
Püspökladány,Nyíregyháza,414,722,1.12578,-0.493082,1.68088
Oradea,Cluj-Napoca,415,416,0.814827,-0.484635,1.20972
Oradea,Berettyóújfalu,415,570,1.21372,-0.488769,1.80695
Oradea,Beiuş,415,571,0.776491,-0.48553,1.1535
Oradea,Satu Mare,415,579,1.29785,-0.489995,1.93379
Oradea,Arad,415,684,1.29775,-0.483802,1.92561
Cluj-Napoca,Turda,416,417,0.513283,-0.48456,0.762
Cluj-Napoca,Zalău,416,580,0.508043,-0.48822,0.75608
Turda,Târgu Mureş,417,418,0.221357,-0.481852,0.328018
Turda,Sebeş,417,581,0.228489,-0.481608,0.338531
Târgu Mureş,Braşov,418,419,0.154001,-0.479747,0.227883
Braşov,Ploieşti,419,420,0.130841,-0.480828,0.193753
Braşov,Sibiu,419,582,0.180846,-0.478866,0.267447
Braşov,Piteşti,419,583,0.106638,-0.477692,0.157578
Slobozia,Hârşova,421,422,0.266815,-0.500033,0.400231
Slobozia,Galaţi,421,588,0.474862,-0.506633,0.715443
Hârşova,Constanţa,422,423,0.262413,-0.493938,0.392029
Constanţa,Varna,423,463,0.203817,-0.486361,0.302946
Constanţa,Tulcea,423,589,0.268773,-0.499131,0.402926
Senaki,Samtredia,424,425,0.030317,-0.512801,0.0458635
Senaki,Zugdidi,424,604,0.0801049,-0.510501,0.120999
Samtredia,Kutaisi,425,426,0.0116222,-0.514047,0.0175965
Kutaisi,Khashuri,426,427,0.00487609,-0.514723,0.00738593
Khashuri,Gori,427,428,0.00314969,-0.508545,0.00475145
Rustavi,Ganja,429,430,0.00995854,-0.500147,0.0149393
Ganja,Yevlakh,430,431,0.0232043,-0.500343,0.0348145
Ashgabat,Tejen,432,433,0.00984086,-0.441823,0.0141888
Tejen,Mary,433,434,0.00465714,-0.434015,0.00667841
Mary,Türkmenabat,434,435,0.00351595,-0.424926,0.00500997
Türkmenabat,Alat,435,436,0.0053628,-0.423583,0.00763439
Karshi,Guzar,437,438,0.00574547,-0.417382,0.00814353
Guzar,Sherobod,438,439,0.00437974,-0.404045,0.00614935
Sherobod,Termez,439,440,0.00655322,-0.396481,0.00915145
Jirgatal,Sary Tash,441,442,0.0131501,-0.395628,0.0183526
Jirgatal,Khorugh,441,694,0.00788406,-0.39428,0.0109926
Sary Tash,Irkeshtam,442,443,0.0175839,-0.397573,0.0245748
Irkeshtam,Osh,443,691,0.0359994,-0.399013,0.0503637
A Coruña,Bilbao,444,445,0.0741505,-0.49528,0.110876
A Coruña,Pontevedra,444,481,0.0305473,-0.491719,0.045568
Clermont-Ferrand,Montluçon,446,504,0.717788,-0.506556,1.08139
Chambéry,Susa,447,448,0.782352,-0.507272,1.17922
Chambéry,Marseille,447,736,0.598361,-0.508084,0.902378
Susa,Turin,448,449,0.474695,-0.501681,0.712841
Tortona,Brescia,450,451,0.144052,-0.473953,0.212325
Trieste,Postojna,452,453,0.21977,-0.488253,0.327073
Trieste,Ljubljana,452,454,0.447645,-0.492191,0.667972
Postojna,Ljubljana,453,454,0.321756,-0.494866,0.480983
Ljubljana,Maribor,454,535,0.582339,-0.498324,0.872533
Ljubljana,Naklo,454,538,0.845019,-0.498048,1.26588
Vršac,Timişoara,456,457,0.486693,-0.474684,0.717718
Timişoara,Drobeta-Turnu Severin,457,458,0.542326,-0.474057,0.799419
Timişoara,Arad,457,684,0.925337,-0.4786,1.3682
Drobeta-Turnu Severin,Craiova,458,459,0.507456,-0.47156,0.746753
Craiova,Alexandria,459,460,0.215744,-0.474471,0.318108
Craiova,Târgu Jiu,459,574,0.298997,-0.472082,0.440149
Craiova,Piteşti,459,583,0.279608,-0.473373,0.411967
Razgrad,Shumen,461,462,0.044619,-0.471616,0.0656621
Shumen,Varna,462,463,0.0757996,-0.477859,0.112021
Varna,Burgas,463,590,0.0745722,-0.477997,0.110217
Lisbon,Valladolid,464,465,0.0490734,-0.48461,0.0728549
Lisbon,Porto,464,483,0.0417571,-0.478811,0.0617509
Lisbon,Albufeira,464,484,0.04019,-0.47753,0.0593818
Toulouse,Nice,466,467,0.633527,-0.498322,0.949227
Nice,Cuneo,467,685,0.247877,-0.492324,0.369913
Sofia,Plovdiv,468,469,0.172401,-0.451134,0.250178
Sofia,Botevgrad,468,575,0.173114,-0.451243,0.251231
Sofia,Blagoevgrad,468,576,0.18322,-0.449018,0.265489
Sofia,Kyustendil,468,745,0.13442,-0.453849,0.195426
Plovdiv,Istanbul,469,470,0.0710732,-0.449427,0.103015
Istanbul,İzmit,470,471,0.0336295,-0.447408,0.0486756
İzmit,Gerede,471,472,0.0113289,-0.445027,0.0163706
İzmit,Bursa,471,479,0.0112733,-0.444146,0.0162802
Gerede,Kızılcahamam,472,599,0.00521663,-0.44319,0.00752859
Mazara del Vallo,Palermo,473,474,6.60136e-05,-0.485206,6.60136e-05
Metaponto,Taranto,475,476,0.00449894,-0.450431,0.00652541
Metaponto,Potenza,475,743,0.00238594,-0.448342,0.00345566
Ioannina,Trikala,477,687,0.0116589,-0.415625,0.0165047
Gelibolu,Keşan,478,596,0.0368849,-0.414339,0.0521677
Gelibolu,Ayvalık,478,597,0.0368864,-0.4143,0.0521684
Bursa,Ankara,479,480,0.00552969,-0.440946,0.00796799
Bursa,Balıkesir,479,746,0.00626628,-0.43665,0.00900246
Ankara,Kızılcahamam,480,599,0.00372828,-0.441191,0.00537316
Pontevedra,Valença,481,482,0.0169854,-0.484217,0.0252101
Valença,Porto,482,483,0.0198728,-0.477961,0.0293713
Albufeira,Castro Marim,484,485,0.0198792,-0.473184,0.0292857
Castro Marim,Huelva,485,486,0.0183814,-0.472428,0.0270653
Cherbourg-Octeville,La Rochelle,487,488,0.17099,-0.513181,0.258739
Cherbourg-Octeville,Caen,487,661,0.383169,-0.514984,0.580495
La Rochelle,Saintes,488,730,0.134308,-0.508032,0.202541
Oslo,Hamar,489,490,0.00770128,-0.345505,0.0103621
Oslo,Askim,489,619,0.00801928,-0.345513,0.01079
Hamar,Lillehammer,490,491,0.00486809,-0.345304,0.00654906
Lillehammer,Dombås,491,492,0.00539684,-0.344853,0.00725795
Dombås,Trondheim,492,493,0.00964781,-0.344522,0.0129717
Trondheim,Stjørdal,493,494,0.00943178,-0.344414,0.0126802
Stjørdal,Steinkjer,494,495,0.00474187,-0.344293,0.00637447
Steinkjer,Mosjøen,495,496,0.00331715,-0.343834,0.0044577
Mosjøen,Mo i Rana,496,497,0.00417354,-0.343468,0.00560701
Mo i Rana,Umeå,497,612,0.00789687,-0.343644,0.0106106
Setermoen,Alta,498,499,0.00157891,-0.476325,0.00233098
Alta,Olderfjord,499,500,0.00361499,-0.493187,0.00539786
Olderfjord,Lakselv,500,501,0.00921681,-0.496321,0.0137913
Lakselv,Karasjok,501,502,0.0239676,-0.498031,0.0359042
Vierzon,Montluçon,503,504,0.447526,-0.507436,0.674618
Antwerp,Zeebrugge,505,642,2.70157,-0.517216,4.09887
Martigny,Sion,506,678,0.591652,-0.50343,0.889507
Bremen,Groningen,507,624,2.35903,-0.522512,3.59165
Stuttgart,Schaffhausen,510,511,2.11145,-0.520987,3.21149
Stuttgart,Ulm,510,512,1.84413,-0.519821,2.80275
Ulm,Lindau,512,513,1.56673,-0.518416,2.37895
Lindau,Waldshut,513,666,2.13483,-0.517571,3.23975
Buchs,Chur,514,515,0.271623,-0.516288,0.411859
Chur,San Bernardino,515,516,0.139946,-0.516192,0.212184
Halle,Plauen,518,519,1.42847,-0.519845,2.17105
Plauen,Schönberg,519,520,1.16533,-0.519472,1.77068
Plauen,Hof,519,528,1.54999,-0.51951,2.35523
Schönberg,Vojtanov,520,521,0.702735,-0.519019,1.06747
Vojtanov,Cheb,521,522,0.969608,-0.518326,1.47218
Cheb,Karlovy Vary,522,523,1.59182,-0.517273,2.41523
Cheb,Marktredwitz,522,663,1.28582,-0.518617,1.95266
Karlovy Vary,Teplice,523,715,0.975076,-0.516338,1.47855
České Budějovice,Halámky,524,525,1.28242,-0.511772,1.93872
Hirschberg,Hof,527,528,1.19979,-0.519448,1.82303
Hof,Bayreuth,528,529,1.95877,-0.51919,2.97574
Bayreuth,Marktredwitz,529,663,1.7691,-0.519221,2.68766
Bayerisch Eisenstein,Deggendorf,530,531,1.44903,-0.516337,2.19723
Liezen,Sankt Michael,532,533,0.727324,-0.507028,1.0961
Sankt Michael,Graz,533,534,1.27466,-0.504869,1.9182
Graz,Maribor,534,535,1.0508,-0.502401,1.57872
Graz,Spielfeld,534,536,0.815903,-0.504166,1.22725
Graz,Klagenfurt,534,683,1.48283,-0.502431,2.22785
Maribor,Spielfeld,535,536,0.342196,-0.499255,0.513039
Karavanke Tunnel,Naklo,537,538,0.762916,-0.501877,1.14581
Naklo,Loiblpass,538,734,0.720272,-0.50094,1.08108
Kemijärvi,Posio,539,540,0.00173037,-0.421548,0.0024598
Posio,Kuusamo,540,541,0.00101824,-0.413231,0.00143901
Kuusamo,Kajaani,541,542,0.00114765,-0.415308,0.00162428
Kajaani,Iisalmi,542,543,0.00223033,-0.426573,0.00318172
Iisalmi,Kuopio,543,544,0.00521579,-0.437841,0.00749948
Tampere,Turku,545,546,0.0101467,-0.474839,0.0149647
Tampere,Vaasa,545,616,0.010872,-0.465563,0.0159336
Tampere,Hämeenlinna,545,618,0.0305667,-0.498066,0.0457909
Turku,Pori,546,617,0.0053101,-0.461077,0.00775846
Riga,Šiauliai,547,561,2.88683,-0.530937,4.41955
Riga,Rēzekne,547,627,3.01192,-0.529042,4.60535
Kłodzko,Kudowa-Zdrój,548,549,0.634218,-0.520878,0.964569
Kudowa-Zdrój,Náchod,549,550,0.522094,-0.517551,0.792304
Náchod,Hradec Králové,550,551,0.95039,-0.515154,1.43999
Hradec Králové,Olomouc,551,716,1.29398,-0.513598,1.95857
Miskolc,Debrecen,552,569,1.23578,-0.498287,1.85155
Szekszárd,Mohács,555,556,0.689668,-0.493539,1.03005
Mohács,Osijek,556,557,0.421467,-0.492086,0.628865
Osijek,Đakovo,557,558,0.245313,-0.490105,0.365541
Osijek,Sombor,557,735,0.396045,-0.487487,0.589112
Đakovo,Šamac,558,559,0.104304,-0.487763,0.15518
Šamac,Zenica,559,560,0.0650472,-0.47809,0.0961457
Zenica,Sarajevo,560,737,0.0879871,-0.46775,0.129143
Šiauliai,Tolpaki,561,562,2.25236,-0.532348,3.4514
Šiauliai,Palanga,561,704,1.73176,-0.531908,2.65289
Šiauliai,Panevėžys,561,705,1.79207,-0.53189,2.74526
Tolpaki,Kaliningrad,562,563,1.39964,-0.531536,2.1436
Tolpaki,Nesterov,562,640,1.3311,-0.532652,2.04012
Trstená,Ružomberok,566,567,0.857764,-0.511939,1.29689
Ružomberok,Zvolen,567,568,1.48774,-0.506184,2.24082
Debrecen,Berettyóújfalu,569,570,0.820005,-0.493587,1.22475
Beiuş,Deva,571,572,0.496111,-0.481795,0.735134
Deva,Petroşani,572,573,0.37719,-0.476498,0.55692
Deva,Sibiu,572,582,0.489102,-0.476781,0.722296
Deva,Arad,572,684,0.690919,-0.478913,1.02181
Petroşani,Târgu Jiu,573,574,0.229395,-0.473851,0.338094
Botevgrad,Jablanica,575,585,0.0730367,-0.450294,0.105925
Blagoevgrad,Serres,576,577,0.099533,-0.439958,0.143323
Halmeu,Satu Mare,578,579,1.70935,-0.496917,2.55876
Satu Mare,Zalău,579,580,0.698616,-0.49224,1.0425
Sebeş,Sibiu,581,582,0.224207,-0.478101,0.3314
Sibiu,Piteşti,582,583,0.232653,-0.475645,0.343313
Pleven,Jablanica,584,585,0.0387353,-0.452515,0.0562636
Izmail,Reni,586,587,0.816369,-0.51793,1.23919
Reni,Galaţi,587,588,0.641964,-0.514338,0.972151
Galaţi,Tulcea,588,589,0.366728,-0.508116,0.553069
Galaţi,Giurgiuleşti,588,729,0.77231,-0.514862,1.16994
Burgas,Malko Tarnovo,590,591,0.0351342,-0.471835,0.0517117
Malko Tarnovo,Dereköy,591,592,0.0141894,-0.467324,0.0208204
Dereköy,Kırklareli,592,593,0.00650662,-0.456766,0.00947863
Kırklareli,Babaeski,593,594,0.0047679,-0.43461,0.00684007
Babaeski,Havsa,594,595,0.00717352,-0.418036,0.0101723
Havsa,Keşan,595,596,0.0155767,-0.414239,0.0220292
Ayvalık,İzmir,597,598,0.0155786,-0.413898,0.0220265
İzmir,Manisa,598,747,0.00716666,-0.415776,0.0101464
Kherson,Dzhankoy,600,601,1.02779,-0.512819,1.55487
Kherson,Mykolaiv,600,673,1.21062,-0.518202,1.83796
Kherson,Melitopol,600,674,0.659283,-0.516563,0.999844
Sochi,Sukhumi,602,603,0.558873,-0.508253,0.842922
Sukhumi,Zugdidi,603,604,0.21168,-0.509301,0.319489
Jönköping,Linköping,605,606,0.00396833,-0.345491,0.00533936
Linköping,Norrköping,606,607,0.00530901,-0.345409,0.00714279
Norrköping,Södertälje,607,608,0.00824566,-0.345255,0.0110925
Norrköping,Kalmar,607,626,0.00528914,-0.345407,0.00711604
Uppsala,Sundsvall,609,610,0.0150081,-0.344266,0.0201749
Sundsvall,Örnsköldsvik,610,611,0.0138496,-0.343883,0.0186122
Örnsköldsvik,Umeå,611,612,0.0110994,-0.343755,0.0149149
Haparanda,Tornio,613,614,0.00512764,-0.365481,0.0070017
Kokkola,Vaasa,615,616,0.00791657,-0.440584,0.0114045
Vaasa,Pori,616,617,0.00537024,-0.452661,0.00780114
Askim,Karlstad,619,620,0.00670206,-0.345511,0.0090177
Kotka,Vaalimaa,621,622,0.393832,-0.524225,0.600288
Vaalimaa,Vyborg,622,623,1.02667,-0.523847,1.56448
Groningen,Hoogeveen,624,698,0.854197,-0.521939,1.30004
Sassnitz,Stralsund,625,699,0.453006,-0.520551,0.688819
Rēzekne,Velikiye Luki,627,628,3.20824,-0.523514,4.8878
Rēzekne,Daugavpils,627,702,2.02656,-0.528549,3.09769
Vladimir,Nizhny Novgorod,629,630,1.72652,-0.510279,2.60753
Nizhny Novgorod,Kazan,630,631,0.72016,-0.508099,1.08607
Kazan,Yelabuga,631,632,0.445624,-0.495829,0.666577
Yelabuga,Perm,632,633,0.264849,-0.483459,0.392892
Perm,Yekaterinburg,633,634,0.112532,-0.479461,0.166487
Yekaterinburg,Tyumen,634,635,0.0681243,-0.467114,0.0999461
Koszalin,Słupsk,637,638,0.271238,-0.524611,0.413533
Słupsk,Gdynia,638,639,0.457022,-0.526979,0.697863
Nesterov,Marijampolė,640,641,1.20187,-0.532371,1.84172
Aktobe,Karabutak,647,648,0.3495,-0.473326,0.514928
Karabutak,Aral,648,649,0.149843,-0.466637,0.219765
Aral,Novokazalinsk,649,650,0.0900292,-0.446261,0.130206
Charleroi,Namur,651,652,1.27389,-0.517996,1.93377
St. Vith,Wittlich,653,654,1.27675,-0.521234,1.94224
Wittlich,Bingen,654,655,0.809591,-0.522675,1.23274
Bingen,Wiesbaden,655,656,1.18873,-0.523657,1.81122
Amiens,Charleville-Mézières,657,658,1.4525,-0.516814,2.20318
Trier,Koblenz,659,660,1.73653,-0.522351,2.6436
Caen,Rouen,661,662,0.989999,-0.515176,1.50002
Regensburg,Passau,667,668,1.24205,-0.517683,1.88504
Passau,Wels,668,669,1.22258,-0.514889,1.85208
Wels,Braunau am Inn,669,721,1.40519,-0.513458,2.12669
Iaşi,Sculeni,670,671,1.26527,-0.512477,1.91369
Iaşi,Bălţi,670,727,1.07634,-0.512036,1.62747
Sculeni,Chişinău,671,672,1.51718,-0.516777,2.30123
Chişinău,Giurgiuleşti,672,729,1.21195,-0.517773,1.83947
Melitopol,Taganrog,674,675,0.287652,-0.517091,0.436395
Poitiers,Mâcon,676,677,1.66063,-0.511118,2.50942
Sion,Simplon,678,679,0.25145,-0.500764,0.377367
Simplon,Gravellona Toce,679,680,0.163083,-0.492686,0.243431
Innichen,Spittal an der Drau,681,682,0.564679,-0.505923,0.850362
Klagenfurt,Loiblpass,683,734,0.850122,-0.502566,1.27736
Cuneo,Asti,685,686,0.141443,-0.488772,0.210576
Kokand,Andijan,689,690,0.0287293,-0.399645,0.0402109
Andijan,Osh,690,691,0.0376187,-0.398889,0.0526244
Kulob,Kalaikhumb,692,693,0.00545074,-0.393955,0.00759808
Kalaikhumb,Khorugh,693,694,0.00478548,-0.393258,0.0066674
Kokpek,Chundzha,695,696,0.0150878,-0.40209,0.0211545
Chundzha,Koktal,696,697,0.0114173,-0.401663,0.0160032
Stralsund,Neubrandenburg,699,700,0.662136,-0.520533,1.0068
Ukmergė,Daugavpils,701,702,2.00289,-0.530941,3.0663
Ukmergė,Panevėžys,701,705,1.84497,-0.532018,2.82654
Breda,Gorinchem,706,707,0.835055,-0.520745,1.26991
Hasselt,Heerlen,708,709,1.2435,-0.522153,1.8928
Barwinek,Vyšný Komárnik,710,711,0.361621,-0.518329,0.54906
Vyšný Komárnik,Svidník,711,712,0.420621,-0.512387,0.636142
Lublin,Kovel,713,714,1.61363,-0.523418,2.45823
Olomouc,Český Těšín,716,717,0.832977,-0.515424,1.26231
Garmisch-Partenkirchen,Mittenwald,718,719,0.899278,-0.515365,1.36273
Mittenwald,Seefeld,719,720,0.568582,-0.514319,0.861015
Nyíregyháza,Chop,722,723,0.863881,-0.501315,1.29696
Dunajská Streda,Medveďov,724,725,0.586517,-0.506313,0.883478
Medveďov,Vámosszabadi,725,726,0.502157,-0.504351,0.75542
Bălţi,Mohyliv-Podilskyi,727,728,0.881765,-0.518049,1.33856
Saintes,Angoulême,730,731,0.234093,-0.504826,0.352269
St. Johann in Tirol,Lofer,732,733,0.892445,-0.51301,1.35028
Sarajevo,Užice,737,738,0.116861,-0.465997,0.171317
Užice,Čačak,738,739,0.178041,-0.468249,0.261409
Čačak,Nova Varoš,739,740,0.177781,-0.468184,0.261015
Avellino,Benevento,741,742,0.0216576,-0.453447,0.0314782
Balıkesir,Manisa,746,747,0.00471419,-0.424736,0.00671647
Warsaw,Brest-Litovsk,316,0,3.11702,-0.527959,4.76268
Brest-Litovsk,Minsk,0,318,3.10966,-0.528713,4.75377
Lyon,Mâcon,17,677,1.65103,-0.511471,2.49548
Beaune,Mâcon,395,677,2.96206,-0.513761,4.48385
