Glasgow,Preston,1,2,0.0147444,0,0.0147444
Glasgow,Edinburgh,1,13,0.0147444,0,0.0147444
Preston,Birmingham,2,3,0.0147444,0,0.0147444
Birmingham,Cambridge,3,636,0.0147444,0,0.0147444
Le Havre,Paris,4,5,1.87438,-0.523176,2.85502
Le Havre,Amiens,4,657,1.00848,-0.529124,1.54209
Paris,Orléans,5,6,2.21783,-0.505366,3.33864
Paris,Calais,5,16,1.62541,-0.522179,2.47416
Paris,Lyon,5,17,2.69819,-0.511053,4.07711
Paris,Brussels,5,326,2.72843,-0.527492,4.16766
Paris,Le Mans,5,366,1.71702,-0.509192,2.59131
Paris,Reims,5,367,1.77547,-0.522956,2.70396
Paris,Chaumont,5,665,2.53696,-0.527013,3.87397
Orléans,Bordeaux,6,7,1.25782,-0.491443,1.87597
Orléans,Tours,6,392,1.36232,-0.493621,2.03479
Orléans,Montargis,6,393,1.5445,-0.506984,2.32754
Orléans,Toulouse,6,466,1.56446,-0.481319,2.31747
Bordeaux,San Sebastián,7,8,0.949494,-0.454874,1.38139
Bordeaux,Clermont-Ferrand,7,446,1.484,-0.481853,2.19907
Bordeaux,Toulouse,7,466,0.809655,-0.460884,1.18281
Bordeaux,Angoulême,7,731,0.929497,-0.473832,1.36992
San Sebastián,Burgos,8,9,0.777426,-0.402984,1.09072
San Sebastián,Bilbao,8,445,0.610378,-0.40366,0.856763
San Sebastián,Toulouse,8,466,0.768808,-0.436356,1.10428
Burgos,Madrid,9,10,0.60427,-0.391448,0.84081
Burgos,Valladolid,9,465,0.38733,-0.379049,0.534147
Madrid,Seville,10,11,0.504068,-0.353677,0.682345
Madrid,Barcelona,10,21,0.729513,-0.395402,1.01796
Madrid,Valencia,10,24,0.492117,-0.364205,0.671348
Madrid,Lisbon,10,464,0.478623,-0.357986,0.649963
Seville,Algeciras,11,12,0.294577,-0.334448,0.393098
Seville,Huelva,11,486,0.310042,-0.335647,0.414106
Algeciras,Málaga,12,28,0.145264,-0.321063,0.191903
Edinburgh,Newcastle,13,14,0.0147444,0,0.0147444
Newcastle,London,14,15,0.0147444,0,0.0147444
London,Colchester,15,305,0.0147444,0,0.0147444
Calais,Bruges,16,324,1.53184,-0.534513,2.35064
Calais,Rouen,16,662,1.06299,-0.522417,1.61831
Lyon,Orange,17,18,1.38308,-0.500731,2.07563
Lyon,Clermont-Ferrand,17,446,1.69904,-0.487688,2.52763
Lyon,Chambéry,17,447,1.31589,-0.503713,1.97872
Orange,Narbonne,18,19,0.686473,-0.488568,1.02186
Orange,Marseille,18,736,0.595318,-0.49939,0.892613
Narbonne,Girona,19,20,0.495969,-0.455181,0.721725
Girona,Barcelona,20,21,0.756977,-0.426455,1.07979
Barcelona,Tarragona,21,22,0.570903,-0.407539,0.803568
Barcelona,Toulouse,21,466,1.26984,-0.436694,1.82438
Tarragona,Castellón de la Plana,22,23,0.335357,-0.387893,0.46544
Castellón de la Plana,Valencia,23,24,0.359977,-0.36637,0.491862
Valencia,Alicante,24,25,0.300445,-0.353836,0.406753
Alicante,Murcia,25,26,0.145295,-0.339848,0.194673
Murcia,Almería,26,27,0.0889008,-0.31902,0.117262
Almería,Málaga,27,28,0.0892292,-0.312155,0.117083
Hook of Holland,Rotterdam,29,30,0.515755,-0.522529,0.785252
Hook of Holland,The Hague,29,307,0.298655,-0.498093,0.447413
Rotterdam,Eindhoven,30,31,1.27185,-0.52843,1.94393
Eindhoven,Maastricht,31,32,1.30091,-0.532549,1.9937
Eindhoven,Antwerp,31,505,2.16293,-0.538879,3.32849
Eindhoven,Venlo,31,643,1.74094,-0.523621,2.65253
Eindhoven,Breda,31,706,1.31771,-0.514461,1.99563
Maastricht,Liège,32,33,1.55574,-0.537308,2.39165
Liège,Bastogne,33,34,1.42721,-0.538118,2.19521
Liège,Leuven,33,327,2.39587,-0.535948,3.67994
Liège,Eupen,33,328,1.48931,-0.537175,2.28933
Liège,Antwerp,33,505,2.65394,-0.541367,4.0907
Liège,Namur,33,652,1.61203,-0.537369,2.47828
Liège,St. Vith,33,653,1.30456,-0.537945,2.00634
Liège,Charleville-Mézières,33,658,1.72712,-0.537208,2.65495
Bastogne,Arlon,34,35,0.852646,-0.538188,1.31153
Arlon,Luxembourg,35,36,1.19585,-0.538681,1.84003
Luxembourg,Metz,36,37,2.06148,-0.537183,3.16887
Luxembourg,St. Vith,36,653,1.44183,-0.537269,2.21648
Luxembourg,Charleville-Mézières,36,658,1.13997,-0.53683,1.75195
Luxembourg,Trier,36,659,1.40713,-0.541649,2.1693
Metz,Saint-Avold,37,38,2.47239,-0.539516,3.80628
Metz,Lausanne,37,44,2.09044,-0.534887,3.20859
Metz,Geneva,37,45,2.52108,-0.522585,3.83855
Metz,Brussels,37,326,2.9208,-0.533099,4.47787
Metz,Reims,37,367,2.16589,-0.53132,3.31667
Metz,Saarbrücken,37,368,2.31242,-0.540008,3.56114
Saint-Avold,Strasbourg,38,39,1.82597,-0.542267,2.81613
Strasbourg,Mulhouse,39,40,2.27109,-0.543471,3.50536
Strasbourg,Appenweier,39,664,1.67232,-0.549257,2.59086
Mulhouse,Basel,40,41,2.2312,-0.537081,3.42954
Mulhouse,Belfort,40,398,1.67296,-0.537316,2.57187
Mulhouse,Chaumont,40,665,2.18604,-0.536479,3.3588
Basel,Olten,41,42,1.3711,-0.528318,2.09548
Basel,Offenburg,41,61,1.88926,-0.53981,2.9091
Basel,Zürich,41,399,1.65616,-0.524744,2.52522
Basel,Waldshut,41,666,1.92603,-0.532347,2.95135
Olten,Bern,42,43,1.39344,-0.52901,2.13059
Olten,Lucerne,42,62,0.890496,-0.51816,1.35192
Bern,Lausanne,43,44,1.16545,-0.528883,1.78183
Bern,Belfort,43,398,1.40743,-0.531948,2.15612
Bern,Martigny,43,506,0.879418,-0.514094,1.33152
Lausanne,Geneva,44,45,1.07057,-0.511223,1.61787
Lausanne,Martigny,44,506,0.783282,-0.516413,1.18778
Geneva,Mont Blanc,45,46,1.22201,-0.511819,1.84745
Geneva,Chambéry,45,447,1.48155,-0.496412,2.21701
Geneva,Mâcon,45,677,2.05499,-0.518355,3.1202
Mont Blanc,Aosta,46,47,0.763744,-0.498167,1.14422
Aosta,Ivrea,47,48,0.798279,-0.47248,1.17545
Aosta,Martigny,47,506,0.970872,-0.49688,1.45328
Ivrea,Vercelli,48,49,0.387759,-0.450844,0.562577
Ivrea,Turin,48,449,0.605695,-0.447442,0.876709
Vercelli,Alessandria,49,50,0.397809,-0.437949,0.572029
Alessandria,Genoa,50,51,0.571161,-0.440457,0.822733
Alessandria,Turin,50,449,0.496668,-0.440544,0.715473
Alessandria,Tortona,50,450,0.398282,-0.43291,0.570703
Alessandria,Asti,50,686,0.504465,-0.435645,0.724232
Genoa,Rome,51,74,1.24709,-0.439515,1.79521
Genoa,Tortona,51,450,0.681811,-0.439349,0.981364
Genoa,Nice,51,467,0.906847,-0.443925,1.30942
Amsterdam,Utrecht,52,53,1.2363,-0.506268,1.8622
Amsterdam,Amersfoort,52,309,0.675351,-0.523035,1.02858
Amsterdam,Brussels,52,326,2.80229,-0.528565,4.28348
Amsterdam,Groningen,52,624,1.23661,-0.517106,1.87608
Utrecht,Arnhem,53,54,0.990172,-0.494939,1.48025
Utrecht,Gouda,53,308,0.825132,-0.485528,1.22576
Utrecht,Amersfoort,53,309,0.758522,-0.488729,1.12923
Utrecht,Gorinchem,53,707,0.958407,-0.49071,1.42871
Arnhem,Emmerich,54,55,0.855046,-0.508223,1.2896
Emmerich,Oberhausen,55,56,1.58903,-0.516995,2.41055
Oberhausen,Cologne,56,57,2.60803,-0.523395,3.97306
Oberhausen,Dortmund,56,508,1.89589,-0.517417,2.87686
Oberhausen,Venlo,56,643,1.83914,-0.51219,2.78113
Cologne,Frankfurt am Main,57,58,2.8195,-0.536057,4.33091
Cologne,Aachen,57,329,2.49444,-0.531858,3.82112
Cologne,Olpe,57,330,1.79165,-0.531763,2.74438
Cologne,Bremen,57,507,2.81038,-0.520008,4.2718
Frankfurt am Main,Heidelberg,58,59,2.39643,-0.548233,3.71024
Frankfurt am Main,Gießen,58,332,1.72773,-0.544726,2.66886
Frankfurt am Main,Mannheim,58,369,2.78882,-0.546413,4.31267
Frankfurt am Main,Aschaffenburg,58,509,2.03797,-0.546686,3.1521
Frankfurt am Main,Wiesbaden,58,656,1.95296,-0.546464,3.02018
Heidelberg,Karlsruhe,59,60,2.04719,-0.548784,3.17066
Karlsruhe,Offenburg,60,61,1.87417,-0.537753,2.88201
Karlsruhe,Stuttgart,60,510,2.57774,-0.543755,3.9794
Karlsruhe,Appenweier,60,664,1.8929,-0.550088,2.93416
Lucerne,Altdorf,62,63,0.695284,-0.500203,1.04307
Altdorf,Gotthard Pass,63,64,0.539032,-0.474509,0.794808
Altdorf,Zürich,63,399,0.906781,-0.510572,1.36976
Gotthard Pass,Bellinzona,64,65,0.341895,-0.423852,0.486808
Bellinzona,Lugano,65,66,0.243662,-0.383105,0.33701
Bellinzona,San Bernardino,65,516,0.237266,-0.391192,0.330082
Lugano,Chiasso,66,67,0.206693,-0.384503,0.286166
Chiasso,Como,67,68,0.328671,-0.405315,0.461886
Como,Milan,68,69,0.71708,-0.418729,1.01734
Milan,Piacenza,69,70,0.830483,-0.42636,1.18457
Milan,Turin,69,449,0.823594,-0.433025,1.18023
Milan,Tortona,69,450,0.576414,-0.427533,0.82285
Milan,Brescia,69,451,0.71758,-0.431237,1.02703
Milan,Gravellona Toce,69,680,0.735807,-0.423861,1.04769
Piacenza,Parma,70,71,0.625324,-0.432787,0.895956
Parma,Modena,71,72,0.961429,-0.438853,1.38336
Modena,Florence,72,73,1.13921,-0.444579,1.64568
Modena,Verona,72,94,1.25343,-0.442623,1.80823
Modena,Bologna,72,95,1.08769,-0.444674,1.57136
Florence,Rome,73,74,1.07048,-0.440957,1.54252
Rome,Pescara,74,125,1.13641,-0.427026,1.62169
Östersund,Mora,75,76,0.511917,-0.354216,0.693246
Östersund,Trondheim,75,493,0.608075,-0.353546,0.823058
Östersund,Sundsvall,75,610,0.656639,-0.350687,0.886914
Mora,Säffle,76,77,0.37271,-0.354637,0.504887
Säffle,Gothenburg,77,78,0.497858,-0.351252,0.672732
Gothenburg,Halmstad,78,300,0.493066,-0.343594,0.662481
Gothenburg,Örebro,78,301,0.517814,-0.35267,0.700431
Gothenburg,Oslo,78,489,0.436767,-0.349249,0.589308
Hamburg,Hanover,79,80,1.81175,-0.516387,2.74732
Hamburg,Berlin,79,108,2.01363,-0.516136,3.05294
Hamburg,Bremen,79,507,2.23747,-0.516715,3.39361
Hamburg,Lübeck,79,517,1.0465,-0.515727,1.58621
Hanover,Göttingen,80,81,1.19982,-0.526253,1.83124
Hanover,Bad Oeynhausen,80,312,1.38254,-0.525241,2.10871
Hanover,Braunschweig,80,313,1.33752,-0.519926,2.03294
Göttingen,Kassel,81,82,1.04526,-0.533402,1.6028
Kassel,Fulda,82,83,1.3521,-0.541766,2.08462
Kassel,Dortmund,82,508,1.64086,-0.531529,2.51302
Fulda,Würzburg,83,84,1.92779,-0.544435,2.97735
Würzburg,Nuremberg,84,85,2.87785,-0.544441,4.44467
Würzburg,Aschaffenburg,84,509,2.51217,-0.54584,3.88341
Würzburg,Stuttgart,84,510,1.96901,-0.548921,3.04983
Würzburg,Ulm,84,512,1.35052,-0.542796,2.08358
Nuremberg,Munich,85,86,2.66521,-0.533091,4.086
Nuremberg,Heilbronn,85,370,2.59319,-0.543585,4.00281
Nuremberg,Rozvadov,85,371,2.16942,-0.533725,3.32729
Nuremberg,Bayreuth,85,529,2.91567,-0.531471,4.46527
Nuremberg,Regensburg,85,667,2.02147,-0.538514,3.11005
Munich,Rosenheim,86,87,2.10552,-0.51931,3.19893
Munich,Salzburg,86,115,2.52596,-0.518681,3.83613
Munich,Ulm,86,512,1.94936,-0.532381,2.98716
Munich,Lindau,86,513,2.33452,-0.516891,3.54122
Munich,Deggendorf,86,531,2.16625,-0.52936,3.31297
Munich,Garmisch-Partenkirchen,86,718,2.03125,-0.519941,3.08738
Munich,Braunau am Inn,86,721,1.72846,-0.527727,2.64061
Rosenheim,Wörgl,87,88,1.49153,-0.509593,2.2516
Rosenheim,Bad Reichenhall,87,407,1.14634,-0.516962,1.73895
Wörgl,Innsbruck,88,89,1.55993,-0.49193,2.3273
Wörgl,St. Johann in Tirol,88,732,1.1084,-0.503175,1.66612
Innsbruck,Brenner,89,90,1.00158,-0.474936,1.47727
Innsbruck,Telfs,89,405,0.834176,-0.482593,1.23674
Innsbruck,Imst,89,406,0.849839,-0.483132,1.26042
Innsbruck,Seefeld,89,720,0.977879,-0.484142,1.45131
Brenner,Fortezza,90,91,0.664861,-0.465742,0.974515
Fortezza,Bolzano,91,92,0.523001,-0.458215,0.762649
Fortezza,Innichen,91,681,0.565739,-0.474651,0.834268
Bolzano,Trento,92,93,0.530563,-0.45049,0.769577
Trento,Verona,93,94,1.01615,-0.447689,1.47107
Verona,Mestre,94,120,1.42045,-0.451424,2.06167
Verona,Brescia,94,451,1.13313,-0.441324,1.63321
Bologna,Cesena,95,96,0.921833,-0.444398,1.33149
Cesena,Perugia,96,97,0.644415,-0.438539,0.927016
Cesena,Ravenna,96,121,0.91342,-0.447422,1.3221
Cesena,Rimini,96,122,0.670925,-0.440772,0.96665
Perugia,Fiano Romano,97,98,0.278735,-0.425712,0.397395
Fiano Romano,Naples,98,99,0.150376,-0.386376,0.208478
Naples,Salerno,99,100,0.0506082,-0.335636,0.0675942
Naples,Avellino,99,741,0.0815346,-0.340432,0.109292
Salerno,Sicignano degli Alburni,100,101,0.0524067,-0.236127,0.0647813
Salerno,Avellino,100,741,0.0594305,-0.289493,0.0766352
Sicignano degli Alburni,Potenza,101,743,0.0387345,-0.209408,0.0468458
Messina,Catania,102,103,0.0147444,0,0.0147444
Messina,Palermo,102,474,0.0147444,0,0.0147444
Catania,Siracusa,103,104,0.0147444,0,0.0147444
Siracusa,Gela,104,105,0.0147444,0,0.0147444
Gela,Mazara del Vallo,105,473,0.0147444,0,0.0147444
Helsingborg,Copenhagen,299,106,0.124755,-0.317882,0.164413
Copenhagen,Malmö,106,135,0.0684758,-0.305021,0.0893624
Rostock,Berlin,107,108,1.53262,-0.515909,2.32331
Rostock,Lübeck,107,517,0.763,-0.515484,1.15631
Rostock,Sassnitz,107,625,0.649315,-0.515163,0.983819
Berlin,Lübbenau,108,109,2.30203,-0.515889,3.48962
Berlin,Szczecin,108,137,1.82104,-0.515519,2.75983
Berlin,Świebodzin,108,139,2.16448,-0.51662,3.28269
Berlin,Magdeburg,108,314,2.27454,-0.516834,3.4501
Berlin,Leipzig,108,526,2.03134,-0.515461,3.07842
Berlin,Neubrandenburg,108,700,1.41422,-0.515765,2.14362
Lübbenau,Dresden,109,110,1.69654,-0.51631,2.57249
Lübbenau,Cottbus,109,644,1.26403,-0.516509,1.91691
Dresden,Ústí nad Labem,110,111,1.70871,-0.518696,2.59502
Dresden,Chemnitz,110,337,1.93114,-0.51647,2.92852
Dresden,Görlitz,110,338,1.24267,-0.517329,1.88554
Ústí nad Labem,Prague,111,112,1.9005,-0.519782,2.88834
Prague,Tábor,112,113,1.83506,-0.522405,2.79371
Prague,Mladá Boleslav,112,146,1.07525,-0.515513,1.62955
Prague,Jihlava,112,147,1.8635,-0.522252,2.83672
Prague,Plzeň,112,372,2.01696,-0.525717,3.07731
Prague,Karlovy Vary,112,523,1.28621,-0.514282,1.94769
Prague,Hradec Králové,112,551,1.40966,-0.513536,2.13357
Tábor,Linz,113,114,1.61503,-0.524801,2.4626
Linz,Salzburg,114,115,1.76286,-0.522804,2.68448
Linz,Sattledt,114,408,0.695413,-0.525403,1.06078
Linz,Sankt Pölten,114,409,1.63706,-0.525803,2.49782
Linz,Wels,114,669,1.20749,-0.528076,1.84514
Salzburg,Villach,115,116,2.84602,-0.513788,4.30828
Salzburg,Bad Reichenhall,115,407,1.40958,-0.516516,2.13765
Salzburg,Sattledt,115,408,1.4368,-0.521687,2.18636
Salzburg,Lofer,115,733,1.69704,-0.514974,2.57097
Villach,Tarvisio,116,117,1.55524,-0.509026,2.3469
Villach,Karavanke Tunnel,116,537,1.32912,-0.507857,2.00412
Villach,Spittal an der Drau,116,682,1.49634,-0.508922,2.25787
Villach,Klagenfurt,116,683,1.59431,-0.509599,2.40676
Tarvisio,Udine,117,118,0.854341,-0.497948,1.27976
Udine,Palmanova,118,119,1.00428,-0.477727,1.48405
Palmanova,Mestre,119,120,1.40338,-0.463633,2.05404
Palmanova,Trieste,119,452,1.2651,-0.469619,1.85922
Mestre,Ravenna,120,121,1.06891,-0.452723,1.55283
Rimini,Fano,122,123,0.358004,-0.432541,0.512856
Fano,Ancona,123,124,0.354786,-0.419818,0.503732
Ancona,Pescara,124,125,0.649459,-0.413965,0.918312
Pescara,Canosa di Puglia,125,126,0.761617,-0.394239,1.06188
Canosa di Puglia,Bari,126,127,0.322305,-0.334005,0.429956
Canosa di Puglia,Benevento,126,742,0.315838,-0.345893,0.425084
Bari,Brindisi,127,128,0.0987692,-0.311342,0.12952
Bari,Taranto,127,476,0.0979861,-0.300969,0.127477
Brindisi,Taranto,128,476,0.0337427,-0.248486,0.0421273
Igoumenitsa,Preveza,129,130,0.117207,-0.262238,0.147943
Igoumenitsa,Ioannina,129,477,0.186871,-0.320291,0.246725
Preveza,Rhion,130,131,0.109014,-0.197043,0.130495
Rhion,Patras,131,132,0.0805836,-0.157958,0.0933124
Rhion,Aigio,131,175,0.0805836,-0.157958,0.0933124
Patras,Pyrgos,132,133,0.0513975,-0.145283,0.0588647
Pyrgos,Kalamata,133,134,0.0371458,-0.133037,0.0420876
Kalamata,Tripoli,134,177,0.0327777,-0.133266,0.0371458
Malmö,Helsingborg,135,299,0.174442,-0.314957,0.229384
Malmö,Kalmar,135,626,0.171472,-0.309296,0.224507
Goleniów,Szczecin,136,137,0.781025,-0.512863,1.18158
Goleniów,Koszalin,136,637,0.338254,-0.508282,0.510182
Szczecin,Gorzów Wielkopolski,137,138,0.825814,-0.515593,1.2516
Gorzów Wielkopolski,Świebodzin,138,139,0.981008,-0.516524,1.48772
Świebodzin,Zielona Góra,139,140,1.30282,-0.515668,1.97464
Świebodzin,Poznań,139,315,2.00121,-0.518127,3.03809
Zielona Góra,Legnica,140,141,1.30435,-0.516008,1.97741
Legnica,Jelenia Góra,141,142,1.19784,-0.512801,1.81209
Legnica,Görlitz,141,338,1.31836,-0.515731,1.99828
Legnica,Wrocław,141,339,2.00542,-0.513413,3.03503
Legnica,Cottbus,141,644,1.31993,-0.515662,2.00057
Jelenia Góra,Harrachov,142,143,0.526258,-0.506081,0.792588
Harrachov,Železný Brod,143,144,0.387335,-0.495482,0.579253
Železný Brod,Turnov,144,145,0.632248,-0.495016,0.945221
Turnov,Mladá Boleslav,145,146,0.649416,-0.505892,0.97795
Turnov,Hradec Králové,145,551,0.929905,-0.502037,1.39675
Turnov,Teplice,145,715,0.794645,-0.501849,1.19344
Jihlava,Brno,147,148,0.973512,-0.516354,1.47619
Jihlava,Vienna,147,410,1.53904,-0.524204,2.34581
Brno,Bratislava,148,149,1.37611,-0.518293,2.08933
Brno,Trenčín,148,373,1.3403,-0.516975,2.03321
Brno,Vienna,148,410,1.58881,-0.520832,2.41632
Brno,Olomouc,148,716,1.35595,-0.516074,2.05572
Bratislava,Rajka,149,150,1.51,-0.516447,2.28983
Bratislava,Žilina,149,195,1.56647,-0.515582,2.37411
Bratislava,Győr,149,196,1.57599,-0.519941,2.3954
Bratislava,Vienna,149,410,2.24947,-0.515463,3.40899
Bratislava,Zvolen,149,568,2.07724,-0.517113,3.1514
Bratislava,Dunajská Streda,149,724,1.29218,-0.517264,1.96058
Rajka,Csorna,150,151,0.604682,-0.513663,0.915285
Csorna,Szombathely,151,152,0.32057,-0.503155,0.481867
Szombathely,Zalaegerszeg,152,153,0.359051,-0.496923,0.537472
Zalaegerszeg,Nagykanizsa,153,154,0.754374,-0.495796,1.12839
Nagykanizsa,Letenye,154,155,0.475162,-0.496925,0.711282
Nagykanizsa,Zagreb,154,156,1.17496,-0.484275,1.74396
Nagykanizsa,Balatonvilágos,154,553,1.39096,-0.508482,2.09824
Letenye,Zagreb,155,156,0.699797,-0.475685,1.03268
Zagreb,Karlovac,156,157,1.05905,-0.470112,1.55693
Zagreb,Ljubljana,156,454,0.988166,-0.474033,1.45659
Zagreb,Slavonski Brod,156,455,1.40153,-0.46332,2.05088
Zagreb,Maribor,156,535,1.09721,-0.481711,1.62575
Karlovac,Rijeka,157,158,0.498192,-0.460978,0.727847
Karlovac,Knin,157,554,0.404016,-0.45693,0.588624
Rijeka,Split,158,159,0.36793,-0.446354,0.532158
Rijeka,Trieste,158,452,0.850732,-0.465651,1.24688
Split,Dubrovnik,159,160,0.341724,-0.410268,0.481923
Split,Knin,159,554,0.273755,-0.435349,0.392934
Dubrovnik,Petrovac,160,161,0.130702,-0.399257,0.182885
Dubrovnik,Podgorica,160,162,0.331657,-0.395572,0.462851
Petrovac,Podgorica,161,162,0.240397,-0.394142,0.335148
Petrovac,Prizren,161,744,0.206931,-0.403286,0.290383
Podgorica,Bijelo Polje,162,163,0.360038,-0.398574,0.50354
Podgorica,Pristina,162,164,0.469754,-0.41132,0.662973
Podgorica,Sarajevo,162,737,0.638256,-0.391227,0.887959
Bijelo Polje,Pristina,163,164,0.466376,-0.416126,0.660447
Bijelo Polje,Nova Varoš,163,740,0.499657,-0.414462,0.706745
Pristina,Skopje,164,165,0.643537,-0.414433,0.91024
Pristina,Niš,164,202,1.10314,-0.434816,1.5828
Pristina,Prizren,164,744,0.385372,-0.415466,0.545481
Skopje,Kičevo,165,166,0.471235,-0.404835,0.662008
Skopje,Kumanovo,165,203,0.599662,-0.425465,0.854798
Skopje,Veles,165,204,0.509645,-0.407452,0.717302
Kičevo,Ohrid,166,167,0.211976,-0.389346,0.294508
Ohrid,Bitola,167,168,0.117781,-0.366569,0.160956
Bitola,Niki,168,169,0.109936,-0.352482,0.148687
Niki,Vevi,169,170,0.179592,-0.362238,0.244647
Vevi,Kozani,170,171,0.379358,-0.374302,0.521352
Kozani,Larissa,171,172,0.254784,-0.377486,0.350962
Kozani,Thessaloniki,171,207,0.770356,-0.394787,1.07448
Kozani,Ioannina,171,477,0.321726,-0.369341,0.440553
Larissa,Domokos,172,173,0.115319,-0.374292,0.158482
Larissa,Lamia,172,174,0.115319,-0.374292,0.158482
Larissa,Katerini,172,208,0.30827,-0.39003,0.428504
Larissa,Trikala,172,687,0.171631,-0.363684,0.234051
Domokos,Lamia,173,174,6.64694e-05,-0.447679,3.32347e-05
Aigio,Corinth,175,176,0.0513975,-0.145283,0.0588647
Corinth,Tripoli,176,177,0.0371458,-0.133037,0.0420876
Varangerbotn,Utsjoki,178,179,0.140523,-0.300088,0.182692
Varangerbotn,Kirkenes,178,243,0.198649,-0.403044,0.278714
Varangerbotn,Karasjok,178,502,0.130193,-0.297906,0.168979
Utsjoki,Inari,179,180,0.0993153,-0.267759,0.125908
Inari,Ivalo,180,181,0.111293,-0.267088,0.141018
Ivalo,Sodankylä,181,182,0.18272,-0.280321,0.23394
Sodankylä,Rovaniemi,182,183,0.267316,-0.298759,0.347179
Sodankylä,Kemijärvi,182,539,0.176206,-0.281202,0.225755
Rovaniemi,Kemi,183,184,0.365969,-0.309922,0.479391
Kemi,Oulu,184,185,0.49313,-0.298979,0.640566
Kemi,Tornio,184,614,0.361085,-0.316925,0.475522
Oulu,Jyväskylä,185,186,0.421033,-0.309762,0.551453
Oulu,Kokkola,185,615,0.314691,-0.310535,0.412414
Jyväskylä,Heinola,186,187,0.345666,-0.314373,0.454335
Jyväskylä,Kuopio,186,544,0.341664,-0.307336,0.44667
Jyväskylä,Tampere,186,545,0.349267,-0.314199,0.459006
Heinola,Lahti,187,188,0.229386,-0.317098,0.302124
Lahti,Helsinki,188,189,0.258582,-0.336336,0.345552
Helsinki,Hämeenlinna,189,618,0.278522,-0.334226,0.371611
Helsinki,Kotka,189,621,0.284765,-0.401787,0.39918
Gdańsk,Świecie,190,191,1.47579,-0.518689,2.24127
Gdańsk,Kaliningrad,190,563,1.10566,-0.511346,1.67104
Gdańsk,Elbląg,190,564,1.23257,-0.519264,1.8726
Gdańsk,Gdynia,190,639,0.905887,-0.512276,1.36995
Świecie,Łódź,191,192,1.06892,-0.516423,1.62094
Świecie,Poznań,191,315,1.4016,-0.518574,2.12844
Łódź,Piotrków Trybunalski,192,193,1.21212,-0.516872,1.83863
Piotrków Trybunalski,Katowice,193,194,1.47151,-0.512302,2.22537
Piotrków Trybunalski,Warsaw,193,316,1.96915,-0.521981,2.99701
Piotrków Trybunalski,Wrocław,193,339,1.50491,-0.512893,2.27676
Katowice,Žilina,194,195,1.28216,-0.509289,1.93516
Katowice,Zabrze,194,342,1.12642,-0.505378,1.69568
Katowice,Kraków,194,343,1.7019,-0.511082,2.57171
Katowice,Český Těšín,194,717,0.890359,-0.507409,1.34213
Žilina,Olomouc,195,716,0.780529,-0.510747,1.17918
Győr,Budapest,196,197,2.26445,-0.519728,3.44134
Győr,Vámosszabadi,196,726,0.990492,-0.520954,1.50649
Budapest,Szeged,197,198,2.70952,-0.517431,4.11151
Budapest,Mosonmagyaróvár,197,412,2.40532,-0.525212,3.66862
Budapest,Szolnok,197,413,2.52745,-0.523059,3.84946
Budapest,Miskolc,197,552,2.40498,-0.524289,3.66588
Budapest,Balatonvilágos,197,553,2.29875,-0.517295,3.48788
Budapest,Szekszárd,197,555,2.02451,-0.517849,3.07291
Budapest,Zvolen,197,568,2.22135,-0.520504,3.37757
Szeged,Subotica,198,199,1.69508,-0.505882,2.55258
Szeged,Arad,198,684,2.35779,-0.506833,3.5528
Subotica,Novi Sad,199,200,1.23909,-0.488585,1.84449
Subotica,Sombor,199,735,0.963874,-0.495828,1.44179
Novi Sad,Belgrade,200,201,1.50331,-0.458881,2.19316
Belgrade,Niš,201,202,1.50088,-0.455508,2.18454
Belgrade,Slavonski Brod,201,455,1.49435,-0.4482,2.16412
Belgrade,Vršac,201,456,1.34591,-0.467469,1.97507
Belgrade,Čačak,201,739,1.36446,-0.445339,1.97211
Niš,Kumanovo,202,203,0.727491,-0.448635,1.05387
Niš,Drobeta-Turnu Severin,202,458,1.53552,-0.465221,2.24987
Niš,Sofia,202,468,1.35655,-0.443315,1.95793
Kumanovo,Kyustendil,203,745,0.519676,-0.438314,0.747457
Veles,Gevgelija,204,205,0.322564,-0.402761,0.452479
Gevgelija,Evzoni,205,206,0.395313,-0.402595,0.554465
Evzoni,Thessaloniki,206,207,0.786366,-0.402628,1.10298
Thessaloniki,Katerini,207,208,0.54384,-0.400537,0.761668
Thessaloniki,Alexandroupoli,207,233,1.16335,-0.401607,1.63056
Thessaloniki,Serres,207,577,0.869517,-0.40875,1.22493
Klaipėda,Kaunas,209,210,1.33915,-0.53373,2.0539
Klaipėda,Palanga,209,704,0.784272,-0.530303,1.20017
Kaunas,Vilnius,210,211,1.46352,-0.5425,2.25747
Kaunas,Warsaw,210,316,3.03367,-0.531273,4.64537
Kaunas,Riga,210,547,1.85591,-0.54553,2.86836
Kaunas,Ukmergė,210,701,1.2333,-0.537482,1.89617
Vilnius,Lida,211,212,1.31188,-0.543278,2.02459
Vilnius,Minsk,211,318,2.62016,-0.55328,4.06984
Vilnius,Marijampolė,211,641,1.38847,-0.541047,2.1397
Vilnius,Ukmergė,211,701,1.37022,-0.543623,2.1151
Lida,Slonim,212,213,0.525112,-0.535635,0.80638
Slonim,Kobryn,213,214,0.300882,-0.51609,0.456164
Kobryn,Dubno,214,215,0.387217,-0.50725,0.583632
Dubno,Ternopil,215,216,0.866383,-0.510685,1.30883
Ternopil,Chernivtsi,216,217,1.00656,-0.513492,1.52342
Ternopil,Stryj,216,379,1.41734,-0.519244,2.15328
Ternopil,Khmelnytskyi,216,380,1.17061,-0.515787,1.77439
Chernivtsi,Siret,217,218,0.816404,-0.515806,1.23751
Siret,Suceava,218,219,1.46846,-0.517945,2.22904
Suceava,Roman,219,220,1.56838,-0.509025,2.36673
Suceava,Halmeu,219,578,2.31707,-0.520571,3.52326
Suceava,Iaşi,219,670,1.92943,-0.518352,2.92956
Roman,Urziceni,220,221,1.09179,-0.477934,1.61359
Urziceni,Bucharest,221,222,1.08648,-0.441651,1.56633
Urziceni,Slobozia,221,421,0.855813,-0.441235,1.23343
Bucharest,Giurgiu,222,223,0.819074,-0.405611,1.1513
Bucharest,Ploieşti,222,420,0.612864,-0.424898,0.873269
Bucharest,Constanţa,222,423,0.997961,-0.412788,1.40991
Bucharest,Alexandria,222,460,0.677368,-0.436628,0.973126
Bucharest,Piteşti,222,583,0.738013,-0.433554,1.05798
Giurgiu,Ruse,223,224,0.521743,-0.38759,0.723966
Ruse,Byala,224,225,0.355627,-0.366824,0.486079
Ruse,Razgrad,224,461,0.326789,-0.367247,0.446801
Byala,Veliko Tarnovo,225,226,0.313321,-0.358625,0.425686
Byala,Pleven,225,584,0.281397,-0.368741,0.38516
Veliko Tarnovo,Stara Zagora,226,227,0.355599,-0.357081,0.482577
Veliko Tarnovo,Shumen,226,462,0.341823,-0.355017,0.463176
Stara Zagora,Haskovo,227,228,0.246464,-0.343461,0.331114
Stara Zagora,Burgas,227,590,0.321722,-0.35168,0.434866
Haskovo,Svilengrad,228,229,0.128526,-0.340917,0.172343
Svilengrad,Ormenio,229,230,0.0982217,-0.354552,0.133046
Ormenio,Kastanies,230,231,0.137567,-0.384813,0.190504
Kastanies,Didymoteicho,231,232,0.282787,-0.39733,0.395146
Didymoteicho,Alexandroupoli,232,233,0.652725,-0.400333,0.914033
Alexandroupoli,Gelibolu,233,478,0.828209,-0.397679,1.15757
Saint Petersburg,Pskov,234,235,2.46963,-0.580007,3.90203
Saint Petersburg,Moscow,234,239,4.6842,-0.584346,7.42139
Saint Petersburg,Petrozavodsk,234,245,2.02739,-0.524903,3.09157
Saint Petersburg,Narva,234,304,1.92858,-0.577338,3.04203
Saint Petersburg,Vyborg,234,623,2.03201,-0.522312,3.09336
Pskov,Gomel,235,236,3.12946,-0.586297,4.96425
Pskov,Riga,235,547,2.30124,-0.569353,3.61146
Gomel,Kiev,236,237,4.41358,-0.585284,6.99678
Gomel,Babruysk,236,703,2.57883,-0.588165,4.09561
Kiev,Odessa,237,238,3.90204,-0.552968,6.05974
Kiev,Hlukhiv,237,242,3.9478,-0.580122,6.238
Kiev,Kharkiv,237,247,4.05011,-0.587711,6.43041
Kiev,Rivne,237,348,2.93362,-0.577918,4.62901
Kiev,Zhytomyr,237,349,2.4898,-0.562288,3.88978
Odessa,Izmail,238,586,1.58095,-0.520304,2.40353
Odessa,Chişinău,238,672,1.97029,-0.5074,2.97001
Odessa,Mykolaiv,238,673,1.81773,-0.51389,2.75184
Moscow,Kaluga,239,240,3.05217,-0.593246,4.86285
Moscow,Orel,239,246,3.4307,-0.58871,5.4504
Moscow,Voronezh,239,248,4.41474,-0.569722,6.92991
Moscow,Tambov,239,256,3.19091,-0.587681,5.06615
Moscow,Smolensk,239,319,3.57316,-0.580475,5.64729
Moscow,Ryazan,239,320,3.2193,-0.570208,5.05497
Moscow,Velikiye Luki,239,628,3.1077,-0.582511,4.91798
Moscow,Vladimir,239,629,3.13829,-0.577678,4.95121
Kaluga,Bryansk,240,241,1.57006,-0.599784,2.51175
Bryansk,Hlukhiv,241,242,1.97133,-0.595308,3.14488
Hlukhiv,Kursk,242,645,2.1461,-0.593538,3.4199
Kirkenes,Murmansk,243,244,0.310733,-0.518639,0.471892
Murmansk,Petrozavodsk,244,245,0.745134,-0.568925,1.16906
Orel,Kharkiv,246,247,2.56408,-0.590269,4.07758
Kharkiv,Luhansk,247,350,2.07743,-0.589058,3.30115
Voronezh,Novorossiysk,248,249,2.58831,-0.579137,4.0873
Voronezh,Kursk,248,645,2.17834,-0.592138,3.46821
Voronezh,Saratov,248,646,2.54489,-0.569902,3.99523
Novorossiysk,Dzhankoy,249,601,1.15073,-0.562954,1.79853
Novorossiysk,Sochi,249,602,1.0223,-0.569084,1.60407
Mineralnye Vody,Nalchik,250,251,0.429116,-0.38181,0.592956
Mineralnye Vody,Makhachkala,250,260,0.781851,-0.407849,1.10073
Mineralnye Vody,Armavir,250,387,0.487445,-0.385528,0.675368
Nalchik,Vladikavkaz,251,252,0.196677,-0.362101,0.267894
Vladikavkaz,Stepantsminda,252,253,0.106673,-0.316743,0.140461
Stepantsminda,Mtskheta,253,254,0.0842444,-0.249809,0.105289
Mtskheta,Tbilisi,254,255,0.103906,-0.198285,0.124509
Tbilisi,Gori,255,428,0.095534,-0.176436,0.11239
Tbilisi,Rustavi,255,429,0.0996732,-0.193498,0.11896
Tambov,Povorino,256,257,1.4206,-0.585765,2.25274
Povorino,Volgograd,257,258,1.31457,-0.567637,2.06076
Volgograd,Astrakhan,258,259,1.89374,-0.534384,2.90572
Volgograd,Luhansk,258,350,1.50036,-0.571758,2.35821
Astrakhan,Makhachkala,259,260,1.64698,-0.493597,2.45993
Astrakhan,Atyrau,259,265,2.36151,-0.512078,3.57079
Makhachkala,Kuba,260,261,0.695708,-0.429256,0.994345
Kuba,Baku,261,262,0.293381,-0.413426,0.414673
Baku,Yevlakh,262,431,0.133637,-0.388867,0.185605
Samara,Oral,263,264,2.53151,-0.542002,3.90359
Samara,Penza,263,321,1.59123,-0.545672,2.45953
Samara,Ufa,263,322,1.75046,-0.511523,2.64586
Oral,Atyrau,264,265,2.85369,-0.529506,4.36474
Oral,Saratov,264,646,2.33823,-0.556826,3.64022
Oral,Aktobe,264,647,1.74767,-0.548089,2.70555
Atyrau,Beineu,265,266,1.38632,-0.476177,2.04646
Atyrau,Beyneu,265,351,1.38632,-0.476177,2.04646
Beineu,Shetpe,266,267,0.542394,-0.47699,0.80111
Shetpe,Zhetybai,267,268,0.215895,-0.475878,0.318635
Zhetybai,Fetisovo,268,269,0.0948761,-0.452066,0.137766
Fetisovo,Bekdash,269,270,0.0596377,-0.371925,0.0818185
Bekdash,Türkmenbaşy,270,271,0.0687609,-0.296954,0.0891797
Türkmenbaşy,Gyzylarbat,271,272,0.118722,-0.282295,0.152236
Gyzylarbat,Ashgabat,272,432,0.235712,-0.288873,0.303802
Chelyabinsk,Kostanay,273,274,0.539311,-0.430562,0.771518
Chelyabinsk,Ufa,273,322,1.01179,-0.451139,1.46824
Chelyabinsk,Kurgan,273,323,0.641523,-0.423929,0.913483
Kostanay,Esil,274,275,0.261059,-0.424346,0.371838
Esil,Derzhavinsk,275,276,0.204364,-0.42165,0.290535
Derzhavinsk,Arkalyk,276,277,0.320011,-0.425959,0.456322
Arkalyk,Jezkazgan,277,278,0.708279,-0.425105,1.00937
Jezkazgan,Kyzylorda,278,279,1.10824,-0.427488,1.582
Jezkazgan,Karaganda,278,286,1.08572,-0.418895,1.54053
Kyzylorda,Shymkent,279,280,1.11501,-0.423961,1.58773
Kyzylorda,Novokazalinsk,279,650,0.728747,-0.43499,1.04574
Shymkent,Tashkent,280,281,0.988586,-0.412925,1.3968
Shymkent,Zhambyl,280,359,0.822599,-0.410152,1.15999
Tashkent,Ayni,281,282,0.432282,-0.388362,0.600164
Tashkent,Jizzakh,281,358,0.516005,-0.399008,0.721895
Tashkent,Kokand,281,689,0.407785,-0.403797,0.572447
Ayni,Dushanbe,282,283,0.462032,-0.341422,0.61978
Ayni,Kokand,282,689,0.205974,-0.360875,0.280304
Dushanbe,Termez,283,440,0.316315,-0.31649,0.416426
Dushanbe,Jirgatal,283,441,0.311142,-0.31985,0.410661
Dushanbe,Kulob,283,692,0.230601,-0.317952,0.303921
Ishim,Astana,284,285,0.474237,-0.400746,0.664285
Ishim,Omsk,284,291,0.474237,-0.400746,0.664285
Ishim,Kurgan,284,323,0.579059,-0.405807,0.814046
Ishim,Tyumen,284,635,0.445605,-0.39799,0.622951
Astana,Karaganda,285,286,0.556854,-0.407281,0.783649
Karaganda,Balkhash,286,287,0.699237,-0.40799,0.984518
Karaganda,Pavlodar,286,292,0.674457,-0.405548,0.947982
Balkhash,Burubaytal,287,288,0.460901,-0.399199,0.644892
Burubaytal,Almaty,288,289,0.590547,-0.389904,0.820804
Almaty,Bishkek,289,290,0.928647,-0.392957,1.29356
Almaty,Sary-Ozek,289,360,0.46525,-0.379588,0.641853
Almaty,Kokpek,289,695,0.376971,-0.383109,0.521391
Bishkek,Zhambyl,290,359,0.790647,-0.402043,1.10852
Bishkek,Osh,290,691,0.854664,-0.395708,1.19286
Omsk,Pavlodar,291,292,0.401164,-0.398732,0.561121
Pavlodar,Semey,292,293,0.356353,-0.394067,0.496779
Semey,Georgiyevka,293,294,0.157694,-0.379779,0.217583
Georgiyevka,Ayagoz,294,364,0.0788123,-0.344778,0.105985
Narvik,Kiruna,295,296,0.0660642,-0.285735,0.084941
Narvik,Setermoen,295,498,0.0379836,-0.243671,0.0472391
Kiruna,Töre,296,297,0.131899,-0.315725,0.173542
Töre,Luleå,297,298,0.28102,-0.327746,0.373123
Luleå,Umeå,298,612,0.458293,-0.33698,0.612729
Luleå,Haparanda,298,613,0.322719,-0.329947,0.429199
Helsingborg,Halmstad,299,300,0.352209,-0.330534,0.468626
Helsingborg,Jönköping,299,605,0.236965,-0.31361,0.31128
Örebro,Stockholm,301,302,0.608795,-0.357009,0.82614
Örebro,Karlstad,301,620,0.362587,-0.354545,0.49114
Stockholm,Södertälje,302,608,0.458127,-0.352825,0.619766
Stockholm,Uppsala,302,609,0.531097,-0.358794,0.721652
Tallinn,Narva,303,304,1.10551,-0.570005,1.73566
Tallinn,Riga,303,547,1.54274,-0.562148,2.40998
Colchester,Ipswich,305,306,0.0147444,0,0.0147444
Ipswich,Cambridge,306,636,0.0147444,0,0.0147444
The Hague,Gouda,307,308,0.379071,-0.482289,0.561893
Amersfoort,Oldenzaal,309,310,0.591229,-0.501736,0.88787
Amersfoort,Hoogeveen,309,698,0.549251,-0.505315,0.826795
Oldenzaal,Osnabrück,310,311,0.488563,-0.511746,0.738583
Osnabrück,Bad Oeynhausen,311,312,0.885937,-0.523024,1.3493
Bad Oeynhausen,Dortmund,312,508,1.48955,-0.528111,2.2762
Braunschweig,Magdeburg,313,314,1.26121,-0.517544,1.91394
Magdeburg,Halle,314,518,1.35433,-0.51645,2.05378
Poznań,Warsaw,315,316,2.29427,-0.523777,3.49596
Poznań,Wrocław,315,339,1.44331,-0.515684,2.18761
Warsaw,Elbląg,316,564,1.78297,-0.525007,2.71904
Warsaw,Radom,316,565,2.11874,-0.52477,3.23059
Warsaw,Lublin,316,713,2.42437,-0.531076,3.71189
Brest,Rennes,317,365,0.366047,-0.477195,0.540722
Brest,Lorient,317,388,0.211439,-0.460774,0.308865
Minsk,Smolensk,318,319,2.58999,-0.570862,4.06852
Minsk,Babruysk,318,703,2.30292,-0.575962,3.62931
Ryazan,Penza,320,321,1.53399,-0.567977,2.40527
Ufa,Yelabuga,322,632,1.05259,-0.453289,1.52972
Bruges,Ghent,324,325,1.35809,-0.536002,2.08603
Bruges,Zeebrugge,324,642,1.47358,-0.544651,2.27616
Ghent,Brussels,325,326,1.84166,-0.533743,2.82464
Brussels,Leuven,326,327,2.28488,-0.5344,3.50592
Leuven,Hasselt,327,708,1.45307,-0.535608,2.23135
Eupen,Aachen,328,329,1.73019,-0.533644,2.6535
Eupen,St. Vith,328,653,0.880274,-0.534303,1.35061
Aachen,Heerlen,329,709,1.36629,-0.533413,2.09509
Olpe,Wetzlar,330,331,1.66633,-0.533928,2.55603
Wetzlar,Gießen,331,332,1.60673,-0.541234,2.47635
Wetzlar,Dortmund,331,508,2.3287,-0.535296,3.57524
Wetzlar,Aschaffenburg,331,509,1.72777,-0.543071,2.66606
Wetzlar,Koblenz,331,660,1.67982,-0.542694,2.59144
Gießen,Bad Hersfeld,332,333,0.980745,-0.543012,1.5133
Bad Hersfeld,Eisenach,333,334,0.476717,-0.534639,0.731589
Eisenach,Erfurt,334,335,0.482432,-0.518972,0.732801
Erfurt,Gera,335,336,0.988884,-0.513685,1.49686
Gera,Chemnitz,336,337,1.48351,-0.514454,2.24671
Gera,Leipzig,336,526,1.49994,-0.514266,2.27132
Gera,Hirschberg,336,527,1.05023,-0.51341,1.58944
Chemnitz,Plauen,337,519,1.40217,-0.514228,2.12321
Wrocław,Opole,339,340,1.25002,-0.508627,1.88582
Wrocław,Kłodzko,339,548,1.26921,-0.509438,1.9158
Opole,Gliwice,340,341,0.607368,-0.504161,0.913579
Gliwice,Zabrze,341,342,0.577138,-0.502052,0.866892
Kraków,Rzeszów,343,344,0.802907,-0.502647,1.20649
Kraków,Radom,343,565,0.913776,-0.515641,1.38496
Kraków,Trstená,343,566,1.00962,-0.50901,1.52353
Rzeszów,Jarosław,344,345,0.718002,-0.508919,1.08341
Rzeszów,Radom,344,565,0.769908,-0.513417,1.16519
Rzeszów,Barwinek,344,710,0.593513,-0.495515,0.887607
Jarosław,Korczowa,345,346,0.72465,-0.530543,1.10911
Korczowa,Lviv,346,347,1.50021,-0.542224,2.31366
Lviv,Rivne,347,348,1.83217,-0.557267,2.85318
Lviv,Mukachevo,347,378,2.94411,-0.53257,4.51205
Lviv,Lublin,347,713,1.52886,-0.534942,2.34671
Rivne,Zhytomyr,348,349,1.08616,-0.558352,1.69261
Rivne,Kovel,348,714,1.06675,-0.562001,1.66627
Zhytomyr,Vinnytsia,349,381,1.89871,-0.544328,2.93223
Beyneu,Qo‘ng‘irot,351,352,0.586213,-0.46283,0.85753
Qo‘ng‘irot,Nukus,352,353,0.328736,-0.420899,0.467101
Nukus,Daşoguz,353,354,0.347988,-0.347417,0.468885
Daşoguz,Bukhara,354,355,0.322495,-0.306994,0.421499
Daşoguz,Ashgabat,354,432,0.371702,-0.302981,0.484321
Daşoguz,Uchkuduk,354,688,0.175885,-0.317246,0.231683
Bukhara,Navoiy,355,356,0.350714,-0.310931,0.459762
Bukhara,Alat,355,436,0.32977,-0.299951,0.428685
Bukhara,Karshi,355,437,0.331794,-0.300541,0.431511
Bukhara,Uchkuduk,355,688,0.207043,-0.30351,0.269882
Navoiy,Samarkand,356,357,0.232655,-0.337122,0.311088
Samarkand,Jizzakh,357,358,0.271462,-0.378941,0.37433
Sary-Ozek,Taldykorgan,360,361,0.239667,-0.3589,0.325684
Sary-Ozek,Koktal,360,697,0.221813,-0.366093,0.303017
Taldykorgan,Ucharal,361,362,0.113437,-0.33903,0.151896
Ucharal,Taskesken,362,363,0.0641241,-0.307726,0.0838568
Taskesken,Ayagoz,363,364,0.0542764,-0.316745,0.0714682
Rennes,Le Mans,365,366,0.870005,-0.489969,1.29628
Le Mans,Angers,366,391,0.70614,-0.491155,1.05296
Le Mans,Tours,366,392,0.836163,-0.498275,1.2528
Le Mans,Rouen,366,662,1.21959,-0.508332,1.83954
Reims,Charleroi,367,651,1.45076,-0.531867,2.22237
Reims,Charleville-Mézières,367,658,1.33229,-0.532456,2.04168
Reims,Rouen,367,662,1.60974,-0.523369,2.45222
Saarbrücken,Mannheim,368,369,2.31314,-0.545715,3.57545
Saarbrücken,Trier,368,659,1.21242,-0.544519,1.8726
Mannheim,Heilbronn,369,370,2.15648,-0.548003,3.33824
Rozvadov,Plzeň,371,372,1.9636,-0.532934,3.01007
Plzeň,Karlovy Vary,372,523,1.40475,-0.525889,2.1435
Plzeň,České Budějovice,372,524,1.61986,-0.531694,2.48113
Plzeň,Bayerisch Eisenstein,372,530,1.63982,-0.532814,2.51354
Trenčín,Prešov,373,374,1.14448,-0.51759,1.73685
Prešov,Košice,374,375,1.76168,-0.522909,2.68287
Prešov,Svidník,374,712,0.866185,-0.515398,1.31262
Košice,Vyšné Nemecké,375,376,0.888852,-0.526614,1.35693
Košice,Uzhhorod,375,377,1.69603,-0.5276,2.59086
Košice,Miskolc,375,552,1.64583,-0.526399,2.5122
Košice,Zvolen,375,568,1.72196,-0.522579,2.62183
Vyšné Nemecké,Uzhhorod,376,377,0.807179,-0.528686,1.23392
Uzhhorod,Mukachevo,377,378,2.69123,-0.523585,4.10032
Uzhhorod,Chop,377,723,1.35561,-0.532445,2.0774
Mukachevo,Stryj,378,379,2.07612,-0.52462,3.16529
Mukachevo,Halmeu,378,578,2.57479,-0.525255,3.9272
Khmelnytskyi,Vinnytsia,380,381,1.31834,-0.523956,2.0091
Vinnytsia,Uman,381,382,1.30518,-0.521651,1.98603
Vinnytsia,Mohyliv-Podilskyi,381,728,1.17293,-0.527382,1.79151
Uman,Kirovohrad,382,383,1.12449,-0.505764,1.69321
Kirovohrad,Dnipropetrovsk,383,384,0.864698,-0.493047,1.29103
Kirovohrad,Chişinău,383,672,1.69492,-0.500885,2.54388
Dnipropetrovsk,Donetsk,384,385,0.414233,-0.466746,0.607575
Donetsk,Rostov-on-Don,385,386,0.350452,-0.421167,0.498051
Rostov-on-Don,Armavir,386,387,0.380944,-0.390167,0.529575
Rostov-on-Don,Taganrog,386,675,0.316634,-0.413623,0.447601
Lorient,Vannes,388,389,0.251683,-0.464648,0.368627
Vannes,Nantes,389,390,0.525815,-0.478847,0.777601
Nantes,Angers,390,391,0.735626,-0.480916,1.0894
Nantes,Poitiers,390,676,0.956743,-0.500442,1.43554
Angers,Tours,391,392,0.612284,-0.487501,0.910773
Tours,Vierzon,392,503,0.817118,-0.49148,1.21871
Montargis,Auxerre,393,394,1.16741,-0.52912,1.78511
Auxerre,Beaune,394,395,2.02572,-0.539147,3.11788
Beaune,Dole,395,396,1.96687,-0.541709,3.03235
Beaune,Antwerp,395,505,3.30362,-0.543136,5.09793
Dole,Besançon,396,397,0.996344,-0.54459,1.53894
Besançon,Belfort,397,398,1.11101,-0.539265,1.71014
Zürich,Winterthur,399,400,1.30864,-0.515223,1.98289
Winterthur,St. Gallen,400,401,0.939497,-0.51022,1.41885
Winterthur,Schaffhausen,400,511,1.13758,-0.527034,1.73712
St. Gallen,St. Margrethen,401,402,0.893714,-0.502897,1.34316
St. Margrethen,Bregenz,402,403,1.46696,-0.508273,2.21257
St. Margrethen,Buchs,402,514,0.706422,-0.49629,1.05701
Bregenz,Feldkirch,403,748,1.43443,-0.507103,2.16183
Bregenz,Lindau,403,513,2.13619,-0.518784,3.24442
Feldkirch,Landeck,748,404,0.70723,-0.492361,1.05544
Feldkirch,Imst,748,406,0.740684,-0.49175,1.10491
Landeck,Telfs,404,405,0.519551,-0.483401,0.770703
Sattledt,Liezen,408,532,0.908315,-0.521663,1.38215
Sattledt,Wels,408,669,0.919369,-0.527632,1.40446
Sankt Pölten,Vienna,409,410,1.9011,-0.523336,2.89601
Vienna,Nickelsdorf,410,411,2.10294,-0.525524,3.20808
Vienna,Halámky,410,525,1.99189,-0.524781,3.0372
Vienna,Graz,410,534,2.7683,-0.513029,4.18851
Nickelsdorf,Mosonmagyaróvár,411,412,1.47446,-0.52878,2.25413
Szolnok,Püspökladány,413,414,1.8129,-0.528279,2.77061
Püspökladány,Oradea,414,415,2.39818,-0.522117,3.65031
Püspökladány,Nyíregyháza,414,722,1.34956,-0.53272,2.0685
Oradea,Cluj-Napoca,415,416,1.38708,-0.49554,2.07444
Oradea,Berettyóújfalu,415,570,1.70233,-0.517023,2.58247
Oradea,Beiuş,415,571,1.25616,-0.501385,1.88598
Oradea,Satu Mare,415,579,1.82942,-0.515244,2.77202
Oradea,Arad,415,684,2.20738,-0.507004,3.32654
Cluj-Napoca,Turda,416,417,0.883169,-0.484277,1.31087
Cluj-Napoca,Zalău,416,580,0.768908,-0.502004,1.1549
Turda,Târgu Mureş,417,418,0.439003,-0.465565,0.643387
Turda,Sebeş,417,581,0.454437,-0.466353,0.666365
Târgu Mureş,Braşov,418,419,0.35877,-0.45113,0.520623
Braşov,Ploieşti,419,420,0.368887,-0.43647,0.529895
Braşov,Sibiu,419,582,0.409931,-0.461799,0.599237
Braşov,Piteşti,419,583,0.30809,-0.444552,0.445052
Slobozia,Hârşova,421,422,0.628576,-0.435435,0.902279
Slobozia,Galaţi,421,588,0.900796,-0.44875,1.30503
Hârşova,Constanţa,422,423,0.709738,-0.424145,1.01077
Constanţa,Varna,423,463,0.843709,-0.392667,1.17501
Constanţa,Tulcea,423,589,0.709738,-0.424145,1.01077
Senaki,Samtredia,424,425,0.0351468,-0.308776,0.0459992
Senaki,Zugdidi,424,604,0.0617643,-0.446566,0.0893461
Samtredia,Kutaisi,425,426,0.0302342,-0.20556,0.0364491
Kutaisi,Khashuri,426,427,0.0377514,-0.158226,0.0437247
Khashuri,Gori,427,428,0.0572152,-0.164773,0.0666427
Rustavi,Ganja,429,430,0.0717352,-0.237196,0.0887506
Ganja,Yevlakh,430,431,0.0778279,-0.319403,0.102686
Ashgabat,Tejen,432,433,0.243766,-0.289461,0.314327
Tejen,Mary,433,434,0.142457,-0.287831,0.18346
Mary,Türkmenabat,434,435,0.123154,-0.287603,0.158573
Türkmenabat,Alat,435,436,0.17469,-0.296365,0.226462
Karshi,Guzar,437,438,0.179938,-0.299551,0.233838
Guzar,Sherobod,438,439,0.135882,-0.297973,0.176372
Sherobod,Termez,439,440,0.172806,-0.308396,0.226099
Jirgatal,Sary Tash,441,442,0.257053,-0.333886,0.342879
Jirgatal,Khorugh,441,694,0.181603,-0.314889,0.238788
Sary Tash,Irkeshtam,442,443,0.271578,-0.367864,0.371481
Irkeshtam,Osh,443,691,0.485909,-0.388258,0.674567
A Coruña,Bilbao,444,445,0.268216,-0.394499,0.374027
A Coruña,Pontevedra,444,481,0.137677,-0.380838,0.190109
Clermont-Ferrand,Montluçon,446,504,1.04008,-0.486523,1.5461
Chambéry,Susa,447,448,1.05852,-0.484145,1.57099
Chambéry,Marseille,447,736,0.755635,-0.494923,1.12962
Susa,Turin,448,449,0.836193,-0.45875,1.2198
Tortona,Brescia,450,451,0.51329,-0.43884,0.738542
Trieste,Postojna,452,453,0.451392,-0.469055,0.66312
Trieste,Ljubljana,452,454,0.816026,-0.473899,1.20274
Postojna,Ljubljana,453,454,0.536646,-0.478738,0.793558
Ljubljana,Maribor,454,535,0.864689,-0.486734,1.28556
Ljubljana,Naklo,454,538,1.25553,-0.486934,1.86689
Vršac,Timişoara,456,457,1.25333,-0.478643,1.85323
Timişoara,Drobeta-Turnu Severin,457,458,1.42477,-0.476134,2.10315
Timişoara,Arad,457,684,1.98321,-0.491406,2.95777
Drobeta-Turnu Severin,Craiova,458,459,1.47945,-0.470937,2.17618
Craiova,Alexandria,459,460,0.641119,-0.457239,0.934263
Craiova,Târgu Jiu,459,574,0.842221,-0.468251,1.23659
Craiova,Piteşti,459,583,0.808571,-0.461175,1.18146
Razgrad,Shumen,461,462,0.313274,-0.360802,0.426304
Shumen,Varna,462,463,0.446737,-0.368669,0.611435
Varna,Burgas,463,590,0.441209,-0.367987,0.603568
Lisbon,Valladolid,464,465,0.305452,-0.365317,0.417039
Lisbon,Porto,464,483,0.332598,-0.346658,0.447895
Lisbon,Albufeira,464,484,0.343959,-0.341662,0.461477
Toulouse,Nice,466,467,1.42107,-0.452485,2.06408
Nice,Cuneo,467,685,0.648241,-0.446233,0.937508
Sofia,Plovdiv,468,469,0.805669,-0.433224,1.1547
Sofia,Botevgrad,468,575,0.804967,-0.43627,1.15615
Sofia,Blagoevgrad,468,576,0.902822,-0.435185,1.29572
Sofia,Kyustendil,468,745,0.600689,-0.438618,0.864162
Plovdiv,Istanbul,469,470,0.359995,-0.413504,0.508854
Istanbul,İzmit,470,471,0.21204,-0.359753,0.288322
İzmit,Gerede,471,472,0.10527,-0.286758,0.135458
İzmit,Bursa,471,479,0.113683,-0.277509,0.145231
Gerede,Kızılcahamam,472,599,0.066708,-0.24293,0.0829134
Mazara del Vallo,Palermo,473,474,0.0147444,0,0.0147444
Metaponto,Taranto,475,476,0.0601259,-0.240282,0.0745731
Metaponto,Potenza,475,743,0.041285,-0.197293,0.0494302
Ioannina,Trikala,477,687,0.149202,-0.345092,0.200691
Gelibolu,Keşan,478,596,0.413209,-0.390061,0.574386
Gelibolu,Ayvalık,478,597,0.415221,-0.388847,0.576678
Bursa,Ankara,479,480,0.0810106,-0.233479,0.099925
Bursa,Balıkesir,479,746,0.096388,-0.239449,0.119468
Ankara,Kızılcahamam,480,599,0.0605563,-0.219681,0.0738593
Pontevedra,Valença,481,482,0.112002,-0.353331,0.151576
Valença,Porto,482,483,0.165475,-0.343408,0.2223
Albufeira,Castro Marim,484,485,0.201314,-0.332233,0.268197
Castro Marim,Huelva,485,486,0.192435,-0.328647,0.255678
Cherbourg-Octeville,La Rochelle,487,488,0.18907,-0.485202,0.280807
Cherbourg-Octeville,Caen,487,661,0.3674,-0.503344,0.552328
La Rochelle,Saintes,488,730,0.194215,-0.469583,0.285415
Oslo,Hamar,489,490,0.280322,-0.347229,0.377658
Oslo,Askim,489,619,0.291335,-0.350762,0.393524
Hamar,Lillehammer,490,491,0.176473,-0.346603,0.237639
Lillehammer,Dombås,491,492,0.194956,-0.349042,0.263004
Dombås,Trondheim,492,493,0.349535,-0.352544,0.472762
Trondheim,Stjørdal,493,494,0.343007,-0.352102,0.463781
Stjørdal,Steinkjer,494,495,0.174819,-0.349705,0.235954
Steinkjer,Mosjøen,495,496,0.128901,-0.341239,0.172887
Mosjøen,Mo i Rana,496,497,0.170954,-0.341214,0.229286
Mo i Rana,Umeå,497,612,0.329672,-0.340772,0.442014
Setermoen,Alta,498,499,0.0284139,-0.184396,0.0336533
Alta,Olderfjord,499,500,0.029323,-0.180289,0.0346096
Olderfjord,Lakselv,500,501,0.0408054,-0.197976,0.0488838
Lakselv,Karasjok,501,502,0.0684447,-0.249174,0.0854993
Vierzon,Montluçon,503,504,0.623486,-0.489365,0.928598
Antwerp,Zeebrugge,505,642,2.13451,-0.546273,3.30054
Martigny,Sion,506,678,0.674919,-0.493114,1.00773
Bremen,Groningen,507,624,1.97141,-0.517814,2.99223
Stuttgart,Schaffhausen,510,511,1.59629,-0.543782,2.46433
Stuttgart,Ulm,510,512,1.43912,-0.544142,2.22221
Ulm,Lindau,512,513,1.32631,-0.534356,2.03504
Lindau,Waldshut,513,666,1.888,-0.527691,2.88427
Buchs,Chur,514,515,0.304769,-0.471813,0.448563
Chur,San Bernardino,515,516,0.190705,-0.421137,0.271018
Halle,Plauen,518,519,1.29895,-0.514438,1.96718
Plauen,Schönberg,519,520,1.06585,-0.511591,1.61112
Plauen,Hof,519,528,1.39308,-0.514079,2.10923
Schönberg,Vojtanov,520,521,0.642224,-0.508618,0.96887
Vojtanov,Cheb,521,522,0.871895,-0.509487,1.31611
Cheb,Karlovy Vary,522,523,1.4225,-0.513207,2.15254
Cheb,Marktredwitz,522,663,1.12655,-0.514242,1.70588
Karlovy Vary,Teplice,523,715,0.883766,-0.512438,1.33664
České Budějovice,Halámky,524,525,1.18029,-0.53003,1.80588
Hirschberg,Hof,527,528,1.07367,-0.514705,1.62629
Hof,Bayreuth,528,529,1.68925,-0.518592,2.56529
Bayreuth,Marktredwitz,529,663,1.50664,-0.520689,2.29112
Bayerisch Eisenstein,Deggendorf,530,531,1.24112,-0.53332,1.90303
Liezen,Sankt Michael,532,533,0.784347,-0.514548,1.18793
Sankt Michael,Graz,533,534,1.46755,-0.508772,2.2142
Graz,Maribor,534,535,1.33036,-0.500762,1.99656
Graz,Spielfeld,534,536,0.961005,-0.5068,1.44804
Graz,Klagenfurt,534,683,1.84913,-0.501631,2.7767
Maribor,Spielfeld,535,536,0.490061,-0.49109,0.730726
Karavanke Tunnel,Naklo,537,538,0.973417,-0.500199,1.46032
Naklo,Loiblpass,538,734,0.946205,-0.499343,1.41869
Kemijärvi,Posio,539,540,0.0927507,-0.271594,0.117941
Posio,Kuusamo,540,541,0.0596767,-0.258421,0.0750984
Kuusamo,Kajaani,541,542,0.0574461,-0.270863,0.0730061
Kajaani,Iisalmi,542,543,0.0863355,-0.285515,0.110986
Iisalmi,Kuopio,543,544,0.164525,-0.300714,0.214
Tampere,Turku,545,546,0.170647,-0.309036,0.223383
Tampere,Vaasa,545,616,0.232858,-0.310766,0.305222
Tampere,Hämeenlinna,545,618,0.288151,-0.314991,0.378915
Turku,Pori,546,617,0.118159,-0.305876,0.154301
Riga,Šiauliai,547,561,1.67973,-0.542821,2.59152
Riga,Rēzekne,547,627,1.68642,-0.555465,2.62317
Kłodzko,Kudowa-Zdrój,548,549,0.58861,-0.503982,0.885259
Kudowa-Zdrój,Náchod,549,550,0.501303,-0.499118,0.751512
Náchod,Hradec Králové,550,551,0.914414,-0.502911,1.37428
Hradec Králové,Olomouc,551,716,1.24055,-0.50992,1.87312
Miskolc,Debrecen,552,569,1.36019,-0.528428,2.07896
Szekszárd,Mohács,555,556,0.858315,-0.512483,1.29819
Mohács,Osijek,556,557,0.57186,-0.493689,0.854181
Osijek,Đakovo,557,558,0.38296,-0.468193,0.56226
Osijek,Sombor,557,735,0.606179,-0.486756,0.90124
Đakovo,Šamac,558,559,0.211506,-0.429875,0.302428
Šamac,Zenica,559,560,0.221895,-0.393685,0.309252
Zenica,Sarajevo,560,737,0.406998,-0.389697,0.565603
Šiauliai,Tolpaki,561,562,1.42758,-0.520482,2.17061
Šiauliai,Palanga,561,704,1.06119,-0.530839,1.62452
Šiauliai,Panevėžys,561,705,1.09116,-0.531982,1.67164
Tolpaki,Kaliningrad,562,563,0.98212,-0.509762,1.48277
Tolpaki,Nesterov,562,640,0.871171,-0.513408,1.31844
Trstená,Ružomberok,566,567,0.83296,-0.514736,1.26171
Ružomberok,Zvolen,567,568,1.51381,-0.519394,2.30007
Debrecen,Berettyóújfalu,569,570,1.00397,-0.525197,1.53126
Beiuş,Deva,571,572,0.917336,-0.495288,1.37168
Deva,Petroşani,572,573,0.888561,-0.477144,1.31253
Deva,Sibiu,572,582,1.13462,-0.475513,1.67415
Deva,Arad,572,684,1.48434,-0.486427,2.20637
Petroşani,Târgu Jiu,573,574,0.587503,-0.472998,0.865391
Botevgrad,Jablanica,575,585,0.363029,-0.426224,0.517761
Blagoevgrad,Serres,576,577,0.62259,-0.423359,0.886169
Halmeu,Satu Mare,578,579,2.15688,-0.522483,3.28381
Satu Mare,Zalău,579,580,0.973286,-0.512082,1.47169
Sebeş,Sibiu,581,582,0.512074,-0.463162,0.749247
Sibiu,Piteşti,582,583,0.610156,-0.462073,0.892093
Pleven,Jablanica,584,585,0.230555,-0.397556,0.322213
Izmail,Reni,586,587,0.807899,-0.506163,1.21683
Reni,Galaţi,587,588,0.852704,-0.477104,1.25953
Galaţi,Tulcea,588,589,0.672039,-0.449897,0.974388
Galaţi,Giurgiuleşti,588,729,0.996794,-0.4788,1.47406
Burgas,Malko Tarnovo,590,591,0.269574,-0.34697,0.363108
Malko Tarnovo,Dereköy,591,592,0.127737,-0.335959,0.170652
Dereköy,Kırklareli,592,593,0.0717299,-0.313075,0.0941868
Kırklareli,Babaeski,593,594,0.060636,-0.33068,0.0806872
Babaeski,Havsa,594,595,0.0896444,-0.353786,0.121359
Havsa,Keşan,595,596,0.182083,-0.380838,0.251427
Ayvalık,İzmir,597,598,0.187336,-0.373743,0.257352
İzmir,Manisa,598,747,0.0994834,-0.328601,0.132174
Kherson,Dzhankoy,600,601,0.80642,-0.53381,1.2369
Kherson,Mykolaiv,600,673,1.01501,-0.51293,1.53563
Kherson,Melitopol,600,674,0.56638,-0.505296,0.852569
Sochi,Sukhumi,602,603,0.374687,-0.555757,0.582922
Sukhumi,Zugdidi,603,604,0.143546,-0.520255,0.218226
Jönköping,Linköping,605,606,0.178374,-0.310843,0.233821
Linköping,Norrköping,606,607,0.230676,-0.317381,0.303888
Norrköping,Södertälje,607,608,0.326896,-0.337049,0.437076
Norrköping,Kalmar,607,626,0.229912,-0.317312,0.302865
Uppsala,Sundsvall,609,610,0.554989,-0.357023,0.753134
Sundsvall,Örnsköldsvik,610,611,0.528621,-0.352993,0.715221
Örnsköldsvik,Umeå,611,612,0.446483,-0.346926,0.601379
Haparanda,Tornio,613,614,0.25795,-0.32546,0.341902
Kokkola,Vaasa,615,616,0.242533,-0.311475,0.318075
Vaasa,Pori,616,617,0.137955,-0.307758,0.180412
Askim,Karlstad,619,620,0.241667,-0.352937,0.326961
Kotka,Vaalimaa,621,622,0.345369,-0.510264,0.521599
Vaalimaa,Vyborg,622,623,0.758432,-0.567302,1.18869
Groningen,Hoogeveen,624,698,0.720817,-0.517626,1.09393
Sassnitz,Stralsund,625,699,0.413466,-0.514579,0.626227
Rēzekne,Velikiye Luki,627,628,1.77429,-0.573579,2.79198
Rēzekne,Daugavpils,627,702,1.14082,-0.554602,1.77352
Vladimir,Nizhny Novgorod,629,630,1.1766,-0.582166,1.86158
Nizhny Novgorod,Kazan,630,631,0.584867,-0.544752,0.903475
Kazan,Yelabuga,631,632,0.630348,-0.477074,0.93107
Yelabuga,Perm,632,633,0.548147,-0.448052,0.793746
Perm,Yekaterinburg,633,634,0.282819,-0.427557,0.40374
Yekaterinburg,Tyumen,634,635,0.259333,-0.404417,0.364212
Koszalin,Słupsk,637,638,0.239339,-0.500383,0.359101
Słupsk,Gdynia,638,639,0.379947,-0.507086,0.572613
Nesterov,Marijampolė,640,641,0.740016,-0.526753,1.12982
Aktobe,Karabutak,647,648,0.675552,-0.547509,1.04542
Karabutak,Aral,648,649,0.343173,-0.518131,0.520981
Aral,Novokazalinsk,649,650,0.36641,-0.462733,0.53596
Charleroi,Namur,651,652,0.997496,-0.535239,1.53139
St. Vith,Wittlich,653,654,0.925393,-0.535316,1.42077
Wittlich,Bingen,654,655,0.565513,-0.538687,0.870147
Bingen,Wiesbaden,655,656,0.814901,-0.54526,1.25923
Amiens,Charleville-Mézières,657,658,1.20979,-0.534591,1.85653
Trier,Koblenz,659,660,1.24319,-0.544649,1.92029
Caen,Rouen,661,662,0.915586,-0.513429,1.38567
Regensburg,Passau,667,668,1.00046,-0.538353,1.53906
Passau,Wels,668,669,1.05665,-0.533417,1.62028
Wels,Braunau am Inn,669,721,1.29669,-0.530261,1.98428
Iaşi,Sculeni,670,671,1.2948,-0.513811,1.96008
Iaşi,Bălţi,670,727,1.06666,-0.518982,1.62024
Sculeni,Chişinău,671,672,1.49116,-0.506026,2.24573
Chişinău,Giurgiuleşti,672,729,1.23695,-0.500551,1.85611
Melitopol,Taganrog,674,675,0.302061,-0.461648,0.441507
Poitiers,Mâcon,676,677,1.7112,-0.513609,2.59009
Sion,Simplon,678,679,0.361218,-0.464542,0.529018
Simplon,Gravellona Toce,679,680,0.383118,-0.431706,0.548512
Innichen,Spittal an der Drau,681,682,0.688049,-0.498501,1.03104
Klagenfurt,Loiblpass,683,734,1.0521,-0.502942,1.58125
Cuneo,Asti,685,686,0.400217,-0.440101,0.576353
Kokand,Andijan,689,690,0.378881,-0.391178,0.527091
Andijan,Osh,690,691,0.518717,-0.393345,0.722751
Kulob,Kalaikhumb,692,693,0.13459,-0.306738,0.175873
Kalaikhumb,Khorugh,693,694,0.121145,-0.305015,0.158096
Kokpek,Chundzha,695,696,0.192571,-0.373409,0.264479
Chundzha,Koktal,696,697,0.151988,-0.363217,0.207192
Stralsund,Neubrandenburg,699,700,0.603139,-0.515145,0.913843
Ukmergė,Daugavpils,701,702,1.15845,-0.543483,1.78804
Ukmergė,Panevėžys,701,705,1.10858,-0.534493,1.70111
Breda,Gorinchem,706,707,0.758318,-0.500769,1.13806
Hasselt,Heerlen,708,709,0.918324,-0.535057,1.40968
Barwinek,Vyšný Komárnik,710,711,0.333048,-0.490138,0.496288
Vyšný Komárnik,Svidník,711,712,0.399063,-0.50256,0.599617
Lublin,Kovel,713,714,1.11644,-0.544081,1.72388
Olomouc,Český Těšín,716,717,0.790091,-0.509009,1.19225
Garmisch-Partenkirchen,Mittenwald,718,719,0.873255,-0.516702,1.32447
Mittenwald,Seefeld,719,720,0.617686,-0.498444,0.925567
Nyíregyháza,Chop,722,723,0.879773,-0.537429,1.35259
Dunajská Streda,Medveďov,724,725,0.597533,-0.518212,0.907181
Medveďov,Vámosszabadi,725,726,0.522181,-0.520568,0.794012
Bălţi,Mohyliv-Podilskyi,727,728,0.735442,-0.522617,1.1198
Saintes,Angoulême,730,731,0.381759,-0.471754,0.561856
St. Johann in Tirol,Lofer,732,733,0.928461,-0.510801,1.40272
Sarajevo,Užice,737,738,0.522213,-0.406002,0.734232
Užice,Čačak,738,739,0.698725,-0.423379,0.99455
Čačak,Nova Varoš,739,740,0.695996,-0.424212,0.991246
Avellino,Benevento,741,742,0.177499,-0.321082,0.234491
Balıkesir,Manisa,746,747,0.0770112,-0.271707,0.0979357
Warsaw,Brest-Litovsk,316,0,2.08192,-0.537886,3.20176
Brest-Litovsk,Minsk,0,318,1.84651,-0.5532,2.868
Lyon,Mâcon,17,677,1.84018,-0.502442,2.76476
Beaune,Mâcon,395,677,2.8405,-0.520286,4.31837
