Glasgow,Preston,1,2,6.60041e-05,-0.48338,6.60041e-05
Glasgow,Edinburgh,1,13,6.60041e-05,-0.48338,6.60041e-05
Preston,Birmingham,2,3,6.60041e-05,-0.48338,6.60041e-05
Birmingham,Cambridge,3,636,6.60041e-05,-0.48338,6.60041e-05
Le Havre,Paris,4,5,2.02067,-0.515642,3.06261
Le Havre,Amiens,4,657,1.14213,-0.516575,1.73212
Paris,Orléans,5,6,2.06164,-0.512497,3.11823
Paris,Calais,5,16,1.74923,-0.515471,2.6509
Paris,Lyon,5,17,2.56829,-0.512006,3.88328
Paris,Brussels,5,326,3.1074,-0.516871,4.71352
Paris,Le Mans,5,366,1.66731,-0.513553,2.52357
Paris,Reims,5,367,1.94447,-0.515971,2.94775
Paris,Chaumont,5,665,2.82642,-0.516507,4.28629
Orléans,Bordeaux,6,7,0.96381,-0.507442,1.45289
Orléans,Tours,6,392,1.0666,-0.507538,1.60794
Orléans,Montargis,6,393,1.34631,-0.509611,2.0324
Orléans,Toulouse,6,466,1.09102,-0.505681,1.64273
Bordeaux,San Sebastián,7,8,0.52011,-0.50046,0.780404
Bordeaux,Clermont-Ferrand,7,446,1.01456,-0.502772,1.52465
Bordeaux,Toulouse,7,466,0.434211,-0.498113,0.650497
Bordeaux,Angoulême,7,731,0.588089,-0.502482,0.883593
San Sebastián,Burgos,8,9,0.247679,-0.490698,0.369215
San Sebastián,Bilbao,8,445,0.202082,-0.492086,0.301523
San Sebastián,Toulouse,8,466,0.341426,-0.496516,0.510949
Burgos,Madrid,9,10,0.135918,-0.481249,0.201329
Burgos,Valladolid,9,465,0.0908273,-0.48346,0.134739
Madrid,Seville,10,11,0.0821215,-0.472954,0.120961
Madrid,Barcelona,10,21,0.207714,-0.487335,0.308941
Madrid,Valencia,10,24,0.0929144,-0.475148,0.137063
Madrid,Lisbon,10,464,0.0841037,-0.474732,0.12403
Seville,Algeciras,11,12,0.037078,-0.464816,0.0543124
Seville,Huelva,11,486,0.0387255,-0.464434,0.0567109
Algeciras,Málaga,12,28,0.0157008,-0.459434,0.0229143
Edinburgh,Newcastle,13,14,6.60041e-05,-0.48338,6.60041e-05
Newcastle,London,14,15,6.60041e-05,-0.48338,6.60041e-05
London,Colchester,15,305,6.60041e-05,-0.48338,6.60041e-05
Calais,Bruges,16,324,1.79551,-0.516935,2.72367
Calais,Rouen,16,662,1.17234,-0.51612,1.77741
Lyon,Orange,17,18,1.11949,-0.50647,1.68647
Lyon,Clermont-Ferrand,17,446,1.25378,-0.506926,1.88935
Lyon,Chambéry,17,447,1.14651,-0.509959,1.73118
Orange,Narbonne,18,19,0.498546,-0.504841,0.750233
Orange,Marseille,18,736,0.484725,-0.507765,0.730851
Narbonne,Girona,19,20,0.264808,-0.499422,0.397059
Girona,Barcelona,20,21,0.295572,-0.492868,0.44125
Barcelona,Tarragona,21,22,0.183135,-0.488651,0.272624
Barcelona,Toulouse,21,466,0.548962,-0.494534,0.820442
Tarragona,Castellón de la Plana,22,23,0.0847658,-0.482999,0.125708
Castellón de la Plana,Valencia,23,24,0.0682806,-0.474977,0.100712
Valencia,Alicante,24,25,0.0479337,-0.468408,0.0703862
Alicante,Murcia,25,26,0.0197129,-0.463461,0.0288491
Murcia,Almería,26,27,0.00976452,-0.457499,0.0142318
Almería,Málaga,27,28,0.00875063,-0.455057,0.0127327
Hook of Holland,Rotterdam,29,30,0.594529,-0.520945,0.904246
Hook of Holland,The Hague,29,307,0.320986,-0.521303,0.488316
Rotterdam,Eindhoven,30,31,1.48751,-0.520733,2.2621
Eindhoven,Maastricht,31,32,1.60475,-0.520391,2.43985
Eindhoven,Antwerp,31,505,2.65758,-0.518942,4.03671
Eindhoven,Venlo,31,643,2.04929,-0.52125,3.11748
Eindhoven,Breda,31,706,1.50349,-0.520745,2.28642
Maastricht,Liège,32,33,2.00097,-0.52065,3.04277
Liège,Bastogne,33,34,1.86937,-0.52068,2.84271
Liège,Leuven,33,327,3.04141,-0.520512,4.6245
Liège,Eupen,33,328,1.96082,-0.521586,2.98355
Liège,Antwerp,33,505,3.35513,-0.518575,5.09502
Liège,Namur,33,652,2.07549,-0.520036,3.15482
Liège,St. Vith,33,653,1.70891,-0.520726,2.59879
Liège,Charleville-Mézières,33,658,2.2124,-0.51991,3.36265
Bastogne,Arlon,34,35,1.12995,-0.52102,1.71868
Arlon,Luxembourg,35,36,1.56799,-0.520659,2.38438
Luxembourg,Metz,36,37,2.57231,-0.51921,3.90788
Luxembourg,St. Vith,36,653,1.90501,-0.521288,2.89807
Luxembourg,Charleville-Mézières,36,658,1.4432,-0.518387,2.19133
Luxembourg,Trier,36,659,1.87888,-0.521539,2.85878
Metz,Saint-Avold,37,38,3.07478,-0.51833,4.66853
Metz,Lausanne,37,44,2.52553,-0.517478,3.83244
Metz,Geneva,37,45,2.70656,-0.515406,4.10154
Metz,Brussels,37,326,3.52,-0.518637,5.34561
Metz,Reims,37,367,2.51467,-0.512377,3.80313
Metz,Saarbrücken,37,368,2.95386,-0.520217,4.4905
Saint-Avold,Strasbourg,38,39,2.3428,-0.519293,3.5594
Strasbourg,Mulhouse,39,40,2.96409,-0.520481,4.50685
Strasbourg,Appenweier,39,664,2.23931,-0.520921,3.40581
Mulhouse,Basel,40,41,2.83022,-0.519739,4.3012
Mulhouse,Belfort,40,398,2.11733,-0.518804,3.21581
Mulhouse,Chaumont,40,665,2.67301,-0.518652,4.05938
Basel,Olten,41,42,1.68575,-0.519091,2.56081
Basel,Offenburg,41,61,2.42869,-0.520631,3.69313
Basel,Zürich,41,399,1.97927,-0.519695,3.00788
Basel,Waldshut,41,666,2.33239,-0.519404,3.54384
Olten,Bern,42,43,1.67953,-0.514722,2.54402
Olten,Lucerne,42,62,1.05407,-0.517851,1.59992
Bern,Lausanne,43,44,1.37923,-0.516313,2.09134
Bern,Belfort,43,398,1.74207,-0.518453,2.64526
Bern,Martigny,43,506,0.950066,-0.514002,1.4384
Lausanne,Geneva,44,45,1.03898,-0.510753,1.56965
Lausanne,Martigny,44,506,0.81947,-0.513811,1.24052
Geneva,Mont Blanc,45,46,1.1584,-0.510737,1.75004
Geneva,Chambéry,45,447,1.27478,-0.508799,1.92338
Geneva,Mâcon,45,677,2.05627,-0.512614,3.11034
Mont Blanc,Aosta,46,47,0.670595,-0.508097,1.01132
Aosta,Ivrea,47,48,0.559142,-0.499483,0.838424
Aosta,Martigny,47,506,0.774382,-0.504795,1.16529
Ivrea,Vercelli,48,49,0.216098,-0.494408,0.322938
Ivrea,Turin,48,449,0.318532,-0.493698,0.47579
Vercelli,Alessandria,49,50,0.169608,-0.486207,0.252072
Alessandria,Genoa,50,51,0.200877,-0.477649,0.296826
Alessandria,Turin,50,449,0.21682,-0.48809,0.322648
Alessandria,Tortona,50,450,0.143547,-0.478939,0.212297
Alessandria,Asti,50,686,0.188454,-0.481514,0.279198
Genoa,Rome,51,74,0.366353,-0.465785,0.536995
Genoa,Tortona,51,450,0.216526,-0.471242,0.318561
Genoa,Nice,51,467,0.340045,-0.482179,0.504008
Amsterdam,Utrecht,52,53,1.36424,-0.521062,2.0751
Amsterdam,Amersfoort,52,309,0.793317,-0.520481,1.20622
Amsterdam,Brussels,52,326,3.33556,-0.519393,5.06802
Amsterdam,Groningen,52,624,1.4274,-0.521468,2.17174
Utrecht,Arnhem,53,54,1.04177,-0.522204,1.58579
Utrecht,Gouda,53,308,0.841886,-0.521733,1.28113
Utrecht,Amersfoort,53,309,0.784927,-0.521948,1.19462
Utrecht,Gorinchem,53,707,0.996595,-0.521603,1.51642
Arnhem,Emmerich,54,55,0.951461,-0.523097,1.44917
Emmerich,Oberhausen,55,56,1.85656,-0.523441,2.82836
Oberhausen,Cologne,56,57,3.20139,-0.523749,4.87812
Oberhausen,Dortmund,56,508,2.2485,-0.523471,3.42553
Oberhausen,Venlo,56,643,2.10406,-0.522562,3.20356
Cologne,Frankfurt am Main,57,58,3.74099,-0.524194,5.70199
Cologne,Aachen,57,329,3.27632,-0.524194,4.99375
Cologne,Olpe,57,330,2.31207,-0.524299,3.52429
Cologne,Bremen,57,507,3.38547,-0.523588,5.15806
Frankfurt am Main,Heidelberg,58,59,3.35764,-0.524258,5.11791
Frankfurt am Main,Gießen,58,332,2.38947,-0.524601,3.64298
Frankfurt am Main,Mannheim,58,369,3.86226,-0.524082,5.8864
Frankfurt am Main,Aschaffenburg,58,509,2.78996,-0.52385,4.25147
Frankfurt am Main,Wiesbaden,58,656,2.74486,-0.524619,4.18486
Heidelberg,Karlsruhe,59,60,2.82155,-0.523363,4.29824
Karlsruhe,Offenburg,60,61,2.398,-0.521503,3.64857
Karlsruhe,Stuttgart,60,510,3.34867,-0.521667,5.09555
Karlsruhe,Appenweier,60,664,2.56412,-0.522057,3.90274
Lucerne,Altdorf,62,63,0.776178,-0.518725,1.1788
Altdorf,Gotthard Pass,63,64,0.544115,-0.51904,0.826532
Altdorf,Zürich,63,399,1.02309,-0.518924,1.554
Gotthard Pass,Bellinzona,64,65,0.272177,-0.517981,0.41316
Bellinzona,Lugano,65,66,0.134938,-0.512653,0.204115
Bellinzona,San Bernardino,65,516,0.152281,-0.516022,0.230861
Lugano,Chiasso,66,67,0.0802787,-0.497598,0.120225
Chiasso,Como,67,68,0.105512,-0.480525,0.156213
Como,Milan,68,69,0.232148,-0.476473,0.34276
Milan,Piacenza,69,70,0.264631,-0.473026,0.389808
Milan,Turin,69,449,0.331323,-0.485058,0.492034
Milan,Tortona,69,450,0.189044,-0.475169,0.278873
Milan,Brescia,69,451,0.2334,-0.472301,0.343635
Milan,Gravellona Toce,69,680,0.25733,-0.479688,0.380768
Piacenza,Parma,70,71,0.188781,-0.46688,0.276919
Parma,Modena,71,72,0.289206,-0.463957,0.423386
Modena,Florence,72,73,0.329036,-0.459328,0.480172
Modena,Verona,72,94,0.389296,-0.463347,0.569675
Modena,Bologna,72,95,0.320729,-0.458615,0.46782
Florence,Rome,73,74,0.29621,-0.45928,0.432253
Rome,Pescara,74,125,0.288748,-0.457729,0.420916
Östersund,Mora,75,76,0.0224139,-0.344515,0.0301358
Östersund,Trondheim,75,493,0.026707,-0.344501,0.0359075
Östersund,Sundsvall,75,610,0.0278625,-0.343865,0.0374434
Mora,Säffle,76,77,0.0164207,-0.345059,0.0220868
Säffle,Gothenburg,77,78,0.0217596,-0.345488,0.0292773
Gothenburg,Halmstad,78,300,0.0208609,-0.345641,0.0280713
Gothenburg,Örebro,78,301,0.0225059,-0.345521,0.0302822
Gothenburg,Oslo,78,489,0.0191415,-0.345682,0.0257584
Hamburg,Hanover,79,80,2.0637,-0.522077,3.14111
Hamburg,Berlin,79,108,2.23228,-0.52115,3.39563
Hamburg,Bremen,79,507,2.59559,-0.52279,3.95254
Hamburg,Lübeck,79,517,1.1774,-0.521809,1.79178
Hanover,Göttingen,80,81,1.44332,-0.523022,2.19821
Hanover,Bad Oeynhausen,80,312,1.65676,-0.522988,2.52322
Hanover,Braunschweig,80,313,1.51762,-0.521519,2.30909
Göttingen,Kassel,81,82,1.31195,-0.523568,1.99885
Kassel,Fulda,82,83,1.77507,-0.523685,2.70465
Kassel,Dortmund,82,508,2.05786,-0.523753,3.13567
Fulda,Würzburg,83,84,2.57106,-0.523347,3.91662
Würzburg,Nuremberg,84,85,3.80818,-0.521941,5.79583
Würzburg,Aschaffenburg,84,509,3.38711,-0.523485,5.16021
Würzburg,Stuttgart,84,510,2.69613,-0.522954,4.10608
Würzburg,Ulm,84,512,1.72953,-0.521229,2.63101
Nuremberg,Munich,85,86,3.15215,-0.518079,4.78522
Nuremberg,Heilbronn,85,370,3.42219,-0.521978,5.2085
Nuremberg,Rozvadov,85,371,2.6477,-0.519384,4.02287
Nuremberg,Bayreuth,85,529,3.55962,-0.519903,5.41027
Nuremberg,Regensburg,85,667,2.51879,-0.519524,3.82736
Munich,Rosenheim,86,87,2.21505,-0.51498,3.35576
Munich,Salzburg,86,115,2.62084,-0.514199,3.96847
Munich,Ulm,86,512,2.26625,-0.517931,3.44001
Munich,Lindau,86,513,2.45719,-0.515805,3.72462
Munich,Deggendorf,86,531,2.45381,-0.516748,3.72182
Munich,Garmisch-Partenkirchen,86,718,2.15236,-0.515806,3.26256
Munich,Braunau am Inn,86,721,1.91355,-0.515401,2.8998
Rosenheim,Wörgl,87,88,1.46301,-0.514479,2.2157
Rosenheim,Bad Reichenhall,87,407,1.16341,-0.514024,1.76143
Wörgl,Innsbruck,88,89,1.37734,-0.513017,2.08395
Wörgl,St. Johann in Tirol,88,732,1.03609,-0.513402,1.56802
Innsbruck,Brenner,89,90,0.793922,-0.511019,1.19963
Innsbruck,Telfs,89,405,0.702012,-0.512573,1.06184
Innsbruck,Imst,89,406,0.717585,-0.512631,1.08544
Innsbruck,Seefeld,89,720,0.827241,-0.512578,1.25127
Brenner,Fortezza,90,91,0.473238,-0.507117,0.713225
Fortezza,Bolzano,91,92,0.302534,-0.498295,0.453285
Fortezza,Innichen,91,681,0.409638,-0.504325,0.616229
Bolzano,Trento,92,93,0.217142,-0.480754,0.321534
Trento,Verona,93,94,0.340534,-0.467384,0.499693
Verona,Mestre,94,120,0.477694,-0.465006,0.699824
Verona,Brescia,94,451,0.356967,-0.465818,0.523248
Bologna,Cesena,95,96,0.271506,-0.456312,0.395397
Cesena,Perugia,96,97,0.188018,-0.455165,0.273597
Cesena,Ravenna,96,121,0.286048,-0.459246,0.417415
Cesena,Rimini,96,122,0.19456,-0.454935,0.283072
Perugia,Fiano Romano,97,98,0.0771276,-0.453557,0.112109
Fiano Romano,Naples,98,99,0.036201,-0.45166,0.0525516
Naples,Salerno,99,100,0.0095922,-0.449863,0.0139074
Naples,Avellino,99,741,0.0142706,-0.448764,0.0206747
Salerno,Sicignano degli Alburni,100,101,0.0055211,-0.445779,0.0079823
Salerno,Avellino,100,741,0.00722637,-0.445827,0.0104481
Sicignano degli Alburni,Potenza,101,743,0.00291184,-0.443365,0.00420285
Messina,Catania,102,103,6.60041e-05,-0.48338,6.60041e-05
Messina,Palermo,102,474,6.60041e-05,-0.48338,6.60041e-05
Catania,Siracusa,103,104,6.60041e-05,-0.48338,6.60041e-05
Siracusa,Gela,104,105,6.60041e-05,-0.48338,6.60041e-05
Gela,Mazara del Vallo,105,473,6.60041e-05,-0.48338,6.60041e-05
Helsingborg,Copenhagen,299,106,0.00464746,-0.345627,0.00625374
Copenhagen,Malmö,106,135,0.00237869,-0.345474,0.00320046
Rostock,Berlin,107,108,1.6679,-0.520362,2.53582
Rostock,Lübeck,107,517,0.839927,-0.520986,1.27752
Rostock,Sassnitz,107,625,0.705062,-0.520389,1.07197
Berlin,Lübbenau,108,109,2.49273,-0.519949,3.78882
Berlin,Szczecin,108,137,1.97712,-0.520338,3.00588
Berlin,Świebodzin,108,139,2.37032,-0.520909,3.60504
Berlin,Magdeburg,108,314,2.50166,-0.520356,3.80341
Berlin,Leipzig,108,526,2.2012,-0.519901,3.3456
Berlin,Neubrandenburg,108,700,1.53809,-0.520338,2.33841
Lübbenau,Dresden,109,110,1.82927,-0.519378,2.77936
Lübbenau,Cottbus,109,644,1.36103,-0.519719,2.06838
Dresden,Ústí nad Labem,110,111,1.84992,-0.517726,2.80767
Dresden,Chemnitz,110,337,2.08252,-0.51895,3.16325
Dresden,Görlitz,110,338,1.33815,-0.519113,2.0328
Ústí nad Labem,Prague,111,112,2.0654,-0.515881,3.1309
Prague,Tábor,112,113,1.97799,-0.51355,2.99378
Prague,Mladá Boleslav,112,146,1.16275,-0.515456,1.7621
Prague,Jihlava,112,147,1.99521,-0.512993,3.01874
Prague,Plzeň,112,372,2.24717,-0.514958,3.40437
Prague,Karlovy Vary,112,523,1.39017,-0.515749,2.10715
Prague,Hradec Králové,112,551,1.50479,-0.514937,2.27967
Tábor,Linz,113,114,1.73967,-0.513004,2.63212
Linz,Salzburg,114,115,1.82633,-0.51232,2.762
Linz,Sattledt,114,408,0.740194,-0.512018,1.11919
Linz,Sankt Pölten,114,409,1.72424,-0.511204,2.60568
Linz,Wels,114,669,1.31537,-0.513008,1.99016
Salzburg,Villach,115,116,2.66825,-0.509044,4.02651
Salzburg,Bad Reichenhall,115,407,1.40334,-0.512417,2.12244
Salzburg,Sattledt,115,408,1.46541,-0.510114,2.21294
Salzburg,Lofer,115,733,1.67846,-0.51267,2.53896
Villach,Tarvisio,116,117,1.35326,-0.504979,2.03663
Villach,Karavanke Tunnel,116,537,1.15467,-0.503012,1.73549
Villach,Spittal an der Drau,116,682,1.33294,-0.505997,2.0074
Villach,Klagenfurt,116,683,1.41458,-0.504399,2.12809
Tarvisio,Udine,117,118,0.633121,-0.499695,0.949488
Udine,Palmanova,118,119,0.545718,-0.487584,0.811801
Palmanova,Mestre,119,120,0.587598,-0.475519,0.867012
Palmanova,Trieste,119,452,0.625264,-0.483138,0.927352
Mestre,Ravenna,120,121,0.364763,-0.465112,0.534419
Rimini,Fano,122,123,0.0960786,-0.452836,0.139586
Fano,Ancona,123,124,0.0846128,-0.451812,0.122842
Ancona,Pescara,124,125,0.149605,-0.453383,0.217434
Pescara,Canosa di Puglia,125,126,0.161831,-0.45298,0.235138
Canosa di Puglia,Bari,126,127,0.0518566,-0.449647,0.0751737
Canosa di Puglia,Benevento,126,742,0.0533721,-0.449903,0.0773844
Bari,Brindisi,127,128,0.0139123,-0.447777,0.0201419
Bari,Taranto,127,476,0.0131864,-0.447627,0.019089
Brindisi,Taranto,128,476,0.00322581,-0.444555,0.00465986
Igoumenitsa,Preveza,129,130,0.00738951,-0.408667,0.0104094
Igoumenitsa,Ioannina,129,477,0.0171174,-0.4108,0.0241493
Preveza,Rhion,130,131,0.0037013,-0.405617,0.00520261
Rhion,Patras,131,132,0.00133645,-0.401117,0.00187252
Rhion,Aigio,131,175,0.00133645,-0.401117,0.00187252
Patras,Pyrgos,132,133,0.000578292,-0.397527,0.000808179
Pyrgos,Kalamata,133,134,0.000279906,-0.3928,0.000389853
Kalamata,Tripoli,134,177,0.000201414,-0.389706,0.000279906
Malmö,Helsingborg,135,299,0.00639791,-0.345588,0.00860896
Malmö,Kalmar,135,626,0.00608832,-0.345445,0.0081915
Goleniów,Szczecin,136,137,0.842224,-0.52047,1.28058
Goleniów,Koszalin,136,637,0.363741,-0.521289,0.553355
Szczecin,Gorzów Wielkopolski,137,138,0.897888,-0.520739,1.36545
Gorzów Wielkopolski,Świebodzin,138,139,1.08042,-0.521492,1.64385
Świebodzin,Zielona Góra,139,140,1.42881,-0.521511,2.17396
Świebodzin,Poznań,139,315,2.27159,-0.522974,3.45957
Zielona Góra,Legnica,140,141,1.43296,-0.521602,2.1804
Legnica,Jelenia Góra,141,142,1.27928,-0.520304,1.94489
Legnica,Görlitz,141,338,1.41809,-0.519973,2.15545
Legnica,Wrocław,141,339,2.15845,-0.520456,3.28183
Legnica,Cottbus,141,644,1.41966,-0.520011,2.1579
Jelenia Góra,Harrachov,142,143,0.550552,-0.51977,0.836713
Harrachov,Železný Brod,143,144,0.394149,-0.518244,0.598414
Železný Brod,Turnov,144,145,0.646276,-0.516856,0.980307
Turnov,Mladá Boleslav,145,146,0.684409,-0.515931,1.03752
Turnov,Hradec Králové,145,551,0.966004,-0.515838,1.46431
Turnov,Teplice,145,715,0.836241,-0.516787,1.2684
Jihlava,Brno,147,148,1.00508,-0.511339,1.51902
Jihlava,Vienna,147,410,1.6176,-0.511127,2.4444
Brno,Bratislava,148,149,1.40616,-0.508927,2.12179
Brno,Trenčín,148,373,1.39757,-0.510794,2.11144
Brno,Vienna,148,410,1.60376,-0.508951,2.42
Brno,Olomouc,148,716,1.41524,-0.51225,2.1402
Bratislava,Rajka,149,150,1.50194,-0.507714,2.2645
Bratislava,Žilina,149,195,1.60566,-0.511157,2.42641
Bratislava,Győr,149,196,1.51206,-0.502947,2.27254
Bratislava,Vienna,149,410,2.09087,-0.504476,3.14567
Bratislava,Zvolen,149,568,2.11002,-0.509397,3.18485
Bratislava,Dunajská Streda,149,724,1.29007,-0.507842,1.94522
Rajka,Csorna,150,151,0.5948,-0.507404,0.896603
Csorna,Szombathely,151,152,0.291265,-0.504218,0.438127
Szombathely,Zalaegerszeg,152,153,0.281454,-0.496849,0.421294
Zalaegerszeg,Nagykanizsa,153,154,0.551323,-0.492897,0.823068
Nagykanizsa,Letenye,154,155,0.342525,-0.492088,0.511078
Nagykanizsa,Zagreb,154,156,0.74232,-0.490139,1.10616
Nagykanizsa,Balatonvilágos,154,553,1.09319,-0.493206,1.63236
Letenye,Zagreb,155,156,0.399795,-0.48847,0.595082
Zagreb,Karlovac,156,157,0.585518,-0.488141,0.871333
Zagreb,Ljubljana,156,454,0.570228,-0.489679,0.849457
Zagreb,Slavonski Brod,156,455,0.637885,-0.480836,0.944603
Zagreb,Maribor,156,535,0.692018,-0.493192,1.03331
Karlovac,Rijeka,157,158,0.258103,-0.486234,0.383601
Karlovac,Knin,157,554,0.207235,-0.486352,0.308024
Rijeka,Split,158,159,0.17358,-0.484069,0.257605
Rijeka,Trieste,158,452,0.442573,-0.485856,0.6576
Split,Dubrovnik,159,160,0.123006,-0.477593,0.181753
Split,Knin,159,554,0.122712,-0.48337,0.182027
Dubrovnik,Petrovac,160,161,0.0395663,-0.471142,0.0582077
Dubrovnik,Podgorica,160,162,0.0863953,-0.464473,0.126524
Petrovac,Podgorica,161,162,0.0562699,-0.458688,0.0820803
Petrovac,Prizren,161,744,0.0516167,-0.459072,0.0753125
Podgorica,Bijelo Polje,162,163,0.0864912,-0.459379,0.126223
Podgorica,Pristina,162,164,0.119269,-0.458135,0.17391
Podgorica,Sarajevo,162,737,0.14891,-0.459919,0.217397
Bijelo Polje,Pristina,163,164,0.120055,-0.458035,0.175044
Bijelo Polje,Nova Varoš,163,740,0.131549,-0.460896,0.192179
Pristina,Skopje,164,165,0.159887,-0.454806,0.232605
Pristina,Niš,164,202,0.31935,-0.460238,0.466327
Pristina,Prizren,164,744,0.0986018,-0.457443,0.143706
Skopje,Kičevo,165,166,0.107999,-0.451065,0.156714
Skopje,Kumanovo,165,203,0.156768,-0.454578,0.228031
Skopje,Veles,165,204,0.113536,-0.449215,0.164538
Kičevo,Ohrid,166,167,0.0443325,-0.448453,0.0642135
Ohrid,Bitola,167,168,0.020428,-0.441967,0.0294564
Bitola,Niki,168,169,0.0145804,-0.427412,0.0208122
Niki,Vevi,169,170,0.0211965,-0.416068,0.0300156
Vevi,Kozani,170,171,0.0454509,-0.413992,0.0642671
Kozani,Larissa,171,172,0.0307366,-0.41375,0.0434539
Kozani,Thessaloniki,171,207,0.10109,-0.416129,0.143156
Kozani,Ioannina,171,477,0.0373986,-0.413389,0.0528588
Larissa,Domokos,172,173,0.0136117,-0.412747,0.0192299
Larissa,Lamia,172,174,0.0136117,-0.412747,0.0192299
Larissa,Katerini,172,208,0.0391946,-0.414703,0.0554487
Larissa,Trikala,172,687,0.0193466,-0.412125,0.0273199
Domokos,Lamia,173,174,6.60041e-05,-0.48338,3.3002e-05
Aigio,Corinth,175,176,0.000578292,-0.397527,0.000808179
Corinth,Tripoli,176,177,0.000279906,-0.3928,0.000389853
Varangerbotn,Utsjoki,178,179,0.0658313,-0.494674,0.0983963
Varangerbotn,Kirkenes,178,243,0.174118,-0.521651,0.264946
Varangerbotn,Karasjok,178,502,0.0657626,-0.494762,0.0982995
Utsjoki,Inari,179,180,0.0258162,-0.493896,0.0385667
Inari,Ivalo,180,181,0.0113022,-0.485191,0.0167859
Ivalo,Sodankylä,181,182,0.00775556,-0.445525,0.0112109
Sodankylä,Rovaniemi,182,183,0.00771918,-0.395618,0.010773
Sodankylä,Kemijärvi,182,539,0.00508235,-0.410227,0.00716727
Rovaniemi,Kemi,183,184,0.0104144,-0.377009,0.0143407
Kemi,Oulu,184,185,0.0156838,-0.384729,0.0217178
Kemi,Tornio,184,614,0.0105523,-0.367729,0.0144327
Oulu,Jyväskylä,185,186,0.0162517,-0.409162,0.0229012
Oulu,Kokkola,185,615,0.0122513,-0.405201,0.0172155
Jyväskylä,Heinola,186,187,0.0230388,-0.445111,0.0332936
Jyväskylä,Kuopio,186,544,0.0160674,-0.419537,0.0228082
Jyväskylä,Tampere,186,545,0.0223516,-0.436799,0.0321148
Heinola,Lahti,187,188,0.0277325,-0.482902,0.0411246
Lahti,Helsinki,188,189,0.0592105,-0.504103,0.0890587
Helsinki,Hämeenlinna,189,618,0.0597277,-0.503804,0.0898187
Helsinki,Kotka,189,621,0.170479,-0.522248,0.259512
Gdańsk,Świecie,190,191,1.77279,-0.526926,2.70691
Gdańsk,Kaliningrad,190,563,1.37847,-0.529584,2.10848
Gdańsk,Elbląg,190,564,1.52147,-0.52731,2.32376
Gdańsk,Gdynia,190,639,1.08743,-0.527788,1.66136
Świecie,Łódź,191,192,1.24887,-0.525386,1.90501
Świecie,Poznań,191,315,1.66536,-0.525514,2.54053
Łódź,Piotrków Trybunalski,192,193,1.43093,-0.525228,2.18249
Piotrków Trybunalski,Katowice,193,194,1.68615,-0.523419,2.56872
Piotrków Trybunalski,Warsaw,193,316,2.47591,-0.526798,3.78022
Piotrków Trybunalski,Wrocław,193,339,1.70362,-0.523525,2.59551
Katowice,Žilina,194,195,1.36685,-0.51807,2.07498
Katowice,Zabrze,194,342,1.21284,-0.521162,1.84493
Katowice,Kraków,194,343,1.86282,-0.521386,2.83407
Katowice,Český Těšín,194,717,0.960764,-0.520093,1.46045
Žilina,Olomouc,195,716,0.813364,-0.514073,1.23149
Győr,Budapest,196,197,2.08486,-0.500847,3.12906
Győr,Vámosszabadi,196,726,0.953607,-0.503462,1.43371
Budapest,Szeged,197,198,2.11637,-0.490974,3.15545
Budapest,Mosonmagyaróvár,197,412,2.21102,-0.499407,3.31522
Budapest,Szolnok,197,413,2.11571,-0.493005,3.15876
Budapest,Miskolc,197,552,2.1958,-0.497297,3.28777
Budapest,Balatonvilágos,197,553,1.90005,-0.494073,2.83881
Budapest,Szekszárd,197,555,1.73153,-0.494481,2.58774
Budapest,Zvolen,197,568,2.04443,-0.500601,3.06788
Szeged,Subotica,198,199,1.23671,-0.489255,1.84177
Szeged,Arad,198,684,1.49251,-0.482968,2.21335
Subotica,Novi Sad,199,200,0.70088,-0.482378,1.03897
Subotica,Sombor,199,735,0.649563,-0.487435,0.966184
Novi Sad,Belgrade,200,201,0.665002,-0.47542,0.981157
Belgrade,Niš,201,202,0.548783,-0.467961,0.805592
Belgrade,Slavonski Brod,201,455,0.596012,-0.475831,0.879613
Belgrade,Vršac,201,456,0.538141,-0.471122,0.791671
Belgrade,Čačak,201,739,0.473147,-0.468733,0.694926
Niš,Kumanovo,202,203,0.229186,-0.461543,0.334966
Niš,Drobeta-Turnu Severin,202,458,0.530424,-0.466638,0.777941
Niš,Sofia,202,468,0.382129,-0.45179,0.554771
Kumanovo,Kyustendil,203,745,0.142748,-0.452651,0.207363
Veles,Gevgelija,204,205,0.0599804,-0.43952,0.086343
Gevgelija,Evzoni,205,206,0.0591504,-0.424655,0.0842689
Evzoni,Thessaloniki,206,207,0.108557,-0.418287,0.153966
Thessaloniki,Katerini,207,208,0.0733242,-0.416858,0.10389
Thessaloniki,Alexandroupoli,207,233,0.152426,-0.415269,0.215724
Thessaloniki,Serres,207,577,0.132276,-0.422985,0.188226
Klaipėda,Kaunas,209,210,2.05927,-0.53318,3.15723
Klaipėda,Palanga,209,704,1.2093,-0.534002,1.85507
Kaunas,Vilnius,210,211,2.28401,-0.532893,3.50114
Kaunas,Warsaw,210,316,4.36485,-0.530679,6.68119
Kaunas,Riga,210,547,3.0073,-0.532425,4.60846
Kaunas,Ukmergė,210,701,1.92086,-0.53294,2.94456
Vilnius,Lida,211,212,2.13756,-0.533267,3.27745
Vilnius,Minsk,211,318,4.31623,-0.531301,6.60945
Vilnius,Marijampolė,211,641,2.24504,-0.533491,3.44275
Vilnius,Ukmergė,211,701,2.24728,-0.533455,3.4461
Lida,Slonim,212,213,0.835342,-0.533167,1.28072
Slonim,Kobryn,213,214,0.423876,-0.529514,0.648324
Kobryn,Dubno,214,215,0.461307,-0.521668,0.701956
Dubno,Ternopil,215,216,0.980035,-0.517822,1.48752
Ternopil,Chernivtsi,216,217,1.09603,-0.515289,1.6608
Ternopil,Stryj,216,379,1.55152,-0.514545,2.34985
Ternopil,Khmelnytskyi,216,380,1.39987,-0.519753,2.12746
Chernivtsi,Siret,217,218,0.807878,-0.509772,1.21971
Siret,Suceava,218,219,1.34339,-0.505225,2.0221
Suceava,Roman,219,220,1.31386,-0.503129,1.97491
Suceava,Halmeu,219,578,2.02121,-0.502056,3.03598
Suceava,Iaşi,219,670,1.79419,-0.506709,2.70332
Roman,Urziceni,220,221,0.713488,-0.499259,1.0697
Urziceni,Bucharest,221,222,0.479771,-0.489024,0.71439
Urziceni,Slobozia,221,421,0.401798,-0.4959,0.60105
Bucharest,Giurgiu,222,223,0.236974,-0.47796,0.350238
Bucharest,Ploieşti,222,420,0.214601,-0.480709,0.317761
Bucharest,Constanţa,222,423,0.323391,-0.484646,0.480121
Bucharest,Alexandria,222,460,0.245229,-0.477018,0.362208
Bucharest,Piteşti,222,583,0.267477,-0.478192,0.395383
Giurgiu,Ruse,223,224,0.121143,-0.472603,0.178396
Ruse,Byala,224,225,0.0616413,-0.463269,0.0901978
Ruse,Razgrad,224,461,0.0575138,-0.464856,0.0842495
Byala,Veliko Tarnovo,225,226,0.0475884,-0.456917,0.0693323
Byala,Pleven,225,584,0.0462913,-0.453032,0.0672627
Veliko Tarnovo,Stara Zagora,226,227,0.0533701,-0.455135,0.0776607
Veliko Tarnovo,Shumen,226,462,0.0523369,-0.461594,0.0764953
Stara Zagora,Haskovo,227,228,0.0319822,-0.452162,0.0464434
Stara Zagora,Burgas,227,590,0.0477045,-0.461283,0.0697098
Haskovo,Svilengrad,228,229,0.014843,-0.442891,0.0214168
Svilengrad,Ormenio,229,230,0.0108513,-0.42648,0.0154792
Ormenio,Kastanies,230,231,0.0161154,-0.415129,0.0228054
Kastanies,Didymoteicho,231,232,0.0347595,-0.412915,0.0491123
Didymoteicho,Alexandroupoli,232,233,0.0821091,-0.413318,0.116046
Alexandroupoli,Gelibolu,233,478,0.102519,-0.413011,0.14486
Saint Petersburg,Pskov,234,235,4.1964,-0.528431,6.41391
Saint Petersburg,Moscow,234,239,7.77305,-0.523071,11.8389
Saint Petersburg,Petrozavodsk,234,245,2.66559,-0.525759,4.06705
Saint Petersburg,Narva,234,304,3.16778,-0.527759,4.83961
Saint Petersburg,Vyborg,234,623,2.66558,-0.525754,4.06701
Pskov,Gomel,235,236,5.57864,-0.530344,8.53724
Pskov,Riga,235,547,4.02802,-0.531178,6.16762
Gomel,Kiev,236,237,7.67848,-0.527003,11.7251
Gomel,Babruysk,236,703,4.66462,-0.530305,7.1383
Kiev,Odessa,237,238,5.48205,-0.521574,8.34134
Kiev,Hlukhiv,237,242,6.71418,-0.522075,10.2195
Kiev,Kharkiv,237,247,6.50879,-0.51996,9.8931
Kiev,Rivne,237,348,4.86825,-0.523843,7.41846
Kiev,Zhytomyr,237,349,3.87661,-0.523713,5.90684
Odessa,Izmail,238,586,1.81359,-0.520092,2.75682
Odessa,Chişinău,238,672,2.14627,-0.519809,3.26192
Odessa,Mykolaiv,238,673,2.11664,-0.521004,3.21942
Moscow,Kaluga,239,240,5.46068,-0.521185,8.3067
Moscow,Orel,239,246,5.81215,-0.519027,8.82882
Moscow,Voronezh,239,248,5.98937,-0.513354,9.06404
Moscow,Tambov,239,256,5.18367,-0.512667,7.84117
Moscow,Smolensk,239,319,6.01939,-0.52471,9.17783
Moscow,Ryazan,239,320,4.43742,-0.513514,6.7161
Moscow,Velikiye Luki,239,628,5.26456,-0.522035,8.01284
Moscow,Vladimir,239,629,4.53109,-0.512842,6.85482
Kaluga,Bryansk,240,241,3.02001,-0.52304,4.59959
Bryansk,Hlukhiv,241,242,3.73851,-0.523542,5.69578
Hlukhiv,Kursk,242,645,3.97389,-0.52218,6.04897
Kirkenes,Murmansk,243,244,0.384124,-0.526754,0.586463
Murmansk,Petrozavodsk,244,245,0.998809,-0.526676,1.52486
Orel,Kharkiv,246,247,4.38552,-0.519134,6.6622
Kharkiv,Luhansk,247,350,3.53362,-0.520028,5.3712
Voronezh,Novorossiysk,248,249,3.8158,-0.50596,5.74645
Voronezh,Kursk,248,645,3.80485,-0.518224,5.77662
Voronezh,Saratov,248,646,3.09758,-0.505752,4.66418
Novorossiysk,Dzhankoy,249,601,1.54347,-0.510518,2.33145
Novorossiysk,Sochi,249,602,1.49773,-0.510201,2.26188
Mineralnye Vody,Nalchik,250,251,0.192011,-0.501764,0.288355
Mineralnye Vody,Makhachkala,250,260,0.430498,-0.500745,0.646068
Mineralnye Vody,Armavir,250,387,0.22845,-0.504324,0.343662
Nalchik,Vladikavkaz,251,252,0.073408,-0.501517,0.110223
Vladikavkaz,Stepantsminda,252,253,0.0284358,-0.501054,0.0426836
Stepantsminda,Mtskheta,253,254,0.0119593,-0.499919,0.0179379
Mtskheta,Tbilisi,254,255,0.0074401,-0.498027,0.0111455
Tbilisi,Gori,255,428,0.00481186,-0.498496,0.00721055
Tbilisi,Rustavi,255,429,0.00696562,-0.497642,0.010432
Tambov,Povorino,256,257,2.35699,-0.514439,3.56952
Povorino,Volgograd,257,258,1.95537,-0.5144,2.96121
Volgograd,Astrakhan,258,259,2.06883,-0.5077,3.11917
Volgograd,Luhansk,258,350,2.30164,-0.517098,3.49181
Astrakhan,Makhachkala,259,260,1.32301,-0.500378,1.98501
Astrakhan,Atyrau,259,265,1.70867,-0.491806,2.549
Makhachkala,Kuba,260,261,0.424027,-0.500398,0.63621
Kuba,Baku,261,262,0.16199,-0.500282,0.243031
Baku,Yevlakh,262,431,0.0620354,-0.500176,0.093064
Samara,Oral,263,264,1.36957,-0.472682,2.01694
Samara,Penza,263,321,1.31188,-0.490676,1.95559
Samara,Ufa,263,322,0.982715,-0.467499,1.44213
Oral,Atyrau,264,265,1.4444,-0.467884,2.12021
Oral,Saratov,264,646,2.01152,-0.492022,3.00123
Oral,Aktobe,264,647,0.984271,-0.47168,1.44853
Atyrau,Beineu,265,266,0.690693,-0.478025,1.02086
Atyrau,Beyneu,265,351,0.690693,-0.478025,1.02086
Beineu,Shetpe,266,267,0.269549,-0.476725,0.398049
Shetpe,Zhetybai,267,268,0.105405,-0.475481,0.155522
Zhetybai,Fetisovo,268,269,0.0414964,-0.47401,0.0611661
Fetisovo,Bekdash,269,270,0.0169276,-0.470681,0.024895
Bekdash,Türkmenbaşy,270,271,0.0082937,-0.459501,0.0121047
Türkmenbaşy,Gyzylarbat,271,272,0.00728177,-0.439337,0.0104809
Gyzylarbat,Ashgabat,272,432,0.0126681,-0.431389,0.018133
Chelyabinsk,Kostanay,273,274,0.204798,-0.464202,0.299865
Chelyabinsk,Ufa,273,322,0.439931,-0.467208,0.64547
Chelyabinsk,Kurgan,273,323,0.225318,-0.462543,0.329537
Kostanay,Esil,274,275,0.087965,-0.460126,0.12844
Esil,Derzhavinsk,275,276,0.0520824,-0.44599,0.0753106
Derzhavinsk,Arkalyk,276,277,0.0626562,-0.426678,0.0893902
Arkalyk,Jezkazgan,277,278,0.126698,-0.417065,0.179539
Jezkazgan,Kyzylorda,278,279,0.194362,-0.410543,0.274156
Jezkazgan,Karaganda,278,286,0.186923,-0.417146,0.264896
Kyzylorda,Shymkent,279,280,0.179852,-0.410863,0.253747
Kyzylorda,Novokazalinsk,279,650,0.142958,-0.42068,0.203098
Shymkent,Tashkent,280,281,0.134709,-0.403843,0.18911
Shymkent,Zhambyl,280,359,0.10936,-0.40486,0.153635
Tashkent,Ayni,281,282,0.0474777,-0.400813,0.0665074
Tashkent,Jizzakh,281,358,0.0610985,-0.400497,0.0855682
Tashkent,Kokand,281,689,0.0501754,-0.400862,0.0702888
Ayni,Dushanbe,282,283,0.0361152,-0.394958,0.0503792
Ayni,Kokand,282,689,0.0180866,-0.395375,0.0252377
Dushanbe,Termez,283,440,0.0194648,-0.391616,0.0270875
Dushanbe,Jirgatal,283,441,0.0198864,-0.39177,0.0276774
Dushanbe,Kulob,283,692,0.0145546,-0.391719,0.0202559
Ishim,Astana,284,285,0.0941046,-0.437862,0.135309
Ishim,Omsk,284,291,0.0941046,-0.437862,0.135309
Ishim,Kurgan,284,323,0.154149,-0.454174,0.22416
Ishim,Tyumen,284,635,0.103646,-0.450903,0.15038
Astana,Karaganda,285,286,0.0972298,-0.425634,0.138614
Karaganda,Balkhash,286,287,0.107925,-0.415155,0.15273
Karaganda,Pavlodar,286,292,0.114813,-0.421336,0.163188
Balkhash,Burubaytal,287,288,0.0632991,-0.410597,0.0892896
Burubaytal,Almaty,288,289,0.0706544,-0.404235,0.0992153
Almaty,Bishkek,289,290,0.106154,-0.400567,0.148676
Almaty,Sary-Ozek,289,360,0.0513213,-0.401211,0.071912
Almaty,Kokpek,289,695,0.0421331,-0.401313,0.0590417
Bishkek,Zhambyl,290,359,0.095421,-0.401318,0.133715
Bishkek,Osh,290,691,0.0948328,-0.399029,0.132674
Omsk,Pavlodar,291,292,0.0713996,-0.429891,0.102094
Pavlodar,Semey,292,293,0.0591027,-0.424212,0.0841748
Semey,Georgiyevka,293,294,0.0245069,-0.423742,0.0348915
Georgiyevka,Ayagoz,294,364,0.0106802,-0.422163,0.015189
Narvik,Kiruna,295,296,0.00214826,-0.356871,0.00291491
Narvik,Setermoen,295,498,0.00137803,-0.407766,0.00193994
Kiruna,Töre,296,297,0.00445179,-0.344498,0.00598543
Töre,Luleå,297,298,0.0098226,-0.342981,0.0131916
Luleå,Umeå,298,612,0.0170187,-0.342721,0.0228514
Luleå,Haparanda,298,613,0.010967,-0.344903,0.0147495
Helsingborg,Halmstad,299,300,0.0140086,-0.345661,0.0188509
Helsingborg,Jönköping,299,605,0.00862764,-0.345585,0.0116092
Örebro,Stockholm,301,302,0.0269416,-0.345405,0.0362473
Örebro,Karlstad,301,620,0.0160958,-0.345574,0.0216581
Stockholm,Södertälje,302,608,0.0199003,-0.345202,0.02677
Stockholm,Uppsala,302,609,0.0235273,-0.344858,0.0316409
Tallinn,Narva,303,304,1.89687,-0.529993,2.9022
Tallinn,Riga,303,547,2.63662,-0.53105,4.03679
Colchester,Ipswich,305,306,6.60041e-05,-0.48338,6.60041e-05
Ipswich,Cambridge,306,636,6.60041e-05,-0.48338,6.60041e-05
The Hague,Gouda,307,308,0.382104,-0.52167,0.581436
Amersfoort,Oldenzaal,309,310,0.651485,-0.522077,0.99161
Amersfoort,Hoogeveen,309,698,0.608022,-0.522009,0.925415
Oldenzaal,Osnabrück,310,311,0.564346,-0.522988,0.859492
Osnabrück,Bad Oeynhausen,311,312,1.0675,-0.523415,1.62624
Bad Oeynhausen,Dortmund,312,508,1.84171,-0.523761,2.80632
Braunschweig,Magdeburg,313,314,1.40233,-0.520986,2.13293
Magdeburg,Halle,314,518,1.48235,-0.52024,2.25352
Poznań,Warsaw,315,316,2.85919,-0.526362,4.36416
Poznań,Wrocław,315,339,1.65367,-0.523931,2.52008
Warsaw,Elbląg,316,564,2.30461,-0.527724,3.52081
Warsaw,Radom,316,565,2.7133,-0.525954,4.14036
Warsaw,Lublin,316,713,3.23713,-0.526498,4.94147
Brest,Rennes,317,365,0.321996,-0.512987,0.487175
Brest,Lorient,317,388,0.175721,-0.512487,0.265775
Minsk,Smolensk,318,319,4.5204,-0.528279,6.90843
Minsk,Babruysk,318,703,4.12931,-0.530805,6.32117
Ryazan,Penza,320,321,1.90569,-0.508453,2.87465
Ufa,Yelabuga,322,632,0.484364,-0.47105,0.712523
Bruges,Ghent,324,325,1.61888,-0.517379,2.45646
Bruges,Zeebrugge,324,642,1.83506,-0.517763,2.78518
Ghent,Brussels,325,326,2.20824,-0.517704,3.35146
Brussels,Leuven,326,327,2.85049,-0.519671,4.33181
Leuven,Hasselt,327,708,1.89078,-0.521879,2.87754
Eupen,Aachen,328,329,2.30679,-0.523757,3.51499
Eupen,St. Vith,328,653,1.18152,-0.522919,1.79935
Aachen,Heerlen,329,709,1.81952,-0.52415,2.77321
Olpe,Wetzlar,330,331,2.16662,-0.524279,3.30254
Wetzlar,Gießen,331,332,2.16957,-0.524493,3.3075
Wetzlar,Dortmund,331,508,3.01812,-0.524262,4.60041
Wetzlar,Aschaffenburg,331,509,2.32513,-0.524145,3.54384
Wetzlar,Koblenz,331,660,2.27558,-0.524293,3.46865
Gießen,Bad Hersfeld,332,333,1.34993,-0.524701,2.05824
Bad Hersfeld,Eisenach,333,334,0.627137,-0.523913,0.955702
Eisenach,Erfurt,334,335,0.561476,-0.521411,0.854236
Erfurt,Gera,335,336,1.08133,-0.519897,1.64352
Gera,Chemnitz,336,337,1.60798,-0.519398,2.44316
Gera,Leipzig,336,526,1.62097,-0.51969,2.46338
Gera,Hirschberg,336,527,1.14083,-0.519591,1.73359
Chemnitz,Plauen,337,519,1.51561,-0.519347,2.30273
Wrocław,Opole,339,340,1.36069,-0.522112,2.07113
Wrocław,Kłodzko,339,548,1.38073,-0.522114,2.10162
Opole,Gliwice,340,341,0.647944,-0.521901,0.986106
Gliwice,Zabrze,341,342,0.61152,-0.521444,0.930394
Kraków,Rzeszów,343,344,0.878839,-0.521426,1.33709
Kraków,Radom,343,565,1.08435,-0.524326,1.65291
Kraków,Trstená,343,566,1.0936,-0.519403,1.66162
Rzeszów,Jarosław,344,345,0.848368,-0.522456,1.2916
Rzeszów,Radom,344,565,0.940557,-0.524971,1.43432
Rzeszów,Barwinek,344,710,0.664728,-0.522473,1.01203
Jarosław,Korczowa,345,346,0.916959,-0.52097,1.39467
Korczowa,Lviv,346,347,1.94097,-0.519863,2.95
Lviv,Rivne,347,348,2.64689,-0.521858,4.02819
Lviv,Mukachevo,347,378,3.40678,-0.515177,5.16187
Lviv,Lublin,347,713,1.97146,-0.522227,3.00101
Rivne,Zhytomyr,348,349,1.67581,-0.524238,2.55433
Rivne,Kovel,348,714,1.65472,-0.52436,2.5224
Zhytomyr,Vinnytsia,349,381,2.80077,-0.524537,4.26988
Beyneu,Qo‘ng‘irot,351,352,0.272023,-0.476321,0.401594
Qo‘ng‘irot,Nukus,352,353,0.112494,-0.472978,0.165701
Nukus,Daşoguz,353,354,0.0593792,-0.463734,0.0869154
Daşoguz,Bukhara,354,355,0.022027,-0.435675,0.0316236
Daşoguz,Ashgabat,354,432,0.0248628,-0.43748,0.0357398
Daşoguz,Uchkuduk,354,688,0.0164045,-0.449413,0.0237768
Bukhara,Navoiy,355,356,0.0189756,-0.41044,0.0267639
Bukhara,Alat,355,436,0.0152607,-0.414,0.0215787
Bukhara,Karshi,355,437,0.0155031,-0.413183,0.0219087
Bukhara,Uchkuduk,355,688,0.0108653,-0.42025,0.0154315
Navoiy,Samarkand,356,357,0.01668,-0.401842,0.0233827
Samarkand,Jizzakh,357,358,0.0277899,-0.399401,0.0388892
Sary-Ozek,Taldykorgan,360,361,0.0245128,-0.400709,0.0343353
Sary-Ozek,Koktal,360,697,0.0231252,-0.400573,0.0323885
Taldykorgan,Ucharal,361,362,0.0108687,-0.401475,0.0152322
Ucharal,Taskesken,362,363,0.00595159,-0.406338,0.00836994
Taskesken,Ayagoz,363,364,0.0058712,-0.416392,0.00831591
Rennes,Le Mans,365,366,0.79863,-0.513199,1.20849
Le Mans,Angers,366,391,0.651439,-0.513244,0.985786
Le Mans,Tours,366,392,0.757213,-0.512221,1.14507
Le Mans,Rouen,366,662,1.25414,-0.515101,1.90015
Reims,Charleroi,367,651,1.7572,-0.517256,2.66612
Reims,Charleville-Mézières,367,658,1.60927,-0.518192,2.44318
Reims,Rouen,367,662,1.81272,-0.515435,2.74707
Saarbrücken,Mannheim,368,369,3.16039,-0.52347,4.81475
Saarbrücken,Trier,368,659,1.62761,-0.522244,2.47762
Mannheim,Heilbronn,369,370,2.95561,-0.523241,4.50211
Rozvadov,Plzeň,371,372,2.34552,-0.517886,3.56023
Plzeň,Karlovy Vary,372,523,1.62452,-0.517285,2.46486
Plzeň,České Budějovice,372,524,1.87011,-0.515779,2.83467
Plzeň,Bayerisch Eisenstein,372,530,1.9218,-0.516864,2.91511
Trenčín,Prešov,373,374,1.21224,-0.510745,1.83139
Prešov,Košice,374,375,1.87025,-0.509463,2.82307
Prešov,Svidník,374,712,0.921443,-0.51105,1.39235
Košice,Vyšné Nemecké,375,376,0.941413,-0.508688,1.4203
Košice,Uzhhorod,375,377,1.83757,-0.510373,2.77541
Košice,Miskolc,375,552,1.65874,-0.505097,2.49656
Košice,Zvolen,375,568,1.75757,-0.507282,2.64916
Vyšné Nemecké,Uzhhorod,376,377,0.896153,-0.512143,1.35511
Uzhhorod,Mukachevo,377,378,2.9898,-0.513558,4.52524
Uzhhorod,Chop,377,723,1.48923,-0.510421,2.24937
Mukachevo,Stryj,378,379,2.18598,-0.511524,3.30415
Mukachevo,Halmeu,378,578,2.59671,-0.506336,3.91151
Khmelnytskyi,Vinnytsia,380,381,1.74119,-0.523219,2.65221
Vinnytsia,Uman,381,382,1.69902,-0.523904,2.58915
Vinnytsia,Mohyliv-Podilskyi,381,728,1.56812,-0.523403,2.38888
Uman,Kirovohrad,382,383,1.27375,-0.522325,1.93906
Kirovohrad,Dnipropetrovsk,383,384,0.88021,-0.520979,1.33878
Kirovohrad,Chişinău,383,672,1.75155,-0.519881,2.66215
Dnipropetrovsk,Donetsk,384,385,0.367292,-0.520408,0.558434
Donetsk,Rostov-on-Don,385,386,0.236658,-0.51794,0.359232
Rostov-on-Don,Armavir,386,387,0.196169,-0.511754,0.296559
Rostov-on-Don,Taganrog,386,675,0.21226,-0.51734,0.322071
Lorient,Vannes,388,389,0.209555,-0.511992,0.316845
Vannes,Nantes,389,390,0.457969,-0.511983,0.692442
Nantes,Angers,390,391,0.638207,-0.511938,0.964929
Nantes,Poitiers,390,676,0.895802,-0.511483,1.35399
Angers,Tours,391,392,0.493085,-0.509164,0.744146
Tours,Vierzon,392,503,0.642276,-0.508066,0.968594
Montargis,Auxerre,393,394,1.18379,-0.511467,1.78925
Auxerre,Beaune,394,395,2.2322,-0.512761,3.37679
Beaune,Dole,395,396,2.28357,-0.514941,3.45947
Beaune,Antwerp,395,505,3.92119,-0.516019,5.9446
Dole,Besançon,396,397,1.21516,-0.516271,1.84251
Besançon,Belfort,397,398,1.40145,-0.51816,2.12762
Zürich,Winterthur,399,400,1.37807,-0.51877,2.09297
Winterthur,St. Gallen,400,401,0.981109,-0.518701,1.49001
Winterthur,Schaffhausen,400,511,1.3472,-0.520646,2.04862
St. Gallen,St. Margrethen,401,402,0.892051,-0.516992,1.35323
St. Margrethen,Bregenz,402,403,1.46054,-0.515781,2.21386
St. Margrethen,Buchs,402,514,0.681472,-0.516094,1.03318
Bregenz,Feldkirch,403,748,1.40032,-0.515149,2.12169
Bregenz,Lindau,403,513,2.20721,-0.515851,3.3458
Feldkirch,Landeck,748,404,0.634814,-0.513837,0.961004
Feldkirch,Imst,748,406,0.662197,-0.513757,1.00241
Landeck,Telfs,404,405,0.441796,-0.512943,0.668413
Sattledt,Liezen,408,532,0.929241,-0.510387,1.40351
Sattledt,Wels,408,669,0.994938,-0.512808,1.50515
Sankt Pölten,Vienna,409,410,1.9282,-0.509011,2.90967
Vienna,Nickelsdorf,410,411,2.09545,-0.506735,3.15728
Vienna,Halámky,410,525,2.03722,-0.509117,3.0744
Vienna,Graz,410,534,2.57101,-0.506212,3.87249
Nickelsdorf,Mosonmagyaróvár,411,412,1.43248,-0.503146,2.15323
Szolnok,Püspökladány,413,414,1.51402,-0.489932,2.25579
Püspökladány,Oradea,414,415,1.89551,-0.488626,2.8217
Püspökladány,Nyíregyháza,414,722,1.19311,-0.493188,1.78154
Oradea,Cluj-Napoca,415,416,0.884972,-0.483648,1.31299
Oradea,Berettyóújfalu,415,570,1.30194,-0.488557,1.93802
Oradea,Beiuş,415,571,0.841013,-0.484756,1.2487
Oradea,Satu Mare,415,579,1.38881,-0.489268,2.0683
Oradea,Arad,415,684,1.41269,-0.482749,2.09466
Cluj-Napoca,Turda,416,417,0.557426,-0.483755,0.827084
Cluj-Napoca,Zalău,416,580,0.546312,-0.48743,0.812601
Turda,Târgu Mureş,417,418,0.24228,-0.480736,0.358752
Turda,Sebeş,417,581,0.250263,-0.480461,0.370504
Târgu Mureş,Braşov,418,419,0.169708,-0.477952,0.25082
Braşov,Ploieşti,419,420,0.144067,-0.477714,0.21289
Braşov,Sibiu,419,582,0.199775,-0.477045,0.295076
Braşov,Piteşti,419,583,0.118466,-0.474354,0.174661
Slobozia,Hârşova,421,422,0.278948,-0.496991,0.417583
Slobozia,Galaţi,421,588,0.487192,-0.504317,0.732892
Hârşova,Constanţa,422,423,0.279078,-0.490819,0.416055
Constanţa,Varna,423,463,0.221983,-0.480753,0.328702
Constanţa,Tulcea,423,589,0.281871,-0.495544,0.42155
Senaki,Samtredia,424,425,0.0301893,-0.518082,0.0458299
Senaki,Zugdidi,424,604,0.0801142,-0.517463,0.12157
Samtredia,Kutaisi,425,426,0.0115456,-0.518233,0.0175289
Kutaisi,Khashuri,426,427,0.00486848,-0.515765,0.00737947
Khashuri,Gori,427,428,0.00321334,-0.506274,0.00484017
Rustavi,Ganja,429,430,0.0103742,-0.499074,0.0155516
Ganja,Yevlakh,430,431,0.0241376,-0.499931,0.0362048
Ashgabat,Tejen,432,433,0.0122795,-0.427917,0.0175342
Tejen,Mary,433,434,0.00595452,-0.418618,0.00844719
Mary,Türkmenabat,434,435,0.00461484,-0.409262,0.00650352
Türkmenabat,Alat,435,436,0.00705251,-0.409112,0.00993778
Karshi,Guzar,437,438,0.0076642,-0.404889,0.0107673
Guzar,Sherobod,438,439,0.00603158,-0.395044,0.00841432
Sherobod,Termez,439,440,0.00916444,-0.391048,0.0127482
Jirgatal,Sary Tash,441,442,0.018348,-0.392862,0.0255562
Jirgatal,Khorugh,441,694,0.0110549,-0.390907,0.0153764
Sary Tash,Irkeshtam,442,443,0.0243688,-0.395488,0.0340064
Irkeshtam,Osh,443,691,0.0496648,-0.397147,0.069389
A Coruña,Bilbao,444,445,0.078893,-0.48918,0.117486
A Coruña,Pontevedra,444,481,0.03289,-0.484156,0.0488139
Clermont-Ferrand,Montluçon,446,504,0.736078,-0.504723,1.10759
Chambéry,Susa,447,448,0.799865,-0.506057,1.20464
Chambéry,Marseille,447,736,0.610276,-0.507045,0.919714
Susa,Turin,448,449,0.493571,-0.499267,0.739994
Tortona,Brescia,450,451,0.162277,-0.468375,0.238284
Trieste,Postojna,452,453,0.236867,-0.485952,0.351973
Trieste,Ljubljana,452,454,0.476776,-0.490619,0.710691
Postojna,Ljubljana,453,454,0.340055,-0.493696,0.507939
Ljubljana,Maribor,454,535,0.609311,-0.497628,0.912521
Ljubljana,Naklo,454,538,0.884899,-0.49731,1.32497
Vršac,Timişoara,456,457,0.544535,-0.471986,0.801548
Timişoara,Drobeta-Turnu Severin,457,458,0.607898,-0.471275,0.894385
Timişoara,Arad,457,684,1.02295,-0.476689,1.51058
Drobeta-Turnu Severin,Craiova,458,459,0.57328,-0.468173,0.841674
Craiova,Alexandria,459,460,0.241911,-0.470799,0.355802
Craiova,Târgu Jiu,459,574,0.337222,-0.468833,0.495323
Craiova,Piteşti,459,583,0.314334,-0.469952,0.462056
Razgrad,Shumen,461,462,0.0508218,-0.463082,0.0743565
Shumen,Varna,462,463,0.0847724,-0.470131,0.124627
Varna,Burgas,463,590,0.0833711,-0.470247,0.122576
Lisbon,Valladolid,464,465,0.0540386,-0.475062,0.0797103
Lisbon,Porto,464,483,0.0468232,-0.467958,0.0687345
Lisbon,Albufeira,464,484,0.0452722,-0.465925,0.0663656
Toulouse,Nice,466,467,0.666662,-0.494101,0.996061
Nice,Cuneo,467,685,0.265439,-0.487261,0.394778
Sofia,Plovdiv,468,469,0.206321,-0.446857,0.298517
Sofia,Botevgrad,468,575,0.207134,-0.446902,0.299702
Sofia,Blagoevgrad,468,576,0.22062,-0.444561,0.318699
Sofia,Kyustendil,468,745,0.159663,-0.449572,0.231443
Plovdiv,Istanbul,469,470,0.0854231,-0.445416,0.123472
Istanbul,İzmit,470,471,0.0406231,-0.443743,0.0586492
İzmit,Gerede,471,472,0.0137675,-0.441684,0.0198483
İzmit,Bursa,471,479,0.013734,-0.44076,0.0197874
Gerede,Kızılcahamam,472,599,0.00636933,-0.440054,0.00917218
Mazara del Vallo,Palermo,473,474,6.60041e-05,-0.48338,6.60041e-05
Metaponto,Taranto,475,476,0.00541054,-0.444368,0.0078148
Metaponto,Potenza,475,743,0.0028846,-0.442552,0.00416119
Ioannina,Trikala,477,687,0.0154062,-0.411345,0.0217435
Gelibolu,Keşan,478,596,0.0487607,-0.412042,0.0688522
Gelibolu,Ayvalık,478,597,0.0487656,-0.412031,0.0688585
Bursa,Ankara,479,480,0.00679438,-0.437714,0.00976838
Bursa,Balıkesir,479,746,0.00779285,-0.433337,0.0111698
Ankara,Kızılcahamam,480,599,0.00457689,-0.438062,0.00658186
Pontevedra,Valença,481,482,0.0187348,-0.474268,0.0276201
Valença,Porto,482,483,0.0223502,-0.46661,0.032779
Albufeira,Castro Marim,484,485,0.0227065,-0.460359,0.0331596
Castro Marim,Huelva,485,486,0.0210471,-0.459394,0.030716
Cherbourg-Octeville,La Rochelle,487,488,0.171783,-0.513159,0.259936
Cherbourg-Octeville,Caen,487,661,0.3828,-0.515539,0.580148
La Rochelle,Saintes,488,730,0.137072,-0.506657,0.20652
Oslo,Hamar,489,490,0.0123708,-0.345763,0.0166482
Oslo,Askim,489,619,0.012883,-0.345699,0.0173366
Hamar,Lillehammer,490,491,0.0078232,-0.345658,0.0105273
Lillehammer,Dombås,491,492,0.00868384,-0.345259,0.011682
Dombås,Trondheim,492,493,0.0155408,-0.344875,0.0209005
Trondheim,Stjørdal,493,494,0.0151984,-0.344746,0.0204379
Stjørdal,Steinkjer,494,495,0.00764454,-0.344574,0.0102786
Steinkjer,Mosjøen,495,496,0.00535894,-0.343725,0.00720094
Mosjøen,Mo i Rana,496,497,0.00675734,-0.342764,0.0090735
Mo i Rana,Umeå,497,612,0.0127881,-0.342567,0.0171688
Setermoen,Alta,498,499,0.00173162,-0.485006,0.00257147
Alta,Olderfjord,499,500,0.00376491,-0.508023,0.00567758
Olderfjord,Lakselv,500,501,0.00962353,-0.503175,0.0144658
Lakselv,Karasjok,501,502,0.0251668,-0.497731,0.0376931
Vierzon,Montluçon,503,504,0.457602,-0.506062,0.689177
Antwerp,Zeebrugge,505,642,2.68242,-0.517888,4.07161
Martigny,Sion,506,678,0.607556,-0.50942,0.917058
Bremen,Groningen,507,624,2.31053,-0.523001,3.51895
Stuttgart,Schaffhausen,510,511,2.07538,-0.521779,3.15828
Stuttgart,Ulm,510,512,1.81852,-0.520506,2.76508
Ulm,Lindau,512,513,1.55148,-0.518776,2.35635
Lindau,Waldshut,513,666,2.11868,-0.517971,3.21609
Buchs,Chur,514,515,0.270797,-0.515937,0.410511
Chur,San Bernardino,515,516,0.139551,-0.515853,0.211539
Halle,Plauen,518,519,1.41027,-0.519764,2.14328
Plauen,Schönberg,519,520,1.15141,-0.519499,1.74956
Plauen,Hof,519,528,1.53113,-0.519615,2.32673
Schönberg,Vojtanov,520,521,0.694917,-0.519272,1.05577
Vojtanov,Cheb,521,522,0.960129,-0.518868,1.45831
Cheb,Karlovy Vary,522,523,1.58031,-0.517948,2.39882
Cheb,Marktredwitz,522,663,1.27218,-0.519203,1.9327
Karlovy Vary,Teplice,523,715,0.970334,-0.517062,1.47206
České Budějovice,Halámky,524,525,1.29167,-0.512508,1.95366
Hirschberg,Hof,527,528,1.18532,-0.519586,1.8012
Hof,Bayreuth,528,529,1.93542,-0.519664,2.94119
Bayreuth,Marktredwitz,529,663,1.74772,-0.519751,2.6561
Bayerisch Eisenstein,Deggendorf,530,531,1.44222,-0.516976,2.18781
Liezen,Sankt Michael,532,533,0.742136,-0.507523,1.11879
Sankt Michael,Graz,533,534,1.30833,-0.505226,1.96934
Graz,Maribor,534,535,1.08644,-0.502331,1.6322
Graz,Spielfeld,534,536,0.839091,-0.504462,1.26238
Graz,Klagenfurt,534,683,1.5323,-0.50272,2.30261
Maribor,Spielfeld,535,536,0.357038,-0.498732,0.535105
Karavanke Tunnel,Naklo,537,538,0.790339,-0.50149,1.18669
Naklo,Loiblpass,538,734,0.747885,-0.500655,1.12232
Kemijärvi,Posio,539,540,0.00232393,-0.396995,0.00324652
Posio,Kuusamo,540,541,0.00141069,-0.385503,0.00195451
Kuusamo,Kajaani,541,542,0.0015851,-0.386851,0.00219829
Kajaani,Iisalmi,542,543,0.00298589,-0.397701,0.00417339
Iisalmi,Kuopio,543,544,0.00676168,-0.408914,0.00952662
Tampere,Turku,545,546,0.011766,-0.450228,0.0170634
Tampere,Vaasa,545,616,0.0129748,-0.439204,0.0186735
Tampere,Hämeenlinna,545,618,0.0328102,-0.481629,0.0486126
Turku,Pori,546,617,0.00642694,-0.43388,0.00921547
Riga,Šiauliai,547,561,2.75795,-0.53318,4.22844
Riga,Rēzekne,547,627,2.8909,-0.531451,4.42728
Kłodzko,Kudowa-Zdrój,548,549,0.624234,-0.520978,0.949447
Kudowa-Zdrój,Náchod,549,550,0.518167,-0.517939,0.786547
Náchod,Hradec Králové,550,551,0.948859,-0.51579,1.43827
Hradec Králové,Olomouc,551,716,1.29709,-0.5143,1.96418
Miskolc,Debrecen,552,569,1.28919,-0.49959,1.93325
Szekszárd,Mohács,555,556,0.729041,-0.49426,1.08938
Mohács,Osijek,556,557,0.447225,-0.492881,0.667653
Osijek,Đakovo,557,558,0.261662,-0.490966,0.39013
Osijek,Sombor,557,735,0.424122,-0.489582,0.631764
Đakovo,Šamac,558,559,0.112141,-0.487827,0.166846
Šamac,Zenica,559,560,0.0720306,-0.476022,0.106319
Zenica,Sarajevo,560,737,0.100496,-0.463963,0.147123
Šiauliai,Tolpaki,561,562,2.14496,-0.534277,3.29097
Šiauliai,Palanga,561,704,1.65087,-0.533918,2.53231
Šiauliai,Panevėžys,561,705,1.70839,-0.533926,2.62054
Tolpaki,Kaliningrad,562,563,1.33689,-0.532917,2.04934
Tolpaki,Nesterov,562,640,1.2669,-0.534447,1.94399
Trstená,Ružomberok,566,567,0.86343,-0.512686,1.3061
Ružomberok,Zvolen,567,568,1.5186,-0.507556,2.28937
Debrecen,Berettyóújfalu,569,570,0.867079,-0.494173,1.29557
Beiuş,Deva,571,572,0.543257,-0.480474,0.804278
Deva,Petroşani,572,573,0.419717,-0.47413,0.618717
Deva,Sibiu,572,582,0.543694,-0.474566,0.801713
Deva,Arad,572,684,0.76309,-0.477038,1.12711
Petroşani,Târgu Jiu,573,574,0.257273,-0.471083,0.37847
Botevgrad,Jablanica,575,585,0.0876312,-0.445884,0.126705
Blagoevgrad,Serres,576,577,0.122928,-0.435375,0.176448
Halmeu,Satu Mare,578,579,1.79614,-0.495873,2.68679
Satu Mare,Zalău,579,580,0.743487,-0.491175,1.10867
Sebeş,Sibiu,581,582,0.248206,-0.476232,0.36641
Sibiu,Piteşti,582,583,0.259694,-0.472788,0.382474
Pleven,Jablanica,584,585,0.0462752,-0.447021,0.0669612
Izmail,Reni,586,587,0.809196,-0.5184,1.22868
Reni,Galaţi,587,588,0.643781,-0.513472,0.974344
Galaţi,Tulcea,588,589,0.374684,-0.505941,0.564252
Galaţi,Giurgiuleşti,588,729,0.773328,-0.514084,1.17088
Burgas,Malko Tarnovo,590,591,0.0400379,-0.462635,0.0585608
Malko Tarnovo,Dereköy,591,592,0.0163919,-0.457392,0.0238895
Dereköy,Kırklareli,592,593,0.00774104,-0.446616,0.0111983
Kırklareli,Babaeski,593,594,0.00600469,-0.427355,0.00857082
Babaeski,Havsa,594,595,0.00940061,-0.414766,0.0132997
Havsa,Keşan,595,596,0.0205946,-0.412051,0.0290807
Ayvalık,İzmir,597,598,0.0206088,-0.411926,0.0290981
İzmir,Manisa,598,747,0.00943066,-0.413749,0.0133326
Kherson,Dzhankoy,600,601,1.02884,-0.515903,1.55962
Kherson,Mykolaiv,600,673,1.19588,-0.520516,1.81836
Kherson,Melitopol,600,674,0.653338,-0.519706,0.992882
Sochi,Sukhumi,602,603,0.565666,-0.512096,0.855341
Sukhumi,Zugdidi,603,604,0.212951,-0.516263,0.32289
Jönköping,Linköping,605,606,0.00637764,-0.345483,0.008581
Linköping,Norrköping,606,607,0.00853436,-0.345403,0.0114821
Norrköping,Södertälje,607,608,0.0132606,-0.345277,0.0178392
Norrköping,Kalmar,607,626,0.00850249,-0.3454,0.0114392
Uppsala,Sundsvall,609,610,0.0242113,-0.344219,0.0325454
Sundsvall,Örnsköldsvik,610,611,0.022377,-0.343628,0.0300663
Örnsköldsvik,Umeå,611,612,0.0179578,-0.342985,0.0241171
Haparanda,Tornio,613,614,0.0079492,-0.353552,0.0107597
Kokkola,Vaasa,615,616,0.0101737,-0.412251,0.0143679
Vaasa,Pori,616,617,0.0066649,-0.424661,0.00949523
Askim,Karlstad,619,620,0.0107674,-0.345673,0.0144894
Kotka,Vaalimaa,621,622,0.382905,-0.52643,0.584477
Vaalimaa,Vyborg,622,623,0.998475,-0.526569,1.52424
Groningen,Hoogeveen,624,698,0.83785,-0.522464,1.2756
Sassnitz,Stralsund,625,699,0.446597,-0.520195,0.678915
Rēzekne,Velikiye Luki,627,628,3.12234,-0.526273,4.76555
Rēzekne,Daugavpils,627,702,1.94773,-0.530925,2.98183
Vladimir,Nizhny Novgorod,629,630,1.73964,-0.512715,2.63157
Nizhny Novgorod,Kazan,630,631,0.732062,-0.509056,1.10472
Kazan,Yelabuga,631,632,0.469808,-0.494603,0.702176
Yelabuga,Perm,632,633,0.289168,-0.481287,0.42834
Perm,Yekaterinburg,633,634,0.124177,-0.47743,0.183463
Yekaterinburg,Tyumen,634,635,0.0777581,-0.464947,0.113911
Koszalin,Słupsk,637,638,0.264487,-0.52441,0.403187
Słupsk,Gdynia,638,639,0.442632,-0.527128,0.675956
Nesterov,Marijampolė,640,641,1.14445,-0.534335,1.75597
Aktobe,Karabutak,647,648,0.393467,-0.469122,0.57805
Karabutak,Aral,648,649,0.171829,-0.462302,0.251266
Aral,Novokazalinsk,649,650,0.109066,-0.443104,0.157394
Charleroi,Namur,651,652,1.2615,-0.519104,1.91634
St. Vith,Wittlich,653,654,1.25321,-0.522495,1.90801
Wittlich,Bingen,654,655,0.791697,-0.5239,1.20647
Bingen,Wiesbaden,655,656,1.15972,-0.524746,1.76828
Amiens,Charleville-Mézières,657,658,1.44357,-0.517564,2.19071
Trier,Koblenz,659,660,1.70017,-0.523367,2.58998
Caen,Rouen,661,662,0.988513,-0.51574,1.49833
Regensburg,Passau,667,668,1.23155,-0.518468,1.87007
Passau,Wels,668,669,1.22135,-0.515625,1.8511
Wels,Braunau am Inn,669,721,1.40966,-0.513928,2.13413
Iaşi,Sculeni,670,671,1.27373,-0.512358,1.92633
Iaşi,Bălţi,670,727,1.08465,-0.512024,1.64002
Sculeni,Chişinău,671,672,1.50886,-0.517107,2.2891
Chişinău,Giurgiuleşti,672,729,1.20227,-0.518019,1.82508
Melitopol,Taganrog,674,675,0.284838,-0.519457,0.432799
Poitiers,Mâcon,676,677,1.67859,-0.510745,2.53593
Sion,Simplon,678,679,0.259235,-0.505759,0.390346
Simplon,Gravellona Toce,679,680,0.173135,-0.491801,0.258283
Innichen,Spittal an der Drau,681,682,0.57873,-0.505516,0.871287
Klagenfurt,Loiblpass,683,734,0.878513,-0.502529,1.31999
Cuneo,Asti,685,686,0.152982,-0.483487,0.226947
Kokand,Andijan,689,690,0.0395977,-0.397251,0.055328
Andijan,Osh,690,691,0.0519487,-0.39667,0.0725552
Kulob,Kalaikhumb,692,693,0.00765654,-0.390112,0.0106435
Kalaikhumb,Khorugh,693,694,0.00673229,-0.38968,0.00935573
Kokpek,Chundzha,695,696,0.020615,-0.400707,0.0288756
Chundzha,Koktal,696,697,0.0156181,-0.400306,0.0218701
Stralsund,Neubrandenburg,699,700,0.652768,-0.520206,0.992342
Ukmergė,Daugavpils,701,702,1.91361,-0.533144,2.93385
Ukmergė,Panevėžys,701,705,1.75817,-0.534081,2.69718
Breda,Gorinchem,706,707,0.821756,-0.521183,1.25004
Hasselt,Heerlen,708,709,1.21785,-0.523301,1.85515
Barwinek,Vyšný Komárnik,710,711,0.357814,-0.519334,0.543639
Vyšný Komárnik,Svidník,711,712,0.422551,-0.513731,0.639628
Lublin,Kovel,713,714,1.57406,-0.524936,2.40034
Olomouc,Český Těšín,716,717,0.831126,-0.516,1.25999
Garmisch-Partenkirchen,Mittenwald,718,719,0.898171,-0.515413,1.3611
Mittenwald,Seefeld,719,720,0.569843,-0.513937,0.862706
Nyíregyháza,Chop,722,723,0.892362,-0.502948,1.34117
Dunajská Streda,Medveďov,724,725,0.59898,-0.507388,0.902895
Medveďov,Vámosszabadi,725,726,0.515723,-0.505255,0.776294
Bălţi,Mohyliv-Podilskyi,727,728,0.873205,-0.518984,1.32638
Saintes,Angoulême,730,731,0.241257,-0.502882,0.36258
St. Johann in Tirol,Lofer,732,733,0.897098,-0.512961,1.35727
Sarajevo,Užice,737,738,0.134165,-0.462002,0.196149
Užice,Čačak,738,739,0.203071,-0.464503,0.297398
Čačak,Nova Varoš,739,740,0.202812,-0.464434,0.297005
Avellino,Benevento,741,742,0.0258232,-0.447556,0.0373805
Balıkesir,Manisa,746,747,0.00605636,-0.421935,0.00861175
Warsaw,Brest-Litovsk,316,0,3.00513,-0.529378,4.59597
Brest-Litovsk,Minsk,0,318,2.98949,-0.530669,4.57592
Lyon,Mâcon,17,677,1.66701,-0.511171,2.51914
Beaune,Mâcon,395,677,2.97062,-0.513901,4.49722
