Glasgow,Preston,1,2,0.0221823,0,0.0221823
Glasgow,Edinburgh,1,13,0.0221823,0,0.0221823
Preston,Birmingham,2,3,0.0221823,0,0.0221823
Birmingham,Cambridge,3,636,0.0221823,0,0.0221823
Le Havre,Paris,4,5,1.84893,-0.525163,2.81992
Le Havre,Amiens,4,657,0.990935,-0.531085,1.51721
Paris,Orléans,5,6,2.2164,-0.505423,3.33662
Paris,Calais,5,16,1.60489,-0.523681,2.44535
Paris,Lyon,5,17,2.68375,-0.512547,4.0593
Paris,Brussels,5,326,2.68416,-0.529266,4.1048
Paris,Le Mans,5,366,1.71168,-0.509147,2.58317
Paris,Reims,5,367,1.75242,-0.524236,2.67111
Paris,Chaumont,5,665,2.49514,-0.52967,3.81673
Orléans,Bordeaux,6,7,1.26817,-0.492167,1.89233
Orléans,Tours,6,392,1.37158,-0.494303,2.04955
Orléans,Montargis,6,393,1.53957,-0.509272,2.32363
Orléans,Toulouse,6,466,1.5882,-0.481969,2.35366
Bordeaux,San Sebastián,7,8,0.982643,-0.453702,1.42847
Bordeaux,Clermont-Ferrand,7,446,1.50604,-0.48244,2.23261
Bordeaux,Toulouse,7,466,0.833692,-0.461077,1.21809
Bordeaux,Angoulême,7,731,0.948976,-0.473572,1.39838
San Sebastián,Burgos,8,9,0.835933,-0.399156,1.1696
San Sebastián,Bilbao,8,445,0.656219,-0.399358,0.918285
San Sebastián,Toulouse,8,466,0.805597,-0.435748,1.15663
Burgos,Madrid,9,10,0.654447,-0.389104,0.909095
Burgos,Valladolid,9,465,0.423538,-0.375836,0.582719
Madrid,Seville,10,11,0.56213,-0.349059,0.758346
Madrid,Barcelona,10,21,0.788409,-0.392066,1.09752
Madrid,Valencia,10,24,0.54441,-0.359941,0.740366
Madrid,Lisbon,10,464,0.531939,-0.353663,0.720066
Seville,Algeciras,11,12,0.333846,-0.327494,0.443178
Seville,Huelva,11,486,0.350809,-0.32962,0.466443
Algeciras,Málaga,12,28,0.166448,-0.312984,0.218543
Edinburgh,Newcastle,13,14,0.0221823,0,0.0221823
Newcastle,London,14,15,0.0221823,0,0.0221823
London,Colchester,15,305,0.0221823,0,0.0221823
Calais,Bruges,16,324,1.49925,-0.537162,2.30459
Calais,Rouen,16,662,1.05035,-0.522549,1.59921
Lyon,Orange,17,18,1.38538,-0.501957,2.08078
Lyon,Clermont-Ferrand,17,446,1.71764,-0.488153,2.55612
Lyon,Chambéry,17,447,1.31518,-0.505271,1.9797
Orange,Narbonne,18,19,0.693198,-0.489858,1.03277
Orange,Marseille,18,736,0.596654,-0.501082,0.895627
Narbonne,Girona,19,20,0.513112,-0.454188,0.746162
Girona,Barcelona,20,21,0.799126,-0.425102,1.13884
Barcelona,Tarragona,21,22,0.611406,-0.404788,0.858896
Barcelona,Toulouse,21,466,1.33018,-0.436213,1.91042
Tarragona,Castellón de la Plana,22,23,0.364216,-0.385245,0.504529
Castellón de la Plana,Valencia,23,24,0.397652,-0.361915,0.541568
Valencia,Alicante,24,25,0.335143,-0.34869,0.452005
Alicante,Murcia,25,26,0.164253,-0.330804,0.218589
Murcia,Almería,26,27,0.102034,-0.310805,0.133747
Almería,Málaga,27,28,0.103241,-0.30027,0.134241
Hook of Holland,Rotterdam,29,30,0.510971,-0.518537,0.775929
Hook of Holland,The Hague,29,307,0.300964,-0.492913,0.449312
Rotterdam,Eindhoven,30,31,1.25089,-0.529654,1.91344
Eindhoven,Maastricht,31,32,1.27579,-0.534075,1.95715
Eindhoven,Antwerp,31,505,2.11091,-0.541533,3.25403
Eindhoven,Venlo,31,643,1.71629,-0.526063,2.61916
Eindhoven,Breda,31,706,1.31043,-0.512816,1.98244
Maastricht,Liège,32,33,1.5221,-0.537699,2.34054
Liège,Bastogne,33,34,1.39616,-0.537905,2.14717
Liège,Leuven,33,327,2.34472,-0.537277,3.60448
Liège,Eupen,33,328,1.45746,-0.537325,2.2406
Liège,Antwerp,33,505,2.5871,-0.543324,3.99273
Liège,Namur,33,652,1.57712,-0.537753,2.42522
Liège,St. Vith,33,653,1.27635,-0.537699,1.96265
Liège,Charleville-Mézières,33,658,1.69003,-0.537474,2.59838
Bastogne,Arlon,34,35,0.834451,-0.537257,1.28277
Arlon,Luxembourg,35,36,1.16937,-0.538526,1.7991
Luxembourg,Metz,36,37,2.0151,-0.539076,3.10139
Luxembourg,St. Vith,36,653,1.41195,-0.536293,2.16917
Luxembourg,Charleville-Mézières,36,658,1.11572,-0.537152,1.71504
Luxembourg,Trier,36,659,1.37249,-0.542429,2.11696
Metz,Saint-Avold,37,38,2.41059,-0.543022,3.71959
Metz,Lausanne,37,44,2.0457,-0.537355,3.14497
Metz,Geneva,37,45,2.48561,-0.525917,3.79284
Metz,Brussels,37,326,2.86208,-0.535319,4.3942
Metz,Reims,37,367,2.12516,-0.53329,3.25848
Metz,Saarbrücken,37,368,2.2555,-0.542417,3.47892
Saint-Avold,Strasbourg,38,39,1.77757,-0.545414,2.74708
Strasbourg,Mulhouse,39,40,2.21,-0.546038,3.41675
Strasbourg,Appenweier,39,664,1.62003,-0.553011,2.51593
Mulhouse,Basel,40,41,2.18228,-0.538177,3.35674
Mulhouse,Belfort,40,398,1.63605,-0.538395,2.51689
Mulhouse,Chaumont,40,665,2.13656,-0.539296,3.28879
Basel,Olten,41,42,1.35063,-0.527255,2.06276
Basel,Offenburg,41,61,1.84414,-0.541263,2.8423
Basel,Zürich,41,399,1.63598,-0.523009,2.49161
Basel,Waldshut,41,666,1.8893,-0.533704,2.89763
Olten,Bern,42,43,1.37196,-0.528006,2.09637
Olten,Lucerne,42,62,0.884616,-0.514453,1.33971
Bern,Lausanne,43,44,1.1468,-0.528913,1.75336
Bern,Belfort,43,398,1.3827,-0.531361,2.11742
Bern,Martigny,43,506,0.875998,-0.510325,1.32304
Lausanne,Geneva,44,45,1.06627,-0.510515,1.61062
Lausanne,Martigny,44,506,0.777726,-0.515201,1.17841
Geneva,Mont Blanc,45,46,1.21641,-0.51137,1.83845
Geneva,Chambéry,45,447,1.49113,-0.49479,2.22892
Geneva,Mâcon,45,677,2.03191,-0.521539,3.09163
Mont Blanc,Aosta,46,47,0.768802,-0.494554,1.14902
Aosta,Ivrea,47,48,0.819244,-0.465952,1.20097
Aosta,Martigny,47,506,0.978784,-0.492291,1.46063
Ivrea,Vercelli,48,49,0.403983,-0.44403,0.583364
Ivrea,Turin,48,449,0.632104,-0.441598,0.91124
Vercelli,Alessandria,49,50,0.417582,-0.433215,0.598485
Alessandria,Genoa,50,51,0.59665,-0.440182,0.859284
Alessandria,Turin,50,449,0.520066,-0.436768,0.747214
Alessandria,Tortona,50,450,0.419085,-0.429774,0.599197
Alessandria,Asti,50,686,0.529818,-0.432459,0.758943
Genoa,Rome,51,74,1.30119,-0.441907,1.87619
Genoa,Tortona,51,450,0.712178,-0.440302,1.02575
Genoa,Nice,51,467,0.944616,-0.444299,1.36431
Amsterdam,Utrecht,52,53,1.23731,-0.503228,1.85996
Amsterdam,Amersfoort,52,309,0.667061,-0.52315,1.01603
Amsterdam,Brussels,52,326,2.75543,-0.530034,4.21591
Amsterdam,Groningen,52,624,1.22647,-0.516894,1.86043
Utrecht,Arnhem,53,54,0.999579,-0.490294,1.48967
Utrecht,Gouda,53,308,0.839626,-0.47848,1.24137
Utrecht,Amersfoort,53,309,0.770115,-0.481804,1.14116
Utrecht,Gorinchem,53,707,0.971278,-0.484516,1.44188
Arnhem,Emmerich,54,55,0.852254,-0.50938,1.28638
Emmerich,Oberhausen,55,56,1.57317,-0.519614,2.39061
Oberhausen,Cologne,56,57,2.57444,-0.524082,3.92366
Oberhausen,Dortmund,56,508,1.88099,-0.516369,2.85228
Oberhausen,Venlo,56,643,1.82935,-0.512508,2.7669
Cologne,Frankfurt am Main,57,58,2.75965,-0.537077,4.2418
Cologne,Aachen,57,329,2.44946,-0.53208,3.75276
Cologne,Olpe,57,330,1.75818,-0.533091,2.69545
Cologne,Bremen,57,507,2.78197,-0.519813,4.22808
Frankfurt am Main,Heidelberg,58,59,2.32515,-0.550576,3.60532
Frankfurt am Main,Gießen,58,332,1.6806,-0.546638,2.59928
Frankfurt am Main,Mannheim,58,369,2.70882,-0.548884,4.19565
Frankfurt am Main,Aschaffenburg,58,509,1.97911,-0.549194,3.06603
Frankfurt am Main,Wiesbaden,58,656,1.89794,-0.548064,2.93813
Heidelberg,Karlsruhe,59,60,1.98517,-0.55146,3.07991
Karlsruhe,Offenburg,60,61,1.83334,-0.537955,2.8196
Karlsruhe,Stuttgart,60,510,2.49908,-0.551808,3.87809
Karlsruhe,Appenweier,60,664,1.83347,-0.553221,2.84778
Lucerne,Altdorf,62,63,0.700706,-0.49281,1.04602
Altdorf,Gotthard Pass,63,64,0.55448,-0.462538,0.810948
Altdorf,Zürich,63,399,0.906307,-0.50524,1.36421
Gotthard Pass,Bellinzona,64,65,0.365727,-0.406416,0.514365
Bellinzona,Lugano,65,66,0.268403,-0.365773,0.366578
Bellinzona,San Bernardino,65,516,0.260107,-0.372342,0.356955
Lugano,Chiasso,66,67,0.226466,-0.373097,0.310959
Chiasso,Como,67,68,0.353515,-0.398724,0.49447
Como,Milan,68,69,0.762474,-0.414885,1.07881
Milan,Piacenza,69,70,0.877155,-0.424404,1.24942
Milan,Turin,69,449,0.867066,-0.429023,1.23906
Milan,Tortona,69,450,0.608469,-0.425196,0.867188
Milan,Brescia,69,451,0.755081,-0.429734,1.07956
Milan,Gravellona Toce,69,680,0.779612,-0.419919,1.10699
Piacenza,Parma,70,71,0.656509,-0.43299,0.94077
Parma,Modena,71,72,1.00439,-0.440109,1.44642
Modena,Florence,72,73,1.18384,-0.447738,1.71389
Modena,Verona,72,94,1.30627,-0.443594,1.88573
Modena,Bologna,72,95,1.13115,-0.446644,1.63638
Florence,Rome,73,74,1.11496,-0.444445,1.61049
Rome,Pescara,74,125,1.19705,-0.428241,1.70968
Östersund,Mora,75,76,0.567705,-0.356611,0.770155
Östersund,Trondheim,75,493,0.675334,-0.354619,0.914821
Östersund,Sundsvall,75,610,0.731065,-0.351291,0.987882
Mora,Säffle,76,77,0.413475,-0.35613,0.560725
Säffle,Gothenburg,77,78,0.553745,-0.352613,0.749003
Gothenburg,Halmstad,78,300,0.552417,-0.342817,0.741795
Gothenburg,Örebro,78,301,0.575659,-0.353277,0.779026
Gothenburg,Oslo,78,489,0.487243,-0.348598,0.657096
Hamburg,Hanover,79,80,1.79813,-0.515847,2.7257
Hamburg,Berlin,79,108,1.99834,-0.515962,3.02941
Hamburg,Bremen,79,507,2.22095,-0.515645,3.36617
Hamburg,Lübeck,79,517,1.03911,-0.515157,1.57441
Hanover,Göttingen,80,81,1.18188,-0.527299,1.80508
Hanover,Bad Oeynhausen,80,312,1.36346,-0.525504,2.07997
Hanover,Braunschweig,80,313,1.32334,-0.520576,2.01224
Göttingen,Kassel,81,82,1.02408,-0.53556,1.57254
Kassel,Fulda,82,83,1.31663,-0.544978,2.03417
Kassel,Dortmund,82,508,1.60951,-0.533749,2.46859
Fulda,Würzburg,83,84,1.87372,-0.547865,2.90027
Würzburg,Nuremberg,84,85,2.79776,-0.547521,4.32959
Würzburg,Aschaffenburg,84,509,2.43976,-0.549103,3.77944
Würzburg,Stuttgart,84,510,1.9088,-0.551907,2.96228
Würzburg,Ulm,84,512,1.31375,-0.546561,2.0318
Nuremberg,Munich,85,86,2.61159,-0.535342,4.00968
Nuremberg,Heilbronn,85,370,2.52281,-0.546425,3.90134
Nuremberg,Rozvadov,85,371,2.12565,-0.535427,3.26379
Nuremberg,Bayreuth,85,529,2.86228,-0.532518,4.38649
Nuremberg,Regensburg,85,667,1.97402,-0.540609,3.0412
Munich,Rosenheim,86,87,2.08235,-0.521192,3.16765
Munich,Salzburg,86,115,2.50119,-0.519355,3.80019
Munich,Ulm,86,512,1.90996,-0.535487,2.93272
Munich,Lindau,86,513,2.31439,-0.517541,3.51218
Munich,Deggendorf,86,531,2.12706,-0.532171,3.25901
Munich,Garmisch-Partenkirchen,86,718,2.00738,-0.522346,3.05592
Munich,Braunau am Inn,86,721,1.6997,-0.529911,2.60038
Rosenheim,Wörgl,87,88,1.485,-0.511063,2.24393
Rosenheim,Bad Reichenhall,87,407,1.13589,-0.518294,1.72461
Wörgl,Innsbruck,88,89,1.57575,-0.489342,2.34684
Wörgl,St. Johann in Tirol,88,732,1.10982,-0.502528,1.66753
Innsbruck,Brenner,89,90,1.0253,-0.469652,1.50683
Innsbruck,Telfs,89,405,0.848954,-0.478264,1.25498
Innsbruck,Imst,89,406,0.864541,-0.478868,1.27854
Innsbruck,Seefeld,89,720,0.993931,-0.480155,1.47117
Brenner,Fortezza,90,91,0.685214,-0.459766,1.00025
Fortezza,Bolzano,91,92,0.541248,-0.453734,0.786831
Fortezza,Innichen,91,681,0.578952,-0.470118,0.851128
Bolzano,Trento,92,93,0.550468,-0.450051,0.798207
Trento,Verona,93,94,1.05517,-0.448826,1.52875
Verona,Mestre,94,120,1.47068,-0.453068,2.13699
Verona,Brescia,94,451,1.18196,-0.442303,1.70474
Bologna,Cesena,95,96,0.959929,-0.444746,1.38685
Cesena,Perugia,96,97,0.674597,-0.437141,0.969491
Cesena,Ravenna,96,121,0.949389,-0.447454,1.3742
Cesena,Rimini,96,122,0.70119,-0.439517,1.00937
Perugia,Fiano Romano,97,98,0.296429,-0.414646,0.419343
Fiano Romano,Naples,98,99,0.164088,-0.378728,0.226233
Naples,Salerno,99,100,0.05875,-0.295962,0.0761377
Naples,Avellino,99,741,0.0932616,-0.315279,0.122665
Salerno,Sicignano degli Alburni,100,101,0.0643247,-0.225709,0.0788434
Salerno,Avellino,100,741,0.0708528,-0.261918,0.0894104
Sicignano degli Alburni,Potenza,101,743,0.0498433,-0.169148,0.0582742
Messina,Catania,102,103,0.0221823,0,0.0221823
Messina,Palermo,102,474,0.0221823,0,0.0221823
Catania,Siracusa,103,104,0.0221823,0,0.0221823
Siracusa,Gela,104,105,0.0221823,0,0.0221823
Gela,Mazara del Vallo,105,473,0.0221823,0,0.0221823
Helsingborg,Copenhagen,299,106,0.142921,-0.313232,0.187688
Copenhagen,Malmö,106,135,0.0793256,-0.298681,0.103019
Rostock,Berlin,107,108,1.52094,-0.516007,2.30576
Rostock,Lübeck,107,517,0.757627,-0.515123,1.1479
Rostock,Sassnitz,107,625,0.644943,-0.514652,0.976864
Berlin,Lübbenau,108,109,2.28413,-0.516242,3.46329
Berlin,Szczecin,108,137,1.80795,-0.515349,2.73968
Berlin,Świebodzin,108,139,2.14639,-0.517135,3.25636
Berlin,Magdeburg,108,314,2.25535,-0.517255,3.42194
Berlin,Leipzig,108,526,2.01645,-0.515566,3.05606
Berlin,Neubrandenburg,108,700,1.40372,-0.515705,2.12763
Lübbenau,Dresden,109,110,1.68271,-0.516822,2.55237
Lübbenau,Cottbus,109,644,1.25338,-0.517238,1.90167
Dresden,Ústí nad Labem,110,111,1.6917,-0.519587,2.57068
Dresden,Chemnitz,110,337,1.91515,-0.517017,2.90531
Dresden,Görlitz,110,338,1.23135,-0.518286,1.86954
Ústí nad Labem,Prague,111,112,1.88091,-0.520121,2.85921
Prague,Tábor,112,113,1.81298,-0.522778,2.76076
Prague,Mladá Boleslav,112,146,1.06813,-0.514471,1.61766
Prague,Jihlava,112,147,1.84106,-0.522794,2.80355
Prague,Plzeň,112,372,1.98755,-0.526716,3.03442
Prague,Karlovy Vary,112,523,1.27884,-0.513122,1.93505
Prague,Hradec Králové,112,551,1.40268,-0.511937,2.12077
Tábor,Linz,113,114,1.59286,-0.525399,2.42974
Linz,Salzburg,114,115,1.74019,-0.524049,2.65213
Linz,Sattledt,114,408,0.685698,-0.525767,1.04622
Linz,Sankt Pölten,114,409,1.61271,-0.527165,2.46287
Linz,Wels,114,669,1.18838,-0.528646,1.81662
Salzburg,Villach,115,116,2.82649,-0.51485,4.28171
Salzburg,Bad Reichenhall,115,407,1.39706,-0.517938,2.12065
Salzburg,Sattledt,115,408,1.41955,-0.52274,2.1616
Salzburg,Lofer,115,733,1.68383,-0.516253,2.55312
Villach,Tarvisio,116,117,1.54919,-0.510329,2.33979
Villach,Karavanke Tunnel,116,537,1.32563,-0.508417,1.9996
Villach,Spittal an der Drau,116,682,1.49132,-0.509519,2.25118
Villach,Klagenfurt,116,683,1.58852,-0.509929,2.39856
Tarvisio,Udine,117,118,0.857279,-0.499297,1.28532
Udine,Palmanova,118,119,1.02144,-0.479171,1.51089
Palmanova,Mestre,119,120,1.44098,-0.465199,2.11133
Palmanova,Trieste,119,452,1.29503,-0.469678,1.90328
Mestre,Ravenna,120,121,1.10584,-0.454212,1.60813
Rimini,Fano,122,123,0.376197,-0.431698,0.5386
Fano,Ancona,123,124,0.37601,-0.419532,0.533759
Ancona,Pescara,124,125,0.691321,-0.413353,0.97708
Pescara,Canosa di Puglia,125,126,0.824514,-0.389687,1.14582
Canosa di Puglia,Bari,126,127,0.367867,-0.318118,0.484892
Canosa di Puglia,Benevento,126,742,0.356699,-0.332113,0.475164
Bari,Brindisi,127,128,0.114632,-0.296266,0.148594
Bari,Taranto,127,476,0.114649,-0.285797,0.147415
Brindisi,Taranto,128,476,0.0411955,-0.232279,0.0507643
Igoumenitsa,Preveza,129,130,0.141574,-0.245508,0.176332
Igoumenitsa,Ioannina,129,477,0.214697,-0.309468,0.281139
Preveza,Rhion,130,131,0.137967,-0.188741,0.164007
Rhion,Patras,131,132,0.105338,-0.150908,0.121234
Rhion,Aigio,131,175,0.105338,-0.150908,0.121234
Patras,Pyrgos,132,133,0.0678701,-0.139311,0.0773252
Pyrgos,Kalamata,133,134,0.0493125,-0.133266,0.0558842
Kalamata,Tripoli,134,177,0.0438982,-0.123337,0.0493125
Malmö,Helsingborg,135,299,0.200346,-0.309933,0.26244
Malmö,Kalmar,135,626,0.197933,-0.303326,0.257971
Goleniów,Szczecin,136,137,0.777148,-0.511958,1.17502
Goleniów,Koszalin,136,637,0.339001,-0.501137,0.508887
Szczecin,Gorzów Wielkopolski,137,138,0.820021,-0.515082,1.2424
Gorzów Wielkopolski,Świebodzin,138,139,0.972879,-0.517023,1.47588
Świebodzin,Zielona Góra,139,140,1.29302,-0.515859,1.96003
Świebodzin,Poznań,139,315,1.98253,-0.518625,3.01072
Zielona Góra,Legnica,140,141,1.29404,-0.516448,1.96234
Legnica,Jelenia Góra,141,142,1.19183,-0.512043,1.80209
Legnica,Görlitz,141,338,1.30815,-0.516188,1.98341
Legnica,Wrocław,141,339,1.99398,-0.513085,3.01706
Legnica,Cottbus,141,644,1.30979,-0.516097,1.98577
Jelenia Góra,Harrachov,142,143,0.526707,-0.503172,0.791731
Harrachov,Železný Brod,143,144,0.391635,-0.487936,0.582728
Železný Brod,Turnov,144,145,0.638749,-0.489141,0.951187
Turnov,Mladá Boleslav,145,146,0.650131,-0.502796,0.977015
Turnov,Hradec Králové,145,551,0.934103,-0.49769,1.399
Turnov,Teplice,145,715,0.798495,-0.497198,1.19551
Jihlava,Brno,147,148,0.966335,-0.515625,1.4646
Jihlava,Vienna,147,410,1.51763,-0.525673,2.31541
Brno,Bratislava,148,149,1.36395,-0.51786,2.07029
Brno,Trenčín,148,373,1.33019,-0.51589,2.01642
Brno,Vienna,148,410,1.57033,-0.522165,2.3903
Brno,Olomouc,148,716,1.3462,-0.515344,2.03996
Bratislava,Rajka,149,150,1.49829,-0.51621,2.27172
Bratislava,Žilina,149,195,1.55552,-0.515046,2.35668
Bratislava,Győr,149,196,1.55523,-0.52453,2.371
Bratislava,Vienna,149,410,2.23161,-0.516498,3.38423
Bratislava,Zvolen,149,568,2.06065,-0.516559,3.1251
Bratislava,Dunajská Streda,149,724,1.28146,-0.51704,1.94403
Rajka,Csorna,150,151,0.602262,-0.510499,0.909716
Csorna,Szombathely,151,152,0.321141,-0.501777,0.482282
Szombathely,Zalaegerszeg,152,153,0.362303,-0.490948,0.540175
Zalaegerszeg,Nagykanizsa,153,154,0.75921,-0.49487,1.13492
Nagykanizsa,Letenye,154,155,0.477817,-0.496094,0.714859
Nagykanizsa,Zagreb,154,156,1.19102,-0.484166,1.76767
Nagykanizsa,Balatonvilágos,154,553,1.38702,-0.50872,2.09263
Letenye,Zagreb,155,156,0.713203,-0.476174,1.05281
Zagreb,Karlovac,156,157,1.08498,-0.468506,1.5933
Zagreb,Ljubljana,156,454,1.00915,-0.473168,1.48665
Zagreb,Slavonski Brod,156,455,1.44009,-0.464164,2.10853
Zagreb,Maribor,156,535,1.11381,-0.48203,1.6507
Karlovac,Rijeka,157,158,0.514427,-0.456972,0.749506
Karlovac,Knin,157,554,0.418581,-0.452106,0.607824
Rijeka,Split,158,159,0.38475,-0.438685,0.553534
Rijeka,Trieste,158,452,0.874635,-0.463337,1.27989
Split,Dubrovnik,159,160,0.367385,-0.399371,0.514108
Split,Knin,159,554,0.288903,-0.425568,0.411851
Dubrovnik,Petrovac,160,161,0.141711,-0.387571,0.196634
Dubrovnik,Podgorica,160,162,0.359575,-0.387647,0.498962
Petrovac,Podgorica,161,162,0.260515,-0.388272,0.361666
Petrovac,Prizren,161,744,0.222518,-0.399068,0.311318
Podgorica,Bijelo Polje,162,163,0.388815,-0.393104,0.54166
Podgorica,Pristina,162,164,0.502408,-0.406669,0.706722
Podgorica,Sarajevo,162,737,0.693295,-0.385017,0.960225
Bijelo Polje,Pristina,163,164,0.496768,-0.412408,0.70164
Bijelo Polje,Nova Varoš,163,740,0.53231,-0.412164,0.751709
Pristina,Skopje,164,165,0.686326,-0.410656,0.96817
Pristina,Niš,164,202,1.15646,-0.435081,1.65962
Pristina,Prizren,164,744,0.41078,-0.411398,0.579774
Skopje,Kičevo,165,166,0.506839,-0.398768,0.708951
Skopje,Kumanovo,165,203,0.633956,-0.42307,0.902163
Skopje,Veles,165,204,0.546549,-0.40287,0.766737
Kičevo,Ohrid,166,167,0.231067,-0.380155,0.318908
Ohrid,Bitola,167,168,0.130976,-0.352886,0.177196
Bitola,Niki,168,169,0.123325,-0.341114,0.165394
Niki,Vevi,169,170,0.199811,-0.352217,0.270187
Vevi,Kozani,170,171,0.417049,-0.368484,0.570725
Kozani,Larissa,171,172,0.279333,-0.372237,0.383311
Kozani,Thessaloniki,171,207,0.831537,-0.393762,1.15896
Kozani,Ioannina,171,477,0.355361,-0.362054,0.484021
Larissa,Domokos,172,173,0.126875,-0.367428,0.173492
Larissa,Lamia,172,174,0.126875,-0.367428,0.173492
Larissa,Katerini,172,208,0.334224,-0.387624,0.463777
Larissa,Trikala,172,687,0.190401,-0.356145,0.258211
Domokos,Lamia,173,174,6.65823e-05,-0.445161,3.32911e-05
Aigio,Corinth,175,176,0.0678701,-0.139311,0.0773252
Corinth,Tripoli,176,177,0.0493125,-0.133266,0.0558842
Varangerbotn,Utsjoki,178,179,0.165875,-0.274518,0.21141
Varangerbotn,Kirkenes,178,243,0.218158,-0.369917,0.298858
Varangerbotn,Karasjok,178,502,0.154123,-0.270863,0.19587
Utsjoki,Inari,179,180,0.119341,-0.251998,0.149415
Inari,Ivalo,180,181,0.132956,-0.259327,0.167435
Ivalo,Sodankylä,181,182,0.215528,-0.275443,0.274894
Sodankylä,Rovaniemi,182,183,0.309992,-0.297341,0.402165
Sodankylä,Kemijärvi,182,539,0.207492,-0.277605,0.265093
Rovaniemi,Kemi,183,184,0.418985,-0.314088,0.550583
Kemi,Oulu,184,185,0.566357,-0.309935,0.74189
Kemi,Tornio,184,614,0.410914,-0.322019,0.543235
Oulu,Jyväskylä,185,186,0.482713,-0.312217,0.633425
Oulu,Kokkola,185,615,0.360197,-0.314385,0.473438
Jyväskylä,Heinola,186,187,0.396933,-0.31014,0.520039
Jyväskylä,Kuopio,186,544,0.393776,-0.305356,0.514018
Jyväskylä,Tampere,186,545,0.400869,-0.310791,0.525456
Heinola,Lahti,187,188,0.263168,-0.311333,0.345101
Lahti,Helsinki,188,189,0.293268,-0.326516,0.389024
Helsinki,Hämeenlinna,189,618,0.316365,-0.324492,0.419023
Helsinki,Kotka,189,621,0.309322,-0.385013,0.428416
Gdańsk,Świecie,190,191,1.46255,-0.518077,2.22026
Gdańsk,Kaliningrad,190,563,1.10298,-0.508116,1.66342
Gdańsk,Elbląg,190,564,1.22104,-0.51866,1.85434
Gdańsk,Gdynia,190,639,0.902599,-0.509933,1.36286
Świecie,Łódź,191,192,1.06069,-0.516136,1.60814
Świecie,Poznań,191,315,1.3884,-0.518753,2.10864
Łódź,Piotrków Trybunalski,192,193,1.20247,-0.516521,1.82357
Piotrków Trybunalski,Katowice,193,194,1.46552,-0.510602,2.21382
Piotrków Trybunalski,Warsaw,193,316,1.94683,-0.521702,2.9625
Piotrków Trybunalski,Wrocław,193,339,1.49758,-0.511813,2.26406
Katowice,Žilina,194,195,1.27988,-0.507133,1.92895
Katowice,Zabrze,194,342,1.12798,-0.502363,1.69464
Katowice,Kraków,194,343,1.69704,-0.508766,2.56043
Katowice,Český Těšín,194,717,0.89025,-0.504636,1.3395
Žilina,Olomouc,195,716,0.778395,-0.508579,1.17427
Győr,Budapest,196,197,2.23953,-0.521189,3.40675
Győr,Vámosszabadi,196,726,0.978983,-0.522138,1.49015
Budapest,Szeged,197,198,2.68193,-0.519933,4.07635
Budapest,Mosonmagyaróvár,197,412,2.36701,-0.528801,3.61869
Budapest,Szolnok,197,413,2.48981,-0.527197,3.80243
Budapest,Miskolc,197,552,2.36948,-0.526992,3.61817
Budapest,Balatonvilágos,197,553,2.27773,-0.518335,3.45836
Budapest,Szekszárd,197,555,2.00454,-0.519442,3.04579
Budapest,Zvolen,197,568,2.19533,-0.522281,3.34191
Szeged,Subotica,198,199,1.69249,-0.506752,2.55016
Szeged,Arad,198,684,2.3488,-0.510215,3.54719
Subotica,Novi Sad,199,200,1.24933,-0.492116,1.86415
Subotica,Sombor,199,735,0.96988,-0.495136,1.4501
Novi Sad,Belgrade,200,201,1.53694,-0.471535,2.26166
Belgrade,Niš,201,202,1.54853,-0.458157,2.258
Belgrade,Slavonski Brod,201,455,1.55295,-0.447687,2.24819
Belgrade,Vršac,201,456,1.37538,-0.472207,2.02485
Belgrade,Čačak,201,739,1.41824,-0.447407,2.05277
Niš,Kumanovo,202,203,0.7546,-0.450406,1.09448
Niš,Drobeta-Turnu Severin,202,458,1.57317,-0.468442,2.31012
Niš,Sofia,202,468,1.41273,-0.444621,2.04087
Kumanovo,Kyustendil,203,745,0.543475,-0.438573,0.781828
Veles,Gevgelija,204,205,0.346639,-0.399961,0.485282
Gevgelija,Evzoni,205,206,0.424014,-0.402619,0.59473
Evzoni,Thessaloniki,206,207,0.842821,-0.403678,1.18305
Thessaloniki,Katerini,207,208,0.584057,-0.400859,0.818181
Thessaloniki,Alexandroupoli,207,233,1.24768,-0.40277,1.7502
Thessaloniki,Serres,207,577,0.927712,-0.410078,1.30815
Klaipėda,Kaunas,209,210,1.31503,-0.532051,2.01469
Klaipėda,Palanga,209,704,0.772002,-0.528362,1.1799
Kaunas,Vilnius,210,211,1.42747,-0.542442,2.20179
Kaunas,Warsaw,210,316,2.98099,-0.531035,4.56401
Kaunas,Riga,210,547,1.80801,-0.544309,2.79212
Kaunas,Ukmergė,210,701,1.20738,-0.536748,1.85544
Vilnius,Lida,211,212,1.28015,-0.541736,1.97366
Vilnius,Minsk,211,318,2.53553,-0.554664,3.9419
Vilnius,Marijampolė,211,641,1.35708,-0.539254,2.08889
Vilnius,Ukmergė,211,701,1.33675,-0.542115,2.06143
Lida,Slonim,212,213,0.51649,-0.529568,0.790006
Slonim,Kobryn,213,214,0.299858,-0.509588,0.452663
Kobryn,Dubno,214,215,0.388836,-0.498188,0.582549
Dubno,Ternopil,215,216,0.86524,-0.50644,1.30343
Ternopil,Chernivtsi,216,217,1.00244,-0.510643,1.51433
Ternopil,Stryj,216,379,1.40362,-0.519152,2.13232
Ternopil,Khmelnytskyi,216,380,1.16475,-0.512016,1.76113
Chernivtsi,Siret,217,218,0.810624,-0.515179,1.22824
Siret,Suceava,218,219,1.45404,-0.519365,2.20922
Suceava,Roman,219,220,1.56221,-0.5104,2.35956
Suceava,Halmeu,219,578,2.2898,-0.522367,3.48591
Suceava,Iaşi,219,670,1.90959,-0.520084,2.90274
Roman,Urziceni,220,221,1.11129,-0.478048,1.64254
Urziceni,Bucharest,221,222,1.13464,-0.440598,1.63456
Urziceni,Slobozia,221,421,0.894024,-0.440151,1.28753
Bucharest,Giurgiu,222,223,0.87856,-0.402589,1.23226
Bucharest,Ploieşti,222,420,0.647792,-0.423336,0.922025
Bucharest,Constanţa,222,423,1.06453,-0.410369,1.50139
Bucharest,Alexandria,222,460,0.709912,-0.435486,1.01907
Bucharest,Piteşti,222,583,0.775345,-0.432015,1.11031
Giurgiu,Ruse,223,224,0.566751,-0.384979,0.784938
Ruse,Byala,224,225,0.392899,-0.361734,0.535024
Ruse,Razgrad,224,461,0.360701,-0.363007,0.491638
Byala,Veliko Tarnovo,225,226,0.348147,-0.353962,0.471377
Byala,Pleven,225,584,0.310429,-0.363751,0.423348
Veliko Tarnovo,Stara Zagora,226,227,0.395611,-0.352295,0.534982
Veliko Tarnovo,Shumen,226,462,0.3805,-0.351528,0.514256
Stara Zagora,Haskovo,227,228,0.277144,-0.337906,0.370793
Stara Zagora,Burgas,227,590,0.360018,-0.344421,0.484016
Haskovo,Svilengrad,228,229,0.145452,-0.329386,0.193361
Svilengrad,Ormenio,229,230,0.109578,-0.348531,0.14777
Ormenio,Kastanies,230,231,0.150088,-0.37894,0.206963
Kastanies,Didymoteicho,231,232,0.304347,-0.397875,0.425439
Didymoteicho,Alexandroupoli,232,233,0.70079,-0.401269,0.981994
Alexandroupoli,Gelibolu,233,478,0.891393,-0.397814,1.246
Saint Petersburg,Pskov,234,235,2.34989,-0.581116,3.71544
Saint Petersburg,Moscow,234,239,4.43905,-0.587536,7.04715
Saint Petersburg,Petrozavodsk,234,245,1.93037,-0.58006,3.05011
Saint Petersburg,Narva,234,304,1.83927,-0.577509,2.90146
Saint Petersburg,Vyborg,234,623,1.93475,-0.580087,3.05707
Pskov,Gomel,235,236,2.96044,-0.590345,4.70812
Pskov,Riga,235,547,2.20616,-0.569291,3.46211
Gomel,Kiev,236,237,4.17408,-0.590775,6.64002
Gomel,Babruysk,236,703,2.43379,-0.594109,3.87973
Kiev,Odessa,237,238,3.77331,-0.555776,5.87043
Kiev,Hlukhiv,237,242,3.74759,-0.584826,5.93927
Kiev,Kharkiv,237,247,3.82619,-0.592501,6.0932
Kiev,Rivne,237,348,2.78808,-0.582986,4.41349
Kiev,Zhytomyr,237,349,2.39428,-0.564474,3.74578
Odessa,Izmail,238,586,1.56187,-0.522834,2.37847
Odessa,Chişinău,238,672,1.96995,-0.504716,2.96421
Odessa,Mykolaiv,238,673,1.80961,-0.511199,2.73469
Moscow,Kaluga,239,240,2.87308,-0.598226,4.59184
Moscow,Orel,239,246,3.23929,-0.593351,5.16133
Moscow,Voronezh,239,248,4.19312,-0.583966,6.64176
Moscow,Tambov,239,256,3.01506,-0.592199,4.80058
Moscow,Smolensk,239,319,3.39296,-0.584355,5.37565
Moscow,Ryazan,239,320,3.07102,-0.577093,4.84329
Moscow,Velikiye Luki,239,628,2.94824,-0.585825,4.67539
Moscow,Vladimir,239,629,2.96936,-0.590041,4.72141
Kaluga,Bryansk,240,241,1.47067,-0.606125,2.36207
Bryansk,Hlukhiv,241,242,1.85106,-0.602202,2.96578
Hlukhiv,Kursk,242,645,2.01821,-0.59979,3.22871
Kirkenes,Murmansk,243,244,0.311665,-0.499954,0.467483
Murmansk,Petrozavodsk,244,245,0.716809,-0.563903,1.12102
Orel,Kharkiv,246,247,2.41934,-0.594462,3.85754
Kharkiv,Luhansk,247,350,1.96183,-0.593101,3.12539
Voronezh,Novorossiysk,248,249,2.46338,-0.580752,3.89399
Voronezh,Kursk,248,645,2.05225,-0.596884,3.2772
Voronezh,Saratov,248,646,2.43242,-0.574016,3.82867
Novorossiysk,Dzhankoy,249,601,1.11117,-0.558011,1.73121
Novorossiysk,Sochi,249,602,0.983232,-0.564228,1.538
Mineralnye Vody,Nalchik,250,251,0.469496,-0.375058,0.645584
Mineralnye Vody,Makhachkala,250,260,0.841996,-0.396987,1.17626
Mineralnye Vody,Armavir,250,387,0.532301,-0.377674,0.733337
Nalchik,Vladikavkaz,251,252,0.218471,-0.354371,0.295891
Vladikavkaz,Stepantsminda,252,253,0.122287,-0.312356,0.160484
Stepantsminda,Mtskheta,253,254,0.102497,-0.236538,0.126742
Mtskheta,Tbilisi,254,255,0.131196,-0.19151,0.156321
Tbilisi,Gori,255,428,0.122861,-0.169833,0.143726
Tbilisi,Rustavi,255,429,0.12676,-0.182973,0.149954
Tambov,Povorino,256,257,1.34486,-0.589183,2.13723
Povorino,Volgograd,257,258,1.25939,-0.57036,1.9777
Volgograd,Astrakhan,258,259,1.85297,-0.537556,2.84904
Volgograd,Luhansk,258,350,1.43315,-0.575005,2.25723
Astrakhan,Makhachkala,259,260,1.65898,-0.493574,2.47781
Astrakhan,Atyrau,259,265,2.34262,-0.516583,3.55278
Makhachkala,Kuba,260,261,0.736862,-0.420428,1.04666
Kuba,Baku,261,262,0.313018,-0.410074,0.441378
Baku,Yevlakh,262,431,0.145894,-0.378063,0.201051
Samara,Oral,263,264,2.46409,-0.545618,3.80854
Samara,Penza,263,321,1.54462,-0.549852,2.39394
Samara,Ufa,263,322,1.74429,-0.509777,2.63348
Oral,Atyrau,264,265,2.79743,-0.534714,4.29325
Oral,Saratov,264,646,2.2519,-0.562131,3.51776
Oral,Aktobe,264,647,1.6928,-0.553223,2.62929
Atyrau,Beineu,265,266,1.41337,-0.475667,2.08566
Atyrau,Beyneu,265,351,1.41337,-0.475667,2.08566
Beineu,Shetpe,266,267,0.551101,-0.480682,0.816006
Shetpe,Zhetybai,267,268,0.218643,-0.485542,0.324804
Zhetybai,Fetisovo,268,269,0.0985069,-0.449001,0.142737
Fetisovo,Bekdash,269,270,0.0668299,-0.342545,0.0897221
Bekdash,Türkmenbaşy,270,271,0.0809373,-0.278119,0.103447
Türkmenbaşy,Gyzylarbat,271,272,0.140065,-0.275201,0.178611
Gyzylarbat,Ashgabat,272,432,0.276285,-0.283518,0.354617
Chelyabinsk,Kostanay,273,274,0.569258,-0.425308,0.811368
Chelyabinsk,Ufa,273,322,1.05331,-0.445149,1.52219
Chelyabinsk,Kurgan,273,323,0.680516,-0.418248,0.965141
Kostanay,Esil,274,275,0.277101,-0.417356,0.39275
Esil,Derzhavinsk,275,276,0.216242,-0.421814,0.307456
Derzhavinsk,Arkalyk,276,277,0.337812,-0.425172,0.481441
Arkalyk,Jezkazgan,277,278,0.746639,-0.427159,1.06557
Jezkazgan,Kyzylorda,278,279,1.1662,-0.429679,1.66729
Jezkazgan,Karaganda,278,286,1.15048,-0.419774,1.63342
Kyzylorda,Shymkent,279,280,1.17594,-0.426492,1.67748
Kyzylorda,Novokazalinsk,279,650,0.762617,-0.437635,1.09637
Shymkent,Tashkent,280,281,1.05127,-0.414747,1.48728
Shymkent,Zhambyl,280,359,0.876393,-0.412108,1.23756
Tashkent,Ayni,281,282,0.468965,-0.386772,0.650348
Tashkent,Jizzakh,281,358,0.554705,-0.399492,0.776305
Tashkent,Kokand,281,689,0.436887,-0.404236,0.613493
Ayni,Dushanbe,282,283,0.520098,-0.336487,0.695105
Ayni,Kokand,282,689,0.228432,-0.356543,0.309878
Dushanbe,Termez,283,440,0.362685,-0.312107,0.475881
Dushanbe,Jirgatal,283,441,0.356491,-0.313075,0.468099
Dushanbe,Kulob,283,692,0.264551,-0.311387,0.346928
Ishim,Astana,284,285,0.510441,-0.397744,0.713466
Ishim,Omsk,284,291,0.510441,-0.397744,0.713466
Ishim,Kurgan,284,323,0.621732,-0.401193,0.871167
Ishim,Tyumen,284,635,0.481021,-0.393685,0.670391
Astana,Karaganda,285,286,0.595778,-0.406162,0.83776
Karaganda,Balkhash,286,287,0.747163,-0.407951,1.05197
Karaganda,Pavlodar,286,292,0.72282,-0.403793,1.01469
Balkhash,Burubaytal,287,288,0.495817,-0.398507,0.693403
Burubaytal,Almaty,288,289,0.639644,-0.388977,0.88845
Almaty,Bishkek,289,290,1.00295,-0.39299,1.39711
Almaty,Sary-Ozek,289,360,0.508764,-0.375777,0.699946
Almaty,Kokpek,289,695,0.410805,-0.380543,0.567134
Bishkek,Zhambyl,290,359,0.847617,-0.403335,1.18949
Bishkek,Osh,290,691,0.920596,-0.396705,1.2858
Omsk,Pavlodar,291,292,0.432515,-0.395401,0.603532
Pavlodar,Semey,292,293,0.385636,-0.390213,0.536116
Semey,Georgiyevka,293,294,0.173463,-0.367684,0.237243
Georgiyevka,Ayagoz,294,364,0.0888497,-0.334494,0.118569
Narvik,Kiruna,295,296,0.0778792,-0.276214,0.0993905
Narvik,Setermoen,295,498,0.0470582,-0.214337,0.0571445
Kiruna,Töre,296,297,0.151723,-0.307879,0.198435
Töre,Luleå,297,298,0.318991,-0.325371,0.422781
Luleå,Umeå,298,612,0.516032,-0.336119,0.68948
Luleå,Haparanda,298,613,0.365232,-0.329333,0.485515
Helsingborg,Halmstad,299,300,0.399058,-0.327833,0.529882
Helsingborg,Jönköping,299,605,0.27237,-0.308895,0.356503
Örebro,Stockholm,301,302,0.673921,-0.359066,0.915902
Örebro,Karlstad,301,620,0.402481,-0.35533,0.545494
Stockholm,Södertälje,302,608,0.508898,-0.354359,0.689231
Stockholm,Uppsala,302,609,0.586749,-0.361759,0.79901
Tallinn,Narva,303,304,1.06015,-0.568821,1.66319
Tallinn,Riga,303,547,1.48711,-0.560724,2.32097
Colchester,Ipswich,305,306,0.0221823,0,0.0221823
Ipswich,Cambridge,306,636,0.0221823,0,0.0221823
The Hague,Gouda,307,308,0.387653,-0.471146,0.570295
Amersfoort,Oldenzaal,309,310,0.594472,-0.496246,0.889475
Amersfoort,Hoogeveen,309,698,0.550181,-0.501909,0.826322
Oldenzaal,Osnabrück,310,311,0.488037,-0.506074,0.735019
Osnabrück,Bad Oeynhausen,311,312,0.875567,-0.52227,1.33285
Bad Oeynhausen,Dortmund,312,508,1.46525,-0.529409,2.24096
Braunschweig,Magdeburg,313,314,1.24993,-0.518029,1.89743
Magdeburg,Halle,314,518,1.34303,-0.517114,2.03753
Poznań,Warsaw,315,316,2.26467,-0.524119,3.45162
Poznań,Wrocław,315,339,1.43285,-0.515442,2.1714
Warsaw,Elbląg,316,564,1.75872,-0.525197,2.68239
Warsaw,Radom,316,565,2.09156,-0.524004,3.18754
Warsaw,Lublin,316,713,2.38195,-0.531245,3.64735
Brest,Rennes,317,365,0.375308,-0.467327,0.5507
Brest,Lorient,317,388,0.219391,-0.449926,0.3181
Minsk,Smolensk,318,319,2.477,-0.573081,3.89651
Minsk,Babruysk,318,703,2.19185,-0.580688,3.46463
Ryazan,Penza,320,321,1.46742,-0.572711,2.30782
Ufa,Yelabuga,322,632,1.09415,-0.44731,1.58357
Bruges,Ghent,324,325,1.32756,-0.539044,2.04318
Bruges,Zeebrugge,324,642,1.4317,-0.548457,2.21693
Ghent,Brussels,325,326,1.80369,-0.536126,2.77069
Brussels,Leuven,326,327,2.23861,-0.535543,3.43749
Leuven,Hasselt,327,708,1.42282,-0.536437,2.18607
Eupen,Aachen,328,329,1.69763,-0.533315,2.603
Eupen,St. Vith,328,653,0.864109,-0.532597,1.32433
Aachen,Heerlen,329,709,1.34033,-0.533591,2.05552
Olpe,Wetzlar,330,331,1.63206,-0.536043,2.50691
Wetzlar,Gießen,331,332,1.56637,-0.543216,2.41725
Wetzlar,Dortmund,331,508,2.27815,-0.537834,3.50342
Wetzlar,Aschaffenburg,331,509,1.68158,-0.545775,2.59934
Wetzlar,Koblenz,331,660,1.63605,-0.544702,2.5272
Gießen,Bad Hersfeld,332,333,0.95568,-0.543911,1.47548
Bad Hersfeld,Eisenach,333,334,0.46776,-0.53326,0.717198
Eisenach,Erfurt,334,335,0.478716,-0.51613,0.725796
Erfurt,Gera,335,336,0.983831,-0.512179,1.48773
Gera,Chemnitz,336,337,1.47422,-0.513935,2.23187
Gera,Leipzig,336,526,1.49069,-0.513792,2.2566
Gera,Hirschberg,336,527,1.04475,-0.512356,1.58003
Chemnitz,Plauen,337,519,1.39347,-0.513851,2.1095
Wrocław,Opole,339,340,1.2481,-0.506765,1.8806
Wrocław,Kłodzko,339,548,1.26633,-0.507874,1.90947
Opole,Gliwice,340,341,0.608572,-0.501476,0.913756
Gliwice,Zabrze,341,342,0.57941,-0.498553,0.868277
Kraków,Rzeszów,343,344,0.806898,-0.497012,1.20794
Kraków,Radom,343,565,0.908001,-0.514021,1.37473
Kraków,Trstená,343,566,1.00817,-0.506624,1.51893
Rzeszów,Jarosław,344,345,0.718991,-0.502383,1.0802
Rzeszów,Radom,344,565,0.767442,-0.509288,1.15829
Rzeszów,Barwinek,344,710,0.60065,-0.486575,0.892912
Jarosław,Korczowa,345,346,0.71341,-0.528154,1.0902
Korczowa,Lviv,346,347,1.46141,-0.544397,2.257
Lviv,Rivne,347,348,1.76555,-0.56122,2.75641
Lviv,Mukachevo,347,378,2.87669,-0.539711,4.42927
Lviv,Lublin,347,713,1.49752,-0.53594,2.3001
Rivne,Zhytomyr,348,349,1.04716,-0.560473,1.63407
Rivne,Kovel,348,714,1.02542,-0.565087,1.60488
Zhytomyr,Vinnytsia,349,381,1.85017,-0.54392,2.85652
Beyneu,Qo‘ng‘irot,351,352,0.600708,-0.46815,0.88193
Qo‘ng‘irot,Nukus,352,353,0.350492,-0.411066,0.494568
Nukus,Daşoguz,353,354,0.388427,-0.347825,0.523532
Daşoguz,Bukhara,354,355,0.372349,-0.30302,0.485178
Daşoguz,Ashgabat,354,432,0.430596,-0.298683,0.559208
Daşoguz,Uchkuduk,354,688,0.201771,-0.311436,0.26461
Bukhara,Navoiy,355,356,0.403339,-0.308161,0.527633
Bukhara,Alat,355,436,0.382001,-0.298749,0.496124
Bukhara,Karshi,355,437,0.384142,-0.299434,0.499168
Bukhara,Uchkuduk,355,688,0.239417,-0.30102,0.311486
Navoiy,Samarkand,356,357,0.262098,-0.335448,0.350018
Samarkand,Jizzakh,357,358,0.296697,-0.376493,0.408401
Sary-Ozek,Taldykorgan,360,361,0.266859,-0.351158,0.360568
Sary-Ozek,Koktal,360,697,0.245609,-0.358689,0.333707
Taldykorgan,Ucharal,361,362,0.129268,-0.320213,0.170661
Ucharal,Taskesken,362,363,0.0744628,-0.295568,0.0964716
Taskesken,Ayagoz,363,364,0.0636757,-0.282377,0.0816563
Rennes,Le Mans,365,366,0.882009,-0.483978,1.30888
Le Mans,Angers,366,391,0.71524,-0.485312,1.06235
Le Mans,Tours,366,392,0.840789,-0.496175,1.25797
Le Mans,Rouen,366,662,1.21874,-0.505494,1.83481
Reims,Charleroi,367,651,1.42425,-0.532455,2.1826
Reims,Charleville-Mézières,367,658,1.30719,-0.53335,2.00437
Reims,Rouen,367,662,1.59008,-0.52305,2.42177
Saarbrücken,Mannheim,368,369,2.24745,-0.548422,3.48001
Saarbrücken,Trier,368,659,1.17964,-0.546258,1.82402
Mannheim,Heilbronn,369,370,2.09199,-0.550835,3.24433
Rozvadov,Plzeň,371,372,1.92509,-0.534551,2.95414
Plzeň,Karlovy Vary,372,523,1.385,-0.525906,2.11338
Plzeň,České Budějovice,372,524,1.58904,-0.533633,2.437
Plzeň,Bayerisch Eisenstein,372,530,1.60735,-0.534841,2.46703
Trenčín,Prešov,373,374,1.13601,-0.515675,1.72182
Prešov,Košice,374,375,1.74025,-0.522976,2.65036
Prešov,Svidník,374,712,0.861911,-0.511913,1.30313
Košice,Vyšné Nemecké,375,376,0.874517,-0.529113,1.33724
Košice,Uzhhorod,375,377,1.66722,-0.530454,2.5516
Košice,Miskolc,375,552,1.61955,-0.528864,2.47608
Košice,Zvolen,375,568,1.70006,-0.523832,2.59061
Vyšné Nemecké,Uzhhorod,376,377,0.7927,-0.531933,1.21436
Uzhhorod,Mukachevo,377,378,2.65646,-0.524141,4.04883
Uzhhorod,Chop,377,723,1.32647,-0.537504,2.03945
Mukachevo,Stryj,378,379,2.04661,-0.526146,3.12342
Mukachevo,Halmeu,378,578,2.53615,-0.527369,3.87364
Khmelnytskyi,Vinnytsia,380,381,1.30422,-0.520738,1.98338
Vinnytsia,Uman,381,382,1.29253,-0.519176,1.96359
Vinnytsia,Mohyliv-Podilskyi,381,728,1.1571,-0.525036,1.76462
Uman,Kirovohrad,382,383,1.12516,-0.503553,1.69174
Kirovohrad,Dnipropetrovsk,383,384,0.872871,-0.490366,1.3009
Kirovohrad,Chişinău,383,672,1.70096,-0.499109,2.54993
Dnipropetrovsk,Donetsk,384,385,0.426757,-0.460302,0.623194
Donetsk,Rostov-on-Don,385,386,0.373518,-0.411549,0.527239
Rostov-on-Don,Armavir,386,387,0.414913,-0.381281,0.573111
Rostov-on-Don,Taganrog,386,675,0.339909,-0.401438,0.476361
Lorient,Vannes,388,389,0.260892,-0.451348,0.378646
Vannes,Nantes,389,390,0.5379,-0.470652,0.791064
Nantes,Angers,390,391,0.751049,-0.473559,1.10671
Nantes,Poitiers,390,676,0.961856,-0.496456,1.43937
Angers,Tours,391,392,0.620688,-0.484081,0.921151
Tours,Vierzon,392,503,0.824473,-0.49103,1.22931
Montargis,Auxerre,393,394,1.14579,-0.532849,1.75632
Auxerre,Beaune,394,395,1.97306,-0.544607,3.0476
Beaune,Dole,395,396,1.9128,-0.546981,2.95907
Beaune,Antwerp,395,505,3.21161,-0.547554,4.97013
Dole,Besançon,396,397,0.968722,-0.54735,1.49895
Besançon,Belfort,397,398,1.0851,-0.540374,1.67146
Zürich,Winterthur,399,400,1.3029,-0.511084,1.96879
Winterthur,St. Gallen,400,401,0.938742,-0.505662,1.41343
Winterthur,Schaffhausen,400,511,1.12244,-0.524739,1.71143
St. Gallen,St. Margrethen,401,402,0.897046,-0.498864,1.34455
St. Margrethen,Bregenz,402,403,1.46445,-0.507032,2.20697
St. Margrethen,Buchs,402,514,0.712568,-0.491477,1.06278
Bregenz,Feldkirch,403,748,1.43258,-0.506394,2.15803
Bregenz,Lindau,403,513,2.11426,-0.520059,3.2138
Feldkirch,Landeck,748,404,0.714327,-0.489506,1.06399
Feldkirch,Imst,748,406,0.748473,-0.488796,1.11432
Landeck,Telfs,404,405,0.52842,-0.479204,0.78164
Sattledt,Liezen,408,532,0.897555,-0.522487,1.36652
Sattledt,Wels,408,669,0.905336,-0.527771,1.38315
Sankt Pölten,Vienna,409,410,1.87527,-0.525173,2.86011
Vienna,Nickelsdorf,410,411,2.06951,-0.528756,3.16377
Vienna,Halámky,410,525,1.96234,-0.527112,2.99671
Vienna,Graz,410,534,2.75173,-0.51351,4.16477
Nickelsdorf,Mosonmagyaróvár,411,412,1.44678,-0.53324,2.21826
Szolnok,Püspökladány,413,414,1.77937,-0.532799,2.72742
Püspökladány,Oradea,414,415,2.36513,-0.52547,3.60794
Püspökladány,Nyíregyháza,414,722,1.32068,-0.537353,2.03036
Oradea,Cluj-Napoca,415,416,1.39608,-0.494757,2.0868
Oradea,Berettyóújfalu,415,570,1.685,-0.519922,2.56107
Oradea,Beiuş,415,571,1.2587,-0.50142,1.88984
Oradea,Satu Mare,415,579,1.81361,-0.517568,2.75228
Oradea,Arad,415,684,2.19875,-0.510364,3.3209
Cluj-Napoca,Turda,416,417,0.897789,-0.479954,1.32869
Cluj-Napoca,Zalău,416,580,0.770713,-0.500928,1.15679
Turda,Târgu Mureş,417,418,0.452952,-0.45812,0.660459
Turda,Sebeş,417,581,0.468521,-0.459227,0.683679
Târgu Mureş,Braşov,418,419,0.373505,-0.445104,0.539753
Braşov,Ploieşti,419,420,0.387568,-0.431934,0.554973
Braşov,Sibiu,419,582,0.42325,-0.457112,0.616722
Braşov,Piteşti,419,583,0.321575,-0.441363,0.463506
Slobozia,Hârşova,421,422,0.659253,-0.434444,0.945662
Slobozia,Galaţi,421,588,0.936131,-0.447666,1.35521
Hârşova,Constanţa,422,423,0.750635,-0.422486,1.06777
Constanţa,Varna,423,463,0.913263,-0.389873,1.26932
Constanţa,Tulcea,423,589,0.750635,-0.422486,1.06777
Senaki,Samtredia,424,425,0.0416773,-0.268715,0.0528766
Senaki,Zugdidi,424,604,0.0666913,-0.393307,0.0929215
Samtredia,Kutaisi,425,426,0.0390619,-0.164455,0.0454859
Kutaisi,Khashuri,426,427,0.0492944,-0.152163,0.0567952
Khashuri,Gori,427,428,0.0745285,-0.154961,0.0860775
Rustavi,Ganja,429,430,0.0882828,-0.222461,0.107922
Ganja,Yevlakh,430,431,0.0890845,-0.314351,0.117088
Ashgabat,Tejen,432,433,0.285014,-0.286725,0.366735
Tejen,Mary,433,434,0.167211,-0.281731,0.214319
Mary,Türkmenabat,434,435,0.143624,-0.290026,0.185279
Türkmenabat,Alat,435,436,0.203348,-0.292431,0.262813
Karshi,Guzar,437,438,0.209008,-0.295204,0.270707
Guzar,Sherobod,438,439,0.157273,-0.299837,0.204429
Sherobod,Termez,439,440,0.19985,-0.30087,0.259979
Jirgatal,Sary Tash,441,442,0.290875,-0.329521,0.386724
Jirgatal,Khorugh,441,694,0.208857,-0.308138,0.273214
Sary Tash,Irkeshtam,442,443,0.299592,-0.363774,0.408575
Irkeshtam,Osh,443,691,0.526276,-0.389056,0.731027
A Coruña,Bilbao,444,445,0.289425,-0.394207,0.403519
A Coruña,Pontevedra,444,481,0.150819,-0.373356,0.207128
Clermont-Ferrand,Montluçon,446,504,1.05154,-0.488059,1.56475
Chambéry,Susa,447,448,1.07411,-0.482614,1.59249
Chambéry,Marseille,447,736,0.760362,-0.4951,1.13682
Susa,Turin,448,449,0.864594,-0.455032,1.25801
Tortona,Brescia,450,451,0.536557,-0.439215,0.77222
Trieste,Postojna,452,453,0.462814,-0.467324,0.679098
Trieste,Ljubljana,452,454,0.834066,-0.471913,1.22767
Postojna,Ljubljana,453,454,0.546721,-0.476728,0.807358
Ljubljana,Maribor,454,535,0.875929,-0.485146,1.30088
Ljubljana,Naklo,454,538,1.27186,-0.485136,1.88889
Vršac,Timişoara,456,457,1.27133,-0.483155,1.88558
Timişoara,Drobeta-Turnu Severin,457,458,1.44826,-0.480053,2.1435
Timişoara,Arad,457,684,1.99638,-0.494531,2.98365
Drobeta-Turnu Severin,Craiova,458,459,1.5102,-0.473822,2.22576
Craiova,Alexandria,459,460,0.662073,-0.456837,0.964532
Craiova,Târgu Jiu,459,574,0.862676,-0.46878,1.26708
Craiova,Piteşti,459,583,0.832729,-0.460808,1.21646
Razgrad,Shumen,461,462,0.34739,-0.356704,0.471306
Shumen,Varna,462,463,0.492443,-0.364817,0.672094
Varna,Burgas,463,590,0.487213,-0.362398,0.663778
Lisbon,Valladolid,464,465,0.337035,-0.363474,0.459539
Lisbon,Porto,464,483,0.373067,-0.341256,0.500378
Lisbon,Albufeira,464,484,0.387102,-0.336781,0.51747
Toulouse,Nice,466,467,1.47156,-0.452835,2.13793
Nice,Cuneo,467,685,0.674397,-0.446104,0.975248
Sofia,Plovdiv,468,469,0.846064,-0.432623,1.21209
Sofia,Botevgrad,468,575,0.84313,-0.436356,1.21104
Sofia,Blagoevgrad,468,576,0.945602,-0.43639,1.35825
Sofia,Kyustendil,468,745,0.627861,-0.439343,0.903708
Plovdiv,Istanbul,469,470,0.384811,-0.40743,0.541595
Istanbul,İzmit,470,471,0.237126,-0.34529,0.319004
İzmit,Gerede,471,472,0.125032,-0.266673,0.158374
İzmit,Bursa,471,479,0.136199,-0.255735,0.17103
Gerede,Kızılcahamam,472,599,0.0818996,-0.225391,0.100359
Mazara del Vallo,Palermo,473,474,0.0221823,0,0.0221823
Metaponto,Taranto,475,476,0.0743792,-0.216154,0.0904566
Metaponto,Potenza,475,743,0.0522237,-0.18933,0.0621113
Ioannina,Trikala,477,687,0.168346,-0.333371,0.224468
Gelibolu,Keşan,478,596,0.44781,-0.388208,0.621654
Gelibolu,Ayvalık,478,597,0.450336,-0.387141,0.62468
Bursa,Ankara,479,480,0.100309,-0.215018,0.121877
Bursa,Balıkesir,479,746,0.118378,-0.22498,0.145011
Ankara,Kızılcahamam,480,599,0.0756863,-0.203706,0.0911041
Pontevedra,Valença,481,482,0.124831,-0.34984,0.168502
Valença,Porto,482,483,0.186184,-0.33711,0.248949
Albufeira,Castro Marim,484,485,0.228208,-0.327152,0.302867
Castro Marim,Huelva,485,486,0.218633,-0.32418,0.289509
Cherbourg-Octeville,La Rochelle,487,488,0.19321,-0.472219,0.284447
Cherbourg-Octeville,Caen,487,661,0.369192,-0.497147,0.552735
La Rochelle,Saintes,488,730,0.199702,-0.463118,0.292187
Oslo,Hamar,489,490,0.313434,-0.345518,0.421731
Oslo,Askim,489,619,0.324674,-0.349971,0.4383
Hamar,Lillehammer,490,491,0.197705,-0.342882,0.265495
Lillehammer,Dombås,491,492,0.217557,-0.348166,0.293302
Dombås,Trondheim,492,493,0.388899,-0.352173,0.525859
Trondheim,Stjørdal,493,494,0.381458,-0.352804,0.516038
Stjørdal,Steinkjer,494,495,0.195435,-0.345751,0.263007
Steinkjer,Mosjøen,495,496,0.144555,-0.341527,0.193925
Mosjøen,Mo i Rana,496,497,0.192415,-0.336656,0.257192
Mo i Rana,Umeå,497,612,0.369829,-0.341091,0.495975
Setermoen,Alta,498,499,0.0364098,-0.174062,0.0427473
Alta,Olderfjord,499,500,0.0384365,-0.147739,0.0441151
Olderfjord,Lakselv,500,501,0.0518203,-0.184665,0.0613897
Lakselv,Karasjok,501,502,0.084343,-0.22087,0.102972
Vierzon,Montluçon,503,504,0.629866,-0.489214,0.938005
Antwerp,Zeebrugge,505,642,2.07208,-0.549782,3.21128
Martigny,Sion,506,678,0.68272,-0.487261,1.01538
Bremen,Groningen,507,624,1.95404,-0.517824,2.96589
Stuttgart,Schaffhausen,510,511,1.55429,-0.545106,2.40155
Stuttgart,Ulm,510,512,1.39914,-0.547446,2.16509
Ulm,Lindau,512,513,1.29789,-0.537401,1.99537
Lindau,Waldshut,513,666,1.85646,-0.530007,2.8404
Buchs,Chur,514,515,0.313706,-0.461595,0.458511
Chur,San Bernardino,515,516,0.204454,-0.403279,0.286906
Halle,Plauen,518,519,1.29053,-0.514264,1.95421
Plauen,Schönberg,519,520,1.06173,-0.510285,1.60351
Plauen,Hof,519,528,1.38504,-0.513185,2.09582
Schönberg,Vojtanov,520,521,0.641646,-0.505808,0.966195
Vojtanov,Cheb,521,522,0.870661,-0.506584,1.31172
Cheb,Karlovy Vary,522,523,1.41657,-0.510753,2.14009
Cheb,Marktredwitz,522,663,1.1208,-0.512173,1.69485
Karlovy Vary,Teplice,523,715,0.880271,-0.510425,1.32958
České Budějovice,Halámky,524,525,1.15859,-0.532635,1.77569
Hirschberg,Hof,527,528,1.06709,-0.513729,1.61528
Hof,Bayreuth,528,529,1.67474,-0.517492,2.5414
Bayreuth,Marktredwitz,529,663,1.49127,-0.51995,2.26666
Bayerisch Eisenstein,Deggendorf,530,531,1.21498,-0.536815,1.8672
Liezen,Sankt Michael,532,533,0.778963,-0.514851,1.18001
Sankt Michael,Graz,533,534,1.46247,-0.509675,2.20786
Graz,Maribor,534,535,1.33388,-0.500488,2.00147
Graz,Spielfeld,534,536,0.959357,-0.507036,1.44579
Graz,Klagenfurt,534,683,1.8532,-0.501141,2.78192
Maribor,Spielfeld,535,536,0.49459,-0.490678,0.737274
Karavanke Tunnel,Naklo,537,538,0.9766,-0.499549,1.46446
Naklo,Loiblpass,538,734,0.949939,-0.498537,1.42352
Kemijärvi,Posio,539,540,0.110676,-0.260789,0.139539
Posio,Kuusamo,540,541,0.0715856,-0.254172,0.0897807
Kuusamo,Kajaani,541,542,0.0688855,-0.254616,0.0864249
Kajaani,Iisalmi,542,543,0.101264,-0.282662,0.129888
Iisalmi,Kuopio,543,544,0.19089,-0.296665,0.24752
Tampere,Turku,545,546,0.196688,-0.305264,0.25673
Tampere,Vaasa,545,616,0.267613,-0.30907,0.350324
Tampere,Hämeenlinna,545,618,0.330864,-0.310231,0.433509
Turku,Pori,546,617,0.136346,-0.303774,0.177765
Riga,Šiauliai,547,561,1.64102,-0.539938,2.52707
Riga,Rēzekne,547,627,1.63289,-0.553771,2.53714
Kłodzko,Kudowa-Zdrój,548,549,0.590143,-0.500544,0.885536
Kudowa-Zdrój,Náchod,549,550,0.504737,-0.494215,0.754186
Náchod,Hradec Králové,550,551,0.918229,-0.498201,1.37569
Hradec Králové,Olomouc,551,716,1.23828,-0.507206,1.86634
Miskolc,Debrecen,552,569,1.33586,-0.531851,2.04635
Szekszárd,Mohács,555,556,0.854066,-0.511938,1.29129
Mohács,Osijek,556,557,0.578045,-0.488354,0.860336
Osijek,Đakovo,557,558,0.395189,-0.457897,0.576145
Osijek,Sombor,557,735,0.615697,-0.481195,0.911967
Đakovo,Šamac,558,559,0.224733,-0.415909,0.318201
Šamac,Zenica,559,560,0.241213,-0.383965,0.333831
Zenica,Sarajevo,560,737,0.442929,-0.382408,0.612309
Šiauliai,Tolpaki,561,562,1.41751,-0.515137,2.14773
Šiauliai,Palanga,561,704,1.04477,-0.528104,1.59652
Šiauliai,Panevėžys,561,705,1.07351,-0.529184,1.6416
Tolpaki,Kaliningrad,562,563,0.982251,-0.504253,1.47755
Tolpaki,Nesterov,562,640,0.869557,-0.507243,1.31063
Trstená,Ružomberok,566,567,0.827809,-0.513814,1.25315
Ružomberok,Zvolen,567,568,1.49813,-0.520196,2.27745
Debrecen,Berettyóújfalu,569,570,0.988047,-0.528704,1.51043
Beiuş,Deva,571,572,0.922117,-0.496653,1.38009
Deva,Petroşani,572,573,0.905064,-0.47702,1.3368
Deva,Sibiu,572,582,1.15785,-0.474276,1.70699
Deva,Arad,572,684,1.50061,-0.488146,2.23312
Petroşani,Târgu Jiu,573,574,0.600324,-0.472322,0.88387
Botevgrad,Jablanica,575,585,0.383288,-0.424935,0.54616
Blagoevgrad,Serres,576,577,0.657229,-0.42516,0.936657
Halmeu,Satu Mare,578,579,2.12749,-0.525238,3.24492
Satu Mare,Zalău,579,580,0.967721,-0.513103,1.46426
Sebeş,Sibiu,581,582,0.528395,-0.457983,0.770391
Sibiu,Piteşti,582,583,0.628739,-0.459987,0.917951
Pleven,Jablanica,584,585,0.24919,-0.391943,0.346859
Izmail,Reni,586,587,0.806855,-0.506399,1.21545
Reni,Galaţi,587,588,0.869023,-0.476201,1.28285
Galaţi,Tulcea,588,589,0.697889,-0.448727,1.01105
Galaţi,Giurgiuleşti,588,729,1.01466,-0.477967,1.49963
Burgas,Malko Tarnovo,590,591,0.301961,-0.343091,0.405562
Malko Tarnovo,Dereköy,591,592,0.145648,-0.319446,0.192175
Dereköy,Kırklareli,592,593,0.0823887,-0.309818,0.107914
Kırklareli,Babaeski,593,594,0.0701803,-0.299852,0.091224
Babaeski,Havsa,594,595,0.100059,-0.347858,0.134866
Havsa,Keşan,595,596,0.199551,-0.372754,0.273935
Ayvalık,İzmir,597,598,0.206445,-0.365199,0.281839
İzmir,Manisa,598,747,0.113341,-0.320511,0.149668
Kherson,Dzhankoy,600,601,0.794299,-0.527411,1.21322
Kherson,Mykolaiv,600,673,1.00679,-0.516722,1.52703
Kherson,Melitopol,600,674,0.568964,-0.497618,0.852091
Sochi,Sukhumi,602,603,0.365224,-0.543436,0.563699
Sukhumi,Zugdidi,603,604,0.144166,-0.497981,0.215957
Jönköping,Linköping,605,606,0.205659,-0.304856,0.268356
Linköping,Norrköping,606,607,0.264342,-0.31285,0.347041
Norrköping,Södertälje,607,608,0.368382,-0.335022,0.491799
Norrköping,Kalmar,607,626,0.263516,-0.312598,0.345891
Uppsala,Sundsvall,609,610,0.613892,-0.360101,0.834955
Sundsvall,Örnsköldsvik,610,611,0.586731,-0.355452,0.795286
Örnsköldsvik,Umeå,611,612,0.498356,-0.347855,0.671712
Haparanda,Tornio,613,614,0.292605,-0.32627,0.388073
Kokkola,Vaasa,615,616,0.27836,-0.310817,0.364879
Vaasa,Pori,616,617,0.158841,-0.306634,0.207547
Askim,Karlstad,619,620,0.268774,-0.352723,0.363577
Kotka,Vaalimaa,621,622,0.347302,-0.496079,0.519591
Vaalimaa,Vyborg,622,623,0.72986,-0.563347,1.14102
Groningen,Hoogeveen,624,698,0.714229,-0.518329,1.08443
Sassnitz,Stralsund,625,699,0.411066,-0.513235,0.62204
Rēzekne,Velikiye Luki,627,628,1.6956,-0.574264,2.66933
Rēzekne,Daugavpils,627,702,1.10493,-0.553315,1.7163
Vladimir,Nizhny Novgorod,629,630,1.11491,-0.587699,1.77014
Nizhny Novgorod,Kazan,630,631,0.570918,-0.541211,0.879905
Kazan,Yelabuga,631,632,0.644901,-0.470503,0.948329
Yelabuga,Perm,632,633,0.572012,-0.441687,0.824662
Perm,Yekaterinburg,633,634,0.299288,-0.421666,0.425488
Yekaterinburg,Tyumen,634,635,0.278964,-0.398583,0.390154
Koszalin,Słupsk,637,638,0.240626,-0.49641,0.360075
Słupsk,Gdynia,638,639,0.381148,-0.499712,0.571612
Nesterov,Marijampolė,640,641,0.731574,-0.521813,1.11332
Aktobe,Karabutak,647,648,0.65548,-0.550523,1.01634
Karabutak,Aral,648,649,0.339875,-0.519048,0.516287
Aral,Novokazalinsk,649,650,0.377094,-0.461826,0.551246
Charleroi,Namur,651,652,0.977387,-0.535405,1.50068
St. Vith,Wittlich,653,654,0.908386,-0.53262,1.39221
Wittlich,Bingen,654,655,0.554022,-0.535655,0.850787
Bingen,Wiesbaden,655,656,0.793189,-0.545634,1.22598
Amiens,Charleville-Mézières,657,658,1.18548,-0.535301,1.82007
Trier,Koblenz,659,660,1.20952,-0.546334,1.87032
Caen,Rouen,661,662,0.912261,-0.509936,1.37746
Regensburg,Passau,667,668,0.977414,-0.53992,1.50514
Passau,Wels,668,669,1.03626,-0.534053,1.58967
Wels,Braunau am Inn,669,721,1.27389,-0.531385,1.95081
Iaşi,Sculeni,670,671,1.28592,-0.514835,1.94796
Iaşi,Bălţi,670,727,1.05578,-0.519967,1.60474
Sculeni,Chişinău,671,672,1.49037,-0.50525,2.24338
Chişinău,Giurgiuleşti,672,729,1.24041,-0.500259,1.86093
Melitopol,Taganrog,674,675,0.313799,-0.448178,0.454437
Poitiers,Mâcon,676,677,1.69883,-0.515406,2.57442
Sion,Simplon,678,679,0.373153,-0.456332,0.543435
Simplon,Gravellona Toce,679,680,0.404149,-0.426163,0.576383
Innichen,Spittal an der Drau,681,682,0.691631,-0.49666,1.03514
Klagenfurt,Loiblpass,683,734,1.05332,-0.50271,1.58284
Cuneo,Asti,685,686,0.418642,-0.438239,0.602108
Kokand,Andijan,689,690,0.409534,-0.391846,0.570009
Andijan,Osh,690,691,0.55996,-0.393643,0.780384
Kulob,Kalaikhumb,692,693,0.155658,-0.300823,0.202484
Kalaikhumb,Khorugh,693,694,0.140416,-0.29798,0.182257
Kokpek,Chundzha,695,696,0.211707,-0.36847,0.289714
Chundzha,Koktal,696,697,0.168623,-0.356028,0.228658
Stralsund,Neubrandenburg,699,700,0.599137,-0.514501,0.907393
Ukmergė,Daugavpils,701,702,1.12917,-0.543465,1.74283
Ukmergė,Panevėžys,701,705,1.08874,-0.531877,1.66781
Breda,Gorinchem,706,707,0.762337,-0.496522,1.14085
Hasselt,Heerlen,708,709,0.89954,-0.535869,1.38158
Barwinek,Vyšný Komárnik,710,711,0.338832,-0.47877,0.501055
Vyšný Komárnik,Svidník,711,712,0.401461,-0.495468,0.600372
Lublin,Kovel,713,714,1.08676,-0.545551,1.67964
Olomouc,Český Těšín,716,717,0.788967,-0.506594,1.18865
Garmisch-Partenkirchen,Mittenwald,718,719,0.864626,-0.519467,1.31377
Mittenwald,Seefeld,719,720,0.620168,-0.498432,0.929279
Nyíregyháza,Chop,722,723,0.85748,-0.543565,1.32358
Dunajská Streda,Medveďov,724,725,0.592211,-0.517973,0.89896
Medveďov,Vámosszabadi,725,726,0.51646,-0.521118,0.785597
Bălţi,Mohyliv-Podilskyi,727,728,0.72722,-0.521463,1.10644
Saintes,Angoulême,730,731,0.391164,-0.468281,0.574339
St. Johann in Tirol,Lofer,732,733,0.924619,-0.510705,1.39683
Sarajevo,Užice,737,738,0.560346,-0.40207,0.785644
Užice,Čačak,738,739,0.738996,-0.422468,1.0512
Čačak,Nova Varoš,739,740,0.735593,-0.423467,1.04709
Avellino,Benevento,741,742,0.203907,-0.309614,0.267039
Balıkesir,Manisa,746,747,0.0928909,-0.247265,0.11586
Warsaw,Brest-Litovsk,316,0,2.03465,-0.539407,3.13216
Brest-Litovsk,Minsk,0,318,1.78656,-0.554942,2.77799
Lyon,Mâcon,17,677,1.84185,-0.503084,2.76846
Beaune,Mâcon,395,677,2.80137,-0.525468,4.2734
