Glasgow,Preston,1,2,6.60044e-05,-0.48128,6.60044e-05
Glasgow,Edinburgh,1,13,6.60044e-05,-0.48128,6.60044e-05
Preston,Birmingham,2,3,6.60044e-05,-0.48128,6.60044e-05
Birmingham,Cambridge,3,636,6.60044e-05,-0.48128,6.60044e-05
Le Havre,Paris,4,5,2.01686,-0.515854,3.05727
Le Havre,Amiens,4,657,1.13674,-0.517017,1.72445
Paris,Orléans,5,6,2.07724,-0.511982,3.14075
Paris,Calais,5,16,1.74629,-0.515832,2.64708
Paris,Lyon,5,17,2.58777,-0.511969,3.91263
Paris,Brussels,5,326,3.08914,-0.517672,4.6883
Paris,Le Mans,5,366,1.67474,-0.513297,2.53438
Paris,Reims,5,367,1.93815,-0.516515,2.93923
Paris,Chaumont,5,665,2.81402,-0.516886,4.26855
Orléans,Bordeaux,6,7,0.987055,-0.505178,1.48569
Orléans,Tours,6,392,1.09081,-0.505779,1.64252
Orléans,Montargis,6,393,1.36934,-0.508049,2.06504
Orléans,Toulouse,6,466,1.12342,-0.502962,1.68846
Bordeaux,San Sebastián,7,8,0.543781,-0.496567,0.813804
Bordeaux,Clermont-Ferrand,7,446,1.04888,-0.501865,1.57528
Bordeaux,Toulouse,7,466,0.456692,-0.494419,0.682489
Bordeaux,Angoulême,7,731,0.6108,-0.499404,0.915836
San Sebastián,Burgos,8,9,0.26777,-0.482625,0.397002
San Sebastián,Bilbao,8,445,0.217505,-0.484453,0.322876
San Sebastián,Toulouse,8,466,0.361984,-0.490828,0.539656
Burgos,Madrid,9,10,0.151387,-0.470586,0.222628
Burgos,Valladolid,9,465,0.100496,-0.473189,0.148049
Madrid,Seville,10,11,0.0939033,-0.460099,0.137108
Madrid,Barcelona,10,21,0.226774,-0.478771,0.335347
Madrid,Valencia,10,24,0.105175,-0.465155,0.154098
Madrid,Lisbon,10,464,0.0954303,-0.463223,0.139636
Seville,Algeciras,11,12,0.0434922,-0.450148,0.0630702
Seville,Huelva,11,486,0.0454809,-0.449648,0.0659313
Algeciras,Málaga,12,28,0.0187201,-0.443906,0.0270301
Edinburgh,Newcastle,13,14,6.60044e-05,-0.48128,6.60044e-05
Newcastle,London,14,15,6.60044e-05,-0.48128,6.60044e-05
London,Colchester,15,305,6.60044e-05,-0.48128,6.60044e-05
Calais,Bruges,16,324,1.78493,-0.517521,2.70867
Calais,Rouen,16,662,1.16821,-0.516558,1.77166
Lyon,Orange,17,18,1.14878,-0.504419,1.72825
Lyon,Clermont-Ferrand,17,446,1.28582,-0.504654,1.93472
Lyon,Chambéry,17,447,1.16434,-0.508762,1.75671
Orange,Narbonne,18,19,0.514627,-0.501947,0.772943
Orange,Marseille,18,736,0.495681,-0.505896,0.746444
Narbonne,Girona,19,20,0.278035,-0.49493,0.415643
Girona,Barcelona,20,21,0.316658,-0.48688,0.470833
Barcelona,Tarragona,21,22,0.198734,-0.481801,0.294484
Barcelona,Toulouse,21,466,0.585095,-0.489548,0.871528
Tarragona,Castellón de la Plana,22,23,0.0936409,-0.474258,0.138051
Castellón de la Plana,Valencia,23,24,0.0773675,-0.464086,0.113273
Valencia,Alicante,24,25,0.0554981,-0.455466,0.0807756
Alicante,Murcia,25,26,0.02318,-0.449487,0.0335991
Murcia,Almería,26,27,0.0117,-0.442213,0.0168739
Almería,Málaga,27,28,0.0105679,-0.439272,0.0152101
Hook of Holland,Rotterdam,29,30,0.585057,-0.521291,0.890042
Hook of Holland,The Hague,29,307,0.315665,-0.521466,0.480273
Rotterdam,Eindhoven,30,31,1.46442,-0.521171,2.22763
Eindhoven,Maastricht,31,32,1.57996,-0.521294,2.40358
Eindhoven,Antwerp,31,505,2.62836,-0.519476,3.99374
Eindhoven,Venlo,31,643,2.0142,-0.521974,3.06556
Eindhoven,Breda,31,706,1.48012,-0.521178,2.25152
Maastricht,Liège,32,33,1.96826,-0.521742,2.99519
Liège,Bastogne,33,34,1.83775,-0.522079,2.79719
Liège,Leuven,33,327,2.99274,-0.521617,4.5538
Liège,Eupen,33,328,1.92316,-0.522966,2.92891
Liège,Antwerp,33,505,3.31678,-0.519917,5.04123
Liège,Namur,33,652,2.04369,-0.521455,3.10939
Liège,St. Vith,33,653,1.67978,-0.522133,2.55685
Liège,Charleville-Mézières,33,658,2.17963,-0.521224,3.31571
Bastogne,Arlon,34,35,1.10986,-0.522419,1.68967
Arlon,Luxembourg,35,36,1.54159,-0.522062,2.3464
Luxembourg,Metz,36,37,2.53957,-0.520379,3.86112
Luxembourg,St. Vith,36,653,1.86996,-0.52264,2.84728
Luxembourg,Charleville-Mézières,36,658,1.42671,-0.520483,2.16929
Luxembourg,Trier,36,659,1.84299,-0.522956,2.80679
Metz,Saint-Avold,37,38,3.04148,-0.519887,4.6227
Metz,Lausanne,37,44,2.50392,-0.519023,3.80351
Metz,Geneva,37,45,2.70286,-0.515699,4.09673
Metz,Brussels,37,326,3.48123,-0.519644,5.29023
Metz,Reims,37,367,2.52893,-0.513531,3.82761
Metz,Saarbrücken,37,368,2.90833,-0.521447,4.42487
Saint-Avold,Strasbourg,38,39,2.31154,-0.520754,3.51528
Strasbourg,Mulhouse,39,40,2.91654,-0.521682,4.43805
Strasbourg,Appenweier,39,664,2.20067,-0.522166,3.34979
Mulhouse,Basel,40,41,2.79028,-0.520915,4.24378
Mulhouse,Belfort,40,398,2.09218,-0.520098,3.18032
Mulhouse,Chaumont,40,665,2.64403,-0.519562,4.01777
Basel,Olten,41,42,1.66454,-0.520362,2.53071
Basel,Offenburg,41,61,2.38914,-0.521746,3.63567
Basel,Zürich,41,399,1.95202,-0.520742,2.96852
Basel,Waldshut,41,666,2.30261,-0.520309,3.50068
Olten,Bern,42,43,1.67695,-0.516508,2.5431
Olten,Lucerne,42,62,1.04385,-0.519267,1.58588
Bern,Lausanne,43,44,1.37171,-0.517648,2.08178
Bern,Belfort,43,398,1.72303,-0.519742,2.61856
Bern,Martigny,43,506,0.951513,-0.514707,1.44126
Lausanne,Geneva,44,45,1.0515,-0.510431,1.58822
Lausanne,Martigny,44,506,0.821475,-0.514388,1.24403
Geneva,Mont Blanc,45,46,1.17264,-0.510329,1.77107
Geneva,Chambéry,45,447,1.29798,-0.508065,1.95744
Geneva,Mâcon,45,677,2.06967,-0.512517,3.13041
Mont Blanc,Aosta,46,47,0.683654,-0.507987,1.03094
Aosta,Ivrea,47,48,0.584871,-0.497678,0.875949
Aosta,Martigny,47,506,0.797651,-0.503397,1.19919
Ivrea,Vercelli,48,49,0.229024,-0.493648,0.342082
Ivrea,Turin,48,449,0.338667,-0.491734,0.505202
Vercelli,Alessandria,49,50,0.184361,-0.482285,0.273275
Alessandria,Genoa,50,51,0.224335,-0.471391,0.330084
Alessandria,Turin,50,449,0.234681,-0.483642,0.348183
Alessandria,Tortona,50,450,0.159549,-0.47339,0.235078
Alessandria,Asti,50,686,0.208107,-0.475677,0.307098
Genoa,Rome,51,74,0.422906,-0.459191,0.6171
Genoa,Tortona,51,450,0.246226,-0.464688,0.360644
Genoa,Nice,51,467,0.375222,-0.475774,0.553743
Amsterdam,Utrecht,52,53,1.34193,-0.521471,2.04171
Amsterdam,Amersfoort,52,309,0.781218,-0.521138,1.18834
Amsterdam,Brussels,52,326,3.29287,-0.520278,5.00607
Amsterdam,Groningen,52,624,1.40238,-0.521958,2.13437
Utrecht,Arnhem,53,54,1.02212,-0.522342,1.55602
Utrecht,Gouda,53,308,0.827095,-0.521817,1.25869
Utrecht,Amersfoort,53,309,0.770689,-0.522045,1.17302
Utrecht,Gorinchem,53,707,0.979336,-0.521744,1.4903
Arnhem,Emmerich,54,55,0.931139,-0.523361,1.41846
Emmerich,Oberhausen,55,56,1.8148,-0.52387,2.76552
Oberhausen,Cologne,56,57,3.12581,-0.524399,4.76498
Oberhausen,Dortmund,56,508,2.19768,-0.523928,3.3491
Oberhausen,Venlo,56,643,2.06152,-0.522982,3.13967
Cologne,Frankfurt am Main,57,58,3.64651,-0.525183,5.5616
Cologne,Aachen,57,329,3.19324,-0.525249,4.87049
Cologne,Olpe,57,330,2.2536,-0.525132,3.43704
Cologne,Bremen,57,507,3.30745,-0.524141,5.04102
Frankfurt am Main,Heidelberg,58,59,3.27152,-0.525402,4.99039
Frankfurt am Main,Gießen,58,332,2.32634,-0.525674,3.54924
Frankfurt am Main,Mannheim,58,369,3.76514,-0.525188,5.74255
Frankfurt am Main,Aschaffenburg,58,509,2.72176,-0.524889,4.15038
Frankfurt am Main,Wiesbaden,58,656,2.67176,-0.525803,4.07658
Heidelberg,Karlsruhe,59,60,2.75592,-0.524443,4.20125
Karlsruhe,Offenburg,60,61,2.35407,-0.522483,3.58403
Karlsruhe,Stuttgart,60,510,3.28588,-0.52265,5.00325
Karlsruhe,Appenweier,60,664,2.51281,-0.523199,3.82751
Lucerne,Altdorf,62,63,0.766984,-0.520114,1.1659
Altdorf,Gotthard Pass,63,64,0.537558,-0.520109,0.817147
Altdorf,Zürich,63,399,1.01088,-0.520061,1.53661
Gotthard Pass,Bellinzona,64,65,0.269863,-0.518552,0.409801
Bellinzona,Lugano,65,66,0.136107,-0.511161,0.20568
Bellinzona,San Bernardino,65,516,0.152028,-0.515405,0.230384
Lugano,Chiasso,66,67,0.0847303,-0.492903,0.126494
Chiasso,Como,67,68,0.116881,-0.474489,0.172339
Como,Milan,68,69,0.259949,-0.470578,0.382275
Milan,Piacenza,69,70,0.299105,-0.467168,0.438838
Milan,Turin,69,449,0.361762,-0.480282,0.53551
Milan,Tortona,69,450,0.212475,-0.469164,0.312161
Milan,Brescia,69,451,0.264248,-0.466625,0.387552
Milan,Gravellona Toce,69,680,0.285518,-0.474044,0.420867
Piacenza,Parma,70,71,0.216954,-0.461148,0.317002
Parma,Modena,71,72,0.334899,-0.458485,0.488446
Modena,Florence,72,73,0.385833,-0.453965,0.560988
Modena,Verona,72,94,0.451234,-0.458305,0.658036
Modena,Bologna,72,95,0.376511,-0.453756,0.547355
Florence,Rome,73,74,0.347737,-0.45332,0.505373
Rome,Pescara,74,125,0.340594,-0.451474,0.494364
Östersund,Mora,75,76,0.0361182,-0.344882,0.0485748
Östersund,Trondheim,75,493,0.0430318,-0.344947,0.0578755
Östersund,Sundsvall,75,610,0.0450068,-0.343977,0.060488
Mora,Säffle,76,77,0.0264177,-0.345421,0.0355429
Säffle,Gothenburg,77,78,0.0349677,-0.345761,0.0470581
Gothenburg,Halmstad,78,300,0.0335132,-0.345824,0.0451029
Gothenburg,Örebro,78,301,0.0361731,-0.345639,0.0486759
Gothenburg,Oslo,78,489,0.0307431,-0.345945,0.0413785
Hamburg,Hanover,79,80,2.02575,-0.522157,3.08351
Hamburg,Berlin,79,108,2.19772,-0.520886,3.34248
Hamburg,Bremen,79,507,2.54251,-0.52299,3.87222
Hamburg,Lübeck,79,517,1.15686,-0.521714,1.7604
Hanover,Göttingen,80,81,1.41285,-0.523273,2.15215
Hanover,Bad Oeynhausen,80,312,1.622,-0.523208,2.47064
Hanover,Braunschweig,80,313,1.49234,-0.521422,2.27048
Göttingen,Kassel,81,82,1.28204,-0.524,1.95383
Kassel,Fulda,82,83,1.73339,-0.524371,2.64234
Kassel,Dortmund,82,508,2.00973,-0.524256,3.06335
Fulda,Würzburg,83,84,2.51236,-0.524179,3.82928
Würzburg,Nuremberg,84,85,3.73448,-0.522864,5.68711
Würzburg,Aschaffenburg,84,509,3.30824,-0.524382,5.04302
Würzburg,Stuttgart,84,510,2.63658,-0.523958,4.01804
Würzburg,Ulm,84,512,1.69976,-0.521953,2.58695
Nuremberg,Munich,85,86,3.12376,-0.518754,4.74422
Nuremberg,Heilbronn,85,370,3.35547,-0.522931,5.11014
Nuremberg,Rozvadov,85,371,2.61442,-0.520199,3.97443
Nuremberg,Bayreuth,85,529,3.51017,-0.520698,5.33791
Nuremberg,Regensburg,85,667,2.48606,-0.520354,3.77969
Munich,Rosenheim,86,87,2.21252,-0.515652,3.35341
Munich,Salzburg,86,115,2.62587,-0.514399,3.97662
Munich,Ulm,86,512,2.24742,-0.518402,3.41249
Munich,Lindau,86,513,2.45265,-0.515745,3.71759
Munich,Deggendorf,86,531,2.44092,-0.517251,3.70348
Munich,Garmisch-Partenkirchen,86,718,2.1479,-0.515886,3.25597
Munich,Braunau am Inn,86,721,1.90976,-0.516067,2.89533
Rosenheim,Wörgl,87,88,1.46605,-0.514166,2.21984
Rosenheim,Bad Reichenhall,87,407,1.16631,-0.514096,1.76591
Wörgl,Innsbruck,88,89,1.38674,-0.51217,2.09698
Wörgl,St. Johann in Tirol,88,732,1.04156,-0.512859,1.57573
Innsbruck,Brenner,89,90,0.804239,-0.509657,1.21413
Innsbruck,Telfs,89,405,0.707959,-0.511432,1.07003
Innsbruck,Imst,89,406,0.723541,-0.511499,1.09363
Innsbruck,Seefeld,89,720,0.83412,-0.511528,1.2608
Brenner,Fortezza,90,91,0.484764,-0.505261,0.729696
Fortezza,Bolzano,91,92,0.317921,-0.495207,0.475358
Fortezza,Innichen,91,681,0.422426,-0.502898,0.634863
Bolzano,Trento,92,93,0.23995,-0.475876,0.354136
Trento,Verona,93,94,0.390351,-0.462377,0.570841
Verona,Mestre,94,120,0.550747,-0.460439,0.804332
Verona,Brescia,94,451,0.411131,-0.460537,0.600473
Bologna,Cesena,95,96,0.320472,-0.451977,0.465318
Cesena,Perugia,96,97,0.222501,-0.451173,0.322887
Cesena,Ravenna,96,121,0.334857,-0.455025,0.487225
Cesena,Rimini,96,122,0.23042,-0.450862,0.334308
Perugia,Fiano Romano,97,98,0.0916489,-0.449756,0.132869
Fiano Romano,Naples,98,99,0.0432365,-0.447934,0.0626036
Naples,Salerno,99,100,0.0115142,-0.44608,0.0166504
Naples,Avellino,99,741,0.017205,-0.444181,0.0248472
Salerno,Sicignano degli Alburni,100,101,0.0067147,-0.440874,0.00967504
Salerno,Avellino,100,741,0.00880046,-0.440067,0.0126733
Sicignano degli Alburni,Potenza,101,743,0.00356877,-0.437813,0.00513122
Messina,Catania,102,103,6.60044e-05,-0.48128,6.60044e-05
Messina,Palermo,102,474,6.60044e-05,-0.48128,6.60044e-05
Catania,Siracusa,103,104,6.60044e-05,-0.48128,6.60044e-05
Siracusa,Gela,104,105,6.60044e-05,-0.48128,6.60044e-05
Gela,Mazara del Vallo,105,473,6.60044e-05,-0.48128,6.60044e-05
Helsingborg,Copenhagen,299,106,0.00746925,-0.345589,0.0100505
Copenhagen,Malmö,106,135,0.0038258,-0.345267,0.00514673
Rostock,Berlin,107,108,1.64596,-0.519936,2.50175
Rostock,Lübeck,107,517,0.827398,-0.520631,1.25817
Rostock,Sassnitz,107,625,0.695806,-0.519887,1.05755
Berlin,Lübbenau,108,109,2.4624,-0.519564,3.74178
Berlin,Szczecin,108,137,1.95134,-0.519872,2.96579
Berlin,Świebodzin,108,139,2.33571,-0.520489,3.55142
Berlin,Magdeburg,108,314,2.46827,-0.52007,3.75195
Berlin,Leipzig,108,526,2.17463,-0.519536,3.30443
Berlin,Neubrandenburg,108,700,1.51796,-0.519905,2.30716
Lübbenau,Dresden,109,110,1.80961,-0.519038,2.74886
Lübbenau,Cottbus,109,644,1.34539,-0.519282,2.04403
Dresden,Ústí nad Labem,110,111,1.83695,-0.517751,2.78804
Dresden,Chemnitz,110,337,2.06218,-0.518698,3.13184
Dresden,Görlitz,110,338,1.32465,-0.518793,2.01187
Ústí nad Labem,Prague,111,112,2.05938,-0.516379,3.1228
Prague,Tábor,112,113,1.98364,-0.514285,3.00379
Prague,Mladá Boleslav,112,146,1.16019,-0.516208,1.75909
Prague,Jihlava,112,147,2.0036,-0.513812,3.03307
Prague,Plzeň,112,372,2.24486,-0.515801,3.40276
Prague,Karlovy Vary,112,523,1.38605,-0.516491,2.10194
Prague,Hradec Králové,112,551,1.50347,-0.515714,2.27883
Tábor,Linz,113,114,1.74723,-0.51368,2.64475
Linz,Salzburg,114,115,1.83824,-0.512745,2.78079
Linz,Sattledt,114,408,0.745253,-0.512729,1.12737
Linz,Sankt Pölten,114,409,1.73993,-0.511909,2.63061
Linz,Wels,114,669,1.32037,-0.513972,1.99901
Salzburg,Villach,115,116,2.7115,-0.50901,4.09167
Salzburg,Bad Reichenhall,115,407,1.41249,-0.512674,2.13663
Salzburg,Sattledt,115,408,1.48121,-0.512564,2.24042
Salzburg,Lofer,115,733,1.68863,-0.512808,2.55457
Villach,Tarvisio,116,117,1.39014,-0.505006,2.09216
Villach,Karavanke Tunnel,116,537,1.19269,-0.50296,1.79256
Villach,Spittal an der Drau,116,682,1.36518,-0.506196,2.05623
Villach,Klagenfurt,116,683,1.45458,-0.504612,2.18857
Tarvisio,Udine,117,118,0.660666,-0.498581,0.990062
Udine,Palmanova,118,119,0.589989,-0.484719,0.875968
Palmanova,Mestre,119,120,0.65755,-0.471608,0.967657
Palmanova,Trieste,119,452,0.684359,-0.480119,1.01293
Mestre,Ravenna,120,121,0.420325,-0.460685,0.613963
Rimini,Fano,122,123,0.114491,-0.448536,0.165844
Fano,Ancona,123,124,0.101269,-0.4466,0.146495
Ancona,Pescara,124,125,0.1785,-0.447442,0.258368
Pescara,Canosa di Puglia,125,126,0.193356,-0.446868,0.27976
Canosa di Puglia,Bari,126,127,0.0625244,-0.44358,0.0902589
Canosa di Puglia,Benevento,126,742,0.0643067,-0.443834,0.0928482
Bari,Brindisi,127,128,0.016862,-0.441673,0.0243095
Bari,Taranto,127,476,0.0159896,-0.441494,0.0230489
Brindisi,Taranto,128,476,0.00394623,-0.438198,0.00567546
Igoumenitsa,Preveza,129,130,0.00997744,-0.403609,0.0140044
Igoumenitsa,Ioannina,129,477,0.0229585,-0.406076,0.0322814
Preveza,Rhion,130,131,0.00505033,-0.399418,0.00706753
Rhion,Patras,131,132,0.00185563,-0.392017,0.00258306
Rhion,Aigio,131,175,0.00185563,-0.392017,0.00258306
Patras,Pyrgos,132,133,0.000814685,-0.385781,0.00112897
Pyrgos,Kalamata,133,134,0.000402324,-0.377077,0.000554032
Kalamata,Tripoli,134,177,0.000293378,-0.37135,0.000402324
Malmö,Helsingborg,135,299,0.0102844,-0.345511,0.0138378
Malmö,Kalmar,135,626,0.00979265,-0.345266,0.0131737
Goleniów,Szczecin,136,137,0.831118,-0.519872,1.26319
Goleniów,Koszalin,136,637,0.358222,-0.520598,0.544712
Szczecin,Gorzów Wielkopolski,137,138,0.885343,-0.520194,1.34589
Gorzów Wielkopolski,Świebodzin,138,139,1.06303,-0.521049,1.61692
Świebodzin,Zielona Góra,139,140,1.40558,-0.521139,2.13809
Świebodzin,Poznań,139,315,2.22543,-0.52278,3.38884
Zielona Góra,Legnica,140,141,1.40938,-0.521206,2.14395
Legnica,Jelenia Góra,141,142,1.26257,-0.519889,1.91897
Legnica,Görlitz,141,338,1.40075,-0.519578,2.12855
Legnica,Wrocław,141,339,2.12847,-0.520314,3.23595
Legnica,Cottbus,141,644,1.40219,-0.519608,2.13077
Jelenia Góra,Harrachov,142,143,0.544086,-0.519404,0.826687
Harrachov,Železný Brod,143,144,0.390799,-0.518341,0.593366
Železný Brod,Turnov,144,145,0.642645,-0.517429,0.975168
Turnov,Mladá Boleslav,145,146,0.682047,-0.516674,1.03444
Turnov,Hradec Králové,145,551,0.962919,-0.51657,1.46033
Turnov,Teplice,145,715,0.831465,-0.517535,1.26178
Jihlava,Brno,147,148,1.0135,-0.512309,1.53272
Jihlava,Vienna,147,410,1.63231,-0.512005,2.46806
Brno,Bratislava,148,149,1.42622,-0.51026,2.15396
Brno,Trenčín,148,373,1.4104,-0.512157,2.13274
Brno,Vienna,148,410,1.62748,-0.509914,2.45735
Brno,Olomouc,148,716,1.42372,-0.513189,2.15436
Bratislava,Rajka,149,150,1.52854,-0.508953,2.30649
Bratislava,Žilina,149,195,1.62,-0.512096,2.44959
Bratislava,Győr,149,196,1.55924,-0.503893,2.34494
Bratislava,Vienna,149,410,2.1479,-0.505253,3.23314
Bratislava,Zvolen,149,568,2.1384,-0.510466,3.22998
Bratislava,Dunajská Streda,149,724,1.31237,-0.50913,1.98053
Rajka,Csorna,150,151,0.605705,-0.508775,0.913873
Csorna,Szombathely,151,152,0.299208,-0.505434,0.450437
Szombathely,Zalaegerszeg,152,153,0.295169,-0.497466,0.442006
Zalaegerszeg,Nagykanizsa,153,154,0.584804,-0.493024,0.873127
Nagykanizsa,Letenye,154,155,0.364222,-0.492033,0.543431
Nagykanizsa,Zagreb,154,156,0.794493,-0.489277,1.18322
Nagykanizsa,Balatonvilágos,154,553,1.15865,-0.493312,1.73022
Letenye,Zagreb,155,156,0.430271,-0.486943,0.639788
Zagreb,Karlovac,156,157,0.631044,-0.48628,0.937908
Zagreb,Ljubljana,156,454,0.611759,-0.488065,0.910337
Zagreb,Slavonski Brod,156,455,0.702184,-0.478095,1.03789
Zagreb,Maribor,156,535,0.735027,-0.49194,1.09662
Karlovac,Rijeka,157,158,0.279741,-0.484074,0.415157
Karlovac,Knin,157,554,0.224521,-0.484232,0.333242
Rijeka,Split,158,159,0.189353,-0.481522,0.280531
Rijeka,Trieste,158,452,0.480294,-0.483539,0.712535
Split,Dubrovnik,159,160,0.136778,-0.474039,0.201617
Split,Knin,159,554,0.134133,-0.480736,0.198616
Dubrovnik,Petrovac,160,161,0.0448263,-0.466893,0.0657553
Dubrovnik,Podgorica,160,162,0.0997587,-0.459752,0.145623
Petrovac,Podgorica,161,162,0.0660325,-0.453793,0.0959977
Petrovac,Prizren,161,744,0.0604876,-0.454401,0.0879732
Podgorica,Bijelo Polje,162,163,0.10129,-0.454571,0.147333
Podgorica,Pristina,162,164,0.140095,-0.453611,0.203644
Podgorica,Sarajevo,162,737,0.174149,-0.455028,0.253392
Bijelo Polje,Pristina,163,164,0.141043,-0.453577,0.205016
Bijelo Polje,Nova Varoš,163,740,0.153326,-0.456458,0.223312
Pristina,Skopje,164,165,0.189524,-0.45034,0.274874
Pristina,Niš,164,202,0.372717,-0.456127,0.542724
Pristina,Prizren,164,744,0.116029,-0.452983,0.168589
Skopje,Kičevo,165,166,0.129365,-0.446521,0.187129
Skopje,Kumanovo,165,203,0.185877,-0.450355,0.269588
Skopje,Veles,165,204,0.136743,-0.444457,0.197519
Kičevo,Ohrid,166,167,0.0535029,-0.443729,0.0772436
Ohrid,Bitola,167,168,0.0251226,-0.436757,0.0360951
Bitola,Niki,168,169,0.0186873,-0.421865,0.0265709
Niki,Vevi,169,170,0.0280191,-0.411114,0.0395381
Vevi,Kozani,170,171,0.0603889,-0.409422,0.0851135
Kozani,Larissa,171,172,0.0408595,-0.409272,0.0575822
Kozani,Thessaloniki,171,207,0.133397,-0.412019,0.188359
Kozani,Ioannina,171,477,0.0497699,-0.408875,0.0701196
Larissa,Domokos,172,173,0.0181515,-0.408102,0.0255592
Larissa,Lamia,172,174,0.0181515,-0.408102,0.0255592
Larissa,Katerini,172,208,0.0519486,-0.410345,0.0732654
Larissa,Trikala,172,687,0.0258459,-0.407479,0.0363776
Domokos,Lamia,173,174,6.60044e-05,-0.48128,3.30022e-05
Aigio,Corinth,175,176,0.000814685,-0.385781,0.00112897
Corinth,Tripoli,176,177,0.000402324,-0.377077,0.000554032
Varangerbotn,Utsjoki,178,179,0.0673641,-0.527647,0.102908
Varangerbotn,Kirkenes,178,243,0.168867,-0.529423,0.258269
Varangerbotn,Karasjok,178,502,0.0669967,-0.528679,0.102416
Utsjoki,Inari,179,180,0.0261199,-0.520088,0.0397045
Inari,Ivalo,180,181,0.012045,-0.48737,0.0179153
Ivalo,Sodankylä,181,182,0.00971078,-0.419264,0.0137822
Sodankylä,Rovaniemi,182,183,0.011253,-0.368801,0.0154031
Sodankylä,Kemijärvi,182,539,0.00717068,-0.3782,0.00988263
Rovaniemi,Kemi,183,184,0.0158008,-0.358494,0.0214653
Kemi,Oulu,184,185,0.0232909,-0.367117,0.0318414
Kemi,Tornio,184,614,0.0163252,-0.353397,0.0220945
Oulu,Jyväskylä,185,186,0.0227922,-0.382547,0.0315113
Oulu,Kokkola,185,615,0.017315,-0.38091,0.0239105
Jyväskylä,Heinola,186,187,0.0292699,-0.416131,0.0414501
Jyväskylä,Kuopio,186,544,0.0219257,-0.391521,0.03051
Jyväskylä,Tampere,186,545,0.0290659,-0.408015,0.0409252
Heinola,Lahti,187,188,0.0313733,-0.460022,0.0458057
Lahti,Helsinki,188,189,0.0623415,-0.489856,0.0928799
Helsinki,Hämeenlinna,189,618,0.0629517,-0.489409,0.0937609
Helsinki,Kotka,189,621,0.167988,-0.519407,0.255242
Gdańsk,Świecie,190,191,1.71847,-0.526853,2.62385
Gdańsk,Kaliningrad,190,563,1.3261,-0.529911,2.02882
Gdańsk,Elbląg,190,564,1.47258,-0.527578,2.24948
Gdańsk,Gdynia,190,639,1.05169,-0.527731,1.60671
Świecie,Łódź,191,192,1.2156,-0.525267,1.85412
Świecie,Poznań,191,315,1.62007,-0.525545,2.47149
Łódź,Piotrków Trybunalski,192,193,1.39294,-0.52531,2.12467
Piotrków Trybunalski,Katowice,193,194,1.64882,-0.52365,2.51223
Piotrków Trybunalski,Warsaw,193,316,2.39843,-0.527365,3.66328
Piotrków Trybunalski,Wrocław,193,339,1.66607,-0.523518,2.53829
Katowice,Žilina,194,195,1.35522,-0.518461,2.05786
Katowice,Zabrze,194,342,1.19332,-0.521252,1.81533
Katowice,Kraków,194,343,1.83138,-0.521602,2.78664
Katowice,Český Těšín,194,717,0.947706,-0.520356,1.44085
Žilina,Olomouc,195,716,0.814448,-0.514898,1.23381
Győr,Budapest,196,197,2.16185,-0.501852,3.24677
Győr,Vámosszabadi,196,726,0.981458,-0.504771,1.47687
Budapest,Szeged,197,198,2.25599,-0.491245,3.36424
Budapest,Mosonmagyaróvár,197,412,2.30178,-0.500337,3.45344
Budapest,Szolnok,197,413,2.24138,-0.493739,3.34803
Budapest,Miskolc,197,552,2.2943,-0.498904,3.43894
Budapest,Balatonvilágos,197,553,2.00937,-0.494098,3.00219
Budapest,Szekszárd,197,555,1.82754,-0.495068,2.73229
Budapest,Zvolen,197,568,2.12124,-0.501628,3.18531
Szeged,Subotica,198,199,1.32426,-0.489595,1.97262
Szeged,Arad,198,684,1.62851,-0.482157,2.4137
Subotica,Novi Sad,199,200,0.766028,-0.481497,1.13487
Subotica,Sombor,199,735,0.698817,-0.487907,1.03977
Novi Sad,Belgrade,200,201,0.74229,-0.473175,1.09352
Belgrade,Niš,201,202,0.626267,-0.464629,0.91725
Belgrade,Slavonski Brod,201,455,0.665487,-0.472704,0.980065
Belgrade,Vršac,201,456,0.608462,-0.468169,0.893325
Belgrade,Čačak,201,739,0.538894,-0.465292,0.789637
Niš,Kumanovo,202,203,0.266434,-0.457666,0.388371
Niš,Drobeta-Turnu Severin,202,458,0.608192,-0.462615,0.889551
Niš,Sofia,202,468,0.456838,-0.447242,0.661155
Kumanovo,Kyustendil,203,745,0.170098,-0.448685,0.246419
Veles,Gevgelija,204,205,0.0742835,-0.434151,0.106534
Gevgelija,Evzoni,205,206,0.0763248,-0.41957,0.108348
Evzoni,Thessaloniki,206,207,0.142413,-0.414034,0.201377
Thessaloniki,Katerini,207,208,0.0965378,-0.412885,0.136397
Thessaloniki,Alexandroupoli,207,233,0.201304,-0.412192,0.28428
Thessaloniki,Serres,207,577,0.171215,-0.418894,0.242936
Klaipėda,Kaunas,209,210,1.95758,-0.535114,3.00511
Klaipėda,Palanga,209,704,1.14701,-0.535995,1.7618
Kaunas,Vilnius,210,211,2.17271,-0.534869,3.33483
Kaunas,Warsaw,210,316,4.17968,-0.532131,6.40381
Kaunas,Riga,210,547,2.86319,-0.534642,4.39398
Kaunas,Ukmergė,210,701,1.82689,-0.534966,2.80421
Vilnius,Lida,211,212,2.0307,-0.535475,3.11808
Vilnius,Minsk,211,318,4.12177,-0.533475,6.32064
Vilnius,Marijampolė,211,641,2.13167,-0.535664,3.27353
Vilnius,Ukmergė,211,701,2.13366,-0.535727,3.27673
Lida,Slonim,212,213,0.793818,-0.53535,1.21879
Slonim,Kobryn,213,214,0.406881,-0.531369,0.623085
Kobryn,Dubno,214,215,0.452352,-0.523067,0.688962
Dubno,Ternopil,215,216,0.971043,-0.519064,1.47508
Ternopil,Chernivtsi,216,217,1.09378,-0.516241,1.65843
Ternopil,Stryj,216,379,1.55134,-0.515508,2.35107
Ternopil,Khmelnytskyi,216,380,1.37944,-0.52124,2.09847
Chernivtsi,Siret,217,218,0.819053,-0.50998,1.23675
Siret,Suceava,218,219,1.37973,-0.504886,2.07634
Suceava,Roman,219,220,1.35774,-0.50241,2.03989
Suceava,Halmeu,219,578,2.09419,-0.501552,3.14453
Suceava,Iaşi,219,670,1.83559,-0.50633,2.765
Roman,Urziceni,220,221,0.746148,-0.497669,1.11748
Urziceni,Bucharest,221,222,0.517594,-0.485253,0.768758
Urziceni,Slobozia,221,421,0.425167,-0.492453,0.634542
Bucharest,Giurgiu,222,223,0.26425,-0.472177,0.389023
Bucharest,Ploieşti,222,420,0.237026,-0.476247,0.349908
Bucharest,Constanţa,222,423,0.354085,-0.478658,0.523571
Bucharest,Alexandria,222,460,0.273493,-0.472768,0.402792
Bucharest,Piteşti,222,583,0.297321,-0.473982,0.438246
Giurgiu,Ruse,223,224,0.137419,-0.465033,0.201324
Ruse,Byala,224,225,0.0719923,-0.453643,0.104651
Ruse,Razgrad,224,461,0.0668932,-0.455076,0.0973347
Byala,Veliko Tarnovo,225,226,0.0566609,-0.446355,0.0819518
Byala,Pleven,225,584,0.0554956,-0.444795,0.0801798
Veliko Tarnovo,Stara Zagora,226,227,0.0639876,-0.443422,0.0923612
Veliko Tarnovo,Shumen,226,462,0.0615596,-0.450497,0.089292
Stara Zagora,Haskovo,227,228,0.0386845,-0.440145,0.0557113
Stara Zagora,Burgas,227,590,0.056191,-0.44985,0.0814685
Haskovo,Svilengrad,228,229,0.0184086,-0.431284,0.026348
Svilengrad,Ormenio,229,230,0.0140115,-0.417915,0.0198671
Ormenio,Kastanies,230,231,0.0213256,-0.410876,0.0300877
Kastanies,Didymoteicho,231,232,0.0461639,-0.410461,0.0651124
Didymoteicho,Alexandroupoli,232,233,0.108899,-0.411016,0.153659
Alexandroupoli,Gelibolu,233,478,0.135977,-0.411288,0.191902
Saint Petersburg,Pskov,234,235,4.03377,-0.531136,6.17626
Saint Petersburg,Moscow,234,239,7.56248,-0.526942,11.5475
Saint Petersburg,Petrozavodsk,234,245,2.57997,-0.528332,3.94306
Saint Petersburg,Narva,234,304,3.04888,-0.530655,4.66678
Saint Petersburg,Vyborg,234,623,2.58001,-0.528323,3.94309
Pskov,Gomel,235,236,5.3388,-0.532733,8.18296
Pskov,Riga,235,547,3.84539,-0.533731,5.89779
Gomel,Kiev,236,237,7.411,-0.529451,11.3348
Gomel,Babruysk,236,703,4.46451,-0.532706,6.84279
Kiev,Odessa,237,238,5.37279,-0.523391,8.18486
Kiev,Hlukhiv,237,242,6.54933,-0.525715,9.99241
Kiev,Kharkiv,237,247,6.38096,-0.523997,9.72457
Kiev,Rivne,237,348,4.73556,-0.526517,7.22892
Kiev,Zhytomyr,237,349,3.7727,-0.526259,5.75812
Odessa,Izmail,238,586,1.78775,-0.520754,2.71872
Odessa,Chişinău,238,672,2.11749,-0.520404,3.21944
Odessa,Mykolaiv,238,673,2.08034,-0.522022,3.16633
Moscow,Kaluga,239,240,5.34339,-0.524747,8.14732
Moscow,Orel,239,246,5.70907,-0.523129,8.69565
Moscow,Voronezh,239,248,5.9922,-0.515658,9.08213
Moscow,Tambov,239,256,5.17341,-0.51701,7.84812
Moscow,Smolensk,239,319,5.84339,-0.527492,8.92573
Moscow,Ryazan,239,320,4.44306,-0.515364,6.73285
Moscow,Velikiye Luki,239,628,5.14447,-0.525103,7.84584
Moscow,Vladimir,239,629,4.54593,-0.514552,6.88505
Kaluga,Bryansk,240,241,2.94054,-0.52665,4.48917
Bryansk,Hlukhiv,241,242,3.63495,-0.527058,5.55078
Hlukhiv,Kursk,242,645,3.87473,-0.52593,5.91256
Kirkenes,Murmansk,243,244,0.370675,-0.529394,0.566908
Murmansk,Petrozavodsk,244,245,0.96495,-0.528914,1.47532
Orel,Kharkiv,246,247,4.30907,-0.523338,6.56417
Kharkiv,Luhansk,247,350,3.46522,-0.523716,5.28001
Voronezh,Novorossiysk,248,249,3.85056,-0.516998,5.8413
Voronezh,Kursk,248,645,3.74403,-0.522736,5.70117
Voronezh,Saratov,248,646,3.16052,-0.508165,4.76658
Novorossiysk,Dzhankoy,249,601,1.54154,-0.517563,2.33939
Novorossiysk,Sochi,249,602,1.49658,-0.517429,2.27095
Mineralnye Vody,Nalchik,250,251,0.199105,-0.501143,0.298886
Mineralnye Vody,Makhachkala,250,260,0.447458,-0.500436,0.671382
Mineralnye Vody,Armavir,250,387,0.235334,-0.50355,0.353836
Nalchik,Vladikavkaz,251,252,0.076208,-0.500505,0.11435
Vladikavkaz,Stepantsminda,252,253,0.0295956,-0.499106,0.044367
Stepantsminda,Mtskheta,253,254,0.0125259,-0.495735,0.0187355
Mtskheta,Tbilisi,254,255,0.00787536,-0.490162,0.0117356
Tbilisi,Gori,255,428,0.00510392,-0.488442,0.0075969
Tbilisi,Rustavi,255,429,0.00737619,-0.490156,0.0109917
Tambov,Povorino,256,257,2.34123,-0.520622,3.56012
Povorino,Volgograd,257,258,1.94683,-0.518497,2.95626
Volgograd,Astrakhan,258,259,2.10527,-0.508954,3.17676
Volgograd,Luhansk,258,350,2.27825,-0.520032,3.46302
Astrakhan,Makhachkala,259,260,1.37617,-0.500224,2.06456
Astrakhan,Atyrau,259,265,1.82375,-0.489939,2.71728
Makhachkala,Kuba,260,261,0.441039,-0.500261,0.661674
Kuba,Baku,261,262,0.168494,-0.500295,0.252791
Baku,Yevlakh,262,431,0.0645438,-0.500117,0.0968232
Samara,Oral,263,264,1.5435,-0.469169,2.26767
Samara,Penza,263,321,1.40519,-0.488563,2.09171
Samara,Ufa,263,322,1.12265,-0.464281,1.64388
Oral,Atyrau,264,265,1.6527,-0.463218,2.41826
Oral,Saratov,264,646,2.14238,-0.490628,3.19349
Oral,Aktobe,264,647,1.11435,-0.467146,1.63491
Atyrau,Beineu,265,266,0.767451,-0.474405,1.13153
Atyrau,Beyneu,265,351,0.767451,-0.474405,1.13153
Beineu,Shetpe,266,267,0.300343,-0.473616,0.44259
Shetpe,Zhetybai,267,268,0.117729,-0.473017,0.173417
Zhetybai,Fetisovo,268,269,0.0464918,-0.472152,0.068443
Fetisovo,Bekdash,269,270,0.0191566,-0.468138,0.0281245
Bekdash,Türkmenbaşy,270,271,0.00975719,-0.451617,0.0141637
Türkmenbaşy,Gyzylarbat,271,272,0.00917082,-0.424155,0.0130607
Gyzylarbat,Ashgabat,272,432,0.0163642,-0.414483,0.0231468
Chelyabinsk,Kostanay,273,274,0.235092,-0.463767,0.34412
Chelyabinsk,Ufa,273,322,0.501914,-0.46546,0.735534
Chelyabinsk,Kurgan,273,323,0.259868,-0.461953,0.379914
Kostanay,Esil,274,275,0.102022,-0.460247,0.148978
Esil,Derzhavinsk,275,276,0.0628636,-0.445394,0.0908627
Derzhavinsk,Arkalyk,276,277,0.079703,-0.42633,0.113683
Arkalyk,Jezkazgan,277,278,0.164502,-0.419322,0.233481
Jezkazgan,Kyzylorda,278,279,0.255448,-0.417083,0.361991
Jezkazgan,Karaganda,278,286,0.24319,-0.418547,0.344977
Kyzylorda,Shymkent,279,280,0.238484,-0.411557,0.336633
Kyzylorda,Novokazalinsk,279,650,0.184349,-0.421264,0.262009
Shymkent,Tashkent,280,281,0.183335,-0.402061,0.257047
Shymkent,Zhambyl,280,359,0.148284,-0.403524,0.20812
Tashkent,Ayni,281,282,0.0654883,-0.396433,0.09145
Tashkent,Jizzakh,281,358,0.0843887,-0.395875,0.117796
Tashkent,Kokand,281,689,0.0689794,-0.39831,0.0964547
Ayni,Dushanbe,282,283,0.0506072,-0.391146,0.070402
Ayni,Kokand,282,689,0.0252666,-0.392637,0.0351872
Dushanbe,Termez,283,440,0.0275545,-0.387431,0.0382299
Dushanbe,Jirgatal,283,441,0.028115,-0.388035,0.0390247
Dushanbe,Kulob,283,692,0.0205866,-0.387827,0.0285707
Ishim,Astana,284,285,0.116242,-0.436829,0.16702
Ishim,Omsk,284,291,0.116242,-0.436829,0.16702
Ishim,Kurgan,284,323,0.181869,-0.45369,0.264381
Ishim,Tyumen,284,635,0.123437,-0.450072,0.178992
Astana,Karaganda,285,286,0.124174,-0.424972,0.176944
Karaganda,Balkhash,286,287,0.141994,-0.414281,0.200819
Karaganda,Pavlodar,286,292,0.14849,-0.420384,0.210912
Balkhash,Burubaytal,287,288,0.0844372,-0.409206,0.118989
Burubaytal,Almaty,288,289,0.0959853,-0.402819,0.13465
Almaty,Bishkek,289,290,0.145714,-0.399277,0.203895
Almaty,Sary-Ozek,289,360,0.0703158,-0.399903,0.0984353
Almaty,Kokpek,289,695,0.0577101,-0.400008,0.0807946
Bishkek,Zhambyl,290,359,0.130758,-0.399828,0.183039
Bishkek,Osh,290,691,0.130775,-0.397628,0.182775
Omsk,Pavlodar,291,292,0.0901091,-0.42949,0.12881
Pavlodar,Semey,292,293,0.0757357,-0.424204,0.107863
Semey,Georgiyevka,293,294,0.0314152,-0.424352,0.0447463
Georgiyevka,Ayagoz,294,364,0.0137568,-0.421808,0.0195595
Narvik,Kiruna,295,296,0.00339317,-0.348613,0.00457607
Narvik,Setermoen,295,498,0.00192882,-0.384492,0.00267044
Kiruna,Töre,296,297,0.00722332,-0.341296,0.00968861
Töre,Luleå,297,298,0.015984,-0.340597,0.0214282
Luleå,Umeå,298,612,0.0276669,-0.341257,0.0371084
Luleå,Haparanda,298,613,0.0177906,-0.34107,0.0238585
Helsingborg,Halmstad,299,300,0.0225073,-0.345747,0.0302891
Helsingborg,Jönköping,299,605,0.0138691,-0.345494,0.0186607
Örebro,Stockholm,301,302,0.0433214,-0.345467,0.0582875
Örebro,Karlstad,301,620,0.0258647,-0.345725,0.0348068
Stockholm,Södertälje,302,608,0.0320189,-0.345263,0.0430739
Stockholm,Uppsala,302,609,0.0378897,-0.34498,0.0509609
Tallinn,Narva,303,304,1.81595,-0.532686,2.78329
Tallinn,Riga,303,547,2.51769,-0.533649,3.86126
Colchester,Ipswich,305,306,6.60044e-05,-0.48128,6.60044e-05
Ipswich,Cambridge,306,636,6.60044e-05,-0.48128,6.60044e-05
The Hague,Gouda,307,308,0.375489,-0.521695,0.57138
Amersfoort,Oldenzaal,309,310,0.639316,-0.522313,0.973239
Amersfoort,Hoogeveen,309,698,0.596727,-0.522292,0.908392
Oldenzaal,Osnabrück,310,311,0.552503,-0.523202,0.841574
Osnabrück,Bad Oeynhausen,311,312,1.04383,-0.523688,1.59047
Bad Oeynhausen,Dortmund,312,508,1.79876,-0.524206,2.74167
Braunschweig,Magdeburg,313,314,1.38107,-0.520819,2.10035
Magdeburg,Halle,314,518,1.46285,-0.520037,2.22358
Poznań,Warsaw,315,316,2.77327,-0.526845,4.23435
Poznań,Wrocław,315,339,1.61575,-0.523827,2.46212
Warsaw,Elbląg,316,564,2.22678,-0.528376,3.40337
Warsaw,Radom,316,565,2.63286,-0.526853,4.01998
Warsaw,Lublin,316,713,3.13564,-0.527612,4.79004
Brest,Rennes,317,365,0.324017,-0.51252,0.490082
Brest,Lorient,317,388,0.17708,-0.511963,0.267739
Minsk,Smolensk,318,319,4.34728,-0.531033,6.65582
Minsk,Babruysk,318,703,3.94643,-0.533303,6.05107
Ryazan,Penza,320,321,1.93759,-0.509154,2.92412
Ufa,Yelabuga,322,632,0.546976,-0.469156,0.803594
Bruges,Ghent,324,325,1.60658,-0.51831,2.43929
Bruges,Zeebrugge,324,642,1.82001,-0.518465,2.76362
Ghent,Brussels,325,326,2.18769,-0.519325,3.32381
Brussels,Leuven,326,327,2.81001,-0.520932,4.27384
Leuven,Hasselt,327,708,1.85344,-0.523108,2.82299
Eupen,Aachen,328,329,2.25012,-0.525022,3.43148
Eupen,St. Vith,328,653,1.15481,-0.524301,1.76028
Aachen,Heerlen,329,709,1.77312,-0.525373,2.70467
Olpe,Wetzlar,330,331,2.11195,-0.52511,3.22096
Wetzlar,Gießen,331,332,2.11322,-0.525454,3.22362
Wetzlar,Dortmund,331,508,2.94252,-0.525001,4.48734
Wetzlar,Aschaffenburg,331,509,2.26707,-0.525035,3.45736
Wetzlar,Koblenz,331,660,2.21758,-0.525268,3.3824
Gießen,Bad Hersfeld,332,333,1.31402,-0.525725,2.00484
Bad Hersfeld,Eisenach,333,334,0.611958,-0.524692,0.933047
Eisenach,Erfurt,334,335,0.552071,-0.521539,0.839997
Erfurt,Gera,335,336,1.06804,-0.519687,1.62308
Gera,Chemnitz,336,337,1.59028,-0.519193,2.41594
Gera,Leipzig,336,526,1.60224,-0.519349,2.43436
Gera,Hirschberg,336,527,1.12763,-0.519421,1.71335
Chemnitz,Plauen,337,519,1.49909,-0.519152,2.27735
Wrocław,Opole,339,340,1.33598,-0.52195,2.0333
Wrocław,Kłodzko,339,548,1.3558,-0.521881,2.06337
Opole,Gliwice,340,341,0.636613,-0.521655,0.968705
Gliwice,Zabrze,341,342,0.601426,-0.521325,0.914964
Kraków,Rzeszów,343,344,0.863635,-0.521846,1.31432
Kraków,Radom,343,565,1.0574,-0.524809,1.61233
Kraków,Trstená,343,566,1.08042,-0.519834,1.64206
Rzeszów,Jarosław,344,345,0.830729,-0.52342,1.26555
Rzeszów,Radom,344,565,0.915137,-0.525792,1.39631
Rzeszów,Barwinek,344,710,0.651105,-0.523206,0.991767
Jarosław,Korczowa,345,346,0.900797,-0.52238,1.37136
Korczowa,Lviv,346,347,1.91198,-0.52139,2.90887
Lviv,Rivne,347,348,2.59201,-0.523792,3.94968
Lviv,Mukachevo,347,378,3.39916,-0.516421,5.15456
Lviv,Lublin,347,713,1.93073,-0.523501,2.94147
Rivne,Zhytomyr,348,349,1.63006,-0.526476,2.48825
Rivne,Kovel,348,714,1.60931,-0.526479,2.45658
Zhytomyr,Vinnytsia,349,381,2.72236,-0.526716,4.15628
Beyneu,Qo‘ng‘irot,351,352,0.303529,-0.473009,0.447101
Qo‘ng‘irot,Nukus,352,353,0.126751,-0.469266,0.186231
Nukus,Daşoguz,353,354,0.0689335,-0.457095,0.100443
Daşoguz,Bukhara,354,355,0.0279073,-0.4232,0.0397177
Daşoguz,Ashgabat,354,432,0.0314637,-0.422634,0.0447614
Daşoguz,Uchkuduk,354,688,0.0199637,-0.43804,0.0287086
Bukhara,Navoiy,355,356,0.0258321,-0.397682,0.0361051
Bukhara,Alat,355,436,0.0206664,-0.398296,0.0288978
Bukhara,Karshi,355,437,0.021026,-0.397963,0.0293935
Bukhara,Uchkuduk,355,688,0.0144371,-0.405292,0.0202884
Navoiy,Samarkand,356,357,0.0230962,-0.39376,0.0321906
Samarkand,Jizzakh,357,358,0.038549,-0.394134,0.0537425
Sary-Ozek,Taldykorgan,360,361,0.0336347,-0.399363,0.0470672
Sary-Ozek,Koktal,360,697,0.0317412,-0.399262,0.0444143
Taldykorgan,Ucharal,361,362,0.0148848,-0.399963,0.0208382
Ucharal,Taskesken,362,363,0.00804171,-0.404475,0.0112944
Taskesken,Ayagoz,363,364,0.00770393,-0.414767,0.0108993
Rennes,Le Mans,365,366,0.803084,-0.512805,1.21491
Le Mans,Angers,366,391,0.654965,-0.512876,0.990881
Le Mans,Tours,366,392,0.763858,-0.51145,1.15453
Le Mans,Rouen,366,662,1.25345,-0.515356,1.89943
Reims,Charleroi,367,651,1.7423,-0.519278,2.64704
Reims,Charleville-Mézières,367,658,1.593,-0.519385,2.42039
Reims,Rouen,367,662,1.80668,-0.517247,2.74118
Saarbrücken,Mannheim,368,369,3.08583,-0.524573,4.70458
Saarbrücken,Trier,368,659,1.5942,-0.523386,2.42858
Mannheim,Heilbronn,369,370,2.88792,-0.524295,4.40204
Rozvadov,Plzeň,371,372,2.32489,-0.518781,3.531
Plzeň,Karlovy Vary,372,523,1.61278,-0.518177,2.44848
Plzeň,České Budějovice,372,524,1.86385,-0.516717,2.82693
Plzeň,Bayerisch Eisenstein,372,530,1.91013,-0.517729,2.89906
Trenčín,Prešov,373,374,1.22288,-0.512433,1.84953
Prešov,Košice,374,375,1.89293,-0.511221,2.86063
Prešov,Svidník,374,712,0.928616,-0.512847,1.40485
Košice,Vyšné Nemecké,375,376,0.954943,-0.510361,1.44231
Košice,Uzhhorod,375,377,1.85601,-0.511929,2.80616
Košice,Miskolc,375,552,1.69917,-0.506616,2.56
Košice,Zvolen,375,568,1.79037,-0.508656,2.70105
Vyšné Nemecké,Uzhhorod,376,377,0.901069,-0.51359,1.36385
Uzhhorod,Mukachevo,377,378,2.99619,-0.514744,4.53846
Uzhhorod,Chop,377,723,1.50426,-0.511872,2.27425
Mukachevo,Stryj,378,379,2.20434,-0.512182,3.33336
Mukachevo,Halmeu,378,578,2.65563,-0.506825,4.00157
Khmelnytskyi,Vinnytsia,380,381,1.69913,-0.525103,2.59135
Vinnytsia,Uman,381,382,1.65539,-0.52563,2.52552
Vinnytsia,Mohyliv-Podilskyi,381,728,1.52962,-0.52524,2.33303
Uman,Kirovohrad,382,383,1.24778,-0.523227,1.90066
Kirovohrad,Dnipropetrovsk,383,384,0.866156,-0.521263,1.31765
Kirovohrad,Chişinău,383,672,1.72884,-0.520077,2.62797
Dnipropetrovsk,Donetsk,384,385,0.362168,-0.520328,0.550614
Donetsk,Rostov-on-Don,385,386,0.235072,-0.517307,0.356676
Rostov-on-Don,Armavir,386,387,0.198185,-0.510744,0.299407
Rostov-on-Don,Taganrog,386,675,0.211056,-0.517057,0.320183
Lorient,Vannes,388,389,0.211461,-0.511457,0.319614
Vannes,Nantes,389,390,0.462147,-0.511447,0.698511
Nantes,Angers,390,391,0.644243,-0.511256,0.973616
Nantes,Poitiers,390,676,0.903025,-0.511885,1.36527
Angers,Tours,391,392,0.502181,-0.507537,0.757056
Tours,Vierzon,392,503,0.65641,-0.506083,0.988608
Montargis,Auxerre,393,394,1.19706,-0.510489,1.80815
Auxerre,Beaune,394,395,2.24695,-0.512379,3.39823
Beaune,Dole,395,396,2.28422,-0.515018,3.46064
Beaune,Antwerp,395,505,3.91012,-0.516217,5.92858
Dole,Besançon,396,397,1.21035,-0.51683,1.8359
Besançon,Belfort,397,398,1.38758,-0.519322,2.10818
Zürich,Winterthur,399,400,1.36387,-0.519152,2.07192
Winterthur,St. Gallen,400,401,0.971348,-0.518959,1.47544
Winterthur,Schaffhausen,400,511,1.32619,-0.521288,2.01752
St. Gallen,St. Margrethen,401,402,0.887936,-0.516702,1.34674
St. Margrethen,Bregenz,402,403,1.45898,-0.515276,2.21075
St. Margrethen,Buchs,402,514,0.680239,-0.515525,1.03092
Bregenz,Feldkirch,403,748,1.40142,-0.514527,2.1225
Bregenz,Lindau,403,513,2.20368,-0.515571,3.33983
Feldkirch,Landeck,748,404,0.637873,-0.512871,0.965019
Feldkirch,Imst,748,406,0.665537,-0.512783,1.00681
Landeck,Telfs,404,405,0.445114,-0.511784,0.672916
Sattledt,Liezen,408,532,0.938966,-0.511513,1.41926
Sattledt,Wels,408,669,0.998827,-0.513983,1.51221
Sankt Pölten,Vienna,409,410,1.95683,-0.509822,2.95446
Vienna,Nickelsdorf,410,411,2.1389,-0.507742,3.22491
Vienna,Halámky,410,525,2.0666,-0.510034,3.12064
Vienna,Graz,410,534,2.62983,-0.506746,3.96249
Nickelsdorf,Mosonmagyaróvár,411,412,1.47604,-0.504252,2.22034
Szolnok,Püspökladány,413,414,1.61757,-0.490542,2.41106
Püspökladány,Oradea,414,415,2.03194,-0.489342,3.02625
Püspökladány,Nyíregyháza,414,722,1.26274,-0.494237,1.88683
Oradea,Cluj-Napoca,415,416,0.963123,-0.483293,1.42859
Oradea,Berettyóújfalu,415,570,1.39613,-0.48917,2.07907
Oradea,Beiuş,415,571,0.912122,-0.484695,1.35422
Oradea,Satu Mare,415,579,1.48797,-0.489224,2.21592
Oradea,Arad,415,684,1.5417,-0.482183,2.28509
Cluj-Napoca,Turda,416,417,0.606212,-0.483671,0.89942
Cluj-Napoca,Zalău,416,580,0.58829,-0.487314,0.874972
Turda,Târgu Mureş,417,418,0.265827,-0.480214,0.393481
Turda,Sebeş,417,581,0.274807,-0.479905,0.406688
Târgu Mureş,Braşov,418,419,0.1879,-0.47645,0.277425
Braşov,Ploieşti,419,420,0.160058,-0.474436,0.235995
Braşov,Sibiu,419,582,0.221734,-0.475564,0.327182
Braşov,Piteşti,419,583,0.132885,-0.470808,0.195449
Slobozia,Hârşova,421,422,0.294494,-0.493159,0.439727
Slobozia,Galaţi,421,588,0.503997,-0.500858,0.756428
Hârşova,Constanţa,422,423,0.299397,-0.488594,0.44568
Constanţa,Varna,423,463,0.246069,-0.473844,0.362667
Constanţa,Tulcea,423,589,0.299397,-0.490065,0.446121
Senaki,Samtredia,424,425,0.0298334,-0.52059,0.0453644
Senaki,Zugdidi,424,604,0.0793185,-0.51979,0.120547
Samtredia,Kutaisi,425,426,0.0114104,-0.520358,0.0173478
Kutaisi,Khashuri,426,427,0.00486222,-0.515269,0.00736757
Khashuri,Gori,427,428,0.00332478,-0.498768,0.00498307
Rustavi,Ganja,429,430,0.0108718,-0.495993,0.0162641
Ganja,Yevlakh,430,431,0.025152,-0.499196,0.0377078
Ashgabat,Tejen,432,433,0.0160384,-0.410332,0.0226195
Tejen,Mary,433,434,0.00800756,-0.399458,0.0112062
Mary,Türkmenabat,434,435,0.00637407,-0.390183,0.00886113
Türkmenabat,Alat,435,436,0.0097147,-0.391731,0.0135203
Karshi,Guzar,437,438,0.0106342,-0.390275,0.0147845
Guzar,Sherobod,438,439,0.00854299,-0.384904,0.0118312
Sherobod,Termez,439,440,0.0130282,-0.385357,0.0180487
Jirgatal,Sary Tash,441,442,0.0258194,-0.389917,0.0358869
Jirgatal,Khorugh,441,694,0.0156632,-0.387287,0.0217293
Sary Tash,Irkeshtam,442,443,0.0339818,-0.393437,0.0473515
Irkeshtam,Osh,443,691,0.0688836,-0.395506,0.0961274
A Coruña,Bilbao,444,445,0.0857142,-0.480622,0.12691
A Coruña,Pontevedra,444,481,0.0363157,-0.474033,0.0535306
Clermont-Ferrand,Montluçon,446,504,0.758676,-0.502586,1.13998
Chambéry,Susa,447,448,0.821444,-0.504364,1.23575
Chambéry,Marseille,447,736,0.625059,-0.505414,0.940972
Susa,Turin,448,449,0.517093,-0.496392,0.773773
Tortona,Brescia,450,451,0.185747,-0.462592,0.271673
Trieste,Postojna,452,453,0.257062,-0.483462,0.381342
Trieste,Ljubljana,452,454,0.51039,-0.488782,0.759859
Postojna,Ljubljana,453,454,0.360717,-0.492379,0.538326
Ljubljana,Maribor,454,535,0.639047,-0.49681,0.956532
Ljubljana,Naklo,454,538,0.928566,-0.49667,1.38976
Vršac,Timişoara,456,457,0.61386,-0.469425,0.902021
Timişoara,Drobeta-Turnu Severin,457,458,0.686742,-0.468601,1.00855
Timişoara,Arad,457,684,1.137,-0.47495,1.67702
Drobeta-Turnu Severin,Craiova,458,459,0.653922,-0.464758,0.957837
Craiova,Alexandria,459,460,0.274142,-0.46696,0.402156
Craiova,Târgu Jiu,459,574,0.383886,-0.465537,0.562599
Craiova,Piteşti,459,583,0.35687,-0.466415,0.523319
Razgrad,Shumen,461,462,0.0594788,-0.452487,0.0863922
Shumen,Varna,462,463,0.097177,-0.460312,0.141909
Varna,Burgas,463,590,0.0955452,-0.460392,0.139533
Lisbon,Valladolid,464,465,0.0613995,-0.462562,0.0898005
Lisbon,Porto,464,483,0.0543892,-0.453892,0.079076
Lisbon,Albufeira,464,484,0.0529301,-0.451369,0.0768212
Toulouse,Nice,466,467,0.710975,-0.48886,1.05854
Nice,Cuneo,467,685,0.288724,-0.481193,0.427656
Sofia,Plovdiv,468,469,0.249604,-0.443477,0.360298
Sofia,Botevgrad,468,575,0.25059,-0.443445,0.361712
Sofia,Blagoevgrad,468,576,0.268739,-0.440871,0.387218
Sofia,Kyustendil,468,745,0.191744,-0.44608,0.277277
Plovdiv,Istanbul,469,470,0.103669,-0.442554,0.149548
Istanbul,İzmit,470,471,0.049492,-0.441313,0.0713335
İzmit,Gerede,471,472,0.01687,-0.439069,0.0242772
İzmit,Bursa,471,479,0.0168809,-0.437804,0.0242715
Gerede,Kızılcahamam,472,599,0.00784475,-0.43697,0.0112727
Mazara del Vallo,Palermo,473,474,6.60044e-05,-0.48128,6.60044e-05
Metaponto,Taranto,475,476,0.00662225,-0.438007,0.00952284
Metaponto,Potenza,475,743,0.00354773,-0.436271,0.00509551
Ioannina,Trikala,477,687,0.020629,-0.406688,0.0290185
Gelibolu,Keşan,478,596,0.06476,-0.411109,0.0913834
Gelibolu,Ayvalık,478,597,0.0647662,-0.411117,0.0913926
Bursa,Ankara,479,480,0.00843319,-0.433838,0.0120918
Bursa,Balıkesir,479,746,0.00980229,-0.428652,0.0140041
Ankara,Kızılcahamam,480,599,0.0056753,-0.434104,0.00813897
Pontevedra,Valença,481,482,0.0213469,-0.461411,0.0311966
Valença,Porto,482,483,0.0260774,-0.452137,0.037868
Albufeira,Castro Marim,484,485,0.0270065,-0.444755,0.0390178
Castro Marim,Huelva,485,486,0.0251054,-0.443664,0.0362437
Cherbourg-Octeville,La Rochelle,487,488,0.172753,-0.512713,0.261326
Cherbourg-Octeville,Caen,487,661,0.381909,-0.516128,0.579024
La Rochelle,Saintes,488,730,0.140742,-0.504094,0.21169
Oslo,Hamar,489,490,0.0198604,-0.34613,0.0267347
Oslo,Askim,489,619,0.0206909,-0.345946,0.0278488
Hamar,Lillehammer,490,491,0.0125599,-0.346184,0.0169079
Lillehammer,Dombås,491,492,0.0139555,-0.345895,0.0187826
Dombås,Trondheim,492,493,0.0250053,-0.345476,0.033644
Trondheim,Stjørdal,493,494,0.0244645,-0.345329,0.0329127
Stjørdal,Steinkjer,494,495,0.0123126,-0.345111,0.0165618
Steinkjer,Mosjøen,495,496,0.00865909,-0.343892,0.0116369
Mosjøen,Mo i Rana,496,497,0.0109612,-0.342384,0.0147142
Mo i Rana,Umeå,497,612,0.0207692,-0.341852,0.0278692
Setermoen,Alta,498,499,0.00194771,-0.461995,0.00284755
Alta,Olderfjord,499,500,0.00376627,-0.511423,0.00569243
Olderfjord,Lakselv,500,501,0.00943714,-0.524807,0.0143898
Lakselv,Karasjok,501,502,0.0250134,-0.52786,0.0382169
Vierzon,Montluçon,503,504,0.470587,-0.503534,0.707543
Antwerp,Zeebrugge,505,642,2.65955,-0.518566,4.03871
Martigny,Sion,506,678,0.615916,-0.509709,0.929854
Bremen,Groningen,507,624,2.26142,-0.523369,3.44498
Stuttgart,Schaffhausen,510,511,2.03616,-0.522668,3.1004
Stuttgart,Ulm,510,512,1.79059,-0.52124,2.72392
Ulm,Lindau,512,513,1.53562,-0.519105,2.33276
Lindau,Waldshut,513,666,2.1014,-0.518315,3.19059
Buchs,Chur,514,515,0.270486,-0.515208,0.409842
Chur,San Bernardino,515,516,0.139444,-0.514991,0.211257
Halle,Plauen,518,519,1.39333,-0.519591,2.11729
Plauen,Schönberg,519,520,1.13819,-0.519419,1.72939
Plauen,Hof,519,528,1.51284,-0.519642,2.29898
Schönberg,Vojtanov,520,521,0.687053,-0.519464,1.04395
Vojtanov,Cheb,521,522,0.949715,-0.519431,1.44303
Cheb,Karlovy Vary,522,523,1.56651,-0.518691,2.37904
Cheb,Marktredwitz,522,663,1.25713,-0.519837,1.91064
Karlovy Vary,Teplice,523,715,0.964016,-0.517865,1.46325
České Budějovice,Halámky,524,525,1.2985,-0.513463,1.96523
Hirschberg,Hof,527,528,1.17118,-0.519656,1.77979
Hof,Bayreuth,528,529,1.91064,-0.520159,2.90448
Bayreuth,Marktredwitz,529,663,1.72475,-0.520319,2.62218
Bayerisch Eisenstein,Deggendorf,530,531,1.43349,-0.517642,2.17552
Liezen,Sankt Michael,532,533,0.756393,-0.508023,1.14066
Sankt Michael,Graz,533,534,1.34235,-0.505474,2.02087
Graz,Maribor,534,535,1.12389,-0.502263,1.68838
Graz,Spielfeld,534,536,0.862764,-0.504649,1.29816
Graz,Klagenfurt,534,683,1.58337,-0.502648,2.37925
Maribor,Spielfeld,535,536,0.373288,-0.498065,0.55921
Karavanke Tunnel,Naklo,537,538,0.819105,-0.50206,1.23035
Naklo,Loiblpass,538,734,0.777029,-0.50064,1.16604
Kemijärvi,Posio,539,540,0.0033992,-0.366568,0.00464524
Posio,Kuusamo,540,541,0.00211981,-0.358915,0.00288064
Kuusamo,Kajaani,541,542,0.00236208,-0.362775,0.00321898
Kajaani,Iisalmi,542,543,0.00431815,-0.372727,0.00592764
Iisalmi,Kuopio,543,544,0.00949321,-0.382242,0.0131219
Tampere,Turku,545,546,0.014722,-0.421749,0.020931
Tampere,Vaasa,545,616,0.0167564,-0.41039,0.023633
Tampere,Hämeenlinna,545,618,0.0372691,-0.458412,0.0543537
Turku,Pori,546,617,0.00842674,-0.405296,0.0118421
Riga,Šiauliai,547,561,2.62005,-0.535535,4.02317
Riga,Rēzekne,547,627,2.75761,-0.534079,4.23039
Kłodzko,Kudowa-Zdrój,548,549,0.614751,-0.520799,0.934912
Kudowa-Zdrój,Náchod,549,550,0.514019,-0.518225,0.780397
Náchod,Hradec Králové,550,551,0.946044,-0.516459,1.43464
Hradec Králové,Olomouc,551,716,1.29808,-0.515103,1.96672
Miskolc,Debrecen,552,569,1.34063,-0.500906,2.01215
Szekszárd,Mohács,555,556,0.769365,-0.495308,1.15044
Mohács,Osijek,556,557,0.473338,-0.494431,0.70737
Osijek,Đakovo,557,558,0.278313,-0.492608,0.415413
Osijek,Sombor,557,735,0.453081,-0.490842,0.675472
Đakovo,Šamac,558,559,0.120442,-0.488631,0.179294
Šamac,Zenica,559,560,0.0802745,-0.473629,0.118295
Zenica,Sarajevo,560,737,0.116147,-0.459488,0.169516
Šiauliai,Tolpaki,561,562,2.03324,-0.536196,3.12345
Šiauliai,Palanga,561,704,1.56601,-0.535979,2.40536
Šiauliai,Panevėžys,561,705,1.62043,-0.536031,2.48904
Tolpaki,Kaliningrad,562,563,1.27322,-0.534099,1.95324
Tolpaki,Nesterov,562,640,1.20073,-0.536179,1.84453
Trstená,Ružomberok,566,567,0.867702,-0.513572,1.31333
Ružomberok,Zvolen,567,568,1.54624,-0.508767,2.33291
Debrecen,Berettyóújfalu,569,570,0.91511,-0.495314,1.36838
Beiuş,Deva,571,572,0.596742,-0.479689,0.882993
Deva,Petroşani,572,573,0.470108,-0.471938,0.69197
Deva,Sibiu,572,582,0.608037,-0.472589,0.895388
Deva,Arad,572,684,0.847374,-0.47529,1.25012
Petroşani,Târgu Jiu,573,574,0.290789,-0.468409,0.426997
Botevgrad,Jablanica,575,585,0.106301,-0.442522,0.153341
Blagoevgrad,Serres,576,577,0.153683,-0.431372,0.219977
Halmeu,Satu Mare,578,579,1.89299,-0.495062,2.83014
Satu Mare,Zalău,579,580,0.793156,-0.490601,1.18228
Sebeş,Sibiu,581,582,0.276122,-0.474703,0.407197
Sibiu,Piteşti,582,583,0.292219,-0.469981,0.429557
Pleven,Jablanica,584,585,0.0560922,-0.442233,0.0808981
Izmail,Reni,586,587,0.802341,-0.518169,1.21809
Reni,Galaţi,587,588,0.648432,-0.511485,0.980096
Galaţi,Tulcea,588,589,0.385838,-0.502674,0.579788
Galaţi,Giurgiuleşti,588,729,0.777433,-0.512289,1.1757
Burgas,Malko Tarnovo,590,591,0.0469845,-0.451181,0.0681829
Malko Tarnovo,Dereköy,591,592,0.019547,-0.445122,0.0282477
Dereköy,Kırklareli,592,593,0.00951102,-0.434229,0.013641
Kırklareli,Babaeski,593,594,0.007735,-0.418316,0.0109707
Babaeski,Havsa,594,595,0.0124303,-0.411331,0.0175433
Havsa,Keşan,595,596,0.0273517,-0.411072,0.0385952
Ayvalık,İzmir,597,598,0.0273723,-0.411105,0.0386251
İzmir,Manisa,598,747,0.0124841,-0.41127,0.0176185
Kherson,Dzhankoy,600,601,1.01806,-0.519773,1.54722
Kherson,Mykolaiv,600,673,1.17643,-0.521743,1.79022
Kherson,Melitopol,600,674,0.643874,-0.521097,0.979395
Sochi,Sukhumi,602,603,0.562473,-0.518154,0.85392
Sukhumi,Zugdidi,603,604,0.211261,-0.518951,0.320896
Jönköping,Linköping,605,606,0.0102565,-0.345324,0.0137983
Linköping,Norrköping,606,607,0.0137275,-0.345276,0.0184673
Norrköping,Södertälje,607,608,0.0213341,-0.345255,0.0286998
Norrköping,Kalmar,607,626,0.0136764,-0.345271,0.0183985
Uppsala,Sundsvall,609,610,0.039065,-0.344362,0.0525175
Sundsvall,Örnsköldsvik,610,611,0.0361787,-0.343631,0.0486109
Örnsköldsvik,Umeå,611,612,0.0291143,-0.342538,0.0390871
Haparanda,Tornio,613,614,0.0126861,-0.344612,0.0170579
Kokkola,Vaasa,615,616,0.0141333,-0.385799,0.0195859
Vaasa,Pori,616,617,0.00896213,-0.396606,0.0125166
Askim,Karlstad,619,620,0.0172956,-0.345883,0.0232778
Kotka,Vaalimaa,621,622,0.37096,-0.527424,0.566613
Vaalimaa,Vyborg,622,623,0.965237,-0.528624,1.47549
Groningen,Hoogeveen,624,698,0.821182,-0.522844,1.25053
Sassnitz,Stralsund,625,699,0.441014,-0.519614,0.67017
Rēzekne,Velikiye Luki,627,628,3.01738,-0.52929,4.61445
Rēzekne,Daugavpils,627,702,1.86035,-0.533599,2.85303
Vladimir,Nizhny Novgorod,629,630,1.74587,-0.51448,2.64408
Nizhny Novgorod,Kazan,630,631,0.742227,-0.510506,1.12114
Kazan,Yelabuga,631,632,0.496411,-0.494415,0.741843
Yelabuga,Perm,632,633,0.317008,-0.480588,0.469358
Perm,Yekaterinburg,633,634,0.137456,-0.47719,0.203049
Yekaterinburg,Tyumen,634,635,0.0890899,-0.464212,0.130447
Koszalin,Słupsk,637,638,0.258306,-0.523803,0.393607
Słupsk,Gdynia,638,639,0.428992,-0.526835,0.655
Nesterov,Marijampolė,640,641,1.08451,-0.536357,1.6662
Aktobe,Karabutak,647,648,0.448419,-0.464907,0.656892
Karabutak,Aral,648,649,0.199439,-0.45834,0.290849
Aral,Novokazalinsk,649,650,0.13328,-0.439781,0.191894
Charleroi,Namur,651,652,1.24465,-0.520911,1.893
St. Vith,Wittlich,653,654,1.22612,-0.523943,1.86854
Wittlich,Bingen,654,655,0.771739,-0.525356,1.17718
Bingen,Wiesbaden,655,656,1.12823,-0.52606,1.72175
Amiens,Charleville-Mézières,657,658,1.43204,-0.51848,2.17452
Trier,Koblenz,659,660,1.66034,-0.524528,2.53124
Caen,Rouen,661,662,0.985294,-0.516669,1.49436
Regensburg,Passau,667,668,1.21899,-0.519257,1.85196
Passau,Wels,668,669,1.21785,-0.516403,1.84675
Wels,Braunau am Inn,669,721,1.41198,-0.514732,2.13877
Iaşi,Sculeni,670,671,1.28337,-0.512144,1.94064
Iaşi,Bălţi,670,727,1.0934,-0.512067,1.65329
Sculeni,Chişinău,671,672,1.50083,-0.517066,2.27687
Chişinău,Giurgiuleşti,672,729,1.19356,-0.517653,1.81141
Melitopol,Taganrog,674,675,0.281177,-0.520271,0.427465
Poitiers,Mâcon,676,677,1.69194,-0.512289,2.5587
Sion,Simplon,678,679,0.26643,-0.50407,0.400729
Simplon,Gravellona Toce,679,680,0.185542,-0.487398,0.275974
Innichen,Spittal an der Drau,681,682,0.593794,-0.505242,0.893804
Klagenfurt,Loiblpass,683,734,0.907957,-0.502856,1.36453
Cuneo,Asti,685,686,0.168162,-0.477235,0.248416
Kokand,Andijan,689,690,0.0549544,-0.395173,0.0766709
Andijan,Osh,690,691,0.0721929,-0.394717,0.100689
Kulob,Kalaikhumb,692,693,0.0108806,-0.386137,0.015082
Kalaikhumb,Khorugh,693,694,0.00957729,-0.385763,0.0132719
Kokpek,Chundzha,695,696,0.0282844,-0.399412,0.0395816
Chundzha,Koktal,696,697,0.021453,-0.399002,0.0300128
Stralsund,Neubrandenburg,699,700,0.644535,-0.519684,0.979489
Ukmergė,Daugavpils,701,702,1.81785,-0.53559,2.79148
Ukmergė,Panevėžys,701,705,1.66681,-0.536253,2.56064
Breda,Gorinchem,706,707,0.808262,-0.521446,1.22973
Hasselt,Heerlen,708,709,1.18939,-0.524551,1.81328
Barwinek,Vyšný Komárnik,710,711,0.353232,-0.520343,0.537034
Vyšný Komárnik,Svidník,711,712,0.422962,-0.515322,0.640924
Lublin,Kovel,713,714,1.52994,-0.526487,2.33544
Olomouc,Český Těšín,716,717,0.828284,-0.516608,1.25618
Garmisch-Partenkirchen,Mittenwald,718,719,0.897508,-0.515322,1.36001
Mittenwald,Seefeld,719,720,0.572128,-0.513322,0.865814
Nyíregyháza,Chop,722,723,0.919739,-0.504232,1.3835
Dunajská Streda,Medveďov,724,725,0.609845,-0.508906,0.9202
Medveďov,Vámosszabadi,725,726,0.528034,-0.50682,0.795652
Bălţi,Mohyliv-Podilskyi,727,728,0.862817,-0.520032,1.31151
Saintes,Angoulême,730,731,0.250626,-0.499327,0.375771
St. Johann in Tirol,Lofer,732,733,0.90241,-0.512716,1.36509
Sarajevo,Užice,737,738,0.155913,-0.457494,0.227242
Užice,Čačak,738,739,0.234217,-0.460427,0.342057
Čačak,Nova Varoš,739,740,0.233961,-0.460364,0.341668
Avellino,Benevento,741,742,0.0313051,-0.441681,0.0451319
Balıkesir,Manisa,746,747,0.00786464,-0.416874,0.0111432
Warsaw,Brest-Litovsk,316,0,2.88758,-0.530806,4.42032
Brest-Litovsk,Minsk,0,318,2.85976,-0.53279,4.38342
Lyon,Mâcon,17,677,1.68659,-0.510353,2.54734
Beaune,Mâcon,395,677,2.98056,-0.513773,4.51188
