Glasgow,Preston,1,2,6.60277e-05,-0.487864,6.60277e-05
Glasgow,Edinburgh,1,13,6.60277e-05,-0.487864,6.60277e-05
Preston,Birmingham,2,3,6.60277e-05,-0.487864,6.60277e-05
Birmingham,Cambridge,3,636,6.60277e-05,-0.487864,6.60277e-05
Le Havre,Paris,4,5,2.02642,-0.514864,3.06976
Le Havre,Amiens,4,657,1.15133,-0.515453,1.74479
Paris,Orléans,5,6,2.03519,-0.513095,3.07944
Paris,Calais,5,16,1.75221,-0.51472,2.6541
Paris,Lyon,5,17,2.52228,-0.512473,3.81488
Paris,Brussels,5,326,3.13882,-0.51573,4.7576
Paris,Le Mans,5,366,1.65473,-0.513726,2.50481
Paris,Reims,5,367,1.95336,-0.515008,2.95935
Paris,Chaumont,5,665,2.84861,-0.515447,4.31692
Orléans,Bordeaux,6,7,0.927186,-0.510412,1.40043
Orléans,Tours,6,392,1.0263,-0.510412,1.55013
Orléans,Montargis,6,393,1.30973,-0.51157,1.97975
Orléans,Toulouse,6,466,1.04123,-0.509677,1.57192
Bordeaux,San Sebastián,7,8,0.483185,-0.506893,0.728108
Bordeaux,Clermont-Ferrand,7,446,0.952622,-0.507789,1.43635
Bordeaux,Toulouse,7,466,0.398063,-0.505376,0.599234
Bordeaux,Angoulême,7,731,0.550959,-0.507591,0.830621
San Sebastián,Burgos,8,9,0.219498,-0.502438,0.329782
San Sebastián,Bilbao,8,445,0.180323,-0.503096,0.271043
San Sebastián,Toulouse,8,466,0.311414,-0.505144,0.468723
Burgos,Madrid,9,10,0.11505,-0.49802,0.172348
Burgos,Valladolid,9,465,0.0776589,-0.498965,0.116408
Madrid,Seville,10,11,0.0666683,-0.493935,0.099598
Madrid,Barcelona,10,21,0.181082,-0.500808,0.271769
Madrid,Valencia,10,24,0.0761869,-0.494853,0.113888
Madrid,Lisbon,10,464,0.068727,-0.494526,0.102714
Seville,Algeciras,11,12,0.0288664,-0.489753,0.0430038
Seville,Huelva,11,486,0.0300915,-0.489566,0.0448232
Algeciras,Málaga,12,28,0.011879,-0.486818,0.0176619
Edinburgh,Newcastle,13,14,6.60277e-05,-0.487864,6.60277e-05
Newcastle,London,14,15,6.60277e-05,-0.487864,6.60277e-05
London,Colchester,15,305,6.60277e-05,-0.487864,6.60277e-05
Calais,Bruges,16,324,1.81357,-0.515657,2.74875
Calais,Rouen,16,662,1.17868,-0.515083,1.78579
Lyon,Orange,17,18,1.07004,-0.509636,1.61538
Lyon,Clermont-Ferrand,17,446,1.20257,-0.509901,1.81577
Lyon,Chambéry,17,447,1.11242,-0.509788,1.67951
Orange,Narbonne,18,19,0.47275,-0.508672,0.713225
Orange,Marseille,18,736,0.466077,-0.50929,0.703446
Narbonne,Girona,19,20,0.244785,-0.506331,0.368727
Girona,Barcelona,20,21,0.264704,-0.503323,0.397936
Barcelona,Tarragona,21,22,0.160641,-0.501367,0.241181
Barcelona,Toulouse,21,466,0.495748,-0.504196,0.745702
Tarragona,Castellón de la Plana,22,23,0.0722349,-0.498517,0.108245
Castellón de la Plana,Valencia,23,24,0.0558496,-0.494485,0.0834664
Valencia,Alicante,24,25,0.0379353,-0.491256,0.0565712
Alicante,Murcia,25,26,0.015191,-0.488493,0.0226117
Murcia,Almería,26,27,0.00728809,-0.485188,0.0108242
Almería,Málaga,27,28,0.00645738,-0.484123,0.00958354
Hook of Holland,Rotterdam,29,30,0.616982,-0.519654,0.937599
Hook of Holland,The Hague,29,307,0.334116,-0.520167,0.507911
Rotterdam,Eindhoven,30,31,1.54108,-0.519382,2.34149
Eindhoven,Maastricht,31,32,1.65619,-0.518646,2.51516
Eindhoven,Antwerp,31,505,2.71993,-0.517569,4.12769
Eindhoven,Venlo,31,643,2.1299,-0.519837,3.2371
Eindhoven,Breda,31,706,1.55779,-0.519398,2.3669
Maastricht,Liège,32,33,2.0653,-0.518447,3.13605
Liège,Bastogne,33,34,1.9286,-0.518309,2.92822
Liège,Leuven,33,327,3.137,-0.518016,4.76202
Liège,Eupen,33,328,2.03513,-0.519227,3.09183
Liège,Antwerp,33,505,3.421,-0.516896,5.18931
Liège,Namur,33,652,2.13267,-0.517785,3.23693
Liège,St. Vith,33,653,1.76372,-0.51837,2.67798
Liège,Charleville-Mézières,33,658,2.27215,-0.51773,3.44851
Bastogne,Arlon,34,35,1.16754,-0.518474,1.77287
Arlon,Luxembourg,35,36,1.61714,-0.518279,2.45527
Luxembourg,Metz,36,37,2.63143,-0.517267,3.99259
Luxembourg,St. Vith,36,653,1.97233,-0.518796,2.99557
Luxembourg,Charleville-Mézières,36,658,1.46997,-0.516824,2.22968
Luxembourg,Trier,36,659,1.94971,-0.51924,2.96207
Metz,Saint-Avold,37,38,3.12891,-0.516606,4.74533
Metz,Lausanne,37,44,2.55704,-0.515965,3.87639
Metz,Geneva,37,45,2.70979,-0.514654,4.1044
Metz,Brussels,37,326,3.58975,-0.516889,5.44525
Metz,Reims,37,367,2.47513,-0.512793,3.74436
Metz,Saarbrücken,37,368,3.04207,-0.518289,4.61874
Saint-Avold,Strasbourg,38,39,2.39709,-0.517238,3.63695
Strasbourg,Mulhouse,39,40,3.05662,-0.51833,4.64096
Strasbourg,Appenweier,39,664,2.3152,-0.518667,3.51601
Mulhouse,Basel,40,41,2.90255,-0.51743,4.40442
Mulhouse,Belfort,40,398,2.16069,-0.516883,3.27751
Mulhouse,Chaumont,40,665,2.72663,-0.516863,4.13593
Basel,Olten,41,42,1.72327,-0.51712,2.61441
Basel,Offenburg,41,61,2.50763,-0.518506,3.80786
Basel,Zürich,41,399,2.03189,-0.517718,3.08384
Basel,Waldshut,41,666,2.39146,-0.517613,3.62931
Olten,Bern,42,43,1.67267,-0.513892,2.53223
Olten,Lucerne,42,62,1.06947,-0.516172,1.6215
Bern,Lausanne,43,44,1.38641,-0.514864,2.10022
Bern,Belfort,43,398,1.77272,-0.516399,2.68815
Bern,Martigny,43,506,0.938859,-0.512632,1.42015
Lausanne,Geneva,44,45,1.01206,-0.510296,1.52851
Lausanne,Martigny,44,506,0.80929,-0.51266,1.22418
Geneva,Mont Blanc,45,46,1.1294,-0.51126,1.70682
Geneva,Chambéry,45,447,1.22982,-0.509984,1.85701
Geneva,Mâcon,45,677,2.02678,-0.512558,3.06562
Mont Blanc,Aosta,46,47,0.643045,-0.508909,0.970296
Aosta,Ivrea,47,48,0.506257,-0.501523,0.760157
Aosta,Martigny,47,506,0.729113,-0.506733,1.09858
Ivrea,Vercelli,48,49,0.191422,-0.499113,0.286963
Ivrea,Turin,48,449,0.281831,-0.499295,0.422548
Vercelli,Alessandria,49,50,0.144252,-0.494903,0.215643
Alessandria,Genoa,50,51,0.163333,-0.490356,0.243424
Alessandria,Turin,50,449,0.186795,-0.496727,0.279581
Alessandria,Tortona,50,450,0.117176,-0.48999,0.174591
Alessandria,Asti,50,686,0.156617,-0.492833,0.233803
Genoa,Rome,51,74,0.276573,-0.480708,0.409523
Genoa,Tortona,51,450,0.169208,-0.485123,0.251295
Genoa,Nice,51,467,0.284807,-0.494505,0.425645
Amsterdam,Utrecht,52,53,1.41606,-0.519649,2.15191
Amsterdam,Amersfoort,52,309,0.81948,-0.518842,1.24466
Amsterdam,Brussels,52,326,3.41935,-0.517675,5.18946
Amsterdam,Groningen,52,624,1.48526,-0.520007,2.25761
Utrecht,Arnhem,53,54,1.09067,-0.52102,1.65893
Utrecht,Gouda,53,308,0.878854,-0.520607,1.33639
Utrecht,Amersfoort,53,309,0.820554,-0.520821,1.24792
Utrecht,Gorinchem,53,707,1.0393,-0.520437,1.58018
Arnhem,Emmerich,54,55,1.00155,-0.521787,1.52414
Emmerich,Oberhausen,55,56,1.95762,-0.521981,2.97945
Oberhausen,Cologne,56,57,3.37949,-0.522046,5.14375
Oberhausen,Dortmund,56,508,2.37135,-0.522022,3.60925
Oberhausen,Venlo,56,643,2.20626,-0.52117,3.35609
Cologne,Frankfurt am Main,57,58,3.95514,-0.522108,6.02016
Cologne,Aachen,57,329,3.46251,-0.521988,5.2699
Cologne,Olpe,57,330,2.44777,-0.522395,3.72647
Cologne,Bremen,57,507,3.57161,-0.522015,5.43605
Frankfurt am Main,Heidelberg,58,59,3.5496,-0.522041,5.40264
Frankfurt am Main,Gießen,58,332,2.53245,-0.522453,3.85553
Frankfurt am Main,Mannheim,58,369,4.07864,-0.521897,6.20727
Frankfurt am Main,Aschaffenburg,58,509,2.943,-0.521775,4.47858
Frankfurt am Main,Wiesbaden,58,656,2.908,-0.52233,4.42694
Heidelberg,Karlsruhe,59,60,2.96646,-0.521262,4.51277
Karlsruhe,Offenburg,60,61,2.49146,-0.519524,3.78584
Karlsruhe,Stuttgart,60,510,3.48305,-0.519699,5.29318
Karlsruhe,Appenweier,60,664,2.67181,-0.519865,4.0608
Lucerne,Altdorf,62,63,0.791463,-0.51679,1.20048
Altdorf,Gotthard Pass,63,64,0.555953,-0.517091,0.843431
Altdorf,Zürich,63,399,1.04556,-0.517177,1.58631
Gotthard Pass,Bellinzona,64,65,0.276859,-0.51668,0.419906
Bellinzona,Lugano,65,66,0.13374,-0.513976,0.202478
Bellinzona,San Bernardino,65,516,0.153621,-0.515998,0.23289
Lugano,Chiasso,66,67,0.0733901,-0.504619,0.110424
Chiasso,Como,67,68,0.0871088,-0.491366,0.129911
Como,Milan,68,69,0.186432,-0.487229,0.277267
Milan,Piacenza,69,70,0.207716,-0.483799,0.30821
Milan,Turin,69,449,0.28016,-0.494083,0.418582
Milan,Tortona,69,450,0.150734,-0.486584,0.224079
Milan,Brescia,69,451,0.180812,-0.481042,0.26779
Milan,Gravellona Toce,69,680,0.209991,-0.488786,0.312631
Piacenza,Parma,70,71,0.141898,-0.477089,0.209597
Parma,Modena,71,72,0.211477,-0.472428,0.311384
Modena,Florence,72,73,0.235904,-0.471607,0.347157
Modena,Verona,72,94,0.286186,-0.474867,0.422086
Modena,Bologna,72,95,0.228174,-0.47005,0.335427
Florence,Rome,73,74,0.213445,-0.473526,0.314516
Rome,Pescara,74,125,0.206398,-0.473015,0.304028
Östersund,Mora,75,76,0.00679915,-0.344587,0.00914206
Östersund,Trondheim,75,493,0.00809709,-0.344469,0.0108863
Östersund,Sundsvall,75,610,0.00843274,-0.34479,0.0113403
Mora,Säffle,76,77,0.00499784,-0.344829,0.00672124
Säffle,Gothenburg,77,78,0.00664332,-0.345138,0.00893619
Gothenburg,Halmstad,78,300,0.00637735,-0.345298,0.00857943
Gothenburg,Örebro,78,301,0.00687644,-0.345266,0.00925064
Gothenburg,Oslo,78,489,0.00585195,-0.34528,0.00787251
Hamburg,Hanover,79,80,2.16214,-0.521432,3.28955
Hamburg,Berlin,79,108,2.329,-0.521102,3.54264
Hamburg,Bremen,79,507,2.72923,-0.521803,4.15335
Hamburg,Lübeck,79,517,1.23247,-0.521431,1.87512
Hanover,Göttingen,80,81,1.52013,-0.522089,2.31378
Hanover,Bad Oeynhausen,80,312,1.74477,-0.522096,2.65571
Hanover,Braunschweig,80,313,1.58641,-0.521324,2.41345
Göttingen,Kassel,81,82,1.38533,-0.522331,2.10893
Kassel,Fulda,82,83,1.87366,-0.522119,2.85194
Kassel,Dortmund,82,508,2.17458,-0.522368,3.31051
Fulda,Würzburg,83,84,2.70605,-0.521595,4.11751
Würzburg,Nuremberg,84,85,3.96986,-0.520093,6.03456
Würzburg,Aschaffenburg,84,509,3.56708,-0.521642,5.42782
Würzburg,Stuttgart,84,510,2.82813,-0.520982,4.30153
Würzburg,Ulm,84,512,1.79632,-0.519707,2.72988
Nuremberg,Munich,85,86,3.20837,-0.516758,4.86632
Nuremberg,Heilbronn,85,370,3.56781,-0.520113,5.42348
Nuremberg,Rozvadov,85,371,2.71566,-0.517761,4.12173
Nuremberg,Bayreuth,85,529,3.66393,-0.518311,5.56298
Nuremberg,Regensburg,85,667,2.58568,-0.517914,3.92485
Munich,Rosenheim,86,87,2.21489,-0.514502,3.35445
Munich,Salzburg,86,115,2.60634,-0.513382,3.94439
Munich,Ulm,86,512,2.30653,-0.516868,3.49871
Munich,Lindau,86,513,2.47253,-0.515512,3.74715
Munich,Deggendorf,86,531,2.47764,-0.515648,3.75524
Munich,Garmisch-Partenkirchen,86,718,2.16422,-0.515309,3.27947
Munich,Braunau am Inn,86,721,1.91585,-0.514492,2.90154
Rosenheim,Wörgl,87,88,1.46108,-0.514578,2.21292
Rosenheim,Bad Reichenhall,87,407,1.15665,-0.513668,1.75078
Wörgl,Innsbruck,88,89,1.36644,-0.513998,2.06879
Wörgl,St. Johann in Tirol,88,732,1.02871,-0.51388,1.55734
Innsbruck,Brenner,89,90,0.779693,-0.512918,1.17961
Innsbruck,Telfs,89,405,0.695595,-0.514046,1.05316
Innsbruck,Imst,89,406,0.711259,-0.514087,1.07691
Innsbruck,Seefeld,89,720,0.819379,-0.513935,1.24049
Brenner,Fortezza,90,91,0.454339,-0.509732,0.68593
Fortezza,Bolzano,91,92,0.276205,-0.503348,0.415232
Fortezza,Innichen,91,681,0.384876,-0.504565,0.579071
Bolzano,Trento,92,93,0.17892,-0.491065,0.266782
Trento,Verona,93,94,0.257358,-0.47906,0.380648
Verona,Mestre,94,120,0.354425,-0.476,0.523132
Verona,Brescia,94,451,0.266784,-0.476986,0.394036
Bologna,Cesena,95,96,0.189984,-0.467914,0.278881
Cesena,Perugia,96,97,0.130372,-0.466708,0.191218
Cesena,Ravenna,96,121,0.204056,-0.470687,0.300102
Cesena,Rimini,96,122,0.134763,-0.466633,0.197648
Perugia,Fiano Romano,97,98,0.0528486,-0.464983,0.0774223
Fiano Romano,Naples,98,99,0.0244723,-0.463035,0.0358038
Naples,Salerno,99,100,0.00640389,-0.461229,0.00935755
Naples,Avellino,99,741,0.00949846,-0.461467,0.0138817
Salerno,Sicignano degli Alburni,100,101,0.00360037,-0.458463,0.00525101
Salerno,Avellino,100,741,0.00474182,-0.460281,0.00692439
Sicignano degli Alburni,Potenza,101,743,0.00187142,-0.456608,0.00272593
Messina,Catania,102,103,6.60277e-05,-0.487864,6.60277e-05
Messina,Palermo,102,474,6.60277e-05,-0.487864,6.60277e-05
Catania,Siracusa,103,104,6.60277e-05,-0.487864,6.60277e-05
Siracusa,Gela,104,105,6.60277e-05,-0.487864,6.60277e-05
Gela,Mazara del Vallo,105,473,6.60277e-05,-0.487864,6.60277e-05
Helsingborg,Copenhagen,299,106,0.00142155,-0.345415,0.00191257
Copenhagen,Malmö,106,135,0.000727238,-0.345416,0.000978438
Rostock,Berlin,107,108,1.73327,-0.520698,2.63579
Rostock,Lübeck,107,517,0.875825,-0.521099,1.33222
Rostock,Sassnitz,107,625,0.733043,-0.52082,1.11483
Berlin,Lübbenau,108,109,2.58242,-0.520171,3.92572
Berlin,Szczecin,108,137,2.05468,-0.520732,3.12461
Berlin,Świebodzin,108,139,2.47107,-0.521082,3.7587
Berlin,Magdeburg,108,314,2.59825,-0.520542,3.95075
Berlin,Leipzig,108,526,2.27972,-0.520141,3.46549
Berlin,Neubrandenburg,108,700,1.59817,-0.520686,2.43032
Lübbenau,Dresden,109,110,1.8875,-0.519528,2.86812
Lübbenau,Cottbus,109,644,1.40803,-0.519964,2.14016
Dresden,Ústí nad Labem,110,111,1.88486,-0.517379,2.86004
Dresden,Chemnitz,110,337,2.14207,-0.519019,3.25384
Dresden,Görlitz,110,338,1.37812,-0.519208,2.09365
Ústí nad Labem,Prague,111,112,2.07381,-0.514806,3.14142
Prague,Tábor,112,113,1.95294,-0.512078,2.95299
Prague,Mladá Boleslav,112,146,1.16247,-0.513926,1.7599
Prague,Jihlava,112,147,1.96235,-0.511456,2.966
Prague,Plzeň,112,372,2.2389,-0.513393,3.38833
Prague,Karlovy Vary,112,523,1.3926,-0.514231,2.10872
Prague,Hradec Králové,112,551,1.49917,-0.513373,2.26881
Tábor,Linz,113,114,1.71166,-0.511602,2.58735
Linz,Salzburg,114,115,1.79229,-0.511469,2.70899
Linz,Sattledt,114,408,0.723518,-0.510659,1.09299
Linz,Sankt Pölten,114,409,1.67646,-0.50983,2.53117
Linz,Wels,114,669,1.29465,-0.511759,1.95719
Salzburg,Villach,115,116,2.56732,-0.508512,3.87283
Salzburg,Bad Reichenhall,115,407,1.38064,-0.512099,2.08767
Salzburg,Sattledt,115,408,1.41833,-0.509518,2.141
Salzburg,Lofer,115,733,1.65468,-0.512463,2.50264
Villach,Tarvisio,116,117,1.24732,-0.500288,1.87134
Villach,Karavanke Tunnel,116,537,1.06905,-0.502399,1.60613
Villach,Spittal an der Drau,116,682,1.2452,-0.500427,1.86834
Villach,Klagenfurt,116,683,1.31881,-0.5034,1.9827
Tarvisio,Udine,117,118,0.570757,-0.497739,0.854846
Udine,Palmanova,118,119,0.46237,-0.491405,0.68958
Palmanova,Mestre,119,120,0.464761,-0.483796,0.68961
Palmanova,Trieste,119,452,0.516659,-0.488964,0.769287
Mestre,Ravenna,120,121,0.270616,-0.475893,0.3994
Rimini,Fano,122,123,0.0657077,-0.465181,0.0962737
Fano,Ancona,123,124,0.0577846,-0.465881,0.0847052
Ancona,Pescara,124,125,0.103703,-0.468593,0.152297
Pescara,Canosa di Puglia,125,126,0.111965,-0.468444,0.164414
Canosa di Puglia,Bari,126,127,0.0350418,-0.464986,0.0513357
Canosa di Puglia,Benevento,126,742,0.0361354,-0.465292,0.052949
Bari,Brindisi,127,128,0.00928019,-0.46312,0.013578
Bari,Taranto,127,476,0.00878711,-0.462971,0.0128553
Brindisi,Taranto,128,476,0.0021044,-0.459853,0.00307211
Igoumenitsa,Preveza,129,130,0.00370653,-0.419695,0.00526214
Igoumenitsa,Ioannina,129,477,0.00869989,-0.421418,0.0123662
Preveza,Rhion,130,131,0.00182439,-0.417612,0.00258628
Rhion,Patras,131,132,0.00064342,-0.416432,0.00091136
Rhion,Aigio,131,175,0.00064342,-0.416432,0.00091136
Patras,Pyrgos,132,133,0.000273416,-0.413263,0.000386408
Pyrgos,Kalamata,133,134,0.000129397,-0.431019,0.000185169
Kalamata,Tripoli,134,177,9.6923e-05,-0.487864,0.000129397
Malmö,Helsingborg,135,299,0.00195671,-0.345414,0.00263259
Malmö,Kalmar,135,626,0.00186092,-0.345385,0.00250366
Goleniów,Szczecin,136,137,0.876505,-0.521022,1.33318
Goleniów,Koszalin,136,637,0.380644,-0.52185,0.579284
Szczecin,Gorzów Wielkopolski,137,138,0.935655,-0.521133,1.42326
Gorzów Wielkopolski,Świebodzin,138,139,1.13039,-0.521559,1.71995
Świebodzin,Zielona Góra,139,140,1.49419,-0.52138,2.27322
Świebodzin,Poznań,139,315,2.39529,-0.522377,3.64653
Zielona Góra,Legnica,140,141,1.49945,-0.521465,2.28136
Legnica,Jelenia Góra,141,142,1.32772,-0.520305,2.01854
Legnica,Görlitz,141,338,1.46879,-0.520042,2.23262
Legnica,Wrocław,141,339,2.23885,-0.519964,3.40297
Legnica,Cottbus,141,644,1.47085,-0.520091,2.23582
Jelenia Góra,Harrachov,142,143,0.569274,-0.519715,0.865133
Harrachov,Železný Brod,143,144,0.402546,-0.517528,0.610875
Železný Brod,Turnov,144,145,0.652477,-0.515452,0.988798
Turnov,Mladá Boleslav,145,146,0.686321,-0.514349,1.03933
Turnov,Hradec Králové,145,551,0.968106,-0.514247,1.46595
Turnov,Teplice,145,715,0.843194,-0.515149,1.27756
Jihlava,Brno,147,148,0.977228,-0.509565,1.47519
Jihlava,Vienna,147,410,1.57138,-0.509571,2.37211
Brno,Bratislava,148,149,1.34213,-0.506198,2.02151
Brno,Trenčín,148,373,1.3507,-0.508186,2.0371
Brno,Vienna,148,410,1.53526,-0.507303,2.3141
Brno,Olomouc,148,716,1.38409,-0.510422,2.09056
Bratislava,Rajka,149,150,1.42152,-0.505008,2.13939
Bratislava,Žilina,149,195,1.55697,-0.508937,2.34937
Bratislava,Győr,149,196,1.39194,-0.501387,2.08984
Bratislava,Vienna,149,410,1.94545,-0.503158,2.92432
Bratislava,Zvolen,149,568,1.99658,-0.50423,3.00332
Bratislava,Dunajská Streda,149,724,1.22149,-0.505015,1.83836
Rajka,Csorna,150,151,0.562112,-0.504807,0.845871
Csorna,Szombathely,151,152,0.270226,-0.502508,0.406016
Szombathely,Zalaegerszeg,152,153,0.24992,-0.496897,0.374104
Zalaegerszeg,Nagykanizsa,153,154,0.477982,-0.493747,0.713985
Nagykanizsa,Letenye,154,155,0.295531,-0.493108,0.44126
Nagykanizsa,Zagreb,154,156,0.634727,-0.49238,0.947254
Nagykanizsa,Balatonvilágos,154,553,0.947859,-0.493474,1.4156
Letenye,Zagreb,155,156,0.339197,-0.491745,0.505995
Zagreb,Karlovac,156,157,0.49533,-0.49123,0.738651
Zagreb,Ljubljana,156,454,0.487924,-0.493098,0.728519
Zagreb,Slavonski Brod,156,455,0.517915,-0.486371,0.769814
Zagreb,Maribor,156,535,0.604541,-0.495727,0.904229
Karlovac,Rijeka,157,158,0.21633,-0.490295,0.322396
Karlovac,Knin,157,554,0.173719,-0.490196,0.258876
Rijeka,Split,158,159,0.143828,-0.48909,0.214173
Rijeka,Trieste,158,452,0.370639,-0.490442,0.552416
Split,Dubrovnik,159,160,0.0981607,-0.484543,0.145724
Split,Knin,159,554,0.101217,-0.488412,0.150653
Dubrovnik,Petrovac,160,161,0.0303735,-0.479723,0.0449444
Dubrovnik,Podgorica,160,162,0.0635919,-0.474149,0.093744
Petrovac,Podgorica,161,162,0.0398781,-0.46895,0.0585789
Petrovac,Prizren,161,744,0.0366723,-0.469376,0.0538855
Podgorica,Bijelo Polje,162,163,0.061548,-0.469412,0.0904393
Podgorica,Pristina,162,164,0.0841708,-0.468368,0.123594
Podgorica,Sarajevo,162,737,0.106318,-0.469784,0.156265
Bijelo Polje,Pristina,163,164,0.0846371,-0.468136,0.124259
Bijelo Polje,Nova Varoš,163,740,0.0944047,-0.470277,0.138801
Pristina,Skopje,164,165,0.110397,-0.465451,0.161782
Pristina,Niš,164,202,0.228277,-0.469972,0.33556
Pristina,Prizren,164,744,0.0692584,-0.467709,0.101651
Skopje,Kičevo,165,166,0.0727626,-0.462157,0.10639
Skopje,Kumanovo,165,203,0.108051,-0.465205,0.158317
Skopje,Veles,165,204,0.0756166,-0.460684,0.110452
Kičevo,Ohrid,166,167,0.0293668,-0.45989,0.0428723
Ohrid,Bitola,167,168,0.0129819,-0.454416,0.0188811
Bitola,Niki,168,169,0.0083955,-0.440669,0.0120951
Niki,Vevi,169,170,0.0112083,-0.427591,0.0160009
Vevi,Kozani,170,171,0.0236063,-0.424552,0.0336285
Kozani,Larissa,171,172,0.0159265,-0.424131,0.0226814
Kozani,Thessaloniki,171,207,0.0532319,-0.426496,0.0759351
Kozani,Ioannina,171,477,0.0193324,-0.423795,0.0275254
Larissa,Domokos,172,173,0.00700451,-0.423107,0.00996817
Larissa,Lamia,172,174,0.00700451,-0.423107,0.00996817
Larissa,Katerini,172,208,0.0204318,-0.424963,0.0291146
Larissa,Trikala,172,687,0.00991422,-0.422502,0.014103
Domokos,Lamia,173,174,6.60277e-05,-0.487864,3.30139e-05
Aigio,Corinth,175,176,0.000273416,-0.413263,0.000386408
Corinth,Tripoli,176,177,0.000129397,-0.431019,0.000185169
Varangerbotn,Utsjoki,178,179,0.0600192,-0.508613,0.0905457
Varangerbotn,Kirkenes,178,243,0.180202,-0.518823,0.273694
Varangerbotn,Karasjok,178,502,0.0599888,-0.508654,0.0905023
Utsjoki,Inari,179,180,0.0230748,-0.506094,0.0347527
Inari,Ivalo,180,181,0.00948631,-0.499333,0.0142231
Ivalo,Sodankylä,181,182,0.00537152,-0.480372,0.00795184
Sodankylä,Rovaniemi,182,183,0.00403267,-0.449083,0.00584367
Sodankylä,Kemijärvi,182,539,0.00290763,-0.459238,0.00424293
Rovaniemi,Kemi,183,184,0.00482369,-0.434122,0.00691776
Kemi,Oulu,184,185,0.0077947,-0.444653,0.0112606
Kemi,Tornio,184,614,0.00449772,-0.421439,0.00639323
Oulu,Jyväskylä,185,186,0.00973977,-0.470748,0.0143247
Oulu,Kokkola,185,615,0.00692604,-0.457142,0.0100922
Jyväskylä,Heinola,186,187,0.017243,-0.495776,0.0257916
Jyväskylä,Kuopio,186,544,0.0103766,-0.476592,0.015322
Jyväskylä,Tampere,186,545,0.0159445,-0.490431,0.0237642
Heinola,Lahti,187,188,0.0249313,-0.510978,0.0376707
Lahti,Helsinki,188,189,0.0580984,-0.516797,0.0881234
Helsinki,Hämeenlinna,189,618,0.0585366,-0.516721,0.0887837
Helsinki,Kotka,189,621,0.178911,-0.520643,0.27206
Gdańsk,Świecie,190,191,1.91492,-0.525671,2.92153
Gdańsk,Kaliningrad,190,563,1.51112,-0.527474,2.30819
Gdańsk,Elbląg,190,564,1.64477,-0.525506,2.5091
Gdańsk,Gdynia,190,639,1.18091,-0.526421,1.80257
Świecie,Łódź,191,192,1.33623,-0.524346,2.03688
Świecie,Poznań,191,315,1.78212,-0.524269,2.71642
Łódź,Piotrków Trybunalski,192,193,1.52796,-0.523903,2.32846
Piotrków Trybunalski,Katowice,193,194,1.77841,-0.521978,2.7067
Piotrków Trybunalski,Warsaw,193,316,2.66394,-0.524619,4.0615
Piotrków Trybunalski,Wrocław,193,339,1.80028,-0.522442,2.74082
Katowice,Žilina,194,195,1.39167,-0.516691,2.11073
Katowice,Zabrze,194,342,1.26157,-0.520045,1.91764
Katowice,Kraków,194,343,1.93926,-0.520063,2.9478
Katowice,Český Těšín,194,717,0.99181,-0.518834,1.50639
Žilina,Olomouc,195,716,0.805395,-0.512272,1.21798
Győr,Budapest,196,197,1.88802,-0.498701,2.82958
Győr,Vámosszabadi,196,726,0.878887,-0.501214,1.3194
Budapest,Szeged,197,198,1.80486,-0.490912,2.69089
Budapest,Mosonmagyaróvár,197,412,1.97658,-0.496691,2.95833
Budapest,Szolnok,197,413,1.82797,-0.4926,2.72843
Budapest,Miskolc,197,552,1.94046,-0.495383,2.90173
Budapest,Balatonvilágos,197,553,1.65316,-0.493809,2.4695
Budapest,Szekszárd,197,555,1.50514,-0.493158,2.24741
Budapest,Zvolen,197,568,1.84968,-0.498209,2.77121
Szeged,Subotica,198,199,1.00709,-0.484272,1.49479
Szeged,Arad,198,684,1.2132,-0.484893,1.80147
Subotica,Novi Sad,199,200,0.560029,-0.481733,0.829813
Subotica,Sombor,199,735,0.53102,-0.483825,0.78794
Novi Sad,Belgrade,200,201,0.516574,-0.479064,0.764045
Belgrade,Niš,201,202,0.410576,-0.475351,0.605743
Belgrade,Slavonski Brod,201,455,0.468801,-0.482041,0.694782
Belgrade,Vršac,201,456,0.410262,-0.477669,0.606231
Belgrade,Čačak,201,739,0.355656,-0.475863,0.5249
Niš,Kumanovo,202,203,0.165161,-0.471064,0.242962
Niš,Drobeta-Turnu Severin,202,458,0.395632,-0.475997,0.583951
Niš,Sofia,202,468,0.259077,-0.463283,0.379103
Kumanovo,Kyustendil,203,745,0.0971441,-0.463555,0.142176
Veles,Gevgelija,204,205,0.03749,-0.452151,0.0544412
Gevgelija,Evzoni,205,206,0.0332658,-0.436819,0.0477969
Evzoni,Thessaloniki,206,207,0.0581038,-0.429041,0.0830327
Thessaloniki,Katerini,207,208,0.0388013,-0.427214,0.0553778
Thessaloniki,Alexandroupoli,207,233,0.0795118,-0.424766,0.113286
Thessaloniki,Serres,207,577,0.0732984,-0.434386,0.105138
Klaipėda,Kaunas,209,210,2.29189,-0.528508,3.50318
Klaipėda,Palanga,209,704,1.35255,-0.529186,2.06831
Kaunas,Vilnius,210,211,2.53711,-0.528214,3.87725
Kaunas,Warsaw,210,316,4.79283,-0.526898,7.31816
Kaunas,Riga,210,547,3.32524,-0.527274,5.07855
Kaunas,Ukmergė,210,701,2.13374,-0.528161,3.2607
Vilnius,Lida,211,212,2.37807,-0.528334,3.63449
Vilnius,Minsk,211,318,4.74206,-0.526481,7.23867
Vilnius,Marijampolė,211,641,2.50152,-0.528577,3.82377
Vilnius,Ukmergė,211,701,2.50232,-0.528407,3.82456
Lida,Slonim,212,213,0.928928,-0.528312,1.41969
Slonim,Kobryn,213,214,0.46131,-0.525389,0.703678
Kobryn,Dubno,214,215,0.478427,-0.518551,0.726516
Dubno,Ternopil,215,216,0.991722,-0.514946,1.50241
Ternopil,Chernivtsi,216,217,1.09297,-0.513088,1.65377
Ternopil,Stryj,216,379,1.53566,-0.51172,2.32149
Ternopil,Khmelnytskyi,216,380,1.43241,-0.516383,2.17208
Chernivtsi,Siret,217,218,0.781148,-0.509424,1.17908
Siret,Suceava,218,219,1.26519,-0.506172,1.9056
Suceava,Roman,219,220,1.22321,-0.504843,1.84074
Suceava,Halmeu,219,578,1.86536,-0.503312,2.80421
Suceava,Iaşi,219,670,1.70634,-0.507605,2.57249
Roman,Urziceni,220,221,0.651422,-0.502918,0.979034
Urziceni,Bucharest,221,222,0.415011,-0.497184,0.621348
Urziceni,Slobozia,221,421,0.361569,-0.502042,0.543091
Bucharest,Giurgiu,222,223,0.192356,-0.489431,0.286501
Bucharest,Ploieşti,222,420,0.176159,-0.490133,0.262501
Bucharest,Constanţa,222,423,0.272277,-0.494047,0.406795
Bucharest,Alexandria,222,460,0.196276,-0.486417,0.291748
Bucharest,Piteşti,222,583,0.215676,-0.487411,0.320798
Giurgiu,Ruse,223,224,0.0955527,-0.486279,0.142018
Ruse,Byala,224,225,0.0461936,-0.480623,0.0683953
Ruse,Razgrad,224,461,0.04355,-0.481995,0.0645408
Byala,Veliko Tarnovo,225,226,0.0344259,-0.476675,0.0508359
Byala,Pleven,225,584,0.0323287,-0.470697,0.0475457
Veliko Tarnovo,Stara Zagora,226,227,0.0384137,-0.476862,0.0567318
Veliko Tarnovo,Shumen,226,462,0.0390894,-0.48115,0.0578973
Stara Zagora,Haskovo,227,228,0.0226382,-0.475029,0.033392
Stara Zagora,Burgas,227,590,0.0356281,-0.481405,0.0527797
Haskovo,Svilengrad,228,229,0.00987663,-0.466799,0.014487
Svilengrad,Ormenio,229,230,0.00633589,-0.44638,0.0091641
Ormenio,Kastanies,230,231,0.00845158,-0.426794,0.0120587
Kastanies,Didymoteicho,231,232,0.0177814,-0.421648,0.0252789
Didymoteicho,Alexandroupoli,232,233,0.0421063,-0.421879,0.0598701
Alexandroupoli,Gelibolu,233,478,0.0523731,-0.421134,0.0744291
Saint Petersburg,Pskov,234,235,4.50439,-0.522371,6.85735
Saint Petersburg,Moscow,234,239,8.03163,-0.51654,12.1803
Saint Petersburg,Petrozavodsk,234,245,2.81117,-0.519735,4.27223
Saint Petersburg,Narva,234,304,3.38037,-0.521315,5.14261
Saint Petersburg,Vyborg,234,623,2.81115,-0.519737,4.27221
Pskov,Gomel,235,236,6.07888,-0.525017,9.27039
Pskov,Riga,235,547,4.40633,-0.525305,6.721
Gomel,Kiev,236,237,8.18852,-0.521955,12.4626
Gomel,Babruysk,236,703,5.08141,-0.524981,7.74906
Kiev,Odessa,237,238,5.65275,-0.517201,8.57635
Kiev,Hlukhiv,237,242,6.90864,-0.516429,10.4765
Kiev,Kharkiv,237,247,6.62713,-0.515217,10.0415
Kiev,Rivne,237,348,5.0774,-0.518509,7.71008
Kiev,Zhytomyr,237,349,4.04443,-0.518689,6.14224
Odessa,Izmail,238,586,1.86192,-0.517079,2.82468
Odessa,Chişinău,238,672,2.19887,-0.516768,3.33517
Odessa,Mykolaiv,238,673,2.18099,-0.517339,3.3093
Moscow,Kaluga,239,240,5.55826,-0.514022,8.41533
Moscow,Orel,239,246,5.74499,-0.509646,8.6729
Moscow,Voronezh,239,248,5.84949,-0.509421,8.82934
Moscow,Tambov,239,256,5.01366,-0.507565,7.55842
Moscow,Smolensk,239,319,6.30369,-0.518936,9.57489
Moscow,Ryazan,239,320,4.33056,-0.508007,6.53051
Moscow,Velikiye Luki,239,628,5.40471,-0.515662,8.19171
Moscow,Vladimir,239,629,4.37104,-0.50713,6.58772
Kaluga,Bryansk,240,241,3.10914,-0.515414,4.71163
Bryansk,Hlukhiv,241,242,3.865,-0.516375,5.86079
Hlukhiv,Kursk,242,645,4.07752,-0.515521,6.17957
Kirkenes,Murmansk,243,244,0.407316,-0.520551,0.619345
Murmansk,Petrozavodsk,244,245,1.05849,-0.520322,1.60924
Orel,Kharkiv,246,247,4.39071,-0.511935,6.63848
Kharkiv,Luhansk,247,350,3.5765,-0.513638,5.41352
Voronezh,Novorossiysk,248,249,3.5802,-0.504946,5.38801
Voronezh,Kursk,248,645,3.81753,-0.51257,5.77428
Voronezh,Saratov,248,646,2.90702,-0.50457,4.37382
Novorossiysk,Dzhankoy,249,601,1.47812,-0.507108,2.22769
Novorossiysk,Sochi,249,602,1.43122,-0.506813,2.15658
Mineralnye Vody,Nalchik,250,251,0.176838,-0.502959,0.265781
Mineralnye Vody,Makhachkala,250,260,0.393691,-0.501924,0.591295
Mineralnye Vody,Armavir,250,387,0.213948,-0.5053,0.322056
Nalchik,Vladikavkaz,251,252,0.0675219,-0.502823,0.101473
Vladikavkaz,Stepantsminda,252,253,0.0261087,-0.502667,0.0392328
Stepantsminda,Mtskheta,253,254,0.0109436,-0.502464,0.0164423
Mtskheta,Tbilisi,254,255,0.00677594,-0.502231,0.010179
Tbilisi,Gori,255,428,0.00441302,-0.503041,0.00663295
Tbilisi,Rustavi,255,429,0.00632072,-0.501613,0.00949128
Tambov,Povorino,256,257,2.29581,-0.50811,3.46234
Povorino,Volgograd,257,258,1.91101,-0.508698,2.88313
Volgograd,Astrakhan,258,259,1.96052,-0.505792,2.95213
Volgograd,Luhansk,258,350,2.28965,-0.511305,3.46037
Astrakhan,Makhachkala,259,260,1.20679,-0.501566,1.81208
Astrakhan,Atyrau,259,265,1.48843,-0.496516,2.22746
Makhachkala,Kuba,260,261,0.386809,-0.501551,0.580814
Kuba,Baku,261,262,0.147626,-0.501386,0.221644
Baku,Yevlakh,262,431,0.0564787,-0.501232,0.0847877
Samara,Oral,263,264,1.06422,-0.482661,1.57788
Samara,Penza,263,321,1.13562,-0.495161,1.69794
Samara,Ufa,263,322,0.738653,-0.478271,1.09193
Oral,Atyrau,264,265,1.09343,-0.47967,1.61792
Oral,Saratov,264,646,1.75172,-0.496413,2.6213
Oral,Aktobe,264,647,0.761787,-0.482633,1.12945
Atyrau,Beineu,265,266,0.556299,-0.487398,0.827438
Atyrau,Beyneu,265,351,0.556299,-0.487398,0.827438
Beineu,Shetpe,266,267,0.215217,-0.486192,0.319854
Shetpe,Zhetybai,267,268,0.0834084,-0.484929,0.123856
Zhetybai,Fetisovo,268,269,0.0324942,-0.483486,0.0482047
Fetisovo,Bekdash,269,270,0.0130009,-0.481195,0.0192569
Bekdash,Türkmenbaşy,270,271,0.00601962,-0.475447,0.00888163
Türkmenbaşy,Gyzylarbat,271,272,0.00476234,-0.464815,0.00697594
Gyzylarbat,Ashgabat,272,432,0.00793226,-0.46021,0.0115828
Chelyabinsk,Kostanay,273,274,0.14877,-0.470281,0.218734
Chelyabinsk,Ufa,273,322,0.327635,-0.47589,0.483554
Chelyabinsk,Kurgan,273,323,0.161198,-0.460394,0.235412
Kostanay,Esil,274,275,0.0619891,-0.467165,0.0909482
Esil,Derzhavinsk,275,276,0.0331264,-0.452174,0.0481053
Derzhavinsk,Arkalyk,276,277,0.0342214,-0.428393,0.0488816
Arkalyk,Jezkazgan,277,278,0.0646369,-0.417636,0.0916316
Jezkazgan,Kyzylorda,278,279,0.0956319,-0.413322,0.135159
Jezkazgan,Karaganda,278,286,0.0956124,-0.418074,0.135585
Kyzylorda,Shymkent,279,280,0.0886084,-0.413822,0.125277
Kyzylorda,Novokazalinsk,279,650,0.0761697,-0.426961,0.108691
Shymkent,Tashkent,280,281,0.0636099,-0.407585,0.0895364
Shymkent,Zhambyl,280,359,0.0518097,-0.408171,0.0729569
Tashkent,Ayni,281,282,0.0224235,-0.411215,0.0316444
Tashkent,Jizzakh,281,358,0.0288606,-0.41157,0.0407388
Tashkent,Kokand,281,689,0.0234047,-0.407317,0.0329378
Ayni,Dushanbe,282,283,0.0163505,-0.404771,0.0229687
Ayni,Kokand,282,689,0.00816089,-0.403192,0.0114513
Dushanbe,Termez,283,440,0.00862346,-0.402014,0.0120902
Dushanbe,Jirgatal,283,441,0.00878376,-0.400917,0.0123053
Dushanbe,Kulob,283,692,0.00643755,-0.401394,0.00902154
Ishim,Astana,284,285,0.0567774,-0.44431,0.0820042
Ishim,Omsk,284,291,0.0567774,-0.44431,0.0820042
Ishim,Kurgan,284,323,0.104396,-0.458224,0.152233
Ishim,Tyumen,284,635,0.0685856,-0.457931,0.099993
Astana,Karaganda,285,286,0.0532761,-0.429086,0.0761361
Karaganda,Balkhash,286,287,0.054819,-0.417406,0.0777007
Karaganda,Pavlodar,286,292,0.0612008,-0.425237,0.0872257
Balkhash,Burubaytal,287,288,0.0312321,-0.413139,0.0441353
Burubaytal,Almaty,288,289,0.0334516,-0.407465,0.047082
Almaty,Bishkek,289,290,0.0490476,-0.404306,0.0688778
Almaty,Sary-Ozek,289,360,0.0238062,-0.404673,0.03344
Almaty,Kokpek,289,695,0.0195584,-0.404781,0.0274752
Bishkek,Zhambyl,290,359,0.0443094,-0.405348,0.0622701
Bishkek,Osh,290,691,0.0434023,-0.40325,0.0609043
Omsk,Pavlodar,291,292,0.0405584,-0.434682,0.0581883
Pavlodar,Semey,292,293,0.0321603,-0.427772,0.0459176
Semey,Georgiyevka,293,294,0.0132757,-0.426679,0.0189402
Georgiyevka,Ayagoz,294,364,0.00572005,-0.424773,0.00814978
Narvik,Kiruna,295,296,0.000775531,-0.384005,0.00107334
Narvik,Setermoen,295,498,0.000743873,-0.445894,0.00107556
Kiruna,Töre,296,297,0.0014028,-0.357347,0.00190409
Töre,Luleå,297,298,0.00303265,-0.35305,0.00410333
Luleå,Umeå,298,612,0.00519196,-0.349358,0.00700581
Luleå,Haparanda,298,613,0.00349751,-0.361524,0.00476194
Helsingborg,Halmstad,299,300,0.00428433,-0.345367,0.005764
Helsingborg,Jönköping,299,605,0.00263871,-0.34542,0.00355017
Örebro,Stockholm,301,302,0.00822712,-0.345236,0.0110674
Örebro,Karlstad,301,620,0.00491922,-0.345288,0.00661777
Stockholm,Södertälje,302,608,0.00606918,-0.345118,0.00816376
Stockholm,Uppsala,302,609,0.0071589,-0.344928,0.00962821
Tallinn,Narva,303,304,2.05472,-0.523539,3.13044
Tallinn,Riga,303,547,2.88051,-0.525027,4.39285
Colchester,Ipswich,305,306,6.60277e-05,-0.487864,6.60277e-05
Ipswich,Cambridge,306,636,6.60277e-05,-0.487864,6.60277e-05
The Hague,Gouda,307,308,0.39884,-0.52062,0.606485
Amersfoort,Oldenzaal,309,310,0.681323,-0.52086,1.0362
Amersfoort,Hoogeveen,309,698,0.635411,-0.520712,0.966277
Oldenzaal,Osnabrück,310,311,0.594009,-0.521907,0.904027
Osnabrück,Bad Oeynhausen,311,312,1.12673,-0.52234,1.71527
Bad Oeynhausen,Dortmund,312,508,1.94665,-0.522428,2.96364
Braunschweig,Magdeburg,313,314,1.46163,-0.520979,2.22311
Magdeburg,Halle,314,518,1.53822,-0.520407,2.33873
Poznań,Warsaw,315,316,3.06897,-0.524252,4.67788
Poznań,Wrocław,315,339,1.75314,-0.523039,2.6701
Warsaw,Elbląg,316,564,2.4933,-0.525356,3.80318
Warsaw,Radom,316,565,2.89897,-0.523321,4.41606
Warsaw,Lublin,316,713,3.46712,-0.523518,5.28223
Brest,Rennes,317,365,0.3185,-0.51315,0.481939
Brest,Lorient,317,388,0.173258,-0.512675,0.262083
Minsk,Smolensk,318,319,4.85234,-0.522542,7.38789
Minsk,Babruysk,318,703,4.51384,-0.525461,6.88569
Ryazan,Penza,320,321,1.81542,-0.505489,2.73309
Ufa,Yelabuga,322,632,0.370061,-0.478582,0.547165
Bruges,Ghent,324,325,1.63923,-0.515986,2.48505
Bruges,Zeebrugge,324,642,1.86256,-0.516281,2.82416
Ghent,Brussels,325,326,2.24031,-0.516272,3.39692
Brussels,Leuven,326,327,2.92419,-0.517645,4.43788
Leuven,Hasselt,327,708,1.9662,-0.519207,2.98706
Eupen,Aachen,328,329,2.42841,-0.520859,3.69327
Eupen,St. Vith,328,653,1.23617,-0.520289,1.87934
Aachen,Heerlen,329,709,1.9207,-0.5217,2.92272
Olpe,Wetzlar,330,331,2.29357,-0.522389,3.4917
Wetzlar,Gießen,331,332,2.29878,-0.522468,3.49981
Wetzlar,Dortmund,331,508,3.19607,-0.52251,4.86605
Wetzlar,Aschaffenburg,331,509,2.45908,-0.52226,3.74335
Wetzlar,Koblenz,331,660,2.40763,-0.522245,3.66501
Gießen,Bad Hersfeld,332,333,1.43203,-0.522634,2.18046
Bad Hersfeld,Eisenach,333,334,0.662763,-0.522273,1.00891
Eisenach,Erfurt,334,335,0.585778,-0.520866,0.89089
Erfurt,Gera,335,336,1.11902,-0.519918,1.70082
Gera,Chemnitz,336,337,1.65848,-0.519407,2.51991
Gera,Leipzig,336,526,1.67628,-0.519907,2.54779
Gera,Hirschberg,336,527,1.17793,-0.519544,1.78991
Chemnitz,Plauen,337,519,1.56259,-0.519342,2.37412
Wrocław,Opole,339,340,1.42608,-0.521394,2.16963
Wrocław,Kłodzko,339,548,1.44774,-0.521538,2.20279
Opole,Gliwice,340,341,0.678366,-0.521276,1.03198
Gliwice,Zabrze,341,342,0.637879,-0.520613,0.969967
Kraków,Rzeszów,343,344,0.914185,-0.519778,1.38936
Kraków,Radom,343,565,1.14891,-0.522437,1.74915
Kraków,Trstená,343,566,1.12296,-0.517852,1.70448
Rzeszów,Jarosław,344,345,0.886039,-0.519939,1.34672
Rzeszów,Radom,344,565,0.998999,-0.522536,1.52101
Rzeszów,Barwinek,344,710,0.694991,-0.520282,1.05658
Jarosław,Korczowa,345,346,0.946343,-0.517758,1.43632
Korczowa,Lviv,346,347,1.9866,-0.516351,3.01238
Lviv,Rivne,347,348,2.73533,-0.517429,4.15067
Lviv,Mukachevo,347,378,3.38311,-0.511961,5.11514
Lviv,Lublin,347,713,2.05179,-0.51909,3.11686
Rivne,Zhytomyr,348,349,1.75573,-0.519231,2.66736
Rivne,Kovel,348,714,1.73563,-0.519539,2.63736
Zhytomyr,Vinnytsia,349,381,2.94059,-0.519607,4.46854
Beyneu,Qo‘ng‘irot,351,352,0.216773,-0.486009,0.322126
Qo‘ng‘irot,Nukus,352,353,0.0879529,-0.483789,0.130504
Nukus,Daşoguz,353,354,0.0442346,-0.478724,0.0654108
Daşoguz,Bukhara,354,355,0.0140825,-0.462232,0.0205919
Daşoguz,Ashgabat,354,432,0.0160952,-0.463892,0.0235616
Daşoguz,Uchkuduk,354,688,0.0113249,-0.470716,0.0166557
Bukhara,Navoiy,355,356,0.0101803,-0.438135,0.0146407
Bukhara,Alat,355,436,0.00850305,-0.445082,0.0122876
Bukhara,Karshi,355,437,0.00856936,-0.443726,0.0123718
Bukhara,Uchkuduk,355,688,0.00629306,-0.449816,0.00912377
Navoiy,Samarkand,356,357,0.00819395,-0.421654,0.011649
Samarkand,Jizzakh,357,358,0.0131176,-0.412397,0.0185273
Sary-Ozek,Taldykorgan,360,361,0.0113297,-0.404136,0.0159084
Sary-Ozek,Koktal,360,697,0.0106774,-0.403986,0.0149909
Taldykorgan,Ucharal,361,362,0.00505122,-0.404942,0.00709667
Ucharal,Taskesken,362,363,0.00286366,-0.409918,0.00403753
Taskesken,Ayagoz,363,364,0.00302383,-0.419343,0.00429186
Rennes,Le Mans,365,366,0.790619,-0.513286,1.19643
Le Mans,Angers,366,391,0.645024,-0.51331,0.976122
Le Mans,Tours,366,392,0.746272,-0.512882,1.12902
Le Mans,Rouen,366,662,1.25406,-0.514438,1.8992
Reims,Charleroi,367,651,1.77718,-0.515869,2.69397
Reims,Charleville-Mézières,367,658,1.63622,-0.51648,2.4813
Reims,Rouen,367,662,1.815,-0.514645,2.74908
Saarbrücken,Mannheim,368,369,3.32441,-0.521345,5.05757
Saarbrücken,Trier,368,659,1.69779,-0.52007,2.58076
Mannheim,Heilbronn,369,370,3.10534,-0.521196,4.72384
Rozvadov,Plzeň,371,372,2.3815,-0.51619,3.6108
Plzeň,Karlovy Vary,372,523,1.64282,-0.515565,2.4898
Plzeň,České Budějovice,372,524,1.87248,-0.514078,2.83508
Plzeň,Bayerisch Eisenstein,372,530,1.93841,-0.515212,2.93711
Trenčín,Prešov,373,374,1.1683,-0.507195,1.76086
Prešov,Košice,374,375,1.78339,-0.505107,2.6842
Prešov,Svidník,374,712,0.888986,-0.50712,1.33981
Košice,Vyšné Nemecké,375,376,0.891672,-0.503891,1.34098
Košice,Uzhhorod,375,377,1.74784,-0.50436,2.62937
Košice,Miskolc,375,552,1.53812,-0.5008,2.30841
Košice,Zvolen,375,568,1.65329,-0.503486,2.4857
Vyšné Nemecké,Uzhhorod,376,377,0.856165,-0.504847,1.2884
Uzhhorod,Mukachevo,377,378,2.84948,-0.50538,4.28955
Uzhhorod,Chop,377,723,1.41243,-0.503807,2.12403
Mukachevo,Stryj,378,379,2.1166,-0.50866,3.19323
Mukachevo,Halmeu,378,578,2.44458,-0.505001,3.67909
Khmelnytskyi,Vinnytsia,380,381,1.81777,-0.519035,2.76126
Vinnytsia,Uman,381,382,1.7824,-0.519809,2.7089
Vinnytsia,Mohyliv-Podilskyi,381,728,1.63946,-0.519319,2.49087
Uman,Kirovohrad,382,383,1.32769,-0.519329,2.0172
Kirovohrad,Dnipropetrovsk,383,384,0.911982,-0.51879,1.38511
Kirovohrad,Chişinău,383,672,1.80218,-0.517796,2.73534
Dnipropetrovsk,Donetsk,384,385,0.379646,-0.518602,0.576532
Donetsk,Rostov-on-Don,385,386,0.241081,-0.516608,0.365626
Rostov-on-Don,Armavir,386,387,0.192443,-0.511526,0.290883
Rostov-on-Don,Taganrog,386,675,0.214424,-0.514736,0.324795
Lorient,Vannes,388,389,0.205667,-0.512038,0.310976
Vannes,Nantes,389,390,0.448693,-0.511888,0.678374
Nantes,Angers,390,391,0.62642,-0.512232,0.947292
Nantes,Poitiers,390,676,0.875854,-0.511796,1.32411
Angers,Tours,391,392,0.477978,-0.511063,0.722255
Tours,Vierzon,392,503,0.619413,-0.510579,0.935673
Montargis,Auxerre,393,394,1.1617,-0.512455,1.75701
Auxerre,Beaune,394,395,2.2043,-0.513129,3.33539
Beaune,Dole,395,396,2.28237,-0.51446,3.45656
Beaune,Antwerp,395,505,3.94168,-0.515202,5.97244
Dole,Besançon,396,397,1.22324,-0.515238,1.85349
Besançon,Belfort,397,398,1.42461,-0.516335,2.16019
Zürich,Winterthur,399,400,1.41023,-0.517642,2.14022
Winterthur,St. Gallen,400,401,1.00412,-0.517748,1.524
Winterthur,Schaffhausen,400,511,1.39406,-0.519134,2.11776
St. Gallen,St. Margrethen,401,402,0.905381,-0.516887,1.37336
St. Margrethen,Bregenz,402,403,1.47263,-0.516102,2.23266
St. Margrethen,Buchs,402,514,0.688579,-0.51642,1.04418
Bregenz,Feldkirch,403,748,1.4071,-0.515705,2.13275
Bregenz,Lindau,403,513,2.22429,-0.515895,3.37179
Feldkirch,Landeck,748,404,0.633607,-0.514974,0.959898
Feldkirch,Imst,748,406,0.660629,-0.514913,1.0008
Landeck,Telfs,404,405,0.438848,-0.51442,0.664601
Sattledt,Liezen,408,532,0.899368,-0.509363,1.35747
Sattledt,Wels,408,669,0.978335,-0.511715,1.47896
Sankt Pölten,Vienna,409,410,1.84762,-0.507593,2.78546
Vienna,Nickelsdorf,410,411,1.97673,-0.505096,2.97517
Vienna,Halámky,410,525,1.95319,-0.507627,2.94468
Vienna,Graz,410,534,2.42229,-0.505303,3.64629
Nickelsdorf,Mosonmagyaróvár,411,412,1.31691,-0.500985,1.97666
Szolnok,Püspökladány,413,414,1.28414,-0.490221,1.91366
Püspökladány,Oradea,414,415,1.59569,-0.489437,2.37668
Püspökladány,Nyíregyháza,414,722,1.03141,-0.492512,1.53939
Oradea,Cluj-Napoca,415,416,0.724862,-0.486459,1.07748
Oradea,Berettyóújfalu,415,570,1.09591,-0.489559,1.63242
Oradea,Beiuş,415,571,0.692955,-0.487096,1.03049
Oradea,Satu Mare,415,579,1.17876,-0.491339,1.75793
Oradea,Arad,415,684,1.14943,-0.485288,1.70724
Cluj-Napoca,Turda,416,417,0.456468,-0.48643,0.678508
Cluj-Napoca,Zalău,416,580,0.458396,-0.489886,0.682959
Turda,Târgu Mureş,417,418,0.194854,-0.484179,0.289198
Turda,Sebeş,417,581,0.200945,-0.483966,0.298195
Târgu Mureş,Braşov,418,419,0.134585,-0.482822,0.199566
Braşov,Ploieşti,419,420,0.115117,-0.485229,0.170975
Braşov,Sibiu,419,582,0.157478,-0.481901,0.233367
Braşov,Piteşti,419,583,0.0926933,-0.482422,0.137411
Slobozia,Hârşova,421,422,0.253338,-0.503647,0.380932
Slobozia,Galaţi,421,588,0.461839,-0.508823,0.696833
Hârşova,Constanţa,422,423,0.243735,-0.498957,0.365348
Constanţa,Varna,423,463,0.184197,-0.493099,0.275024
Constanţa,Tulcea,423,589,0.254506,-0.503193,0.382572
Senaki,Samtredia,424,425,0.0297589,-0.507763,0.0448693
Senaki,Zugdidi,424,604,0.0782765,-0.50736,0.117991
Samtredia,Kutaisi,425,426,0.0114622,-0.508182,0.0172871
Kutaisi,Khashuri,426,427,0.00481526,-0.508329,0.00726299
Khashuri,Gori,427,428,0.00306379,-0.506025,0.00461414
Rustavi,Ganja,429,430,0.00941633,-0.501097,0.0141348
Ganja,Yevlakh,430,431,0.0219489,-0.501098,0.0329475
Ashgabat,Tejen,432,433,0.00754348,-0.458175,0.0109997
Tejen,Mary,433,434,0.00346663,-0.452068,0.00503379
Mary,Türkmenabat,434,435,0.0025241,-0.444062,0.00364496
Türkmenabat,Alat,435,436,0.00382328,-0.442106,0.00551357
Karshi,Guzar,437,438,0.00397843,-0.434443,0.00570683
Guzar,Sherobod,438,439,0.0028443,-0.417081,0.0040306
Sherobod,Termez,439,440,0.00408277,-0.404408,0.00573388
Jirgatal,Sary Tash,441,442,0.00810818,-0.399781,0.0113497
Jirgatal,Khorugh,441,694,0.00484024,-0.399249,0.0067727
Sary Tash,Irkeshtam,442,443,0.010914,-0.40078,0.015288
Irkeshtam,Osh,443,691,0.0224679,-0.401893,0.0314976
A Coruña,Bilbao,444,445,0.0694487,-0.501768,0.104296
A Coruña,Pontevedra,444,481,0.0282684,-0.499474,0.0423877
Clermont-Ferrand,Montluçon,446,504,0.69786,-0.508744,1.05289
Chambéry,Susa,447,448,0.761396,-0.508265,1.14839
Chambéry,Marseille,447,736,0.584265,-0.509305,0.881834
Susa,Turin,448,449,0.452825,-0.504114,0.681101
Tortona,Brescia,450,451,0.123857,-0.480794,0.183407
Trieste,Postojna,452,453,0.198777,-0.49095,0.296366
Trieste,Ljubljana,452,454,0.41046,-0.493918,0.613194
Postojna,Ljubljana,453,454,0.298166,-0.496378,0.44617
Ljubljana,Maribor,454,535,0.546561,-0.49923,0.819421
Ljubljana,Naklo,454,538,0.792356,-0.498933,1.18769
Vršac,Timişoara,456,457,0.417106,-0.47826,0.616592
Timişoara,Drobeta-Turnu Severin,457,458,0.463701,-0.477761,0.685239
Timişoara,Arad,457,684,0.804559,-0.481377,1.19186
Drobeta-Turnu Severin,Craiova,458,459,0.430321,-0.475998,0.635152
Craiova,Alexandria,459,460,0.185238,-0.479608,0.27408
Craiova,Târgu Jiu,459,574,0.254049,-0.476783,0.375175
Craiova,Piteşti,459,583,0.238897,-0.478257,0.353152
Razgrad,Shumen,461,462,0.0382152,-0.481657,0.0566218
Shumen,Varna,462,463,0.0664611,-0.486855,0.098818
Varna,Burgas,463,590,0.0654227,-0.487,0.0972835
Lisbon,Valladolid,464,465,0.0443387,-0.494949,0.066284
Lisbon,Porto,464,483,0.0369843,-0.491099,0.0551472
Lisbon,Albufeira,464,484,0.0354425,-0.490283,0.0528194
Toulouse,Nice,466,467,0.598778,-0.503146,0.900051
Nice,Cuneo,467,685,0.229181,-0.49833,0.34339
Sofia,Plovdiv,468,469,0.134921,-0.457264,0.196615
Sofia,Botevgrad,468,575,0.135556,-0.457441,0.197565
Sofia,Blagoevgrad,468,576,0.141663,-0.448629,0.205216
Sofia,Kyustendil,468,745,0.106357,-0.459601,0.155239
Plovdiv,Istanbul,469,470,0.0552163,-0.456249,0.0804087
Istanbul,İzmit,470,471,0.0258968,-0.454022,0.0376545
İzmit,Gerede,471,472,0.00863229,-0.451304,0.0125281
İzmit,Bursa,471,479,0.00855843,-0.45042,0.0124133
Gerede,Kızılcahamam,472,599,0.00394207,-0.449119,0.00571253
Mazara del Vallo,Palermo,473,474,6.60277e-05,-0.487864,6.60277e-05
Metaponto,Taranto,475,476,0.00352405,-0.459567,0.00514359
Metaponto,Potenza,475,743,0.00185148,-0.457066,0.00269774
Ioannina,Trikala,477,687,0.00785639,-0.421846,0.0111706
Gelibolu,Keşan,478,596,0.0246507,-0.4192,0.0349843
Gelibolu,Ayvalık,478,597,0.0246456,-0.419112,0.0349748
Bursa,Ankara,479,480,0.00413949,-0.446834,0.00598916
Bursa,Balıkesir,479,746,0.00460831,-0.442626,0.00664806
Ankara,Kızılcahamam,480,599,0.00279277,-0.446871,0.00404078
Pontevedra,Valença,481,482,0.0153266,-0.494672,0.0229083
Valença,Porto,482,483,0.0175481,-0.490496,0.0261554
Albufeira,Castro Marim,484,485,0.0172685,-0.487351,0.0256844
Castro Marim,Huelva,485,486,0.0159262,-0.486855,0.02368
Cherbourg-Octeville,La Rochelle,487,488,0.170022,-0.513302,0.257294
Cherbourg-Octeville,Caen,487,661,0.383359,-0.514551,0.580617
La Rochelle,Saintes,488,730,0.13123,-0.509816,0.198133
Oslo,Hamar,489,490,0.00378256,-0.345249,0.00508848
Oslo,Askim,489,619,0.00393931,-0.345305,0.00529957
Hamar,Lillehammer,490,491,0.0023886,-0.345015,0.0032127
Lillehammer,Dombås,491,492,0.00264285,-0.344625,0.00355364
Dombås,Trondheim,492,493,0.00471868,-0.344436,0.00634397
Trondheim,Stjørdal,493,494,0.00461119,-0.344378,0.00619919
Stjørdal,Steinkjer,494,495,0.00231746,-0.344363,0.00311551
Steinkjer,Mosjøen,495,496,0.00161983,-0.344606,0.00217803
Mosjøen,Mo i Rana,496,497,0.00203859,-0.345357,0.00274264
Mo i Rana,Umeå,497,612,0.00386545,-0.346324,0.00520415
Setermoen,Alta,498,499,0.00137559,-0.488327,0.00204733
Alta,Olderfjord,499,500,0.00335079,-0.50097,0.00502944
Olderfjord,Lakselv,500,501,0.00868328,-0.504892,0.0130674
Lakselv,Karasjok,501,502,0.022784,-0.507024,0.034336
Vierzon,Montluçon,503,504,0.436366,-0.509366,0.658637
Antwerp,Zeebrugge,505,642,2.7256,-0.516486,4.13333
Martigny,Sion,506,678,0.567232,-0.505121,0.853753
Bremen,Groningen,507,624,2.43027,-0.521689,3.69811
Stuttgart,Schaffhausen,510,511,2.16127,-0.519945,3.28501
Stuttgart,Ulm,510,512,1.87947,-0.518931,2.85479
Ulm,Lindau,512,513,1.58884,-0.517857,2.41163
Lindau,Waldshut,513,666,2.15761,-0.516983,3.27306
Buchs,Chur,514,515,0.273482,-0.516405,0.41471
Chur,San Bernardino,515,516,0.14084,-0.516271,0.213552
Halle,Plauen,518,519,1.45813,-0.519791,2.21605
Plauen,Schönberg,519,520,1.18752,-0.5193,1.80419
Plauen,Hof,519,528,1.5795,-0.519251,2.39965
Schönberg,Vojtanov,520,521,0.714517,-0.518597,1.08506
Vojtanov,Cheb,521,522,0.982612,-0.517584,1.4912
Cheb,Karlovy Vary,522,523,1.60606,-0.516393,2.43542
Cheb,Marktredwitz,522,663,1.30445,-0.517827,1.97992
Karlovy Vary,Teplice,523,715,0.980079,-0.515407,1.48522
České Budějovice,Halámky,524,525,1.26602,-0.510908,1.91283
Hirschberg,Hof,527,528,1.22225,-0.519149,1.85678
Hof,Bayreuth,528,529,1.99211,-0.518531,3.02509
Bayreuth,Marktredwitz,529,663,1.79925,-0.518503,2.73217
Bayerisch Eisenstein,Deggendorf,530,531,1.45689,-0.515576,2.20803
Liezen,Sankt Michael,532,533,0.705167,-0.506675,1.06246
Sankt Michael,Graz,533,534,1.22555,-0.504616,1.84398
Graz,Maribor,534,535,1.00118,-0.50255,1.50433
Graz,Spielfeld,534,536,0.782389,-0.503977,1.1767
Graz,Klagenfurt,534,683,1.41279,-0.502436,2.12262
Maribor,Spielfeld,535,536,0.322257,-0.499963,0.483373
Karavanke Tunnel,Naklo,537,538,0.725258,-0.501661,1.08909
Naklo,Loiblpass,538,734,0.682642,-0.501211,1.02479
Kemijärvi,Posio,539,540,0.00124719,-0.451997,0.00181091
Posio,Kuusamo,540,541,0.000714192,-0.44768,0.00103392
Kuusamo,Kajaani,541,542,0.000820655,-0.454826,0.00119391
Kajaani,Iisalmi,542,543,0.00167363,-0.465975,0.0024535
Iisalmi,Kuopio,543,544,0.00408634,-0.474455,0.00602513
Tampere,Turku,545,546,0.00904896,-0.498236,0.0135575
Tampere,Vaasa,545,616,0.00936851,-0.491196,0.0139703
Tampere,Hämeenlinna,545,618,0.0293316,-0.510546,0.0443067
Turku,Pori,546,617,0.00452323,-0.490037,0.00673978
Riga,Šiauliai,547,561,3.06204,-0.527765,4.67807
Riga,Rēzekne,547,627,3.1699,-0.525721,4.83638
Kłodzko,Kudowa-Zdrój,548,549,0.649602,-0.520403,0.987657
Kudowa-Zdrój,Náchod,549,550,0.527573,-0.516889,0.800269
Náchod,Hradec Králové,550,551,0.950936,-0.514293,1.44
Hradec Králové,Olomouc,551,716,1.28662,-0.512668,1.94623
Miskolc,Debrecen,552,569,1.15501,-0.49684,1.72886
Szekszárd,Mohács,555,556,0.63278,-0.492657,0.944524
Mohács,Osijek,556,557,0.383911,-0.490594,0.572255
Osijek,Đakovo,557,558,0.22151,-0.488271,0.329666
Osijek,Sombor,557,735,0.354129,-0.486288,0.526338
Đakovo,Šamac,558,559,0.0934695,-0.486628,0.138954
Šamac,Zenica,559,560,0.0563988,-0.480106,0.0834762
Zenica,Sarajevo,560,737,0.073483,-0.472498,0.108204
Šiauliai,Tolpaki,561,562,2.40373,-0.529494,3.67649
Šiauliai,Palanga,561,704,1.84472,-0.528981,2.82054
Šiauliai,Panevėžys,561,705,1.90876,-0.528939,2.91837
Tolpaki,Kaliningrad,562,563,1.49053,-0.529284,2.27944
Tolpaki,Nesterov,562,640,1.42265,-0.529955,2.1766
Trstená,Ružomberok,566,567,0.84631,-0.510408,1.27827
Ružomberok,Zvolen,567,568,1.43359,-0.504227,2.15644
Debrecen,Berettyóújfalu,569,570,0.753665,-0.493312,1.12546
Beiuş,Deva,571,572,0.43645,-0.48386,0.64763
Deva,Petroşani,572,573,0.325579,-0.479959,0.481844
Deva,Sibiu,572,582,0.422554,-0.480101,0.625423
Deva,Arad,572,684,0.60151,-0.481697,0.891256
Petroşani,Târgu Jiu,573,574,0.196097,-0.477912,0.289814
Botevgrad,Jablanica,575,585,0.0569888,-0.457519,0.0830623
Blagoevgrad,Serres,576,577,0.0744378,-0.443896,0.10748
Halmeu,Satu Mare,578,579,1.59659,-0.498371,2.39229
Satu Mare,Zalău,579,580,0.640596,-0.493895,0.956983
Sebeş,Sibiu,581,582,0.194657,-0.481207,0.288327
Sibiu,Piteşti,582,583,0.200371,-0.479825,0.296514
Pleven,Jablanica,584,585,0.0305688,-0.460927,0.0446587
Izmail,Reni,586,587,0.825317,-0.516617,1.25169
Reni,Galaţi,587,588,0.641461,-0.514422,0.971443
Galaţi,Tulcea,588,589,0.358638,-0.510047,0.54156
Galaţi,Giurgiuleşti,588,729,0.773199,-0.514854,1.17128
Burgas,Malko Tarnovo,590,591,0.0301504,-0.482437,0.0446961
Malko Tarnovo,Dereköy,591,592,0.0119749,-0.478893,0.0177096
Dereköy,Kırklareli,592,593,0.00526883,-0.469549,0.00774281
Kırklareli,Babaeski,593,594,0.00351069,-0.446015,0.00507651
Babaeski,Havsa,594,595,0.00488418,-0.424657,0.00695828
Havsa,Keşan,595,596,0.0104059,-0.419144,0.0147674
Ayvalık,İzmir,597,598,0.0103853,-0.418421,0.0147307
İzmir,Manisa,598,747,0.00481576,-0.420336,0.00684
Kherson,Dzhankoy,600,601,1.01689,-0.511058,1.53658
Kherson,Mykolaiv,600,673,1.2228,-0.515944,1.85369
Kherson,Melitopol,600,674,0.66131,-0.514162,1.00133
Sochi,Sukhumi,602,603,0.543312,-0.506905,0.81872
Sukhumi,Zugdidi,603,604,0.206223,-0.507081,0.310794
Jönköping,Linköping,605,606,0.00194969,-0.345395,0.0026231
Linköping,Norrköping,606,607,0.00260749,-0.345331,0.00350794
Norrköping,Södertälje,607,608,0.00404711,-0.345201,0.00544417
Norrköping,Kalmar,607,626,0.00259771,-0.34533,0.00349478
Uppsala,Sundsvall,609,610,0.00733925,-0.344708,0.00986915
Sundsvall,Örnsköldsvik,610,611,0.00676672,-0.344825,0.00910005
Örnsköldsvik,Umeå,611,612,0.00542987,-0.345792,0.00730748
Haparanda,Tornio,613,614,0.00287496,-0.390491,0.00399761
Kokkola,Vaasa,615,616,0.00618613,-0.470021,0.00909375
Vaasa,Pori,616,617,0.0044306,-0.48302,0.00657067
Askim,Karlstad,619,620,0.00329235,-0.34532,0.00442927
Kotka,Vaalimaa,621,622,0.406726,-0.520884,0.618583
Vaalimaa,Vyborg,622,623,1.05826,-0.520369,1.60894
Groningen,Hoogeveen,624,698,0.87797,-0.5211,1.33548
Sassnitz,Stralsund,625,699,0.463928,-0.520764,0.705525
Rēzekne,Velikiye Luki,627,628,3.30184,-0.520028,5.01889
Rēzekne,Daugavpils,627,702,2.12879,-0.525268,3.24698
Vladimir,Nizhny Novgorod,629,630,1.68132,-0.506896,2.53357
Nizhny Novgorod,Kazan,630,631,0.696107,-0.504709,1.04744
Kazan,Yelabuga,631,632,0.413557,-0.496086,0.618716
Yelabuga,Perm,632,633,0.23515,-0.486673,0.349592
Perm,Yekaterinburg,633,634,0.0983882,-0.483248,0.145934
Yekaterinburg,Tyumen,634,635,0.0567178,-0.47197,0.0834869
Koszalin,Słupsk,637,638,0.282062,-0.524365,0.429965
Słupsk,Gdynia,638,639,0.479286,-0.526202,0.731488
Nesterov,Marijampolė,640,641,1.2828,-0.529537,1.96209
Aktobe,Karabutak,647,648,0.29955,-0.480296,0.443423
Karabutak,Aral,648,649,0.125058,-0.474174,0.184358
Aral,Novokazalinsk,649,650,0.0691657,-0.454682,0.100614
Charleroi,Namur,651,652,1.28864,-0.517039,1.95492
St. Vith,Wittlich,653,654,1.30717,-0.519803,1.98664
Wittlich,Bingen,654,655,0.833579,-0.521213,1.26805
Bingen,Wiesbaden,655,656,1.22894,-0.522285,1.87079
Amiens,Charleville-Mézières,657,658,1.46315,-0.516118,2.21831
Trier,Koblenz,659,660,1.78643,-0.521125,2.71739
Caen,Rouen,661,662,0.991212,-0.514728,1.50142
Regensburg,Passau,667,668,1.25523,-0.516846,1.90399
Passau,Wels,668,669,1.2223,-0.514209,1.85081
Wels,Braunau am Inn,669,721,1.39752,-0.512943,2.11437
Iaşi,Sculeni,670,671,1.25418,-0.512257,1.89664
Iaşi,Bălţi,670,727,1.06504,-0.511831,1.61016
Sculeni,Chişinău,671,672,1.52763,-0.515754,2.31551
Chişinău,Giurgiuleşti,672,729,1.225,-0.516674,1.85792
Melitopol,Taganrog,674,675,0.2891,-0.514587,0.437867
Poitiers,Mâcon,676,677,1.63953,-0.511813,2.47867
Sion,Simplon,678,679,0.238639,-0.502722,0.358608
Simplon,Gravellona Toce,679,680,0.149984,-0.495594,0.224315
Innichen,Spittal an der Drau,681,682,0.54282,-0.501491,0.81504
Klagenfurt,Loiblpass,683,734,0.810289,-0.50234,1.21733
Cuneo,Asti,685,686,0.129013,-0.495195,0.192899
Kokand,Andijan,689,690,0.0180034,-0.403359,0.0252653
Andijan,Osh,690,691,0.0234857,-0.40225,0.0329328
Kulob,Kalaikhumb,692,693,0.00334541,-0.39955,0.00468206
Kalaikhumb,Khorugh,693,694,0.00292658,-0.398503,0.00409282
Kokpek,Chundzha,695,696,0.00952744,-0.404122,0.0133777
Chundzha,Koktal,696,697,0.00719699,-0.403699,0.0101024
Stralsund,Neubrandenburg,699,700,0.678007,-0.520707,1.03105
Ukmergė,Daugavpils,701,702,2.12466,-0.527819,3.24609
Ukmergė,Panevėžys,701,705,1.96606,-0.529059,3.00623
Breda,Gorinchem,706,707,0.854334,-0.519946,1.29854
Hasselt,Heerlen,708,709,1.27793,-0.520775,1.94345
Barwinek,Vyšný Komárnik,710,711,0.366057,-0.516819,0.555243
Vyšný Komárnik,Svidník,711,712,0.415494,-0.510302,0.627522
Lublin,Kovel,713,714,1.66449,-0.521248,2.5321
Olomouc,Český Těšín,716,717,0.834292,-0.514516,1.26355
Garmisch-Partenkirchen,Mittenwald,718,719,0.901652,-0.515204,1.36619
Mittenwald,Seefeld,719,720,0.568152,-0.514586,0.860516
Nyíregyháza,Chop,722,723,0.815093,-0.49912,1.22192
Dunajská Streda,Medveďov,724,725,0.565646,-0.504585,0.851063
Medveďov,Vámosszabadi,725,726,0.480635,-0.502733,0.722267
Bălţi,Mohyliv-Podilskyi,727,728,0.891628,-0.51661,1.35225
Saintes,Angoulême,730,731,0.226244,-0.50764,0.341095
St. Johann in Tirol,Lofer,732,733,0.886761,-0.513024,1.34169
Sarajevo,Užice,737,738,0.0969527,-0.471124,0.14263
Užice,Čačak,738,739,0.148932,-0.472899,0.219361
Čačak,Nova Varoš,739,740,0.148677,-0.472846,0.218979
Avellino,Benevento,741,742,0.0171728,-0.462447,0.0251143
Balıkesir,Manisa,746,747,0.00329474,-0.430168,0.00471203
Warsaw,Brest-Litovsk,316,0,3.27338,-0.525764,4.9944
Brest-Litovsk,Minsk,0,318,3.2717,-0.525929,4.99237
Lyon,Mâcon,17,677,1.63186,-0.512029,2.46742
Beaune,Mâcon,395,677,2.95143,-0.51372,4.46764
