Glasgow,Preston,1,2,6.60032e-05,-0.481879,6.60032e-05
Glasgow,Edinburgh,1,13,6.60032e-05,-0.481879,6.60032e-05
Preston,Birmingham,2,3,6.60032e-05,-0.481879,6.60032e-05
Birmingham,Cambridge,3,636,6.60032e-05,-0.481879,6.60032e-05
Le Havre,Paris,4,5,2.0179,-0.515832,3.05879
Le Havre,Amiens,4,657,1.13819,-0.516945,1.72658
Paris,Orléans,5,6,2.073,-0.512176,3.13474
Paris,Calais,5,16,1.74716,-0.515786,2.64831
Paris,Lyon,5,17,2.58246,-0.512164,3.9051
Paris,Brussels,5,326,3.09443,-0.517342,4.69531
Paris,Le Mans,5,366,1.67277,-0.513389,2.53155
Paris,Reims,5,367,1.93998,-0.516407,2.9418
Paris,Chaumont,5,665,2.81738,-0.516803,4.2734
Orléans,Bordeaux,6,7,0.980604,-0.505812,1.47661
Orléans,Tours,6,392,1.08412,-0.506356,1.63306
Orléans,Montargis,6,393,1.36299,-0.50848,2.05604
Orléans,Toulouse,6,466,1.11444,-0.503733,1.67581
Bordeaux,San Sebastián,7,8,0.537137,-0.497785,0.804515
Bordeaux,Clermont-Ferrand,7,446,1.03974,-0.502675,1.56239
Bordeaux,Toulouse,7,466,0.450465,-0.495607,0.673718
Bordeaux,Angoulême,7,731,0.604481,-0.500368,0.906943
San Sebastián,Burgos,8,9,0.262034,-0.48485,0.389081
San Sebastián,Bilbao,8,445,0.213108,-0.486555,0.316797
San Sebastián,Toulouse,8,466,0.35619,-0.492416,0.531584
Burgos,Madrid,9,10,0.146941,-0.473532,0.216523
Burgos,Valladolid,9,465,0.0977172,-0.476002,0.144231
Madrid,Seville,10,11,0.0904957,-0.463571,0.132447
Madrid,Barcelona,10,21,0.221339,-0.481163,0.32784
Madrid,Valencia,10,24,0.101709,-0.468,0.149309
Madrid,Lisbon,10,464,0.0921641,-0.466549,0.135163
Seville,Algeciras,11,12,0.0416283,-0.45404,0.0605292
Seville,Huelva,11,486,0.0435168,-0.453581,0.0632551
Algeciras,Málaga,12,28,0.0178407,-0.448022,0.0258337
Edinburgh,Newcastle,13,14,6.60032e-05,-0.481879,6.60032e-05
Newcastle,London,14,15,6.60032e-05,-0.481879,6.60032e-05
London,Colchester,15,305,6.60032e-05,-0.481879,6.60032e-05
Calais,Bruges,16,324,1.78781,-0.517387,2.7128
Calais,Rouen,16,662,1.16935,-0.516486,1.77331
Lyon,Orange,17,18,1.1407,-0.505075,1.71684
Lyon,Clermont-Ferrand,17,446,1.27698,-0.5053,1.92223
Lyon,Chambéry,17,447,1.15948,-0.509106,1.74978
Orange,Narbonne,18,19,0.510167,-0.502754,0.766655
Orange,Marseille,18,736,0.492677,-0.506411,0.742174
Narbonne,Girona,19,20,0.274338,-0.496208,0.410466
Girona,Barcelona,20,21,0.310765,-0.488573,0.462596
Barcelona,Tarragona,21,22,0.194369,-0.483765,0.288398
Barcelona,Toulouse,21,466,0.575236,-0.490155,0.857191
Tarragona,Castellón de la Plana,22,23,0.0911179,-0.476837,0.134566
Castellón de la Plana,Valencia,23,24,0.0747636,-0.467213,0.109694
Valencia,Alicante,24,25,0.0533145,-0.45905,0.0777884
Alicante,Murcia,25,26,0.0221764,-0.453159,0.0322259
Murcia,Almería,26,27,0.0111373,-0.446288,0.0161078
Almería,Málaga,27,28,0.0100391,-0.443255,0.014489
Hook of Holland,Rotterdam,29,30,0.587456,-0.521223,0.893652
Hook of Holland,The Hague,29,307,0.316995,-0.521449,0.482292
Rotterdam,Eindhoven,30,31,1.47031,-0.521087,2.23647
Eindhoven,Maastricht,31,32,1.58644,-0.521109,2.41314
Eindhoven,Antwerp,31,505,2.63599,-0.519344,4.00498
Eindhoven,Venlo,31,643,2.02337,-0.521679,3.07891
Eindhoven,Breda,31,706,1.48608,-0.521096,2.26046
Maastricht,Liège,32,33,1.97692,-0.521469,3.00782
Liège,Bastogne,33,34,1.84624,-0.52173,2.80947
Liège,Leuven,33,327,3.00566,-0.521349,4.57265
Liège,Eupen,33,328,1.93317,-0.522616,2.94348
Liège,Antwerp,33,505,3.32737,-0.519701,5.05661
Liège,Namur,33,652,2.0523,-0.521134,3.12182
Liège,St. Vith,33,653,1.6876,-0.521783,2.56817
Liège,Charleville-Mézières,33,658,2.18847,-0.520919,3.32849
Bastogne,Arlon,34,35,1.11524,-0.522071,1.69747
Arlon,Luxembourg,35,36,1.5487,-0.521712,2.35667
Luxembourg,Metz,36,37,2.54846,-0.520103,3.87392
Luxembourg,St. Vith,36,653,1.87929,-0.5223,2.86085
Luxembourg,Charleville-Mézières,36,658,1.4318,-0.519452,2.17555
Luxembourg,Trier,36,659,1.85257,-0.522594,2.82071
Metz,Saint-Avold,37,38,3.05113,-0.519343,4.63571
Metz,Lausanne,37,44,2.51044,-0.518448,3.81197
Metz,Geneva,37,45,2.70397,-0.515658,4.0983
Metz,Brussels,37,326,3.49172,-0.519429,5.30542
Metz,Reims,37,367,2.52634,-0.513339,3.82321
Metz,Saarbrücken,37,368,2.92055,-0.52115,4.4426
Saint-Avold,Strasbourg,38,39,2.3202,-0.520372,3.52756
Strasbourg,Mulhouse,39,40,2.92925,-0.521368,4.45647
Strasbourg,Appenweier,39,664,2.21097,-0.521843,3.36474
Mulhouse,Basel,40,41,2.80103,-0.520635,4.25934
Mulhouse,Belfort,40,398,2.09912,-0.519782,3.1902
Mulhouse,Chaumont,40,665,2.65185,-0.519314,4.029
Basel,Olten,41,42,1.67035,-0.520046,2.53901
Basel,Offenburg,41,61,2.39966,-0.52144,3.65093
Basel,Zürich,41,399,1.95932,-0.520458,2.97906
Basel,Waldshut,41,666,2.31056,-0.520057,3.51219
Olten,Bern,42,43,1.67853,-0.516373,2.54528
Olten,Lucerne,42,62,1.04673,-0.51901,1.59
Bern,Lausanne,43,44,1.37404,-0.517354,2.0849
Bern,Belfort,43,398,1.72833,-0.519371,2.62598
Bern,Martigny,43,506,0.95128,-0.514637,1.44084
Lausanne,Geneva,44,45,1.04828,-0.510516,1.58344
Lausanne,Martigny,44,506,0.8211,-0.514305,1.2434
Geneva,Mont Blanc,45,46,1.16896,-0.510428,1.76563
Geneva,Chambéry,45,447,1.29197,-0.508134,1.94847
Geneva,Mâcon,45,677,2.06617,-0.512589,3.12526
Mont Blanc,Aosta,46,47,0.680454,-0.507599,1.02585
Aosta,Ivrea,47,48,0.578154,-0.497788,0.865952
Aosta,Martigny,47,506,0.791501,-0.503734,1.19021
Ivrea,Vercelli,48,49,0.225785,-0.492636,0.337014
Ivrea,Turin,48,449,0.333449,-0.491429,0.497316
Vercelli,Alessandria,49,50,0.18037,-0.48365,0.267606
Alessandria,Genoa,50,51,0.217866,-0.47305,0.320928
Alessandria,Turin,50,449,0.229812,-0.48497,0.341264
Alessandria,Tortona,50,450,0.155159,-0.474892,0.228843
Alessandria,Asti,50,686,0.202695,-0.477251,0.299431
Genoa,Rome,51,74,0.407306,-0.460846,0.595011
Genoa,Tortona,51,450,0.238037,-0.466349,0.349045
Genoa,Nice,51,467,0.365488,-0.477465,0.539996
Amsterdam,Utrecht,52,53,1.34759,-0.521395,2.05022
Amsterdam,Amersfoort,52,309,0.784343,-0.520995,1.19298
Amsterdam,Brussels,52,326,3.30417,-0.52009,5.02263
Amsterdam,Groningen,52,624,1.40875,-0.521856,2.14391
Utrecht,Arnhem,53,54,1.02702,-0.522336,1.56347
Utrecht,Gouda,53,308,0.830774,-0.521827,1.26429
Utrecht,Amersfoort,53,309,0.774233,-0.52205,1.17842
Utrecht,Gorinchem,53,707,0.983644,-0.521735,1.49685
Arnhem,Emmerich,54,55,0.93623,-0.523319,1.42618
Emmerich,Oberhausen,55,56,1.82533,-0.52378,2.78141
Oberhausen,Cologne,56,57,3.14504,-0.524241,4.7938
Oberhausen,Dortmund,56,508,2.21051,-0.523826,3.36844
Oberhausen,Venlo,56,643,2.07228,-0.522906,3.15589
Cologne,Frankfurt am Main,57,58,3.67083,-0.524922,5.59773
Cologne,Aachen,57,329,3.21468,-0.524971,4.90229
Cologne,Olpe,57,330,2.26856,-0.524919,3.45936
Cologne,Bremen,57,507,3.32723,-0.52401,5.07073
Frankfurt am Main,Heidelberg,58,59,3.29382,-0.525094,5.02338
Frankfurt am Main,Gießen,58,332,2.34261,-0.525388,3.57339
Frankfurt am Main,Mannheim,58,369,3.79027,-0.524892,5.77975
Frankfurt am Main,Aschaffenburg,58,509,2.73939,-0.52461,4.17649
Frankfurt am Main,Wiesbaden,58,656,2.69068,-0.525484,4.10458
Heidelberg,Karlsruhe,59,60,2.77296,-0.524153,4.22641
Karlsruhe,Offenburg,60,61,2.36557,-0.522224,3.60093
Karlsruhe,Stuttgart,60,510,3.3023,-0.522389,5.02739
Karlsruhe,Appenweier,60,664,2.52628,-0.522898,3.84726
Lucerne,Altdorf,62,63,0.769533,-0.519719,1.16947
Altdorf,Gotthard Pass,63,64,0.539343,-0.519834,0.819712
Altdorf,Zürich,63,399,1.01421,-0.519726,1.54132
Gotthard Pass,Bellinzona,64,65,0.270482,-0.518366,0.410691
Bellinzona,Lugano,65,66,0.135755,-0.511678,0.205218
Bellinzona,San Bernardino,65,516,0.15206,-0.515673,0.230474
Lugano,Chiasso,66,67,0.0834901,-0.494219,0.124752
Chiasso,Como,67,68,0.11375,-0.476066,0.167902
Como,Milan,68,69,0.252314,-0.472107,0.371432
Milan,Piacenza,69,70,0.289647,-0.46867,0.425396
Milan,Turin,69,449,0.353454,-0.481644,0.523693
Milan,Tortona,69,450,0.206036,-0.470718,0.303021
Milan,Brescia,69,451,0.255797,-0.468077,0.375529
Milan,Gravellona Toce,69,680,0.277785,-0.475523,0.409879
Piacenza,Parma,70,71,0.209232,-0.462581,0.306018
Parma,Modena,71,72,0.32239,-0.459839,0.470637
Modena,Florence,72,73,0.37027,-0.455277,0.538845
Modena,Verona,72,94,0.434325,-0.459542,0.633915
Modena,Bologna,72,95,0.361272,-0.454933,0.525626
Florence,Rome,73,74,0.333562,-0.454789,0.485262
Rome,Pescara,74,125,0.326296,-0.453022,0.474115
Östersund,Mora,75,76,0.0320609,-0.344768,0.0431145
Östersund,Trondheim,75,493,0.0381997,-0.344812,0.0513714
Östersund,Sundsvall,75,610,0.039924,-0.343925,0.0536549
Mora,Säffle,76,77,0.0234595,-0.345314,0.0315604
Säffle,Gothenburg,77,78,0.0310598,-0.345684,0.0417967
Gothenburg,Halmstad,78,300,0.0297693,-0.345776,0.0400629
Gothenburg,Örebro,78,301,0.0321276,-0.345609,0.0432312
Gothenburg,Oslo,78,489,0.0273111,-0.34587,0.0367573
Hamburg,Hanover,79,80,2.03521,-0.522135,3.09787
Hamburg,Berlin,79,108,2.20614,-0.520977,3.35549
Hamburg,Bremen,79,507,2.55579,-0.522957,3.89236
Hamburg,Lübeck,79,517,1.16192,-0.521759,1.76817
Hanover,Göttingen,80,81,1.42049,-0.523222,2.16372
Hanover,Bad Oeynhausen,80,312,1.6307,-0.523167,2.48383
Hanover,Braunschweig,80,313,1.49859,-0.52144,2.28001
Göttingen,Kassel,81,82,1.28959,-0.523901,1.96521
Kassel,Fulda,82,83,1.74403,-0.524191,2.65823
Kassel,Dortmund,82,508,2.02191,-0.524137,3.08167
Fulda,Würzburg,83,84,2.52745,-0.523956,3.85172
Würzburg,Nuremberg,84,85,3.75367,-0.522612,5.71539
Würzburg,Aschaffenburg,84,509,3.32855,-0.524141,5.07319
Würzburg,Stuttgart,84,510,2.65203,-0.523686,4.04087
Würzburg,Ulm,84,512,1.70747,-0.521759,2.59836
Nuremberg,Munich,85,86,3.13134,-0.518598,4.75524
Nuremberg,Heilbronn,85,370,3.37286,-0.522672,5.13575
Nuremberg,Rozvadov,85,371,2.62325,-0.519979,3.98729
Nuremberg,Bayreuth,85,529,3.52319,-0.520486,5.35696
Nuremberg,Regensburg,85,667,2.49472,-0.520143,3.79233
Munich,Rosenheim,86,87,2.21336,-0.515653,3.35469
Munich,Salzburg,86,115,2.6247,-0.514403,3.97485
Munich,Ulm,86,512,2.25235,-0.518295,3.41973
Munich,Lindau,86,513,2.45373,-0.515774,3.7193
Munich,Deggendorf,86,531,2.44442,-0.517134,3.70851
Munich,Garmisch-Partenkirchen,86,718,2.14904,-0.515876,3.25768
Munich,Braunau am Inn,86,721,1.91101,-0.515998,2.89709
Rosenheim,Wörgl,87,88,1.46517,-0.514257,2.21864
Rosenheim,Bad Reichenhall,87,407,1.16556,-0.514136,1.76481
Wörgl,Innsbruck,88,89,1.38408,-0.512409,2.09329
Wörgl,St. Johann in Tirol,88,732,1.04003,-0.513021,1.57359
Innsbruck,Brenner,89,90,0.801361,-0.510037,1.21009
Innsbruck,Telfs,89,405,0.706255,-0.511755,1.06768
Innsbruck,Imst,89,406,0.721832,-0.51182,1.09128
Innsbruck,Seefeld,89,720,0.832165,-0.511823,1.25809
Brenner,Fortezza,90,91,0.481623,-0.505767,0.725212
Fortezza,Bolzano,91,92,0.313752,-0.496024,0.46938
Fortezza,Innichen,91,681,0.41903,-0.503312,0.629933
Bolzano,Trento,92,93,0.233741,-0.477114,0.345262
Trento,Verona,93,94,0.376773,-0.463611,0.551449
Verona,Mestre,94,120,0.530885,-0.461553,0.775916
Verona,Brescia,94,451,0.396331,-0.461844,0.579374
Bologna,Cesena,95,96,0.307125,-0.453011,0.446255
Cesena,Perugia,96,97,0.213116,-0.452115,0.309468
Cesena,Ravenna,96,121,0.321584,-0.456033,0.468237
Cesena,Rimini,96,122,0.220654,-0.451825,0.320351
Perugia,Fiano Romano,97,98,0.0876974,-0.450646,0.127218
Fiano Romano,Naples,98,99,0.0413204,-0.44881,0.0598654
Naples,Salerno,99,100,0.0109898,-0.446985,0.0159021
Naples,Avellino,99,741,0.0163999,-0.445308,0.023703
Salerno,Sicignano degli Alburni,100,101,0.00638583,-0.44213,0.0092092
Salerno,Avellino,100,741,0.00836475,-0.441538,0.0120581
Sicignano degli Alburni,Potenza,101,743,0.00338677,-0.439283,0.00487452
Messina,Catania,102,103,6.60032e-05,-0.481879,6.60032e-05
Messina,Palermo,102,474,6.60032e-05,-0.481879,6.60032e-05
Catania,Siracusa,103,104,6.60032e-05,-0.481879,6.60032e-05
Siracusa,Gela,104,105,6.60032e-05,-0.481879,6.60032e-05
Gela,Mazara del Vallo,105,473,6.60032e-05,-0.481879,6.60032e-05
Helsingborg,Copenhagen,299,106,0.00663367,-0.345614,0.00892636
Copenhagen,Malmö,106,135,0.003397,-0.345344,0.00457014
Rostock,Berlin,107,108,1.65123,-0.520054,2.50997
Rostock,Lübeck,107,517,0.83043,-0.520748,1.26288
Rostock,Sassnitz,107,625,0.698014,-0.520039,1.06101
Berlin,Lübbenau,108,109,2.46969,-0.519683,3.75315
Berlin,Szczecin,108,137,1.95752,-0.520003,2.97543
Berlin,Świebodzin,108,139,2.34405,-0.520612,3.5644
Berlin,Magdeburg,108,314,2.4764,-0.520142,3.76448
Berlin,Leipzig,108,526,2.18103,-0.519649,3.3144
Berlin,Neubrandenburg,108,700,1.5228,-0.520024,2.31469
Lübbenau,Dresden,109,110,1.81434,-0.519143,2.75624
Lübbenau,Cottbus,109,644,1.34912,-0.519415,2.04988
Dresden,Ústí nad Labem,110,111,1.84019,-0.517752,2.79296
Dresden,Chemnitz,110,337,2.06711,-0.518775,3.13948
Dresden,Görlitz,110,338,1.3279,-0.518891,2.01693
Ústí nad Labem,Prague,111,112,2.06115,-0.51625,3.12521
Prague,Tábor,112,113,1.9826,-0.514091,3.00183
Prague,Mladá Boleslav,112,146,1.16105,-0.516012,1.76017
Prague,Jihlava,112,147,2.00193,-0.513593,3.0301
Prague,Plzeň,112,372,2.24593,-0.515576,3.40388
Prague,Karlovy Vary,112,523,1.38735,-0.516298,2.10363
Prague,Hradec Králové,112,551,1.5041,-0.515512,2.27948
Tábor,Linz,113,114,1.74562,-0.513519,2.64202
Linz,Salzburg,114,115,1.83541,-0.512708,2.77644
Linz,Sattledt,114,408,0.744097,-0.512592,1.12552
Linz,Sankt Pölten,114,409,1.73629,-0.511738,2.62481
Linz,Wels,114,669,1.31941,-0.513859,1.9974
Salzburg,Villach,115,116,2.70064,-0.50897,4.07518
Salzburg,Bad Reichenhall,115,407,1.41025,-0.512728,2.13332
Salzburg,Sattledt,115,408,1.47875,-0.510933,2.23429
Salzburg,Lofer,115,733,1.68609,-0.512875,2.55085
Villach,Tarvisio,116,117,1.38089,-0.504897,2.0781
Villach,Karavanke Tunnel,116,537,1.18315,-0.502785,1.77802
Villach,Spittal an der Drau,116,682,1.35718,-0.50604,2.04396
Villach,Klagenfurt,116,683,1.44453,-0.50472,2.17361
Tarvisio,Udine,117,118,0.653473,-0.498961,0.97953
Udine,Palmanova,118,119,0.578167,-0.485468,0.858848
Palmanova,Mestre,119,120,0.638684,-0.472579,0.940513
Palmanova,Trieste,119,452,0.668568,-0.480879,0.990068
Mestre,Ravenna,120,121,0.405235,-0.461762,0.592357
Rimini,Fano,122,123,0.109463,-0.449561,0.158673
Fano,Ancona,123,124,0.0966916,-0.447869,0.139997
Ancona,Pescara,124,125,0.170531,-0.448906,0.247083
Pescara,Canosa di Puglia,125,126,0.184651,-0.448382,0.267445
Canosa di Puglia,Bari,126,127,0.0595737,-0.4451,0.08609
Canosa di Puglia,Benevento,126,742,0.0612828,-0.445351,0.0885752
Bari,Brindisi,127,128,0.016045,-0.443214,0.0231564
Bari,Taranto,127,476,0.015213,-0.443046,0.021953
Brindisi,Taranto,128,476,0.00374598,-0.439844,0.00539363
Igoumenitsa,Preveza,129,130,0.00924337,-0.404875,0.0129858
Igoumenitsa,Ioannina,129,477,0.0213068,-0.407264,0.0299842
Preveza,Rhion,130,131,0.00466479,-0.401081,0.00653575
Rhion,Patras,131,132,0.0017049,-0.39469,0.00237781
Rhion,Aigio,131,175,0.0017049,-0.39469,0.00237781
Patras,Pyrgos,132,133,0.000745159,-0.389355,0.00103529
Pyrgos,Kalamata,133,134,0.000365679,-0.38196,0.000505353
Kalamata,Tripoli,134,177,0.000265547,-0.377077,0.000365679
Malmö,Helsingborg,135,299,0.00913337,-0.345548,0.0122894
Malmö,Kalmar,135,626,0.00869507,-0.345333,0.0116978
Goleniów,Szczecin,136,137,0.833748,-0.52005,1.26734
Goleniów,Koszalin,136,637,0.359527,-0.520804,0.54677
Szczecin,Gorzów Wielkopolski,137,138,0.888332,-0.52036,1.35058
Gorzów Wielkopolski,Świebodzin,138,139,1.06722,-0.521192,1.62345
Świebodzin,Zielona Góra,139,140,1.4112,-0.521264,2.14681
Świebodzin,Poznań,139,315,2.23674,-0.522861,3.40625
Zielona Góra,Legnica,140,141,1.41508,-0.521338,2.15281
Legnica,Jelenia Góra,141,142,1.26658,-0.520022,1.92523
Legnica,Görlitz,141,338,1.40491,-0.519702,2.13505
Legnica,Wrocław,141,339,2.13583,-0.520376,3.24726
Legnica,Cottbus,141,644,1.40638,-0.519734,2.13732
Jelenia Góra,Harrachov,142,143,0.545639,-0.519523,0.829112
Harrachov,Železný Brod,143,144,0.39164,-0.518334,0.594641
Železný Brod,Turnov,144,145,0.643642,-0.51729,0.976592
Turnov,Mladá Boleslav,145,146,0.682765,-0.516485,1.0354
Turnov,Hradec Králové,145,551,0.963867,-0.516386,1.46159
Turnov,Teplice,145,715,0.832813,-0.517347,1.26367
Jihlava,Brno,147,148,1.01165,-0.512044,1.52965
Jihlava,Vienna,147,410,1.629,-0.511763,2.46266
Brno,Bratislava,148,149,1.42168,-0.509885,2.14658
Brno,Trenčín,148,373,1.40768,-0.511792,2.12812
Brno,Vienna,148,410,1.62193,-0.509647,2.44854
Brno,Olomouc,148,716,1.42194,-0.512936,2.15131
Bratislava,Rajka,149,150,1.52236,-0.508594,2.29662
Bratislava,Žilina,149,195,1.61681,-0.511832,2.44434
Bratislava,Győr,149,196,1.54773,-0.503593,2.32716
Bratislava,Vienna,149,410,2.13397,-0.50501,3.21165
Bratislava,Zvolen,149,568,2.13189,-0.510155,3.21949
Bratislava,Dunajská Streda,149,724,1.30721,-0.508758,1.97227
Rajka,Csorna,150,151,0.603185,-0.508377,0.909831
Csorna,Szombathely,151,152,0.297303,-0.505069,0.447462
Szombathely,Zalaegerszeg,152,153,0.291738,-0.497224,0.436797
Zalaegerszeg,Nagykanizsa,153,154,0.576291,-0.492914,0.860354
Nagykanizsa,Letenye,154,155,0.358682,-0.491974,0.535144
Nagykanizsa,Zagreb,154,156,0.780962,-0.489456,1.16321
Nagykanizsa,Balatonvilágos,154,553,1.142,-0.493214,1.70526
Letenye,Zagreb,155,156,0.42228,-0.487317,0.628065
Zagreb,Karlovac,156,157,0.619049,-0.486751,0.920372
Zagreb,Ljubljana,156,454,0.600851,-0.488484,0.894357
Zagreb,Slavonski Brod,156,455,0.685044,-0.4788,1.01304
Zagreb,Maribor,156,535,0.723801,-0.492257,1.0801
Karlovac,Rijeka,157,158,0.274017,-0.484626,0.406812
Karlovac,Knin,157,554,0.21995,-0.484777,0.326577
Rijeka,Split,158,159,0.185159,-0.48218,0.27444
Rijeka,Trieste,158,452,0.470295,-0.484128,0.697979
Split,Dubrovnik,159,160,0.133073,-0.47498,0.196281
Split,Knin,159,554,0.131093,-0.481424,0.194204
Dubrovnik,Petrovac,160,161,0.0434006,-0.468017,0.0637128
Dubrovnik,Podgorica,160,162,0.0961158,-0.460998,0.140425
Petrovac,Podgorica,161,162,0.0633615,-0.455081,0.0921961
Petrovac,Prizren,161,744,0.0580651,-0.455614,0.0845204
Podgorica,Bijelo Polje,162,163,0.0972445,-0.455836,0.141572
Podgorica,Pristina,162,164,0.134412,-0.454772,0.195538
Podgorica,Sarajevo,162,737,0.167247,-0.456329,0.243566
Bijelo Polje,Pristina,163,164,0.135317,-0.454719,0.196849
Bijelo Polje,Nova Varoš,163,740,0.147393,-0.457612,0.214842
Pristina,Skopje,164,165,0.181426,-0.451468,0.263334
Pristina,Niš,164,202,0.358215,-0.45715,0.521973
Pristina,Prizren,164,744,0.111274,-0.454121,0.161806
Skopje,Kičevo,165,166,0.123511,-0.447664,0.178802
Skopje,Kumanovo,165,203,0.177937,-0.451393,0.258256
Skopje,Veles,165,204,0.130369,-0.445656,0.188468
Kičevo,Ohrid,166,167,0.0509833,-0.444933,0.0736674
Ohrid,Bitola,167,168,0.0238239,-0.438069,0.0342604
Bitola,Niki,168,169,0.0175376,-0.423236,0.0249602
Niki,Vevi,169,170,0.0260964,-0.412362,0.0368576
Vevi,Kozani,170,171,0.0561776,-0.41062,0.0792452
Kozani,Larissa,171,172,0.0380061,-0.410455,0.0536059
Kozani,Thessaloniki,171,207,0.124323,-0.413101,0.175681
Kozani,Ioannina,171,477,0.0462812,-0.410063,0.0652594
Larissa,Domokos,172,173,0.0168699,-0.409317,0.023775
Larissa,Lamia,172,174,0.0168699,-0.409317,0.023775
Larissa,Katerini,172,208,0.0483575,-0.411534,0.0682583
Larissa,Trikala,172,687,0.0240104,-0.408669,0.0338227
Domokos,Lamia,173,174,6.60032e-05,-0.481879,3.30016e-05
Aigio,Corinth,175,176,0.000745159,-0.389355,0.00103529
Corinth,Tripoli,176,177,0.000365679,-0.38196,0.000505353
Varangerbotn,Utsjoki,178,179,0.0679229,-0.505302,0.102244
Varangerbotn,Kirkenes,178,243,0.170466,-0.529184,0.260673
Varangerbotn,Karasjok,178,502,0.0675981,-0.510914,0.102135
Utsjoki,Inari,179,180,0.0262062,-0.521537,0.0398738
Inari,Ivalo,180,181,0.0118247,-0.492763,0.0176515
Ivalo,Sodankylä,181,182,0.00909666,-0.428169,0.0129916
Sodankylä,Rovaniemi,182,183,0.0101665,-0.375578,0.0139848
Sodankylä,Kemijärvi,182,539,0.00652285,-0.386082,0.0090412
Rovaniemi,Kemi,183,184,0.0141678,-0.363022,0.019311
Kemi,Oulu,184,185,0.0210163,-0.369528,0.0287824
Kemi,Tornio,184,614,0.0145831,-0.356911,0.0197879
Oulu,Jyväskylä,185,186,0.0207984,-0.388925,0.0288875
Oulu,Kokkola,185,615,0.0157817,-0.38659,0.0218827
Jyväskylä,Heinola,186,187,0.0273584,-0.423447,0.0389432
Jyväskylä,Kuopio,186,544,0.0201376,-0.398232,0.028157
Jyväskylä,Tampere,186,545,0.027012,-0.415181,0.0382268
Heinola,Lahti,187,188,0.0302332,-0.466301,0.044331
Lahti,Helsinki,188,189,0.0613037,-0.494018,0.0915889
Helsinki,Hämeenlinna,189,618,0.0618851,-0.49361,0.0924323
Helsinki,Kotka,189,621,0.168468,-0.520361,0.256132
Gdańsk,Świecie,190,191,1.73182,-0.526915,2.64434
Gdańsk,Kaliningrad,190,563,1.33909,-0.529872,2.04863
Gdańsk,Elbląg,190,564,1.48473,-0.527545,2.26799
Gdańsk,Gdynia,190,639,1.06048,-0.527791,1.62019
Świecie,Łódź,191,192,1.22378,-0.525337,1.86667
Świecie,Poznań,191,315,1.63126,-0.525573,2.4886
Łódź,Piotrków Trybunalski,192,193,1.40235,-0.525325,2.13904
Piotrków Trybunalski,Katowice,193,194,1.65815,-0.523621,2.52639
Piotrków Trybunalski,Warsaw,193,316,2.41788,-0.527248,3.69271
Piotrków Trybunalski,Wrocław,193,339,1.67535,-0.523554,2.55249
Katowice,Žilina,194,195,1.35825,-0.518373,2.06233
Katowice,Zabrze,194,342,1.19818,-0.52126,1.82274
Katowice,Kraków,194,343,1.83927,-0.521576,2.79859
Katowice,Český Těšín,194,717,0.951006,-0.520312,1.44583
Žilina,Olomouc,195,716,0.814351,-0.514679,1.23348
Győr,Budapest,196,197,2.14297,-0.50152,3.21772
Győr,Vámosszabadi,196,726,0.974781,-0.504366,1.46643
Budapest,Szeged,197,198,2.2205,-0.491092,3.31097
Budapest,Mosonmagyaróvár,197,412,2.27938,-0.500021,3.41912
Budapest,Szolnok,197,413,2.20981,-0.493455,3.30025
Budapest,Miskolc,197,552,2.26981,-0.498632,3.40161
Budapest,Balatonvilágos,197,553,1.98154,-0.494032,2.96049
Budapest,Szekszárd,197,555,1.8034,-0.494835,2.69579
Budapest,Zvolen,197,568,2.10241,-0.501289,3.15632
Szeged,Subotica,198,199,1.30199,-0.489415,1.9392
Szeged,Arad,198,684,1.59312,-0.482296,2.36147
Subotica,Novi Sad,199,200,0.749049,-0.481667,1.10984
Subotica,Sombor,199,735,0.686284,-0.487689,1.02098
Novi Sad,Belgrade,200,201,0.72176,-0.473719,1.06367
Belgrade,Niš,201,202,0.605414,-0.465453,0.887206
Belgrade,Slavonski Brod,201,455,0.646874,-0.473502,0.953171
Belgrade,Vršac,201,456,0.589623,-0.468899,0.866097
Belgrade,Čačak,201,739,0.521186,-0.466164,0.764144
Niš,Kumanovo,202,203,0.256337,-0.458612,0.373897
Niš,Drobeta-Turnu Severin,202,458,0.587132,-0.463651,0.859356
Niš,Sofia,202,468,0.436384,-0.448359,0.63204
Kumanovo,Kyustendil,203,745,0.162644,-0.449601,0.23577
Veles,Gevgelija,204,205,0.0703156,-0.435542,0.100941
Gevgelija,Evzoni,205,206,0.0715134,-0.42093,0.101616
Evzoni,Thessaloniki,206,207,0.132915,-0.415164,0.188097
Thessaloniki,Katerini,207,208,0.0900262,-0.413922,0.12729
Thessaloniki,Alexandroupoli,207,233,0.187634,-0.41292,0.265112
Thessaloniki,Serres,207,577,0.160346,-0.419928,0.227679
Klaipėda,Kaunas,209,210,1.98346,-0.534628,3.04388
Klaipėda,Palanga,209,704,1.16284,-0.535498,1.78554
Kaunas,Vilnius,210,211,2.20109,-0.534369,3.37729
Kaunas,Warsaw,210,316,4.22672,-0.531774,6.47438
Kaunas,Riga,210,547,2.90016,-0.53407,4.44905
Kaunas,Ukmergė,210,701,1.85087,-0.534452,2.84007
Vilnius,Lida,211,212,2.05803,-0.534906,3.15889
Vilnius,Minsk,211,318,4.17182,-0.532913,6.39504
Vilnius,Marijampolė,211,641,2.16063,-0.535107,3.3168
Vilnius,Ukmergė,211,701,2.16274,-0.535141,3.32012
Lida,Slonim,212,213,0.804439,-0.534789,1.23464
Slonim,Kobryn,213,214,0.411256,-0.530891,0.629588
Kobryn,Dubno,214,215,0.454737,-0.522698,0.692427
Dubno,Ternopil,215,216,0.973598,-0.518728,1.47863
Ternopil,Chernivtsi,216,217,1.09461,-0.515976,1.65941
Ternopil,Stryj,216,379,1.55178,-0.515242,2.35132
Ternopil,Khmelnytskyi,216,380,1.38505,-0.520842,2.10645
Chernivtsi,Siret,217,218,0.816297,-0.509907,1.23253
Siret,Suceava,218,219,1.37045,-0.504965,2.06248
Suceava,Roman,219,220,1.34639,-0.502623,2.02312
Suceava,Halmeu,219,578,2.07549,-0.501628,3.11662
Suceava,Iaşi,219,670,1.82499,-0.50642,2.7492
Roman,Urziceni,220,221,0.737574,-0.497971,1.10486
Urziceni,Bucharest,221,222,0.507405,-0.486187,0.754098
Urziceni,Slobozia,221,421,0.418818,-0.49355,0.625526
Bucharest,Giurgiu,222,223,0.256768,-0.473638,0.378383
Bucharest,Ploieşti,222,420,0.230951,-0.477288,0.341181
Bucharest,Constanţa,222,423,0.345573,-0.480502,0.511622
Bucharest,Alexandria,222,460,0.265856,-0.473708,0.391794
Bucharest,Piteşti,222,583,0.289257,-0.474964,0.426643
Giurgiu,Ruse,223,224,0.13288,-0.467261,0.19497
Ruse,Byala,224,225,0.069073,-0.456229,0.100586
Ruse,Razgrad,224,461,0.064244,-0.457729,0.0936504
Byala,Veliko Tarnovo,225,226,0.0540908,-0.449096,0.0783827
Byala,Pleven,225,584,0.0529212,-0.446914,0.0765724
Veliko Tarnovo,Stara Zagora,226,227,0.0609613,-0.44644,0.0881769
Veliko Tarnovo,Shumen,226,462,0.0589355,-0.453456,0.0856602
Stara Zagora,Haskovo,227,228,0.0367712,-0.443199,0.0530682
Stara Zagora,Burgas,227,590,0.0537718,-0.452892,0.0781246
Haskovo,Svilengrad,228,229,0.0173905,-0.434234,0.0249421
Svilengrad,Ormenio,229,230,0.0131129,-0.420331,0.0186247
Ormenio,Kastanies,230,231,0.0198588,-0.412196,0.0280446
Kastanies,Didymoteicho,231,232,0.0429763,-0.410993,0.0606392
Didymoteicho,Alexandroupoli,232,233,0.10142,-0.411526,0.143156
Alexandroupoli,Gelibolu,233,478,0.126661,-0.411513,0.178784
Saint Petersburg,Pskov,234,235,4.07653,-0.530465,6.23898
Saint Petersburg,Moscow,234,239,7.6217,-0.52612,11.6316
Saint Petersburg,Petrozavodsk,234,245,2.60254,-0.527859,3.97632
Saint Petersburg,Narva,234,304,3.08023,-0.530004,4.71276
Saint Petersburg,Vyborg,234,623,2.60256,-0.527851,3.97633
Pskov,Gomel,235,236,5.40101,-0.532108,8.27493
Pskov,Riga,235,547,3.89273,-0.533069,5.96783
Gomel,Kiev,236,237,7.4813,-0.528852,11.4378
Gomel,Babruysk,236,703,4.51646,-0.532072,6.91954
Kiev,Odessa,237,238,5.40227,-0.522937,8.22731
Kiev,Hlukhiv,237,242,6.59531,-0.525006,10.0579
Kiev,Kharkiv,237,247,6.41853,-0.523362,9.77774
Kiev,Rivne,237,348,4.77132,-0.525882,7.28047
Kiev,Zhytomyr,237,349,3.80054,-0.525687,5.79844
Odessa,Izmail,238,586,1.79444,-0.520611,2.72865
Odessa,Chişinău,238,672,2.12493,-0.520281,3.23049
Odessa,Mykolaiv,238,673,2.08988,-0.521776,3.18032
Moscow,Kaluga,239,240,5.37749,-0.523686,8.19361
Moscow,Orel,239,246,5.73941,-0.522338,8.73732
Moscow,Voronezh,239,248,5.9945,-0.515262,9.08323
Moscow,Tambov,239,256,5.18001,-0.516417,7.85505
Moscow,Smolensk,239,319,5.89127,-0.526627,8.99377
Moscow,Ryazan,239,320,4.4439,-0.514719,6.73125
Moscow,Velikiye Luki,239,628,5.17851,-0.524144,7.89279
Moscow,Vladimir,239,629,4.54435,-0.513946,6.87991
Kaluga,Bryansk,240,241,2.96299,-0.525683,4.52059
Bryansk,Hlukhiv,241,242,3.66369,-0.526159,5.59138
Hlukhiv,Kursk,242,645,3.90248,-0.525071,5.95156
Kirkenes,Murmansk,243,244,0.374177,-0.52899,0.572113
Murmansk,Petrozavodsk,244,245,0.973761,-0.528466,1.48836
Orel,Kharkiv,246,247,4.33256,-0.522101,6.5946
Kharkiv,Luhansk,247,350,3.48497,-0.522932,5.30738
Voronezh,Novorossiysk,248,249,3.85544,-0.51514,5.84153
Voronezh,Kursk,248,645,3.76295,-0.521955,5.72705
Voronezh,Saratov,248,646,3.14609,-0.508016,4.74436
Novorossiysk,Dzhankoy,249,601,1.54407,-0.517088,2.34249
Novorossiysk,Sochi,249,602,1.4989,-0.516947,2.27375
Mineralnye Vody,Nalchik,250,251,0.197274,-0.501341,0.296175
Mineralnye Vody,Makhachkala,250,260,0.443134,-0.50047,0.664909
Mineralnye Vody,Armavir,250,387,0.233543,-0.5038,0.351202
Nalchik,Vladikavkaz,251,252,0.0754749,-0.500879,0.113279
Vladikavkaz,Stepantsminda,252,253,0.0292836,-0.499832,0.0439205
Stepantsminda,Mtskheta,253,254,0.012366,-0.497227,0.0185147
Mtskheta,Tbilisi,254,255,0.00774585,-0.492886,0.0115637
Tbilisi,Gori,255,428,0.00501419,-0.491851,0.00748043
Tbilisi,Rustavi,255,429,0.00725486,-0.492779,0.0108299
Tambov,Povorino,256,257,2.34979,-0.517417,3.56562
Povorino,Volgograd,257,258,1.95123,-0.517468,2.96092
Volgograd,Astrakhan,258,259,2.09676,-0.508652,3.16329
Volgograd,Luhansk,258,350,2.2857,-0.519342,3.47277
Astrakhan,Makhachkala,259,260,1.36268,-0.500181,2.04426
Astrakhan,Atyrau,259,265,1.79349,-0.490329,2.67289
Makhachkala,Kuba,260,261,0.436726,-0.500224,0.655186
Kuba,Baku,261,262,0.16685,-0.500243,0.250316
Baku,Yevlakh,262,431,0.0639064,-0.500152,0.0958693
Samara,Oral,263,264,1.49673,-0.46998,2.20017
Samara,Penza,263,321,1.3806,-0.488986,2.05569
Samara,Ufa,263,322,1.08501,-0.465028,1.58957
Oral,Atyrau,264,265,1.59613,-0.464323,2.33724
Oral,Saratov,264,646,2.1078,-0.491118,3.14298
Oral,Aktobe,264,647,1.07909,-0.468179,1.5843
Atyrau,Beineu,265,266,0.746849,-0.475213,1.10176
Atyrau,Beyneu,265,351,0.746849,-0.475213,1.10176
Beineu,Shetpe,266,267,0.292124,-0.474221,0.430655
Shetpe,Zhetybai,267,268,0.114461,-0.47342,0.168649
Zhetybai,Fetisovo,268,269,0.0451746,-0.472334,0.0665121
Fetisovo,Bekdash,269,270,0.0185631,-0.46859,0.0272615
Bekdash,Türkmenbaşy,270,271,0.00934849,-0.453899,0.0135918
Türkmenbaşy,Gyzylarbat,271,272,0.00862046,-0.428354,0.0123131
Gyzylarbat,Ashgabat,272,432,0.0152776,-0.419134,0.021681
Chelyabinsk,Kostanay,273,274,0.22713,-0.463612,0.332431
Chelyabinsk,Ufa,273,322,0.485476,-0.465702,0.711563
Chelyabinsk,Kurgan,273,323,0.250756,-0.461894,0.366578
Kostanay,Esil,274,275,0.0983302,-0.459891,0.143551
Esil,Derzhavinsk,275,276,0.0599723,-0.445371,0.0866822
Derzhavinsk,Arkalyk,276,277,0.0750342,-0.426531,0.107039
Arkalyk,Jezkazgan,277,278,0.154105,-0.419433,0.218742
Jezkazgan,Kyzylorda,278,279,0.238925,-0.417246,0.338616
Jezkazgan,Karaganda,278,286,0.227696,-0.418646,0.323019
Kyzylorda,Shymkent,279,280,0.222189,-0.411823,0.313691
Kyzylorda,Novokazalinsk,279,650,0.172934,-0.42167,0.245855
Shymkent,Tashkent,280,281,0.169659,-0.40247,0.237942
Shymkent,Zhambyl,280,359,0.137366,-0.403821,0.192837
Tashkent,Ayni,281,282,0.0603599,-0.397466,0.0843509
Tashkent,Jizzakh,281,358,0.0777492,-0.396967,0.108613
Tashkent,Kokand,281,689,0.0636631,-0.398858,0.0890557
Ayni,Dushanbe,282,283,0.0464676,-0.392047,0.064685
Ayni,Kokand,282,689,0.0232247,-0.393242,0.0323576
Dushanbe,Termez,283,440,0.025233,-0.388472,0.0350353
Dushanbe,Jirgatal,283,441,0.0257575,-0.388981,0.0357767
Dushanbe,Kulob,283,692,0.0188576,-0.388793,0.0261892
Ishim,Astana,284,285,0.110238,-0.437017,0.158414
Ishim,Omsk,284,291,0.110238,-0.437017,0.158414
Ishim,Kurgan,284,323,0.1745,-0.453622,0.253657
Ishim,Tyumen,284,635,0.118141,-0.45021,0.171329
Astana,Karaganda,285,286,0.116789,-0.42509,0.166434
Karaganda,Balkhash,286,287,0.132547,-0.414538,0.187493
Karaganda,Pavlodar,286,292,0.139209,-0.42056,0.197754
Balkhash,Burubaytal,287,288,0.0785368,-0.409658,0.11071
Burubaytal,Almaty,288,289,0.0888733,-0.403181,0.124705
Almaty,Bishkek,289,290,0.134577,-0.399565,0.188349
Almaty,Sary-Ozek,289,360,0.0649704,-0.400219,0.0909728
Almaty,Kokpek,289,695,0.053327,-0.400321,0.0746749
Bishkek,Zhambyl,290,359,0.120811,-0.400126,0.169151
Bishkek,Osh,290,691,0.120637,-0.397941,0.168643
Omsk,Pavlodar,291,292,0.0850187,-0.42929,0.121516
Pavlodar,Semey,292,293,0.0711931,-0.423945,0.101375
Semey,Georgiyevka,293,294,0.029534,-0.423835,0.0420515
Georgiyevka,Ayagoz,294,364,0.0129099,-0.422464,0.0183639
Narvik,Kiruna,295,296,0.00302035,-0.350399,0.00407868
Narvik,Setermoen,295,498,0.00176258,-0.389961,0.00244991
Kiruna,Töre,296,297,0.00639479,-0.342,0.00858181
Töre,Luleå,297,298,0.0141433,-0.34113,0.018968
Luleå,Umeå,298,612,0.0244927,-0.341578,0.0328589
Luleå,Haparanda,298,613,0.0157473,-0.341978,0.0211326
Helsingborg,Halmstad,299,300,0.0199918,-0.345731,0.0269035
Helsingborg,Jönköping,299,605,0.0123167,-0.345535,0.0165725
Örebro,Stockholm,301,302,0.0384716,-0.345454,0.0517618
Örebro,Karlstad,301,620,0.0229736,-0.345684,0.0309152
Stockholm,Södertälje,302,608,0.0284302,-0.345246,0.0382456
Stockholm,Uppsala,302,609,0.0336358,-0.34494,0.0452382
Tallinn,Narva,303,304,1.83706,-0.532009,2.81439
Tallinn,Riga,303,547,2.54855,-0.53298,3.90688
Colchester,Ipswich,305,306,6.60032e-05,-0.481879,6.60032e-05
Ipswich,Cambridge,306,636,6.60032e-05,-0.481879,6.60032e-05
The Hague,Gouda,307,308,0.377129,-0.52172,0.573885
Amersfoort,Oldenzaal,309,310,0.642369,-0.522273,0.977861
Amersfoort,Hoogeveen,309,698,0.599568,-0.522239,0.912686
Oldenzaal,Osnabrück,310,311,0.555465,-0.523166,0.846066
Osnabrück,Bad Oeynhausen,311,312,1.04976,-0.523636,1.59946
Bad Oeynhausen,Dortmund,312,508,1.80959,-0.524104,2.75801
Braunschweig,Magdeburg,313,314,1.3863,-0.52086,2.10837
Magdeburg,Halle,314,518,1.46764,-0.520071,2.23091
Poznań,Warsaw,315,316,2.7948,-0.526749,4.26696
Poznań,Wrocław,315,339,1.62508,-0.523888,2.47644
Warsaw,Elbląg,316,564,2.24633,-0.528236,3.43292
Warsaw,Radom,316,565,2.65332,-0.526639,4.05066
Warsaw,Lublin,316,713,3.16158,-0.527336,4.82879
Brest,Rennes,317,365,0.32347,-0.512653,0.489298
Brest,Lorient,317,388,0.176716,-0.5121,0.267212
Minsk,Smolensk,318,319,4.39305,-0.530304,6.72271
Minsk,Babruysk,318,703,3.9939,-0.532644,6.12122
Ryazan,Penza,320,321,1.93001,-0.508925,2.91225
Ufa,Yelabuga,322,632,0.530397,-0.469442,0.779388
Bruges,Ghent,324,325,1.61001,-0.518126,2.4442
Bruges,Zeebrugge,324,642,1.82408,-0.51828,2.76946
Ghent,Brussels,325,326,2.19382,-0.519018,3.33245
Brussels,Leuven,326,327,2.82087,-0.520678,4.28963
Leuven,Hasselt,327,708,1.86326,-0.522801,2.83738
Eupen,Aachen,328,329,2.26489,-0.524688,3.45325
Eupen,St. Vith,328,653,1.16184,-0.523932,1.77056
Aachen,Heerlen,329,709,1.78517,-0.525046,2.72246
Olpe,Wetzlar,330,331,2.12593,-0.524897,3.24183
Wetzlar,Gießen,331,332,2.12769,-0.525201,3.24516
Wetzlar,Dortmund,331,508,2.96179,-0.524814,4.51618
Wetzlar,Aschaffenburg,331,509,2.28197,-0.524799,3.47955
Wetzlar,Koblenz,331,660,2.23249,-0.525012,3.40457
Gießen,Bad Hersfeld,332,333,1.32326,-0.525452,2.01856
Bad Hersfeld,Eisenach,333,334,0.615841,-0.524486,0.938841
Eisenach,Erfurt,334,335,0.554425,-0.52151,0.843563
Erfurt,Gera,335,336,1.07129,-0.519752,1.62809
Gera,Chemnitz,336,337,1.5946,-0.519257,2.4226
Gera,Leipzig,336,526,1.60676,-0.519453,2.44139
Gera,Hirschberg,336,527,1.13086,-0.519476,1.71832
Chemnitz,Plauen,337,519,1.50312,-0.519216,2.28357
Wrocław,Opole,339,340,1.34204,-0.522026,2.04262
Wrocław,Kłodzko,339,548,1.36189,-0.521975,2.07276
Opole,Gliwice,340,341,0.639376,-0.521756,0.972974
Gliwice,Zabrze,341,342,0.603906,-0.521392,0.918777
Kraków,Rzeszów,343,344,0.867492,-0.521765,1.32012
Kraków,Radom,343,565,1.06419,-0.524711,1.62258
Kraków,Trstená,343,566,1.08381,-0.519738,1.64711
Rzeszów,Jarosław,344,345,0.835303,-0.523183,1.27232
Rzeszów,Radom,344,565,0.921608,-0.525601,1.40601
Rzeszów,Barwinek,344,710,0.654598,-0.523041,0.99698
Jarosław,Korczowa,345,346,0.905138,-0.522005,1.37762
Korczowa,Lviv,346,347,1.91995,-0.520977,2.92019
Lviv,Rivne,347,348,2.60691,-0.52327,3.97104
Lviv,Mukachevo,347,378,3.40218,-0.51608,5.15797
Lviv,Lublin,347,713,1.94146,-0.523166,2.95717
Rivne,Zhytomyr,348,349,1.64233,-0.525872,2.50598
Rivne,Kovel,348,714,1.62142,-0.525913,2.47414
Zhytomyr,Vinnytsia,349,381,2.74327,-0.526138,4.18661
Beyneu,Qo‘ng‘irot,351,352,0.295101,-0.473677,0.434884
Qo‘ng‘irot,Nukus,352,353,0.122919,-0.470064,0.180698
Nukus,Daşoguz,353,354,0.0662954,-0.458774,0.09671
Daşoguz,Bukhara,354,355,0.026215,-0.426972,0.037408
Daşoguz,Ashgabat,354,432,0.0295439,-0.426684,0.0421499
Daşoguz,Uchkuduk,354,688,0.0189486,-0.44114,0.0273076
Bukhara,Navoiy,355,356,0.0238305,-0.401084,0.0333886
Bukhara,Alat,355,436,0.0190735,-0.402543,0.0267514
Bukhara,Karshi,355,437,0.0194006,-0.402082,0.0272013
Bukhara,Uchkuduk,355,688,0.013391,-0.409318,0.0188721
Navoiy,Samarkand,356,357,0.0212468,-0.395558,0.0296511
Samarkand,Jizzakh,357,358,0.0354717,-0.395421,0.049498
Sary-Ozek,Taldykorgan,360,361,0.0310659,-0.399704,0.043483
Sary-Ozek,Koktal,360,697,0.0293149,-0.399592,0.0410288
Taldykorgan,Ucharal,361,362,0.0137539,-0.40035,0.0192603
Ucharal,Taskesken,362,363,0.00745465,-0.405012,0.0104739
Taskesken,Ayagoz,363,364,0.00719386,-0.415413,0.0101823
Rennes,Le Mans,365,366,0.801879,-0.512935,1.21319
Le Mans,Angers,366,391,0.654013,-0.513002,0.989523
Le Mans,Tours,366,392,0.762029,-0.511688,1.15195
Le Mans,Rouen,366,662,1.25368,-0.515337,1.89975
Reims,Charleroi,367,651,1.74713,-0.518385,2.65282
Reims,Charleville-Mézières,367,658,1.59753,-0.51912,2.42684
Reims,Rouen,367,662,1.80927,-0.516417,2.7436
Saarbrücken,Mannheim,368,369,3.10517,-0.524289,4.73318
Saarbrücken,Trier,368,659,1.60294,-0.523101,2.44144
Mannheim,Heilbronn,369,370,2.90548,-0.52401,4.42799
Rozvadov,Plzeň,371,372,2.33057,-0.51854,3.53907
Plzeň,Karlovy Vary,372,523,1.61607,-0.517942,2.45311
Plzeň,České Budějovice,372,524,1.86587,-0.516467,2.82953
Plzeň,Bayerisch Eisenstein,372,530,1.91347,-0.517497,2.90369
Trenčín,Prešov,373,374,1.22075,-0.511983,1.84575
Prešov,Košice,374,375,1.88811,-0.510736,2.85243
Prešov,Svidník,374,712,0.927248,-0.512369,1.40234
Košice,Vyšné Nemecké,375,376,0.95197,-0.509886,1.43737
Košice,Uzhhorod,375,377,1.85215,-0.51149,2.79951
Košice,Miskolc,375,552,1.68968,-0.506163,2.54494
Košice,Zvolen,375,568,1.78278,-0.508258,2.68889
Vyšné Nemecké,Uzhhorod,376,377,0.900183,-0.513185,1.36214
Uzhhorod,Mukachevo,377,378,2.99553,-0.514417,4.53648
Uzhhorod,Chop,377,723,1.50108,-0.511455,2.26881
Mukachevo,Stryj,378,379,2.20012,-0.511999,3.32658
Mukachevo,Halmeu,378,578,2.64116,-0.506663,3.97934
Khmelnytskyi,Vinnytsia,380,381,1.71037,-0.524603,2.60764
Vinnytsia,Uman,381,382,1.66692,-0.525181,2.54236
Vinnytsia,Mohyliv-Podilskyi,381,728,1.53988,-0.524752,2.34793
Uman,Kirovohrad,382,383,1.2545,-0.52302,1.91062
Kirovohrad,Dnipropetrovsk,383,384,0.869691,-0.521236,1.32301
Kirovohrad,Chişinău,383,672,1.73454,-0.520066,2.63662
Dnipropetrovsk,Donetsk,384,385,0.363423,-0.520418,0.552554
Donetsk,Rostov-on-Don,385,386,0.235418,-0.517576,0.357264
Rostov-on-Don,Armavir,386,387,0.197618,-0.511118,0.298624
Rostov-on-Don,Taganrog,386,675,0.211331,-0.517227,0.320637
Lorient,Vannes,388,389,0.210955,-0.51159,0.318878
Vannes,Nantes,389,390,0.461039,-0.511578,0.696897
Nantes,Angers,390,391,0.642617,-0.511435,0.971274
Nantes,Poitiers,390,676,0.901121,-0.511987,1.36248
Angers,Tours,391,392,0.499681,-0.507973,0.753505
Tours,Vierzon,392,503,0.652513,-0.506614,0.983085
Montargis,Auxerre,393,394,1.19343,-0.510739,1.80297
Auxerre,Beaune,394,395,2.24294,-0.512518,3.39249
Beaune,Dole,395,396,2.28413,-0.514977,3.4604
Beaune,Antwerp,395,505,3.91305,-0.516179,5.93289
Dole,Besançon,396,397,1.21175,-0.516644,1.8378
Besançon,Belfort,397,398,1.39146,-0.518978,2.1136
Zürich,Winterthur,399,400,1.36753,-0.51906,2.07737
Winterthur,St. Gallen,400,401,0.973835,-0.518915,1.47917
Winterthur,Schaffhausen,400,511,1.33163,-0.521129,2.02558
St. Gallen,St. Margrethen,401,402,0.888888,-0.516803,1.34827
St. Margrethen,Bregenz,402,403,1.45917,-0.515432,2.21127
St. Margrethen,Buchs,402,514,0.68044,-0.515704,1.03135
Bregenz,Feldkirch,403,748,1.40091,-0.514712,2.12198
Bregenz,Lindau,403,513,2.20439,-0.515655,3.3411
Feldkirch,Landeck,748,404,0.636943,-0.513148,0.963789
Feldkirch,Imst,748,406,0.664529,-0.513062,1.00547
Landeck,Telfs,404,405,0.444146,-0.512114,0.671599
Sattledt,Liezen,408,532,0.936757,-0.511452,1.41586
Sattledt,Wels,408,669,0.998105,-0.513914,1.51105
Sankt Pölten,Vienna,409,410,1.95004,-0.509606,2.94379
Vienna,Nickelsdorf,410,411,2.12854,-0.507445,3.20866
Vienna,Halámky,410,525,2.05972,-0.509776,3.10972
Vienna,Graz,410,534,2.61537,-0.506599,3.94031
Nickelsdorf,Mosonmagyaróvár,411,412,1.46549,-0.503903,2.20396
Szolnok,Püspökladány,413,414,1.59138,-0.490284,2.3716
Püspökladány,Oradea,414,415,1.99742,-0.489051,2.97426
Püspökladány,Nyíregyháza,414,722,1.24537,-0.49386,1.8604
Oradea,Cluj-Napoca,415,416,0.942917,-0.483305,1.39863
Oradea,Berettyóújfalu,415,570,1.37226,-0.488912,2.04317
Oradea,Beiuş,415,571,0.89383,-0.484623,1.327
Oradea,Satu Mare,415,579,1.46258,-0.489173,2.17804
Oradea,Arad,415,684,1.50823,-0.482253,2.23558
Cluj-Napoca,Turda,416,417,0.593645,-0.483606,0.880736
Cluj-Napoca,Zalău,416,580,0.577509,-0.48727,0.858912
Turda,Târgu Mureş,417,418,0.25971,-0.480273,0.384442
Turda,Sebeş,417,581,0.268427,-0.479972,0.397265
Târgu Mureş,Braşov,418,419,0.183109,-0.476806,0.270417
Braşov,Ploieşti,419,420,0.155764,-0.475414,0.229817
Braşov,Sibiu,419,582,0.215951,-0.4759,0.318722
Braşov,Piteşti,419,583,0.129002,-0.471808,0.189867
Slobozia,Hârşova,421,422,0.290234,-0.494407,0.433727
Slobozia,Galaţi,421,588,0.499266,-0.501967,0.749882
Hârşova,Constanţa,422,423,0.294163,-0.48751,0.43757
Constanţa,Varna,423,463,0.239372,-0.475873,0.353282
Constanţa,Tulcea,423,589,0.294454,-0.49185,0.439281
Senaki,Samtredia,424,425,0.029942,-0.519862,0.0455076
Senaki,Zugdidi,424,604,0.0795651,-0.519154,0.120872
Samtredia,Kutaisi,425,426,0.0114501,-0.519844,0.0174024
Kutaisi,Khashuri,426,427,0.00486283,-0.515486,0.00736955
Khashuri,Gori,427,428,0.00328899,-0.50153,0.00493851
Rustavi,Ganja,429,430,0.0107348,-0.497146,0.0160716
Ganja,Yevlakh,430,431,0.0248883,-0.499522,0.0373206
Ashgabat,Tejen,432,433,0.0149296,-0.415113,0.021127
Tejen,Mary,433,434,0.00739647,-0.404601,0.0103891
Mary,Türkmenabat,434,435,0.00584863,-0.395223,0.00816014
Türkmenabat,Alat,435,436,0.0089238,-0.396384,0.012461
Karshi,Guzar,437,438,0.00975822,-0.39419,0.0136048
Guzar,Sherobod,438,439,0.00780897,-0.387567,0.0108355
Sherobod,Termez,439,440,0.0119127,-0.386833,0.016521
Jirgatal,Sary Tash,441,442,0.0236865,-0.39071,0.032941
Jirgatal,Khorugh,441,694,0.014342,-0.388255,0.0199104
Sary Tash,Irkeshtam,442,443,0.0312535,-0.393982,0.0435668
Irkeshtam,Osh,443,691,0.0634471,-0.395905,0.0885662
A Coruña,Bilbao,444,445,0.0837649,-0.482962,0.12422
A Coruña,Pontevedra,444,481,0.0353319,-0.476791,0.0521778
Clermont-Ferrand,Montluçon,446,504,0.75242,-0.503338,1.13114
Chambéry,Susa,447,448,0.815635,-0.504837,1.2274
Chambéry,Marseille,447,736,0.621072,-0.505859,0.935246
Susa,Turin,448,449,0.510715,-0.497264,0.764675
Tortona,Brescia,450,451,0.179313,-0.464044,0.262522
Trieste,Postojna,452,453,0.251698,-0.484095,0.373544
Trieste,Ljubljana,452,454,0.501531,-0.489267,0.746914
Postojna,Ljubljana,453,454,0.355312,-0.492738,0.530388
Ljubljana,Maribor,454,535,0.631341,-0.497037,0.945141
Ljubljana,Naklo,454,538,0.917284,-0.496922,1.3731
Vršac,Timişoara,456,457,0.595362,-0.470039,0.875206
Timişoara,Drobeta-Turnu Severin,457,458,0.665675,-0.469247,0.978042
Timişoara,Arad,457,684,1.10689,-0.475342,1.63303
Drobeta-Turnu Severin,Craiova,458,459,0.632203,-0.465613,0.926564
Craiova,Alexandria,459,460,0.265436,-0.46801,0.389662
Craiova,Târgu Jiu,459,574,0.371334,-0.466365,0.544511
Craiova,Piteşti,459,583,0.345407,-0.467343,0.506831
Razgrad,Shumen,461,462,0.0570216,-0.455343,0.082986
Shumen,Varna,462,463,0.0936642,-0.463121,0.137042
Varna,Burgas,463,590,0.0920965,-0.463216,0.134757
Lisbon,Valladolid,464,465,0.0592712,-0.465955,0.0868889
Lisbon,Porto,464,483,0.0521927,-0.457679,0.0760801
Lisbon,Albufeira,464,484,0.0507044,-0.455255,0.0737878
Toulouse,Nice,466,467,0.698672,-0.4903,1.04123
Nice,Cuneo,467,685,0.282267,-0.482826,0.418553
Sofia,Plovdiv,468,469,0.237808,-0.444183,0.343438
Sofia,Botevgrad,468,575,0.238742,-0.44417,0.344783
Sofia,Blagoevgrad,468,576,0.255576,-0.441674,0.368458
Sofia,Kyustendil,468,745,0.183012,-0.446831,0.264787
Plovdiv,Istanbul,469,470,0.0987065,-0.443119,0.142445
Istanbul,İzmit,470,471,0.0470824,-0.441761,0.0678815
İzmit,Gerede,471,472,0.0160237,-0.439725,0.0230697
İzmit,Bursa,471,479,0.0160199,-0.438579,0.0230459
Gerede,Kızılcahamam,472,599,0.00744032,-0.437819,0.0106978
Mazara del Vallo,Palermo,473,474,6.60032e-05,-0.481879,6.60032e-05
Metaponto,Taranto,475,476,0.00628538,-0.439662,0.00904882
Metaponto,Potenza,475,743,0.0033632,-0.437939,0.00483607
Ioannina,Trikala,477,687,0.0191531,-0.407857,0.0269649
Gelibolu,Keşan,478,596,0.0603159,-0.411194,0.0851175
Gelibolu,Ayvalık,478,597,0.0603221,-0.411198,0.0851264
Bursa,Ankara,479,480,0.00798098,-0.434956,0.0114524
Bursa,Balıkesir,479,746,0.00924313,-0.430063,0.0132183
Ankara,Kızılcahamam,480,599,0.00537198,-0.435347,0.00771065
Pontevedra,Valença,481,482,0.0205907,-0.464881,0.030163
Valença,Porto,482,483,0.0249941,-0.456012,0.0363917
Albufeira,Castro Marim,484,485,0.025753,-0.44889,0.0373132
Castro Marim,Huelva,485,486,0.023922,-0.447825,0.0346349
Cherbourg-Octeville,La Rochelle,487,488,0.172483,-0.512888,0.260948
Cherbourg-Octeville,Caen,487,661,0.382174,-0.516079,0.579406
La Rochelle,Saintes,488,730,0.139722,-0.504789,0.210252
Oslo,Hamar,489,490,0.0176457,-0.346024,0.0237516
Oslo,Askim,489,619,0.0183811,-0.345876,0.0247387
Hamar,Lillehammer,490,491,0.0111598,-0.346033,0.0150214
Lillehammer,Dombås,491,492,0.0123971,-0.345713,0.016683
Dombås,Trondheim,492,493,0.0222061,-0.345302,0.029874
Trondheim,Stjørdal,493,494,0.0217234,-0.345159,0.0292215
Stjørdal,Steinkjer,494,495,0.0109313,-0.344953,0.0147021
Steinkjer,Mosjøen,495,496,0.00768072,-0.343827,0.0103216
Mosjøen,Mo i Rana,496,497,0.00971181,-0.342452,0.0130376
Mo i Rana,Umeå,497,612,0.0183946,-0.341999,0.0246855
Setermoen,Alta,498,499,0.00187947,-0.468434,0.00275988
Alta,Olderfjord,499,500,0.00375718,-0.514061,0.0056886
Olderfjord,Lakselv,500,501,0.00949774,-0.525709,0.0144908
Lakselv,Karasjok,501,502,0.0252244,-0.528201,0.0385479
Vierzon,Montluçon,503,504,0.467001,-0.504208,0.702466
Antwerp,Zeebrugge,505,642,2.66567,-0.5184,4.04756
Martigny,Sion,506,678,0.613733,-0.509859,0.92665
Bremen,Groningen,507,624,2.2738,-0.52329,3.46365
Stuttgart,Schaffhausen,510,511,2.04636,-0.522436,3.11546
Stuttgart,Ulm,510,512,1.79787,-0.521046,2.73465
Ulm,Lindau,512,513,1.5397,-0.519021,2.33883
Lindau,Waldshut,513,666,2.10589,-0.518233,3.19724
Buchs,Chur,514,515,0.270509,-0.515434,0.409938
Chur,San Bernardino,515,516,0.139436,-0.515279,0.211285
Halle,Plauen,518,519,1.39748,-0.519654,2.12368
Plauen,Schönberg,519,520,1.14145,-0.519454,1.73438
Plauen,Hof,519,528,1.5174,-0.519646,2.30591
Schönberg,Vojtanov,520,521,0.689042,-0.519424,1.04695
Vojtanov,Cheb,521,522,0.952443,-0.519289,1.44704
Cheb,Karlovy Vary,522,523,1.57024,-0.5185,2.38441
Cheb,Marktredwitz,522,663,1.26108,-0.519674,1.91643
Karlovy Vary,Teplice,523,715,0.965789,-0.517658,1.46574
České Budějovice,Halámky,524,525,1.29711,-0.513203,1.96279
Hirschberg,Hof,527,528,1.17472,-0.519645,1.78516
Hof,Bayreuth,528,529,1.91705,-0.520031,2.91398
Bayreuth,Marktredwitz,529,663,1.73072,-0.520171,2.63099
Bayerisch Eisenstein,Deggendorf,530,531,1.43591,-0.517461,2.17894
Liezen,Sankt Michael,532,533,0.752871,-0.50796,1.1353
Sankt Michael,Graz,533,534,1.33384,-0.505412,2.00798
Graz,Maribor,534,535,1.11439,-0.502304,1.67415
Graz,Spielfeld,534,536,0.856825,-0.504596,1.28918
Graz,Klagenfurt,534,683,1.57038,-0.502707,2.35982
Maribor,Spielfeld,535,536,0.369096,-0.498233,0.552992
Karavanke Tunnel,Naklo,537,538,0.812067,-0.501446,1.21928
Naklo,Loiblpass,538,734,0.769624,-0.500782,1.15504
Kemijärvi,Posio,539,540,0.00306601,-0.3738,0.00421208
Posio,Kuusamo,540,541,0.00190131,-0.365013,0.00259532
Kuusamo,Kajaani,541,542,0.00212463,-0.368179,0.00290687
Kajaani,Iisalmi,542,543,0.00391243,-0.378363,0.00539275
Iisalmi,Kuopio,543,544,0.00866088,-0.388429,0.012025
Tampere,Turku,545,546,0.0138151,-0.428954,0.0197412
Tampere,Vaasa,545,616,0.0155986,-0.417663,0.0221135
Tampere,Hämeenlinna,545,618,0.0358752,-0.46476,0.0525485
Turku,Pori,546,617,0.00781614,-0.412235,0.0110382
Riga,Šiauliai,547,561,2.65542,-0.534927,4.07588
Riga,Rēzekne,547,627,2.79219,-0.533393,4.28153
Kłodzko,Kudowa-Zdrój,548,549,0.617072,-0.520876,0.938489
Kudowa-Zdrój,Náchod,549,550,0.515087,-0.518168,0.781989
Náchod,Hradec Králové,550,551,0.946906,-0.516292,1.43579
Hradec Králové,Olomouc,551,716,1.2981,-0.514894,1.96648
Miskolc,Debrecen,552,569,1.32808,-0.500481,1.99277
Szekszárd,Mohács,555,556,0.759326,-0.494937,1.13514
Mohács,Osijek,556,557,0.466887,-0.493903,0.697484
Osijek,Đakovo,557,558,0.274186,-0.492082,0.409107
Osijek,Sombor,557,735,0.445833,-0.490405,0.664472
Đakovo,Šamac,558,559,0.11834,-0.48836,0.176132
Šamac,Zenica,559,560,0.0780783,-0.474324,0.115113
Zenica,Sarajevo,560,737,0.111886,-0.460698,0.163431
Šiauliai,Tolpaki,561,562,2.06158,-0.535722,3.16601
Šiauliai,Palanga,561,704,1.58762,-0.535461,2.43772
Šiauliai,Panevėžys,561,705,1.64284,-0.535499,2.52258
Tolpaki,Kaliningrad,562,563,1.2892,-0.533831,1.97742
Tolpaki,Nesterov,562,640,1.21745,-0.535759,1.86971
Trstená,Ružomberok,566,567,0.866839,-0.513319,1.3118
Ružomberok,Zvolen,567,568,1.5398,-0.508406,2.32264
Debrecen,Berettyóújfalu,569,570,0.903173,-0.494919,1.35017
Beiuş,Deva,571,572,0.582803,-0.479817,0.862442
Deva,Petroşani,572,573,0.456722,-0.472458,0.672504
Deva,Sibiu,572,582,0.590985,-0.473048,0.870549
Deva,Arad,572,684,0.82512,-0.475687,1.21762
Petroşani,Târgu Jiu,573,574,0.281832,-0.46906,0.414028
Botevgrad,Jablanica,575,585,0.10121,-0.443223,0.146068
Blagoevgrad,Serres,576,577,0.145192,-0.432318,0.207961
Halmeu,Satu Mare,578,579,1.86798,-0.495192,2.79299
Satu Mare,Zalău,579,580,0.780342,-0.490725,1.16327
Sebeş,Sibiu,581,582,0.268763,-0.475045,0.396438
Sibiu,Piteşti,582,583,0.283521,-0.470709,0.416977
Pleven,Jablanica,584,585,0.0533953,-0.443302,0.0770655
Izmail,Reni,586,587,0.803978,-0.518287,1.22067
Reni,Galaţi,587,588,0.646894,-0.512147,0.978199
Galaţi,Tulcea,588,589,0.382679,-0.503707,0.575437
Galaţi,Giurgiuleşti,588,729,0.776002,-0.512887,1.174
Burgas,Malko Tarnovo,590,591,0.0450029,-0.454249,0.0654454
Malko Tarnovo,Dereköy,591,592,0.0186444,-0.448327,0.0270032
Dereköy,Kırklareli,592,593,0.00900348,-0.437522,0.0129427
Kırklareli,Babaeski,593,594,0.007241,-0.421257,0.0102913
Babaeski,Havsa,594,595,0.0115792,-0.412669,0.0163575
Havsa,Keşan,595,596,0.025474,-0.411145,0.0359475
Ayvalık,İzmir,597,598,0.0254938,-0.411142,0.0359754
İzmir,Manisa,598,747,0.0116287,-0.412392,0.0164243
Kherson,Dzhankoy,600,601,1.02121,-0.519355,1.55158
Kherson,Mykolaiv,600,673,1.1816,-0.521454,1.79775
Kherson,Melitopol,600,674,0.646432,-0.520778,0.98308
Sochi,Sukhumi,602,603,0.563615,-0.517618,0.855352
Sukhumi,Zugdidi,603,604,0.211801,-0.518356,0.32159
Jönköping,Linköping,605,606,0.0091073,-0.345385,0.0122528
Linköping,Norrköping,606,607,0.012189,-0.345324,0.0163981
Norrköping,Södertälje,607,608,0.0189428,-0.345265,0.0254831
Norrköping,Kalmar,607,626,0.0121436,-0.34532,0.016337
Uppsala,Sundsvall,609,610,0.0346632,-0.344307,0.046598
Sundsvall,Örnsköldsvik,610,611,0.0320847,-0.343606,0.0431093
Örnsköldsvik,Umeå,611,612,0.0257987,-0.34262,0.0346379
Haparanda,Tornio,613,614,0.0112588,-0.346969,0.0151652
Kokkola,Vaasa,615,616,0.0129273,-0.392299,0.0179987
Vaasa,Pori,616,617,0.00826133,-0.403371,0.0115937
Askim,Karlstad,619,620,0.0153641,-0.345823,0.0206774
Kotka,Vaalimaa,621,622,0.373982,-0.527258,0.571168
Vaalimaa,Vyborg,622,623,0.973867,-0.52821,1.48827
Groningen,Hoogeveen,624,698,0.825391,-0.522761,1.25687
Sassnitz,Stralsund,625,699,0.442334,-0.519789,0.672254
Rēzekne,Velikiye Luki,627,628,3.04568,-0.528489,4.65529
Rēzekne,Daugavpils,627,702,1.88309,-0.5329,2.88659
Vladimir,Nizhny Novgorod,629,630,1.74518,-0.513984,2.64217
Nizhny Novgorod,Kazan,630,631,0.739987,-0.510038,1.11741
Kazan,Yelabuga,631,632,0.48964,-0.494287,0.731663
Yelabuga,Perm,632,633,0.309791,-0.480524,0.458654
Perm,Yekaterinburg,633,634,0.134019,-0.476996,0.197945
Yekaterinburg,Tyumen,634,635,0.0860989,-0.46436,0.12608
Koszalin,Słupsk,637,638,0.259793,-0.523997,0.395924
Słupsk,Gdynia,638,639,0.432321,-0.526957,0.660135
Nesterov,Marijampolė,640,641,1.09974,-0.535849,1.68904
Aktobe,Karabutak,647,648,0.43357,-0.465809,0.63553
Karabutak,Aral,648,649,0.19197,-0.45915,0.280113
Aral,Novokazalinsk,649,650,0.126656,-0.440531,0.182452
Charleroi,Namur,651,652,1.24944,-0.520453,1.89971
St. Vith,Wittlich,653,654,1.23329,-0.523557,1.87899
Wittlich,Bingen,654,655,0.776974,-0.524958,1.18485
Bingen,Wiesbaden,655,656,1.13641,-0.525703,1.73382
Amiens,Charleville-Mézières,657,658,1.43525,-0.518258,2.17909
Trier,Koblenz,659,660,1.6707,-0.524231,2.54653
Caen,Rouen,661,662,0.986328,-0.516478,1.49574
Regensburg,Passau,667,668,1.22235,-0.519055,1.85682
Passau,Wels,668,669,1.21891,-0.516264,1.8482
Wels,Braunau am Inn,669,721,1.41165,-0.514673,2.1382
Iaşi,Sculeni,670,671,1.28089,-0.5122,1.93695
Iaşi,Bălţi,670,727,1.09123,-0.512043,1.64998
Sculeni,Chişinău,671,672,1.5028,-0.517103,2.27991
Chişinău,Giurgiuleşti,672,729,1.19559,-0.517804,1.81467
Melitopol,Taganrog,674,675,0.28214,-0.5201,0.428882
Poitiers,Mâcon,676,677,1.68882,-0.512377,2.55414
Sion,Simplon,678,679,0.264494,-0.504544,0.397942
Simplon,Gravellona Toce,679,680,0.182152,-0.488538,0.27114
Innichen,Spittal an der Drau,681,682,0.589939,-0.505417,0.888104
Klagenfurt,Loiblpass,683,734,0.900632,-0.502603,1.35329
Cuneo,Asti,685,686,0.163962,-0.478883,0.242481
Kokand,Andijan,689,690,0.0506052,-0.395621,0.0706257
Andijan,Osh,690,691,0.0664577,-0.395176,0.0927202
Kulob,Kalaikhumb,692,693,0.00995457,-0.387172,0.0138087
Kalaikhumb,Khorugh,693,694,0.00875985,-0.386815,0.0121483
Kokpek,Chundzha,695,696,0.0261251,-0.399736,0.0365682
Chundzha,Koktal,696,697,0.0198094,-0.399332,0.02772
Stralsund,Neubrandenburg,699,700,0.646494,-0.519839,0.982567
Ukmergė,Daugavpils,701,702,1.84246,-0.53495,2.82809
Ukmergė,Panevėžys,701,705,1.6901,-0.535702,2.59549
Breda,Gorinchem,706,707,0.811659,-0.521403,1.23486
Hasselt,Heerlen,708,709,1.19682,-0.524216,1.82421
Barwinek,Vyšný Komárnik,710,711,0.354459,-0.520101,0.538814
Vyšný Komárnik,Svidník,711,712,0.42303,-0.514912,0.640854
Lublin,Kovel,713,714,1.54146,-0.526079,2.35239
Olomouc,Český Těšín,716,717,0.82912,-0.516457,1.25732
Garmisch-Partenkirchen,Mittenwald,718,719,0.897652,-0.515346,1.36025
Mittenwald,Seefeld,719,720,0.571465,-0.513494,0.864908
Nyíregyháza,Chop,722,723,0.913154,-0.503824,1.37322
Dunajská Streda,Medveďov,724,725,0.607361,-0.508467,0.916184
Medveďov,Vámosszabadi,725,726,0.525155,-0.506356,0.791071
Bălţi,Mohyliv-Podilskyi,727,728,0.865638,-0.519749,1.31555
Saintes,Angoulême,730,731,0.248021,-0.500283,0.372101
St. Johann in Tirol,Lofer,732,733,0.901003,-0.512828,1.36306
Sarajevo,Užice,737,738,0.149987,-0.458685,0.218784
Užice,Čačak,738,739,0.225768,-0.461485,0.329957
Čačak,Nova Varoš,739,740,0.225512,-0.46142,0.329567
Avellino,Benevento,741,742,0.0297885,-0.443164,0.0429897
Balıkesir,Manisa,746,747,0.00735487,-0.418915,0.0104359
Warsaw,Brest-Litovsk,316,0,2.91755,-0.530449,4.46516
Brest-Litovsk,Minsk,0,318,2.89319,-0.532244,4.43308
Lyon,Mâcon,17,677,1.68133,-0.510573,2.53977
Beaune,Mâcon,395,677,2.97799,-0.513791,4.50805
