Glasgow,Preston,1,2,6.60232e-05,-0.486956,6.60232e-05
Glasgow,Edinburgh,1,13,6.60232e-05,-0.486956,6.60232e-05
Preston,Birmingham,2,3,6.60232e-05,-0.486956,6.60232e-05
Birmingham,Cambridge,3,636,6.60232e-05,-0.486956,6.60232e-05
Le Havre,Paris,4,5,2.0254,-0.514944,3.06836
Le Havre,Amiens,4,657,1.1498,-0.515581,1.74262
Paris,Orléans,5,6,2.03929,-0.513005,3.08546
Paris,Calais,5,16,1.75167,-0.514786,2.65341
Paris,Lyon,5,17,2.52947,-0.512358,3.82547
Paris,Brussels,5,326,3.13332,-0.515916,4.74985
Paris,Le Mans,5,366,1.65659,-0.513673,2.50754
Paris,Reims,5,367,1.95189,-0.515148,2.9574
Paris,Chaumont,5,665,2.84481,-0.515588,4.31156
Orléans,Bordeaux,6,7,0.932679,-0.509955,1.4083
Orléans,Tours,6,392,1.03238,-0.509953,1.55884
Orléans,Montargis,6,393,1.31527,-0.51127,1.98773
Orléans,Toulouse,6,466,1.04855,-0.50909,1.58236
Bordeaux,San Sebastián,7,8,0.488572,-0.505914,0.735747
Bordeaux,Clermont-Ferrand,7,446,0.961936,-0.507,1.44964
Bordeaux,Toulouse,7,466,0.403377,-0.504236,0.606775
Bordeaux,Angoulême,7,731,0.556508,-0.506754,0.83852
San Sebastián,Burgos,8,9,0.223439,-0.500663,0.335306
San Sebastián,Bilbao,8,445,0.183379,-0.501434,0.275332
San Sebastián,Toulouse,8,466,0.315715,-0.503853,0.474789
Burgos,Madrid,9,10,0.117895,-0.49551,0.176313
Burgos,Valladolid,9,465,0.0794662,-0.496608,0.11893
Madrid,Seville,10,11,0.0687356,-0.490772,0.102469
Madrid,Barcelona,10,21,0.184781,-0.49878,0.276946
Madrid,Valencia,10,24,0.0784404,-0.491849,0.117021
Madrid,Lisbon,10,464,0.0707952,-0.49146,0.105588
Seville,Algeciras,11,12,0.029948,-0.485959,0.0445015
Seville,Huelva,11,486,0.0312277,-0.485744,0.0463963
Algeciras,Málaga,12,28,0.0123781,-0.482604,0.0183518
Edinburgh,Newcastle,13,14,6.60232e-05,-0.486956,6.60232e-05
Newcastle,London,14,15,6.60232e-05,-0.486956,6.60232e-05
London,Colchester,15,305,6.60232e-05,-0.486956,6.60232e-05
Calais,Bruges,16,324,1.8106,-0.515827,2.74455
Calais,Rouen,16,662,1.17768,-0.515213,1.78443
Lyon,Orange,17,18,1.07756,-0.509105,1.62615
Lyon,Clermont-Ferrand,17,446,1.21039,-0.509571,1.82716
Lyon,Chambéry,17,447,1.11939,-0.509983,1.69026
Orange,Narbonne,18,19,0.476684,-0.508104,0.718888
Orange,Marseille,18,736,0.469181,-0.509658,0.708303
Narbonne,Girona,19,20,0.247723,-0.505257,0.372886
Girona,Barcelona,20,21,0.269089,-0.501743,0.404102
Barcelona,Tarragona,21,22,0.163783,-0.499443,0.245583
Barcelona,Toulouse,21,466,0.503311,-0.502739,0.756344
Tarragona,Castellón de la Plana,22,23,0.0739622,-0.496134,0.110657
Castellón de la Plana,Valencia,23,24,0.0575316,-0.491452,0.0858056
Valencia,Alicante,24,25,0.0392675,-0.487711,0.0584186
Alicante,Murcia,25,26,0.0157893,-0.48455,0.02344
Murcia,Almería,26,27,0.00761251,-0.48078,0.0112725
Almería,Málaga,27,28,0.00675562,-0.479553,0.0099953
Hook of Holland,Rotterdam,29,30,0.612673,-0.519924,0.931217
Hook of Holland,The Hague,29,307,0.331559,-0.520434,0.504114
Rotterdam,Eindhoven,30,31,1.53088,-0.519648,2.32639
Eindhoven,Maastricht,31,32,1.64677,-0.518939,2.50134
Eindhoven,Antwerp,31,505,2.70849,-0.517791,4.11093
Eindhoven,Venlo,31,643,2.1145,-0.520114,3.21428
Eindhoven,Breda,31,706,1.54744,-0.519664,2.35158
Maastricht,Liège,32,33,2.05393,-0.518819,3.11955
Liège,Bastogne,33,34,1.91833,-0.51869,2.91334
Liège,Leuven,33,327,3.12067,-0.518642,4.73918
Liège,Eupen,33,328,2.02186,-0.519594,3.07241
Liège,Antwerp,33,505,3.40961,-0.517129,5.17281
Liège,Namur,33,652,2.12284,-0.51813,3.22274
Liège,St. Vith,33,653,1.75417,-0.518755,2.66415
Liège,Charleville-Mézières,33,658,2.26187,-0.518066,3.43366
Bastogne,Arlon,34,35,1.16106,-0.518852,1.76348
Arlon,Luxembourg,35,36,1.60863,-0.518628,2.44291
Luxembourg,Metz,36,37,2.62126,-0.517546,3.97789
Luxembourg,St. Vith,36,653,1.96058,-0.519168,2.97845
Luxembourg,Charleville-Mézières,36,658,1.46527,-0.517016,2.22283
Luxembourg,Trier,36,659,1.93702,-0.519581,2.94346
Metz,Saint-Avold,37,38,3.11974,-0.51682,4.73208
Metz,Lausanne,37,44,2.55184,-0.516123,3.86891
Metz,Geneva,37,45,2.70918,-0.514728,4.10368
Metz,Brussels,37,326,3.57771,-0.517156,5.42794
Metz,Reims,37,367,2.48131,-0.512606,3.75324
Metz,Saarbrücken,37,368,3.02626,-0.51856,4.59556
Saint-Avold,Strasbourg,38,39,2.38791,-0.517523,3.6237
Strasbourg,Mulhouse,39,40,3.04035,-0.518677,4.61731
Strasbourg,Appenweier,39,664,2.30183,-0.519023,3.49653
Mulhouse,Basel,40,41,2.89075,-0.517699,4.38728
Mulhouse,Belfort,40,398,2.15343,-0.517164,3.2671
Mulhouse,Chaumont,40,665,2.7176,-0.517124,4.12293
Basel,Olten,41,42,1.71693,-0.517413,2.60529
Basel,Offenburg,41,61,2.49371,-0.518853,3.78758
Basel,Zürich,41,399,2.02278,-0.518027,3.07064
Basel,Waldshut,41,666,2.38111,-0.517906,3.6143
Olten,Bern,42,43,1.67412,-0.513882,2.53442
Olten,Lucerne,42,62,1.06695,-0.516381,1.6179
Bern,Lausanne,43,44,1.38552,-0.515059,2.09915
Bern,Belfort,43,398,1.76794,-0.516658,2.68135
Bern,Martigny,43,506,0.94129,-0.512571,1.42377
Lausanne,Geneva,44,45,1.01718,-0.510977,1.53694
Lausanne,Martigny,44,506,0.81138,-0.512567,1.22727
Geneva,Mont Blanc,45,46,1.1345,-0.511082,1.71432
Geneva,Chambéry,45,447,1.23753,-0.509746,1.86835
Geneva,Mâcon,45,677,2.03193,-0.512636,3.07356
Mont Blanc,Aosta,46,47,0.647993,-0.50866,0.977601
Aosta,Ivrea,47,48,0.515531,-0.500636,0.773625
Aosta,Martigny,47,506,0.736993,-0.50629,1.11012
Ivrea,Vercelli,48,49,0.195595,-0.498022,0.293006
Ivrea,Turin,48,449,0.287908,-0.498194,0.431342
Vercelli,Alessandria,49,50,0.148296,-0.493358,0.221459
Alessandria,Genoa,50,51,0.169044,-0.488181,0.251568
Alessandria,Turin,50,449,0.191542,-0.495293,0.286411
Alessandria,Tortona,50,450,0.121289,-0.488177,0.1805
Alessandria,Asti,50,686,0.161511,-0.490933,0.240802
Genoa,Rome,51,74,0.290137,-0.478032,0.428832
Genoa,Tortona,51,450,0.176398,-0.482747,0.261554
Genoa,Nice,51,467,0.293091,-0.492458,0.437426
Amsterdam,Utrecht,52,53,1.40619,-0.519916,2.13728
Amsterdam,Amersfoort,52,309,0.814631,-0.519109,1.23751
Amsterdam,Brussels,52,326,3.40438,-0.51793,5.16761
Amsterdam,Groningen,52,624,1.47421,-0.520276,2.2412
Utrecht,Arnhem,53,54,1.0811,-0.521296,1.64467
Utrecht,Gouda,53,308,0.871624,-0.520875,1.32563
Utrecht,Amersfoort,53,309,0.813574,-0.521089,1.23752
Utrecht,Gorinchem,53,707,1.03097,-0.520706,1.56781
Arnhem,Emmerich,54,55,0.99174,-0.522084,1.50951
Emmerich,Oberhausen,55,56,1.93792,-0.522293,2.95009
Oberhausen,Cologne,56,57,3.34513,-0.522384,5.09257
Oberhausen,Dortmund,56,508,2.34739,-0.522327,3.57349
Oberhausen,Venlo,56,643,2.18643,-0.521466,3.32658
Cologne,Frankfurt am Main,57,58,3.91445,-0.522488,5.9597
Cologne,Aachen,57,329,3.42737,-0.522385,5.21778
Cologne,Olpe,57,330,2.42171,-0.522757,3.68768
Cologne,Bremen,57,507,3.5355,-0.522335,5.38221
Frankfurt am Main,Heidelberg,58,59,3.51334,-0.522435,5.34883
Frankfurt am Main,Gießen,58,332,2.50523,-0.522841,3.81507
Frankfurt am Main,Mannheim,58,369,4.03779,-0.522279,6.14664
Frankfurt am Main,Aschaffenburg,58,509,2.91401,-0.52215,4.43555
Frankfurt am Main,Wiesbaden,58,656,2.87717,-0.522736,4.38117
Heidelberg,Karlsruhe,59,60,2.93922,-0.521637,4.47243
Karlsruhe,Offenburg,60,61,2.4743,-0.519872,3.76062
Karlsruhe,Stuttgart,60,510,3.45826,-0.520046,5.25672
Karlsruhe,Appenweier,60,664,2.65214,-0.520244,4.0319
Lucerne,Altdorf,62,63,0.788908,-0.517061,1.19682
Altdorf,Gotthard Pass,63,64,0.553931,-0.517374,0.84052
Altdorf,Zürich,63,399,1.04165,-0.517451,1.58066
Gotthard Pass,Bellinzona,64,65,0.276021,-0.516886,0.418693
Bellinzona,Lugano,65,66,0.133856,-0.513849,0.202637
Bellinzona,San Bernardino,65,516,0.153317,-0.516057,0.232437
Lugano,Chiasso,66,67,0.0744307,-0.503665,0.111919
Chiasso,Como,67,68,0.0899818,-0.48976,0.134051
Como,Milan,68,69,0.193672,-0.485535,0.287707
Milan,Piacenza,69,70,0.216791,-0.482084,0.321303
Milan,Turin,69,449,0.2883,-0.492643,0.430329
Milan,Tortona,69,450,0.156749,-0.484731,0.23273
Milan,Brescia,69,451,0.189447,-0.479151,0.280221
Milan,Gravellona Toce,69,680,0.217662,-0.487214,0.32371
Piacenza,Parma,70,71,0.149467,-0.475227,0.220498
Parma,Modena,71,72,0.224206,-0.470433,0.329679
Modena,Florence,72,73,0.250443,-0.469357,0.36799
Modena,Verona,72,94,0.302414,-0.472831,0.445405
Modena,Bologna,72,95,0.24272,-0.467929,0.356295
Florence,Rome,73,74,0.226089,-0.470927,0.33256
Rome,Pescara,74,125,0.218835,-0.470146,0.32172
Östersund,Mora,75,76,0.0086279,-0.344454,0.0115998
Östersund,Trondheim,75,493,0.0102766,-0.344346,0.0138154
Östersund,Sundsvall,75,610,0.0107003,-0.34444,0.0143859
Mora,Säffle,76,77,0.00633907,-0.3448,0.00852477
Säffle,Gothenburg,77,78,0.00842164,-0.345173,0.0113286
Gothenburg,Halmstad,78,300,0.00808238,-0.345351,0.0108736
Gothenburg,Örebro,78,301,0.00871543,-0.345307,0.0117249
Gothenburg,Oslo,78,489,0.00741668,-0.345338,0.00997794
Hamburg,Hanover,79,80,2.14223,-0.521603,3.25962
Hamburg,Berlin,79,108,2.30877,-0.521176,3.51205
Hamburg,Bremen,79,507,2.70263,-0.522032,4.11349
Hamburg,Lübeck,79,517,1.22117,-0.521561,1.85809
Hanover,Göttingen,80,81,1.50477,-0.522305,2.29072
Hanover,Bad Oeynhausen,80,312,1.72713,-0.522306,2.62922
Hanover,Braunschweig,80,313,1.57214,-0.521419,2.39189
Göttingen,Kassel,81,82,1.37083,-0.522592,2.08722
Kassel,Fulda,82,83,1.85449,-0.522423,2.82333
Kassel,Dortmund,82,508,2.15167,-0.522654,3.27624
Fulda,Würzburg,83,84,2.68015,-0.521921,4.07898
Würzburg,Nuremberg,84,85,3.93953,-0.520439,5.98982
Würzburg,Aschaffenburg,84,509,3.53268,-0.521981,5.37668
Würzburg,Stuttgart,84,510,2.80325,-0.521334,4.26468
Würzburg,Ulm,84,512,1.78363,-0.519984,2.71109
Nuremberg,Munich,85,86,3.19825,-0.516993,4.85173
Nuremberg,Heilbronn,85,370,3.54057,-0.520438,5.38321
Nuremberg,Rozvadov,85,371,2.7034,-0.518041,4.10388
Nuremberg,Bayreuth,85,529,3.64475,-0.518588,5.53488
Nuremberg,Regensburg,85,667,2.57352,-0.518182,3.90707
Munich,Rosenheim,86,87,2.21478,-0.514597,3.3545
Munich,Salzburg,86,115,2.60973,-0.513634,3.95017
Munich,Ulm,86,512,2.29897,-0.517081,3.48773
Munich,Lindau,86,513,2.46911,-0.515612,3.74221
Munich,Deggendorf,86,531,2.4735,-0.51586,3.74949
Munich,Garmisch-Partenkirchen,86,718,2.16175,-0.515436,3.27599
Munich,Braunau am Inn,86,721,1.91567,-0.514646,2.90156
Rosenheim,Wörgl,87,88,1.46097,-0.5146,2.21278
Rosenheim,Bad Reichenhall,87,407,1.15784,-0.513789,1.75273
Wörgl,Innsbruck,88,89,1.36756,-0.513888,2.07033
Wörgl,St. Johann in Tirol,88,732,1.02964,-0.51384,1.55871
Innsbruck,Brenner,89,90,0.781547,-0.512677,1.18223
Innsbruck,Telfs,89,405,0.696167,-0.513871,1.05391
Innsbruck,Imst,89,406,0.711803,-0.513914,1.07761
Innsbruck,Seefeld,89,720,0.820161,-0.513774,1.24154
Brenner,Fortezza,90,91,0.457252,-0.509613,0.690274
Fortezza,Bolzano,91,92,0.280396,-0.502983,0.42143
Fortezza,Innichen,91,681,0.389479,-0.506162,0.586618
Bolzano,Trento,92,93,0.184907,-0.48938,0.275397
Trento,Verona,93,94,0.270399,-0.477057,0.399395
Verona,Mestre,94,120,0.373879,-0.474145,0.551152
Verona,Brescia,94,451,0.281074,-0.475052,0.414598
Bologna,Cesena,95,96,0.202699,-0.46572,0.297101
Cesena,Perugia,96,97,0.139339,-0.464417,0.204051
Cesena,Ravenna,96,121,0.216873,-0.468558,0.31849
Cesena,Rimini,96,122,0.144051,-0.464312,0.210936
Perugia,Fiano Romano,97,98,0.0566204,-0.462635,0.0828149
Fiano Romano,Naples,98,99,0.0262906,-0.460622,0.0384005
Naples,Salerno,99,100,0.00689702,-0.458783,0.0100612
Naples,Avellino,99,741,0.0102288,-0.458806,0.0149218
Salerno,Sicignano degli Alburni,100,101,0.00389319,-0.455809,0.00566775
Salerno,Avellino,100,741,0.00511621,-0.457336,0.00745604
Sicignano degli Alburni,Potenza,101,743,0.00202894,-0.453881,0.00294984
Messina,Catania,102,103,6.60232e-05,-0.486956,6.60232e-05
Messina,Palermo,102,474,6.60232e-05,-0.486956,6.60232e-05
Catania,Siracusa,103,104,6.60232e-05,-0.486956,6.60232e-05
Siracusa,Gela,104,105,6.60232e-05,-0.486956,6.60232e-05
Gela,Mazara del Vallo,105,473,6.60232e-05,-0.486956,6.60232e-05
Helsingborg,Copenhagen,299,106,0.00180129,-0.345467,0.00242358
Copenhagen,Malmö,106,135,0.000921523,-0.345454,0.00123987
Rostock,Berlin,107,108,1.71924,-0.520707,2.61446
Rostock,Lübeck,107,517,0.868244,-0.521147,1.32073
Rostock,Sassnitz,107,625,0.727005,-0.520813,1.10564
Berlin,Lübbenau,108,109,2.56325,-0.520196,3.89664
Berlin,Szczecin,108,137,2.03797,-0.520733,3.09921
Berlin,Świebodzin,108,139,2.44973,-0.521133,3.72637
Berlin,Magdeburg,108,314,2.5777,-0.520571,3.91957
Berlin,Leipzig,108,526,2.2629,-0.520158,3.43997
Berlin,Neubrandenburg,108,700,1.58526,-0.520693,2.4107
Lübbenau,Dresden,109,110,1.87507,-0.519561,2.84928
Lübbenau,Cottbus,109,644,1.39796,-0.519991,2.12488
Dresden,Ústí nad Labem,110,111,1.87763,-0.517473,2.84926
Dresden,Chemnitz,110,337,2.12937,-0.519056,3.23463
Dresden,Görlitz,110,338,1.3696,-0.519251,2.08077
Ústí nad Labem,Prague,111,112,2.07268,-0.515001,3.14011
Prague,Tábor,112,113,1.95883,-0.512322,2.96238
Prague,Mladá Boleslav,112,146,1.16311,-0.514191,1.76117
Prague,Jihlava,112,147,1.96986,-0.511716,2.97786
Prague,Plzeň,112,372,2.2417,-0.513658,3.39317
Prague,Karlovy Vary,112,523,1.3928,-0.514496,2.10939
Prague,Hradec Králové,112,551,1.50108,-0.513649,2.2721
Tábor,Linz,113,114,1.71794,-0.511824,2.59723
Linz,Salzburg,114,115,1.7993,-0.511622,2.71986
Linz,Sattledt,114,408,0.7271,-0.510856,1.09854
Linz,Sankt Pölten,114,409,1.68659,-0.510041,2.54681
Linz,Wels,114,669,1.29917,-0.511947,1.96427
Salzburg,Villach,115,116,2.58738,-0.508716,3.90362
Salzburg,Bad Reichenhall,115,407,1.38498,-0.512184,2.09434
Salzburg,Sattledt,115,408,1.42761,-0.509646,2.15519
Salzburg,Lofer,115,733,1.6591,-0.512529,2.50944
Villach,Tarvisio,116,117,1.27113,-0.500339,1.90712
Villach,Karavanke Tunnel,116,537,1.08621,-0.502587,1.63213
Villach,Spittal an der Drau,116,682,1.26853,-0.50068,1.90366
Villach,Klagenfurt,116,683,1.33823,-0.503569,2.01212
Tarvisio,Udine,117,118,0.583715,-0.497537,0.874135
Udine,Palmanova,118,119,0.477142,-0.490788,0.711317
Palmanova,Mestre,119,120,0.484817,-0.482571,0.718776
Palmanova,Trieste,119,452,0.53499,-0.488166,0.796154
Mestre,Ravenna,120,121,0.285499,-0.474079,0.420849
Rimini,Fano,122,123,0.0703901,-0.462668,0.102957
Fano,Ancona,123,124,0.0618635,-0.463043,0.090509
Ancona,Pescara,124,125,0.110628,-0.465622,0.162139
Pescara,Canosa di Puglia,125,126,0.119471,-0.465431,0.175077
Canosa di Puglia,Bari,126,127,0.0375696,-0.461934,0.0549242
Canosa di Puglia,Benevento,126,742,0.0387262,-0.462233,0.0566267
Bari,Brindisi,127,128,0.00997537,-0.460042,0.0145645
Bari,Taranto,127,476,0.00944727,-0.459894,0.013792
Brindisi,Taranto,128,476,0.00227219,-0.456777,0.00331008
Igoumenitsa,Preveza,129,130,0.00422773,-0.417587,0.00599317
Igoumenitsa,Ioannina,129,477,0.00989916,-0.419313,0.01405
Preveza,Rhion,130,131,0.00208718,-0.415444,0.00295428
Rhion,Patras,131,132,0.000738835,-0.412776,0.00104381
Rhion,Aigio,131,175,0.000738835,-0.412776,0.00104381
Patras,Pyrgos,132,133,0.000314825,-0.410796,0.000444154
Pyrgos,Kalamata,133,134,0.000149474,-0.40847,0.00021053
Kalamata,Tripoli,134,177,0.000106235,-0.407019,0.000149474
Malmö,Helsingborg,135,299,0.00247944,-0.345462,0.00333599
Malmö,Kalmar,135,626,0.00235819,-0.34542,0.00317276
Goleniów,Szczecin,136,137,0.869064,-0.521003,1.32185
Goleniów,Koszalin,136,637,0.376997,-0.521844,0.573731
Szczecin,Gorzów Wielkopolski,137,138,0.927547,-0.521145,1.41093
Gorzów Wielkopolski,Świebodzin,138,139,1.11989,-0.52164,1.70407
Świebodzin,Zielona Góra,139,140,1.4806,-0.521497,2.25273
Świebodzin,Poznań,139,315,2.37014,-0.522604,3.60879
Zielona Góra,Legnica,140,141,1.48564,-0.521588,2.26054
Legnica,Jelenia Góra,141,142,1.31755,-0.520391,2.0032
Legnica,Görlitz,141,338,1.45808,-0.520107,2.21644
Legnica,Wrocław,141,339,2.22252,-0.52013,3.37853
Legnica,Cottbus,141,644,1.46003,-0.520155,2.21947
Jelenia Góra,Harrachov,142,143,0.565351,-0.519805,0.859224
Harrachov,Železný Brod,143,144,0.400894,-0.517701,0.608437
Železný Brod,Turnov,144,145,0.651522,-0.515715,0.987522
Turnov,Mladá Boleslav,145,146,0.686303,-0.514631,1.0395
Turnov,Hradec Králové,145,551,0.968205,-0.514535,1.46638
Turnov,Teplice,145,715,0.842272,-0.515443,1.27641
Jihlava,Brno,147,148,0.983361,-0.509892,1.48477
Jihlava,Vienna,147,410,1.58133,-0.509832,2.38755
Brno,Bratislava,148,149,1.35633,-0.506721,2.04362
Brno,Trenčín,148,373,1.36141,-0.508696,2.05396
Brno,Vienna,148,410,1.5496,-0.50759,2.33616
Brno,Olomouc,148,716,1.3912,-0.510746,2.10175
Bratislava,Rajka,149,150,1.43897,-0.505438,2.16628
Bratislava,Žilina,149,195,1.56802,-0.509284,2.36659
Bratislava,Győr,149,196,1.41602,-0.50169,2.12643
Bratislava,Vienna,149,410,1.97459,-0.503388,2.96857
Bratislava,Zvolen,149,568,2.02303,-0.504739,3.04413
Bratislava,Dunajská Streda,149,724,1.23646,-0.505456,1.86144
Rajka,Csorna,150,151,0.56916,-0.505248,0.856727
Csorna,Szombathely,151,152,0.274486,-0.502821,0.412504
Szombathely,Zalaegerszeg,152,153,0.255847,-0.496894,0.382976
Zalaegerszeg,Nagykanizsa,153,154,0.491466,-0.493577,0.734042
Nagykanizsa,Letenye,154,155,0.304139,-0.492901,0.454049
Nagykanizsa,Zagreb,154,156,0.653979,-0.49198,0.975724
Nagykanizsa,Balatonvilágos,154,553,0.974891,-0.493369,1.45587
Letenye,Zagreb,155,156,0.34984,-0.49118,0.521675
Zagreb,Karlovac,156,157,0.511259,-0.4906,0.762083
Zagreb,Ljubljana,156,454,0.50232,-0.492535,0.749731
Zagreb,Slavonski Brod,156,455,0.53824,-0.485431,0.799519
Zagreb,Maribor,156,535,0.62011,-0.495297,0.927248
Karlovac,Rijeka,157,158,0.223583,-0.489591,0.333047
Karlovac,Knin,157,554,0.179567,-0.489498,0.267465
Rijeka,Split,158,159,0.148906,-0.488285,0.221615
Rijeka,Trieste,158,452,0.382993,-0.489733,0.570557
Split,Dubrovnik,159,160,0.102285,-0.483397,0.15173
Split,Knin,159,554,0.10489,-0.487577,0.156032
Dubrovnik,Petrovac,160,161,0.0318666,-0.478262,0.0471072
Dubrovnik,Podgorica,160,162,0.0672403,-0.472446,0.0990078
Petrovac,Podgorica,161,162,0.0424721,-0.467087,0.0623103
Petrovac,Prizren,161,744,0.0390365,-0.467479,0.0572853
Podgorica,Bijelo Polje,162,163,0.0655064,-0.467608,0.0961377
Podgorica,Pristina,162,164,0.0897206,-0.46647,0.131573
Podgorica,Sarajevo,162,737,0.113092,-0.468036,0.166023
Bijelo Polje,Pristina,163,164,0.0902432,-0.466271,0.132321
Bijelo Polje,Nova Varoš,163,740,0.100345,-0.468606,0.147367
Pristina,Skopje,164,165,0.118161,-0.463426,0.172921
Pristina,Niš,164,202,0.242777,-0.468157,0.356435
Pristina,Prizren,164,744,0.0738928,-0.465792,0.108312
Skopje,Kičevo,165,166,0.0782416,-0.460007,0.114233
Skopje,Kumanovo,165,203,0.115691,-0.463166,0.169275
Skopje,Veles,165,204,0.0814811,-0.458459,0.118837
Kičevo,Ohrid,166,167,0.031679,-0.457658,0.0461772
Ohrid,Bitola,167,168,0.0141128,-0.451982,0.0204915
Bitola,Niki,168,169,0.00930402,-0.438037,0.0133795
Niki,Vevi,169,170,0.0126463,-0.425257,0.0180242
Vevi,Kozani,170,171,0.0267444,-0.422375,0.0380405
Kozani,Larissa,171,172,0.0180539,-0.421979,0.0256722
Kozani,Thessaloniki,171,207,0.0601463,-0.424278,0.0856651
Kozani,Ioannina,171,477,0.0219249,-0.421649,0.0311695
Larissa,Domokos,172,173,0.00795131,-0.420985,0.0112987
Larissa,Lamia,172,174,0.00795131,-0.420985,0.0112987
Larissa,Katerini,172,208,0.0231342,-0.422798,0.0329154
Larissa,Trikala,172,687,0.0112637,-0.420398,0.0159989
Domokos,Lamia,173,174,6.60232e-05,-0.486956,3.30116e-05
Aigio,Corinth,175,176,0.000314825,-0.410796,0.000444154
Corinth,Tripoli,176,177,0.000149474,-0.40847,0.00021053
Varangerbotn,Utsjoki,178,179,0.0606316,-0.506242,0.0913258
Varangerbotn,Kirkenes,178,243,0.179118,-0.519211,0.272117
Varangerbotn,Karasjok,178,502,0.060597,-0.506292,0.0912768
Utsjoki,Inari,179,180,0.0234019,-0.503139,0.0351763
Inari,Ivalo,180,181,0.00972105,-0.495033,0.0145333
Ivalo,Sodankylä,181,182,0.00566468,-0.472922,0.00834363
Sodankylä,Rovaniemi,182,183,0.00445352,-0.438559,0.00640665
Sodankylä,Kemijärvi,182,539,0.00316344,-0.449569,0.00458563
Rovaniemi,Kemi,183,184,0.00544339,-0.422911,0.00774546
Kemi,Oulu,184,185,0.00866741,-0.433489,0.0124246
Kemi,Tornio,184,614,0.00516699,-0.410266,0.00728683
Oulu,Jyväskylä,185,186,0.0104323,-0.460867,0.0152401
Oulu,Kokkola,185,615,0.00756385,-0.446634,0.0109421
Jyväskylä,Heinola,186,187,0.0177912,-0.48931,0.0264966
Jyväskylä,Kuopio,186,544,0.0109497,-0.47199,0.0161179
Jyväskylä,Tampere,186,545,0.0165845,-0.483114,0.0245967
Heinola,Lahti,187,188,0.0251144,-0.508266,0.0378792
Lahti,Helsinki,188,189,0.0579672,-0.516026,0.0878798
Helsinki,Hämeenlinna,189,618,0.0584117,-0.515925,0.0885478
Helsinki,Kotka,189,621,0.177347,-0.521386,0.269814
Gdańsk,Świecie,190,191,1.88639,-0.526034,2.8787
Gdańsk,Kaliningrad,190,563,1.48488,-0.52799,2.26888
Gdańsk,Elbląg,190,564,1.62044,-0.525981,2.47275
Gdańsk,Gdynia,190,639,1.16215,-0.526812,1.77438
Świecie,Łódź,191,192,1.31868,-0.52466,2.01054
Świecie,Poznań,191,315,1.75883,-0.524615,2.68154
Łódź,Piotrków Trybunalski,192,193,1.50871,-0.524258,2.29966
Piotrków Trybunalski,Katowice,193,194,1.76044,-0.522339,2.67998
Piotrków Trybunalski,Warsaw,193,316,2.62753,-0.525121,4.0073
Piotrków Trybunalski,Wrocław,193,339,1.78106,-0.522764,2.71214
Katowice,Žilina,194,195,1.38732,-0.516985,2.10454
Katowice,Zabrze,194,342,1.25208,-0.520338,1.90359
Katowice,Kraków,194,343,1.92456,-0.520395,2.92609
Katowice,Český Těšín,194,717,0.98591,-0.51914,1.49773
Žilina,Olomouc,195,716,0.80753,-0.512625,1.22149
Győr,Budapest,196,197,1.9276,-0.498991,2.88945
Győr,Vámosszabadi,196,726,0.894222,-0.501596,1.34276
Budapest,Szeged,197,198,1.86281,-0.490769,2.77702
Budapest,Mosonmagyaróvár,197,412,2.0236,-0.496904,3.02913
Budapest,Szolnok,197,413,1.88211,-0.492609,2.80925
Budapest,Miskolc,197,552,1.99029,-0.495496,2.97647
Budapest,Balatonvilágos,197,553,1.69951,-0.493734,2.53861
Budapest,Szekszárd,197,555,1.54849,-0.49321,2.31223
Budapest,Zvolen,197,568,1.88956,-0.498583,2.83167
Szeged,Subotica,198,199,1.04924,-0.483661,1.55671
Szeged,Arad,198,684,1.26288,-0.484312,1.8745
Subotica,Novi Sad,199,200,0.58549,-0.481086,0.867161
Subotica,Sombor,199,735,0.553457,-0.483433,0.821017
Novi Sad,Belgrade,200,201,0.542178,-0.478111,0.801399
Belgrade,Niš,201,202,0.433285,-0.473971,0.638649
Belgrade,Slavonski Brod,201,455,0.490147,-0.480911,0.725863
Belgrade,Vršac,201,456,0.431529,-0.476441,0.637127
Belgrade,Čačak,201,739,0.375044,-0.474545,0.553019
Niš,Kumanovo,202,203,0.175387,-0.469271,0.257691
Niš,Drobeta-Turnu Severin,202,458,0.417296,-0.474266,0.615205
Niš,Sofia,202,468,0.278179,-0.461056,0.406435
Kumanovo,Kyustendil,203,745,0.104258,-0.461418,0.152365
Veles,Gevgelija,204,205,0.0408862,-0.449647,0.0592705
Gevgelija,Evzoni,205,206,0.03706,-0.434289,0.0531547
Evzoni,Thessaloniki,206,207,0.0654232,-0.426735,0.0933416
Thessaloniki,Katerini,207,208,0.043798,-0.424978,0.0624112
Thessaloniki,Alexandroupoli,207,233,0.0900485,-0.422653,0.128108
Thessaloniki,Serres,207,577,0.0819303,-0.431927,0.117318
Klaipėda,Kaunas,209,210,2.24817,-0.529426,3.43841
Klaipėda,Palanga,209,704,1.32554,-0.53013,2.02825
Kaunas,Vilnius,210,211,2.48969,-0.529125,3.80705
Kaunas,Warsaw,210,316,4.71198,-0.527671,7.19835
Kaunas,Riga,210,547,3.26689,-0.528252,4.99263
Kaunas,Ukmergė,210,701,2.09396,-0.529092,3.20186
Vilnius,Lida,211,212,2.33319,-0.529277,3.56809
Vilnius,Minsk,211,318,4.66406,-0.52738,7.12379
Vilnius,Marijampolė,211,641,2.45352,-0.529519,3.75271
Vilnius,Ukmergė,211,701,2.45481,-0.52937,3.75431
Lida,Slonim,212,213,0.911429,-0.529243,1.3938
Slonim,Kobryn,213,214,0.45441,-0.526202,0.693521
Kobryn,Dubno,214,215,0.475613,-0.519172,0.722538
Dubno,Ternopil,215,216,0.990666,-0.515487,1.50134
Ternopil,Chernivtsi,216,217,1.09462,-0.513512,1.65672
Ternopil,Stryj,216,379,1.54082,-0.512106,2.32988
Ternopil,Khmelnytskyi,216,380,1.42804,-0.517016,2.16636
Chernivtsi,Siret,217,218,0.786366,-0.509535,1.18705
Siret,Suceava,218,219,1.27948,-0.506026,1.92693
Suceava,Roman,219,220,1.23937,-0.504557,1.86471
Suceava,Halmeu,219,578,1.89384,-0.503042,2.84652
Suceava,Iaşi,219,670,1.72228,-0.507482,2.59631
Roman,Urziceni,220,221,0.661934,-0.502311,0.99443
Urziceni,Bucharest,221,222,0.425275,-0.495797,0.636125
Urziceni,Slobozia,221,421,0.367988,-0.501005,0.552352
Bucharest,Giurgiu,222,223,0.199288,-0.487465,0.296434
Bucharest,Ploieşti,222,420,0.18229,-0.488422,0.271324
Bucharest,Constanţa,222,423,0.280293,-0.492271,0.418273
Bucharest,Alexandria,222,460,0.204129,-0.48468,0.303067
Bucharest,Piteşti,222,583,0.223997,-0.48571,0.332795
Giurgiu,Ruse,223,224,0.0994501,-0.483981,0.147582
Ruse,Byala,224,225,0.0484755,-0.477724,0.0716334
Ruse,Razgrad,224,461,0.0456132,-0.479167,0.0674696
Byala,Veliko Tarnovo,225,226,0.0363347,-0.473378,0.0535348
Byala,Pleven,225,584,0.0343954,-0.467529,0.0504762
Veliko Tarnovo,Stara Zagora,226,227,0.0405437,-0.473312,0.0597335
Veliko Tarnovo,Shumen,226,462,0.0410025,-0.477972,0.0606006
Stara Zagora,Haskovo,227,228,0.023958,-0.471271,0.0352487
Stara Zagora,Burgas,227,590,0.0373615,-0.478158,0.0552262
Haskovo,Svilengrad,228,229,0.0105746,-0.46265,0.0154669
Svilengrad,Ormenio,229,230,0.00697579,-0.442409,0.0100619
Ormenio,Kastanies,230,231,0.00954933,-0.424185,0.0136
Kastanies,Didymoteicho,231,232,0.0202242,-0.419633,0.028711
Didymoteicho,Alexandroupoli,232,233,0.0478727,-0.419915,0.0679751
Alexandroupoli,Gelibolu,233,478,0.0596042,-0.419231,0.0845921
Saint Petersburg,Pskov,234,235,4.45376,-0.52338,6.78477
Saint Petersburg,Moscow,234,239,8.00335,-0.517474,12.1449
Saint Petersburg,Petrozavodsk,234,245,2.78931,-0.520706,4.24172
Saint Petersburg,Narva,234,304,3.3469,-0.522359,5.09517
Saint Petersburg,Vyborg,234,623,2.78929,-0.520707,4.24169
Pskov,Gomel,235,236,5.99011,-0.525961,9.14067
Pskov,Riga,235,547,4.33991,-0.526354,6.62424
Gomel,Kiev,236,237,8.10234,-0.522785,12.3381
Gomel,Babruysk,236,703,5.00745,-0.525924,7.64098
Kiev,Odessa,237,238,5.62918,-0.517882,8.54444
Kiev,Hlukhiv,237,242,6.88636,-0.517186,10.4479
Kiev,Kharkiv,237,247,6.61708,-0.515849,10.0305
Kiev,Rivne,237,348,5.04695,-0.519309,7.66788
Kiev,Zhytomyr,237,349,4.01932,-0.519462,6.10721
Odessa,Izmail,238,586,1.85464,-0.517655,2.81471
Odessa,Chişinău,238,672,2.1912,-0.51733,3.32478
Odessa,Mykolaiv,238,673,2.17157,-0.517984,3.29641
Moscow,Kaluga,239,240,5.55698,-0.515,8.41881
Moscow,Orel,239,246,5.77645,-0.510543,8.72557
Moscow,Voronezh,239,248,5.8873,-0.509735,8.88826
Moscow,Tambov,239,256,5.05896,-0.507801,7.62791
Moscow,Smolensk,239,319,6.26226,-0.519796,9.51735
Moscow,Ryazan,239,320,4.36683,-0.508291,6.58645
Moscow,Velikiye Luki,239,628,5.39222,-0.516559,8.17762
Moscow,Vladimir,239,629,4.41354,-0.507228,6.65221
Kaluga,Bryansk,240,241,3.10227,-0.516474,4.70451
Bryansk,Hlukhiv,241,242,3.85204,-0.517339,5.84485
Hlukhiv,Kursk,242,645,4.06876,-0.5164,6.16987
Kirkenes,Murmansk,243,244,0.40371,-0.521544,0.614262
Murmansk,Petrozavodsk,244,245,1.04941,-0.521345,1.59651
Orel,Kharkiv,246,247,4.40278,-0.512679,6.65998
Kharkiv,Luhansk,247,350,3.57819,-0.514365,5.41869
Voronezh,Novorossiysk,248,249,3.62648,-0.50482,5.4572
Voronezh,Kursk,248,645,3.82456,-0.513332,5.78782
Voronezh,Saratov,248,646,2.94477,-0.504987,4.43184
Novorossiysk,Dzhankoy,249,601,1.49255,-0.507249,2.24964
Novorossiysk,Sochi,249,602,1.44577,-0.506939,2.17869
Mineralnye Vody,Nalchik,250,251,0.179609,-0.502764,0.26991
Mineralnye Vody,Makhachkala,250,260,0.400428,-0.501688,0.601318
Mineralnye Vody,Armavir,250,387,0.216607,-0.505189,0.326034
Nalchik,Vladikavkaz,251,252,0.068593,-0.502616,0.103069
Vladikavkaz,Stepantsminda,252,253,0.026529,-0.502435,0.0398581
Stepantsminda,Mtskheta,253,254,0.0111232,-0.50219,0.0167091
Mtskheta,Tbilisi,254,255,0.00688931,-0.501945,0.0103474
Tbilisi,Gori,255,428,0.00448091,-0.503043,0.00673501
Tbilisi,Rustavi,255,429,0.00643173,-0.501333,0.00965616
Tambov,Povorino,256,257,2.31346,-0.509242,3.49156
Povorino,Volgograd,257,258,1.92416,-0.509482,2.90449
Volgograd,Astrakhan,258,259,1.98313,-0.505925,2.98644
Volgograd,Luhansk,258,350,2.29808,-0.511932,3.47454
Astrakhan,Makhachkala,259,260,1.22809,-0.501284,1.84371
Astrakhan,Atyrau,259,265,1.52586,-0.495624,2.28212
Makhachkala,Kuba,260,261,0.393627,-0.501307,0.590956
Kuba,Baku,261,262,0.150259,-0.501158,0.225562
Baku,Yevlakh,262,431,0.0574973,-0.501009,0.0863039
Samara,Oral,263,264,1.11273,-0.480627,1.64754
Samara,Penza,263,321,1.16535,-0.494879,1.74206
Samara,Ufa,263,322,0.777153,-0.475969,1.14705
Oral,Atyrau,264,265,1.14811,-0.477432,1.69625
Oral,Saratov,264,646,1.79565,-0.495663,2.68569
Oral,Aktobe,264,647,0.79673,-0.480385,1.17947
Atyrau,Beineu,265,266,0.577815,-0.485627,0.858418
Atyrau,Beyneu,265,351,0.577815,-0.485627,0.858418
Beineu,Shetpe,266,267,0.223914,-0.484378,0.332373
Shetpe,Zhetybai,267,268,0.0869307,-0.483071,0.128924
Zhetybai,Fetisovo,268,269,0.0339346,-0.481564,0.0502763
Fetisovo,Bekdash,269,270,0.013622,-0.479071,0.0201479
Bekdash,Türkmenbaşy,270,271,0.00636123,-0.472589,0.00936749
Türkmenbaşy,Gyzylarbat,271,272,0.00511295,-0.460614,0.00746804
Gyzylarbat,Ashgabat,272,432,0.00857485,-0.455477,0.0124805
Chelyabinsk,Kostanay,273,274,0.157853,-0.46984,0.232018
Chelyabinsk,Ufa,273,322,0.345714,-0.473919,0.509555
Chelyabinsk,Kurgan,273,323,0.172125,-0.468233,0.25272
Kostanay,Esil,274,275,0.0661928,-0.465174,0.0969839
Esil,Derzhavinsk,275,276,0.036115,-0.449993,0.0523665
Derzhavinsk,Arkalyk,276,277,0.0385403,-0.426783,0.0549886
Arkalyk,Jezkazgan,277,278,0.0738622,-0.416553,0.10463
Jezkazgan,Kyzylorda,278,279,0.109961,-0.412135,0.15528
Jezkazgan,Karaganda,278,286,0.109187,-0.417028,0.154721
Kyzylorda,Shymkent,279,280,0.101835,-0.41243,0.143835
Kyzylorda,Novokazalinsk,279,650,0.0860125,-0.42471,0.122543
Shymkent,Tashkent,280,281,0.0736877,-0.406858,0.103668
Shymkent,Zhambyl,280,359,0.0600094,-0.406982,0.0844321
Tashkent,Ayni,281,282,0.0258913,-0.408896,0.0364781
Tashkent,Jizzakh,281,358,0.033311,-0.409142,0.0469399
Tashkent,Kokand,281,689,0.0271523,-0.405758,0.0381695
Ayni,Dushanbe,282,283,0.019047,-0.40274,0.026718
Ayni,Kokand,282,689,0.00952393,-0.40158,0.0133486
Dushanbe,Termez,283,440,0.0100856,-0.399943,0.0141193
Dushanbe,Jirgatal,283,441,0.0102865,-0.399091,0.0143918
Dushanbe,Kulob,283,692,0.00753464,-0.399461,0.0105444
Ishim,Astana,284,285,0.0625606,-0.442375,0.0902359
Ishim,Omsk,284,291,0.0625606,-0.442375,0.0902359
Ishim,Kurgan,284,323,0.112354,-0.459433,0.163973
Ishim,Tyumen,284,635,0.0741654,-0.455976,0.107983
Astana,Karaganda,285,286,0.0599328,-0.427608,0.0855604
Karaganda,Balkhash,286,287,0.0626583,-0.416393,0.0887489
Karaganda,Pavlodar,286,292,0.0692162,-0.423811,0.0985508
Balkhash,Burubaytal,287,288,0.035908,-0.412291,0.0507126
Burubaytal,Almaty,288,289,0.0387668,-0.406704,0.0545334
Almaty,Bishkek,289,290,0.0571011,-0.403474,0.0801399
Almaty,Sary-Ozek,289,360,0.0276976,-0.403943,0.0388859
Almaty,Kokpek,289,695,0.0227521,-0.404043,0.031945
Bishkek,Zhambyl,290,359,0.0515207,-0.404296,0.0723503
Bishkek,Osh,290,691,0.0506103,-0.40232,0.0709719
Omsk,Pavlodar,291,292,0.0452754,-0.433098,0.0648841
Pavlodar,Semey,292,293,0.036237,-0.42651,0.0516924
Semey,Georgiyevka,293,294,0.0149781,-0.425634,0.0213533
Georgiyevka,Ayagoz,294,364,0.0064696,-0.423902,0.00921208
Narvik,Kiruna,295,296,0.00093598,-0.376937,0.00128879
Narvik,Setermoen,295,498,0.000824211,-0.43656,0.00118403
Kiruna,Töre,296,297,0.00175336,-0.353882,0.00237384
Töre,Luleå,297,298,0.00381171,-0.350262,0.0051468
Luleå,Umeå,298,612,0.00655484,-0.347474,0.00883248
Luleå,Haparanda,298,613,0.00434967,-0.357005,0.00590253
Helsingborg,Halmstad,299,300,0.0054292,-0.345423,0.00730457
Helsingborg,Jönköping,299,605,0.00334359,-0.345468,0.00449869
Örebro,Stockholm,301,302,0.010428,-0.345261,0.0140284
Örebro,Karlstad,301,620,0.00623456,-0.345333,0.00838756
Stockholm,Södertälje,302,608,0.00769432,-0.345118,0.0103498
Stockholm,Uppsala,302,609,0.00907907,-0.344865,0.0122101
Tallinn,Narva,303,304,2.02833,-0.524642,3.09248
Tallinn,Riga,303,547,2.83807,-0.526095,4.33116
Colchester,Ipswich,305,306,6.60232e-05,-0.486956,6.60232e-05
Ipswich,Cambridge,306,636,6.60232e-05,-0.486956,6.60232e-05
The Hague,Gouda,307,308,0.395554,-0.520884,0.601591
Amersfoort,Oldenzaal,309,310,0.675497,-0.521122,1.02751
Amersfoort,Hoogeveen,309,698,0.630094,-0.520984,0.958364
Oldenzaal,Osnabrück,310,311,0.588128,-0.522154,0.895222
Osnabrück,Bad Oeynhausen,311,312,1.11495,-0.522583,1.6976
Bad Oeynhausen,Dortmund,312,508,1.926,-0.522709,2.93273
Braunschweig,Magdeburg,313,314,1.44919,-0.521041,2.20428
Magdeburg,Halle,314,518,1.52633,-0.520432,2.32069
Poznań,Warsaw,315,316,3.0284,-0.524804,4.61771
Poznań,Wrocław,315,339,1.73315,-0.523312,2.64013
Warsaw,Elbląg,316,564,2.45676,-0.525894,3.74876
Warsaw,Radom,316,565,2.86401,-0.523897,4.36446
Warsaw,Lublin,316,713,3.42425,-0.524148,5.21907
Brest,Rennes,317,365,0.319098,-0.513113,0.482831
Brest,Lorient,317,388,0.173695,-0.512623,0.262735
Minsk,Smolensk,318,319,4.79695,-0.523491,7.3081
Minsk,Babruysk,318,703,4.44528,-0.526421,6.78536
Ryazan,Penza,320,321,1.83575,-0.506791,2.76609
Ufa,Yelabuga,322,632,0.388656,-0.477403,0.574202
Bruges,Ghent,324,325,1.63581,-0.516173,2.48016
Bruges,Zeebrugge,324,642,1.8579,-0.516492,2.81749
Ghent,Brussels,325,326,2.2348,-0.516454,3.38897
Brussels,Leuven,326,327,2.91139,-0.517938,4.41932
Leuven,Hasselt,327,708,1.95267,-0.519885,2.96783
Eupen,Aachen,328,329,2.40594,-0.521703,3.66113
Eupen,St. Vith,328,653,1.22633,-0.52071,1.8649
Aachen,Heerlen,329,709,1.90187,-0.522125,2.89489
Olpe,Wetzlar,330,331,2.26918,-0.522748,3.45538
Wetzlar,Gießen,331,332,2.27406,-0.522842,3.46304
Wetzlar,Dortmund,331,508,3.16164,-0.52285,4.8147
Wetzlar,Aschaffenburg,331,509,2.43336,-0.522611,3.70506
Wetzlar,Koblenz,331,660,2.38245,-0.522615,3.62756
Gießen,Bad Hersfeld,332,333,1.41632,-0.523011,2.15707
Bad Hersfeld,Eisenach,333,334,0.655846,-0.522582,0.99858
Eisenach,Erfurt,334,335,0.580838,-0.521,0.883454
Erfurt,Gera,335,336,1.11106,-0.519962,1.68877
Gera,Chemnitz,336,337,1.6478,-0.519451,2.50375
Gera,Leipzig,336,526,1.66443,-0.519922,2.52981
Gera,Hirschberg,336,527,1.17012,-0.519595,1.77811
Chemnitz,Plauen,337,519,1.55266,-0.519387,2.35909
Wrocław,Opole,339,340,1.41294,-0.521626,2.14996
Wrocław,Kłodzko,339,548,1.43416,-0.521744,2.18242
Opole,Gliwice,340,341,0.672223,-0.521496,1.02278
Gliwice,Zabrze,341,342,0.632634,-0.520866,0.962152
Kraków,Rzeszów,343,344,0.907543,-0.520168,1.37962
Kraków,Radom,343,565,1.13653,-0.52288,1.73079
Kraków,Trstená,343,566,1.11766,-0.518213,1.69685
Rzeszów,Jarosław,344,345,0.879285,-0.52048,1.33694
Rzeszów,Radom,344,565,0.98801,-0.523071,1.50481
Rzeszów,Barwinek,344,710,0.689421,-0.520763,1.04845
Jarosław,Korczowa,345,346,0.941742,-0.518398,1.42994
Korczowa,Lviv,346,347,1.98059,-0.517002,3.00456
Lviv,Rivne,347,348,2.72294,-0.518172,4.1339
Lviv,Mukachevo,347,378,3.39291,-0.512486,5.13173
Lviv,Lublin,347,713,2.03832,-0.519689,3.09761
Rivne,Zhytomyr,348,349,1.74347,-0.520075,2.6502
Rivne,Kovel,348,714,1.72289,-0.520332,2.61936
Zhytomyr,Vinnytsia,349,381,2.91862,-0.520444,4.43759
Beyneu,Qo‘ng‘irot,351,352,0.225595,-0.484166,0.33482
Qo‘ng‘irot,Nukus,352,353,0.0918244,-0.481753,0.136061
Nukus,Daşoguz,353,354,0.0465276,-0.476075,0.0686782
Daşoguz,Bukhara,354,355,0.0151771,-0.457759,0.0221246
Daşoguz,Ashgabat,354,432,0.0173053,-0.459501,0.0252572
Daşoguz,Uchkuduk,354,688,0.0120539,-0.467105,0.0176843
Bukhara,Navoiy,355,356,0.0113511,-0.433013,0.0162663
Bukhara,Alat,355,436,0.00939321,-0.439596,0.0135224
Bukhara,Karshi,355,437,0.00948402,-0.438273,0.0136406
Bukhara,Uchkuduk,355,688,0.00690437,-0.444615,0.00997417
Navoiy,Samarkand,356,357,0.00933848,-0.417713,0.0132393
Samarkand,Jizzakh,357,358,0.0151274,-0.409673,0.0213247
Sary-Ozek,Taldykorgan,360,361,0.0131911,-0.403446,0.018513
Sary-Ozek,Koktal,360,697,0.0124343,-0.403298,0.017449
Taldykorgan,Ucharal,361,362,0.00587443,-0.404245,0.00824914
Ucharal,Taskesken,362,363,0.00330713,-0.409148,0.00466024
Taskesken,Ayagoz,363,364,0.00344605,-0.41854,0.00488837
Rennes,Le Mans,365,366,0.791968,-0.513238,1.19844
Le Mans,Angers,366,391,0.646106,-0.51326,0.977726
Le Mans,Tours,366,392,0.747979,-0.512788,1.13153
Le Mans,Rouen,366,662,1.25414,-0.51451,1.89941
Reims,Charleroi,367,651,1.7738,-0.516016,2.68912
Reims,Charleville-Mézières,367,658,1.63169,-0.516695,2.47478
Reims,Rouen,367,662,1.81467,-0.514689,2.74866
Saarbrücken,Mannheim,368,369,3.29357,-0.521706,5.01184
Saarbrücken,Trier,368,659,1.68489,-0.520414,2.56173
Mannheim,Heilbronn,369,370,3.07715,-0.521553,4.68205
Rozvadov,Plzeň,371,372,2.37564,-0.516478,3.60261
Plzeň,Karlovy Vary,372,523,1.64012,-0.51586,2.4862
Plzeň,České Budějovice,372,524,1.87309,-0.514364,2.83654
Plzeň,Bayerisch Eisenstein,372,530,1.93616,-0.51549,2.93424
Trenčín,Prešov,373,374,1.17887,-0.507919,1.77764
Prešov,Košice,374,375,1.80432,-0.505953,2.71723
Prešov,Svidník,374,712,0.897034,-0.507935,1.35267
Košice,Vyšné Nemecké,375,376,0.903629,-0.504719,1.35971
Košice,Uzhhorod,375,377,1.77051,-0.504983,2.66459
Košice,Miskolc,375,552,1.56532,-0.501532,2.35038
Košice,Zvolen,375,568,1.67676,-0.504058,2.52194
Vyšné Nemecké,Uzhhorod,376,377,0.866881,-0.505258,1.30488
Uzhhorod,Mukachevo,377,378,2.8838,-0.505545,4.3417
Uzhhorod,Chop,377,723,1.43208,-0.504226,2.15418
Mukachevo,Stryj,378,379,2.13268,-0.508876,3.21796
Mukachevo,Halmeu,378,578,2.47545,-0.505092,3.72578
Khmelnytskyi,Vinnytsia,380,381,1.80565,-0.519814,2.74425
Vinnytsia,Uman,381,382,1.7687,-0.520591,2.68947
Vinnytsia,Mohyliv-Podilskyi,381,728,1.62795,-0.520079,2.47461
Uman,Kirovohrad,382,383,1.31848,-0.519987,2.00407
Kirovohrad,Dnipropetrovsk,383,384,0.906383,-0.519348,1.37711
Kirovohrad,Chişinău,383,672,1.79353,-0.518314,2.72315
Dnipropetrovsk,Donetsk,384,385,0.377424,-0.51912,0.573352
Donetsk,Rostov-on-Don,385,386,0.24032,-0.517044,0.364576
Rostov-on-Don,Armavir,386,387,0.193174,-0.511719,0.292025
Rostov-on-Don,Taganrog,386,675,0.214258,-0.515259,0.324657
Lorient,Vannes,388,389,0.206373,-0.511919,0.312019
Vannes,Nantes,389,390,0.450342,-0.511724,0.680793
Nantes,Angers,390,391,0.628426,-0.512084,0.950233
Nantes,Poitiers,390,676,0.879223,-0.511582,1.32902
Angers,Tours,391,392,0.480342,-0.510719,0.725662
Tours,Vierzon,392,503,0.622926,-0.510152,0.940713
Montargis,Auxerre,393,394,1.16513,-0.512257,1.76197
Auxerre,Beaune,394,395,2.20868,-0.513007,3.34174
Beaune,Dole,395,396,2.28253,-0.514501,3.45689
Beaune,Antwerp,395,505,3.9379,-0.515285,5.96704
Dole,Besançon,396,397,1.22193,-0.515387,1.8517
Besançon,Belfort,397,398,1.42087,-0.516602,2.1549
Zürich,Winterthur,399,400,1.40417,-0.517856,2.13133
Winterthur,St. Gallen,400,401,0.999688,-0.517941,1.51747
Winterthur,Schaffhausen,400,511,1.38525,-0.519419,2.10477
St. Gallen,St. Margrethen,401,402,0.902513,-0.516962,1.36908
St. Margrethen,Bregenz,402,403,1.46958,-0.516111,2.22805
St. Margrethen,Buchs,402,514,0.686861,-0.516434,1.04158
Bregenz,Feldkirch,403,748,1.40498,-0.515676,2.12949
Bregenz,Lindau,403,513,2.22021,-0.515937,3.36571
Feldkirch,Landeck,748,404,0.633314,-0.514857,0.959381
Feldkirch,Imst,748,406,0.66038,-0.514792,1.00034
Landeck,Telfs,404,405,0.43899,-0.514249,0.66474
Sattledt,Liezen,408,532,0.905432,-0.509489,1.36674
Sattledt,Wels,408,669,0.98184,-0.511869,1.48441
Sankt Pölten,Vienna,409,410,1.86427,-0.507817,2.81098
Vienna,Nickelsdorf,410,411,2.00113,-0.505345,3.01239
Vienna,Halámky,410,525,1.97066,-0.507876,2.97151
Vienna,Graz,410,534,2.45176,-0.505446,3.69099
Nickelsdorf,Mosonmagyaróvár,411,412,1.34048,-0.501228,2.01236
Szolnok,Püspökladány,413,414,1.3266,-0.490078,1.97673
Püspökladány,Oradea,414,415,1.65034,-0.489199,2.45769
Püspökladány,Nyíregyháza,414,722,1.06209,-0.492518,1.58519
Oradea,Cluj-Napoca,415,416,0.752973,-0.48585,1.11881
Oradea,Berettyóújfalu,415,570,1.13331,-0.489269,1.6878
Oradea,Beiuş,415,571,0.719153,-0.486571,1.06907
Oradea,Satu Mare,415,579,1.21631,-0.490859,1.81335
Oradea,Arad,415,684,1.19598,-0.484604,1.77556
Cluj-Napoca,Turda,416,417,0.474205,-0.485786,0.704567
Cluj-Napoca,Zalău,416,580,0.473964,-0.489317,0.705883
Turda,Târgu Mureş,417,418,0.203074,-0.483364,0.301233
Turda,Sebeş,417,581,0.209484,-0.483143,0.310695
Târgu Mureş,Braşov,418,419,0.140555,-0.481766,0.208269
Braşov,Ploieşti,419,420,0.119881,-0.483773,0.177876
Braşov,Sibiu,419,582,0.164663,-0.480874,0.243845
Braşov,Piteşti,419,583,0.0969053,-0.480868,0.143504
Slobozia,Hârşova,421,422,0.257298,-0.502559,0.386606
Slobozia,Galaţi,421,588,0.465618,-0.508223,0.702256
Hârşova,Constanţa,422,423,0.24921,-0.497414,0.37317
Constanţa,Varna,423,463,0.189913,-0.491045,0.283169
Constanţa,Tulcea,423,589,0.258669,-0.501996,0.388519
Senaki,Samtredia,424,425,0.0300034,-0.508629,0.045264
Senaki,Zugdidi,424,604,0.0789826,-0.507898,0.119098
Samtredia,Kutaisi,425,426,0.0115455,-0.509331,0.017426
Kutaisi,Khashuri,426,427,0.00484859,-0.509842,0.0073206
Khashuri,Gori,427,428,0.00309569,-0.506855,0.00466475
Rustavi,Ganja,429,430,0.00958827,-0.500829,0.0143904
Ganja,Yevlakh,430,431,0.022349,-0.500864,0.0335428
Ashgabat,Tejen,432,433,0.00817928,-0.453216,0.0118863
Tejen,Mary,433,434,0.00379265,-0.44658,0.00548637
Mary,Türkmenabat,434,435,0.00279346,-0.438168,0.00401747
Türkmenabat,Alat,435,436,0.00424228,-0.436335,0.00609334
Karshi,Guzar,437,438,0.00446046,-0.428986,0.00637394
Guzar,Sherobod,438,439,0.00326385,-0.41277,0.00461107
Sherobod,Termez,439,440,0.00476169,-0.401759,0.00667474
Jirgatal,Sary Tash,441,442,0.0095062,-0.398402,0.0132935
Jirgatal,Khorugh,441,694,0.00568076,-0.397601,0.00793943
Sary Tash,Irkeshtam,442,443,0.0127734,-0.399702,0.0178789
Irkeshtam,Osh,443,691,0.0262517,-0.400902,0.036776
A Coruña,Bilbao,444,445,0.0707661,-0.49989,0.106141
A Coruña,Pontevedra,444,481,0.0289035,-0.497228,0.0432751
Clermont-Ferrand,Montluçon,446,504,0.703637,-0.508145,1.06119
Chambéry,Susa,447,448,0.767821,-0.508185,1.15802
Chambéry,Marseille,447,736,0.588494,-0.508972,0.888022
Susa,Turin,448,449,0.459418,-0.50343,0.690703
Tortona,Brescia,450,451,0.12984,-0.478713,0.191995
Trieste,Postojna,452,453,0.205262,-0.490245,0.305891
Trieste,Ljubljana,452,454,0.4221,-0.493373,0.630354
Postojna,Ljubljana,453,454,0.305579,-0.495943,0.457129
Ljubljana,Maribor,454,535,0.557928,-0.498961,0.836313
Ljubljana,Naklo,454,538,0.809084,-0.498738,1.2126
Vršac,Timişoara,456,457,0.438355,-0.477084,0.647487
Timişoara,Drobeta-Turnu Severin,457,458,0.487674,-0.476542,0.720071
Timişoara,Arad,457,684,0.841805,-0.480417,1.24622
Drobeta-Turnu Severin,Craiova,458,459,0.453593,-0.47479,0.668954
Craiova,Alexandria,459,460,0.194415,-0.477946,0.287334
Craiova,Târgu Jiu,459,574,0.267618,-0.475259,0.394806
Craiova,Piteşti,459,583,0.251171,-0.476671,0.370897
Razgrad,Shumen,461,462,0.0400522,-0.478624,0.0592222
Shumen,Varna,462,463,0.0691469,-0.484139,0.102624
Varna,Burgas,463,590,0.0680532,-0.484283,0.10101
Lisbon,Valladolid,464,465,0.045644,-0.491951,0.0680986
Lisbon,Porto,464,483,0.0382924,-0.487521,0.0569607
Lisbon,Albufeira,464,484,0.0367412,-0.486574,0.0546184
Toulouse,Nice,466,467,0.608743,-0.501725,0.914164
Nice,Cuneo,467,685,0.234586,-0.496531,0.351065
Sofia,Plovdiv,468,469,0.145924,-0.45574,0.212427
Sofia,Botevgrad,468,575,0.146579,-0.455895,0.213403
Sofia,Blagoevgrad,468,576,0.154204,-0.453774,0.224177
Sofia,Kyustendil,468,745,0.11462,-0.458364,0.167158
Plovdiv,Istanbul,469,470,0.0598676,-0.453938,0.0870438
Istanbul,İzmit,470,471,0.0281637,-0.45174,0.0408864
İzmit,Gerede,471,472,0.00942252,-0.449092,0.0136541
İzmit,Bursa,471,479,0.00935333,-0.448205,0.0135455
Gerede,Kızılcahamam,472,599,0.00431556,-0.446995,0.0062446
Mazara del Vallo,Palermo,473,474,6.60232e-05,-0.486956,6.60232e-05
Metaponto,Taranto,475,476,0.00380645,-0.456511,0.00554414
Metaponto,Potenza,475,743,0.00200649,-0.454133,0.0029177
Ioannina,Trikala,477,687,0.00893396,-0.419745,0.0126839
Gelibolu,Keşan,478,596,0.0281269,-0.417429,0.0398679
Gelibolu,Ayvalık,478,597,0.028124,-0.417358,0.0398618
Bursa,Ankara,479,480,0.00454601,-0.444715,0.00656769
Bursa,Balıkesir,479,746,0.00509069,-0.440466,0.00733296
Ankara,Kızılcahamam,480,599,0.00306668,-0.444816,0.00443079
Pontevedra,Valença,481,482,0.015784,-0.491649,0.0235442
Valença,Porto,482,483,0.018185,-0.48684,0.0270382
Albufeira,Castro Marim,484,485,0.0179797,-0.483217,0.0266678
Castro Marim,Huelva,485,486,0.0165944,-0.482647,0.0246037
Cherbourg-Octeville,La Rochelle,487,488,0.170312,-0.513235,0.257722
Cherbourg-Octeville,Caen,487,661,0.383318,-0.514647,0.580592
La Rochelle,Saintes,488,730,0.132125,-0.509257,0.199411
Oslo,Hamar,489,490,0.00479411,-0.345319,0.00644961
Oslo,Askim,489,619,0.00499242,-0.345365,0.00671662
Hamar,Lillehammer,490,491,0.00302845,-0.345081,0.0040735
Lillehammer,Dombås,491,492,0.0033529,-0.344651,0.00450848
Dombås,Trondheim,492,493,0.00598852,-0.344405,0.00805099
Trondheim,Stjørdal,493,494,0.00585273,-0.344327,0.00786799
Stjørdal,Steinkjer,494,495,0.00294163,-0.344271,0.00395435
Steinkjer,Mosjøen,495,496,0.00205596,-0.344252,0.00276373
Mosjøen,Mo i Rana,496,497,0.00258583,-0.344579,0.00347686
Mo i Rana,Umeå,497,612,0.00489776,-0.345238,0.00658865
Setermoen,Alta,498,499,0.00143208,-0.483057,0.00212385
Alta,Olderfjord,499,500,0.00342349,-0.497513,0.00512673
Olderfjord,Lakselv,500,501,0.00882137,-0.501856,0.0132484
Lakselv,Karasjok,501,502,0.0230734,-0.504296,0.0347092
Vierzon,Montluçon,503,504,0.439614,-0.508782,0.663282
Antwerp,Zeebrugge,505,642,2.71808,-0.516686,4.12247
Martigny,Sion,506,678,0.574735,-0.504458,0.864665
Bremen,Groningen,507,624,2.40683,-0.521967,3.66311
Stuttgart,Schaffhausen,510,511,2.14522,-0.520277,3.26133
Stuttgart,Ulm,510,512,1.86809,-0.519219,2.83804
Ulm,Lindau,512,513,1.58161,-0.518046,2.40095
Lindau,Waldshut,513,666,2.15027,-0.517173,3.26233
Buchs,Chur,514,515,0.272809,-0.516404,0.413689
Chur,San Bernardino,515,516,0.140517,-0.516279,0.213063
Halle,Plauen,518,519,1.44801,-0.519831,2.20072
Plauen,Schönberg,519,520,1.18,-0.519373,1.79286
Plauen,Hof,519,528,1.56956,-0.519349,2.38471
Schönberg,Vojtanov,520,521,0.710603,-0.518742,1.07922
Vojtanov,Cheb,521,522,0.978445,-0.517821,1.4851
Cheb,Karlovy Vary,522,523,1.6017,-0.516668,2.42925
Cheb,Marktredwitz,522,663,1.29848,-0.518077,1.9712
Karlovy Vary,Teplice,523,715,0.978677,-0.515697,1.48338
České Budějovice,Halámky,524,525,1.27178,-0.511174,1.92187
Hirschberg,Hof,527,528,1.21471,-0.519258,1.84546
Hof,Bayreuth,528,529,1.98124,-0.518743,3.009
Bayreuth,Marktredwitz,529,663,1.78947,-0.518732,2.71772
Bayerisch Eisenstein,Deggendorf,530,531,1.45455,-0.515816,2.20483
Liezen,Sankt Michael,532,533,0.712487,-0.506762,1.07355
Sankt Michael,Graz,533,534,1.24167,-0.504694,1.86833
Graz,Maribor,534,535,1.01724,-0.50253,1.52843
Graz,Spielfeld,534,536,0.793357,-0.504047,1.19325
Graz,Klagenfurt,534,683,1.43556,-0.502514,2.15695
Maribor,Spielfeld,535,536,0.328622,-0.499744,0.492849
Karavanke Tunnel,Naklo,537,538,0.737585,-0.501951,1.10782
Naklo,Loiblpass,538,734,0.694755,-0.501263,1.04301
Kemijärvi,Posio,539,540,0.00137131,-0.441801,0.00197716
Posio,Kuusamo,540,541,0.000790882,-0.43642,0.00113604
Kuusamo,Kajaani,541,542,0.000900762,-0.442452,0.00129931
Kajaani,Iisalmi,542,543,0.00180773,-0.454227,0.00262885
Iisalmi,Kuopio,543,544,0.00435693,-0.464042,0.00637873
Tampere,Turku,545,546,0.00930054,-0.492357,0.0138797
Tampere,Vaasa,545,616,0.00973135,-0.484215,0.0144434
Tampere,Hämeenlinna,545,618,0.0295673,-0.507718,0.0445791
Turku,Pori,546,617,0.0047078,-0.482629,0.00697992
Riga,Šiauliai,547,561,3.00625,-0.528786,4.59591
Riga,Rēzekne,547,627,3.12049,-0.526746,4.76419
Kłodzko,Kudowa-Zdrój,548,549,0.644478,-0.520595,0.979989
Kudowa-Zdrój,Náchod,549,550,0.525821,-0.517117,0.797731
Náchod,Hradec Králové,550,551,0.950985,-0.51457,1.44033
Hradec Králové,Olomouc,551,716,1.28943,-0.512966,1.95086
Miskolc,Debrecen,552,569,1.18194,-0.497332,1.76976
Szekszárd,Mohács,555,556,0.651373,-0.492813,0.972378
Mohács,Osijek,556,557,0.396261,-0.490819,0.590754
Osijek,Đakovo,557,558,0.22934,-0.488546,0.341384
Osijek,Sombor,557,735,0.36773,-0.486281,0.546551
Đakovo,Šamac,558,559,0.0969932,-0.486844,0.144214
Šamac,Zenica,559,560,0.059087,-0.47955,0.0874222
Zenica,Sarajevo,560,737,0.0778513,-0.471072,0.114525
Šiauliai,Tolpaki,561,562,2.35478,-0.530436,3.60385
Šiauliai,Palanga,561,704,1.80833,-0.529944,2.76665
Šiauliai,Panevėžys,561,705,1.87119,-0.529909,2.86276
Tolpaki,Kaliningrad,562,563,1.46083,-0.53005,2.23514
Tolpaki,Nesterov,562,640,1.3929,-0.530853,2.13233
Trstená,Ružomberok,566,567,0.85055,-0.510878,1.28508
Ružomberok,Zvolen,567,568,1.45249,-0.504816,2.18573
Debrecen,Berettyóújfalu,569,570,0.775134,-0.49345,1.15762
Beiuş,Deva,571,572,0.455034,-0.483102,0.674861
Deva,Petroşani,572,573,0.341367,-0.478818,0.50482
Deva,Sibiu,572,582,0.442941,-0.479002,0.655111
Deva,Arad,572,684,0.62907,-0.480759,0.931502
Petroşani,Târgu Jiu,573,574,0.206213,-0.476593,0.304492
Botevgrad,Jablanica,575,585,0.0616886,-0.455097,0.0897629
Blagoevgrad,Serres,576,577,0.0817117,-0.444921,0.118067
Halmeu,Satu Mare,578,579,1.63206,-0.497867,2.4446
Satu Mare,Zalău,579,580,0.658801,-0.493326,0.983804
Sebeş,Sibiu,581,582,0.203733,-0.480159,0.301557
Sibiu,Piteşti,582,583,0.210173,-0.478456,0.310732
Pleven,Jablanica,584,585,0.0329471,-0.458155,0.048042
Izmail,Reni,586,587,0.822692,-0.517067,1.24808
Reni,Galaţi,587,588,0.641517,-0.514486,0.971568
Galaţi,Tulcea,588,589,0.360953,-0.50954,0.544873
Galaţi,Giurgiuleşti,588,729,0.772799,-0.514952,1.17075
Burgas,Malko Tarnovo,590,591,0.0315712,-0.479255,0.0467018
Malko Tarnovo,Dereköy,591,592,0.0126034,-0.475401,0.0185951
Dereköy,Kırklareli,592,593,0.00561904,-0.465572,0.0082351
Kırklareli,Babaeski,593,594,0.00386679,-0.442157,0.00557651
Babaeski,Havsa,594,595,0.00553398,-0.422254,0.00787073
Havsa,Keşan,595,596,0.0118747,-0.417339,0.0168304
Ayvalık,İzmir,597,598,0.0118616,-0.416748,0.0168049
İzmir,Manisa,598,747,0.0054857,-0.418631,0.00778219
Kherson,Dzhankoy,600,601,1.02116,-0.511484,1.54347
Kherson,Mykolaiv,600,673,1.21977,-0.516581,1.84988
Kherson,Melitopol,600,674,0.661241,-0.514779,1.00163
Sochi,Sukhumi,602,603,0.548701,-0.507163,0.826982
Sukhumi,Zugdidi,603,604,0.208192,-0.507464,0.313842
Jönköping,Linköping,605,606,0.00247063,-0.345434,0.00332406
Linköping,Norrköping,606,607,0.00330454,-0.345362,0.0044458
Norrköping,Södertälje,607,608,0.00513008,-0.345216,0.00690107
Norrköping,Kalmar,607,626,0.00329215,-0.34536,0.00442912
Uppsala,Sundsvall,609,610,0.00931235,-0.344502,0.0125205
Sundsvall,Örnsköldsvik,610,611,0.00858637,-0.344418,0.0115437
Örnsköldsvik,Umeå,611,612,0.00688347,-0.344956,0.00925796
Haparanda,Tornio,613,614,0.00344413,-0.381578,0.00475833
Kokkola,Vaasa,615,616,0.00662986,-0.460632,0.00968378
Vaasa,Pori,616,617,0.0046593,-0.474754,0.00687131
Askim,Karlstad,619,620,0.00417243,-0.345376,0.00561349
Kotka,Vaalimaa,621,622,0.402926,-0.521933,0.613226
Vaalimaa,Vyborg,622,623,1.04911,-0.521398,1.59611
Groningen,Hoogeveen,624,698,0.870175,-0.521377,1.32386
Sassnitz,Stralsund,625,699,0.460151,-0.520733,0.699767
Rēzekne,Velikiye Luki,627,628,3.27483,-0.52101,4.98105
Rēzekne,Daugavpils,627,702,2.09691,-0.526267,3.20045
Vladimir,Nizhny Novgorod,629,630,1.69825,-0.507033,2.55931
Nizhny Novgorod,Kazan,630,631,0.705086,-0.504927,1.0611
Kazan,Yelabuga,631,632,0.42396,-0.495863,0.634186
Yelabuga,Perm,632,633,0.244292,-0.485674,0.362938
Perm,Yekaterinburg,633,634,0.102702,-0.482148,0.152219
Yekaterinburg,Tyumen,634,635,0.060146,-0.470314,0.0884335
Koszalin,Słupsk,637,638,0.278397,-0.524507,0.424419
Słupsk,Gdynia,638,639,0.471841,-0.526519,0.720274
Nesterov,Marijampolė,640,641,1.25662,-0.530471,1.92321
Aktobe,Karabutak,647,648,0.314315,-0.477953,0.464542
Karabutak,Aral,648,649,0.132354,-0.471553,0.194766
Aral,Novokazalinsk,649,650,0.0752173,-0.451571,0.109183
Charleroi,Namur,651,652,1.28407,-0.517299,1.94832
St. Vith,Wittlich,653,654,1.29759,-0.520226,1.97263
Wittlich,Bingen,654,655,0.825925,-0.521654,1.25677
Bingen,Wiesbaden,655,656,1.21595,-0.522711,1.85155
Amiens,Charleville-Mézières,657,658,1.45984,-0.516304,2.21355
Trier,Koblenz,659,660,1.77036,-0.521496,2.69359
Caen,Rouen,661,662,0.990872,-0.514827,1.501
Regensburg,Passau,667,668,1.25111,-0.517094,1.89805
Passau,Wels,668,669,1.22259,-0.514411,1.8515
Wels,Braunau am Inn,669,721,1.40018,-0.513158,2.11869
Iaşi,Sculeni,670,671,1.25781,-0.512375,1.90229
Iaşi,Bălţi,670,727,1.06875,-0.511936,1.61587
Sculeni,Chişinău,671,672,1.52462,-0.516125,2.31151
Chişinău,Giurgiuleşti,672,729,1.22106,-0.51708,1.85245
Melitopol,Taganrog,674,675,0.288898,-0.51524,0.43775
Poitiers,Mâcon,676,677,1.64578,-0.511599,2.48777
Sion,Simplon,678,679,0.242595,-0.501942,0.364364
Simplon,Gravellona Toce,679,680,0.153993,-0.494413,0.230129
Innichen,Spittal an der Drau,681,682,0.551644,-0.502788,0.829004
Klagenfurt,Loiblpass,683,734,0.823323,-0.502582,1.23711
Cuneo,Asti,685,686,0.132628,-0.493256,0.198048
Kokand,Andijan,689,690,0.0209986,-0.402047,0.0294411
Andijan,Osh,690,691,0.0274318,-0.40109,0.0384344
Kulob,Kalaikhumb,692,693,0.00392555,-0.397689,0.0054867
Kalaikhumb,Khorugh,693,694,0.00343876,-0.39677,0.00480315
Kokpek,Chundzha,695,696,0.0110931,-0.403427,0.0155683
Chundzha,Koktal,696,697,0.00838452,-0.403024,0.0117637
Stralsund,Neubrandenburg,699,700,0.67253,-0.520688,1.02271
Ukmergė,Daugavpils,701,702,2.08584,-0.528821,3.18887
Ukmergė,Panevėžys,701,705,1.92707,-0.530031,2.94847
Breda,Gorinchem,706,707,0.848041,-0.520216,1.28921
Hasselt,Heerlen,708,709,1.26694,-0.521202,1.92727
Barwinek,Vyšný Komárnik,710,711,0.364764,-0.517356,0.553477
Vyšný Komárnik,Svidník,711,712,0.417533,-0.511018,0.630899
Lublin,Kovel,713,714,1.64872,-0.521942,2.50926
Olomouc,Český Těšín,716,717,0.834074,-0.514811,1.26346
Garmisch-Partenkirchen,Mittenwald,718,719,0.900794,-0.515274,1.36495
Mittenwald,Seefeld,719,720,0.56815,-0.514526,0.860478
Nyíregyháza,Chop,722,723,0.831719,-0.499408,1.24709
Dunajská Streda,Medveďov,724,725,0.572885,-0.505066,0.86223
Medveďov,Vámosszabadi,725,726,0.488,-0.503184,0.733554
Bălţi,Mohyliv-Podilskyi,727,728,0.888769,-0.517095,1.34835
Saintes,Angoulême,730,731,0.22851,-0.50679,0.344316
St. Johann in Tirol,Lofer,732,733,0.888529,-0.513033,1.34437
Sarajevo,Užice,737,738,0.102926,-0.469532,0.151253
Užice,Čačak,738,739,0.15771,-0.471411,0.232056
Čačak,Nova Varoš,739,740,0.157453,-0.471353,0.231669
Avellino,Benevento,741,742,0.0184749,-0.459438,0.026963
Balıkesir,Manisa,746,747,0.0037028,-0.428161,0.00528819
Warsaw,Brest-Litovsk,316,0,3.22305,-0.526501,4.91999
Brest-Litovsk,Minsk,0,318,3.22027,-0.526808,4.91674
Lyon,Mâcon,17,677,1.63758,-0.511838,2.47576
Beaune,Mâcon,395,677,2.95458,-0.513725,4.47242
