Glasgow,Preston,1,2,6.60077e-05,-0.48431,6.60077e-05
Glasgow,Edinburgh,1,13,6.60077e-05,-0.48431,6.60077e-05
Preston,Birmingham,2,3,6.60077e-05,-0.48431,6.60077e-05
Birmingham,Cambridge,3,636,6.60077e-05,-0.48431,6.60077e-05
Le Havre,Paris,4,5,2.0222,-0.515368,3.06438
Le Havre,Amiens,4,657,1.1444,-0.516283,1.73524
Paris,Orléans,5,6,2.05495,-0.512656,3.10844
Paris,Calais,5,16,1.75013,-0.515172,2.65175
Paris,Lyon,5,17,2.5576,-0.511704,3.86634
Paris,Brussels,5,326,3.11478,-0.516566,4.72377
Paris,Le Mans,5,366,1.66415,-0.513586,2.51883
Paris,Reims,5,367,1.94677,-0.515684,2.95069
Paris,Chaumont,5,665,2.83176,-0.516198,4.29351
Orléans,Bordeaux,6,7,0.954439,-0.508153,1.43944
Orléans,Tours,6,392,1.05635,-0.508206,1.5932
Orléans,Montargis,6,393,1.33699,-0.510125,2.01903
Orléans,Toulouse,6,466,1.07802,-0.506713,1.62426
Bordeaux,San Sebastián,7,8,0.510444,-0.502007,0.76669
Bordeaux,Clermont-Ferrand,7,446,0.998637,-0.503955,1.50191
Bordeaux,Toulouse,7,466,0.424817,-0.499774,0.637129
Bordeaux,Angoulême,7,731,0.578617,-0.503567,0.86999
San Sebastián,Burgos,8,9,0.240033,-0.493628,0.358521
San Sebastián,Bilbao,8,445,0.196194,-0.494852,0.293281
San Sebastián,Toulouse,8,466,0.333412,-0.498767,0.499708
Burgos,Madrid,9,10,0.13013,-0.485578,0.193318
Burgos,Valladolid,9,465,0.0872057,-0.487319,0.129703
Madrid,Seville,10,11,0.0777723,-0.478317,0.114972
Madrid,Barcelona,10,21,0.200437,-0.490767,0.298805
Madrid,Valencia,10,24,0.0882402,-0.480051,0.1306
Madrid,Lisbon,10,464,0.0798116,-0.479406,0.118074
Seville,Algeciras,11,12,0.0347388,-0.471112,0.0511046
Seville,Huelva,11,486,0.0362642,-0.47078,0.0533366
Algeciras,Málaga,12,28,0.0146053,-0.466272,0.0214154
Edinburgh,Newcastle,13,14,6.60077e-05,-0.48431,6.60077e-05
Newcastle,London,14,15,6.60077e-05,-0.48431,6.60077e-05
London,Colchester,15,305,6.60077e-05,-0.48431,6.60077e-05
Calais,Bruges,16,324,1.79991,-0.516609,2.72977
Calais,Rouen,16,662,1.17397,-0.515848,1.77956
Lyon,Orange,17,18,1.10713,-0.507046,1.6685
Lyon,Clermont-Ferrand,17,446,1.24077,-0.507688,1.8707
Lyon,Chambéry,17,447,1.13892,-0.510044,1.71982
Orange,Narbonne,18,19,0.492041,-0.505781,0.740906
Orange,Marseille,18,736,0.480228,-0.508366,0.72436
Narbonne,Girona,19,20,0.259557,-0.501229,0.389654
Girona,Barcelona,20,21,0.287268,-0.495574,0.42963
Barcelona,Tarragona,21,22,0.177017,-0.491871,0.264087
Barcelona,Toulouse,21,466,0.534684,-0.496989,0.800416
Tarragona,Castellón de la Plana,22,23,0.0813289,-0.486817,0.120921
Castellón de la Plana,Valencia,23,24,0.0648254,-0.47969,0.0959215
Valencia,Alicante,24,25,0.0451182,-0.473999,0.0665041
Alicante,Murcia,25,26,0.0184335,-0.469513,0.0270883
Murcia,Almería,26,27,0.00905833,-0.464152,0.0132628
Almería,Málaga,27,28,0.00809204,-0.462158,0.0118318
Hook of Holland,Rotterdam,29,30,0.599161,-0.520716,0.911154
Hook of Holland,The Hague,29,307,0.323646,-0.521139,0.492311
Rotterdam,Eindhoven,30,31,1.49866,-0.520478,2.27868
Eindhoven,Maastricht,31,32,1.61597,-0.519983,2.45625
Eindhoven,Antwerp,31,505,2.67118,-0.518638,4.05655
Eindhoven,Venlo,31,643,2.06605,-0.520976,3.14241
Eindhoven,Breda,31,706,1.51479,-0.520492,2.30322
Maastricht,Liège,32,33,2.01553,-0.520096,3.06381
Liège,Bastogne,33,34,1.88303,-0.520077,2.86235
Liège,Leuven,33,327,3.06306,-0.520006,4.65587
Liège,Eupen,33,328,1.9775,-0.52099,3.00776
Liège,Antwerp,33,505,3.37048,-0.51813,5.11682
Liège,Namur,33,652,2.08887,-0.519423,3.17387
Liège,St. Vith,33,653,1.7215,-0.520125,2.6169
Liège,Charleville-Mézières,33,658,2.22633,-0.519336,3.38254
Bastogne,Arlon,34,35,1.13869,-0.520351,1.7312
Arlon,Luxembourg,35,36,1.57938,-0.52003,2.40071
Luxembourg,Metz,36,37,2.58617,-0.518691,3.92759
Luxembourg,St. Vith,36,653,1.92044,-0.520653,2.92033
Luxembourg,Charleville-Mézières,36,658,1.44946,-0.517947,2.20021
Luxembourg,Trier,36,659,1.89475,-0.520952,2.88182
Metz,Saint-Avold,37,38,3.0878,-0.517837,4.68678
Metz,Lausanne,37,44,2.53344,-0.517045,3.84334
Metz,Geneva,37,45,2.70773,-0.515085,4.10243
Metz,Brussels,37,326,3.53635,-0.518159,5.36874
Metz,Reims,37,367,2.50579,-0.512127,3.78907
Metz,Saarbrücken,37,368,2.97372,-0.519708,4.51919
Saint-Avold,Strasbourg,38,39,2.35564,-0.518744,3.57762
Strasbourg,Mulhouse,39,40,2.98504,-0.519953,4.53712
Strasbourg,Appenweier,39,664,2.25643,-0.520376,3.43062
Mulhouse,Basel,40,41,2.84749,-0.519269,4.32611
Mulhouse,Belfort,40,398,2.12763,-0.51833,3.23044
Mulhouse,Chaumont,40,665,2.68556,-0.518237,4.07731
Basel,Olten,41,42,1.69457,-0.518595,2.57336
Basel,Offenburg,41,61,2.44637,-0.520143,3.71884
Basel,Zürich,41,399,1.99124,-0.519234,3.02516
Basel,Waldshut,41,666,2.34566,-0.519002,3.56306
Olten,Bern,42,43,1.67884,-0.514249,2.54217
Olten,Lucerne,42,62,1.05787,-0.517421,1.60524
Bern,Lausanne,43,44,1.38142,-0.515942,2.09416
Bern,Belfort,43,398,1.74972,-0.517953,2.656
Bern,Martigny,43,506,0.948712,-0.513135,1.43553
Lausanne,Geneva,44,45,1.03321,-0.51078,1.56095
Lausanne,Martigny,44,506,0.818097,-0.512858,1.23767
Geneva,Mont Blanc,45,46,1.15197,-0.510911,1.74052
Geneva,Chambéry,45,447,1.26457,-0.50912,1.90839
Geneva,Mâcon,45,677,2.04974,-0.512555,3.10034
Mont Blanc,Aosta,46,47,0.664597,-0.508498,1.00254
Aosta,Ivrea,47,48,0.547913,-0.498987,0.821315
Aosta,Martigny,47,506,0.76419,-0.505523,1.15051
Ivrea,Vercelli,48,49,0.210376,-0.495913,0.314704
Ivrea,Turin,48,449,0.30981,-0.495303,0.46326
Vercelli,Alessandria,49,50,0.163344,-0.488413,0.243123
Alessandria,Genoa,50,51,0.191282,-0.480544,0.283202
Alessandria,Turin,50,449,0.209339,-0.490238,0.311964
Alessandria,Tortona,50,450,0.136913,-0.481501,0.202837
Alessandria,Asti,50,686,0.180375,-0.484122,0.267699
Genoa,Rome,51,74,0.343316,-0.468997,0.50433
Genoa,Tortona,51,450,0.204416,-0.474349,0.30138
Genoa,Nice,51,467,0.325794,-0.485047,0.483819
Amsterdam,Utrecht,52,53,1.37506,-0.520779,2.09116
Amsterdam,Amersfoort,52,309,0.798967,-0.520097,1.21451
Amsterdam,Brussels,52,326,3.35443,-0.518953,5.09522
Amsterdam,Groningen,52,624,1.43947,-0.521163,2.18967
Utrecht,Arnhem,53,54,1.05165,-0.522031,1.60065
Utrecht,Gouda,53,308,0.849347,-0.521579,1.29235
Utrecht,Amersfoort,53,309,0.792108,-0.521795,1.20543
Utrecht,Gorinchem,53,707,1.00525,-0.521433,1.52942
Arnhem,Emmerich,54,55,0.961595,-0.522886,1.4644
Emmerich,Oberhausen,55,56,1.87715,-0.52318,2.85923
Oberhausen,Cologne,56,57,3.23812,-0.523413,4.933
Oberhausen,Dortmund,56,508,2.27352,-0.523207,3.46305
Oberhausen,Venlo,56,643,2.12495,-0.522316,3.23485
Cologne,Frankfurt am Main,57,58,3.78596,-0.523739,5.76882
Cologne,Aachen,57,329,3.31568,-0.52371,5.05213
Cologne,Olpe,57,330,2.34024,-0.523902,3.56629
Cologne,Bremen,57,507,3.42363,-0.523288,5.21517
Frankfurt am Main,Heidelberg,58,59,3.39823,-0.523758,5.17809
Frankfurt am Main,Gießen,58,332,2.41947,-0.524124,3.68757
Frankfurt am Main,Mannheim,58,369,3.90806,-0.523586,5.95427
Frankfurt am Main,Aschaffenburg,58,509,2.82221,-0.523389,4.29933
Frankfurt am Main,Wiesbaden,58,656,2.77935,-0.524102,4.23601
Heidelberg,Karlsruhe,59,60,2.85233,-0.522889,4.34379
Karlsruhe,Offenburg,60,61,2.41827,-0.521053,3.67831
Karlsruhe,Stuttgart,60,510,3.3777,-0.52122,5.13822
Karlsruhe,Appenweier,60,664,2.58763,-0.521548,3.9372
Lucerne,Altdorf,62,63,0.779854,-0.51819,1.18397
Altdorf,Gotthard Pass,63,64,0.546906,-0.518486,0.830468
Altdorf,Zürich,63,399,1.02826,-0.518487,1.56139
Gotthard Pass,Bellinzona,64,65,0.273228,-0.51767,0.414669
Bellinzona,Lugano,65,66,0.134543,-0.513112,0.203578
Bellinzona,San Bernardino,65,516,0.152493,-0.516128,0.231198
Lugano,Chiasso,66,67,0.0784953,-0.49946,0.117701
Chiasso,Como,67,68,0.100858,-0.483223,0.149596
Como,Milan,68,69,0.220696,-0.479189,0.326451
Milan,Piacenza,69,70,0.250407,-0.475789,0.369548
Milan,Turin,69,449,0.3186,-0.487318,0.47386
Milan,Tortona,69,450,0.179406,-0.477963,0.265156
Milan,Brescia,69,451,0.220633,-0.47501,0.325436
Milan,Gravellona Toce,69,680,0.245691,-0.482263,0.364179
Piacenza,Parma,70,71,0.177149,-0.469687,0.260354
Parma,Modena,71,72,0.270301,-0.466702,0.396451
Modena,Florence,72,73,0.305587,-0.46209,0.446795
Modena,Verona,72,94,0.363522,-0.465924,0.532896
Modena,Bologna,72,95,0.297558,-0.461164,0.434781
Florence,Rome,73,74,0.275107,-0.462302,0.402289
Rome,Pescara,74,125,0.267619,-0.460884,0.39096
Östersund,Mora,75,76,0.0176525,-0.344416,0.0237322
Östersund,Trondheim,75,493,0.0210328,-0.34437,0.0282759
Östersund,Sundsvall,75,610,0.0219235,-0.343906,0.0294631
Mora,Säffle,76,77,0.0129428,-0.344939,0.0174072
Säffle,Gothenburg,77,78,0.017162,-0.345383,0.0230895
Gothenburg,Halmstad,78,300,0.0164571,-0.345559,0.022144
Gothenburg,Örebro,78,301,0.0177519,-0.345463,0.0238845
Gothenburg,Oslo,78,489,0.0151015,-0.345578,0.0203202
Hamburg,Hanover,79,80,2.08298,-0.522,3.1703
Hamburg,Berlin,79,108,2.25049,-0.521212,3.42348
Hamburg,Bremen,79,507,2.62223,-0.522636,3.9927
Hamburg,Lübeck,79,517,1.18801,-0.521798,1.80791
Hanover,Göttingen,80,81,1.45858,-0.522869,2.22122
Hanover,Bad Oeynhausen,80,312,1.6742,-0.522846,2.54954
Hanover,Braunschweig,80,313,1.53072,-0.521539,2.32905
Göttingen,Kassel,81,82,1.32674,-0.523336,2.02106
Kassel,Fulda,82,83,1.79529,-0.523362,2.73488
Kassel,Dortmund,82,508,2.08153,-0.523487,3.17118
Fulda,Würzburg,83,84,2.59915,-0.522969,3.95842
Würzburg,Nuremberg,84,85,3.84263,-0.521526,5.84666
Würzburg,Aschaffenburg,84,509,3.4247,-0.523083,5.2161
Würzburg,Stuttgart,84,510,2.72411,-0.522509,4.14748
Würzburg,Ulm,84,512,1.74358,-0.520888,2.65179
Nuremberg,Munich,85,86,3.16464,-0.517761,4.80317
Nuremberg,Heilbronn,85,370,3.4533,-0.521551,5.25437
Nuremberg,Rozvadov,85,371,2.66271,-0.519009,4.04469
Nuremberg,Bayreuth,85,529,3.58226,-0.51954,5.44339
Nuremberg,Regensburg,85,667,2.53352,-0.519134,3.84876
Munich,Rosenheim,86,87,2.21489,-0.514851,3.35522
Munich,Salzburg,86,115,2.61794,-0.514072,3.96375
Munich,Ulm,86,512,2.27483,-0.517683,3.45248
Munich,Lindau,86,513,2.45978,-0.515768,3.72845
Munich,Deggendorf,86,531,2.45926,-0.516487,3.72944
Munich,Garmisch-Partenkirchen,86,718,2.15458,-0.515708,3.26572
Munich,Braunau am Inn,86,721,1.91439,-0.515149,2.90059
Rosenheim,Wörgl,87,88,1.46203,-0.514531,2.2143
Rosenheim,Bad Reichenhall,87,407,1.16187,-0.513931,1.75899
Wörgl,Innsbruck,88,89,1.37389,-0.513321,2.07914
Wörgl,St. Johann in Tirol,88,732,1.03397,-0.513561,1.56498
Innsbruck,Brenner,89,90,0.789902,-0.511554,1.19398
Innsbruck,Telfs,89,405,0.69987,-0.513009,1.05891
Innsbruck,Imst,89,406,0.71545,-0.513063,1.08252
Innsbruck,Seefeld,89,720,0.824715,-0.512984,1.24778
Brenner,Fortezza,90,91,0.468447,-0.50787,0.706358
Fortezza,Bolzano,91,92,0.296035,-0.499631,0.443943
Fortezza,Innichen,91,681,0.403963,-0.504903,0.607925
Bolzano,Trento,92,93,0.2076,-0.483079,0.307888
Trento,Verona,93,94,0.319741,-0.469923,0.469995
Verona,Mestre,94,120,0.447046,-0.467364,0.655979
Verona,Brescia,94,451,0.334468,-0.468464,0.491155
Bologna,Cesena,95,96,0.251078,-0.458653,0.366236
Cesena,Perugia,96,97,0.173589,-0.457362,0.252982
Cesena,Ravenna,96,121,0.265586,-0.461514,0.388158
Cesena,Rimini,96,122,0.179574,-0.457166,0.26167
Perugia,Fiano Romano,97,98,0.0710494,-0.455674,0.103425
Fiano Romano,Naples,98,99,0.0332607,-0.453734,0.0483521
Naples,Salerno,99,100,0.00879128,-0.45193,0.0127643
Naples,Avellino,99,741,0.0130608,-0.451159,0.0189532
Salerno,Sicignano degli Alburni,100,101,0.00503232,-0.448206,0.00728784
Salerno,Avellino,100,741,0.006588,-0.448662,0.00954378
Sicignano degli Alburni,Potenza,101,743,0.00264538,-0.445971,0.00382515
Messina,Catania,102,103,6.60077e-05,-0.48431,6.60077e-05
Messina,Palermo,102,474,6.60077e-05,-0.48431,6.60077e-05
Catania,Siracusa,103,104,6.60077e-05,-0.48431,6.60077e-05
Siracusa,Gela,104,105,6.60077e-05,-0.48431,6.60077e-05
Gela,Mazara del Vallo,105,473,6.60077e-05,-0.48431,6.60077e-05
Helsingborg,Copenhagen,299,106,0.00366637,-0.345603,0.00493348
Copenhagen,Malmö,106,135,0.00187616,-0.345503,0.00252437
Rostock,Berlin,107,108,1.67982,-0.520511,2.55419
Rostock,Lübeck,107,517,0.846609,-0.521086,1.28777
Rostock,Sassnitz,107,625,0.71013,-0.52056,1.07979
Berlin,Lübbenau,108,109,2.50915,-0.52007,3.81409
Berlin,Szczecin,108,137,1.99119,-0.520502,3.02761
Berlin,Świebodzin,108,139,2.38896,-0.521038,3.63369
Berlin,Magdeburg,108,314,2.51948,-0.520463,3.83077
Berlin,Leipzig,108,526,2.21556,-0.520019,3.36769
Berlin,Neubrandenburg,108,700,1.54903,-0.520489,2.35528
Lübbenau,Dresden,109,110,1.83993,-0.519479,2.79574
Lübbenau,Cottbus,109,644,1.36959,-0.519853,2.08157
Dresden,Ústí nad Labem,110,111,1.85656,-0.517686,2.81768
Dresden,Chemnitz,110,337,2.09345,-0.519021,3.18
Dresden,Görlitz,110,338,1.34547,-0.519204,2.04405
Ústí nad Labem,Prague,111,112,2.06764,-0.515646,3.13381
Prague,Tábor,112,113,1.97397,-0.513198,2.98701
Prague,Mladá Boleslav,112,146,1.16332,-0.515107,1.76255
Prague,Jihlava,112,147,1.98969,-0.512625,3.00965
Prague,Plzeň,112,372,2.24677,-0.514591,3.40294
Prague,Karlovy Vary,112,523,1.39139,-0.515405,2.10852
Prague,Hradec Králové,112,551,1.50449,-0.514584,2.27868
Tábor,Linz,113,114,1.73488,-0.51265,2.62426
Linz,Salzburg,114,115,1.81974,-0.512106,2.75163
Linz,Sattledt,114,408,0.737186,-0.51164,1.11436
Linz,Sankt Pölten,114,409,1.7154,-0.510842,2.5917
Linz,Wels,114,669,1.31175,-0.51265,1.98421
Salzburg,Villach,115,116,2.64734,-0.509085,3.99507
Salzburg,Bad Reichenhall,115,407,1.39853,-0.512351,2.11507
Salzburg,Sattledt,115,408,1.45588,-0.509956,2.19832
Salzburg,Lofer,115,733,1.67328,-0.512636,2.53107
Villach,Tarvisio,116,117,1.33548,-0.505142,2.01009
Villach,Karavanke Tunnel,116,537,1.13657,-0.503269,1.70856
Villach,Spittal an der Drau,116,682,1.31717,-0.506084,1.98377
Villach,Klagenfurt,116,683,1.39486,-0.504443,2.09849
Tarvisio,Udine,117,118,0.620512,-0.500265,0.930932
Udine,Palmanova,118,119,0.526383,-0.488925,0.783744
Palmanova,Mestre,119,120,0.557739,-0.477456,0.824035
Palmanova,Trieste,119,452,0.599535,-0.484582,0.890059
Mestre,Ravenna,120,121,0.341402,-0.467405,0.500976
Rimini,Fano,122,123,0.0884259,-0.455168,0.128675
Fano,Ancona,123,124,0.0777746,-0.454544,0.113127
Ancona,Pescara,124,125,0.137827,-0.456427,0.200735
Pescara,Canosa di Puglia,125,126,0.149012,-0.456088,0.216974
Canosa di Puglia,Bari,126,127,0.047529,-0.452696,0.0690452
Canosa di Puglia,Benevento,126,742,0.0489355,-0.452963,0.0711016
Bari,Brindisi,127,128,0.0127184,-0.450818,0.0184521
Bari,Taranto,127,476,0.0120524,-0.450672,0.017484
Brindisi,Taranto,128,476,0.0029359,-0.44761,0.00425004
Igoumenitsa,Preveza,129,130,0.00639412,-0.411055,0.00902246
Igoumenitsa,Ioannina,129,477,0.0148556,-0.413025,0.0209914
Preveza,Rhion,130,131,0.00318929,-0.40835,0.00449164
Rhion,Patras,131,132,0.00114454,-0.404575,0.0016076
Rhion,Aigio,131,175,0.00114454,-0.404575,0.0016076
Patras,Pyrgos,132,133,0.000492845,-0.401633,0.000690788
Pyrgos,Kalamata,133,134,0.000237032,-0.397908,0.000331349
Kalamata,Tripoli,134,177,0.000169854,-0.395507,0.000237032
Malmö,Helsingborg,135,299,0.00504704,-0.345577,0.00679118
Malmö,Kalmar,135,626,0.00480186,-0.34547,0.00646076
Goleniów,Szczecin,136,137,0.848379,-0.520678,1.29011
Goleniów,Koszalin,136,637,0.366797,-0.521518,0.558088
Szczecin,Gorzów Wielkopolski,137,138,0.904761,-0.520917,1.37607
Gorzów Wielkopolski,Świebodzin,138,139,1.08975,-0.521609,1.65817
Świebodzin,Zielona Góra,139,140,1.44117,-0.521589,2.19286
Świebodzin,Poznań,139,315,2.29557,-0.522961,3.49606
Zielona Góra,Legnica,140,141,1.44553,-0.521685,2.19964
Legnica,Jelenia Góra,141,142,1.2883,-0.520406,1.95874
Legnica,Görlitz,141,338,1.42747,-0.520078,2.16986
Legnica,Wrocław,141,339,2.17402,-0.520437,3.30547
Legnica,Cottbus,141,644,1.42912,-0.520119,2.17244
Jelenia Góra,Harrachov,142,143,0.554043,-0.519853,0.842064
Harrachov,Železný Brod,143,144,0.395826,-0.518141,0.60092
Železný Brod,Turnov,144,145,0.647797,-0.516561,0.982424
Turnov,Mladá Boleslav,145,146,0.685171,-0.51558,1.03843
Turnov,Hradec Králové,145,551,0.966961,-0.515488,1.46542
Turnov,Teplice,145,715,0.838115,-0.516427,1.27094
Jihlava,Brno,147,148,1.00009,-0.510942,1.51108
Jihlava,Vienna,147,410,1.60914,-0.510757,2.43102
Brno,Bratislava,148,149,1.39466,-0.508406,2.10372
Brno,Trenčín,148,373,1.38955,-0.510222,2.09853
Brno,Vienna,148,410,1.59077,-0.508561,2.39977
Brno,Olomouc,148,716,1.40992,-0.511855,2.1316
Bratislava,Rajka,149,150,1.4873,-0.507278,2.24178
Bratislava,Žilina,149,195,1.59733,-0.5108,2.41325
Bratislava,Győr,149,196,1.48795,-0.502683,2.23592
Bratislava,Vienna,149,410,2.06175,-0.504242,3.10138
Bratislava,Zvolen,149,568,2.09416,-0.507894,3.15777
Bratislava,Dunajská Streda,149,724,1.2777,-0.507387,1.92599
Rajka,Csorna,150,151,0.58875,-0.50692,0.887199
Csorna,Szombathely,151,152,0.287096,-0.503842,0.431747
Szombathely,Zalaegerszeg,152,153,0.274743,-0.496806,0.411237
Zalaegerszeg,Nagykanizsa,153,154,0.535379,-0.493071,0.799359
Nagykanizsa,Letenye,154,155,0.332268,-0.492331,0.495854
Nagykanizsa,Zagreb,154,156,0.718283,-0.49067,1.07072
Nagykanizsa,Balatonvilágos,154,553,1.06202,-0.49333,1.58595
Letenye,Zagreb,155,156,0.386015,-0.489239,0.574869
Zagreb,Karlovac,156,157,0.56511,-0.489027,0.841465
Zagreb,Ljubljana,156,454,0.551469,-0.490446,0.821935
Zagreb,Slavonski Brod,156,455,0.609709,-0.482128,0.903666
Zagreb,Maribor,156,535,0.672374,-0.493787,1.00438
Karlovac,Rijeka,157,158,0.248481,-0.487262,0.369557
Karlovac,Knin,157,554,0.199539,-0.487355,0.296786
Rijeka,Split,158,159,0.166633,-0.485263,0.247493
Rijeka,Trieste,158,452,0.425869,-0.486956,0.633248
Split,Dubrovnik,159,160,0.117072,-0.479199,0.173172
Split,Knin,159,554,0.117691,-0.484591,0.174723
Dubrovnik,Petrovac,160,161,0.0373335,-0.473067,0.0549947
Dubrovnik,Podgorica,160,162,0.0807885,-0.466616,0.118486
Petrovac,Podgorica,161,162,0.0522051,-0.460923,0.0762677
Petrovac,Prizren,161,744,0.0479124,-0.46127,0.070013
Podgorica,Bijelo Polje,162,163,0.0803182,-0.461576,0.117391
Podgorica,Pristina,162,164,0.110566,-0.460302,0.16146
Podgorica,Sarajevo,162,737,0.138385,-0.462108,0.202333
Bijelo Polje,Pristina,163,164,0.111279,-0.460178,0.162487
Bijelo Polje,Nova Varoš,163,740,0.122408,-0.462963,0.179079
Pristina,Skopje,164,165,0.147546,-0.457005,0.214975
Pristina,Niš,164,202,0.29689,-0.462293,0.434139
Pristina,Prizren,164,744,0.09132,-0.459602,0.133291
Skopje,Kičevo,165,166,0.0991531,-0.45332,0.144101
Skopje,Kumanovo,165,203,0.14462,-0.45674,0.210673
Skopje,Veles,165,204,0.103974,-0.451554,0.150924
Kičevo,Ohrid,166,167,0.040556,-0.450777,0.0588377
Ohrid,Bitola,167,168,0.0185223,-0.444517,0.0267558
Bitola,Niki,168,169,0.0129556,-0.430126,0.0185282
Niki,Vevi,169,170,0.018534,-0.418414,0.0262889
Vevi,Kozani,170,171,0.0396222,-0.416107,0.0561093
Kozani,Larissa,171,172,0.0267853,-0.415818,0.0379231
Kozani,Thessaloniki,171,207,0.0883871,-0.418098,0.125342
Kozani,Ioannina,171,477,0.0325744,-0.415474,0.0461083
Larissa,Domokos,172,173,0.0118452,-0.41485,0.0167592
Larissa,Lamia,172,174,0.0118452,-0.41485,0.0167592
Larissa,Katerini,172,208,0.034201,-0.4167,0.0484526
Larissa,Trikala,172,687,0.0168212,-0.414255,0.0237895
Domokos,Lamia,173,174,6.60077e-05,-0.48431,3.30038e-05
Aigio,Corinth,175,176,0.000492845,-0.401633,0.000690788
Corinth,Tripoli,176,177,0.000237032,-0.397908,0.000331349
Varangerbotn,Utsjoki,178,179,0.0641054,-0.496656,0.0959438
Varangerbotn,Kirkenes,178,243,0.175562,-0.520414,0.266927
Varangerbotn,Karasjok,178,502,0.064049,-0.496751,0.0958655
Utsjoki,Inari,179,180,0.0250917,-0.493505,0.0374746
Inari,Ivalo,180,181,0.0108437,-0.48325,0.016084
Ivalo,Sodankylä,181,182,0.00707622,-0.450842,0.0102665
Sodankylä,Rovaniemi,182,183,0.00657535,-0.40635,0.00924724
Sodankylä,Kemijärvi,182,539,0.00442038,-0.420876,0.00628082
Rovaniemi,Kemi,183,184,0.00863829,-0.387998,0.0119899
Kemi,Oulu,184,185,0.0131589,-0.397005,0.0183831
Kemi,Tornio,184,614,0.0086287,-0.377084,0.0118824
Oulu,Jyväskylä,185,186,0.0141317,-0.423355,0.0201144
Oulu,Kokkola,185,615,0.0105916,-0.419154,0.0150311
Jyväskylä,Heinola,186,187,0.0210619,-0.458579,0.0307205
Jyväskylä,Kuopio,186,544,0.0141785,-0.43404,0.0203325
Jyväskylä,Tampere,186,545,0.0202024,-0.450718,0.029308
Heinola,Lahti,187,188,0.0266537,-0.491817,0.0397624
Lahti,Helsinki,188,189,0.0584629,-0.508933,0.0882166
Helsinki,Hämeenlinna,189,618,0.0589514,-0.508697,0.0889399
Helsinki,Kotka,189,621,0.172147,-0.522644,0.262119
Gdańsk,Świecie,190,191,1.80075,-0.526809,2.7494
Gdańsk,Kaliningrad,190,563,1.405,-0.529277,2.14864
Gdańsk,Elbląg,190,564,1.54618,-0.527058,2.36111
Gdańsk,Gdynia,190,639,1.10582,-0.527655,1.68931
Świecie,Łódź,191,192,1.26603,-0.525303,1.93108
Świecie,Poznań,191,315,1.68849,-0.525374,2.57558
Łódź,Piotrków Trybunalski,192,193,1.45025,-0.525067,2.21172
Piotrków Trybunalski,Katowice,193,194,1.70484,-0.523213,2.59683
Piotrków Trybunalski,Warsaw,193,316,2.51433,-0.526434,3.83796
Piotrków Trybunalski,Wrocław,193,339,1.7228,-0.523412,2.62453
Katowice,Žilina,194,195,1.3723,-0.517852,2.08295
Katowice,Zabrze,194,342,1.22268,-0.52102,1.85972
Katowice,Kraków,194,343,1.87845,-0.521193,2.85748
Katowice,Český Těšín,194,717,0.967175,-0.519897,1.47001
Žilina,Olomouc,195,716,0.812272,-0.513719,1.22955
Győr,Budapest,196,197,2.04588,-0.500563,3.06997
Győr,Vámosszabadi,196,726,0.939006,-0.503062,1.41138
Budapest,Szeged,197,198,2.04985,-0.490959,3.05624
Budapest,Mosonmagyaróvár,197,412,2.16548,-0.499069,3.2462
Budapest,Szolnok,197,413,2.05466,-0.49293,3.06747
Budapest,Miskolc,197,552,2.1445,-0.49645,3.20914
Budapest,Balatonvilágos,197,553,1.84792,-0.493936,2.76067
Budapest,Szekszárd,197,555,1.68481,-0.494106,2.51729
Budapest,Zvolen,197,568,2.00557,-0.500337,3.00903
Szeged,Subotica,198,199,1.19184,-0.482619,1.76704
Szeged,Arad,198,684,1.43035,-0.483384,2.12176
Subotica,Novi Sad,199,200,0.671154,-0.481381,0.994235
Subotica,Sombor,199,735,0.626152,-0.485808,0.930342
Novi Sad,Belgrade,200,201,0.630959,-0.476595,0.931671
Belgrade,Niš,201,202,0.515528,-0.469632,0.757637
Belgrade,Slavonski Brod,201,455,0.565881,-0.477328,0.835992
Belgrade,Vršac,201,456,0.507679,-0.472616,0.747616
Belgrade,Čačak,201,739,0.444944,-0.470408,0.654249
Niš,Kumanovo,202,203,0.213443,-0.463533,0.312381
Niš,Drobeta-Turnu Severin,202,458,0.497439,-0.468633,0.730556
Niš,Sofia,202,468,0.351188,-0.454125,0.510672
Kumanovo,Kyustendil,203,745,0.131337,-0.454806,0.19107
Veles,Gevgelija,204,205,0.0542009,-0.442074,0.0781618
Gevgelija,Evzoni,205,206,0.0523497,-0.427026,0.0747044
Evzoni,Thessaloniki,206,207,0.0952079,-0.420318,0.135225
Thessaloniki,Katerini,207,208,0.0641757,-0.418795,0.0910522
Thessaloniki,Alexandroupoli,207,233,0.133097,-0.416961,0.188593
Thessaloniki,Serres,207,577,0.116781,-0.425086,0.166423
Klaipėda,Kaunas,209,210,2.10833,-0.532227,3.23044
Klaipėda,Palanga,209,704,1.23943,-0.533018,1.90007
Kaunas,Vilnius,210,211,2.33755,-0.531934,3.58097
Kaunas,Warsaw,210,316,4.45459,-0.52994,6.81526
Kaunas,Riga,210,547,3.0758,-0.531354,4.71014
Kaunas,Ukmergė,210,701,1.96599,-0.53196,3.01181
Vilnius,Lida,211,212,2.18867,-0.532226,3.35353
Vilnius,Minsk,211,318,4.40816,-0.530299,6.7458
Vilnius,Marijampolė,211,641,2.2994,-0.532459,3.52374
Vilnius,Ukmergė,211,701,2.30155,-0.532388,3.52687
Lida,Slonim,212,213,0.855206,-0.532135,1.31029
Slonim,Kobryn,213,214,0.431913,-0.528647,0.660243
Kobryn,Dubno,214,215,0.46528,-0.52105,0.707714
Dubno,Ternopil,215,216,0.983515,-0.517296,1.49228
Ternopil,Chernivtsi,216,217,1.09631,-0.5149,1.66079
Ternopil,Stryj,216,379,1.55039,-0.514157,2.34753
Ternopil,Khmelnytskyi,216,380,1.40837,-0.519109,2.13946
Chernivtsi,Siret,217,218,0.802298,-0.50973,1.21125
Siret,Suceava,218,219,1.3262,-0.505448,1.99653
Suceava,Roman,219,220,1.29353,-0.503527,1.94485
Suceava,Halmeu,219,578,1.98706,-0.502419,2.9854
Suceava,Iaşi,219,670,1.77474,-0.506935,2.67441
Roman,Urziceni,220,221,0.698938,-0.500119,1.04849
Urziceni,Bucharest,221,222,0.463772,-0.490901,0.691438
Urziceni,Slobozia,221,421,0.39194,-0.497362,0.586877
Bucharest,Giurgiu,222,223,0.225738,-0.48066,0.33424
Bucharest,Ploieşti,222,420,0.205148,-0.48289,0.304212
Bucharest,Constanţa,222,423,0.310827,-0.486676,0.462099
Bucharest,Alexandria,222,460,0.233254,-0.479122,0.345011
Bucharest,Piteşti,222,583,0.254817,-0.480266,0.377197
Giurgiu,Ruse,223,224,0.114586,-0.475832,0.16911
Ruse,Byala,224,225,0.0575849,-0.467359,0.0844977
Ruse,Razgrad,224,461,0.0538459,-0.468943,0.0790966
Byala,Veliko Tarnovo,225,226,0.0440813,-0.461581,0.0644284
Byala,Pleven,225,584,0.0426398,-0.456918,0.0621226
Veliko Tarnovo,Stara Zagora,226,227,0.0493258,-0.460353,0.0720331
Veliko Tarnovo,Shumen,226,462,0.0487933,-0.466344,0.0715478
Stara Zagora,Haskovo,227,228,0.0294405,-0.457616,0.0429129
Stara Zagora,Burgas,227,590,0.0444584,-0.466196,0.0651847
Haskovo,Svilengrad,228,229,0.0134894,-0.448317,0.019537
Svilengrad,Ormenio,229,230,0.00963353,-0.430435,0.0137801
Ormenio,Kastanies,230,231,0.0140708,-0.417168,0.0199408
Kastanies,Didymoteicho,231,232,0.030248,-0.41437,0.0427818
Didymoteicho,Alexandroupoli,232,233,0.0714928,-0.414761,0.101145
Alexandroupoli,Gelibolu,233,478,0.0892203,-0.414325,0.126186
Saint Petersburg,Pskov,234,235,4.26926,-0.527085,6.51952
Saint Petersburg,Moscow,234,239,7.85186,-0.521414,11.9459
Saint Petersburg,Petrozavodsk,234,245,2.70234,-0.524381,4.1194
Saint Petersburg,Narva,234,304,3.21977,-0.526277,4.91426
Saint Petersburg,Vyborg,234,623,2.70231,-0.524379,4.11935
Pskov,Gomel,235,236,5.68996,-0.529158,8.70085
Pskov,Riga,235,547,4.11279,-0.529899,6.29216
Gomel,Kiev,236,237,7.79742,-0.525783,11.8972
Gomel,Babruysk,236,703,4.75744,-0.529106,7.27464
Kiev,Odessa,237,238,5.52779,-0.520515,8.40508
Kiev,Hlukhiv,237,242,6.77311,-0.520437,10.2981
Kiev,Kharkiv,237,247,6.54875,-0.518716,9.9457
Kiev,Rivne,237,348,4.92292,-0.522458,7.49494
Kiev,Zhytomyr,237,349,3.91961,-0.522434,5.96734
Odessa,Izmail,238,586,1.8255,-0.519556,2.77395
Odessa,Chişinău,238,672,2.15958,-0.519243,3.28093
Odessa,Mykolaiv,238,673,2.133,-0.520274,3.24275
Moscow,Kaluga,239,240,5.50211,-0.51932,8.35947
Moscow,Orel,239,246,5.83417,-0.51545,8.84139
Moscow,Voronezh,239,248,5.97416,-0.512241,9.03437
Moscow,Tambov,239,256,5.16256,-0.510381,7.79743
Moscow,Smolensk,239,319,6.094,-0.523254,9.28271
Moscow,Ryazan,239,320,4.42725,-0.512425,6.69588
Moscow,Velikiye Luki,239,628,5.31088,-0.520418,8.07475
Moscow,Vladimir,239,629,4.51678,-0.51182,6.82855
Kaluga,Bryansk,240,241,3.05035,-0.521194,4.64018
Bryansk,Hlukhiv,241,242,3.77824,-0.521586,5.74892
Hlukhiv,Kursk,242,645,4.009,-0.520273,6.09478
Kirkenes,Murmansk,243,244,0.389898,-0.525145,0.59465
Murmansk,Petrozavodsk,244,245,1.01374,-0.525166,1.54612
Orel,Kharkiv,246,247,4.40616,-0.516666,6.68268
Kharkiv,Luhansk,247,350,3.55501,-0.518276,5.39748
Voronezh,Novorossiysk,248,249,3.76943,-0.505307,5.67414
Voronezh,Kursk,248,645,3.81898,-0.516666,5.79212
Voronezh,Saratov,248,646,3.05935,-0.505348,4.60539
Novorossiysk,Dzhankoy,249,601,1.53325,-0.508818,2.3134
Novorossiysk,Sochi,249,602,1.48716,-0.50848,2.24335
Mineralnye Vody,Nalchik,250,251,0.188688,-0.502028,0.283415
Mineralnye Vody,Makhachkala,250,260,0.422464,-0.500975,0.634108
Mineralnye Vody,Armavir,250,387,0.225264,-0.504606,0.338933
Nalchik,Vladikavkaz,251,252,0.0721147,-0.501823,0.108303
Vladikavkaz,Stepantsminda,252,253,0.0279191,-0.501498,0.0419205
Stepantsminda,Mtskheta,253,254,0.0117263,-0.500824,0.0175992
Mtskheta,Tbilisi,254,255,0.0072792,-0.499795,0.0109173
Tbilisi,Gori,255,428,0.00471167,-0.500793,0.00707124
Tbilisi,Rustavi,255,429,0.00681117,-0.49929,0.0102119
Tambov,Povorino,256,257,2.35323,-0.511813,3.55765
Povorino,Volgograd,257,258,1.95273,-0.512672,2.95384
Volgograd,Astrakhan,258,259,2.04863,-0.507197,3.08769
Volgograd,Luhansk,258,350,2.30669,-0.515481,3.49574
Astrakhan,Makhachkala,259,260,1.29769,-0.500627,1.94735
Astrakhan,Atyrau,259,265,1.65734,-0.492843,2.47415
Makhachkala,Kuba,260,261,0.415918,-0.500603,0.624128
Kuba,Baku,261,262,0.158868,-0.500455,0.238374
Baku,Yevlakh,262,431,0.0608299,-0.500324,0.0912645
Samara,Oral,263,264,1.29486,-0.47444,1.90919
Samara,Penza,263,321,1.27059,-0.49181,1.89548
Samara,Ufa,263,322,0.922663,-0.469393,1.35576
Oral,Atyrau,264,265,1.35692,-0.470117,1.99483
Oral,Saratov,264,646,1.95137,-0.492696,2.9128
Oral,Aktobe,264,647,0.929336,-0.473592,1.36946
Atyrau,Beineu,265,266,0.657835,-0.479962,0.973571
Atyrau,Beyneu,265,351,0.657835,-0.479962,0.973571
Beineu,Shetpe,266,267,0.256268,-0.478671,0.378936
Shetpe,Zhetybai,267,268,0.100037,-0.477306,0.147785
Zhetybai,Fetisovo,268,269,0.0393028,-0.475704,0.0579993
Fetisovo,Bekdash,269,270,0.0159616,-0.472576,0.0235046
Bekdash,Türkmenbaşy,270,271,0.00770643,-0.462977,0.0112743
Türkmenbaşy,Gyzylarbat,271,272,0.00658709,-0.445501,0.00952164
Gyzylarbat,Ashgabat,272,432,0.0113369,-0.438365,0.0163065
Chelyabinsk,Kostanay,273,274,0.191354,-0.465175,0.280367
Chelyabinsk,Ufa,273,322,0.412778,-0.468539,0.60618
Chelyabinsk,Kurgan,273,323,0.210051,-0.463526,0.307416
Kostanay,Esil,274,275,0.0817297,-0.460956,0.119403
Esil,Derzhavinsk,275,276,0.047453,-0.446139,0.0686236
Derzhavinsk,Arkalyk,276,277,0.0555175,-0.425222,0.0791247
Arkalyk,Jezkazgan,277,278,0.110796,-0.415846,0.156871
Jezkazgan,Kyzylorda,278,279,0.168451,-0.410283,0.237564
Jezkazgan,Karaganda,278,286,0.163487,-0.41617,0.231525
Kyzylorda,Shymkent,279,280,0.155939,-0.410358,0.21993
Kyzylorda,Novokazalinsk,279,650,0.125702,-0.420586,0.178571
Shymkent,Tashkent,280,281,0.115671,-0.404134,0.162417
Shymkent,Zhambyl,280,359,0.0940271,-0.404824,0.132092
Tashkent,Ayni,281,282,0.0406212,-0.40275,0.0569814
Tashkent,Jizzakh,281,358,0.0522541,-0.402619,0.0732926
Tashkent,Kokand,281,689,0.0429203,-0.402021,0.0601752
Ayni,Dushanbe,282,283,0.0306411,-0.39698,0.0428051
Ayni,Kokand,282,689,0.0153518,-0.396965,0.0214459
Dushanbe,Termez,283,440,0.0164359,-0.393744,0.0229075
Dushanbe,Jirgatal,283,441,0.0167941,-0.393633,0.0234048
Dushanbe,Kulob,283,692,0.012291,-0.393699,0.0171299
Ishim,Astana,284,285,0.0847887,-0.438573,0.121975
Ishim,Omsk,284,291,0.0847887,-0.438573,0.121975
Ishim,Kurgan,284,323,0.14206,-0.45507,0.206707
Ishim,Tyumen,284,635,0.0950868,-0.451765,0.138044
Astana,Karaganda,285,286,0.0860852,-0.425437,0.122709
Karaganda,Balkhash,286,287,0.094156,-0.414958,0.133227
Karaganda,Pavlodar,286,292,0.101051,-0.42142,0.143636
Balkhash,Burubaytal,287,288,0.0548848,-0.41088,0.0774358
Burubaytal,Almaty,288,289,0.0607157,-0.404915,0.0853004
Almaty,Bishkek,289,290,0.090748,-0.401326,0.127168
Almaty,Sary-Ozek,289,360,0.0439124,-0.401914,0.0615614
Almaty,Kokpek,289,695,0.0360559,-0.402019,0.0505511
Bishkek,Zhambyl,290,359,0.0816607,-0.401938,0.114483
Bishkek,Osh,290,691,0.080894,-0.399867,0.113241
Omsk,Pavlodar,291,292,0.0636162,-0.430407,0.090997
Pavlodar,Semey,292,293,0.0522399,-0.424557,0.0744187
Semey,Georgiyevka,293,294,0.0216458,-0.424118,0.0308262
Georgiyevka,Ayagoz,294,364,0.00941246,-0.422475,0.013389
Narvik,Kiruna,295,296,0.00172649,-0.362262,0.00235193
Narvik,Setermoen,295,498,0.00119517,-0.416497,0.00169296
Kiruna,Töre,296,297,0.00350869,-0.346517,0.00472451
Töre,Luleå,297,298,0.00772254,-0.344386,0.0103821
Luleå,Umeå,298,612,0.0133725,-0.343608,0.0179674
Luleå,Haparanda,298,613,0.00864944,-0.347119,0.0116518
Helsingborg,Halmstad,299,300,0.0110518,-0.345604,0.0148714
Helsingborg,Jönköping,299,605,0.00680596,-0.345578,0.00915795
Örebro,Stockholm,301,302,0.021247,-0.345368,0.0285851
Örebro,Karlstad,301,620,0.0126967,-0.345507,0.0170835
Stockholm,Södertälje,302,608,0.0156894,-0.345175,0.021105
Stockholm,Uppsala,302,609,0.0185393,-0.344829,0.0249322
Tallinn,Narva,303,304,1.93367,-0.528544,2.9557
Tallinn,Riga,303,547,2.69162,-0.529746,4.1175
Colchester,Ipswich,305,306,6.60077e-05,-0.48431,6.60077e-05
Ipswich,Cambridge,306,636,6.60077e-05,-0.48431,6.60077e-05
The Hague,Gouda,307,308,0.385462,-0.521543,0.586497
Amersfoort,Oldenzaal,309,310,0.657545,-0.521875,1.0007
Amersfoort,Hoogeveen,309,698,0.613618,-0.521785,0.933795
Oldenzaal,Osnabrück,310,311,0.570283,-0.522817,0.868437
Osnabrück,Bad Oeynhausen,311,312,1.07933,-0.523233,1.64407
Bad Oeynhausen,Dortmund,312,508,1.86292,-0.523513,2.83818
Braunschweig,Magdeburg,313,314,1.41347,-0.521048,2.14996
Magdeburg,Halle,314,518,1.49267,-0.520332,2.26935
Poznań,Warsaw,315,316,2.90194,-0.526037,4.42847
Poznań,Wrocław,315,339,1.6732,-0.523861,2.54973
Warsaw,Elbląg,316,564,2.34318,-0.527321,3.57879
Warsaw,Radom,316,565,2.75224,-0.525473,4.19847
Warsaw,Lublin,316,713,3.28585,-0.525936,5.014
Brest,Rennes,317,365,0.321158,-0.513143,0.485959
Brest,Lorient,317,388,0.175151,-0.512697,0.26495
Minsk,Smolensk,318,319,4.59815,-0.527039,7.02155
Minsk,Babruysk,318,703,4.21436,-0.529665,6.44655
Ryazan,Penza,320,321,1.88907,-0.508104,2.84892
Ufa,Yelabuga,322,632,0.456856,-0.472414,0.672681
Bruges,Ghent,324,325,1.62376,-0.517009,2.46326
Bruges,Zeebrugge,324,642,1.84152,-0.517399,2.79433
Ghent,Brussels,325,326,2.21585,-0.517309,3.36212
Brussels,Leuven,326,327,2.86757,-0.519132,4.35621
Leuven,Hasselt,327,708,1.9076,-0.521282,2.90199
Eupen,Aachen,328,329,2.33309,-0.523182,3.55371
Eupen,St. Vith,328,653,1.19365,-0.522285,1.81708
Aachen,Heerlen,329,709,1.84122,-0.523596,2.80528
Olpe,Wetzlar,330,331,2.19296,-0.523883,3.34181
Wetzlar,Gießen,331,332,2.19653,-0.524054,3.34763
Wetzlar,Dortmund,331,508,3.05478,-0.523901,4.65518
Wetzlar,Aschaffenburg,331,509,2.35297,-0.523739,3.58532
Wetzlar,Koblenz,331,660,2.30324,-0.523841,3.50977
Gießen,Bad Hersfeld,332,333,1.36706,-0.524245,2.08374
Bad Hersfeld,Eisenach,333,334,0.634464,-0.523561,0.966644
Eisenach,Erfurt,334,335,0.566224,-0.521329,0.861412
Erfurt,Gera,335,336,1.08836,-0.519954,1.65426
Gera,Chemnitz,336,337,1.61736,-0.519451,2.4575
Gera,Leipzig,336,526,1.63109,-0.519797,2.47892
Gera,Hirschberg,336,527,1.14777,-0.519628,1.74418
Chemnitz,Plauen,337,519,1.52434,-0.519394,2.31608
Wrocław,Opole,339,340,1.37349,-0.522072,2.09055
Wrocław,Kłodzko,339,548,1.39373,-0.522107,2.12141
Opole,Gliwice,340,341,0.653862,-0.521889,0.995105
Gliwice,Zabrze,341,342,0.616724,-0.521378,0.93827
Kraków,Rzeszów,343,344,0.886233,-0.52115,1.34809
Kraków,Radom,343,565,1.09764,-0.524014,1.67281
Kraków,Trstená,343,566,1.09988,-0.519164,1.6709
Rzeszów,Jarosław,344,345,0.856603,-0.521972,1.30373
Rzeszów,Radom,344,565,0.95284,-0.524521,1.45262
Rzeszów,Barwinek,344,710,0.671212,-0.522059,1.02162
Jarosław,Korczowa,345,346,0.924007,-0.520343,1.40481
Korczowa,Lviv,346,347,1.95301,-0.519186,2.96699
Lviv,Rivne,347,348,2.67002,-0.52087,4.06076
Lviv,Mukachevo,347,378,3.40698,-0.514656,5.16041
Lviv,Lublin,347,713,1.98993,-0.521627,3.02793
Rivne,Zhytomyr,348,349,1.6957,-0.523101,2.58272
Rivne,Kovel,348,714,1.67458,-0.523209,2.55074
Zhytomyr,Vinnytsia,349,381,2.83505,-0.523388,4.31888
Beyneu,Qo‘ng‘irot,351,352,0.258485,-0.478331,0.382127
Qo‘ng‘irot,Nukus,352,353,0.106419,-0.475195,0.156988
Nukus,Daşoguz,353,354,0.0554911,-0.46702,0.0814066
Daşoguz,Bukhara,354,355,0.0198241,-0.441866,0.0285837
Daşoguz,Ashgabat,354,432,0.0224333,-0.443727,0.0323875
Daşoguz,Uchkuduk,354,688,0.0150407,-0.454317,0.0218739
Bukhara,Navoiy,355,356,0.0164816,-0.416386,0.0233444
Bukhara,Alat,355,436,0.0133268,-0.420937,0.0189366
Bukhara,Karshi,355,437,0.0135219,-0.419929,0.0192002
Bukhara,Uchkuduk,355,688,0.00957118,-0.426848,0.0136566
Navoiy,Samarkand,356,357,0.0143021,-0.405942,0.020108
Samarkand,Jizzakh,357,358,0.0237343,-0.402112,0.0332781
Sary-Ozek,Taldykorgan,360,361,0.020959,-0.401391,0.0293717
Sary-Ozek,Koktal,360,697,0.0197686,-0.401249,0.0277007
Taldykorgan,Ucharal,361,362,0.00930307,-0.402159,0.0130444
Ucharal,Taskesken,362,363,0.00512981,-0.406997,0.00721762
Taskesken,Ayagoz,363,364,0.00513218,-0.416774,0.00727113
Rennes,Le Mans,365,366,0.796767,-0.513254,1.20571
Le Mans,Angers,366,391,0.649957,-0.513288,0.983572
Le Mans,Tours,366,392,0.754486,-0.512411,1.14109
Le Mans,Rouen,366,662,1.25424,-0.514937,1.90009
Reims,Charleroi,367,651,1.76218,-0.516817,2.67291
Reims,Charleville-Mézières,367,658,1.61578,-0.517705,2.45228
Reims,Rouen,367,662,1.8136,-0.515156,2.74789
Saarbrücken,Mannheim,368,369,3.19529,-0.522974,4.86635
Saarbrücken,Trier,368,659,1.64292,-0.521712,2.50005
Mannheim,Heilbronn,369,370,2.98739,-0.522776,4.54913
Rozvadov,Plzeň,371,372,2.35415,-0.517494,3.57241
Plzeň,Karlovy Vary,372,523,1.62921,-0.516889,2.47133
Plzeň,České Budějovice,372,524,1.87178,-0.515375,2.83644
Plzeň,Bayerisch Eisenstein,372,530,1.92629,-0.516478,2.92118
Trenčín,Prešov,373,374,1.20515,-0.510037,1.81982
Prešov,Košice,374,375,1.85616,-0.508753,2.80048
Prešov,Svidník,374,712,0.916406,-0.510292,1.38404
Košice,Vyšné Nemecké,375,376,0.933382,-0.508029,1.40757
Košice,Uzhhorod,375,377,1.82599,-0.509767,2.75681
Košice,Miskolc,375,552,1.63683,-0.50453,2.46266
Košice,Zvolen,375,568,1.73925,-0.506622,2.6204
Vyšné Nemecké,Uzhhorod,376,377,0.892604,-0.511583,1.34925
Uzhhorod,Mukachevo,377,378,2.98363,-0.507222,4.49699
Uzhhorod,Chop,377,723,1.47997,-0.509894,2.2346
Mukachevo,Stryj,378,379,2.17578,-0.511285,3.28822
Mukachevo,Halmeu,378,578,2.567,-0.506248,3.86654
Khmelnytskyi,Vinnytsia,380,381,1.75964,-0.522351,2.67879
Vinnytsia,Uman,381,382,1.71859,-0.523073,2.61754
Vinnytsia,Mohyliv-Podilskyi,381,728,1.58513,-0.52255,2.41344
Uman,Kirovohrad,382,383,1.28589,-0.521821,1.95689
Kirovohrad,Dnipropetrovsk,383,384,0.887096,-0.5207,1.34901
Kirovohrad,Chişinău,383,672,1.76273,-0.519639,2.67872
Dnipropetrovsk,Donetsk,384,385,0.369902,-0.520237,0.562338
Donetsk,Rostov-on-Don,385,386,0.23758,-0.51794,0.360632
Rostov-on-Don,Armavir,386,387,0.195344,-0.511959,0.295352
Rostov-on-Don,Taganrog,386,675,0.21291,-0.51717,0.32302
Lorient,Vannes,388,389,0.208742,-0.511988,0.315615
Vannes,Nantes,389,390,0.456079,-0.511573,0.689396
Nantes,Angers,390,391,0.635583,-0.511809,0.96088
Nantes,Poitiers,390,676,0.891454,-0.511121,1.3471
Angers,Tours,391,392,0.489369,-0.50958,0.738742
Tours,Vierzon,392,503,0.636551,-0.508649,0.960332
Montargis,Auxerre,393,394,1.17836,-0.511664,1.78128
Auxerre,Beaune,394,395,2.22556,-0.512743,3.36671
Beaune,Dole,395,396,2.28334,-0.51483,3.45887
Beaune,Antwerp,395,505,3.92611,-0.515734,5.95094
Dole,Besançon,396,397,1.21711,-0.516051,1.84521
Besançon,Belfort,397,398,1.40707,-0.517703,2.13552
Zürich,Winterthur,399,400,1.38483,-0.518539,2.10293
Winterthur,St. Gallen,400,401,0.985849,-0.518517,1.49703
Winterthur,Schaffhausen,400,511,1.35712,-0.520329,2.06328
St. Gallen,St. Margrethen,401,402,0.894419,-0.517042,1.35687
St. Margrethen,Bregenz,402,403,1.46213,-0.515937,2.2165
St. Margrethen,Buchs,402,514,0.682498,-0.516259,1.03484
Bregenz,Feldkirch,403,748,1.4007,-0.51536,2.12257
Bregenz,Lindau,403,513,2.20975,-0.515923,3.34981
Feldkirch,Landeck,748,404,0.633918,-0.514193,0.959874
Feldkirch,Imst,748,406,0.661194,-0.514118,1.00113
Landeck,Telfs,404,405,0.440665,-0.513383,0.666894
Sattledt,Liezen,408,532,0.923479,-0.510048,1.3945
Sattledt,Wels,408,669,0.991933,-0.512454,1.50025
Sankt Pölten,Vienna,409,410,1.91275,-0.508653,2.88567
Vienna,Nickelsdorf,410,411,2.07239,-0.506379,3.1218
Vienna,Halámky,410,525,2.02117,-0.508755,3.04946
Vienna,Graz,410,534,2.54108,-0.505993,3.82685
Nickelsdorf,Mosonmagyaróvár,411,412,1.40999,-0.502796,2.11893
Szolnok,Püspökladány,413,414,1.46433,-0.489972,2.18181
Püspökladány,Oradea,414,415,1.83006,-0.48864,2.72431
Püspökladány,Nyíregyháza,414,722,1.15893,-0.493048,1.73034
Oradea,Cluj-Napoca,415,416,0.848838,-0.484082,1.25974
Oradea,Berettyóújfalu,415,570,1.25689,-0.488603,1.87101
Oradea,Beiuş,415,571,0.807846,-0.485076,1.19971
Oradea,Satu Mare,415,579,1.34215,-0.489565,1.99921
Oradea,Arad,415,684,1.35341,-0.483267,2.00746
Cluj-Napoca,Turda,416,417,0.534723,-0.484083,0.793574
Cluj-Napoca,Zalău,416,580,0.526659,-0.487751,0.783537
Turda,Târgu Mureş,417,418,0.231481,-0.48123,0.342876
Turda,Sebeş,417,581,0.239021,-0.480972,0.353983
Târgu Mureş,Braşov,418,419,0.161555,-0.478807,0.238908
Braşov,Ploieşti,419,420,0.137137,-0.479295,0.202866
Braşov,Sibiu,419,582,0.189944,-0.477915,0.280722
Braşov,Piteşti,419,583,0.112259,-0.476041,0.165699
Slobozia,Hârşova,421,422,0.272515,-0.498567,0.408383
Slobozia,Galaţi,421,588,0.480566,-0.505577,0.723528
Hârşova,Constanţa,422,423,0.2703,-0.492149,0.403328
Constanţa,Varna,423,463,0.212284,-0.483651,0.314955
Constanţa,Tulcea,423,589,0.27487,-0.497592,0.411643
Senaki,Samtredia,424,425,0.0303019,-0.516649,0.0459573
Senaki,Zugdidi,424,604,0.0803234,-0.513358,0.121558
Samtredia,Kutaisi,425,426,0.0115913,-0.517292,0.0175874
Kutaisi,Khashuri,426,427,0.00487296,-0.515471,0.00738484
Khashuri,Gori,427,428,0.00317835,-0.507803,0.00479232
Rustavi,Ganja,429,430,0.0101595,-0.499696,0.0152362
Ganja,Yevlakh,430,431,0.0236612,-0.50012,0.0354947
Ashgabat,Tejen,432,433,0.0109373,-0.435254,0.0156978
Tejen,Mary,433,434,0.00523646,-0.426762,0.00747118
Mary,Türkmenabat,434,435,0.00400505,-0.417459,0.00567699
Türkmenabat,Alat,435,436,0.00611753,-0.416575,0.00866593
Karshi,Guzar,437,438,0.00660569,-0.411255,0.00932231
Guzar,Sherobod,438,439,0.00512271,-0.399604,0.00716977
Sherobod,Termez,439,440,0.00773385,-0.393784,0.0107793
Jirgatal,Sary Tash,441,442,0.0155165,-0.394237,0.0216336
Jirgatal,Khorugh,441,694,0.00932375,-0.392595,0.0129842
Sary Tash,Irkeshtam,442,443,0.0206832,-0.396505,0.0288842
Irkeshtam,Osh,443,691,0.042252,-0.398062,0.0590708
A Coruña,Bilbao,444,445,0.0763188,-0.492453,0.113902
A Coruña,Pontevedra,444,481,0.0316104,-0.488326,0.0470466
Clermont-Ferrand,Montluçon,446,504,0.726373,-0.505665,1.09367
Chambéry,Susa,447,448,0.790654,-0.506767,1.19133
Chambéry,Marseille,447,736,0.60401,-0.507666,0.910646
Susa,Turin,448,449,0.483586,-0.500582,0.725661
Tortona,Brescia,450,451,0.15259,-0.471189,0.224488
Trieste,Postojna,452,453,0.227962,-0.487122,0.339007
Trieste,Ljubljana,452,454,0.461684,-0.491458,0.688583
Postojna,Ljubljana,453,454,0.330623,-0.494277,0.494042
Ljubljana,Maribor,454,535,0.595486,-0.49797,0.892021
Ljubljana,Naklo,454,538,0.864451,-0.497655,1.29465
Vršac,Timişoara,456,457,0.514287,-0.473332,0.757715
Timişoara,Drobeta-Turnu Severin,457,458,0.573585,-0.472666,0.844699
Timişoara,Arad,457,684,0.972191,-0.477683,1.43659
Drobeta-Turnu Severin,Craiova,458,459,0.538699,-0.469866,0.791815
Craiova,Alexandria,459,460,0.228146,-0.47266,0.335982
Craiova,Târgu Jiu,459,574,0.317158,-0.470457,0.466368
Craiova,Piteşti,459,583,0.296093,-0.471672,0.435751
Razgrad,Shumen,461,462,0.0474738,-0.467576,0.0696714
Shumen,Varna,462,463,0.0799384,-0.474227,0.117847
Varna,Burgas,463,590,0.0786299,-0.474356,0.115928
Lisbon,Valladolid,464,465,0.0513205,-0.480219,0.0759655
Lisbon,Porto,464,483,0.0440479,-0.473619,0.0649098
Lisbon,Albufeira,464,484,0.0424787,-0.472097,0.0625328
Toulouse,Nice,466,467,0.64889,-0.496321,0.970947
Nice,Cuneo,467,685,0.256042,-0.489905,0.381479
Sofia,Plovdiv,468,469,0.18831,-0.448927,0.272848
Sofia,Botevgrad,468,575,0.189066,-0.449006,0.273958
Sofia,Blagoevgrad,468,576,0.20073,-0.446729,0.290402
Sofia,Kyustendil,468,745,0.146273,-0.451654,0.212338
Plovdiv,Istanbul,469,470,0.0778064,-0.447329,0.112611
Istanbul,İzmit,470,471,0.0369127,-0.445461,0.0533558
İzmit,Gerede,471,472,0.0124738,-0.443251,0.0180028
İzmit,Bursa,471,479,0.0124277,-0.442365,0.0179253
Gerede,Kızılcahamam,472,599,0.00575765,-0.441546,0.00829992
Mazara del Vallo,Palermo,473,474,6.60077e-05,-0.48431,6.60077e-05
Metaponto,Taranto,475,476,0.00492299,-0.447407,0.00712557
Metaponto,Potenza,475,743,0.00261797,-0.445465,0.00378419
Ioannina,Trikala,477,687,0.0133807,-0.413529,0.018914
Gelibolu,Keşan,478,596,0.0423729,-0.413068,0.0598758
Gelibolu,Ayvalık,478,597,0.0423762,-0.413044,0.0598795
Bursa,Ankara,479,480,0.00612222,-0.439298,0.0088117
Bursa,Balıkesir,479,746,0.00697946,-0.434981,0.0100154
Ankara,Kızılcahamam,480,599,0.00412608,-0.439607,0.00593994
Pontevedra,Valença,481,482,0.0177745,-0.479667,0.0263003
Valença,Porto,482,483,0.0209902,-0.472645,0.0309112
Albufeira,Castro Marim,484,485,0.0211486,-0.467152,0.0310282
Castro Marim,Huelva,485,486,0.0195777,-0.466277,0.0287064
Cherbourg-Octeville,La Rochelle,487,488,0.171371,-0.513205,0.259319
Cherbourg-Octeville,Caen,487,661,0.383027,-0.515213,0.580367
La Rochelle,Saintes,488,730,0.135611,-0.507416,0.204423
Oslo,Hamar,489,490,0.00976087,-0.345624,0.0131345
Oslo,Askim,489,619,0.0101641,-0.3456,0.0136769
Hamar,Lillehammer,490,491,0.00617157,-0.345463,0.00830362
Lillehammer,Dombås,491,492,0.00684636,-0.345029,0.00920855
Dombås,Trondheim,492,493,0.0122455,-0.344668,0.0164662
Trondheim,Stjørdal,493,494,0.0119734,-0.344549,0.0160988
Stjørdal,Steinkjer,494,495,0.00602095,-0.344401,0.00809458
Steinkjer,Mosjøen,495,496,0.00421574,-0.343743,0.00566488
Mosjøen,Mo i Rana,496,497,0.0053088,-0.343075,0.00713012
Mo i Rana,Umeå,497,612,0.0100445,-0.343058,0.0134903
Setermoen,Alta,498,499,0.00165943,-0.478415,0.00245332
Alta,Olderfjord,499,500,0.00371147,-0.496367,0.00555373
Olderfjord,Lakselv,500,501,0.00944803,-0.496434,0.0141383
Lakselv,Karasjok,501,502,0.0245652,-0.495958,0.0367485
Vierzon,Montluçon,503,504,0.452284,-0.506711,0.681462
Antwerp,Zeebrugge,505,642,2.69236,-0.517549,4.08579
Martigny,Sion,506,678,0.600657,-0.503706,0.903212
Bremen,Groningen,507,624,2.33483,-0.522767,3.5554
Stuttgart,Schaffhausen,510,511,2.09372,-0.521374,3.18533
Stuttgart,Ulm,510,512,1.83155,-0.520153,2.78424
Ulm,Lindau,512,513,1.55914,-0.518602,2.36772
Lindau,Waldshut,513,666,2.12685,-0.517764,3.22805
Buchs,Chur,514,515,0.271153,-0.516148,0.411108
Chur,San Bernardino,515,516,0.139719,-0.516064,0.211823
Halle,Plauen,518,519,1.41918,-0.519816,2.15689
Plauen,Schönberg,519,520,1.15826,-0.519495,1.75997
Plauen,Hof,519,528,1.54045,-0.519571,2.34083
Schönberg,Vojtanov,520,521,0.698814,-0.519149,1.0616
Vojtanov,Cheb,521,522,0.96495,-0.518593,1.46537
Cheb,Karlovy Vary,522,523,1.58628,-0.517601,2.40734
Cheb,Marktredwitz,522,663,1.27912,-0.518905,1.94287
Karlovy Vary,Teplice,523,715,0.972857,-0.51669,1.47552
České Budějovice,Halámky,524,525,1.28725,-0.512116,1.94648
Hirschberg,Hof,527,528,1.19249,-0.519525,1.81202
Hof,Bayreuth,528,529,1.94721,-0.519425,2.95863
Bayreuth,Marktredwitz,529,663,1.75854,-0.519482,2.67208
Bayerisch Eisenstein,Deggendorf,530,531,1.44581,-0.516639,2.19278
Liezen,Sankt Michael,532,533,0.734754,-0.507248,1.10746
Sankt Michael,Graz,533,534,1.29143,-0.505064,1.94369
Graz,Maribor,534,535,1.06836,-0.50236,1.60505
Graz,Spielfeld,534,536,0.827427,-0.50435,1.24474
Graz,Klagenfurt,534,683,1.50756,-0.502406,2.26497
Maribor,Spielfeld,535,536,0.349445,-0.499011,0.523822
Karavanke Tunnel,Naklo,537,538,0.776345,-0.501659,1.16581
Naklo,Loiblpass,538,734,0.733814,-0.500783,1.1013
Kemijärvi,Posio,539,540,0.00198712,-0.410708,0.00280325
Posio,Kuusamo,540,541,0.00118612,-0.400387,0.00166102
Kuusamo,Kajaani,541,542,0.00133492,-0.400947,0.00187016
Kajaani,Iisalmi,542,543,0.0025542,-0.411928,0.00360635
Iisalmi,Kuopio,543,544,0.00587777,-0.423387,0.00836634
Tampere,Turku,545,546,0.010831,-0.463243,0.0158483
Tampere,Vaasa,545,616,0.0117659,-0.452962,0.0170954
Tampere,Hämeenlinna,545,618,0.031482,-0.490748,0.0469317
Turku,Pori,546,617,0.00578563,-0.44793,0.00837719
Riga,Šiauliai,547,561,2.8235,-0.532048,4.32574
Riga,Rēzekne,547,627,2.95287,-0.530248,4.51862
Kłodzko,Kudowa-Zdrój,548,549,0.62917,-0.520956,0.95694
Kudowa-Zdrój,Náchod,549,550,0.520149,-0.517753,0.789458
Náchod,Hradec Králové,550,551,0.949747,-0.515466,1.43931
Hradec Králové,Olomouc,551,716,1.29573,-0.513936,1.96166
Miskolc,Debrecen,552,569,1.26267,-0.498855,1.89255
Szekszárd,Mohács,555,556,0.709166,-0.494021,1.05951
Mohács,Osijek,556,557,0.434204,-0.49255,0.648071
Osijek,Đakovo,557,558,0.253389,-0.490587,0.377698
Osijek,Sombor,557,735,0.409973,-0.489372,0.610603
Đakovo,Šamac,558,559,0.108148,-0.487705,0.160893
Šamac,Zenica,559,560,0.0683963,-0.477063,0.101026
Zenica,Sarajevo,560,737,0.0939031,-0.465914,0.137654
Šiauliai,Tolpaki,561,562,2.19921,-0.533312,3.37207
Šiauliai,Palanga,561,704,1.6918,-0.532908,2.59338
Šiauliai,Panevėžys,561,705,1.75075,-0.5329,2.68373
Tolpaki,Kaliningrad,562,563,1.3684,-0.532244,2.09672
Tolpaki,Nesterov,562,640,1.29926,-0.533552,1.99248
Trstená,Ružomberok,566,567,0.860698,-0.512365,1.30169
Ružomberok,Zvolen,567,568,1.5035,-0.507132,2.26597
Debrecen,Berettyóújfalu,569,570,0.843332,-0.493812,1.25978
Beiuş,Deva,571,572,0.518881,-0.481088,0.768508
Deva,Petroşani,572,573,0.397534,-0.475302,0.586482
Deva,Sibiu,572,582,0.515248,-0.475655,0.760329
Deva,Arad,572,684,0.725567,-0.478032,1.07241
Petroşani,Târgu Jiu,573,574,0.242687,-0.472457,0.357346
Botevgrad,Jablanica,575,585,0.0798754,-0.44801,0.11566
Blagoevgrad,Serres,576,577,0.110431,-0.437606,0.158756
Halmeu,Satu Mare,578,579,1.75139,-0.496435,2.62084
Satu Mare,Zalău,579,580,0.720396,-0.491657,1.07458
Sebeş,Sibiu,581,582,0.235736,-0.477129,0.348212
Sibiu,Piteşti,582,583,0.245543,-0.474215,0.361983
Pleven,Jablanica,584,585,0.0422545,-0.449727,0.0612576
Izmail,Reni,586,587,0.81281,-0.518259,1.23406
Reni,Galaţi,587,588,0.64261,-0.514023,0.972927
Galaţi,Tulcea,588,589,0.37038,-0.50712,0.558207
Galaţi,Giurgiuleşti,588,729,0.772531,-0.514576,1.17006
Burgas,Malko Tarnovo,590,591,0.0373821,-0.467497,0.0548581
Malko Tarnovo,Dereköy,591,592,0.0151966,-0.462609,0.0222267
Dereköy,Kırklareli,592,593,0.00707127,-0.451883,0.0102667
Kırklareli,Babaeski,593,594,0.00533673,-0.430971,0.00763671
Babaeski,Havsa,594,595,0.00820214,-0.416276,0.0116165
Havsa,Keşan,595,596,0.0178963,-0.413005,0.0252875
Ayvalık,İzmir,597,598,0.0179048,-0.412779,0.0252955
İzmir,Manisa,598,747,0.00821486,-0.414662,0.0116212
Kherson,Dzhankoy,600,601,1.02942,-0.514001,1.55854
Kherson,Mykolaiv,600,673,1.20407,-0.519272,1.8293
Kherson,Melitopol,600,674,0.656961,-0.517921,0.997215
Sochi,Sukhumi,602,603,0.563075,-0.509546,0.849988
Sukhumi,Zugdidi,603,604,0.212814,-0.511644,0.321699
Jönköping,Linköping,605,606,0.00503031,-0.345499,0.00676828
Linköping,Norrköping,606,607,0.0067306,-0.345416,0.00905546
Norrköping,Södertälje,607,608,0.0104559,-0.34527,0.014066
Norrköping,Kalmar,607,626,0.00670543,-0.345413,0.00902158
Uppsala,Sundsvall,609,610,0.0190604,-0.344219,0.0256214
Sundsvall,Örnsköldsvik,610,611,0.0176014,-0.343724,0.0236514
Örnsköldsvik,Umeå,611,612,0.0141131,-0.343328,0.0189585
Haparanda,Tornio,613,614,0.00635717,-0.358949,0.00863907
Kokkola,Vaasa,615,616,0.00888452,-0.426411,0.012673
Vaasa,Pori,616,617,0.00592341,-0.438926,0.00852334
Askim,Karlstad,619,620,0.00849474,-0.345588,0.0114304
Kotka,Vaalimaa,621,622,0.388579,-0.525359,0.592723
Vaalimaa,Vyborg,622,623,1.0133,-0.525164,1.54545
Groningen,Hoogeveen,624,698,0.846058,-0.522211,1.28788
Sassnitz,Stralsund,625,699,0.449697,-0.520396,0.683718
Rēzekne,Velikiye Luki,627,628,3.16761,-0.524924,4.83037
Rēzekne,Daugavpils,627,702,1.98812,-0.529742,3.04131
Vladimir,Nizhny Novgorod,629,630,1.73394,-0.511882,2.62151
Nizhny Novgorod,Kazan,630,631,0.726237,-0.508646,1.09563
Kazan,Yelabuga,631,632,0.457332,-0.495197,0.683801
Yelabuga,Perm,632,633,0.276526,-0.48225,0.40988
Perm,Yekaterinburg,633,634,0.118126,-0.478298,0.174626
Yekaterinburg,Tyumen,634,635,0.0727256,-0.465873,0.106606
Koszalin,Słupsk,637,638,0.267798,-0.524554,0.408272
Słupsk,Gdynia,638,639,0.449747,-0.5271,0.68681
Nesterov,Marijampolė,640,641,1.17347,-0.533342,1.79933
Aktobe,Karabutak,647,648,0.370291,-0.471207,0.544774
Karabutak,Aral,648,649,0.160212,-0.464532,0.234635
Aral,Novokazalinsk,649,650,0.0989803,-0.444296,0.142957
Charleroi,Namur,651,652,1.26805,-0.518486,1.92552
St. Vith,Wittlich,653,654,1.26536,-0.521832,1.92567
Wittlich,Bingen,654,655,0.800856,-0.523262,1.21991
Bingen,Wiesbaden,655,656,1.17447,-0.524181,1.7901
Amiens,Charleville-Mézières,657,658,1.44828,-0.517178,2.19729
Trier,Koblenz,659,660,1.71869,-0.522837,2.61729
Caen,Rouen,661,662,0.989364,-0.515424,1.49931
Regensburg,Passau,667,668,1.23702,-0.518047,1.87785
Passau,Wels,668,669,1.22218,-0.515212,1.85186
Wels,Braunau am Inn,669,721,1.40754,-0.51366,2.13054
Iaşi,Sculeni,670,671,1.26933,-0.512438,1.91978
Iaşi,Bălţi,670,727,1.08039,-0.512029,1.63359
Sculeni,Chişinău,671,672,1.51302,-0.517005,2.29527
Chişinău,Giurgiuleşti,672,729,1.20707,-0.517976,1.8323
Melitopol,Taganrog,674,675,0.286454,-0.518341,0.434935
Poitiers,Mâcon,676,677,1.66926,-0.5109,2.52209
Sion,Simplon,678,679,0.256041,-0.501011,0.38432
Simplon,Gravellona Toce,679,680,0.167982,-0.493406,0.250866
Innichen,Spittal an der Drau,681,682,0.571541,-0.505698,0.860568
Klagenfurt,Loiblpass,683,734,0.864122,-0.502589,1.29842
Cuneo,Asti,685,686,0.146821,-0.48622,0.218209
Kokand,Andijan,689,690,0.0336965,-0.398483,0.047124
Andijan,Osh,690,691,0.0441678,-0.397775,0.0617366
Kulob,Kalaikhumb,692,693,0.00645072,-0.392035,0.00897962
Kalaikhumb,Khorugh,693,694,0.00566825,-0.391476,0.00788723
Kokpek,Chundzha,695,696,0.0176261,-0.401383,0.024701
Chundzha,Koktal,696,697,0.013346,-0.40097,0.0186974
Stralsund,Neubrandenburg,699,700,0.657306,-0.520393,0.999362
Ukmergė,Daugavpils,701,702,1.959,-0.532021,3.00123
Ukmergė,Panevėžys,701,705,1.80212,-0.533035,2.76272
Breda,Gorinchem,706,707,0.828425,-0.52098,1.26002
Hasselt,Heerlen,708,709,1.23098,-0.522698,1.87441
Barwinek,Vyšný Komárnik,710,711,0.359803,-0.518821,0.546477
Vyšný Komárnik,Svidník,711,712,0.421742,-0.513021,0.638105
Lublin,Kovel,713,714,1.59439,-0.524176,2.43014
Olomouc,Český Těšín,716,717,0.832142,-0.515705,1.26128
Garmisch-Partenkirchen,Mittenwald,718,719,0.898663,-0.515401,1.36183
Mittenwald,Seefeld,719,720,0.569088,-0.514159,0.861689
Nyíregyháza,Chop,722,723,0.878109,-0.502607,1.31945
Dunajská Streda,Medveďov,724,725,0.592864,-0.506852,0.893359
Medveďov,Vámosszabadi,725,726,0.509015,-0.504738,0.765935
Bălţi,Mohyliv-Podilskyi,727,728,0.87767,-0.518523,1.33276
Saintes,Angoulême,730,731,0.237474,-0.503802,0.357114
St. Johann in Tirol,Lofer,732,733,0.894679,-0.512974,1.35363
Sarajevo,Užice,737,738,0.125031,-0.464048,0.183052
Užice,Čačak,738,739,0.189884,-0.466409,0.278448
Čačak,Nova Varoš,739,740,0.189624,-0.466341,0.278054
Avellino,Benevento,741,742,0.023599,-0.450488,0.0342301
Balıkesir,Manisa,746,747,0.00533769,-0.423306,0.00759716
Warsaw,Brest-Litovsk,316,0,3.06172,-0.528669,4.68036
Brest-Litovsk,Minsk,0,318,3.05067,-0.529693,4.66659
Lyon,Mâcon,17,677,1.6587,-0.511332,2.50685
Beaune,Mâcon,395,677,2.96624,-0.513822,4.49037
