Glasgow,Preston,1,2,6.60161e-05,-0.47865,6.60161e-05
Glasgow,Edinburgh,1,13,6.60161e-05,-0.47865,6.60161e-05
Preston,Birmingham,2,3,6.60161e-05,-0.47865,6.60161e-05
Birmingham,Cambridge,3,636,6.60161e-05,-0.47865,6.60161e-05
Le Havre,Paris,4,5,2.01181,-0.515958,3.04982
Le Havre,Amiens,4,657,1.12982,-0.517451,1.71445
Paris,Orléans,5,6,2.09714,-0.510957,3.16869
Paris,Calais,5,16,1.74187,-0.515986,2.64066
Paris,Lyon,5,17,2.612,-0.511104,3.94701
Paris,Brussels,5,326,3.06345,-0.518341,4.65136
Paris,Le Mans,5,366,1.68378,-0.512686,2.54703
Paris,Reims,5,367,1.92938,-0.516793,2.92647
Paris,Chaumont,5,665,2.79809,-0.51724,4.24538
Orléans,Bordeaux,6,7,1.01756,-0.502402,1.52879
Orléans,Tours,6,392,1.12221,-0.50329,1.68701
Orléans,Montargis,6,393,1.39866,-0.506305,2.10681
Orléans,Toulouse,6,466,1.16644,-0.499414,1.74898
Bordeaux,San Sebastián,7,8,0.576201,-0.491012,0.859122
Bordeaux,Clermont-Ferrand,7,446,1.09228,-0.498308,1.63656
Bordeaux,Toulouse,7,466,0.486729,-0.488875,0.724679
Bordeaux,Angoulême,7,731,0.640989,-0.495148,0.958373
San Sebastián,Burgos,8,9,0.29689,-0.472309,0.437114
San Sebastián,Bilbao,8,445,0.239747,-0.474697,0.353554
San Sebastián,Toulouse,8,466,0.390607,-0.483564,0.579491
Burgos,Madrid,9,10,0.174347,-0.457167,0.254053
Burgos,Valladolid,9,465,0.114818,-0.460279,0.167667
Madrid,Seville,10,11,0.111673,-0.4449,0.161356
Madrid,Barcelona,10,21,0.254315,-0.46794,0.373319
Madrid,Valencia,10,24,0.123064,-0.451254,0.178597
Madrid,Lisbon,10,464,0.112442,-0.448261,0.162845
Seville,Algeciras,11,12,0.0533315,-0.433037,0.0764261
Seville,Huelva,11,486,0.0558582,-0.432435,0.0800133
Algeciras,Málaga,12,28,0.0233876,-0.425978,0.0333501
Edinburgh,Newcastle,13,14,6.60161e-05,-0.47865,6.60161e-05
Newcastle,London,14,15,6.60161e-05,-0.47865,6.60161e-05
London,Colchester,15,305,6.60161e-05,-0.47865,6.60161e-05
Calais,Bruges,16,324,1.77076,-0.518306,2.68856
Calais,Rouen,16,662,1.16249,-0.517005,1.7635
Lyon,Orange,17,18,1.18711,-0.501417,1.78235
Lyon,Clermont-Ferrand,17,446,1.32778,-0.501705,1.99393
Lyon,Chambéry,17,447,1.18635,-0.507355,1.78825
Orange,Narbonne,18,19,0.535711,-0.498533,0.802781
Orange,Marseille,18,736,0.509458,-0.503856,0.766152
Narbonne,Girona,19,20,0.295944,-0.489373,0.440772
Girona,Barcelona,20,21,0.345832,-0.478817,0.511422
Barcelona,Tarragona,21,22,0.220612,-0.472151,0.324775
Barcelona,Toulouse,21,466,0.633039,-0.48255,0.938512
Tarragona,Castellón de la Plana,22,23,0.106423,-0.462802,0.155676
Castellón de la Plana,Valencia,23,24,0.0907401,-0.450731,0.131639
Valencia,Alicante,24,25,0.0668494,-0.44022,0.0962779
Alicante,Murcia,25,26,0.0283698,-0.435894,0.0407361
Murcia,Almería,26,27,0.0146227,-0.427184,0.0208693
Almería,Málaga,27,28,0.0133688,-0.421608,0.0190051
Hook of Holland,Rotterdam,29,30,0.575154,-0.521508,0.875101
Hook of Holland,The Hague,29,307,0.310336,-0.521341,0.472126
Rotterdam,Eindhoven,30,31,1.43987,-0.521489,2.19074
Eindhoven,Maastricht,31,32,1.55158,-0.522194,2.36181
Eindhoven,Antwerp,31,505,2.59426,-0.520222,3.94385
Eindhoven,Venlo,31,643,1.97641,-0.522232,3.00856
Eindhoven,Breda,31,706,1.4553,-0.521485,2.21422
Maastricht,Liège,32,33,1.92924,-0.523108,2.93844
Liège,Bastogne,33,34,1.79909,-0.523663,2.74121
Liège,Leuven,33,327,2.9348,-0.522885,4.46936
Liège,Eupen,33,328,1.87839,-0.524523,2.86365
Liège,Antwerp,33,505,3.26782,-0.521072,4.97059
Liège,Namur,33,652,2.00434,-0.52293,3.05247
Liège,St. Vith,33,653,1.64422,-0.523715,2.50533
Liège,Charleville-Mézières,33,658,2.13918,-0.522632,3.25719
Bastogne,Arlon,34,35,1.08531,-0.52414,1.65416
Arlon,Luxembourg,35,36,1.50923,-0.523647,2.29953
Luxembourg,Metz,36,37,2.49896,-0.521535,3.80226
Luxembourg,St. Vith,36,653,1.82772,-0.524295,2.78598
Luxembourg,Charleville-Mézières,36,658,1.40144,-0.522266,2.13337
Luxembourg,Trier,36,659,1.80021,-0.524484,2.7444
Metz,Saint-Avold,37,38,2.99549,-0.52118,4.55668
Metz,Lausanne,37,44,2.47169,-0.520281,3.75767
Metz,Geneva,37,45,2.69738,-0.51576,4.08858
Metz,Brussels,37,326,3.43345,-0.520567,5.22079
Metz,Reims,37,367,2.5043,-0.519484,3.80525
Metz,Saarbrücken,37,368,2.85366,-0.52263,4.34507
Saint-Avold,Strasbourg,38,39,2.27103,-0.522207,3.45697
Strasbourg,Mulhouse,39,40,2.85887,-0.523045,4.35419
Strasbourg,Appenweier,39,664,2.15443,-0.523535,3.28235
Mulhouse,Basel,40,41,2.73961,-0.522597,4.17132
Mulhouse,Belfort,40,398,2.05755,-0.522139,3.13188
Mulhouse,Chaumont,40,665,2.60733,-0.52067,3.96489
Basel,Olten,41,42,1.63609,-0.52219,2.49044
Basel,Offenburg,41,61,2.34207,-0.522933,3.56682
Basel,Zürich,41,399,1.91873,-0.521844,2.92
Basel,Waldshut,41,666,2.26674,-0.521214,3.4482
Olten,Bern,42,43,1.66426,-0.520615,2.5307
Olten,Lucerne,42,62,1.02788,-0.522053,1.56449
Bern,Lausanne,43,44,1.35761,-0.519881,2.0634
Bern,Belfort,43,398,1.69628,-0.521498,2.58088
Bern,Martigny,43,506,0.949667,-0.516493,1.44016
Lausanne,Geneva,44,45,1.06376,-0.510717,1.60704
Lausanne,Martigny,44,506,0.822698,-0.514358,1.24586
Geneva,Mont Blanc,45,46,1.18885,-0.50941,1.79447
Geneva,Chambéry,45,447,1.32404,-0.506962,1.99528
Geneva,Mâcon,45,677,2.08386,-0.512339,3.1515
Mont Blanc,Aosta,46,47,0.697737,-0.506851,1.05139
Aosta,Ivrea,47,48,0.609421,-0.498371,0.91314
Aosta,Martigny,47,506,0.825303,-0.501292,1.23902
Ivrea,Vercelli,48,49,0.244056,-0.489435,0.363506
Ivrea,Turin,48,449,0.362901,-0.487301,0.539744
Vercelli,Alessandria,49,50,0.203108,-0.476524,0.299893
Alessandria,Genoa,50,51,0.255023,-0.464614,0.37351
Alessandria,Turin,50,449,0.257515,-0.478085,0.380629
Alessandria,Tortona,50,450,0.180195,-0.467244,0.26439
Alessandria,Asti,50,686,0.233709,-0.469193,0.343364
Genoa,Rome,51,74,0.496916,-0.452654,0.721847
Genoa,Tortona,51,450,0.285038,-0.458022,0.415592
Genoa,Nice,51,467,0.421654,-0.468742,0.619301
Amsterdam,Utrecht,52,53,1.31862,-0.521654,2.00649
Amsterdam,Amersfoort,52,309,0.76784,-0.521738,1.16845
Amsterdam,Brussels,52,326,3.24281,-0.521083,4.93259
Amsterdam,Groningen,52,624,1.37592,-0.522306,2.09457
Utrecht,Arnhem,53,54,1.00276,-0.522066,1.52627
Utrecht,Gouda,53,308,0.812651,-0.521461,1.23642
Utrecht,Amersfoort,53,309,0.756738,-0.521724,1.15155
Utrecht,Gorinchem,53,707,0.962238,-0.521516,1.46406
Arnhem,Emmerich,54,55,0.910783,-0.523285,1.38738
Emmerich,Oberhausen,55,56,1.772,-0.524076,2.70067
Oberhausen,Cologne,56,57,3.04608,-0.524983,4.64523
Oberhausen,Dortmund,56,508,2.14526,-0.524217,3.26985
Oberhausen,Venlo,56,643,2.01775,-0.523147,3.07333
Cologne,Frankfurt am Main,57,58,3.54314,-0.526329,5.408
Cologne,Aachen,57,329,3.10179,-0.526473,4.7348
Cologne,Olpe,57,330,2.19089,-0.526016,3.34334
Cologne,Bremen,57,507,3.22595,-0.52459,4.91825
Frankfurt am Main,Heidelberg,58,59,3.17562,-0.526821,4.8486
Frankfurt am Main,Gießen,58,332,2.25698,-0.52697,3.44634
Frankfurt am Main,Mannheim,58,369,3.65715,-0.526552,5.58283
Frankfurt am Main,Aschaffenburg,58,509,2.6461,-0.526174,4.0384
Frankfurt am Main,Wiesbaden,58,656,2.59051,-0.527277,3.95642
Heidelberg,Karlsruhe,59,60,2.68216,-0.525797,4.09243
Karlsruhe,Offenburg,60,61,2.30393,-0.523507,3.51006
Karlsruhe,Stuttgart,60,510,3.21418,-0.523752,4.89762
Karlsruhe,Appenweier,60,664,2.45377,-0.52448,3.74073
Lucerne,Altdorf,62,63,0.754218,-0.52186,1.14781
Altdorf,Gotthard Pass,63,64,0.529317,-0.520998,0.80509
Altdorf,Zürich,63,399,0.995191,-0.521291,1.51398
Gotthard Pass,Bellinzona,64,65,0.267468,-0.518075,0.406036
Bellinzona,Lugano,65,66,0.13813,-0.508099,0.208314
Bellinzona,San Bernardino,65,516,0.152269,-0.51356,0.230469
Lugano,Chiasso,66,67,0.0907593,-0.486671,0.134929
Chiasso,Como,67,68,0.131728,-0.467743,0.193343
Como,Milan,68,69,0.295927,-0.464241,0.433309
Milan,Piacenza,69,70,0.34357,-0.461059,0.501976
Milan,Turin,69,449,0.400668,-0.474605,0.590827
Milan,Tortona,69,450,0.242834,-0.462812,0.35522
Milan,Brescia,69,451,0.303849,-0.460788,0.443859
Milan,Gravellona Toce,69,680,0.321894,-0.467868,0.472498
Piacenza,Parma,70,71,0.253181,-0.455457,0.368495
Parma,Modena,71,72,0.393419,-0.453218,0.571724
Modena,Florence,72,73,0.458739,-0.448957,0.664693
Modena,Verona,72,94,0.529855,-0.453592,0.770193
Modena,Bologna,72,95,0.447453,-0.449357,0.64852
Florence,Rome,73,74,0.414653,-0.447643,0.600269
Rome,Pescara,74,125,0.408458,-0.445436,0.590399
Östersund,Mora,75,76,0.0580926,-0.345493,0.0781632
Östersund,Trondheim,75,493,0.0691871,-0.345651,0.0931018
Östersund,Sundsvall,75,610,0.0726167,-0.344348,0.0976222
Mora,Säffle,76,77,0.0424263,-0.345974,0.0571047
Säffle,Gothenburg,77,78,0.0561167,-0.346152,0.0755417
Gothenburg,Halmstad,78,300,0.0537889,-0.346037,0.0724018
Gothenburg,Örebro,78,301,0.0580981,-0.345777,0.0781871
Gothenburg,Oslo,78,489,0.0493104,-0.346338,0.0663885
Hamburg,Hanover,79,80,1.98811,-0.521981,3.02587
Hamburg,Berlin,79,108,2.16542,-0.520356,3.29221
Hamburg,Bremen,79,507,2.48917,-0.522988,3.79097
Hamburg,Lübeck,79,517,1.13706,-0.521351,1.72986
Hanover,Göttingen,80,81,1.38203,-0.523346,2.10531
Hanover,Bad Oeynhausen,80,312,1.58698,-0.523245,2.41736
Hanover,Braunschweig,80,313,1.4679,-0.521057,2.23277
Göttingen,Kassel,81,82,1.2511,-0.524365,1.90714
Kassel,Fulda,82,83,1.68882,-0.525146,2.57569
Kassel,Dortmund,82,508,1.95968,-0.524695,2.98792
Fulda,Würzburg,83,84,2.44792,-0.525245,3.73368
Würzburg,Nuremberg,84,85,3.65004,-0.524217,5.56346
Würzburg,Aschaffenburg,84,509,3.22125,-0.525528,4.91411
Würzburg,Stuttgart,84,510,2.56904,-0.525523,3.91913
Würzburg,Ulm,84,512,1.66631,-0.522837,2.53752
Nuremberg,Munich,85,86,3.08892,-0.519499,4.69361
Nuremberg,Heilbronn,85,370,3.27945,-0.52412,4.99828
Nuremberg,Rozvadov,85,371,2.57432,-0.521213,3.91609
Nuremberg,Bayreuth,85,529,3.45204,-0.521669,5.25286
Nuremberg,Regensburg,85,667,2.44697,-0.521368,3.72274
Munich,Rosenheim,86,87,2.20829,-0.515689,3.34707
Munich,Salzburg,86,115,2.62949,-0.514465,3.98226
Munich,Ulm,86,512,2.22497,-0.518985,3.3797
Munich,Lindau,86,513,2.44694,-0.516297,3.71029
Munich,Deggendorf,86,531,2.42381,-0.517849,3.67898
Munich,Garmisch-Partenkirchen,86,718,2.14226,-0.515981,3.24762
Munich,Braunau am Inn,86,721,1.90292,-0.516485,2.88574
Rosenheim,Wörgl,87,88,1.4702,-0.513674,2.22541
Rosenheim,Bad Reichenhall,87,407,1.16933,-0.513878,1.77023
Wörgl,Innsbruck,88,89,1.39964,-0.510972,2.11481
Wörgl,St. Johann in Tirol,88,732,1.04872,-0.512029,1.58569
Innsbruck,Brenner,89,90,0.817979,-0.507822,1.23337
Innsbruck,Telfs,89,405,0.71638,-0.509854,1.08163
Innsbruck,Imst,89,406,0.732003,-0.509933,1.10528
Innsbruck,Seefeld,89,720,0.843684,-0.510055,1.27401
Brenner,Fortezza,90,91,0.499265,-0.502898,0.750344
Fortezza,Bolzano,91,92,0.337037,-0.491603,0.502725
Fortezza,Innichen,91,681,0.437395,-0.501133,0.656588
Bolzano,Trento,92,93,0.268665,-0.470852,0.395166
Trento,Verona,93,94,0.453296,-0.457624,0.660735
Verona,Mestre,94,120,0.642357,-0.456254,0.935434
Verona,Brescia,94,451,0.480102,-0.455459,0.698768
Bologna,Cesena,95,96,0.382307,-0.448237,0.553671
Cesena,Perugia,96,97,0.265833,-0.447853,0.384888
Cesena,Ravenna,96,121,0.396056,-0.451387,0.574831
Cesena,Rimini,96,122,0.275579,-0.44744,0.398884
Perugia,Fiano Romano,97,98,0.109887,-0.446645,0.158968
Fiano Romano,Naples,98,99,0.0521027,-0.444798,0.0752779
Naples,Salerno,99,100,0.0139533,-0.442619,0.0201292
Naples,Avellino,99,741,0.0209982,-0.439614,0.0302292
Salerno,Sicignano degli Alburni,100,101,0.00828495,-0.435162,0.0118902
Salerno,Avellino,100,741,0.0108982,-0.433571,0.0156233
Sicignano degli Alburni,Potenza,101,743,0.0044512,-0.430637,0.00636805
Messina,Catania,102,103,6.60161e-05,-0.47865,6.60161e-05
Messina,Palermo,102,474,6.60161e-05,-0.47865,6.60161e-05
Catania,Siracusa,103,104,6.60161e-05,-0.47865,6.60161e-05
Siracusa,Gela,104,105,6.60161e-05,-0.47865,6.60161e-05
Gela,Mazara del Vallo,105,473,6.60161e-05,-0.47865,6.60161e-05
Helsingborg,Copenhagen,299,106,0.0120068,-0.34529,0.0161526
Copenhagen,Malmö,106,135,0.00615911,-0.344659,0.0082819
Rostock,Berlin,107,108,1.62627,-0.519234,2.47069
Rostock,Lübeck,107,517,0.815907,-0.52001,1.24019
Rostock,Sassnitz,107,625,0.687656,-0.51912,1.04463
Berlin,Lübbenau,108,109,2.43506,-0.518938,3.6987
Berlin,Szczecin,108,137,1.92846,-0.51913,2.92958
Berlin,Świebodzin,108,139,2.30452,-0.519756,3.5023
Berlin,Magdeburg,108,314,2.43574,-0.51979,3.70181
Berlin,Leipzig,108,526,2.15052,-0.518946,3.26653
Berlin,Neubrandenburg,108,700,1.49994,-0.5192,2.2787
Lübbenau,Dresden,109,110,1.79174,-0.5185,2.72076
Lübbenau,Cottbus,109,644,1.33156,-0.5186,2.0221
Dresden,Ústí nad Labem,110,111,1.82357,-0.517702,2.76764
Dresden,Chemnitz,110,337,2.04321,-0.518298,3.1022
Dresden,Görlitz,110,338,1.31237,-0.518277,1.99254
Ústí nad Labem,Prague,111,112,2.04984,-0.516923,3.10944
Prague,Tábor,112,113,1.98436,-0.515156,3.00661
Prague,Mladá Boleslav,112,146,1.1548,-0.517034,1.75187
Prague,Jihlava,112,147,2.00654,-0.514765,3.03944
Prague,Plzeň,112,372,2.23629,-0.516784,3.39197
Prague,Karlovy Vary,112,523,1.37863,-0.517296,2.09179
Prague,Hradec Králové,112,551,1.49839,-0.516556,2.27238
Tábor,Linz,113,114,1.75102,-0.514436,2.65181
Linz,Salzburg,114,115,1.84841,-0.512944,2.79655
Linz,Sattledt,114,408,0.748845,-0.513411,1.13331
Linz,Sankt Pölten,114,409,1.75174,-0.51271,2.64987
Linz,Wels,114,669,1.32262,-0.514545,2.00316
Salzburg,Villach,115,116,2.75612,-0.508663,4.15806
Salzburg,Bad Reichenhall,115,407,1.42159,-0.512417,2.15004
Salzburg,Sattledt,115,408,1.49057,-0.512576,2.25459
Salzburg,Lofer,115,733,1.6991,-0.512478,2.56986
Villach,Tarvisio,116,117,1.42841,-0.504565,2.14913
Villach,Karavanke Tunnel,116,537,1.22413,-0.505109,1.84244
Villach,Spittal an der Drau,116,682,1.39793,-0.505929,2.10519
Villach,Klagenfurt,116,683,1.49578,-0.504347,2.25017
Tarvisio,Udine,117,118,0.691632,-0.497255,1.03555
Udine,Palmanova,118,119,0.642693,-0.481806,0.952347
Palmanova,Mestre,119,120,0.74327,-0.467868,1.09102
Palmanova,Trieste,119,452,0.754974,-0.477077,1.11516
Mestre,Ravenna,120,121,0.489774,-0.456666,0.713437
Rimini,Fano,122,123,0.137881,-0.444815,0.199212
Fano,Ancona,123,124,0.122845,-0.441752,0.177112
Ancona,Pescara,124,125,0.216343,-0.44173,0.311908
Pescara,Canosa di Puglia,125,126,0.234828,-0.440874,0.338358
Canosa di Puglia,Bari,126,127,0.076661,-0.437293,0.110184
Canosa di Puglia,Benevento,126,742,0.0787841,-0.437609,0.113261
Bari,Brindisi,127,128,0.0207915,-0.435151,0.029839
Bari,Taranto,127,476,0.0197285,-0.434875,0.0283079
Brindisi,Taranto,128,476,0.00492028,-0.430716,0.00703953
Igoumenitsa,Preveza,129,130,0.0136665,-0.39832,0.0191102
Igoumenitsa,Ioannina,129,477,0.0311836,-0.401719,0.0437106
Preveza,Rhion,130,131,0.00703675,-0.390897,0.00978739
Rhion,Patras,131,132,0.00267202,-0.37634,0.0036776
Rhion,Aigio,131,175,0.00267202,-0.37634,0.0036776
Patras,Pyrgos,132,133,0.00120624,-0.36425,0.00164562
Pyrgos,Kalamata,133,134,0.000619215,-0.347831,0.000834598
Kalamata,Tripoli,134,177,0.000462953,-0.337535,0.000619215
Malmö,Helsingborg,135,299,0.0165378,-0.345146,0.0222458
Malmö,Kalmar,135,626,0.0157628,-0.344754,0.021197
Goleniów,Szczecin,136,137,0.821565,-0.518993,1.24795
Goleniów,Koszalin,136,637,0.353493,-0.519603,0.537169
Szczecin,Gorzów Wielkopolski,137,138,0.874372,-0.519347,1.32847
Gorzów Wielkopolski,Świebodzin,138,139,1.04737,-0.520269,1.59228
Świebodzin,Zielona Góra,139,140,1.38443,-0.520405,2.10489
Świebodzin,Poznań,139,315,2.18188,-0.522215,3.32129
Zielona Góra,Legnica,140,141,1.38797,-0.520447,2.11033
Legnica,Jelenia Góra,141,142,1.24771,-0.519137,1.89544
Legnica,Görlitz,141,338,1.38524,-0.518903,2.10404
Legnica,Wrocław,141,339,2.10005,-0.519854,3.19177
Legnica,Cottbus,141,644,1.38657,-0.51892,2.10609
Jelenia Góra,Harrachov,142,143,0.538318,-0.518704,0.817546
Harrachov,Železný Brod,143,144,0.387387,-0.518203,0.588133
Železný Brod,Turnov,144,145,0.637947,-0.517899,0.968339
Turnov,Mladá Boleslav,145,146,0.678116,-0.517424,1.02899
Turnov,Hradec Králové,145,551,0.957696,-0.517273,1.45309
Turnov,Teplice,145,715,0.824823,-0.518262,1.2523
Jihlava,Brno,147,148,1.01864,-0.513501,1.54171
Jihlava,Vienna,147,410,1.64218,-0.513095,2.48477
Brno,Bratislava,148,149,1.43992,-0.512052,2.17723
Brno,Trenčín,148,373,1.41729,-0.513689,2.14534
Brno,Vienna,148,410,1.64617,-0.51107,2.48748
Brno,Olomouc,148,716,1.42781,-0.514297,2.16212
Bratislava,Rajka,149,150,1.54859,-0.510753,2.33953
Bratislava,Žilina,149,195,1.62901,-0.513365,2.46528
Bratislava,Győr,149,196,1.60129,-0.505629,2.41095
Bratislava,Vienna,149,410,2.19906,-0.50665,3.31322
Bratislava,Zvolen,149,568,2.15866,-0.511993,3.26388
Bratislava,Dunajská Streda,149,724,1.3289,-0.51092,2.00787
Rajka,Csorna,150,151,0.613832,-0.510643,0.92728
Csorna,Szombathely,151,152,0.305974,-0.507082,0.461128
Szombathely,Zalaegerszeg,152,153,0.308425,-0.499156,0.462377
Zalaegerszeg,Nagykanizsa,153,154,0.61878,-0.494351,0.924674
Nagykanizsa,Letenye,154,155,0.386572,-0.493059,0.577175
Nagykanizsa,Zagreb,154,156,0.851303,-0.488965,1.26756
Nagykanizsa,Balatonvilágos,154,553,1.22519,-0.494533,1.83109
Letenye,Zagreb,155,156,0.464731,-0.485559,0.690385
Zagreb,Karlovac,156,157,0.683406,-0.484315,1.01439
Zagreb,Ljubljana,156,454,0.659076,-0.486337,0.979609
Zagreb,Slavonski Brod,156,455,0.778783,-0.475097,1.14878
Zagreb,Maribor,156,535,0.783169,-0.490584,1.16738
Karlovac,Rijeka,157,158,0.304962,-0.48168,0.451856
Karlovac,Knin,157,554,0.244652,-0.481847,0.362537
Rijeka,Split,158,159,0.208023,-0.478638,0.307591
Rijeka,Trieste,158,452,0.524447,-0.481054,0.776734
Split,Dubrovnik,159,160,0.153673,-0.469872,0.22588
Split,Knin,159,554,0.147714,-0.477672,0.218273
Dubrovnik,Petrovac,160,161,0.051422,-0.461946,0.0751762
Dubrovnik,Podgorica,160,162,0.116808,-0.454219,0.169865
Petrovac,Podgorica,161,162,0.0786229,-0.448051,0.11385
Petrovac,Prizren,161,744,0.0718552,-0.449044,0.104121
Podgorica,Bijelo Polje,162,163,0.120315,-0.448971,0.174333
Podgorica,Pristina,162,164,0.166705,-0.448531,0.241477
Podgorica,Sarajevo,162,737,0.206676,-0.449194,0.299514
Bijelo Polje,Pristina,163,164,0.167815,-0.448606,0.243098
Bijelo Polje,Nova Varoš,163,740,0.181004,-0.45147,0.262722
Pristina,Skopje,164,165,0.227483,-0.44549,0.328824
Pristina,Niš,164,202,0.439813,-0.451921,0.638574
Pristina,Prizren,164,744,0.138278,-0.448022,0.20023
Skopje,Kičevo,165,166,0.156931,-0.441663,0.226242
Skopje,Kumanovo,165,203,0.222803,-0.446345,0.322249
Skopje,Veles,165,204,0.166885,-0.439435,0.240221
Kičevo,Ohrid,166,167,0.0654332,-0.438686,0.0941379
Ohrid,Bitola,167,168,0.0313443,-0.431459,0.044868
Bitola,Niki,168,169,0.0243028,-0.416799,0.0344322
Niki,Vevi,169,170,0.0375202,-0.406749,0.0527816
Vevi,Kozani,170,171,0.0812603,-0.405037,0.114174
Kozani,Larissa,171,172,0.0550096,-0.404837,0.0772795
Kozani,Thessaloniki,171,207,0.178305,-0.407143,0.250901
Kozani,Ioannina,171,477,0.0670796,-0.404448,0.0942097
Larissa,Domokos,172,173,0.0245083,-0.403921,0.0344077
Larissa,Lamia,172,174,0.0245083,-0.403921,0.0344077
Larissa,Katerini,172,208,0.0697544,-0.405683,0.0980526
Larissa,Trikala,172,687,0.0349544,-0.403365,0.0490538
Domokos,Lamia,173,174,6.60161e-05,-0.47865,3.30081e-05
Aigio,Corinth,175,176,0.00120624,-0.36425,0.00164562
Corinth,Tripoli,176,177,0.000619215,-0.347831,0.000834598
Varangerbotn,Utsjoki,178,179,0.0654209,-0.524627,0.0997425
Varangerbotn,Kirkenes,178,243,0.162474,-0.529578,0.248517
Varangerbotn,Karasjok,178,502,0.0647969,-0.526596,0.0989187
Utsjoki,Inari,179,180,0.0261642,-0.509792,0.0395025
Inari,Ivalo,180,181,0.0135841,-0.458193,0.0198083
Ivalo,Sodankylä,181,182,0.0134523,-0.382776,0.0186016
Sodankylä,Rovaniemi,182,183,0.0176588,-0.34512,0.0237532
Sodankylä,Kemijärvi,182,539,0.0110436,-0.349642,0.0149048
Rovaniemi,Kemi,183,184,0.0252895,-0.340609,0.0339034
Kemi,Oulu,184,185,0.0362372,-0.34952,0.0489028
Kemi,Tornio,184,614,0.0263399,-0.33923,0.0352752
Oulu,Jyväskylä,185,186,0.0342955,-0.359877,0.0466377
Oulu,Kokkola,185,615,0.0261251,-0.359392,0.0355143
Jyväskylä,Heinola,186,187,0.0402655,-0.389132,0.0559342
Jyväskylä,Kuopio,186,544,0.0321488,-0.368765,0.0440041
Jyväskylä,Tampere,186,545,0.0408346,-0.382392,0.0564495
Heinola,Lahti,187,188,0.0380961,-0.432856,0.0545862
Lahti,Helsinki,188,189,0.0689068,-0.469388,0.101251
Helsinki,Hämeenlinna,189,618,0.0696827,-0.4688,0.10235
Helsinki,Kotka,189,621,0.167531,-0.51348,0.253556
Gdańsk,Świecie,190,191,1.66695,-0.526255,2.5442
Gdańsk,Kaliningrad,190,563,1.27526,-0.529711,1.95077
Gdańsk,Elbląg,190,564,1.42474,-0.527416,2.17617
Gdańsk,Gdynia,190,639,1.01783,-0.527123,1.55436
Świecie,Łódź,191,192,1.1841,-0.524661,1.80536
Świecie,Poznań,191,315,1.57642,-0.525146,2.40427
Łódź,Piotrków Trybunalski,192,193,1.35613,-0.524966,2.06805
Piotrków Trybunalski,Katowice,193,194,1.6117,-0.523518,2.45545
Piotrków Trybunalski,Warsaw,193,316,2.32031,-0.52761,3.54453
Piotrków Trybunalski,Wrocław,193,339,1.62991,-0.52309,2.48249
Katowice,Žilina,194,195,1.34213,-0.518726,2.03833
Katowice,Zabrze,194,342,1.17417,-0.520933,1.78583
Katowice,Kraków,194,343,1.79993,-0.521425,2.73845
Katowice,Český Těšín,194,717,0.934309,-0.5203,1.42043
Žilina,Olomouc,195,716,0.813319,-0.51585,1.23287
Győr,Budapest,196,197,2.23112,-0.503956,3.3555
Győr,Vámosszabadi,196,726,1.00472,-0.507076,1.5142
Budapest,Szeged,197,198,2.3978,-0.492713,3.57923
Budapest,Mosonmagyaróvár,197,412,2.38522,-0.502446,3.58366
Budapest,Szolnok,197,413,2.36398,-0.495841,3.53614
Budapest,Miskolc,197,552,2.38737,-0.500803,3.58297
Budapest,Balatonvilágos,197,553,2.12125,-0.495033,3.17134
Budapest,Szekszárd,197,555,1.92135,-0.497015,2.87629
Budapest,Zvolen,197,568,2.19037,-0.503784,3.29384
Szeged,Subotica,198,199,1.41308,-0.491452,2.10754
Szeged,Arad,198,684,1.77769,-0.482208,2.63491
Subotica,Novi Sad,199,200,0.838119,-0.481246,1.24146
Subotica,Sombor,199,735,0.749208,-0.489473,1.11592
Novi Sad,Belgrade,200,201,0.833034,-0.471138,1.22551
Belgrade,Niš,201,202,0.720524,-0.461926,1.05335
Belgrade,Slavonski Brod,201,455,0.749447,-0.46932,1.10118
Belgrade,Vršac,201,456,0.693191,-0.465307,1.01574
Belgrade,Čačak,201,739,0.619533,-0.461693,0.905567
Niš,Kumanovo,202,203,0.312757,-0.454094,0.454777
Niš,Drobeta-Turnu Severin,202,458,0.705035,-0.458393,1.02822
Niš,Sofia,202,468,0.552214,-0.443698,0.797231
Kumanovo,Kyustendil,203,745,0.204435,-0.446355,0.295685
Veles,Gevgelija,204,205,0.0933904,-0.428648,0.133422
Gevgelija,Evzoni,205,206,0.0999585,-0.414229,0.141364
Evzoni,Thessaloniki,206,207,0.189338,-0.408965,0.266771
Thessaloniki,Katerini,207,208,0.12874,-0.407882,0.181251
Thessaloniki,Alexandroupoli,207,233,0.268553,-0.407461,0.377978
Thessaloniki,Serres,207,577,0.224352,-0.414124,0.317261
Klaipėda,Kaunas,209,210,1.85102,-0.537,2.84502
Klaipėda,Palanga,209,704,1.08204,-0.537904,1.66407
Kaunas,Vilnius,210,211,2.05541,-0.536867,3.1589
Kaunas,Warsaw,210,316,3.98652,-0.533467,6.1132
Kaunas,Riga,210,547,2.70865,-0.537011,4.16322
Kaunas,Ukmergė,210,701,1.72768,-0.537011,2.65546
Vilnius,Lida,211,212,1.91695,-0.537844,2.94798
Vilnius,Minsk,211,318,3.91084,-0.535916,6.00673
Vilnius,Marijampolė,211,641,2.01149,-0.537965,3.0936
Vilnius,Ukmergė,211,701,2.0126,-0.538166,3.09571
Lida,Slonim,212,213,0.749647,-0.537679,1.15272
Slonim,Kobryn,213,214,0.388478,-0.533323,0.595662
Kobryn,Dubno,214,215,0.441677,-0.5246,0.67338
Dubno,Ternopil,215,216,0.958282,-0.520534,1.4571
Ternopil,Chernivtsi,216,217,1.08791,-0.517475,1.65087
Ternopil,Stryj,216,379,1.5459,-0.516806,2.34483
Ternopil,Khmelnytskyi,216,380,1.35296,-0.522983,2.06053
Chernivtsi,Siret,217,218,0.829222,-0.510529,1.25256
Siret,Suceava,218,219,1.41722,-0.504879,2.13275
Suceava,Roman,219,220,1.40526,-0.501779,2.1104
Suceava,Halmeu,219,578,2.17159,-0.501166,3.25991
Suceava,Iaşi,219,670,1.87847,-0.506242,2.82942
Roman,Urziceni,220,221,0.784525,-0.495096,1.17294
Urziceni,Bucharest,221,222,0.562691,-0.481363,0.83355
Urziceni,Slobozia,221,421,0.455971,-0.486253,0.677689
Bucharest,Giurgiu,222,223,0.300528,-0.463723,0.43989
Bucharest,Ploieşti,222,420,0.265836,-0.469523,0.390653
Bucharest,Constanţa,222,423,0.395789,-0.469981,0.581802
Bucharest,Alexandria,222,460,0.309213,-0.466937,0.453595
Bucharest,Piteşti,222,583,0.335076,-0.468086,0.49192
Giurgiu,Ruse,223,224,0.159766,-0.455058,0.232469
Ruse,Byala,224,225,0.0865756,-0.442334,0.124871
Ruse,Razgrad,224,461,0.0801554,-0.443525,0.115706
Byala,Veliko Tarnovo,225,226,0.0695713,-0.434823,0.0998225
Byala,Pleven,225,584,0.0681542,-0.435425,0.0978303
Veliko Tarnovo,Stara Zagora,226,227,0.0792913,-0.431451,0.113502
Veliko Tarnovo,Shumen,226,462,0.0748261,-0.438149,0.107611
Stara Zagora,Haskovo,227,228,0.0483684,-0.428365,0.0690877
Stara Zagora,Burgas,227,590,0.0684478,-0.4373,0.0983801
Haskovo,Svilengrad,228,229,0.0235599,-0.420322,0.0334626
Svilengrad,Ormenio,229,230,0.0185569,-0.408989,0.0261465
Ormenio,Kastanies,230,231,0.028733,-0.403346,0.0403224
Kastanies,Didymoteicho,231,232,0.0620878,-0.404108,0.087178
Didymoteicho,Alexandroupoli,232,233,0.145623,-0.406351,0.204797
Alexandroupoli,Gelibolu,233,478,0.179895,-0.411942,0.254002
Saint Petersburg,Pskov,234,235,3.84713,-0.534235,5.90241
Saint Petersburg,Moscow,234,239,7.29088,-0.530102,11.1558
Saint Petersburg,Petrozavodsk,234,245,2.48346,-0.530119,3.79999
Saint Petersburg,Narva,234,304,2.91255,-0.533465,4.46629
Saint Petersburg,Vyborg,234,623,2.48357,-0.530105,3.80012
Pskov,Gomel,235,236,5.0728,-0.535513,7.78935
Pskov,Riga,235,547,3.64362,-0.536619,5.59886
Gomel,Kiev,236,237,7.10297,-0.532194,10.8831
Gomel,Babruysk,236,703,4.24212,-0.535527,6.5139
Kiev,Odessa,237,238,5.2374,-0.525453,7.98941
Kiev,Hlukhiv,237,242,6.33177,-0.529204,9.68257
Kiev,Kharkiv,237,247,6.2018,-0.526956,9.46987
Kiev,Rivne,237,348,4.57185,-0.529539,6.99282
Kiev,Zhytomyr,237,349,3.64677,-0.528913,5.5756
Odessa,Izmail,238,586,1.75939,-0.521135,2.67627
Odessa,Chişinău,238,672,2.08624,-0.520653,3.17244
Odessa,Mykolaiv,238,673,2.03899,-0.522873,3.10513
Moscow,Kaluga,239,240,5.1729,-0.528982,7.90928
Moscow,Orel,239,246,5.55503,-0.526887,8.4819
Moscow,Voronezh,239,248,5.9595,-0.518093,9.04708
Moscow,Tambov,239,256,5.06031,-0.525064,7.71729
Moscow,Smolensk,239,319,5.62457,-0.530748,8.6098
Moscow,Ryazan,239,320,4.42102,-0.517945,6.71086
Moscow,Velikiye Luki,239,628,4.97917,-0.528922,7.61276
Moscow,Vladimir,239,629,4.53378,-0.51712,6.87829
Kaluga,Bryansk,240,241,2.83041,-0.531407,4.33451
Bryansk,Hlukhiv,241,242,3.49612,-0.531631,5.35477
Hlukhiv,Kursk,242,645,3.73887,-0.53031,5.72162
Kirkenes,Murmansk,243,244,0.356063,-0.530718,0.545033
Murmansk,Petrozavodsk,244,245,0.927591,-0.530588,1.41976
Orel,Kharkiv,246,247,4.18858,-0.527232,6.39693
Kharkiv,Luhansk,247,350,3.36674,-0.527387,5.14231
Voronezh,Novorossiysk,248,249,3.81216,-0.519958,5.79433
Voronezh,Kursk,248,645,3.64503,-0.526771,5.56513
Voronezh,Saratov,248,646,3.21003,-0.509837,4.84663
Novorossiysk,Dzhankoy,249,601,1.52547,-0.519811,2.31842
Novorossiysk,Sochi,249,602,1.4814,-0.519718,2.25131
Mineralnye Vody,Nalchik,250,251,0.207148,-0.498984,0.310511
Mineralnye Vody,Makhachkala,250,260,0.465218,-0.500043,0.697847
Mineralnye Vody,Armavir,250,387,0.243365,-0.501175,0.365333
Nalchik,Vladikavkaz,251,252,0.0795847,-0.497027,0.11914
Vladikavkaz,Stepantsminda,252,253,0.031133,-0.493326,0.0464918
Stepantsminda,Mtskheta,253,254,0.0133988,-0.48487,0.0198955
Mtskheta,Tbilisi,254,255,0.00865797,-0.471151,0.0127372
Tbilisi,Gori,255,428,0.00568213,-0.46435,0.00832062
Tbilisi,Rustavi,255,429,0.0081022,-0.471686,0.0119239
Tambov,Povorino,256,257,2.2875,-0.525298,3.48912
Povorino,Volgograd,257,258,1.91794,-0.522067,2.91923
Volgograd,Astrakhan,258,259,2.13201,-0.511114,3.22171
Volgograd,Luhansk,258,350,2.23546,-0.523591,3.40593
Astrakhan,Makhachkala,259,260,1.42884,-0.501298,2.14512
Astrakhan,Atyrau,259,265,1.95088,-0.489843,2.9065
Makhachkala,Kuba,260,261,0.458403,-0.500367,0.687772
Kuba,Baku,261,262,0.17525,-0.499761,0.262833
Baku,Yevlakh,262,431,0.0672639,-0.49864,0.100804
Samara,Oral,263,264,1.75054,-0.467809,2.56946
Samara,Penza,263,321,1.50724,-0.489467,2.24499
Samara,Ufa,263,322,1.2894,-0.46336,1.88686
Oral,Atyrau,264,265,1.9103,-0.460381,2.78976
Oral,Saratov,264,646,2.28958,-0.489808,3.41103
Oral,Aktobe,264,647,1.27363,-0.464263,1.86493
Atyrau,Beineu,265,266,0.858224,-0.472918,1.26409
Atyrau,Beyneu,265,351,0.858224,-0.472918,1.26409
Beineu,Shetpe,266,267,0.335887,-0.473499,0.494929
Shetpe,Zhetybai,267,268,0.131634,-0.473909,0.194016
Zhetybai,Fetisovo,268,269,0.0521456,-0.471594,0.0767371
Fetisovo,Bekdash,269,270,0.0218405,-0.464082,0.0319763
Bekdash,Türkmenbaşy,270,271,0.0118071,-0.43943,0.0169954
Türkmenbaşy,Gyzylarbat,271,272,0.0121504,-0.404587,0.0170662
Gyzylarbat,Ashgabat,272,432,0.0223254,-0.393935,0.0311202
Chelyabinsk,Kostanay,273,274,0.268204,-0.467886,0.393692
Chelyabinsk,Ufa,273,322,0.572121,-0.468048,0.839902
Chelyabinsk,Kurgan,273,323,0.298342,-0.46516,0.437119
Kostanay,Esil,274,275,0.117675,-0.462147,0.172058
Esil,Derzhavinsk,275,276,0.0759115,-0.444426,0.109648
Derzhavinsk,Arkalyk,276,277,0.101622,-0.425228,0.144835
Arkalyk,Jezkazgan,277,278,0.213759,-0.418788,0.303278
Jezkazgan,Kyzylorda,278,279,0.333891,-0.416848,0.473073
Jezkazgan,Karaganda,278,286,0.316631,-0.417924,0.448958
Kyzylorda,Shymkent,279,280,0.316578,-0.411531,0.446859
Kyzylorda,Novokazalinsk,279,650,0.23836,-0.420534,0.338599
Shymkent,Tashkent,280,281,0.250307,-0.401343,0.350766
Shymkent,Zhambyl,280,359,0.201442,-0.40333,0.28269
Tashkent,Ayni,281,282,0.0912577,-0.393564,0.127173
Tashkent,Jizzakh,281,358,0.117811,-0.393022,0.164113
Tashkent,Kokand,281,689,0.0952166,-0.397707,0.133085
Ayni,Dushanbe,282,283,0.0715701,-0.38817,0.0993514
Ayni,Kokand,282,689,0.0354949,-0.390981,0.0493727
Dushanbe,Termez,283,440,0.0394805,-0.382919,0.0545983
Dushanbe,Jirgatal,283,441,0.0401919,-0.38381,0.055618
Dushanbe,Kulob,283,692,0.0294462,-0.38364,0.040743
Ishim,Astana,284,285,0.144062,-0.434597,0.206672
Ishim,Omsk,284,291,0.144062,-0.434597,0.206672
Ishim,Kurgan,284,323,0.214573,-0.453012,0.311778
Ishim,Tyumen,284,635,0.147728,-0.447059,0.213771
Astana,Karaganda,285,286,0.159268,-0.422703,0.226591
Karaganda,Balkhash,286,287,0.187569,-0.41243,0.264928
Karaganda,Pavlodar,286,292,0.191078,-0.4223,0.271771
Balkhash,Burubaytal,287,288,0.113133,-0.407462,0.159231
Burubaytal,Almaty,288,289,0.130893,-0.401363,0.183429
Almaty,Bishkek,289,290,0.200583,-0.398229,0.280461
Almaty,Sary-Ozek,289,360,0.0966648,-0.398583,0.135194
Almaty,Kokpek,289,695,0.0793079,-0.398718,0.110929
Bishkek,Zhambyl,290,359,0.179586,-0.399388,0.25131
Bishkek,Osh,290,691,0.180918,-0.396393,0.252633
Omsk,Pavlodar,291,292,0.114039,-0.427252,0.162762
Pavlodar,Semey,292,293,0.0970199,-0.423073,0.138066
Semey,Georgiyevka,293,294,0.0403813,-0.421863,0.0574167
Georgiyevka,Ayagoz,294,364,0.0178136,-0.419149,0.0252801
Narvik,Kiruna,295,296,0.005464,-0.342843,0.0073373
Narvik,Setermoen,295,498,0.00286497,-0.36555,0.00391225
Kiruna,Töre,296,297,0.0118096,-0.338894,0.0158118
Töre,Luleå,297,298,0.0261597,-0.338741,0.035021
Luleå,Umeå,298,612,0.0451239,-0.340186,0.0604744
Luleå,Haparanda,298,613,0.0291449,-0.337971,0.038995
Helsingborg,Halmstad,299,300,0.0361466,-0.345726,0.0486434
Helsingborg,Jönköping,299,605,0.0223047,-0.345092,0.0300018
Örebro,Stockholm,301,302,0.0696268,-0.345504,0.0936831
Örebro,Karlstad,301,620,0.0415258,-0.345942,0.0558913
Stockholm,Södertälje,302,608,0.0514867,-0.345379,0.0692692
Stockholm,Uppsala,302,609,0.0609626,-0.345247,0.0820097
Tallinn,Narva,303,304,1.72515,-0.535658,2.64924
Tallinn,Riga,303,547,2.38592,-0.536579,3.66616
Colchester,Ipswich,305,306,6.60161e-05,-0.47865,6.60161e-05
Ipswich,Cambridge,306,636,6.60161e-05,-0.47865,6.60161e-05
The Hague,Gouda,307,308,0.369099,-0.521255,0.561494
Amersfoort,Oldenzaal,309,310,0.62702,-0.522293,0.954509
Amersfoort,Hoogeveen,309,698,0.585232,-0.522324,0.890913
Oldenzaal,Osnabrück,310,311,0.540602,-0.523206,0.823448
Osnabrück,Bad Oeynhausen,311,312,1.01988,-0.523805,1.55409
Bad Oeynhausen,Dortmund,312,508,1.75446,-0.52455,2.67475
Braunschweig,Magdeburg,313,314,1.36089,-0.520331,2.06901
Magdeburg,Halle,314,518,1.44448,-0.519529,2.19492
Poznań,Warsaw,315,316,2.68697,-0.527005,4.10301
Poznań,Wrocław,315,339,1.57965,-0.523305,2.40629
Warsaw,Elbląg,316,564,2.14818,-0.528731,3.28399
Warsaw,Radom,316,565,2.54853,-0.527596,3.89313
Warsaw,Lublin,316,713,3.02768,-0.528675,4.62833
Brest,Rennes,317,365,0.326425,-0.511908,0.493525
Brest,Lorient,317,388,0.178672,-0.511297,0.270026
Minsk,Smolensk,318,319,4.14499,-0.534523,6.36058
Minsk,Babruysk,318,703,3.74306,-0.536283,5.75041
Ryazan,Penza,320,321,1.96094,-0.511589,2.96413
Ufa,Yelabuga,322,632,0.617606,-0.471309,0.908689
Bruges,Ghent,324,325,1.59029,-0.519178,2.41594
Bruges,Zeebrugge,324,642,1.80026,-0.51955,2.73558
Ghent,Brussels,325,326,2.15951,-0.520241,3.28298
Brussels,Leuven,326,327,2.76082,-0.52214,4.20236
Leuven,Hasselt,327,708,1.80988,-0.524565,2.75927
Eupen,Aachen,328,329,2.18594,-0.526552,3.33696
Eupen,St. Vith,328,653,1.12363,-0.526047,1.71471
Aachen,Heerlen,329,709,1.72112,-0.526841,2.62787
Olpe,Wetzlar,330,331,2.05328,-0.526002,3.13331
Wetzlar,Gießen,331,332,2.05195,-0.526571,3.13245
Wetzlar,Dortmund,331,508,2.86216,-0.525769,4.36699
Wetzlar,Aschaffenburg,331,509,2.204,-0.526081,3.36348
Wetzlar,Koblenz,331,660,2.15426,-0.526411,3.28828
Gießen,Bad Hersfeld,332,333,1.2748,-0.526959,1.94657
Bad Hersfeld,Eisenach,333,334,0.595586,-0.525628,0.908642
Eisenach,Erfurt,334,335,0.542482,-0.521645,0.825465
Erfurt,Gera,335,336,1.05534,-0.519356,1.60344
Gera,Chemnitz,336,337,1.57344,-0.518853,2.38982
Gera,Leipzig,336,526,1.58508,-0.518833,2.40746
Gera,Hirschberg,336,527,1.11495,-0.519121,1.69375
Chemnitz,Plauen,337,519,1.48339,-0.518807,2.25298
Wrocław,Opole,339,340,1.31274,-0.521352,1.99714
Wrocław,Kłodzko,339,548,1.33261,-0.521218,2.02719
Opole,Gliwice,340,341,0.626159,-0.520919,0.952336
Gliwice,Zabrze,341,342,0.591931,-0.520722,0.900162
Kraków,Rzeszów,343,344,0.847935,-0.521901,1.29047
Kraków,Radom,343,565,1.02997,-0.524967,1.57068
Kraków,Trstená,343,566,1.06621,-0.520001,1.62065
Rzeszów,Jarosław,344,345,0.811228,-0.524288,1.23655
Rzeszów,Radom,344,565,0.888476,-0.526396,1.35617
Rzeszów,Barwinek,344,710,0.636591,-0.523653,0.969943
Jarosław,Korczowa,345,346,0.880976,-0.524058,1.34266
Korczowa,Lviv,346,347,1.87409,-0.523316,2.85483
Lviv,Rivne,347,348,2.52253,-0.526257,3.85004
Lviv,Mukachevo,347,378,3.3774,-0.518024,5.12698
Lviv,Lublin,347,713,1.88334,-0.524961,2.87201
Rivne,Zhytomyr,348,349,1.57434,-0.529303,2.40764
Rivne,Kovel,348,714,1.55472,-0.529127,2.37736
Zhytomyr,Vinnytsia,349,381,2.62842,-0.529339,4.01975
Beyneu,Qo‘ng‘irot,351,352,0.340217,-0.472503,0.500971
Qo‘ng‘irot,Nukus,352,353,0.143718,-0.46774,0.21094
Nukus,Daşoguz,353,354,0.0816635,-0.448337,0.118276
Daşoguz,Bukhara,354,355,0.0369458,-0.40512,0.0519133
Daşoguz,Ashgabat,354,432,0.0418133,-0.403378,0.0586799
Daşoguz,Uchkuduk,354,688,0.0252468,-0.42209,0.0359032
Bukhara,Navoiy,355,356,0.0365008,-0.384378,0.0505309
Bukhara,Alat,355,436,0.0294466,-0.379193,0.0406125
Bukhara,Karshi,355,437,0.0299577,-0.379424,0.0413244
Bukhara,Uchkuduk,355,688,0.0201359,-0.386823,0.027925
Navoiy,Samarkand,356,357,0.032567,-0.390038,0.0452693
Samarkand,Jizzakh,357,358,0.0540378,-0.391411,0.0751888
Sary-Ozek,Taldykorgan,360,361,0.046323,-0.397872,0.0647536
Sary-Ozek,Koktal,360,697,0.0437242,-0.397821,0.0611186
Taldykorgan,Ucharal,361,362,0.0204736,-0.398234,0.0286268
Ucharal,Taskesken,362,363,0.0109306,-0.402134,0.0153262
Taskesken,Ayagoz,363,364,0.0101789,-0.411953,0.0143721
Rennes,Le Mans,365,366,0.808378,-0.512255,1.22247
Le Mans,Angers,366,391,0.659143,-0.512343,0.99685
Le Mans,Tours,366,392,0.772247,-0.510433,1.16643
Le Mans,Rouen,366,662,1.25199,-0.515436,1.89731
Reims,Charleroi,367,651,1.71788,-0.52075,2.61246
Reims,Charleville-Mézières,367,658,1.57203,-0.520389,2.39009
Reims,Rouen,367,662,1.79235,-0.518219,2.72119
Saarbrücken,Mannheim,368,369,3.00242,-0.525887,4.58135
Saarbrücken,Trier,368,659,1.55585,-0.524746,2.37228
Mannheim,Heilbronn,369,370,2.81175,-0.525639,4.28971
Rozvadov,Plzeň,371,372,2.29757,-0.519857,3.49197
Plzeň,Karlovy Vary,372,523,1.59648,-0.519205,2.42537
Plzeň,České Budějovice,372,524,1.85189,-0.517827,2.81085
Plzeň,Bayerisch Eisenstein,372,530,1.89306,-0.518755,2.8751
Trenčín,Prešov,373,374,1.22729,-0.514286,1.85847
Prešov,Košice,374,375,1.90505,-0.51335,2.883
Prešov,Svidník,374,712,0.930786,-0.514806,1.40996
Košice,Vyšné Nemecké,375,376,0.963153,-0.512568,1.45684
Košice,Uzhhorod,375,377,1.86467,-0.514007,2.82312
Košice,Miskolc,375,552,1.73059,-0.508999,2.61145
Košice,Zvolen,375,568,1.81469,-0.510655,2.74138
Vyšné Nemecké,Uzhhorod,376,377,0.901514,-0.515544,1.36628
Uzhhorod,Mukachevo,377,378,2.99041,-0.516312,4.53439
Uzhhorod,Chop,377,723,1.51157,-0.513962,2.28847
Mukachevo,Stryj,378,379,2.21714,-0.513169,3.35491
Mukachevo,Halmeu,378,578,2.709,-0.507898,4.0849
Khmelnytskyi,Vinnytsia,380,381,1.64854,-0.527284,2.51779
Vinnytsia,Uman,381,382,1.60463,-0.527509,2.45109
Vinnytsia,Mohyliv-Podilskyi,381,728,1.48363,-0.527391,2.26609
Uman,Kirovohrad,382,383,1.21957,-0.523835,1.85843
Kirovohrad,Dnipropetrovsk,383,384,0.852204,-0.52093,1.29614
Kirovohrad,Chişinău,383,672,1.70635,-0.519745,2.59321
Dnipropetrovsk,Donetsk,384,385,0.357602,-0.519268,0.543294
Donetsk,Rostov-on-Don,385,386,0.234383,-0.515048,0.355102
Rostov-on-Don,Armavir,386,387,0.201301,-0.507678,0.303497
Rostov-on-Don,Taganrog,386,675,0.21041,-0.515295,0.318833
Lorient,Vannes,388,389,0.213627,-0.510863,0.322762
Vannes,Nantes,389,390,0.466851,-0.51093,0.705379
Nantes,Angers,390,391,0.651378,-0.510496,0.983904
Nantes,Poitiers,390,676,0.910894,-0.511566,1.37688
Angers,Tours,391,392,0.513715,-0.505652,0.773477
Tours,Vierzon,392,503,0.674537,-0.503792,1.01436
Montargis,Auxerre,393,394,1.21308,-0.509642,1.83131
Auxerre,Beaune,394,395,2.26396,-0.511976,3.42306
Beaune,Dole,395,396,2.28258,-0.515425,3.45907
Beaune,Antwerp,395,505,3.89509,-0.516586,5.90724
Dole,Besançon,396,397,1.20254,-0.517815,1.82523
Besançon,Belfort,397,398,1.36789,-0.520977,2.08053
Zürich,Winterthur,399,400,1.34864,-0.519178,2.04882
Winterthur,St. Gallen,400,401,0.961182,-0.518865,1.4599
Winterthur,Schaffhausen,400,511,1.30306,-0.521823,1.98303
St. Gallen,St. Margrethen,401,402,0.884797,-0.516009,1.34136
St. Margrethen,Bregenz,402,403,1.45967,-0.514429,2.21056
St. Margrethen,Buchs,402,514,0.680238,-0.514567,1.03027
Bregenz,Feldkirch,403,748,1.40515,-0.513558,2.12677
Bregenz,Lindau,403,513,2.20184,-0.515041,3.33589
Feldkirch,Landeck,748,404,0.642801,-0.511492,0.971589
Feldkirch,Imst,748,406,0.670847,-0.511393,1.01391
Landeck,Telfs,404,405,0.450006,-0.510182,0.679591
Sattledt,Liezen,408,532,0.947058,-0.511848,1.43181
Sattledt,Wels,408,669,1.00082,-0.514357,1.51559
Sankt Pölten,Vienna,409,410,1.98035,-0.510826,2.99196
Vienna,Nickelsdorf,410,411,2.17506,-0.509174,3.28255
Vienna,Halámky,410,525,2.08974,-0.511183,3.15798
Vienna,Graz,410,534,2.68446,-0.507478,4.04676
Nickelsdorf,Mosonmagyaróvár,411,412,1.51378,-0.506258,2.28014
Szolnok,Püspökladány,413,414,1.72105,-0.492502,2.56867
Püspökladány,Oradea,414,415,2.16844,-0.491429,3.23408
Püspökladány,Nyíregyháza,414,722,1.32932,-0.496618,1.98948
Oradea,Cluj-Napoca,415,416,1.04721,-0.483884,1.55393
Oradea,Berettyóújfalu,415,570,1.491,-0.4911,2.22323
Oradea,Beiuş,415,571,0.987359,-0.485689,1.46691
Oradea,Satu Mare,415,579,1.59133,-0.490212,2.37142
Oradea,Arad,415,684,1.6815,-0.482932,2.49355
Cluj-Napoca,Turda,416,417,0.658066,-0.484647,0.976996
Cluj-Napoca,Zalău,416,580,0.632448,-0.488254,0.941244
Turda,Târgu Mureş,417,418,0.291573,-0.480543,0.431687
Turda,Sebeş,417,581,0.301693,-0.480198,0.446565
Târgu Mureş,Braşov,418,419,0.208695,-0.475347,0.307898
Braşov,Ploieşti,419,420,0.179621,-0.470355,0.264106
Braşov,Sibiu,419,582,0.246817,-0.474579,0.363951
Braşov,Piteşti,419,583,0.150617,-0.4667,0.22091
Slobozia,Hârşova,421,422,0.315905,-0.485623,0.469316
Slobozia,Galaţi,421,588,0.528412,-0.494669,0.789801
Hârşova,Constanţa,422,423,0.324339,-0.481613,0.480545
Constanţa,Varna,423,463,0.279553,-0.463277,0.409064
Constanţa,Tulcea,423,589,0.324339,-0.481613,0.480545
Senaki,Samtredia,424,425,0.0292227,-0.524497,0.04455
Senaki,Zugdidi,424,604,0.077901,-0.523167,0.118656
Samtredia,Kutaisi,425,426,0.011199,-0.522929,0.0170552
Kutaisi,Khashuri,426,427,0.00488774,-0.511202,0.00738636
Khashuri,Gori,427,428,0.00357375,-0.478819,0.00528493
Rustavi,Ganja,429,430,0.011587,-0.487048,0.0172304
Ganja,Yevlakh,430,431,0.0263586,-0.495733,0.0394255
Ashgabat,Tejen,432,433,0.022159,-0.389387,0.0307874
Tejen,Mary,433,434,0.0114293,-0.377951,0.015749
Mary,Türkmenabat,434,435,0.0093391,-0.368988,0.0127851
Türkmenabat,Alat,435,436,0.0141409,-0.371399,0.0193928
Karshi,Guzar,437,438,0.0154625,-0.372882,0.0212283
Guzar,Sherobod,438,439,0.0124988,-0.372728,0.0171574
Sherobod,Termez,439,440,0.0188523,-0.378594,0.0259896
Jirgatal,Sary Tash,441,442,0.0366935,-0.385896,0.0508534
Jirgatal,Khorugh,441,694,0.0224583,-0.382521,0.0310491
Sary Tash,Irkeshtam,442,443,0.0477088,-0.390564,0.0663421
Irkeshtam,Osh,443,691,0.0959907,-0.393531,0.133766
A Coruña,Bilbao,444,445,0.0956291,-0.469846,0.14056
A Coruña,Pontevedra,444,481,0.0413733,-0.461477,0.0604661
Clermont-Ferrand,Montluçon,446,504,0.788181,-0.499318,1.18173
Chambéry,Susa,447,448,0.847843,-0.502223,1.27365
Chambéry,Marseille,447,736,0.643339,-0.503272,0.967114
Susa,Turin,448,449,0.546513,-0.492774,0.815821
Tortona,Brescia,450,451,0.215924,-0.456863,0.314572
Trieste,Postojna,452,453,0.280829,-0.480835,0.415861
Trieste,Ljubljana,452,454,0.549105,-0.486718,0.816364
Postojna,Ljubljana,453,454,0.384022,-0.49081,0.572504
Ljubljana,Maribor,454,535,0.671708,-0.495777,1.00473
Ljubljana,Naklo,454,538,0.976356,-0.495705,1.46034
Vršac,Timişoara,456,457,0.696201,-0.467226,1.02148
Timişoara,Drobeta-Turnu Severin,457,458,0.780743,-0.46632,1.14482
Timişoara,Arad,457,684,1.26811,-0.473799,1.86894
Drobeta-Turnu Severin,Craiova,458,459,0.752636,-0.461346,1.09986
Craiova,Alexandria,459,460,0.314108,-0.462653,0.459431
Craiova,Târgu Jiu,459,574,0.440799,-0.462287,0.644576
Craiova,Piteşti,459,583,0.409109,-0.462698,0.598403
Razgrad,Shumen,461,462,0.0718666,-0.440305,0.10351
Shumen,Varna,462,463,0.114887,-0.448255,0.166386
Varna,Burgas,463,590,0.112948,-0.448248,0.163576
Lisbon,Valladolid,464,465,0.0725187,-0.447264,0.104954
Lisbon,Porto,464,483,0.0659668,-0.437119,0.0948022
Lisbon,Albufeira,464,484,0.0646828,-0.434292,0.092774
Toulouse,Nice,466,467,0.770361,-0.482376,1.14196
Nice,Cuneo,467,685,0.319642,-0.474273,0.47124
Sofia,Plovdiv,468,469,0.303663,-0.442372,0.437995
Sofia,Botevgrad,468,575,0.304938,-0.442243,0.439795
Sofia,Blagoevgrad,468,576,0.329585,-0.439264,0.474361
Sofia,Kyustendil,468,745,0.231768,-0.4441,0.334696
Plovdiv,Istanbul,469,470,0.126391,-0.441166,0.18215
Istanbul,İzmit,470,471,0.0606364,-0.438699,0.0872376
İzmit,Gerede,471,472,0.020854,-0.434951,0.0299244
İzmit,Bursa,471,479,0.0209546,-0.433308,0.0300344
Gerede,Kızılcahamam,472,599,0.00977827,-0.431604,0.0139986
Mazara del Vallo,Palermo,473,474,6.60161e-05,-0.47865,6.60161e-05
Metaponto,Taranto,475,476,0.00826269,-0.430399,0.0118189
Metaponto,Potenza,475,743,0.00445115,-0.428157,0.00635694
Ioannina,Trikala,477,687,0.0279607,-0.40257,0.0392169
Gelibolu,Keşan,478,596,0.0864658,-0.406296,0.121597
Gelibolu,Ayvalık,478,597,0.0864701,-0.406315,0.121604
Bursa,Ankara,479,480,0.0106193,-0.427651,0.0151606
Bursa,Balıkesir,479,746,0.0125452,-0.421537,0.0178334
Ankara,Kızılcahamam,480,599,0.00714326,-0.427748,0.0101988
Pontevedra,Valença,481,482,0.0253031,-0.445922,0.0365863
Valença,Porto,482,483,0.0317993,-0.435093,0.045635
Albufeira,Castro Marim,484,485,0.0336751,-0.426677,0.0480435
Castro Marim,Huelva,485,486,0.0314043,-0.425497,0.0447667
Cherbourg-Octeville,La Rochelle,487,488,0.173998,-0.511931,0.263074
Cherbourg-Octeville,Caen,487,661,0.380561,-0.516409,0.577086
La Rochelle,Saintes,488,730,0.145586,-0.500987,0.218523
Oslo,Hamar,489,490,0.031828,-0.346695,0.0428627
Oslo,Askim,489,619,0.0331874,-0.346337,0.0446814
Hamar,Lillehammer,490,491,0.0201175,-0.346957,0.0270974
Lillehammer,Dombås,491,492,0.0223667,-0.346792,0.0301232
Dombås,Trondheim,492,493,0.040129,-0.346336,0.0540272
Trondheim,Stjørdal,493,494,0.0392798,-0.346167,0.0528772
Stjørdal,Steinkjer,494,495,0.0197837,-0.345894,0.0266267
Steinkjer,Mosjøen,495,496,0.0139736,-0.344297,0.0187847
Mosjøen,Mo i Rana,496,497,0.0177857,-0.342262,0.0238731
Mo i Rana,Umeå,497,612,0.0337726,-0.341433,0.0453037
Setermoen,Alta,498,499,0.00236051,-0.432406,0.00338121
Alta,Olderfjord,499,500,0.00389745,-0.495127,0.00582718
Olderfjord,Lakselv,500,501,0.00929384,-0.517448,0.0141029
Lakselv,Karasjok,501,502,0.0243084,-0.523972,0.0370454
Vierzon,Montluçon,503,504,0.487371,-0.500621,0.731359
Antwerp,Zeebrugge,505,642,2.63037,-0.519563,3.99701
Martigny,Sion,506,678,0.62515,-0.508946,0.943317
Bremen,Groningen,507,624,2.21106,-0.523565,3.36869
Stuttgart,Schaffhausen,510,511,1.99182,-0.52373,3.03499
Stuttgart,Ulm,510,512,1.75882,-0.522055,2.67701
Ulm,Lindau,512,513,1.51826,-0.519333,2.30675
Lindau,Waldshut,513,666,2.08175,-0.518603,3.16135
Buchs,Chur,514,515,0.270811,-0.514012,0.410011
Chur,San Bernardino,515,516,0.139783,-0.513347,0.21154
Halle,Plauen,518,519,1.37726,-0.519187,2.09232
Plauen,Schönberg,519,520,1.12527,-0.519186,1.70949
Plauen,Hof,519,528,1.49442,-0.519564,2.27086
Schönberg,Vojtanov,520,521,0.678814,-0.519554,1.03149
Vojtanov,Cheb,521,522,0.93772,-0.519976,1.42531
Cheb,Karlovy Vary,522,523,1.54914,-0.519479,2.35389
Cheb,Marktredwitz,522,663,1.23971,-0.520495,1.88498
Karlovy Vary,Teplice,523,715,0.955304,-0.518721,1.45084
České Budějovice,Halámky,524,525,1.30121,-0.514602,1.97082
Hirschberg,Hof,527,528,1.15676,-0.519644,1.75786
Hof,Bayreuth,528,529,1.883,-0.520679,2.86344
Bayreuth,Marktredwitz,529,663,1.69881,-0.52094,2.58379
Bayerisch Eisenstein,Deggendorf,530,531,1.42147,-0.518451,2.15844
Liezen,Sankt Michael,532,533,0.769975,-0.508366,1.1614
Sankt Michael,Graz,533,534,1.37575,-0.505817,2.07163
Graz,Maribor,534,535,1.16255,-0.502156,1.74634
Graz,Spielfeld,534,536,0.886231,-0.50496,1.33374
Graz,Klagenfurt,534,683,1.63633,-0.502486,2.45857
Maribor,Spielfeld,535,536,0.390897,-0.497268,0.585277
Karavanke Tunnel,Naklo,537,538,0.848191,-0.501656,1.27369
Naklo,Loiblpass,538,734,0.807587,-0.500379,1.21169
Kemijärvi,Posio,539,540,0.00538775,-0.341065,0.00722532
Posio,Kuusamo,540,541,0.00340708,-0.338159,0.00455922
Kuusamo,Kajaani,541,542,0.00373069,-0.345319,0.00501897
Kajaani,Iisalmi,542,543,0.00663086,-0.354774,0.00898331
Iisalmi,Kuopio,543,544,0.0142359,-0.362032,0.0193898
Tampere,Turku,545,546,0.019922,-0.394951,0.0277902
Tampere,Vaasa,545,616,0.0234116,-0.38397,0.032401
Tampere,Hämeenlinna,545,618,0.045467,-0.431173,0.0650712
Turku,Pori,546,617,0.0119028,-0.381114,0.0164391
Riga,Šiauliai,547,561,2.47226,-0.538057,3.80247
Riga,Rēzekne,547,627,2.60954,-0.537215,4.01142
Kłodzko,Kudowa-Zdrój,548,549,0.60587,-0.520225,0.921058
Kudowa-Zdrój,Náchod,549,550,0.509509,-0.518306,0.773591
Náchod,Hradec Králové,550,551,0.941311,-0.517079,1.42804
Hradec Králové,Olomouc,551,716,1.29577,-0.515937,1.9643
Miskolc,Debrecen,552,569,1.38616,-0.503386,2.08394
Szekszárd,Mohács,555,556,0.80702,-0.498391,1.20923
Mohács,Osijek,556,557,0.497114,-0.498349,0.74485
Osijek,Đakovo,557,558,0.294146,-0.494882,0.439714
Osijek,Sombor,557,735,0.481317,-0.492939,0.718577
Đakovo,Šamac,558,559,0.129092,-0.488779,0.19219
Šamac,Zenica,559,560,0.0902327,-0.469628,0.132609
Zenica,Sarajevo,560,737,0.136125,-0.453778,0.197895
Šiauliai,Tolpaki,561,562,1.91744,-0.537977,2.94897
Šiauliai,Palanga,561,704,1.47712,-0.537998,2.27181
Šiauliai,Panevėžys,561,705,1.52809,-0.538116,2.35038
Tolpaki,Kaliningrad,562,563,1.20916,-0.534891,1.85592
Tolpaki,Nesterov,562,640,1.13287,-0.53769,1.742
Trstená,Ružomberok,566,567,0.869271,-0.514685,1.31667
Ružomberok,Zvolen,567,568,1.56713,-0.510628,2.36735
Debrecen,Berettyóújfalu,569,570,0.96052,-0.497713,1.43858
Beiuş,Deva,571,572,0.655556,-0.480028,0.970241
Deva,Petroşani,572,573,0.529184,-0.470134,0.777972
Deva,Sibiu,572,582,0.682919,-0.471064,1.00462
Deva,Arad,572,684,0.944359,-0.474005,1.39199
Petroşani,Târgu Jiu,573,574,0.330825,-0.466008,0.484992
Botevgrad,Jablanica,575,585,0.129734,-0.440569,0.186891
Blagoevgrad,Serres,576,577,0.193937,-0.428139,0.276968
Halmeu,Satu Mare,578,579,1.99839,-0.494351,2.98629
Satu Mare,Zalău,579,580,0.846397,-0.490639,1.26167
Sebeş,Sibiu,581,582,0.308087,-0.473705,0.45403
Sibiu,Piteşti,582,583,0.331238,-0.467202,0.485993
Pleven,Jablanica,584,585,0.0688446,-0.437212,0.0989443
Izmail,Reni,586,587,0.796674,-0.517221,1.20873
Reni,Galaţi,587,588,0.658071,-0.507918,0.992318
Galaţi,Tulcea,588,589,0.402522,-0.496548,0.602393
Galaţi,Giurgiuleşti,588,729,0.786918,-0.509035,1.18749
Burgas,Malko Tarnovo,590,591,0.0570582,-0.438161,0.0820589
Malko Tarnovo,Dereköy,591,592,0.024168,-0.431389,0.0345938
Dereköy,Kırklareli,592,593,0.0121294,-0.420151,0.0172256
Kırklareli,Babaeski,593,594,0.0102832,-0.406382,0.0144621
Babaeski,Havsa,594,595,0.0167948,-0.401546,0.0235387
Havsa,Keşan,595,596,0.0367942,-0.403217,0.0516303
Ayvalık,İzmir,597,598,0.036811,-0.403352,0.0516588
İzmir,Manisa,598,747,0.0168474,-0.402202,0.0236234
Kherson,Dzhankoy,600,601,1.00222,-0.521629,1.52501
Kherson,Mykolaiv,600,673,1.15348,-0.522831,1.75656
Kherson,Melitopol,600,674,0.632228,-0.522355,0.962476
Sochi,Sukhumi,602,603,0.555491,-0.520716,0.844744
Sukhumi,Zugdidi,603,604,0.20809,-0.521922,0.316696
Jönköping,Linköping,605,606,0.0165057,-0.344837,0.0221975
Linköping,Norrköping,606,607,0.0220904,-0.344916,0.0297097
Norrköping,Södertälje,607,608,0.0343165,-0.345197,0.0461624
Norrköping,Kalmar,607,626,0.0220085,-0.34491,0.0295995
Uppsala,Sundsvall,609,610,0.0629563,-0.344752,0.0846606
Sundsvall,Örnsköldsvik,610,611,0.0584431,-0.343917,0.0785426
Örnsköldsvik,Umeå,611,612,0.0472222,-0.342392,0.0633907
Haparanda,Tornio,613,614,0.0207527,-0.336811,0.0277424
Kokkola,Vaasa,615,616,0.0210349,-0.363972,0.028691
Vaasa,Pori,616,617,0.0129562,-0.373505,0.0177955
Askim,Karlstad,619,620,0.0277491,-0.346228,0.0373566
Kotka,Vaalimaa,621,622,0.358874,-0.5275,0.548181
Vaalimaa,Vyborg,622,623,0.92883,-0.53012,1.42122
Groningen,Hoogeveen,624,698,0.803972,-0.523062,1.2245
Sassnitz,Stralsund,625,699,0.436207,-0.518785,0.662505
Rēzekne,Velikiye Luki,627,628,2.88761,-0.533486,4.42811
Rēzekne,Daugavpils,627,702,1.76224,-0.536889,2.70837
Vladimir,Nizhny Novgorod,629,630,1.73997,-0.517575,2.64053
Nizhny Novgorod,Kazan,630,631,0.747279,-0.513559,1.13105
Kazan,Yelabuga,631,632,0.522135,-0.49738,0.781834
Yelabuga,Perm,632,633,0.345911,-0.484035,0.513344
Perm,Yekaterinburg,633,634,0.151557,-0.478784,0.22412
Yekaterinburg,Tyumen,634,635,0.10233,-0.46236,0.149643
Koszalin,Słupsk,637,638,0.252774,-0.522742,0.384909
Słupsk,Gdynia,638,639,0.416326,-0.525978,0.635304
Nesterov,Marijampolė,640,641,1.02198,-0.538361,1.57218
Aktobe,Karabutak,647,648,0.515221,-0.462466,0.753494
Karabutak,Aral,648,649,0.233356,-0.455543,0.33966
Aral,Novokazalinsk,649,650,0.164098,-0.437301,0.235858
Charleroi,Namur,651,652,1.22255,-0.522324,1.86111
St. Vith,Wittlich,653,654,1.19392,-0.525813,1.82169
Wittlich,Bingen,654,655,0.748647,-0.527262,1.14338
Bingen,Wiesbaden,655,656,1.09284,-0.527737,1.66958
Amiens,Charleville-Mézières,657,658,1.41709,-0.51925,2.15291
Trier,Koblenz,659,660,1.61546,-0.525923,2.46506
Caen,Rouen,661,662,0.980174,-0.517109,1.48703
Regensburg,Passau,667,668,1.20338,-0.520231,1.82941
Passau,Wels,668,669,1.21186,-0.517111,1.83853
Wels,Braunau am Inn,669,721,1.41207,-0.515057,2.13936
Iaşi,Sculeni,670,671,1.29332,-0.511982,1.95548
Iaşi,Bălţi,670,727,1.10132,-0.512366,1.66559
Sculeni,Chişinău,671,672,1.49332,-0.516678,2.26489
Chişinău,Giurgiuleşti,672,729,1.18701,-0.516566,1.80018
Melitopol,Taganrog,674,675,0.277073,-0.520606,0.421319
Poitiers,Mâcon,676,677,1.70463,-0.512052,2.5775
Sion,Simplon,678,679,0.275226,-0.501678,0.4133
Simplon,Gravellona Toce,679,680,0.201451,-0.482047,0.29856
Innichen,Spittal an der Drau,681,682,0.609843,-0.504755,0.917664
Klagenfurt,Loiblpass,683,734,0.937813,-0.502775,1.40932
Cuneo,Asti,685,686,0.188166,-0.470381,0.276676
Kokand,Andijan,689,690,0.0765481,-0.394407,0.106739
Andijan,Osh,690,691,0.100821,-0.392862,0.14043
Kulob,Kalaikhumb,692,693,0.0156571,-0.381239,0.0216261
Kalaikhumb,Khorugh,693,694,0.013806,-0.380386,0.0190577
Kokpek,Chundzha,695,696,0.0389421,-0.398015,0.0544416
Chundzha,Koktal,696,697,0.0295754,-0.397553,0.0413332
Stralsund,Neubrandenburg,699,700,0.637355,-0.51889,0.968072
Ukmergė,Daugavpils,701,702,1.71456,-0.538289,2.63749
Ukmergė,Panevėžys,701,705,1.57065,-0.538446,2.41636
Breda,Gorinchem,706,707,0.794468,-0.521482,1.20877
Hasselt,Heerlen,708,709,1.15688,-0.526088,1.7655
Barwinek,Vyšný Komárnik,710,711,0.347772,-0.521144,0.529011
Vyšný Komárnik,Svidník,711,712,0.421431,-0.516924,0.639279
Lublin,Kovel,713,714,1.47994,-0.528293,2.26178
Olomouc,Český Těšín,716,717,0.823924,-0.517133,1.25
Garmisch-Partenkirchen,Mittenwald,718,719,0.896828,-0.515153,1.35883
Mittenwald,Seefeld,719,720,0.575406,-0.51242,0.870256
Nyíregyháza,Chop,722,723,0.942854,-0.506538,1.42045
Dunajská Streda,Medveďov,724,725,0.617689,-0.510819,0.933217
Medveďov,Vámosszabadi,725,726,0.53753,-0.509139,0.811207
Bălţi,Mohyliv-Podilskyi,727,728,0.84956,-0.521346,1.29247
Saintes,Angoulême,730,731,0.263047,-0.495122,0.393287
St. Johann in Tirol,Lofer,732,733,0.90858,-0.512151,1.37391
Sarajevo,Užice,737,738,0.183599,-0.45229,0.266639
Užice,Čačak,738,739,0.273282,-0.455934,0.39788
Čačak,Nova Varoš,739,740,0.273023,-0.455887,0.397491
Avellino,Benevento,741,742,0.038585,-0.435369,0.0553837
Balıkesir,Manisa,746,747,0.0104359,-0.408245,0.0146963
Warsaw,Brest-Litovsk,316,0,2.76347,-0.532199,4.23419
Brest-Litovsk,Minsk,0,318,2.71848,-0.535182,4.17336
Lyon,Mâcon,17,677,1.71012,-0.509326,2.58113
Beaune,Mâcon,395,677,2.98958,-0.513859,4.52581
