Glasgow,Preston,1,2,0.00284812,0,0.00284812
Glasgow,Edinburgh,1,13,0.00284812,0,0.00284812
Preston,Birmingham,2,3,0.00284812,0,0.00284812
Birmingham,Cambridge,3,636,0.00284812,0,0.00284812
Le Havre,Paris,4,5,1.93985,-0.519348,2.9473
Le Havre,Amiens,4,657,1.05964,-0.524656,1.61558
Paris,Orléans,5,6,2.2016,-0.506246,3.31615
Paris,Calais,5,16,1.67917,-0.51894,2.55056
Paris,Lyon,5,17,2.70845,-0.508839,4.08661
Paris,Brussels,5,326,2.85581,-0.523485,4.35078
Paris,Le Mans,5,366,1.72154,-0.509868,2.5993
Paris,Reims,5,367,1.83911,-0.520303,2.79601
Paris,Chaumont,5,665,2.64758,-0.521771,4.02901
Orléans,Bordeaux,6,7,1.20196,-0.492041,1.79338
Orléans,Tours,6,392,1.30885,-0.493742,1.95508
Orléans,Montargis,6,393,1.5311,-0.503137,2.30146
Orléans,Toulouse,6,466,1.4567,-0.483421,2.1609
Bordeaux,San Sebastián,7,8,0.828461,-0.463331,1.21231
Bordeaux,Clermont-Ferrand,7,446,1.38254,-0.483029,2.05034
Bordeaux,Toulouse,7,466,0.713473,-0.463552,1.0442
Bordeaux,Angoulême,7,731,0.849202,-0.476687,1.25401
San Sebastián,Burgos,8,9,0.591594,-0.41918,0.839578
San Sebastián,Bilbao,8,445,0.465598,-0.420245,0.661263
San Sebastián,Toulouse,8,466,0.638263,-0.445787,0.922793
Burgos,Madrid,9,10,0.437903,-0.394224,0.610534
Burgos,Valladolid,9,465,0.275605,-0.396628,0.384918
Madrid,Seville,10,11,0.333944,-0.37237,0.458294
Madrid,Barcelona,10,21,0.542943,-0.411025,0.766107
Madrid,Valencia,10,24,0.336404,-0.382496,0.465077
Madrid,Lisbon,10,464,0.321151,-0.377456,0.442372
Seville,Algeciras,11,12,0.185314,-0.35712,0.251493
Seville,Huelva,11,486,0.195303,-0.356838,0.264994
Algeciras,Málaga,12,28,0.0883842,-0.348341,0.119172
Edinburgh,Newcastle,13,14,0.00284812,0,0.00284812
Newcastle,London,14,15,0.00284812,0,0.00284812
London,Colchester,15,305,0.00284812,0,0.00284812
Calais,Bruges,16,324,1.62768,-0.527306,2.48596
Calais,Rouen,16,662,1.10175,-0.521089,1.67586
Lyon,Orange,17,18,1.35157,-0.499384,2.02652
Lyon,Clermont-Ferrand,17,446,1.60821,-0.48918,2.39491
Lyon,Chambéry,17,447,1.29554,-0.501898,1.94576
Orange,Narbonne,18,19,0.650184,-0.488317,0.96768
Orange,Marseille,18,736,0.579008,-0.496936,0.866737
Narbonne,Girona,19,20,0.431581,-0.46085,0.630475
Girona,Barcelona,20,21,0.610766,-0.435817,0.876948
Barcelona,Tarragona,21,22,0.438453,-0.42029,0.622731
Barcelona,Toulouse,21,466,1.05247,-0.444103,1.51987
Tarragona,Castellón de la Plana,22,23,0.244234,-0.403379,0.342753
Castellón de la Plana,Valencia,23,24,0.247052,-0.384111,0.341947
Valencia,Alicante,24,25,0.199561,-0.374165,0.27423
Alicante,Murcia,25,26,0.0929684,-0.364084,0.126817
Murcia,Almería,26,27,0.0540726,-0.350024,0.0729993
Almería,Málaga,27,28,0.0530301,-0.343168,0.0712284
Hook of Holland,Rotterdam,29,30,0.536105,-0.518503,0.814078
Hook of Holland,The Hague,29,307,0.296789,-0.51393,0.449318
Rotterdam,Eindhoven,30,31,1.33137,-0.520258,2.02402
Eindhoven,Maastricht,31,32,1.38134,-0.528545,2.11144
Eindhoven,Antwerp,31,505,2.32312,-0.530666,3.55593
Eindhoven,Venlo,31,643,1.80824,-0.522062,2.75226
Eindhoven,Breda,31,706,1.34715,-0.519732,2.0473
Maastricht,Liège,32,33,1.67256,-0.533596,2.56502
Liège,Bastogne,33,34,1.54018,-0.535454,2.36488
Liège,Leuven,33,327,2.5649,-0.53187,3.92909
Liège,Eupen,33,328,1.60323,-0.534778,2.4606
Liège,Antwerp,33,505,2.87096,-0.53384,4.40359
Liège,Namur,33,652,1.73445,-0.534005,2.66065
Liège,St. Vith,33,653,1.40731,-0.535373,2.16074
Liège,Charleville-Mézières,33,658,1.85787,-0.533987,2.84995
Bastogne,Arlon,34,35,0.921568,-0.536532,1.41602
Arlon,Luxembourg,35,36,1.29185,-0.535711,1.98391
Luxembourg,Metz,36,37,2.21043,-0.531824,3.38599
Luxembourg,St. Vith,36,653,1.55493,-0.53592,2.38824
Luxembourg,Charleville-Mézières,36,658,1.22456,-0.53334,1.87766
Luxembourg,Trier,36,659,1.52877,-0.536923,2.34961
Metz,Saint-Avold,37,38,2.65756,-0.531361,4.06969
Metz,Lausanne,37,44,2.22557,-0.528794,3.40244
Metz,Geneva,37,45,2.60427,-0.518741,3.95521
Metz,Brussels,37,326,3.09805,-0.527827,4.73329
Metz,Reims,37,367,2.2879,-0.526461,3.49239
Metz,Saarbrücken,37,368,2.49315,-0.533056,3.82214
Saint-Avold,Strasbourg,38,39,1.97844,-0.534419,3.03575
Strasbourg,Mulhouse,39,40,2.47008,-0.535741,3.7934
Strasbourg,Appenweier,39,664,1.84025,-0.538803,2.83178
Mulhouse,Basel,40,41,2.39668,-0.532804,3.67365
Mulhouse,Belfort,40,398,1.79754,-0.533198,2.75598
Mulhouse,Chaumont,40,665,2.33595,-0.529933,3.57385
Basel,Olten,41,42,1.44846,-0.5295,2.21542
Basel,Offenburg,41,61,2.04182,-0.53436,3.13289
Basel,Zürich,41,399,1.73248,-0.525027,2.64207
Basel,Waldshut,41,666,2.04417,-0.528996,3.12553
Olten,Bern,42,43,1.47378,-0.529915,2.25476
Olten,Lucerne,42,62,0.922451,-0.524841,1.40659
Bern,Lausanne,43,44,1.22841,-0.527362,1.87623
Bern,Belfort,43,398,1.49728,-0.531151,2.29256
Bern,Martigny,43,506,0.901112,-0.521516,1.37106
Lausanne,Geneva,44,45,1.07988,-0.512579,1.6334
Lausanne,Martigny,44,506,0.801804,-0.518129,1.21724
Geneva,Mont Blanc,45,46,1.23401,-0.512824,1.86684
Geneva,Chambéry,45,447,1.44161,-0.5011,2.16401
Geneva,Mâcon,45,677,2.09491,-0.513647,3.17095
Mont Blanc,Aosta,46,47,0.750422,-0.506305,1.13036
Aosta,Ivrea,47,48,0.73969,-0.489646,1.10188
Aosta,Martigny,47,506,0.953098,-0.507127,1.43644
Ivrea,Vercelli,48,49,0.339032,-0.469279,0.498132
Ivrea,Turin,48,449,0.523386,-0.46406,0.766268
Vercelli,Alessandria,49,50,0.333566,-0.451118,0.484044
Alessandria,Genoa,50,51,0.475748,-0.442451,0.686243
Alessandria,Turin,50,449,0.418408,-0.451829,0.607457
Alessandria,Tortona,50,450,0.327706,-0.442064,0.472572
Alessandria,Asti,50,686,0.418051,-0.444163,0.603733
Genoa,Rome,51,74,1.02856,-0.435715,1.47672
Genoa,Tortona,51,450,0.56414,-0.438421,0.811471
Genoa,Nice,51,467,0.76164,-0.444989,1.10056
Amsterdam,Utrecht,52,53,1.24092,-0.514555,1.87945
Amsterdam,Amersfoort,52,309,0.701582,-0.522777,1.06835
Amsterdam,Brussels,52,326,2.94424,-0.525444,4.49127
Amsterdam,Groningen,52,624,1.26846,-0.519542,1.92748
Utrecht,Arnhem,53,54,0.968025,-0.507215,1.45902
Utrecht,Gouda,53,308,0.793777,-0.504598,1.19431
Utrecht,Amersfoort,53,309,0.734323,-0.50603,1.10591
Utrecht,Gorinchem,53,707,0.931311,-0.506881,1.40337
Arnhem,Emmerich,54,55,0.857096,-0.512509,1.29637
Emmerich,Oberhausen,55,56,1.6247,-0.518153,2.46655
Oberhausen,Cologne,56,57,2.71336,-0.524047,4.13529
Oberhausen,Dortmund,56,508,1.94756,-0.520559,2.96138
Oberhausen,Venlo,56,643,1.86638,-0.517091,2.83147
Cologne,Frankfurt am Main,57,58,3.02265,-0.533105,4.63403
Cologne,Aachen,57,329,2.65244,-0.531471,4.06214
Cologne,Olpe,57,330,1.89994,-0.529518,2.906
Cologne,Bremen,57,507,2.90297,-0.522051,4.41846
Frankfurt am Main,Heidelberg,58,59,2.63797,-0.540144,4.06285
Frankfurt am Main,Gießen,58,332,1.88695,-0.537997,2.90212
Frankfurt am Main,Mannheim,58,369,3.05673,-0.538795,4.70368
Frankfurt am Main,Aschaffenburg,58,509,2.22988,-0.53757,3.42859
Frankfurt am Main,Wiesbaden,58,656,2.14357,-0.539909,3.3009
Heidelberg,Karlsruhe,59,60,2.25379,-0.539271,3.4692
Karlsruhe,Offenburg,60,61,2.01576,-0.53195,3.08804
Karlsruhe,Stuttgart,60,510,2.79396,-0.533369,4.28417
Karlsruhe,Appenweier,60,664,2.08447,-0.538579,3.20712
Lucerne,Altdorf,62,63,0.695068,-0.516788,1.05427
Altdorf,Gotthard Pass,63,64,0.510685,-0.504091,0.768117
Altdorf,Zürich,63,399,0.920916,-0.517817,1.39778
Gotthard Pass,Bellinzona,64,65,0.288683,-0.476634,0.426279
Bellinzona,Lugano,65,66,0.184029,-0.440948,0.265176
Bellinzona,San Bernardino,65,516,0.184439,-0.45314,0.268016
Lugano,Chiasso,66,67,0.153594,-0.424433,0.218784
Chiasso,Como,67,68,0.253539,-0.426282,0.361618
Como,Milan,68,69,0.569643,-0.432212,0.815849
Milan,Piacenza,69,70,0.669744,-0.434553,0.960783
Milan,Turin,69,449,0.680617,-0.445924,0.984121
Milan,Tortona,69,450,0.466593,-0.435916,0.669988
Milan,Brescia,69,451,0.585512,-0.437639,0.841755
Milan,Gravellona Toce,69,680,0.592724,-0.437003,0.851746
Piacenza,Parma,70,71,0.510041,-0.435399,0.732112
Parma,Modena,71,72,0.79448,-0.438099,1.14254
Modena,Florence,72,73,0.950674,-0.438763,1.36779
Modena,Verona,72,94,1.0471,-0.441854,1.50976
Modena,Bologna,72,95,0.910796,-0.441098,1.31255
Florence,Rome,73,74,0.884065,-0.434977,1.26861
Rome,Pescara,74,125,0.909238,-0.427162,1.29763
Östersund,Mora,75,76,0.330921,-0.350374,0.446868
Östersund,Trondheim,75,493,0.392809,-0.350663,0.530553
Östersund,Sundsvall,75,610,0.420894,-0.348342,0.56751
Mora,Säffle,76,77,0.240959,-0.350471,0.325408
Säffle,Gothenburg,77,78,0.319895,-0.349547,0.431713
Gothenburg,Halmstad,78,300,0.311269,-0.345892,0.418934
Gothenburg,Örebro,78,301,0.333972,-0.350542,0.451044
Gothenburg,Oslo,78,489,0.2798,-0.349621,0.377623
Hamburg,Hanover,79,80,1.8543,-0.518362,2.81549
Hamburg,Berlin,79,108,2.05694,-0.516967,3.1203
Hamburg,Bremen,79,507,2.29397,-0.519396,3.48545
Hamburg,Lübeck,79,517,1.06912,-0.517587,1.62249
Hanover,Göttingen,80,81,1.25367,-0.523747,1.91027
Hanover,Bad Oeynhausen,80,312,1.44225,-0.523455,2.19721
Hanover,Braunschweig,80,313,1.3773,-0.519091,2.09224
Göttingen,Kassel,81,82,1.10949,-0.528083,1.6954
Kassel,Fulda,82,83,1.46139,-0.533147,2.24052
Kassel,Dortmund,82,508,1.73548,-0.527465,2.65089
Fulda,Würzburg,83,84,2.09726,-0.535299,3.21993
Würzburg,Nuremberg,84,85,3.13395,-0.535874,4.81335
Würzburg,Aschaffenburg,84,509,2.74251,-0.536409,4.21362
Würzburg,Stuttgart,84,510,2.16622,-0.538909,3.33361
Würzburg,Ulm,84,512,1.46253,-0.533268,2.24245
Nuremberg,Munich,85,86,2.82531,-0.527036,4.31434
Nuremberg,Heilbronn,85,370,2.81958,-0.535555,4.32962
Nuremberg,Rozvadov,85,371,2.30688,-0.528934,3.52707
Nuremberg,Bayreuth,85,529,3.08842,-0.528396,4.72033
Nuremberg,Regensburg,85,667,2.17223,-0.531638,3.32706
Munich,Rosenheim,86,87,2.15864,-0.516317,3.27318
Munich,Salzburg,86,115,2.58831,-0.516222,3.92445
Munich,Ulm,86,512,2.05955,-0.525334,3.14151
Munich,Lindau,86,513,2.38516,-0.516314,3.61666
Munich,Deggendorf,86,531,2.27299,-0.523335,3.46253
Munich,Garmisch-Partenkirchen,86,718,2.08554,-0.51682,3.16339
Munich,Braunau am Inn,86,721,1.8084,-0.522326,2.75297
Rosenheim,Wörgl,87,88,1.49474,-0.509413,2.25617
Rosenheim,Bad Reichenhall,87,407,1.16774,-0.513824,1.76775
Wörgl,Innsbruck,88,89,1.50483,-0.49922,2.25607
Wörgl,St. Johann in Tirol,88,732,1.09537,-0.505318,1.64887
Innsbruck,Brenner,89,90,0.930935,-0.4894,1.38654
Innsbruck,Telfs,89,405,0.789081,-0.494491,1.17927
Innsbruck,Imst,89,406,0.804875,-0.494833,1.20315
Innsbruck,Seefeld,89,720,0.927353,-0.49479,1.3862
Brenner,Fortezza,90,91,0.604054,-0.482045,0.895235
Fortezza,Bolzano,91,92,0.463053,-0.470223,0.680791
Fortezza,Innichen,91,681,0.524223,-0.486828,0.77943
Bolzano,Trento,92,93,0.455046,-0.453565,0.661439
Trento,Verona,93,94,0.859825,-0.446019,1.24332
Verona,Mestre,94,120,1.21288,-0.448472,1.75683
Verona,Brescia,94,451,0.943397,-0.440983,1.35942
Bologna,Cesena,95,96,0.773569,-0.442812,1.11611
Cesena,Perugia,96,97,0.536274,-0.442514,0.773582
Cesena,Ravenna,96,121,0.773525,-0.446363,1.1188
Cesena,Rimini,96,122,0.559497,-0.442094,0.806848
Perugia,Fiano Romano,97,98,0.225732,-0.438002,0.324604
Fiano Romano,Naples,98,99,0.112934,-0.423306,0.160739
Naples,Salerno,99,100,0.033358,-0.396845,0.046596
Naples,Avellino,99,741,0.0537944,-0.390223,0.0747862
Salerno,Sicignano degli Alburni,100,101,0.0268541,-0.329643,0.0357064
Salerno,Avellino,100,741,0.0340718,-0.352819,0.046093
Sicignano degli Alburni,Potenza,101,743,0.0175082,-0.294693,0.0226677
Messina,Catania,102,103,0.00284812,0,0.00284812
Messina,Palermo,102,474,0.00284812,0,0.00284812
Catania,Siracusa,103,104,0.00284812,0,0.00284812
Siracusa,Gela,104,105,0.00284812,0,0.00284812
Gela,Mazara del Vallo,105,473,0.00284812,0,0.00284812
Helsingborg,Copenhagen,299,106,0.0739175,-0.331319,0.0984077
Copenhagen,Malmö,106,135,0.0392966,-0.32388,0.052024
Rostock,Berlin,107,108,1.56338,-0.516049,2.37016
Rostock,Lübeck,107,517,0.778304,-0.516545,1.18033
Rostock,Sassnitz,107,625,0.661716,-0.515993,1.00316
Berlin,Lübbenau,108,109,2.34707,-0.515692,3.55744
Berlin,Szczecin,108,137,1.85632,-0.515919,2.81403
Berlin,Świebodzin,108,139,2.21038,-0.516073,3.35109
Berlin,Magdeburg,108,314,2.32483,-0.516732,3.52615
Berlin,Leipzig,108,526,2.07004,-0.515809,3.13778
Berlin,Neubrandenburg,108,700,1.44234,-0.516028,2.18663
Lübbenau,Dresden,109,110,1.73086,-0.515692,2.62345
Lübbenau,Cottbus,109,644,1.2895,-0.515338,1.95402
Dresden,Ústí nad Labem,110,111,1.75274,-0.517369,2.65956
Dresden,Chemnitz,110,337,1.97117,-0.515996,2.98829
Dresden,Görlitz,110,338,1.26983,-0.515781,1.92478
Ústí nad Labem,Prague,111,112,1.95682,-0.519091,2.97258
Prague,Tábor,112,113,1.90082,-0.520622,2.89042
Prague,Mladá Boleslav,112,146,1.09952,-0.51842,1.66953
Prague,Jihlava,112,147,1.92888,-0.520228,2.93233
Prague,Plzeň,112,372,2.10441,-0.522717,3.20441
Prague,Karlovy Vary,112,523,1.31219,-0.517983,1.99188
Prague,Hradec Králové,112,551,1.43563,-0.517386,2.17841
Tábor,Linz,113,114,1.6815,-0.521639,2.55864
Linz,Salzburg,114,115,1.82257,-0.518314,2.76723
Linz,Sattledt,114,408,0.724639,-0.521563,1.10258
Linz,Sankt Pölten,114,409,1.70549,-0.520965,2.59399
Linz,Wels,114,669,1.2662,-0.52299,1.92841
Salzburg,Villach,115,116,2.87885,-0.511378,4.35103
Salzburg,Bad Reichenhall,115,407,1.43506,-0.513526,2.172
Salzburg,Sattledt,115,408,1.48115,-0.517217,2.24723
Salzburg,Lofer,115,733,1.72146,-0.512486,2.60368
Villach,Tarvisio,116,117,1.5529,-0.506433,2.33934
Villach,Karavanke Tunnel,116,537,1.32541,-0.506751,1.99706
Villach,Spittal an der Drau,116,682,1.49638,-0.507762,2.25618
Villach,Klagenfurt,116,683,1.59739,-0.508456,2.40959
Tarvisio,Udine,117,118,0.827735,-0.495072,1.23752
Udine,Palmanova,118,119,0.922146,-0.475404,1.36054
Palmanova,Mestre,119,120,1.23916,-0.4607,1.81004
Palmanova,Trieste,119,452,1.13978,-0.469687,1.67511
Mestre,Ravenna,120,121,0.916162,-0.449837,1.32829
Rimini,Fano,122,123,0.292264,-0.435538,0.419556
Fano,Ancona,123,124,0.279614,-0.424229,0.398234
Ancona,Pescara,124,125,0.504205,-0.419783,0.715862
Pescara,Canosa di Puglia,125,126,0.566824,-0.411051,0.799818
Canosa di Puglia,Bari,126,127,0.208843,-0.38154,0.288525
Canosa di Puglia,Benevento,126,742,0.210344,-0.387207,0.29179
Bari,Brindisi,127,128,0.0603954,-0.367214,0.0825734
Bari,Taranto,127,476,0.0584705,-0.361703,0.0796195
Brindisi,Taranto,128,476,0.0173586,-0.322922,0.0229641
Igoumenitsa,Preveza,129,130,0.0612941,-0.317363,0.0807466
Igoumenitsa,Ioannina,129,477,0.115334,-0.360175,0.156875
Preveza,Rhion,130,131,0.0461588,-0.252198,0.0578
Rhion,Patras,131,132,0.0291897,-0.195652,0.0349007
Rhion,Aigio,131,175,0.0291897,-0.195652,0.0349007
Patras,Pyrgos,132,133,0.0176284,-0.17407,0.020697
Pyrgos,Kalamata,133,134,0.0122042,-0.156653,0.014116
Kalamata,Tripoli,134,177,0.0106036,-0.150944,0.0122042
Malmö,Helsingborg,135,299,0.10262,-0.329662,0.13645
Malmö,Kalmar,135,626,0.0994649,-0.326359,0.131926
Goleniów,Szczecin,136,137,0.793132,-0.515409,1.20192
Goleniów,Koszalin,136,637,0.340681,-0.514655,0.516015
Szczecin,Gorzów Wielkopolski,137,138,0.841851,-0.515818,1.27609
Gorzów Wielkopolski,Świebodzin,138,139,1.0018,-0.516081,1.51881
Świebodzin,Zielona Góra,139,140,1.32681,-0.515145,2.0103
Świebodzin,Poznań,139,315,2.05027,-0.51721,3.11068
Zielona Góra,Legnica,140,141,1.33003,-0.515427,2.01557
Legnica,Jelenia Góra,141,142,1.21285,-0.51341,1.83553
Legnica,Görlitz,141,338,1.34215,-0.514622,2.03285
Legnica,Wrocław,141,339,2.02521,-0.513117,3.06438
Legnica,Cottbus,141,644,1.34357,-0.514591,2.03496
Jelenia Góra,Harrachov,142,143,0.526972,-0.511673,0.796609
Harrachov,Železný Brod,143,144,0.380372,-0.508997,0.57398
Železný Brod,Turnov,144,145,0.620988,-0.50991,0.937636
Turnov,Mladá Boleslav,145,146,0.651591,-0.514483,0.986823
Turnov,Hradec Králové,145,551,0.926068,-0.51286,1.40101
Turnov,Teplice,145,715,0.791154,-0.513136,1.19712
Jihlava,Brno,147,148,0.995471,-0.517209,1.51034
Jihlava,Vienna,147,410,1.59723,-0.52003,2.42784
Brno,Bratislava,148,149,1.41191,-0.517786,2.14298
Brno,Trenčín,148,373,1.37408,-0.518414,2.08642
Brno,Vienna,148,410,1.63559,-0.517402,2.48185
Brno,Olomouc,148,716,1.38636,-0.517483,2.10378
Bratislava,Rajka,149,150,1.54232,-0.516059,2.33824
Bratislava,Žilina,149,195,1.59794,-0.516285,2.42293
Bratislava,Győr,149,196,1.61939,-0.516773,2.45625
Bratislava,Vienna,149,410,2.28411,-0.512594,3.45493
Bratislava,Zvolen,149,568,2.12604,-0.5169,3.22499
Bratislava,Dunajská Streda,149,724,1.32213,-0.516425,2.00491
Rajka,Csorna,150,151,0.614391,-0.515111,0.93087
Csorna,Szombathely,151,152,0.319425,-0.509738,0.482249
Szombathely,Zalaegerszeg,152,153,0.350107,-0.501419,0.525657
Zalaegerszeg,Nagykanizsa,153,154,0.731888,-0.498192,1.09651
Nagykanizsa,Letenye,154,155,0.461238,-0.497788,0.690837
Nagykanizsa,Zagreb,154,156,1.10357,-0.486475,1.64043
Nagykanizsa,Balatonvilágos,154,553,1.38913,-0.506963,2.09337
Letenye,Zagreb,155,156,0.64233,-0.478352,0.94959
Zagreb,Karlovac,156,157,0.960942,-0.475355,1.41773
Zagreb,Ljubljana,156,454,0.904935,-0.478247,1.33772
Zagreb,Slavonski Brod,156,455,1.24371,-0.465345,1.82247
Zagreb,Maribor,156,535,1.02315,-0.483892,1.51824
Karlovac,Rijeka,157,158,0.443228,-0.470117,0.651597
Karlovac,Knin,157,554,0.356669,-0.468717,0.523846
Rijeka,Split,158,159,0.317028,-0.462098,0.463525
Rijeka,Trieste,158,452,0.76338,-0.471341,1.12319
Split,Dubrovnik,159,160,0.270527,-0.439129,0.389323
Split,Knin,159,554,0.230469,-0.456918,0.335775
Dubrovnik,Petrovac,160,161,0.100121,-0.427757,0.142948
Dubrovnik,Podgorica,160,162,0.249825,-0.418995,0.3545
Petrovac,Podgorica,161,162,0.179489,-0.41385,0.25377
Petrovac,Prizren,161,744,0.158318,-0.420957,0.224962
Podgorica,Bijelo Polje,162,163,0.271379,-0.415738,0.384202
Podgorica,Pristina,162,164,0.365326,-0.42425,0.520316
Podgorica,Sarajevo,162,737,0.472918,-0.41165,0.667595
Bijelo Polje,Pristina,163,164,0.366159,-0.425756,0.522053
Bijelo Polje,Nova Varoš,163,740,0.39024,-0.423746,0.555603
Pristina,Skopje,164,165,0.504314,-0.425837,0.719069
Pristina,Niš,164,202,0.905233,-0.436104,1.30001
Pristina,Prizren,164,744,0.302359,-0.426031,0.431173
Skopje,Kičevo,165,166,0.361413,-0.420606,0.513426
Skopje,Kumanovo,165,203,0.481618,-0.431638,0.689503
Skopje,Veles,165,204,0.392084,-0.419864,0.556706
Kičevo,Ohrid,166,167,0.157138,-0.412988,0.222034
Ohrid,Bitola,167,168,0.0826536,-0.399365,0.115663
Bitola,Niki,168,169,0.0741877,-0.385819,0.102811
Niki,Vevi,169,170,0.122968,-0.385295,0.170347
Vevi,Kozani,170,171,0.266505,-0.389519,0.370314
Kozani,Larissa,171,172,0.180185,-0.390688,0.250581
Kozani,Thessaloniki,171,207,0.565432,-0.398297,0.790642
Kozani,Ioannina,171,477,0.2232,-0.386575,0.309483
Larissa,Domokos,172,173,0.0809708,-0.389133,0.112479
Larissa,Lamia,172,174,0.0809708,-0.389133,0.112479
Larissa,Katerini,172,208,0.223947,-0.396028,0.312636
Larissa,Trikala,172,687,0.117713,-0.384158,0.162934
Domokos,Lamia,173,174,6.62186e-05,-0.455577,3.31093e-05
Aigio,Corinth,175,176,0.0176284,-0.17407,0.020697
Corinth,Tripoli,176,177,0.0122042,-0.156653,0.014116
Varangerbotn,Utsjoki,178,179,0.0883407,-0.407078,0.124302
Varangerbotn,Kirkenes,178,243,0.165071,-0.478024,0.243979
Varangerbotn,Karasjok,178,502,0.0824425,-0.414501,0.116615
Utsjoki,Inari,179,180,0.0541488,-0.34935,0.0730657
Inari,Ivalo,180,181,0.0577907,-0.303631,0.0753377
Ivalo,Sodankylä,181,182,0.0965266,-0.294146,0.12492
Sodankylä,Rovaniemi,182,183,0.146559,-0.297759,0.190199
Sodankylä,Kemijärvi,182,539,0.0932499,-0.292345,0.120511
Rovaniemi,Kemi,183,184,0.205027,-0.302174,0.26698
Kemi,Oulu,184,185,0.272391,-0.303195,0.354979
Kemi,Tornio,184,614,0.206198,-0.307587,0.269621
Oulu,Jyväskylä,185,186,0.23737,-0.307781,0.310428
Oulu,Kokkola,185,615,0.177858,-0.309055,0.232826
Jyväskylä,Heinola,186,187,0.203559,-0.335952,0.271945
Jyväskylä,Kuopio,186,544,0.194565,-0.3165,0.256145
Jyväskylä,Tampere,186,545,0.20504,-0.333497,0.27342
Heinola,Lahti,187,188,0.137706,-0.348274,0.185665
Lahti,Helsinki,188,189,0.167771,-0.380309,0.231576
Helsinki,Hämeenlinna,189,618,0.179091,-0.376254,0.246475
Helsinki,Kotka,189,621,0.225193,-0.445351,0.325483
Gdańsk,Świecie,190,191,1.51913,-0.519146,2.30778
Gdańsk,Kaliningrad,190,563,1.12547,-0.520146,1.71087
Gdańsk,Elbląg,190,564,1.27125,-0.521644,1.93439
Gdańsk,Gdynia,190,639,0.922452,-0.518771,1.40099
Świecie,Łódź,191,192,1.09397,-0.518201,1.66086
Świecie,Poznań,191,315,1.44108,-0.519616,2.18989
Łódź,Piotrków Trybunalski,192,193,1.24231,-0.519096,1.88718
Piotrków Trybunalski,Katowice,193,194,1.49521,-0.517121,2.26841
Piotrków Trybunalski,Warsaw,193,316,2.04469,-0.523798,3.11569
Piotrków Trybunalski,Wrocław,193,339,1.52743,-0.515754,2.31521
Katowice,Žilina,194,195,1.29249,-0.514035,1.95687
Katowice,Zabrze,194,342,1.1266,-0.512285,1.70374
Katowice,Kraków,194,343,1.71343,-0.513285,2.59291
Katowice,Český Těšín,194,717,0.894342,-0.513396,1.35349
Žilina,Olomouc,195,716,0.789848,-0.515239,1.19681
Győr,Budapest,196,197,2.32187,-0.515033,3.51771
Győr,Vámosszabadi,196,726,1.01897,-0.516799,1.54558
Budapest,Szeged,197,198,2.75208,-0.509165,4.15335
Budapest,Mosonmagyaróvár,197,412,2.4895,-0.516569,3.7755
Budapest,Szolnok,197,413,2.5981,-0.512748,3.93027
Budapest,Miskolc,197,552,2.48784,-0.517127,3.77437
Budapest,Balatonvilágos,197,553,2.34382,-0.513362,3.54705
Budapest,Szekszárd,197,555,2.06511,-0.51282,3.12414
Budapest,Zvolen,197,568,2.28002,-0.51517,3.45462
Szeged,Subotica,198,199,1.67371,-0.500295,2.51106
Szeged,Arad,198,684,2.30438,-0.492969,3.44037
Subotica,Novi Sad,199,200,1.16067,-0.48175,1.71983
Subotica,Sombor,199,735,0.930244,-0.493352,1.38918
Novi Sad,Belgrade,200,201,1.3168,-0.461494,1.92449
Belgrade,Niš,201,202,1.29211,-0.451694,1.87575
Belgrade,Slavonski Brod,201,455,1.27349,-0.452938,1.8503
Belgrade,Vršac,201,456,1.1908,-0.458214,1.73644
Belgrade,Čačak,201,739,1.14493,-0.444423,1.65376
Niš,Kumanovo,202,203,0.616676,-0.444336,0.890688
Niš,Drobeta-Turnu Severin,202,458,1.34791,-0.44477,1.94742
Niš,Sofia,202,468,1.13447,-0.44076,1.6345
Kumanovo,Kyustendil,203,745,0.429483,-0.438422,0.617778
Veles,Gevgelija,204,205,0.243698,-0.411385,0.343952
Gevgelija,Evzoni,205,206,0.295819,-0.404047,0.415344
Evzoni,Thessaloniki,206,207,0.586991,-0.401907,0.822907
Thessaloniki,Katerini,207,208,0.404078,-0.400779,0.566024
Thessaloniki,Alexandroupoli,207,233,0.865357,-0.39903,1.21066
Thessaloniki,Serres,207,577,0.659631,-0.407037,0.928125
Klaipėda,Kaunas,209,210,1.43805,-0.538204,2.21202
Klaipėda,Palanga,209,704,0.837263,-0.537312,1.28713
Kaunas,Vilnius,210,211,1.58746,-0.539873,2.44448
Kaunas,Warsaw,210,316,3.23136,-0.534089,4.95719
Kaunas,Riga,210,547,2.0499,-0.546171,3.16949
Kaunas,Ukmergė,210,701,1.33243,-0.540004,2.05195
Vilnius,Lida,211,212,1.44108,-0.5449,2.22632
Vilnius,Minsk,211,318,2.93631,-0.549626,4.55019
Vilnius,Marijampolė,211,641,1.51764,-0.54362,2.34266
Vilnius,Ukmergė,211,701,1.50618,-0.545391,2.32764
Lida,Slonim,212,213,0.568965,-0.5422,0.877459
Slonim,Kobryn,213,214,0.313837,-0.53229,0.48089
Kobryn,Dubno,214,215,0.392814,-0.521718,0.597753
Dubno,Ternopil,215,216,0.881668,-0.519912,1.34006
Ternopil,Chernivtsi,216,217,1.02716,-0.519018,1.56028
Ternopil,Stryj,216,379,1.46061,-0.520436,2.22076
Ternopil,Khmelnytskyi,216,380,1.20516,-0.523793,1.83642
Chernivtsi,Siret,217,218,0.833255,-0.516322,1.26348
Siret,Suceava,218,219,1.4998,-0.514281,2.27112
Suceava,Roman,219,220,1.56586,-0.506537,2.35903
Suceava,Halmeu,219,578,2.38111,-0.506217,3.58647
Suceava,Iaşi,219,670,1.97121,-0.514187,2.98478
Roman,Urziceni,220,221,1.00906,-0.481678,1.49511
Urziceni,Bucharest,221,222,0.912977,-0.449461,1.32332
Urziceni,Slobozia,221,421,0.719017,-0.449944,1.04253
Bucharest,Giurgiu,222,223,0.625841,-0.418697,0.887879
Bucharest,Ploieşti,222,420,0.493147,-0.435189,0.707759
Bucharest,Constanţa,222,423,0.776932,-0.424506,1.10675
Bucharest,Alexandria,222,460,0.561605,-0.443724,0.810803
Bucharest,Piteşti,222,583,0.607455,-0.441993,0.875945
Giurgiu,Ruse,223,224,0.379587,-0.402541,0.532386
Ruse,Byala,224,225,0.244104,-0.383791,0.337789
Ruse,Razgrad,224,461,0.2245,-0.383839,0.310672
Byala,Veliko Tarnovo,225,226,0.210363,-0.37661,0.289588
Byala,Pleven,225,584,0.194831,-0.386713,0.270174
Veliko Tarnovo,Stara Zagora,226,227,0.237995,-0.376197,0.327528
Veliko Tarnovo,Shumen,226,462,0.227511,-0.374064,0.312615
Stara Zagora,Haskovo,227,228,0.159416,-0.366224,0.217798
Stara Zagora,Burgas,227,590,0.211927,-0.371664,0.290693
Haskovo,Svilengrad,228,229,0.0825093,-0.364712,0.112601
Svilengrad,Ormenio,229,230,0.065787,-0.375675,0.0905014
Ormenio,Kastanies,230,231,0.0984935,-0.391481,0.137052
Kastanies,Didymoteicho,231,232,0.208317,-0.397448,0.291112
Didymoteicho,Alexandroupoli,232,233,0.48373,-0.396624,0.675589
Alexandroupoli,Gelibolu,233,478,0.607071,-0.384866,0.840713
Saint Petersburg,Pskov,234,235,2.87946,-0.554158,4.47514
Saint Petersburg,Moscow,234,239,5.51865,-0.556859,8.59176
Saint Petersburg,Petrozavodsk,234,245,2.10963,-0.5237,3.21444
Saint Petersburg,Narva,234,304,2.22078,-0.55031,3.4429
Saint Petersburg,Vyborg,234,623,2.11038,-0.523647,3.21548
Pskov,Gomel,235,236,3.73207,-0.558918,5.818
Pskov,Riga,235,547,2.67686,-0.556295,4.16598
Gomel,Kiev,236,237,5.29274,-0.564553,8.28078
Gomel,Babruysk,236,703,3.09183,-0.562414,4.83072
Kiev,Odessa,237,238,4.35846,-0.543128,6.72566
Kiev,Hlukhiv,237,242,4.69141,-0.565029,7.34219
Kiev,Kharkiv,237,247,4.80693,-0.555517,7.47725
Kiev,Rivne,237,348,3.4586,-0.560687,5.39779
Kiev,Zhytomyr,237,349,2.84322,-0.552295,4.41351
Odessa,Izmail,238,586,1.63394,-0.521966,2.48679
Odessa,Chişinău,238,672,1.98133,-0.515309,3.00234
Odessa,Mykolaiv,238,673,1.85893,-0.521649,2.82864
Moscow,Kaluga,239,240,3.71855,-0.571119,5.84228
Moscow,Orel,239,246,4.13253,-0.566428,6.47331
Moscow,Voronezh,239,248,5.04072,-0.548238,7.80423
Moscow,Tambov,239,256,3.83298,-0.56566,6.00114
Moscow,Smolensk,239,319,4.19623,-0.559426,6.54371
Moscow,Ryazan,239,320,3.72019,-0.551401,5.77151
Moscow,Velikiye Luki,239,628,3.69735,-0.564003,5.78267
Moscow,Vladimir,239,629,3.68003,-0.557477,5.73156
Kaluga,Bryansk,240,241,1.94494,-0.578025,3.06916
Bryansk,Hlukhiv,241,242,2.41976,-0.576423,3.81457
Hlukhiv,Kursk,242,645,2.62501,-0.575224,4.13498
Kirkenes,Murmansk,243,244,0.319078,-0.509006,0.481491
Murmansk,Petrozavodsk,244,245,0.797911,-0.521916,1.21435
Orel,Kharkiv,246,247,3.1067,-0.56625,4.86587
Kharkiv,Luhansk,247,350,2.51201,-0.564763,3.9307
Voronezh,Novorossiysk,248,249,3.0559,-0.560731,4.76944
Voronezh,Kursk,248,645,2.65418,-0.572099,4.17263
Voronezh,Saratov,248,646,2.92637,-0.547121,4.52744
Novorossiysk,Dzhankoy,249,601,1.32289,-0.533536,2.02869
Novorossiysk,Sochi,249,602,1.1996,-0.563792,1.87592
Mineralnye Vody,Nalchik,250,251,0.314917,-0.421833,0.447759
Mineralnye Vody,Makhachkala,250,260,0.620724,-0.450012,0.900057
Mineralnye Vody,Armavir,250,387,0.361568,-0.425331,0.515354
Nalchik,Vladikavkaz,251,252,0.135684,-0.400448,0.190019
Vladikavkaz,Stepantsminda,252,253,0.0651212,-0.362918,0.0887549
Stepantsminda,Mtskheta,253,254,0.0418253,-0.300004,0.0543731
Mtskheta,Tbilisi,254,255,0.043625,-0.243896,0.054265
Tbilisi,Gori,255,428,0.0370511,-0.217245,0.0451003
Tbilisi,Rustavi,255,429,0.0411933,-0.239882,0.0510749
Tambov,Povorino,256,257,1.70643,-0.567465,2.67477
Povorino,Volgograd,257,258,1.51656,-0.5562,2.36007
Volgograd,Astrakhan,258,259,2.01399,-0.529697,3.08079
Volgograd,Luhansk,258,350,1.74831,-0.558215,2.72424
Astrakhan,Makhachkala,259,260,1.59367,-0.501651,2.39313
Astrakhan,Atyrau,259,265,2.36985,-0.506946,3.57124
Makhachkala,Kuba,260,261,0.58117,-0.463351,0.850456
Kuba,Baku,261,262,0.234827,-0.449023,0.34027
Baku,Yevlakh,262,431,0.099369,-0.426403,0.14174
Samara,Oral,263,264,2.60234,-0.496539,3.8945
Samara,Penza,263,321,1.72087,-0.521553,2.61839
Samara,Ufa,263,322,1.75458,-0.498775,2.62972
Oral,Atyrau,264,265,2.95952,-0.483977,4.39185
Oral,Saratov,264,646,2.59775,-0.53089,3.97686
Oral,Aktobe,264,647,1.89512,-0.520531,2.8816
Atyrau,Beineu,265,266,1.28273,-0.482515,1.90167
Atyrau,Beyneu,265,351,1.28273,-0.482515,1.90167
Beineu,Shetpe,266,267,0.49926,-0.481804,0.739806
Shetpe,Zhetybai,267,268,0.196876,-0.476452,0.290679
Zhetybai,Fetisovo,268,269,0.082097,-0.461653,0.119997
Fetisovo,Bekdash,269,270,0.0431183,-0.415247,0.0610231
Bekdash,Türkmenbaşy,270,271,0.0399491,-0.34378,0.0536829
Türkmenbaşy,Gyzylarbat,271,272,0.0642474,-0.310298,0.0841833
Gyzylarbat,Ashgabat,272,432,0.128417,-0.3077,0.167932
Chelyabinsk,Kostanay,273,274,0.446957,-0.451997,0.64898
Chelyabinsk,Ufa,273,322,0.884878,-0.465892,1.29714
Chelyabinsk,Kurgan,273,323,0.521463,-0.445105,0.753569
Kostanay,Esil,274,275,0.211413,-0.442398,0.304941
Esil,Derzhavinsk,275,276,0.162926,-0.429802,0.232952
Derzhavinsk,Arkalyk,276,277,0.254492,-0.423085,0.362163
Arkalyk,Jezkazgan,277,278,0.561401,-0.420654,0.797556
Jezkazgan,Kyzylorda,278,279,0.882384,-0.421486,1.2543
Jezkazgan,Karaganda,278,286,0.847847,-0.416912,1.20132
Kyzylorda,Shymkent,279,280,0.878444,-0.417466,1.24517
Kyzylorda,Novokazalinsk,279,650,0.592812,-0.429173,0.847231
Shymkent,Tashkent,280,281,0.756922,-0.408592,1.06619
Shymkent,Zhambyl,280,359,0.624933,-0.405672,0.878451
Tashkent,Ayni,281,282,0.311897,-0.393072,0.434495
Tashkent,Jizzakh,281,358,0.381822,-0.399072,0.534196
Tashkent,Kokand,281,689,0.305019,-0.401739,0.427557
Ayni,Dushanbe,282,283,0.295197,-0.359599,0.40135
Ayni,Kokand,282,689,0.13831,-0.372723,0.189861
Dushanbe,Termez,283,440,0.188261,-0.337953,0.251884
Dushanbe,Jirgatal,283,441,0.186995,-0.341546,0.250862
Dushanbe,Kulob,283,692,0.137873,-0.340083,0.184762
Ishim,Astana,284,285,0.356918,-0.411527,0.5038
Ishim,Omsk,284,291,0.356918,-0.411527,0.5038
Ishim,Kurgan,284,323,0.445428,-0.423776,0.634189
Ishim,Tyumen,284,635,0.334566,-0.413903,0.473043
Astana,Karaganda,285,286,0.423871,-0.411632,0.598349
Karaganda,Balkhash,286,287,0.531841,-0.409939,0.749864
Karaganda,Pavlodar,286,292,0.511463,-0.41081,0.721577
Balkhash,Burubaytal,287,288,0.342217,-0.402198,0.479856
Burubaytal,Almaty,288,289,0.427871,-0.394379,0.596613
Almaty,Bishkek,289,290,0.676106,-0.394252,0.942662
Almaty,Sary-Ozek,289,360,0.329264,-0.388887,0.45731
Almaty,Kokpek,289,695,0.26878,-0.390248,0.37367
Bishkek,Zhambyl,290,359,0.588251,-0.399459,0.823233
Bishkek,Osh,290,691,0.625168,-0.393926,0.871438
Omsk,Pavlodar,291,292,0.299872,-0.408302,0.422311
Pavlodar,Semey,292,293,0.263888,-0.405866,0.370991
Semey,Georgiyevka,293,294,0.113129,-0.400103,0.158392
Georgiyevka,Ayagoz,294,364,0.0528964,-0.387047,0.0733698
Narvik,Kiruna,295,296,0.0366037,-0.318473,0.048261
Narvik,Setermoen,295,498,0.0187804,-0.298894,0.0243937
Kiruna,Töre,296,297,0.0777417,-0.329419,0.103351
Töre,Luleå,297,298,0.170099,-0.333304,0.226793
Luleå,Umeå,298,612,0.283419,-0.338351,0.379314
Luleå,Haparanda,298,613,0.195299,-0.330462,0.259838
Helsingborg,Halmstad,299,300,0.2154,-0.338684,0.288352
Helsingborg,Jönköping,299,605,0.138935,-0.328829,0.18462
Örebro,Stockholm,301,302,0.396181,-0.351912,0.535602
Örebro,Karlstad,301,620,0.235024,-0.35177,0.317699
Stockholm,Södertälje,302,608,0.295107,-0.349428,0.398225
Stockholm,Uppsala,302,609,0.346521,-0.35189,0.468458
Tallinn,Narva,303,304,1.28206,-0.55463,1.99313
Tallinn,Riga,303,547,1.76548,-0.553828,2.74325
Colchester,Ipswich,305,306,0.00284812,0,0.00284812
Ipswich,Cambridge,306,636,0.00284812,0,0.00284812
The Hague,Gouda,307,308,0.36253,-0.504104,0.545283
Amersfoort,Oldenzaal,309,310,0.589636,-0.513954,0.892681
Amersfoort,Hoogeveen,309,698,0.550154,-0.514102,0.832989
Oldenzaal,Osnabrück,310,311,0.497515,-0.519119,0.755785
Osnabrück,Bad Oeynhausen,311,312,0.921934,-0.523614,1.40467
Bad Oeynhausen,Dortmund,312,508,1.56452,-0.525778,2.38712
Braunschweig,Magdeburg,313,314,1.29128,-0.517338,1.95931
Magdeburg,Halle,314,518,1.38261,-0.516279,2.09642
Poznań,Warsaw,315,316,2.38396,-0.523174,3.63119
Poznań,Wrocław,315,339,1.47379,-0.517209,2.23605
Warsaw,Elbląg,316,564,1.86461,-0.526073,2.84553
Warsaw,Radom,316,565,2.2161,-0.526241,3.38231
Warsaw,Lublin,316,713,2.57198,-0.530444,3.93627
Brest,Rennes,317,365,0.345378,-0.49855,0.517565
Brest,Lorient,317,388,0.193281,-0.492121,0.288399
Minsk,Smolensk,318,319,3.01623,-0.560052,4.70547
Minsk,Babruysk,318,703,2.70813,-0.560979,4.22733
Ryazan,Penza,320,321,1.75855,-0.547032,2.72053
Ufa,Yelabuga,322,632,0.926505,-0.468427,1.3605
Bruges,Ghent,324,325,1.44777,-0.528339,2.21268
Bruges,Zeebrugge,324,642,1.60152,-0.533704,2.45626
Ghent,Brussels,325,326,1.9552,-0.527758,2.98707
Brussels,Leuven,326,327,2.43694,-0.530638,3.73008
Leuven,Hasselt,327,708,1.55651,-0.532903,2.38598
Eupen,Aachen,328,329,1.84936,-0.533493,2.83598
Eupen,St. Vith,328,653,0.944648,-0.535496,1.4505
Aachen,Heerlen,329,709,1.45827,-0.532785,2.23521
Olpe,Wetzlar,330,331,1.7752,-0.530603,2.71712
Wetzlar,Gießen,331,332,1.73961,-0.535083,2.67045
Wetzlar,Dortmund,331,508,2.48473,-0.530404,3.80264
Wetzlar,Aschaffenburg,331,509,1.87601,-0.535295,2.88023
Wetzlar,Koblenz,331,660,1.82411,-0.535768,2.80141
Gießen,Bad Hersfeld,332,333,1.06819,-0.537458,1.64229
Bad Hersfeld,Eisenach,333,334,0.510814,-0.533416,0.78329
Eisenach,Erfurt,334,335,0.498394,-0.522212,0.758661
Erfurt,Gera,335,336,1.00651,-0.51666,1.52653
Gera,Chemnitz,336,337,1.50989,-0.516022,2.28903
Gera,Leipzig,336,526,1.52565,-0.515647,2.31235
Gera,Hirschberg,336,527,1.06728,-0.515984,1.61798
Chemnitz,Plauen,337,519,1.42593,-0.515632,2.16119
Wrocław,Opole,339,340,1.25695,-0.513015,1.90178
Wrocław,Kłodzko,339,548,1.27792,-0.513014,1.9335
Opole,Gliwice,340,341,0.605584,-0.511173,0.915142
Gliwice,Zabrze,341,342,0.573336,-0.51062,0.866092
Kraków,Rzeszów,343,344,0.801333,-0.513429,1.21276
Kraków,Radom,343,565,0.935921,-0.519719,1.42234
Kraków,Trstená,343,566,1.01792,-0.514328,1.54147
Rzeszów,Jarosław,344,345,0.730719,-0.521074,1.11148
Rzeszów,Radom,344,565,0.788855,-0.522212,1.20081
Rzeszów,Barwinek,344,710,0.587635,-0.51511,0.890332
Jarosław,Korczowa,345,346,0.768684,-0.529631,1.1758
Korczowa,Lviv,346,347,1.62089,-0.53297,2.48477
Lviv,Rivne,347,348,2.05155,-0.544798,3.16924
Lviv,Mukachevo,347,378,3.09961,-0.525313,4.72787
Lviv,Lublin,347,713,1.62966,-0.530657,2.49446
Rivne,Zhytomyr,348,349,1.22735,-0.550373,1.90285
Rivne,Kovel,348,714,1.21404,-0.551543,1.88364
Zhytomyr,Vinnytsia,349,381,2.08785,-0.544145,3.22395
Beyneu,Qo‘ng‘irot,351,352,0.523848,-0.473869,0.772083
Qo‘ng‘irot,Nukus,352,353,0.261432,-0.437238,0.37574
Nukus,Daşoguz,353,354,0.227632,-0.372077,0.312328
Daşoguz,Bukhara,354,355,0.184389,-0.321334,0.243639
Daşoguz,Ashgabat,354,432,0.21045,-0.318936,0.277571
Daşoguz,Uchkuduk,354,688,0.103977,-0.334258,0.138733
Bukhara,Navoiy,355,356,0.202471,-0.322188,0.267704
Bukhara,Alat,355,436,0.183953,-0.310091,0.240996
Bukhara,Karshi,355,437,0.18546,-0.310854,0.243111
Bukhara,Uchkuduk,355,688,0.116848,-0.314618,0.153611
Navoiy,Samarkand,356,357,0.145666,-0.349087,0.196516
Samarkand,Jizzakh,357,358,0.190562,-0.384033,0.263744
Sary-Ozek,Taldykorgan,360,361,0.162514,-0.38077,0.224395
Sary-Ozek,Koktal,360,697,0.152454,-0.383085,0.210858
Taldykorgan,Ucharal,361,362,0.0734728,-0.373154,0.100889
Ucharal,Taskesken,362,363,0.0392646,-0.363612,0.0535417
Taskesken,Ayagoz,363,364,0.0336107,-0.371009,0.0460805
Rennes,Le Mans,365,366,0.84185,-0.503445,1.26567
Le Mans,Angers,366,391,0.684931,-0.503969,1.03011
Le Mans,Tours,366,392,0.819077,-0.50372,1.23166
Le Mans,Rouen,366,662,1.22816,-0.514087,1.85954
Reims,Charleroi,367,651,1.5389,-0.528969,2.35294
Reims,Charleville-Mézières,367,658,1.41434,-0.528975,2.16249
Reims,Rouen,367,662,1.67395,-0.522642,2.54882
Saarbrücken,Mannheim,368,369,2.52963,-0.537783,3.89002
Saarbrücken,Trier,368,659,1.32243,-0.537116,2.03273
Mannheim,Heilbronn,369,370,2.3681,-0.538608,3.64358
Rozvadov,Plzeň,371,372,2.08316,-0.527884,3.18282
Plzeň,Karlovy Vary,372,523,1.46916,-0.524443,2.23964
Plzeň,České Budějovice,372,524,1.71177,-0.526062,2.61226
Plzeň,Bayerisch Eisenstein,372,530,1.73683,-0.526749,2.65171
Trenčín,Prešov,373,374,1.17666,-0.519836,1.78833
Prešov,Košice,374,375,1.82762,-0.521206,2.78018
Prešov,Svidník,374,712,0.887922,-0.519892,1.34954
Košice,Vyšné Nemecké,375,376,0.927274,-0.521725,1.41106
Košice,Uzhhorod,375,377,1.77341,-0.522639,2.70026
Košice,Miskolc,375,552,1.71349,-0.5201,2.60467
Košice,Zvolen,375,568,1.78134,-0.5194,2.70657
Vyšné Nemecké,Uzhhorod,376,377,0.846133,-0.52364,1.2892
Uzhhorod,Mukachevo,377,378,2.7998,-0.522771,4.26345
Uzhhorod,Chop,377,723,1.42974,-0.524279,2.17932
Mukachevo,Stryj,378,379,2.15423,-0.520424,3.27534
Mukachevo,Halmeu,378,578,2.67379,-0.520244,4.06481
Khmelnytskyi,Vinnytsia,380,381,1.38553,-0.531321,2.1217
Vinnytsia,Uman,381,382,1.36224,-0.528733,2.08251
Vinnytsia,Mohyliv-Podilskyi,381,728,1.24084,-0.532751,1.90189
Uman,Kirovohrad,382,383,1.12678,-0.51447,1.70648
Kirovohrad,Dnipropetrovsk,383,384,0.839482,-0.503967,1.26255
Kirovohrad,Chişinău,383,672,1.67319,-0.50806,2.52327
Dnipropetrovsk,Donetsk,384,385,0.378631,-0.487484,0.563208
Donetsk,Rostov-on-Don,385,386,0.286934,-0.456304,0.417864
Rostov-on-Don,Armavir,386,387,0.286426,-0.4294,0.409417
Rostov-on-Don,Taganrog,386,675,0.255751,-0.45501,0.37212
Lorient,Vannes,388,389,0.231421,-0.49285,0.345477
Vannes,Nantes,389,390,0.497672,-0.498209,0.745616
Nantes,Angers,390,391,0.698229,-0.498274,1.04614
Nantes,Poitiers,390,676,0.942653,-0.506069,1.4197
Angers,Tours,391,392,0.583832,-0.494622,0.872609
Tours,Vierzon,392,503,0.782976,-0.493805,1.16961
Montargis,Auxerre,393,394,1.21661,-0.518021,1.84684
Auxerre,Beaune,394,395,2.16257,-0.526327,3.30079
Beaune,Dole,395,396,2.11444,-0.52898,3.23293
Beaune,Antwerp,395,505,3.56935,-0.531216,5.46544
Dole,Besançon,396,397,1.08089,-0.532582,1.65655
Besançon,Belfort,397,398,1.19865,-0.533796,1.83849
Zürich,Winterthur,399,400,1.31175,-0.508564,1.97886
Winterthur,St. Gallen,400,401,0.941758,-0.507705,1.41989
Winterthur,Schaffhausen,400,511,1.19347,-0.522681,1.81727
St. Gallen,St. Margrethen,401,402,0.889128,-0.508409,1.34117
St. Margrethen,Bregenz,402,403,1.4728,-0.511906,2.22673
St. Margrethen,Buchs,402,514,0.693509,-0.507232,1.04528
Bregenz,Feldkirch,403,748,1.43398,-0.510336,2.16579
Bregenz,Lindau,403,513,2.19078,-0.517327,3.32413
Feldkirch,Landeck,748,404,0.68422,-0.50115,1.02712
Feldkirch,Imst,748,406,0.715601,-0.500744,1.07393
Landeck,Telfs,404,405,0.492593,-0.495455,0.73665
Sattledt,Liezen,408,532,0.938063,-0.518386,1.42434
Sattledt,Wels,408,669,0.962948,-0.522359,1.46595
Sankt Pölten,Vienna,409,410,1.96672,-0.51841,2.98628
Vienna,Nickelsdorf,410,411,2.18142,-0.518192,3.31182
Vienna,Halámky,410,525,2.06609,-0.518944,3.13828
Vienna,Graz,410,534,2.79748,-0.511378,4.22806
Nickelsdorf,Mosonmagyaróvár,411,412,1.5377,-0.518803,2.33546
Szolnok,Püspökladány,413,414,1.88578,-0.516444,2.85968
Püspökladány,Oradea,414,415,2.45859,-0.511237,3.71552
Püspökladány,Nyíregyháza,414,722,1.41651,-0.518701,2.15126
Oradea,Cluj-Napoca,415,416,1.34021,-0.494209,2.00256
Oradea,Berettyóújfalu,415,570,1.72548,-0.507828,2.60173
Oradea,Beiuş,415,571,1.22979,-0.497955,1.84218
Oradea,Satu Mare,415,579,1.84909,-0.507873,2.78819
Oradea,Arad,415,684,2.16814,-0.493987,3.23918
Cluj-Napoca,Turda,416,417,0.836784,-0.492052,1.24853
Cluj-Napoca,Zalău,416,580,0.756831,-0.502096,1.13683
Turda,Târgu Mureş,417,418,0.398529,-0.480271,0.589932
Turda,Sebeş,417,581,0.413217,-0.48052,0.611777
Târgu Mureş,Braşov,418,419,0.31349,-0.467108,0.459924
Braşov,Ploieşti,419,420,0.307351,-0.448397,0.445167
Braşov,Sibiu,419,582,0.366575,-0.472351,0.539728
Braşov,Piteşti,419,583,0.261347,-0.452073,0.379495
Slobozia,Hârşova,421,422,0.519196,-0.443526,0.749473
Slobozia,Galaţi,421,588,0.772001,-0.456611,1.12451
Hârşova,Constanţa,422,423,0.569607,-0.434567,0.81714
Constanţa,Varna,423,463,0.622448,-0.407319,0.875982
Constanţa,Tulcea,423,589,0.569607,-0.434567,0.81714
Senaki,Samtredia,424,425,0.0247965,-0.480236,0.0367047
Senaki,Zugdidi,424,604,0.0589271,-0.544534,0.0910149
Samtredia,Kutaisi,425,426,0.0144823,-0.354937,0.0196226
Kutaisi,Khashuri,426,427,0.0144488,-0.238408,0.0178935
Khashuri,Gori,427,428,0.0213046,-0.208656,0.0257499
Rustavi,Ganja,429,430,0.0346345,-0.297073,0.0449235
Ganja,Yevlakh,430,431,0.0486536,-0.377117,0.0670018
Ashgabat,Tejen,432,433,0.132764,-0.305888,0.173375
Tejen,Mary,433,434,0.0765838,-0.300345,0.0995853
Mary,Türkmenabat,434,435,0.0664064,-0.299089,0.0862679
Türkmenabat,Alat,435,436,0.095952,-0.304609,0.12518
Karshi,Guzar,437,438,0.0998813,-0.308671,0.130712
Guzar,Sherobod,438,439,0.0759636,-0.31304,0.0997433
Sherobod,Termez,439,440,0.0996053,-0.326357,0.132112
Jirgatal,Sary Tash,441,442,0.160887,-0.352971,0.217675
Jirgatal,Khorugh,441,694,0.107699,-0.337656,0.144064
Sary Tash,Irkeshtam,442,443,0.185259,-0.376052,0.254926
Irkeshtam,Osh,443,691,0.348965,-0.38826,0.484455
A Coruña,Bilbao,444,445,0.199628,-0.411827,0.28184
A Coruña,Pontevedra,444,481,0.0980817,-0.397047,0.137025
Clermont-Ferrand,Montluçon,446,504,0.979735,-0.486253,1.45613
Chambéry,Susa,447,448,0.997951,-0.489868,1.48681
Chambéry,Marseille,447,736,0.729973,-0.496679,1.09254
Susa,Turin,448,449,0.741093,-0.470601,1.08985
Tortona,Brescia,450,451,0.424952,-0.439508,0.611722
Trieste,Postojna,452,453,0.407749,-0.472497,0.600409
Trieste,Ljubljana,452,454,0.747957,-0.478599,1.10593
Postojna,Ljubljana,453,454,0.498482,-0.483695,0.739595
Ljubljana,Maribor,454,535,0.819822,-0.490729,1.22213
Ljubljana,Naklo,454,538,1.19149,-0.491215,1.77677
Vršac,Timişoara,456,457,1.14194,-0.466501,1.67466
Timişoara,Drobeta-Turnu Severin,457,458,1.29077,-0.465921,1.89217
Timişoara,Arad,457,684,1.86778,-0.479387,2.76318
Drobeta-Turnu Severin,Craiova,458,459,1.3258,-0.461481,1.93764
Craiova,Alexandria,459,460,0.557688,-0.456221,0.812117
Craiova,Târgu Jiu,459,574,0.753605,-0.464752,1.10384
Craiova,Piteşti,459,583,0.711342,-0.460108,1.03864
Razgrad,Shumen,461,462,0.211439,-0.378142,0.291392
Shumen,Varna,462,463,0.308688,-0.386304,0.427936
Varna,Burgas,463,590,0.304115,-0.385896,0.421472
Lisbon,Valladolid,464,465,0.208413,-0.378572,0.287312
Lisbon,Porto,464,483,0.215749,-0.365211,0.294542
Lisbon,Albufeira,464,484,0.219994,-0.360676,0.29934
Toulouse,Nice,466,467,1.22334,-0.454956,1.77991
Nice,Cuneo,467,685,0.548867,-0.448759,0.795176
Sofia,Plovdiv,468,469,0.658109,-0.435147,0.944483
Sofia,Botevgrad,468,575,0.661187,-0.435873,0.94938
Sofia,Blagoevgrad,468,576,0.73765,-0.43312,1.05714
Sofia,Kyustendil,468,745,0.496143,-0.437456,0.713184
Plovdiv,Istanbul,469,470,0.282322,-0.427225,0.402938
Istanbul,İzmit,470,471,0.147766,-0.40277,0.207282
İzmit,Gerede,471,472,0.0607395,-0.357307,0.0824422
İzmit,Bursa,471,479,0.0637385,-0.3494,0.0860088
Gerede,Kızılcahamam,472,599,0.0337261,-0.320211,0.0445256
Mazara del Vallo,Palermo,473,474,0.00284812,0,0.00284812
Metaponto,Taranto,475,476,0.0300154,-0.316646,0.0395196
Metaponto,Potenza,475,743,0.0184813,-0.285719,0.0237618
Ioannina,Trikala,477,687,0.0978168,-0.374284,0.134428
Gelibolu,Keşan,478,596,0.299969,-0.391238,0.417329
Gelibolu,Ayvalık,478,597,0.300562,-0.3906,0.417962
Bursa,Ankara,479,480,0.0396191,-0.309438,0.0518788
Bursa,Balıkesir,479,746,0.0482227,-0.314276,0.0633779
Ankara,Kızılcahamam,480,599,0.0283116,-0.29532,0.0366726
Pontevedra,Valença,481,482,0.0744216,-0.374017,0.102257
Valença,Porto,482,483,0.106431,-0.363179,0.145085
Albufeira,Castro Marim,484,485,0.125236,-0.352288,0.169355
Castro Marim,Huelva,485,486,0.118716,-0.350023,0.160269
Cherbourg-Octeville,La Rochelle,487,488,0.181842,-0.503427,0.273387
Cherbourg-Octeville,Caen,487,661,0.368305,-0.515143,0.558034
La Rochelle,Saintes,488,730,0.178469,-0.484179,0.26488
Oslo,Hamar,489,490,0.179245,-0.350136,0.242004
Oslo,Askim,489,619,0.187501,-0.350965,0.253307
Hamar,Lillehammer,490,491,0.112727,-0.350485,0.152236
Lillehammer,Dombås,491,492,0.125228,-0.351088,0.169194
Dombås,Trondheim,492,493,0.225661,-0.351371,0.304952
Trondheim,Stjørdal,493,494,0.221373,-0.351144,0.299107
Stjørdal,Steinkjer,494,495,0.11211,-0.350316,0.151384
Steinkjer,Mosjøen,495,496,0.0813939,-0.34632,0.109582
Mosjøen,Mo i Rana,496,497,0.107055,-0.343216,0.143798
Mo i Rana,Umeå,497,612,0.206201,-0.341772,0.276675
Setermoen,Alta,498,499,0.0121837,-0.26769,0.0154451
Alta,Olderfjord,499,500,0.0121099,-0.272188,0.015406
Olderfjord,Lakselv,500,501,0.0186284,-0.312997,0.024459
Lakselv,Karasjok,501,502,0.0368081,-0.372943,0.0505354
Vierzon,Montluçon,503,504,0.591861,-0.489126,0.881355
Antwerp,Zeebrugge,505,642,2.32838,-0.534849,3.57371
Martigny,Sion,506,678,0.65896,-0.507103,0.99312
Bremen,Groningen,507,624,2.0243,-0.519742,3.07641
Stuttgart,Schaffhausen,510,511,1.73438,-0.533719,2.66005
Stuttgart,Ulm,510,512,1.55872,-0.532374,2.38855
Ulm,Lindau,512,513,1.40757,-0.526816,2.14909
Lindau,Waldshut,513,666,1.97678,-0.523769,3.01216
Buchs,Chur,514,515,0.284772,-0.497551,0.42646
Chur,San Bernardino,515,516,0.159411,-0.471701,0.234606
Halle,Plauen,518,519,1.32122,-0.515676,2.00254
Plauen,Schönberg,519,520,1.07904,-0.51509,1.63485
Plauen,Hof,519,528,1.41875,-0.517017,2.15226
Schönberg,Vojtanov,520,521,0.647229,-0.514873,0.98047
Vojtanov,Cheb,521,522,0.881896,-0.516734,1.3376
Cheb,Karlovy Vary,522,523,1.44996,-0.518645,2.20197
Cheb,Marktredwitz,522,663,1.15105,-0.519416,1.74893
Karlovy Vary,Teplice,523,715,0.899347,-0.518151,1.36534
České Budějovice,Halámky,524,525,1.24004,-0.523276,1.88893
Hirschberg,Hof,527,528,1.09507,-0.517441,1.66171
Hof,Bayreuth,528,529,1.74056,-0.521099,2.64757
Bayreuth,Marktredwitz,529,663,1.55961,-0.522439,2.3744
Bayerisch Eisenstein,Deggendorf,530,531,1.31392,-0.525901,2.00491
Liezen,Sankt Michael,532,533,0.795283,-0.512543,1.2029
Sankt Michael,Graz,533,534,1.46774,-0.508063,2.21344
Graz,Maribor,534,535,1.30466,-0.501634,1.95912
Graz,Spielfeld,534,536,0.956523,-0.506502,1.441
Graz,Klagenfurt,534,683,1.81871,-0.502831,2.73322
Maribor,Spielfeld,535,536,0.468757,-0.49304,0.699873
Karavanke Tunnel,Naklo,537,538,0.953961,-0.501581,1.43245
Naklo,Loiblpass,538,734,0.92554,-0.500096,1.3884
Kemijärvi,Posio,539,540,0.0478815,-0.288809,0.0617101
Posio,Kuusamo,540,541,0.0301703,-0.285985,0.0387986
Kuusamo,Kajaani,541,542,0.0297157,-0.293677,0.0384425
Kajaani,Iisalmi,542,543,0.0467146,-0.303012,0.0608697
Iisalmi,Kuopio,543,544,0.0920238,-0.310965,0.12064
Tampere,Turku,545,546,0.0984455,-0.325617,0.130501
Tampere,Vaasa,545,616,0.133281,-0.316689,0.175489
Tampere,Hämeenlinna,545,618,0.171277,-0.342644,0.229963
Turku,Pori,546,617,0.0671863,-0.316839,0.0884735
Riga,Šiauliai,547,561,1.85047,-0.546856,2.86241
Riga,Rēzekne,547,627,1.9098,-0.554431,2.96865
Kłodzko,Kudowa-Zdrój,548,549,0.586908,-0.511311,0.887001
Kudowa-Zdrój,Náchod,549,550,0.496087,-0.510834,0.749505
Náchod,Hradec Králové,550,551,0.912102,-0.513041,1.38005
Hradec Králové,Olomouc,551,716,1.25422,-0.515567,1.90085
Miskolc,Debrecen,552,569,1.41909,-0.519205,2.15589
Szekszárd,Mohács,555,556,0.867382,-0.511485,1.31103
Mohács,Osijek,556,557,0.55696,-0.503163,0.837202
Osijek,Đakovo,557,558,0.353364,-0.489821,0.526449
Osijek,Sombor,557,735,0.578689,-0.494778,0.865011
Đakovo,Šamac,558,559,0.178011,-0.464338,0.260669
Šamac,Zenica,559,560,0.167974,-0.42587,0.239509
Zenica,Sarajevo,560,737,0.301006,-0.412447,0.425155
Šiauliai,Tolpaki,561,562,1.49739,-0.534286,2.29743
Šiauliai,Palanga,561,704,1.13622,-0.538797,1.7484
Šiauliai,Panevėžys,561,705,1.17101,-0.539473,1.80274
Tolpaki,Kaliningrad,562,563,1.00259,-0.524897,1.52885
Tolpaki,Nesterov,562,640,0.899674,-0.529924,1.37643
Trstená,Ružomberok,566,567,0.848638,-0.516099,1.28662
Ružomberok,Zvolen,567,568,1.55531,-0.517376,2.36
Debrecen,Berettyóújfalu,569,570,1.03786,-0.514927,1.57229
Beiuş,Deva,571,572,0.88178,-0.489434,1.31335
Deva,Petroşani,572,573,0.81566,-0.474294,1.20252
Deva,Sibiu,572,582,1.03981,-0.474999,1.53372
Deva,Arad,572,684,1.38906,-0.479166,2.05465
Petroşani,Târgu Jiu,573,574,0.533469,-0.470813,0.784633
Botevgrad,Jablanica,575,585,0.291501,-0.429866,0.416807
Blagoevgrad,Serres,576,577,0.491728,-0.420785,0.69864
Halmeu,Satu Mare,578,579,2.22208,-0.515866,3.36838
Satu Mare,Zalău,579,580,0.979061,-0.508331,1.47675
Sebeş,Sibiu,581,582,0.459249,-0.472996,0.676472
Sibiu,Piteşti,582,583,0.540839,-0.465056,0.792359
Pleven,Jablanica,584,585,0.172427,-0.410253,0.243166
Izmail,Reni,586,587,0.802741,-0.508129,1.21064
Reni,Galaţi,587,588,0.787338,-0.482162,1.16696
Galaţi,Tulcea,588,589,0.577981,-0.458006,0.842699
Galaţi,Giurgiuleşti,588,729,0.925048,-0.48416,1.37292
Burgas,Malko Tarnovo,590,591,0.176462,-0.37053,0.241847
Malko Tarnovo,Dereköy,591,592,0.0808453,-0.362961,0.110189
Dereköy,Kırklareli,592,593,0.0439156,-0.355958,0.0595477
Kırklareli,Babaeski,593,594,0.0382501,-0.367749,0.0523166
Babaeski,Havsa,594,595,0.0607175,-0.382048,0.0839145
Havsa,Keşan,595,596,0.129579,-0.391766,0.180343
Ayvalık,İzmir,597,598,0.131042,-0.387829,0.181864
İzmir,Manisa,598,747,0.063165,-0.367989,0.0864091
Kherson,Dzhankoy,600,601,0.873014,-0.539599,1.34409
Kherson,Mykolaiv,600,673,1.0394,-0.52433,1.58438
Kherson,Melitopol,600,674,0.572041,-0.522944,0.871186
Sochi,Sukhumi,602,603,0.432786,-0.567555,0.678415
Sukhumi,Zugdidi,603,604,0.157233,-0.563641,0.245856
Jönköping,Linköping,605,606,0.103805,-0.327014,0.13775
Linköping,Norrköping,606,607,0.136566,-0.330992,0.181768
Norrköping,Södertälje,607,608,0.202947,-0.34154,0.272262
Norrköping,Kalmar,607,626,0.136086,-0.330957,0.181125
Uppsala,Sundsvall,609,610,0.360551,-0.350775,0.487023
Sundsvall,Örnsköldsvik,610,611,0.340118,-0.348444,0.45863
Örnsköldsvik,Umeå,611,612,0.282923,-0.344602,0.38042
Haparanda,Tornio,613,614,0.152232,-0.318703,0.200748
Kokkola,Vaasa,615,616,0.138242,-0.312205,0.181402
Vaasa,Pori,616,617,0.0785015,-0.314333,0.103177
Askim,Karlstad,619,620,0.156279,-0.351828,0.211263
Kotka,Vaalimaa,621,622,0.34466,-0.498098,0.516335
Vaalimaa,Vyborg,622,623,0.807477,-0.520192,1.22752
Groningen,Hoogeveen,624,698,0.739534,-0.519301,1.12357
Sassnitz,Stralsund,625,699,0.421001,-0.515819,0.638161
Rēzekne,Velikiye Luki,627,628,2.08608,-0.563893,3.26241
Rēzekne,Daugavpils,627,702,1.28835,-0.554112,2.00224
Vladimir,Nizhny Novgorod,629,630,1.38602,-0.559175,2.16104
Nizhny Novgorod,Kazan,630,631,0.642062,-0.541372,0.989656
Kazan,Yelabuga,631,632,0.593295,-0.496694,0.887981
Yelabuga,Perm,632,633,0.477697,-0.47106,0.702721
Perm,Yekaterinburg,633,634,0.23301,-0.452449,0.338434
Yekaterinburg,Tyumen,634,635,0.199172,-0.424836,0.283788
Koszalin,Słupsk,637,638,0.238897,-0.514286,0.361759
Słupsk,Gdynia,638,639,0.382837,-0.516767,0.580675
Nesterov,Marijampolė,640,641,0.786318,-0.537109,1.20866
Aktobe,Karabutak,647,648,0.73583,-0.525862,1.12278
Karabutak,Aral,648,649,0.350426,-0.510735,0.529401
Aral,Novokazalinsk,649,650,0.322973,-0.460245,0.471619
Charleroi,Namur,651,652,1.06797,-0.532505,1.63667
St. Vith,Wittlich,653,654,0.997286,-0.537361,1.53319
Wittlich,Bingen,654,655,0.614294,-0.539966,0.945992
Bingen,Wiesbaden,655,656,0.894698,-0.541225,1.37893
Amiens,Charleville-Mézières,657,658,1.29132,-0.530868,1.97684
Trier,Koblenz,659,660,1.35814,-0.538,2.08881
Caen,Rouen,661,662,0.934226,-0.518554,1.41867
Regensburg,Passau,667,668,1.07564,-0.531768,1.64764
Passau,Wels,668,669,1.12305,-0.527561,1.71552
Wels,Braunau am Inn,669,721,1.3586,-0.521253,2.06677
Iaşi,Sculeni,670,671,1.3113,-0.51273,1.98365
Iaşi,Bălţi,670,727,1.09394,-0.516787,1.65927
Sculeni,Chişinău,671,672,1.48676,-0.509748,2.24464
Chişinău,Giurgiuleşti,672,729,1.21466,-0.504339,1.82725
Melitopol,Taganrog,674,675,0.27675,-0.495557,0.413896
Poitiers,Mâcon,676,677,1.72792,-0.511354,2.61149
Sion,Simplon,678,679,0.328754,-0.485304,0.4883
Simplon,Gravellona Toce,679,680,0.317639,-0.45051,0.460739
Innichen,Spittal an der Drau,681,682,0.672713,-0.501828,1.0103
Klagenfurt,Loiblpass,683,734,1.03798,-0.503762,1.56088
Cuneo,Asti,685,686,0.334465,-0.445467,0.483459
Kokand,Andijan,689,690,0.274385,-0.390089,0.381419
Andijan,Osh,690,691,0.375824,-0.381283,0.51912
Kulob,Kalaikhumb,692,693,0.0780341,-0.33101,0.103864
Kalaikhumb,Khorugh,693,694,0.0698551,-0.329418,0.0928666
Kokpek,Chundzha,695,696,0.134428,-0.385885,0.186301
Chundzha,Koktal,696,697,0.103823,-0.381593,0.143441
Stralsund,Neubrandenburg,699,700,0.614605,-0.515886,0.931671
Ukmergė,Daugavpils,701,702,1.27459,-0.546565,1.97124
Ukmergė,Panevėžys,701,705,1.19504,-0.540398,1.84083
Breda,Gorinchem,706,707,0.753143,-0.512632,1.13923
Hasselt,Heerlen,708,709,0.983127,-0.53326,1.50739
Barwinek,Vyšný Komárnik,710,711,0.326392,-0.513363,0.49395
Vyšný Komárnik,Svidník,711,712,0.400265,-0.516888,0.607157
Lublin,Kovel,713,714,1.21895,-0.538657,1.87554
Olomouc,Český Těšín,716,717,0.796808,-0.514608,1.20685
Garmisch-Partenkirchen,Mittenwald,718,719,0.888429,-0.513702,1.34482
Mittenwald,Seefeld,719,720,0.604094,-0.502896,0.907891
Nyíregyháza,Chop,722,723,0.9341,-0.523526,1.42313
Dunajská Streda,Medveďov,724,725,0.612898,-0.517201,0.929889
Medveďov,Vámosszabadi,725,726,0.537647,-0.517602,0.815935
Bălţi,Mohyliv-Podilskyi,727,728,0.765553,-0.524893,1.16739
Saintes,Angoulême,730,731,0.347917,-0.47689,0.513836
St. Johann in Tirol,Lofer,732,733,0.932917,-0.509686,1.40841
Sarajevo,Užice,737,738,0.400083,-0.419368,0.567865
Užice,Čačak,738,739,0.557269,-0.429787,0.796776
Čačak,Nova Varoš,739,740,0.5561,-0.430194,0.795331
Avellino,Benevento,741,742,0.111425,-0.373406,0.153031
Balıkesir,Manisa,746,747,0.0417764,-0.333141,0.0556938
Warsaw,Brest-Litovsk,316,0,2.24444,-0.536125,3.44774
Brest-Litovsk,Minsk,0,318,2.06497,-0.548157,3.1969
Lyon,Mâcon,17,677,1.81424,-0.504685,2.72987
Beaune,Mâcon,395,677,2.9236,-0.517819,4.43749
