Glasgow,Preston,1,2,6.60189e-05,-0.486092,6.60189e-05
Glasgow,Edinburgh,1,13,6.60189e-05,-0.486092,6.60189e-05
Preston,Birmingham,2,3,6.60189e-05,-0.486092,6.60189e-05
Birmingham,Cambridge,3,636,6.60189e-05,-0.486092,6.60189e-05
Le Havre,Paris,4,5,2.02442,-0.515035,3.06706
Le Havre,Amiens,4,657,1.14819,-0.515751,1.74037
Paris,Orléans,5,6,2.04383,-0.512926,3.09216
Paris,Calais,5,16,1.7512,-0.514871,2.65284
Paris,Lyon,5,17,2.5377,-0.51213,3.83733
Paris,Brussels,5,326,3.12757,-0.516079,4.74164
Paris,Le Mans,5,366,1.6588,-0.513621,2.5108
Paris,Reims,5,367,1.95036,-0.515268,2.95532
Paris,Chaumont,5,665,2.84079,-0.51576,4.30596
Orléans,Bordeaux,6,7,0.938988,-0.509407,1.41731
Orléans,Tours,6,392,1.03935,-0.509418,1.56882
Orléans,Montargis,6,393,1.32161,-0.510916,1.99684
Orléans,Toulouse,6,466,1.05701,-0.508391,1.59439
Bordeaux,San Sebastián,7,8,0.494819,-0.504754,0.744581
Bordeaux,Clermont-Ferrand,7,446,0.97251,-0.506144,1.46474
Bordeaux,Toulouse,7,466,0.409521,-0.502895,0.615467
Bordeaux,Angoulême,7,731,0.562896,-0.505773,0.847594
San Sebastián,Burgos,8,9,0.228083,-0.498616,0.341808
San Sebastián,Bilbao,8,445,0.186974,-0.499519,0.280371
San Sebastián,Toulouse,8,466,0.32073,-0.502374,0.481856
Burgos,Madrid,9,10,0.121277,-0.492626,0.181022
Burgos,Valladolid,9,465,0.0816119,-0.493899,0.12192
Madrid,Seville,10,11,0.0712112,-0.487146,0.105901
Madrid,Barcelona,10,21,0.189148,-0.496454,0.283052
Madrid,Valencia,10,24,0.0811332,-0.488407,0.120759
Madrid,Lisbon,10,464,0.0732693,-0.487944,0.109021
Seville,Algeciras,11,12,0.0312504,-0.481626,0.0463014
Seville,Huelva,11,486,0.0325963,-0.481379,0.0482874
Algeciras,Málaga,12,28,0.012981,-0.477814,0.0191836
Edinburgh,Newcastle,13,14,6.60189e-05,-0.486092,6.60189e-05
Newcastle,London,14,15,6.60189e-05,-0.486092,6.60189e-05
London,Colchester,15,305,6.60189e-05,-0.486092,6.60189e-05
Calais,Bruges,16,324,1.8074,-0.51604,2.74009
Calais,Rouen,16,662,1.17661,-0.515379,1.783
Lyon,Orange,17,18,1.08617,-0.508464,1.63845
Lyon,Clermont-Ferrand,17,446,1.21923,-0.508991,1.83981
Lyon,Chambéry,17,447,1.12526,-0.51061,1.69983
Orange,Narbonne,18,19,0.481177,-0.507367,0.72531
Orange,Marseille,18,736,0.472493,-0.509214,0.713094
Narbonne,Girona,19,20,0.251119,-0.504058,0.377698
Girona,Barcelona,20,21,0.274218,-0.499948,0.411313
Barcelona,Tarragona,21,22,0.167485,-0.497242,0.250766
Barcelona,Toulouse,21,466,0.512162,-0.501066,0.768789
Tarragona,Castellón de la Plana,22,23,0.076009,-0.493407,0.113512
Castellón de la Plana,Valencia,23,24,0.0595398,-0.487988,0.0885944
Valencia,Alicante,24,25,0.0408667,-0.48367,0.0606327
Alicante,Murcia,25,26,0.0165097,-0.480079,0.0244356
Murcia,Almería,26,27,0.00800457,-0.475807,0.0118132
Almería,Málaga,27,28,0.00711671,-0.474389,0.0104928
Hook of Holland,Rotterdam,29,30,0.608259,-0.520198,0.924675
Hook of Holland,The Hague,29,307,0.328954,-0.520693,0.500238
Rotterdam,Eindhoven,30,31,1.5204,-0.519924,2.31089
Eindhoven,Maastricht,31,32,1.63695,-0.519258,2.48696
Eindhoven,Antwerp,31,505,2.69661,-0.51804,4.09357
Eindhoven,Venlo,31,643,2.09871,-0.520401,3.19089
Eindhoven,Breda,31,706,1.53681,-0.51994,2.33586
Maastricht,Liège,32,33,2.04191,-0.519193,3.10205
Liège,Bastogne,33,34,1.90738,-0.519087,2.89748
Liège,Leuven,33,327,3.10255,-0.51915,4.71324
Liège,Eupen,33,328,2.00791,-0.520002,3.05203
Liège,Antwerp,33,505,3.39752,-0.517407,5.15543
Liège,Namur,33,652,2.11236,-0.518491,3.20759
Liège,St. Vith,33,653,1.74401,-0.519148,2.64942
Liège,Charleville-Mézières,33,658,2.2509,-0.518422,3.41782
Bastogne,Arlon,34,35,1.15415,-0.519282,1.75348
Arlon,Luxembourg,35,36,1.59958,-0.519025,2.42981
Luxembourg,Metz,36,37,2.61046,-0.517856,3.96231
Luxembourg,St. Vith,36,653,1.94811,-0.519596,2.96033
Luxembourg,Charleville-Mézières,36,658,1.46036,-0.517247,2.21573
Luxembourg,Trier,36,659,1.92371,-0.519975,2.924
Metz,Saint-Avold,37,38,3.11,-0.517082,4.71813
Metz,Lausanne,37,44,2.54635,-0.516333,3.86112
Metz,Geneva,37,45,2.70874,-0.514786,4.10316
Metz,Brussels,37,326,3.56494,-0.517425,5.40952
Metz,Reims,37,367,2.48853,-0.512393,3.76363
Metz,Saarbrücken,37,368,3.00974,-0.518878,4.57142
Saint-Avold,Strasbourg,38,39,2.37804,-0.517874,3.60956
Strasbourg,Mulhouse,39,40,3.02304,-0.519073,4.59222
Strasbourg,Appenweier,39,664,2.28765,-0.519439,3.47595
Mulhouse,Basel,40,41,2.87815,-0.518046,4.36917
Mulhouse,Belfort,40,398,2.14556,-0.517506,3.2559
Mulhouse,Chaumont,40,665,2.70785,-0.517457,4.10905
Basel,Olten,41,42,1.71006,-0.517773,2.59549
Basel,Offenburg,41,61,2.47889,-0.519273,3.76612
Basel,Zürich,41,399,2.01302,-0.518419,3.0566
Basel,Waldshut,41,666,2.37005,-0.518269,3.59837
Olten,Bern,42,43,1.67573,-0.513934,2.53695
Olten,Lucerne,42,62,1.06422,-0.516656,1.61406
Bern,Lausanne,43,44,1.38449,-0.515271,2.09787
Bern,Belfort,43,398,1.76263,-0.517021,2.67395
Bern,Martigny,43,506,0.943842,-0.512611,1.42767
Lausanne,Geneva,44,45,1.02228,-0.510825,1.54449
Lausanne,Martigny,44,506,0.813632,-0.512546,1.23066
Geneva,Mont Blanc,45,46,1.14004,-0.510917,1.72251
Geneva,Chambéry,45,447,1.24595,-0.509445,1.88069
Geneva,Mâcon,45,677,2.03748,-0.51256,3.08182
Mont Blanc,Aosta,46,47,0.653329,-0.508385,0.985472
Aosta,Ivrea,47,48,0.52564,-0.499808,0.788359
Aosta,Martigny,47,506,0.745553,-0.505809,1.12266
Ivrea,Vercelli,48,49,0.20017,-0.496984,0.299651
Ivrea,Turin,48,449,0.294592,-0.497089,0.44103
Vercelli,Alessandria,49,50,0.152799,-0.491753,0.227938
Alessandria,Genoa,50,51,0.175523,-0.485829,0.260797
Alessandria,Turin,50,449,0.196829,-0.493777,0.294019
Alessandria,Tortona,50,450,0.125888,-0.486206,0.187096
Alessandria,Asti,50,686,0.167032,-0.488876,0.24869
Genoa,Rome,51,74,0.305572,-0.475163,0.450768
Genoa,Tortona,51,450,0.184546,-0.480165,0.273159
Genoa,Nice,51,467,0.302552,-0.490196,0.450861
Amsterdam,Utrecht,52,53,1.39606,-0.520197,2.12229
Amsterdam,Amersfoort,52,309,0.809612,-0.519408,1.23013
Amsterdam,Brussels,52,326,3.38869,-0.518222,5.14478
Amsterdam,Groningen,52,624,1.4629,-0.520561,2.22442
Utrecht,Arnhem,53,54,1.07138,-0.521563,1.63017
Utrecht,Gouda,53,308,0.864275,-0.521134,1.31468
Utrecht,Amersfoort,53,309,0.806487,-0.521348,1.22695
Utrecht,Gorinchem,53,707,1.0225,-0.52097,1.5552
Arnhem,Emmerich,54,55,0.981789,-0.522371,1.49465
Emmerich,Oberhausen,55,56,1.91791,-0.522601,2.92022
Oberhausen,Cologne,56,57,3.31008,-0.522727,5.04035
Oberhausen,Dortmund,56,508,2.32306,-0.52263,3.53716
Oberhausen,Venlo,56,643,2.16623,-0.521761,3.29649
Cologne,Frankfurt am Main,57,58,3.87271,-0.522886,5.89769
Cologne,Aachen,57,329,3.39121,-0.522804,5.16415
Cologne,Olpe,57,330,2.3951,-0.52313,3.64805
Cologne,Bremen,57,507,3.49876,-0.522656,5.3274
Frankfurt am Main,Heidelberg,58,59,3.47606,-0.52285,5.29351
Frankfurt am Main,Gießen,58,332,2.47734,-0.523248,3.77361
Frankfurt am Main,Mannheim,58,369,3.99579,-0.522687,6.08433
Frankfurt am Main,Aschaffenburg,58,509,2.88423,-0.522541,4.39136
Frankfurt am Main,Wiesbaden,58,656,2.84548,-0.523164,4.33413
Heidelberg,Karlsruhe,59,60,2.91114,-0.52203,4.43085
Karlsruhe,Offenburg,60,61,2.45638,-0.520255,3.73433
Karlsruhe,Stuttgart,60,510,3.43245,-0.520423,5.21878
Karlsruhe,Appenweier,60,664,2.63157,-0.520656,4.00171
Lucerne,Altdorf,62,63,0.78616,-0.517366,1.19289
Altdorf,Gotthard Pass,63,64,0.551772,-0.517687,0.837417
Altdorf,Zürich,63,399,1.03749,-0.517753,1.57466
Gotthard Pass,Bellinzona,64,65,0.275143,-0.517118,0.417425
Bellinzona,Lugano,65,66,0.13402,-0.513664,0.202862
Bellinzona,San Bernardino,65,516,0.153024,-0.516105,0.232
Lugano,Chiasso,66,67,0.0756053,-0.502522,0.113599
Chiasso,Como,67,68,0.0931772,-0.488004,0.138648
Como,Milan,68,69,0.201691,-0.483779,0.299264
Milan,Piacenza,69,70,0.226788,-0.480537,0.335767
Milan,Turin,69,449,0.29731,-0.491128,0.443328
Milan,Tortona,69,450,0.163443,-0.482815,0.242356
Milan,Brescia,69,451,0.199016,-0.477362,0.294018
Milan,Gravellona Toce,69,680,0.226115,-0.485657,0.33593
Piacenza,Parma,70,71,0.157818,-0.47358,0.232557
Parma,Modena,71,72,0.238327,-0.468708,0.350032
Modena,Florence,72,73,0.266714,-0.467163,0.391313
Modena,Verona,72,94,0.320499,-0.470781,0.471383
Modena,Bologna,72,95,0.258954,-0.465884,0.379597
Florence,Rome,73,74,0.24038,-0.46827,0.352942
Rome,Pescara,74,125,0.232994,-0.467138,0.341834
Östersund,Mora,75,76,0.0109514,-0.344385,0.0147229
Östersund,Trondheim,75,493,0.013046,-0.344292,0.0175377
Östersund,Sundsvall,75,610,0.013585,-0.344185,0.0182608
Mora,Säffle,76,77,0.00804133,-0.34481,0.0108141
Säffle,Gothenburg,77,78,0.0106767,-0.345226,0.0143626
Gothenburg,Halmstad,78,300,0.0102437,-0.345413,0.0137821
Gothenburg,Örebro,78,301,0.011047,-0.345354,0.0148621
Gothenburg,Oslo,78,489,0.00940015,-0.345407,0.012647
Hamburg,Hanover,79,80,2.12235,-0.521758,3.22971
Hamburg,Berlin,79,108,2.28887,-0.521222,3.48189
Hamburg,Bremen,79,507,2.67587,-0.522251,4.07335
Hamburg,Lübeck,79,517,1.20996,-0.521669,1.84116
Hanover,Göttingen,80,81,1.48936,-0.522509,2.26756
Hanover,Bad Oeynhausen,80,312,1.70945,-0.522503,2.60265
Hanover,Braunschweig,80,313,1.55806,-0.521488,2.37058
Göttingen,Kassel,81,82,1.35622,-0.522848,2.06531
Kassel,Fulda,82,83,1.83503,-0.522732,2.79426
Kassel,Dortmund,82,508,2.12849,-0.522937,3.24156
Fulda,Würzburg,83,84,2.65371,-0.522257,4.03962
Würzburg,Nuremberg,84,85,3.90826,-0.520777,5.94359
Würzburg,Aschaffenburg,84,509,3.4975,-0.522332,5.32435
Würzburg,Stuttgart,84,510,2.77765,-0.521702,4.22675
Würzburg,Ulm,84,512,1.77063,-0.520269,2.69183
Nuremberg,Munich,85,86,3.18762,-0.517227,4.83634
Nuremberg,Heilbronn,85,370,3.51244,-0.520784,5.34166
Nuremberg,Rozvadov,85,371,2.69053,-0.51834,4.08513
Nuremberg,Bayreuth,85,529,3.62479,-0.518883,5.50564
Nuremberg,Regensburg,85,667,2.56082,-0.518468,3.88852
Munich,Rosenheim,86,87,2.21473,-0.51468,3.35461
Munich,Salzburg,86,115,2.6124,-0.513899,3.95491
Munich,Ulm,86,512,2.29117,-0.517269,3.47632
Munich,Lindau,86,513,2.4658,-0.515675,3.73735
Munich,Deggendorf,86,531,2.46907,-0.516053,3.74324
Munich,Garmisch-Partenkirchen,86,718,2.1593,-0.515526,3.27247
Munich,Braunau am Inn,86,721,1.91538,-0.514794,2.90141
Rosenheim,Wörgl,87,88,1.46106,-0.514591,2.21291
Rosenheim,Bad Reichenhall,87,407,1.15908,-0.513852,1.75467
Wörgl,Innsbruck,88,89,1.36912,-0.513741,2.0725
Wörgl,St. Johann in Tirol,88,732,1.0308,-0.513772,1.5604
Innsbruck,Brenner,89,90,0.783816,-0.51237,1.18542
Innsbruck,Telfs,89,405,0.69703,-0.513646,1.05506
Innsbruck,Imst,89,406,0.712642,-0.513693,1.07872
Innsbruck,Seefeld,89,720,0.821268,-0.513569,1.24305
Brenner,Fortezza,90,91,0.460524,-0.50912,0.694987
Fortezza,Bolzano,91,92,0.285041,-0.501988,0.428127
Fortezza,Innichen,91,681,0.393933,-0.505988,0.593259
Bolzano,Trento,92,93,0.191603,-0.487438,0.284997
Trento,Verona,93,94,0.284954,-0.474909,0.420282
Verona,Mestre,94,120,0.395525,-0.472081,0.582246
Verona,Brescia,94,451,0.296942,-0.473135,0.437436
Bologna,Cesena,95,96,0.216946,-0.463524,0.317506
Cesena,Perugia,96,97,0.149423,-0.462041,0.218463
Cesena,Ravenna,96,121,0.231243,-0.466231,0.339056
Cesena,Rimini,96,122,0.154503,-0.461906,0.225869
Perugia,Fiano Romano,97,98,0.0608682,-0.46024,0.0888821
Fiano Romano,Naples,98,99,0.0283409,-0.458234,0.0413276
Naples,Salerno,99,100,0.00745363,-0.456403,0.0108555
Naples,Avellino,99,741,0.0110566,-0.456188,0.0161005
Salerno,Sicignano degli Alburni,100,101,0.00422555,-0.453211,0.00614062
Salerno,Avellino,100,741,0.00554319,-0.454412,0.00806208
Sicignano degli Alburni,Potenza,101,743,0.00220819,-0.451202,0.00320453
Messina,Catania,102,103,6.60189e-05,-0.486092,6.60189e-05
Messina,Palermo,102,474,6.60189e-05,-0.486092,6.60189e-05
Catania,Siracusa,103,104,6.60189e-05,-0.486092,6.60189e-05
Siracusa,Gela,104,105,6.60189e-05,-0.486092,6.60189e-05
Gela,Mazara del Vallo,105,473,6.60189e-05,-0.486092,6.60189e-05
Helsingborg,Copenhagen,299,106,0.00228262,-0.345518,0.00307131
Copenhagen,Malmö,106,135,0.00116782,-0.345485,0.00157128
Rostock,Berlin,107,108,1.7056,-0.520681,2.59367
Rostock,Lübeck,107,517,0.86082,-0.521163,1.30945
Rostock,Sassnitz,107,625,0.721147,-0.520769,1.0967
Berlin,Lübbenau,108,109,2.54457,-0.52019,3.86823
Berlin,Szczecin,108,137,2.02175,-0.520697,3.07446
Berlin,Świebodzin,108,139,2.42884,-0.521145,3.69461
Berlin,Magdeburg,108,314,2.55764,-0.520569,3.88907
Berlin,Leipzig,108,526,2.24654,-0.520146,3.41507
Berlin,Neubrandenburg,108,700,1.57272,-0.520665,2.39157
Lübbenau,Dresden,109,110,1.86294,-0.519566,2.83085
Lübbenau,Cottbus,109,644,1.38814,-0.519984,2.10996
Dresden,Ústí nad Labem,110,111,1.87048,-0.517556,2.83856
Dresden,Chemnitz,110,337,2.11698,-0.519071,3.21585
Dresden,Görlitz,110,338,1.36128,-0.519268,2.06815
Ústí nad Labem,Prague,111,112,2.07129,-0.515205,3.13842
Prague,Tábor,112,113,1.96434,-0.512587,2.97123
Prague,Mladá Boleslav,112,146,1.16348,-0.514475,1.76206
Prague,Jihlava,112,147,1.97695,-0.511996,2.98914
Prague,Plzeň,112,372,2.24399,-0.513946,3.39728
Prague,Karlovy Vary,112,523,1.39269,-0.514778,2.10961
Prague,Hradec Králové,112,551,1.50262,-0.513942,2.27487
Tábor,Linz,113,114,1.72395,-0.512067,2.60672
Linz,Salzburg,114,115,1.80621,-0.511793,2.73061
Linz,Sattledt,114,408,0.730592,-0.511075,1.10398
Linz,Sankt Pölten,114,409,1.69649,-0.510279,2.56217
Linz,Wels,114,669,1.30356,-0.512139,1.97116
Salzburg,Villach,115,116,2.60748,-0.508816,3.9342
Salzburg,Bad Reichenhall,115,407,1.38938,-0.512268,2.10112
Salzburg,Sattledt,115,408,1.43694,-0.509747,2.16942
Salzburg,Lofer,115,733,1.66365,-0.512591,2.51643
Villach,Tarvisio,116,117,1.29572,-0.50022,1.94386
Villach,Karavanke Tunnel,116,537,1.1028,-0.50327,1.65781
Villach,Spittal an der Drau,116,682,1.28716,-0.505523,1.93785
Villach,Klagenfurt,116,683,1.35709,-0.504118,2.04122
Tarvisio,Udine,117,118,0.597033,-0.49768,0.894165
Udine,Palmanova,118,119,0.492614,-0.490816,0.734397
Palmanova,Mestre,119,120,0.50668,-0.481229,0.75051
Palmanova,Trieste,119,452,0.554655,-0.487306,0.824941
Mestre,Ravenna,120,121,0.302054,-0.472015,0.444629
Rimini,Fano,122,123,0.0756801,-0.46011,0.110501
Fano,Ancona,123,124,0.0664994,-0.46018,0.097101
Ancona,Pescara,124,125,0.118522,-0.462567,0.173346
Pescara,Canosa di Puglia,125,126,0.128035,-0.462333,0.18723
Canosa di Puglia,Bari,126,127,0.0404554,-0.45885,0.0590184
Canosa di Puglia,Benevento,126,742,0.0416842,-0.459139,0.0608231
Bari,Brindisi,127,128,0.0107695,-0.456956,0.0156908
Bari,Taranto,127,476,0.0102015,-0.456809,0.0148616
Brindisi,Taranto,128,476,0.00246407,-0.453709,0.00358204
Igoumenitsa,Preveza,129,130,0.00483726,-0.415474,0.00684701
Igoumenitsa,Ioannina,129,477,0.0112984,-0.417237,0.0160125
Preveza,Rhion,130,131,0.00239562,-0.413214,0.00338553
Rhion,Patras,131,132,0.000851444,-0.410302,0.00120079
Rhion,Aigio,131,175,0.000851444,-0.410302,0.00120079
Patras,Pyrgos,132,133,0.000363911,-0.408107,0.000512425
Pyrgos,Kalamata,133,134,0.000173406,-0.405473,0.000243718
Kalamata,Tripoli,134,177,0.000123525,-0.403814,0.000173406
Malmö,Helsingborg,135,299,0.00314202,-0.345508,0.00422761
Malmö,Kalmar,135,626,0.00298861,-0.345449,0.00402103
Goleniów,Szczecin,136,137,0.861861,-0.520941,1.31084
Goleniów,Koszalin,136,637,0.373456,-0.521791,0.568322
Szczecin,Gorzów Wielkopolski,137,138,0.919658,-0.521116,1.39891
Gorzów Wielkopolski,Świebodzin,138,139,1.10957,-0.521677,1.6884
Świebodzin,Zielona Góra,139,140,1.46718,-0.521574,2.23242
Świebodzin,Poznań,139,315,2.34503,-0.522769,3.57095
Zielona Góra,Legnica,140,141,1.47199,-0.521669,2.23988
Legnica,Jelenia Góra,141,142,1.30754,-0.520441,1.98804
Legnica,Görlitz,141,338,1.44757,-0.520138,2.2005
Legnica,Wrocław,141,339,2.20621,-0.520267,3.35402
Legnica,Cottbus,141,644,1.44941,-0.520184,2.20338
Jelenia Góra,Harrachov,142,143,0.561485,-0.519862,0.853379
Harrachov,Železný Brod,143,144,0.399216,-0.517863,0.605955
Železný Brod,Turnov,144,145,0.650426,-0.515989,0.986038
Turnov,Mladá Boleslav,145,146,0.686113,-0.514929,1.03941
Turnov,Hradec Králové,145,551,0.968056,-0.514837,1.46645
Turnov,Teplice,145,715,0.841127,-0.515753,1.27494
Jihlava,Brno,147,148,0.989224,-0.510236,1.49396
Jihlava,Vienna,147,410,1.59097,-0.510123,2.40256
Brno,Bratislava,148,149,1.36986,-0.507293,2.06478
Brno,Trenčín,148,373,1.37144,-0.509231,2.06982
Brno,Vienna,148,410,1.56365,-0.507905,2.35783
Brno,Olomouc,148,716,1.39791,-0.511096,2.11237
Bratislava,Rajka,149,150,1.45591,-0.505938,2.1925
Bratislava,Žilina,149,195,1.57857,-0.509677,2.38313
Bratislava,Győr,149,196,1.44006,-0.502034,2.16302
Bratislava,Vienna,149,410,2.00374,-0.503651,3.01293
Bratislava,Zvolen,149,568,2.04861,-0.505306,3.08378
Bratislava,Dunajská Streda,149,724,1.25096,-0.505975,1.88392
Rajka,Csorna,150,151,0.57599,-0.505777,0.867312
Csorna,Szombathely,151,152,0.278718,-0.503196,0.418968
Szombathely,Zalaegerszeg,152,153,0.261947,-0.496911,0.392111
Zalaegerszeg,Nagykanizsa,153,154,0.505503,-0.493429,0.754933
Nagykanizsa,Letenye,154,155,0.313119,-0.492723,0.4674
Nagykanizsa,Zagreb,154,156,0.674263,-0.491588,1.00572
Nagykanizsa,Balatonvilágos,154,553,1.00295,-0.493289,1.4977
Letenye,Zagreb,155,156,0.361144,-0.490605,0.538323
Zagreb,Karlovac,156,157,0.528219,-0.489978,0.787036
Zagreb,Ljubljana,156,454,0.517629,-0.491924,0.772263
Zagreb,Slavonski Brod,156,455,0.560162,-0.484468,0.831543
Zagreb,Maribor,156,535,0.636546,-0.494847,0.951539
Karlovac,Rijeka,157,158,0.231334,-0.488877,0.344428
Karlovac,Knin,157,554,0.185803,-0.488848,0.276633
Rijeka,Split,158,159,0.154362,-0.487432,0.229603
Rijeka,Trieste,158,452,0.396233,-0.488906,0.589954
Split,Dubrovnik,159,160,0.106772,-0.482155,0.158252
Split,Knin,159,554,0.108831,-0.486777,0.161808
Dubrovnik,Petrovac,160,161,0.0335092,-0.476634,0.0494809
Dubrovnik,Podgorica,160,162,0.0712826,-0.470599,0.104828
Petrovac,Podgorica,161,162,0.0453614,-0.465113,0.0664596
Petrovac,Prizren,161,744,0.041671,-0.465479,0.0610679
Podgorica,Bijelo Polje,162,163,0.0699086,-0.465693,0.102465
Podgorica,Pristina,162,164,0.0959059,-0.464487,0.140453
Podgorica,Sarajevo,162,737,0.120617,-0.466158,0.176844
Bijelo Polje,Pristina,163,164,0.0964872,-0.464323,0.141288
Bijelo Polje,Nova Varoš,163,740,0.106925,-0.466853,0.156844
Pristina,Skopje,164,165,0.126848,-0.461335,0.185368
Pristina,Niš,164,202,0.258887,-0.466288,0.379603
Pristina,Prizren,164,744,0.0790609,-0.4638,0.115729
Skopje,Kičevo,165,166,0.0843978,-0.457803,0.123035
Skopje,Kumanovo,165,203,0.124241,-0.461071,0.181525
Skopje,Veles,165,204,0.0880856,-0.456183,0.128269
Kičevo,Ohrid,166,167,0.0342845,-0.455383,0.049897
Ohrid,Bitola,167,168,0.0153963,-0.449518,0.0223172
Bitola,Niki,168,169,0.01035,-0.435414,0.0148565
Niki,Vevi,169,170,0.0143168,-0.422968,0.0203723
Vevi,Kozani,170,171,0.0303946,-0.420258,0.0431682
Kozani,Larissa,171,172,0.0205288,-0.419893,0.0291487
Kozani,Thessaloniki,171,207,0.0681739,-0.422148,0.0969534
Kozani,Ioannina,171,477,0.024942,-0.419564,0.0354068
Larissa,Domokos,172,173,0.00905376,-0.418921,0.0128466
Larissa,Lamia,172,174,0.00905376,-0.418921,0.0128466
Larissa,Katerini,172,208,0.0262753,-0.420712,0.0373297
Larissa,Trikala,172,687,0.0128359,-0.418343,0.0182057
Domokos,Lamia,173,174,6.60189e-05,-0.486092,3.30095e-05
Aigio,Corinth,175,176,0.000363911,-0.408107,0.000512425
Corinth,Tripoli,176,177,0.000173406,-0.405473,0.000243718
Varangerbotn,Utsjoki,178,179,0.0614885,-0.503279,0.0924345
Varangerbotn,Kirkenes,178,243,0.177984,-0.519532,0.270453
Varangerbotn,Karasjok,178,502,0.0614486,-0.503342,0.0923782
Utsjoki,Inari,179,180,0.0238423,-0.49971,0.0357565
Inari,Ivalo,180,181,0.0100245,-0.490373,0.0149403
Ivalo,Sodankylä,181,182,0.00603829,-0.465062,0.00884647
Sodankylä,Rovaniemi,182,183,0.00499407,-0.427555,0.00712931
Sodankylä,Kemijärvi,182,539,0.00348939,-0.439727,0.00502377
Rovaniemi,Kemi,183,184,0.00624214,-0.4115,0.00881078
Kemi,Oulu,184,185,0.00978933,-0.42261,0.0139264
Kemi,Tornio,184,614,0.00603084,-0.399143,0.008438
Oulu,Jyväskylä,185,186,0.0113383,-0.450089,0.0164415
Oulu,Kokkola,185,615,0.00837863,-0.436534,0.0120362
Jyväskylä,Heinola,186,187,0.0185526,-0.481029,0.027477
Jyväskylä,Kuopio,186,544,0.0117223,-0.460983,0.0171261
Jyväskylä,Tampere,186,545,0.0174463,-0.474583,0.025726
Heinola,Lahti,187,188,0.0254242,-0.504313,0.038246
Lahti,Helsinki,188,189,0.0579393,-0.514606,0.0877552
Helsinki,Hämeenlinna,189,618,0.0583933,-0.514471,0.088435
Helsinki,Kotka,189,621,0.175667,-0.522018,0.267368
Gdańsk,Świecie,190,191,1.85775,-0.52635,2.83558
Gdańsk,Kaliningrad,190,563,1.45836,-0.528468,2.22906
Gdańsk,Elbląg,190,564,1.59581,-0.526385,2.43582
Gdańsk,Gdynia,190,639,1.14331,-0.527154,1.74601
Świecie,Łódź,191,192,1.30106,-0.524929,1.98403
Świecie,Poznań,191,315,1.73538,-0.524916,2.64631
Łódź,Piotrków Trybunalski,192,193,1.48927,-0.524574,2.2705
Piotrków Trybunalski,Katowice,193,194,1.74211,-0.52267,2.65266
Piotrków Trybunalski,Warsaw,193,316,2.59034,-0.525594,3.9518
Piotrków Trybunalski,Wrocław,193,339,1.76166,-0.523024,2.68305
Katowice,Žilina,194,195,1.38264,-0.51728,2.09785
Katowice,Zabrze,194,342,1.24239,-0.520605,1.88918
Katowice,Kraków,194,343,1.90944,-0.520701,2.90369
Katowice,Český Těšín,194,717,0.979803,-0.519427,1.48874
Žilina,Olomouc,195,716,0.809387,-0.513001,1.2246
Győr,Budapest,196,197,1.96737,-0.499345,2.94977
Győr,Vámosszabadi,196,726,0.909426,-0.502053,1.36601
Budapest,Szeged,197,198,1.92305,-0.49072,2.86674
Budapest,Mosonmagyaróvár,197,412,2.07126,-0.497193,3.10108
Budapest,Szolnok,197,413,1.93797,-0.492666,2.89275
Budapest,Miskolc,197,552,2.04093,-0.495812,3.05285
Budapest,Balatonvilágos,197,553,1.74748,-0.493698,2.61021
Budapest,Szekszárd,197,555,1.59307,-0.493337,2.37899
Budapest,Zvolen,197,568,1.92854,-0.499466,2.89179
Szeged,Subotica,198,199,1.09412,-0.483121,1.62271
Szeged,Arad,198,684,1.31563,-0.483857,1.95221
Subotica,Novi Sad,199,200,0.612647,-0.480578,0.907072
Subotica,Sombor,199,735,0.577106,-0.483263,0.856
Novi Sad,Belgrade,200,201,0.569804,-0.477268,0.841754
Belgrade,Niš,201,202,0.458172,-0.472588,0.674699
Belgrade,Slavonski Brod,201,455,0.513315,-0.479788,0.759597
Belgrade,Vršac,201,456,0.454712,-0.475225,0.670803
Belgrade,Čačak,201,739,0.396245,-0.473242,0.583765
Niš,Kumanovo,202,203,0.186736,-0.467435,0.274023
Niš,Drobeta-Turnu Severin,202,458,0.441267,-0.472478,0.649756
Niš,Sofia,202,468,0.299654,-0.458792,0.437133
Kumanovo,Kyustendil,203,745,0.112241,-0.459238,0.163787
Veles,Gevgelija,204,205,0.0447514,-0.447125,0.0647609
Gevgelija,Evzoni,205,206,0.0414361,-0.431816,0.0593289
Evzoni,Thessaloniki,206,207,0.0739064,-0.424518,0.105281
Thessaloniki,Katerini,207,208,0.0495956,-0.422835,0.0705664
Thessaloniki,Alexandroupoli,207,233,0.102287,-0.420649,0.145314
Thessaloniki,Serres,207,577,0.0918985,-0.429552,0.131374
Klaipėda,Kaunas,209,210,2.20292,-0.530353,3.37125
Klaipėda,Palanga,209,704,1.29763,-0.531083,1.98679
Kaunas,Vilnius,210,211,2.44054,-0.530053,3.73415
Kaunas,Warsaw,210,316,4.62847,-0.528438,7.07432
Kaunas,Riga,210,547,3.20578,-0.529267,4.90249
Kaunas,Ukmergė,210,701,2.05267,-0.53004,3.14066
Vilnius,Lida,211,212,2.28659,-0.530242,3.49903
Vilnius,Minsk,211,318,4.58234,-0.52833,7.00333
Vilnius,Marijampolė,211,641,2.40376,-0.530484,3.67892
Vilnius,Ukmergė,211,701,2.40543,-0.530359,3.68117
Lida,Slonim,212,213,0.893281,-0.530188,1.36689
Slonim,Kobryn,213,214,0.44719,-0.527033,0.682874
Kobryn,Dubno,214,215,0.472467,-0.519844,0.718077
Dubno,Ternopil,215,216,0.988963,-0.516109,1.49938
Ternopil,Chernivtsi,216,217,1.09573,-0.514004,1.65894
Ternopil,Stryj,216,379,1.54528,-0.512575,2.33735
Ternopil,Khmelnytskyi,216,380,1.4226,-0.517718,2.1591
Chernivtsi,Siret,217,218,0.791594,-0.509662,1.19504
Siret,Suceava,218,219,1.29435,-0.505882,1.94914
Suceava,Roman,219,220,1.25642,-0.50426,1.88998
Suceava,Halmeu,219,578,1.92367,-0.502793,2.89087
Suceava,Iaşi,219,670,1.73892,-0.507344,2.62115
Roman,Urziceni,220,221,0.673285,-0.501652,1.01104
Urziceni,Bucharest,221,222,0.436715,-0.49429,0.652579
Urziceni,Slobozia,221,421,0.375134,-0.499854,0.562646
Bucharest,Giurgiu,222,223,0.207075,-0.485356,0.307581
Bucharest,Ploieşti,222,420,0.189111,-0.486617,0.281136
Bucharest,Constanţa,222,423,0.289318,-0.490342,0.431183
Bucharest,Alexandria,222,460,0.212842,-0.482859,0.315614
Bucharest,Piteşti,222,583,0.233224,-0.483928,0.346088
Giurgiu,Ruse,223,224,0.103861,-0.4815,0.15387
Ruse,Byala,224,225,0.0510901,-0.474575,0.0753362
Ruse,Razgrad,224,461,0.0479763,-0.476082,0.070817
Byala,Veliko Tarnovo,225,226,0.0385384,-0.469784,0.0566431
Byala,Pleven,225,584,0.0367646,-0.464174,0.0538299
Veliko Tarnovo,Stara Zagora,226,227,0.0430199,-0.469405,0.0632137
Veliko Tarnovo,Shumen,226,462,0.0432145,-0.474475,0.0637188
Stara Zagora,Haskovo,227,228,0.0254977,-0.467143,0.0374088
Stara Zagora,Burgas,227,590,0.0393705,-0.474575,0.0580548
Haskovo,Svilengrad,228,229,0.0113914,-0.458196,0.0166109
Svilengrad,Ormenio,229,230,0.00772402,-0.438416,0.0111104
Ormenio,Kastanies,230,231,0.0108293,-0.421704,0.0153961
Kastanies,Didymoteicho,231,232,0.0230682,-0.417744,0.0327048
Didymoteicho,Alexandroupoli,232,233,0.0545802,-0.418071,0.0773986
Alexandroupoli,Gelibolu,233,478,0.0680161,-0.417456,0.0964098
Saint Petersburg,Pskov,234,235,4.39798,-0.524509,6.70476
Saint Petersburg,Moscow,234,239,7.96555,-0.51851,12.0958
Saint Petersburg,Petrozavodsk,234,245,2.76415,-0.521806,4.2065
Saint Petersburg,Narva,234,304,3.30926,-0.523536,5.04178
Saint Petersburg,Vyborg,234,623,2.76412,-0.521808,4.20646
Pskov,Gomel,235,236,5.89573,-0.526977,9.00265
Pskov,Riga,235,547,4.26885,-0.527486,6.5206
Gomel,Kiev,236,237,8.00878,-0.523698,12.203
Gomel,Babruysk,236,703,4.92882,-0.526932,7.52597
Kiev,Odessa,237,238,5.60091,-0.518663,8.5059
Kiev,Hlukhiv,237,242,6.85724,-0.518092,10.4099
Kiev,Kharkiv,237,247,6.60173,-0.5166,10.0122
Kiev,Rivne,237,348,5.01151,-0.520229,7.61864
Kiev,Zhytomyr,237,349,3.99047,-0.520335,6.06685
Odessa,Izmail,238,586,1.84616,-0.518277,2.80298
Odessa,Chişinău,238,672,2.18214,-0.51794,3.31236
Odessa,Mykolaiv,238,673,2.16051,-0.518697,3.28117
Moscow,Kaluga,239,240,5.54871,-0.516055,8.41215
Moscow,Orel,239,246,5.80488,-0.511069,8.77158
Moscow,Voronezh,239,248,5.9228,-0.510268,8.94501
Moscow,Tambov,239,256,5.09615,-0.50919,7.69105
Moscow,Smolensk,239,319,6.21439,-0.520712,9.4503
Moscow,Ryazan,239,320,4.39128,-0.510699,6.6339
Moscow,Velikiye Luki,239,628,5.37359,-0.517532,8.15459
Moscow,Vladimir,239,629,4.45624,-0.507472,6.71766
Kaluga,Bryansk,240,241,3.09102,-0.517726,4.69133
Bryansk,Hlukhiv,241,242,3.83394,-0.518527,5.82195
Hlukhiv,Kursk,242,645,4.05509,-0.517477,6.15351
Kirkenes,Murmansk,243,244,0.39962,-0.522657,0.608484
Murmansk,Petrozavodsk,244,245,1.03898,-0.522531,1.58189
Orel,Kharkiv,246,247,4.41104,-0.513432,6.67581
Kharkiv,Luhansk,247,350,3.57628,-0.515301,5.41915
Voronezh,Novorossiysk,248,249,3.67375,-0.504911,5.52867
Voronezh,Kursk,248,645,3.82787,-0.51422,5.79624
Voronezh,Saratov,248,646,2.98245,-0.505049,4.48873
Novorossiysk,Dzhankoy,249,601,1.50678,-0.507547,2.27154
Novorossiysk,Sochi,249,602,1.46018,-0.507224,2.20081
Mineralnye Vody,Nalchik,250,251,0.182498,-0.502552,0.274212
Mineralnye Vody,Makhachkala,250,260,0.407456,-0.501472,0.611783
Mineralnye Vody,Armavir,250,387,0.219365,-0.505056,0.330156
Nalchik,Vladikavkaz,251,252,0.0697119,-0.502376,0.104733
Vladikavkaz,Stepantsminda,252,253,0.0269693,-0.502157,0.0405121
Stepantsminda,Mtskheta,253,254,0.0113123,-0.501842,0.0169892
Mtskheta,Tbilisi,254,255,0.00700917,-0.501515,0.0105244
Tbilisi,Gori,255,428,0.00455128,-0.502854,0.00683992
Tbilisi,Rustavi,255,429,0.00654888,-0.500916,0.00982931
Tambov,Povorino,256,257,2.32887,-0.50978,3.51608
Povorino,Volgograd,257,258,1.93601,-0.510199,2.92375
Volgograd,Astrakhan,258,259,2.00561,-0.506211,3.02087
Volgograd,Luhansk,258,350,2.30435,-0.512823,3.48607
Astrakhan,Makhachkala,259,260,1.25033,-0.501055,1.87682
Astrakhan,Atyrau,259,265,1.56632,-0.49473,2.34122
Makhachkala,Kuba,260,261,0.400739,-0.50109,0.601546
Kuba,Baku,261,262,0.153004,-0.500939,0.22965
Baku,Yevlakh,262,431,0.0585602,-0.500774,0.0878856
Samara,Oral,263,264,1.16696,-0.478507,1.72536
Samara,Penza,263,321,1.19763,-0.493832,1.78906
Samara,Ufa,263,322,0.820341,-0.473664,1.20891
Oral,Atyrau,264,265,1.20967,-0.474986,1.78425
Oral,Saratov,264,646,1.8434,-0.494644,2.75523
Oral,Aktobe,264,647,0.835977,-0.478085,1.23565
Atyrau,Beineu,265,266,0.601717,-0.483795,0.892824
Atyrau,Beyneu,265,351,0.601717,-0.483795,0.892824
Beineu,Shetpe,266,267,0.233578,-0.482508,0.346282
Shetpe,Zhetybai,267,268,0.0908464,-0.481159,0.134558
Zhetybai,Fetisovo,268,269,0.0355376,-0.479601,0.0525815
Fetisovo,Bekdash,269,270,0.0143166,-0.476892,0.0211441
Bekdash,Türkmenbaşy,270,271,0.00675058,-0.46955,0.00992031
Türkmenbaşy,Gyzylarbat,271,272,0.005524,-0.456027,0.00804309
Gyzylarbat,Ashgabat,272,432,0.00933559,-0.450295,0.0135394
Chelyabinsk,Kostanay,273,274,0.167934,-0.468039,0.246534
Chelyabinsk,Ufa,273,322,0.365813,-0.471959,0.538462
Chelyabinsk,Kurgan,273,323,0.183522,-0.466421,0.269121
Kostanay,Esil,274,275,0.0708667,-0.463428,0.103708
Esil,Derzhavinsk,275,276,0.0394822,-0.448186,0.0571776
Derzhavinsk,Arkalyk,276,277,0.0434885,-0.425618,0.0619979
Arkalyk,Jezkazgan,277,278,0.0845136,-0.415824,0.119656
Jezkazgan,Kyzylorda,278,279,0.126633,-0.411205,0.178705
Jezkazgan,Karaganda,278,286,0.124847,-0.41631,0.176822
Kyzylorda,Shymkent,279,280,0.117247,-0.411335,0.165475
Kyzylorda,Novokazalinsk,279,650,0.0974094,-0.422841,0.138598
Shymkent,Tashkent,280,281,0.085517,-0.405715,0.120213
Shymkent,Zhambyl,280,359,0.069619,-0.405997,0.0978841
Tashkent,Ayni,281,282,0.0299939,-0.40671,0.0421928
Tashkent,Jizzakh,281,358,0.0385805,-0.406843,0.0542767
Tashkent,Kokand,281,689,0.0315694,-0.404346,0.0443344
Ayni,Dushanbe,282,283,0.0222538,-0.400786,0.0311728
Ayni,Kokand,282,689,0.0111409,-0.400036,0.0155977
Dushanbe,Termez,283,440,0.0118319,-0.397899,0.0165398
Dushanbe,Jirgatal,283,441,0.0120792,-0.397286,0.0168781
Dushanbe,Kulob,283,692,0.00884402,-0.397556,0.01236
Ishim,Astana,284,285,0.0691043,-0.440766,0.0995631
Ishim,Omsk,284,291,0.0691043,-0.440766,0.0995631
Ishim,Kurgan,284,323,0.121236,-0.457687,0.176723
Ishim,Tyumen,284,635,0.0804057,-0.454275,0.116932
Astana,Karaganda,285,286,0.0675454,-0.426481,0.0963523
Karaganda,Balkhash,286,287,0.0717116,-0.415638,0.101518
Karaganda,Pavlodar,286,292,0.078424,-0.42269,0.111573
Balkhash,Burubaytal,287,288,0.0413305,-0.411641,0.0583439
Burubaytal,Almaty,288,289,0.0449762,-0.406049,0.0632387
Almaty,Bishkek,289,290,0.0665592,-0.402722,0.0933641
Almaty,Sary-Ozek,289,360,0.0322612,-0.403265,0.045271
Almaty,Kokpek,289,695,0.0264971,-0.403363,0.0371851
Bishkek,Zhambyl,290,359,0.0599953,-0.403376,0.084196
Bishkek,Osh,290,691,0.0590971,-0.401464,0.0828224
Omsk,Pavlodar,291,292,0.0506418,-0.431859,0.0725119
Pavlodar,Semey,292,293,0.0408944,-0.425569,0.0582979
Semey,Georgiyevka,293,294,0.0169204,-0.424897,0.0241099
Georgiyevka,Ayagoz,294,364,0.00732527,-0.42329,0.010426
Narvik,Kiruna,295,296,0.00113982,-0.371175,0.00156289
Narvik,Setermoen,295,498,0.000924338,-0.428312,0.00132024
Kiruna,Töre,296,297,0.00220145,-0.351068,0.0029743
Töre,Luleå,297,298,0.00480879,-0.347956,0.00648204
Luleå,Umeå,298,612,0.00829666,-0.345927,0.0111667
Luleå,Haparanda,298,613,0.00544288,-0.353082,0.00736467
Helsingborg,Halmstad,299,300,0.00688035,-0.345482,0.00925739
Helsingborg,Jönköping,299,605,0.00423707,-0.345513,0.00570103
Örebro,Stockholm,301,302,0.0132188,-0.345293,0.0177832
Örebro,Karlstad,301,620,0.00790208,-0.345386,0.0106314
Stockholm,Södertälje,302,608,0.00975585,-0.34513,0.0131229
Stockholm,Uppsala,302,609,0.0115165,-0.344831,0.0154878
Tallinn,Narva,303,304,1.99942,-0.525874,3.05086
Tallinn,Riga,303,547,2.79246,-0.527262,4.26481
Colchester,Ipswich,305,306,6.60189e-05,-0.486092,6.60189e-05
Ipswich,Cambridge,306,636,6.60189e-05,-0.486092,6.60189e-05
The Hague,Gouda,307,308,0.392216,-0.521135,0.596614
Amersfoort,Oldenzaal,309,310,0.669583,-0.521383,1.01869
Amersfoort,Hoogeveen,309,698,0.624683,-0.521259,0.950304
Oldenzaal,Osnabrück,310,311,0.582203,-0.522391,0.88634
Osnabrück,Bad Oeynhausen,311,312,1.1031,-0.522814,1.67981
Bad Oeynhausen,Dortmund,312,508,1.90513,-0.522985,2.90148
Braunschweig,Magdeburg,313,314,1.43697,-0.521075,2.18574
Magdeburg,Halle,314,518,1.51474,-0.520429,2.30305
Poznań,Warsaw,315,316,2.98677,-0.52527,4.55563
Poznań,Wrocław,315,339,1.71309,-0.523543,2.60997
Warsaw,Elbląg,316,564,2.41945,-0.526405,3.69306
Warsaw,Radom,316,565,2.82779,-0.524451,4.31082
Warsaw,Lublin,316,713,3.37962,-0.524765,5.15313
Brest,Rennes,317,365,0.319745,-0.513112,0.48381
Brest,Lorient,317,388,0.174162,-0.512614,0.26344
Minsk,Smolensk,318,319,4.73658,-0.524531,7.22107
Minsk,Babruysk,318,703,4.37252,-0.527457,6.67884
Ryazan,Penza,320,321,1.85404,-0.507226,2.79445
Ufa,Yelabuga,322,632,0.409161,-0.475773,0.603829
Bruges,Ghent,324,325,1.63215,-0.516398,2.47499
Bruges,Zeebrugge,324,642,1.85291,-0.51675,2.8104
Ghent,Brussels,325,326,2.22898,-0.516678,3.38064
Brussels,Leuven,326,327,2.89783,-0.518273,4.39969
Leuven,Hasselt,327,708,1.93844,-0.520298,2.94701
Eupen,Aachen,328,329,2.38261,-0.522157,3.62671
Eupen,St. Vith,328,653,1.21601,-0.521181,1.84977
Aachen,Heerlen,329,709,1.88238,-0.522581,2.86608
Olpe,Wetzlar,330,331,2.24427,-0.523118,3.41829
Wetzlar,Gießen,331,332,2.24878,-0.52323,3.42542
Wetzlar,Dortmund,331,508,3.12659,-0.523196,4.76241
Wetzlar,Aschaffenburg,331,509,2.4071,-0.522974,3.66595
Wetzlar,Koblenz,331,660,2.35667,-0.523004,3.58922
Gießen,Bad Hersfeld,332,333,1.40026,-0.523404,2.13316
Bad Hersfeld,Eisenach,333,334,0.648823,-0.522899,0.988092
Eisenach,Erfurt,334,335,0.575923,-0.521123,0.876049
Erfurt,Gera,335,336,1.10328,-0.519984,1.67696
Gera,Chemnitz,336,337,1.63735,-0.519475,2.48791
Gera,Leipzig,336,526,1.65291,-0.519911,2.51227
Gera,Hirschberg,336,527,1.16247,-0.519628,1.76652
Chemnitz,Plauen,337,519,1.54294,-0.519412,2.34436
Wrocław,Opole,339,340,1.39972,-0.52182,2.13013
Wrocław,Kłodzko,339,548,1.42057,-0.521911,2.16198
Opole,Gliwice,340,341,0.666061,-0.521677,1.01353
Gliwice,Zabrze,341,342,0.627332,-0.521083,0.954225
Kraków,Rzeszów,343,344,0.900633,-0.520531,1.36944
Kraków,Radom,343,565,1.1238,-0.523299,1.71188
Kraków,Trstená,343,566,1.11201,-0.518573,1.68868
Rzeszów,Jarosław,344,345,0.872091,-0.521009,1.32646
Rzeszów,Radom,344,565,0.976615,-0.52358,1.48795
Rzeszów,Barwinek,344,710,0.683581,-0.521208,1.03987
Jarosław,Korczowa,345,346,0.936457,-0.519083,1.42256
Korczowa,Lviv,346,347,1.97302,-0.517736,2.99453
Lviv,Rivne,347,348,2.70806,-0.519019,4.1136
Lviv,Mukachevo,347,378,3.40058,-0.513094,5.14539
Lviv,Lublin,347,713,2.02353,-0.520333,3.07644
Rivne,Zhytomyr,348,349,1.72944,-0.521009,2.6305
Rivne,Kovel,348,714,1.70854,-0.521215,2.59906
Zhytomyr,Vinnytsia,349,381,2.89381,-0.521354,4.40251
Beyneu,Qo‘ng‘irot,351,352,0.235407,-0.482262,0.348934
Qo‘ng‘irot,Nukus,352,353,0.0961521,-0.479627,0.142269
Nukus,Daşoguz,353,354,0.0491316,-0.473241,0.0723826
Daşoguz,Bukhara,354,355,0.0164665,-0.452893,0.023924
Daşoguz,Ashgabat,354,432,0.0187293,-0.454701,0.0272455
Daşoguz,Uchkuduk,354,688,0.0128991,-0.463178,0.0188736
Bukhara,Navoiy,355,356,0.0127519,-0.427695,0.0182058
Bukhara,Alat,355,436,0.0104614,-0.433749,0.014999
Bukhara,Karshi,355,437,0.0105814,-0.432489,0.0151577
Bukhara,Uchkuduk,355,688,0.00763374,-0.439058,0.0109854
Navoiy,Samarkand,356,357,0.0107032,-0.413812,0.0151324
Samarkand,Jizzakh,357,358,0.0175129,-0.407071,0.0246419
Sary-Ozek,Taldykorgan,360,361,0.0153753,-0.402774,0.0215681
Sary-Ozek,Koktal,360,697,0.0144962,-0.40263,0.0203327
Taldykorgan,Ucharal,361,362,0.00683947,-0.403553,0.00959956
Ucharal,Taskesken,362,363,0.00382381,-0.408417,0.00538551
Taskesken,Ayagoz,363,364,0.00393156,-0.417896,0.00557454
Rennes,Le Mans,365,366,0.793459,-0.513216,1.20067
Le Mans,Angers,366,391,0.647304,-0.513238,0.979525
Le Mans,Tours,366,392,0.74991,-0.512661,1.13436
Le Mans,Rouen,366,662,1.25424,-0.514615,1.89969
Reims,Charleroi,367,651,1.77028,-0.516198,2.6841
Reims,Charleville-Mézières,367,658,1.62687,-0.516958,2.46789
Reims,Rouen,367,662,1.81442,-0.514771,2.74843
Saarbrücken,Mannheim,368,369,3.26182,-0.522095,4.9648
Saarbrücken,Trier,368,659,1.6715,-0.520798,2.54201
Mannheim,Heilbronn,369,370,3.04813,-0.521934,4.63905
Rozvadov,Plzeň,371,372,2.36917,-0.516789,3.59354
Plzeň,Karlovy Vary,372,523,1.63698,-0.516177,2.48196
Plzeň,České Budějovice,372,524,1.87322,-0.514672,2.83731
Plzeň,Bayerisch Eisenstein,372,530,1.93343,-0.515791,2.93068
Trenčín,Prešov,373,374,1.18851,-0.508676,1.79308
Prešov,Košice,374,375,1.82357,-0.506859,2.74786
Prešov,Svidník,374,712,0.904272,-0.508788,1.36436
Košice,Vyšné Nemecké,375,376,0.914749,-0.505631,1.37728
Košice,Uzhhorod,375,377,1.79198,-0.505738,2.69825
Košice,Miskolc,375,552,1.59057,-0.5029,2.39047
Košice,Zvolen,375,568,1.69902,-0.5049,2.55685
Vyšné Nemecké,Uzhhorod,376,377,0.877231,-0.505849,1.32098
Uzhhorod,Mukachevo,377,378,2.91811,-0.505776,4.39402
Uzhhorod,Chop,377,723,1.45105,-0.504913,2.1837
Mukachevo,Stryj,378,379,2.14842,-0.509168,3.24233
Mukachevo,Halmeu,378,578,2.50652,-0.505287,3.77303
Khmelnytskyi,Vinnytsia,380,381,1.79192,-0.520644,2.72487
Vinnytsia,Uman,381,382,1.75349,-0.521402,2.66776
Vinnytsia,Mohyliv-Podilskyi,381,728,1.61506,-0.520874,2.45631
Uman,Kirovohrad,382,383,1.30838,-0.520635,1.98957
Kirovohrad,Dnipropetrovsk,383,384,0.900309,-0.519873,1.36836
Kirovohrad,Chişinău,383,672,1.78399,-0.518813,2.70954
Dnipropetrovsk,Donetsk,384,385,0.375027,-0.51959,0.569887
Donetsk,Rostov-on-Don,385,386,0.239464,-0.517445,0.363373
Rostov-on-Don,Armavir,386,387,0.193889,-0.511889,0.293138
Rostov-on-Don,Taganrog,386,675,0.213959,-0.515856,0.324332
Lorient,Vannes,388,389,0.207134,-0.511842,0.313154
Vannes,Nantes,389,390,0.452146,-0.511588,0.683458
Nantes,Angers,390,391,0.630635,-0.511959,0.953494
Nantes,Poitiers,390,676,0.882965,-0.511382,1.3345
Angers,Tours,391,392,0.483017,-0.510352,0.729525
Tours,Vierzon,392,503,0.626926,-0.509685,0.946462
Montargis,Auxerre,393,394,1.16904,-0.512054,1.76766
Auxerre,Beaune,394,395,2.21371,-0.512895,3.3491
Beaune,Dole,395,396,2.2828,-0.514572,3.45747
Beaune,Antwerp,395,505,3.93418,-0.515389,5.96181
Dole,Besançon,396,397,1.22051,-0.515575,1.84977
Besançon,Belfort,397,398,1.41674,-0.516937,2.14911
Zürich,Winterthur,399,400,1.39791,-0.518096,2.12216
Winterthur,St. Gallen,400,401,0.99516,-0.518134,1.51079
Winterthur,Schaffhausen,400,511,1.37616,-0.519711,2.09136
St. Gallen,St. Margrethen,401,402,0.899706,-0.517017,1.36487
St. Margrethen,Bregenz,402,403,1.46677,-0.51609,2.22375
St. Margrethen,Buchs,402,514,0.685249,-0.516418,1.03912
Bregenz,Feldkirch,403,748,1.40315,-0.515613,2.12663
Bregenz,Lindau,403,513,2.21638,-0.515957,3.35994
Feldkirch,Landeck,748,404,0.633235,-0.514694,0.959158
Feldkirch,Imst,748,406,0.660356,-0.514627,1.00019
Landeck,Telfs,404,405,0.439313,-0.514027,0.665132
Sattledt,Liezen,408,532,0.911501,-0.509629,1.37603
Sattledt,Wels,408,669,0.985301,-0.51202,1.48979
Sankt Pölten,Vienna,409,410,1.88072,-0.508071,2.83626
Vienna,Nickelsdorf,410,411,2.0253,-0.505662,3.04942
Vienna,Halámky,410,525,1.98784,-0.508154,2.99797
Vienna,Graz,410,534,2.48141,-0.505609,3.73603
Nickelsdorf,Mosonmagyaróvár,411,412,1.36411,-0.501557,2.04828
Szolnok,Püspökladány,413,414,1.37076,-0.490039,2.04249
Püspökladány,Oradea,414,415,1.70749,-0.48904,2.54253
Püspökladány,Nyíregyháza,414,722,1.09364,-0.492697,1.63247
Oradea,Cluj-Napoca,415,416,0.782914,-0.485244,1.16282
Oradea,Berettyóújfalu,415,570,1.17254,-0.48903,1.74594
Oradea,Beiuş,415,571,0.746957,-0.486051,1.11002
Oradea,Satu Mare,415,579,1.25596,-0.490444,1.87194
Oradea,Arad,415,684,1.24552,-0.484154,1.84854
Cluj-Napoca,Turda,416,417,0.493124,-0.485148,0.732362
Cluj-Napoca,Zalău,416,580,0.490496,-0.488756,0.730228
Turda,Târgu Mureş,417,418,0.211898,-0.482577,0.314155
Turda,Sebeş,417,581,0.218654,-0.482345,0.324121
Târgu Mureş,Braşov,418,419,0.147016,-0.480732,0.217691
Braşov,Ploieşti,419,420,0.125108,-0.482293,0.185447
Braşov,Sibiu,419,582,0.172437,-0.479852,0.255182
Braşov,Piteşti,419,583,0.101539,-0.479281,0.150205
Slobozia,Hârşova,421,422,0.26177,-0.501338,0.393005
Slobozia,Galaţi,421,588,0.469927,-0.507493,0.708411
Hârşova,Constanţa,422,423,0.255408,-0.495722,0.382019
Constanţa,Varna,423,463,0.196413,-0.488797,0.29242
Constanţa,Tulcea,423,589,0.263397,-0.500636,0.395263
Senaki,Samtredia,424,425,0.0302022,-0.510162,0.0456102
Senaki,Zugdidi,424,604,0.0796165,-0.508838,0.120128
Samtredia,Kutaisi,425,426,0.011604,-0.511217,0.0175361
Kutaisi,Khashuri,426,427,0.00487,-0.512115,0.007364
Khashuri,Gori,427,428,0.00312404,-0.507869,0.00471064
Rustavi,Ganja,429,430,0.0097687,-0.500506,0.014658
Ganja,Yevlakh,430,431,0.0227671,-0.500604,0.0341644
Ashgabat,Tejen,432,433,0.00893503,-0.447785,0.012936
Tejen,Mary,433,434,0.00418373,-0.440583,0.00602701
Mary,Türkmenabat,434,435,0.003119,-0.431802,0.00446579
Türkmenabat,Alat,435,436,0.00474785,-0.430166,0.00679021
Karshi,Guzar,437,438,0.0050412,-0.423297,0.00717512
Guzar,Sherobod,438,439,0.00376887,-0.40843,0.00530819
Sherobod,Termez,439,440,0.00557517,-0.399129,0.00780039
Jirgatal,Sary Tash,441,442,0.0111688,-0.397022,0.0156031
Jirgatal,Khorugh,441,694,0.00668392,-0.395949,0.00933041
Sary Tash,Irkeshtam,442,443,0.0149744,-0.39864,0.0209438
Irkeshtam,Osh,443,691,0.0307189,-0.399951,0.043005
A Coruña,Bilbao,444,445,0.0723187,-0.49774,0.108315
A Coruña,Pontevedra,444,481,0.0296554,-0.494657,0.0443246
Clermont-Ferrand,Montluçon,446,504,0.710247,-0.507384,1.07062
Chambéry,Susa,447,448,0.774768,-0.507725,1.16814
Chambéry,Marseille,447,736,0.593194,-0.508518,0.894845
Susa,Turin,448,449,0.466688,-0.502586,0.701239
Tortona,Brescia,450,451,0.136523,-0.476576,0.201587
Trieste,Postojna,452,453,0.212229,-0.489331,0.316079
Trieste,Ljubljana,452,454,0.434485,-0.492736,0.648571
Postojna,Ljubljana,453,454,0.313427,-0.495428,0.468708
Ljubljana,Maribor,454,535,0.569843,-0.498645,0.853993
Ljubljana,Naklo,454,538,0.826597,-0.498427,1.23859
Vršac,Timişoara,456,457,0.461483,-0.475902,0.681103
Timişoara,Drobeta-Turnu Severin,457,458,0.513803,-0.475316,0.758022
Timişoara,Arad,457,684,0.881976,-0.479528,1.30491
Drobeta-Turnu Severin,Craiova,458,459,0.479206,-0.473211,0.705972
Craiova,Alexandria,459,460,0.204545,-0.476228,0.301955
Craiova,Târgu Jiu,459,574,0.282547,-0.473691,0.416387
Craiova,Piteşti,459,583,0.264693,-0.47504,0.390432
Razgrad,Shumen,461,462,0.0421685,-0.475295,0.062211
Shumen,Varna,462,463,0.0722351,-0.481147,0.106991
Varna,Burgas,463,590,0.0710788,-0.481289,0.105288
Lisbon,Valladolid,464,465,0.0472041,-0.488517,0.0702641
Lisbon,Porto,464,483,0.0398637,-0.483438,0.0591353
Lisbon,Albufeira,464,484,0.0383035,-0.482338,0.0567788
Toulouse,Nice,466,467,0.620246,-0.50012,0.930443
Nice,Cuneo,467,685,0.240776,-0.494534,0.359848
Sofia,Plovdiv,468,469,0.15835,-0.453424,0.230149
Sofia,Botevgrad,468,575,0.15903,-0.453559,0.231159
Sofia,Blagoevgrad,468,576,0.167801,-0.451383,0.243543
Sofia,Kyustendil,468,745,0.123925,-0.456107,0.180448
Plovdiv,Istanbul,469,470,0.0651251,-0.45165,0.0945388
Istanbul,İzmit,470,471,0.030728,-0.449518,0.0445407
İzmit,Gerede,471,472,0.0103169,-0.446985,0.0149284
İzmit,Bursa,471,479,0.0102537,-0.4461,0.0148278
Gerede,Kızılcahamam,472,599,0.00473832,-0.445009,0.00684692
Mazara del Vallo,Palermo,473,474,6.60189e-05,-0.486092,6.60189e-05
Metaponto,Taranto,475,476,0.00412932,-0.453464,0.00600182
Metaponto,Potenza,475,743,0.0021835,-0.451225,0.00316876
Ioannina,Trikala,477,687,0.0101904,-0.417683,0.0144468
Gelibolu,Keşan,478,596,0.0321732,-0.415802,0.0455509
Gelibolu,Ayvalık,478,597,0.0321725,-0.415748,0.0455482
Bursa,Ankara,479,480,0.00500705,-0.442746,0.0072239
Bursa,Balıkesir,479,746,0.00564029,-0.438469,0.00811338
Ankara,Kızılcahamam,480,599,0.00337696,-0.442919,0.00487269
Pontevedra,Valença,481,482,0.0163305,-0.488184,0.0243028
Valença,Porto,482,483,0.0189502,-0.482676,0.0280971
Albufeira,Castro Marim,484,485,0.0188383,-0.478513,0.0278526
Castro Marim,Huelva,485,486,0.0174017,-0.477859,0.0257173
Cherbourg-Octeville,La Rochelle,487,488,0.170637,-0.513193,0.258206
Cherbourg-Octeville,Caen,487,661,0.383264,-0.51479,0.580564
La Rochelle,Saintes,488,730,0.133149,-0.508657,0.200876
Oslo,Hamar,489,490,0.00607628,-0.345404,0.00817505
Oslo,Askim,489,619,0.0063273,-0.345434,0.00851297
Hamar,Lillehammer,490,491,0.00383971,-0.345177,0.00516509
Lillehammer,Dombås,491,492,0.0042539,-0.344727,0.00572034
Dombås,Trondheim,492,493,0.00760096,-0.344434,0.010219
Trondheim,Stjørdal,493,494,0.00742961,-0.34434,0.00998792
Stjørdal,Steinkjer,494,495,0.00373464,-0.344249,0.00502029
Steinkjer,Mosjøen,495,496,0.00261097,-0.344,0.00350914
Mosjøen,Mo i Rana,496,497,0.00328363,-0.34396,0.00441307
Mo i Rana,Umeå,497,612,0.00621518,-0.344358,0.00835542
Setermoen,Alta,498,499,0.00150067,-0.478559,0.00221883
Alta,Olderfjord,499,500,0.00351331,-0.494469,0.00525054
Olderfjord,Lakselv,500,501,0.00900041,-0.498726,0.0134892
Lakselv,Karasjok,501,502,0.023465,-0.50115,0.0352245
Vierzon,Montluçon,503,504,0.443321,-0.508133,0.668587
Antwerp,Zeebrugge,505,642,2.71012,-0.516928,4.11106
Martigny,Sion,506,678,0.582901,-0.503852,0.876596
Bremen,Groningen,507,624,2.38307,-0.522243,3.62762
Stuttgart,Schaffhausen,510,511,2.12863,-0.520622,3.23684
Stuttgart,Ulm,510,512,1.85632,-0.519512,2.8207
Ulm,Lindau,512,513,1.57424,-0.518231,2.39006
Lindau,Waldshut,513,666,2.14266,-0.517381,3.25124
Buchs,Chur,514,515,0.272185,-0.516368,0.412733
Chur,San Bernardino,515,516,0.140217,-0.516257,0.212604
Halle,Plauen,518,519,1.43811,-0.51985,2.18571
Plauen,Schönberg,519,520,1.1726,-0.519431,1.78168
Plauen,Hof,519,528,1.55972,-0.519436,2.3699
Schönberg,Vojtanov,520,521,0.706674,-0.518883,1.07336
Vojtanov,Cheb,521,522,0.974114,-0.518069,1.47877
Cheb,Karlovy Vary,522,523,1.59697,-0.516961,2.42254
Cheb,Marktredwitz,522,663,1.29228,-0.518341,1.96212
Karlovy Vary,Teplice,523,715,0.97702,-0.516007,1.48117
České Budějovice,Halámky,524,525,1.27726,-0.511465,1.93053
Hirschberg,Hof,527,528,1.20722,-0.519358,1.8342
Hof,Bayreuth,528,529,1.97013,-0.518963,2.99256
Bayreuth,Marktredwitz,529,663,1.77943,-0.518971,2.7029
Bayerisch Eisenstein,Deggendorf,530,531,1.45195,-0.516065,2.20125
Liezen,Sankt Michael,532,533,0.719888,-0.506866,1.08477
Sankt Michael,Graz,533,534,1.25805,-0.504769,1.89307
Graz,Maribor,534,535,1.03376,-0.502472,1.5532
Graz,Spielfeld,534,536,0.804526,-0.504106,1.21009
Graz,Klagenfurt,534,683,1.45886,-0.5025,2.19194
Maribor,Spielfeld,535,536,0.335262,-0.49951,0.502729
Karavanke Tunnel,Naklo,537,538,0.750066,-0.502019,1.12661
Naklo,Loiblpass,538,734,0.707252,-0.501163,1.0617
Kemijärvi,Posio,539,540,0.0015295,-0.431635,0.00218969
Posio,Kuusamo,540,541,0.00088999,-0.424982,0.00126822
Kuusamo,Kajaani,541,542,0.00100694,-0.429194,0.00143911
Kajaani,Iisalmi,542,543,0.00198822,-0.440855,0.00286474
Iisalmi,Kuopio,543,544,0.00472254,-0.45161,0.00685528
Tampere,Turku,545,546,0.00965272,-0.484693,0.0143313
Tampere,Vaasa,545,616,0.0102172,-0.476139,0.015082
Tampere,Hämeenlinna,545,618,0.0299569,-0.503656,0.0450448
Turku,Pori,546,617,0.00496106,-0.472851,0.00730691
Riga,Šiauliai,547,561,2.94782,-0.529849,4.50972
Riga,Rēzekne,547,627,3.06786,-0.527866,4.68729
Kłodzko,Kudowa-Zdrój,548,549,0.63934,-0.520755,0.97228
Kudowa-Zdrój,Náchod,549,550,0.523993,-0.517337,0.795074
Náchod,Hradec Králové,550,551,0.950808,-0.514857,1.44034
Hradec Králové,Olomouc,551,716,1.29189,-0.51328,1.95499
Miskolc,Debrecen,552,569,1.20884,-0.497795,1.8106
Szekszárd,Mohács,555,556,0.67039,-0.493089,1.00095
Mohács,Osijek,556,557,0.408835,-0.491314,0.609701
Osijek,Đakovo,557,558,0.237314,-0.489156,0.353397
Osijek,Sombor,557,735,0.381786,-0.486609,0.567567
Đakovo,Šamac,558,559,0.100609,-0.4873,0.149636
Šamac,Zenica,559,560,0.0619587,-0.478979,0.0916357
Zenica,Sarajevo,560,737,0.082662,-0.469505,0.121472
Šiauliai,Tolpaki,561,562,2.30429,-0.531388,3.52876
Šiauliai,Palanga,561,704,1.77065,-0.53092,2.71072
Šiauliai,Panevėžys,561,705,1.83227,-0.530893,2.80501
Tolpaki,Kaliningrad,562,563,1.4305,-0.530802,2.18981
Tolpaki,Nesterov,562,640,1.36236,-0.531752,2.0868
Trstená,Ružomberok,566,567,0.854405,-0.511349,1.2913
Ružomberok,Zvolen,567,568,1.47059,-0.505442,2.21389
Debrecen,Berettyóújfalu,569,570,0.797248,-0.4935,1.19069
Beiuş,Deva,571,572,0.474876,-0.482525,0.704016
Deva,Petroşani,572,573,0.358524,-0.477665,0.529778
Deva,Sibiu,572,582,0.465067,-0.477894,0.687319
Deva,Arad,572,684,0.658817,-0.479819,0.974929
Petroşani,Târgu Jiu,573,574,0.217278,-0.475231,0.320535
Botevgrad,Jablanica,575,585,0.0670081,-0.452675,0.097341
Blagoevgrad,Serres,576,577,0.0900229,-0.442407,0.12985
Halmeu,Satu Mare,578,579,1.66964,-0.497379,2.50008
Satu Mare,Zalău,579,580,0.678123,-0.492776,1.01229
Sebeş,Sibiu,581,582,0.213563,-0.479115,0.315884
Sibiu,Piteşti,582,583,0.220902,-0.477054,0.326284
Pleven,Jablanica,584,585,0.0356525,-0.455338,0.0518864
Izmail,Reni,586,587,0.819699,-0.517518,1.24391
Reni,Galaţi,587,588,0.641655,-0.514471,0.971768
Galaţi,Tulcea,588,589,0.363625,-0.508901,0.548674
Galaţi,Giurgiuleşti,588,729,0.772466,-0.514968,1.17026
Burgas,Malko Tarnovo,590,591,0.0332171,-0.475741,0.0490198
Malko Tarnovo,Dereköy,591,592,0.0133344,-0.471562,0.0196224
Dereköy,Kırklareli,592,593,0.00602768,-0.461314,0.00880833
Kırklareli,Babaeski,593,594,0.00428227,-0.438347,0.00615939
Babaeski,Havsa,594,595,0.0062911,-0.420039,0.0089336
Havsa,Keşan,595,596,0.0135849,-0.415696,0.0192321
Ayvalık,İzmir,597,598,0.0135794,-0.415233,0.0192181
İzmir,Manisa,598,747,0.00626358,-0.417104,0.00887614
Kherson,Dzhankoy,600,601,1.02489,-0.512036,1.54967
Kherson,Mykolaiv,600,673,1.21578,-0.517321,1.84473
Kherson,Melitopol,600,674,0.660628,-0.515551,1.00122
Sochi,Sukhumi,602,603,0.553953,-0.507558,0.835116
Sukhumi,Zugdidi,603,604,0.210055,-0.508108,0.316785
Jönköping,Linköping,605,606,0.00313103,-0.345467,0.0042127
Linköping,Norrköping,606,607,0.00418832,-0.345389,0.00563492
Norrköping,Södertälje,607,608,0.00650357,-0.345235,0.00874884
Norrköping,Kalmar,607,626,0.00417263,-0.345387,0.0056138
Uppsala,Sundsvall,609,610,0.0118203,-0.344358,0.0158907
Sundsvall,Örnsköldsvik,610,611,0.0109022,-0.34411,0.0146538
Örnsköldsvik,Umeå,611,612,0.00873658,-0.344288,0.0117445
Haparanda,Tornio,613,614,0.00417807,-0.373087,0.00573686
Kokkola,Vaasa,615,616,0.00719444,-0.452208,0.0104478
Vaasa,Pori,616,617,0.00496109,-0.465284,0.00726941
Askim,Karlstad,619,620,0.005288,-0.34544,0.00711469
Kotka,Vaalimaa,621,622,0.398626,-0.523081,0.607139
Vaalimaa,Vyborg,622,623,1.03861,-0.522585,1.58137
Groningen,Hoogeveen,624,698,0.86225,-0.521658,1.31205
Sassnitz,Stralsund,625,699,0.456504,-0.520663,0.694188
Rēzekne,Velikiye Luki,627,628,3.24397,-0.522118,4.9377
Rēzekne,Daugavpils,627,702,2.06287,-0.527376,3.15078
Vladimir,Nizhny Novgorod,629,630,1.71413,-0.507969,2.58486
Nizhny Novgorod,Kazan,630,631,0.713482,-0.505839,1.07439
Kazan,Yelabuga,631,632,0.434645,-0.496118,0.650279
Yelabuga,Perm,632,633,0.254132,-0.484753,0.377323
Perm,Yekaterinburg,633,634,0.107398,-0.480806,0.159035
Yekaterinburg,Tyumen,634,635,0.0639389,-0.468616,0.0939017
Koszalin,Słupsk,637,638,0.274783,-0.524591,0.418931
Słupsk,Gdynia,638,639,0.464406,-0.526781,0.709047
Nesterov,Marijampolė,640,641,1.22962,-0.531416,1.88306
Aktobe,Karabutak,647,648,0.330902,-0.475607,0.488281
Karabutak,Aral,648,649,0.140585,-0.469005,0.206521
Aral,Novokazalinsk,649,650,0.0821395,-0.448723,0.118997
Charleroi,Namur,651,652,1.2792,-0.517609,1.94132
St. Vith,Wittlich,653,654,1.28748,-0.5207,1.95787
Wittlich,Bingen,654,655,0.817943,-0.522141,1.24502
Bingen,Wiesbaden,655,656,1.20257,-0.523168,1.83171
Amiens,Charleville-Mézières,657,658,1.45633,-0.516527,2.20856
Trier,Koblenz,659,660,1.75374,-0.521904,2.66903
Caen,Rouen,661,662,0.990492,-0.514974,1.50057
Regensburg,Passau,667,668,1.24674,-0.517368,1.89176
Passau,Wels,668,669,1.2227,-0.514627,1.85194
Wels,Braunau am Inn,669,721,1.40272,-0.513304,2.12275
Iaşi,Sculeni,670,671,1.26148,-0.512457,1.90794
Iaşi,Bălţi,670,727,1.07249,-0.51201,1.62162
Sculeni,Chişinău,671,672,1.52111,-0.516475,2.30672
Chişinău,Giurgiuleşti,672,729,1.21669,-0.517458,1.84627
Melitopol,Taganrog,674,675,0.288442,-0.516056,0.437294
Poitiers,Mâcon,676,677,1.65282,-0.511355,2.498
Sion,Simplon,678,679,0.246886,-0.501233,0.370634
Simplon,Gravellona Toce,679,680,0.158367,-0.493374,0.236501
Innichen,Spittal an der Drau,681,682,0.558163,-0.505914,0.840545
Klagenfurt,Loiblpass,683,734,0.836543,-0.502651,1.25703
Cuneo,Asti,685,686,0.136745,-0.491126,0.203904
Kokand,Andijan,689,690,0.0245393,-0.400817,0.034375
Andijan,Osh,690,691,0.0320967,-0.39998,0.0449348
Kulob,Kalaikhumb,692,693,0.00461919,-0.395832,0.00644762
Kalaikhumb,Khorugh,693,694,0.00405122,-0.395026,0.00565155
Kokpek,Chundzha,695,696,0.0129301,-0.402761,0.0181379
Chundzha,Koktal,696,697,0.00977866,-0.402354,0.0137131
Stralsund,Neubrandenburg,699,700,0.66723,-0.520631,1.01461
Ukmergė,Daugavpils,701,702,2.04523,-0.529873,3.12894
Ukmergė,Panevėžys,701,705,1.88667,-0.531019,2.88853
Breda,Gorinchem,706,707,0.841612,-0.520485,1.27966
Hasselt,Heerlen,708,709,1.25548,-0.521655,1.91041
Barwinek,Vyšný Komárnik,710,711,0.363278,-0.517864,0.551406
Vyšný Komárnik,Svidník,711,712,0.419232,-0.511754,0.633775
Lublin,Kovel,713,714,1.63177,-0.522675,2.48465
Olomouc,Český Těšín,716,717,0.83364,-0.515114,1.26306
Garmisch-Partenkirchen,Mittenwald,718,719,0.900001,-0.515322,1.36379
Mittenwald,Seefeld,719,720,0.568286,-0.514438,0.860635
Nyíregyháza,Chop,722,723,0.848219,-0.500016,1.27234
Dunajská Streda,Medveďov,724,725,0.579869,-0.50565,0.87308
Medveďov,Vámosszabadi,725,726,0.495197,-0.503738,0.744647
Bălţi,Mohyliv-Podilskyi,727,728,0.885477,-0.517577,1.34378
Saintes,Angoulême,730,731,0.231115,-0.505841,0.348023
St. Johann in Tirol,Lofer,732,733,0.89041,-0.513043,1.34723
Sarajevo,Užice,737,738,0.10953,-0.46784,0.160773
Užice,Čačak,738,739,0.167374,-0.469878,0.246019
Čačak,Nova Varoš,739,740,0.167115,-0.469816,0.245628
Avellino,Benevento,741,742,0.0199607,-0.456433,0.0290714
Balıkesir,Manisa,746,747,0.00417285,-0.426346,0.00595193
Warsaw,Brest-Litovsk,316,0,3.17089,-0.527236,4.84269
Brest-Litovsk,Minsk,0,318,3.16627,-0.527744,4.83725
Lyon,Mâcon,17,677,1.64399,-0.511642,2.48512
Beaune,Mâcon,395,677,2.95816,-0.513729,4.47786
