Glasgow,Preston,1,2,6.60056e-05,-0.483851,6.60056e-05
Glasgow,Edinburgh,1,13,6.60056e-05,-0.483851,6.60056e-05
Preston,Birmingham,2,3,6.60056e-05,-0.483851,6.60056e-05
Birmingham,Cambridge,3,636,6.60056e-05,-0.483851,6.60056e-05
Le Havre,Paris,4,5,2.02149,-0.515509,3.06359
Le Havre,Amiens,4,657,1.1433,-0.516443,1.73374
Paris,Orléans,5,6,2.0582,-0.512582,3.1132
Paris,Calais,5,16,1.74974,-0.515311,2.65141
Paris,Lyon,5,17,2.56318,-0.51168,3.87471
Paris,Brussels,5,326,3.11119,-0.516725,4.71881
Paris,Le Mans,5,366,1.6657,-0.51357,2.52115
Paris,Reims,5,367,1.94568,-0.515825,2.94931
Paris,Chaumont,5,665,2.82919,-0.516353,4.29005
Orléans,Bordeaux,6,7,0.958986,-0.507792,1.44595
Orléans,Tours,6,392,1.06133,-0.507872,1.60035
Orléans,Montargis,6,393,1.3415,-0.509892,2.02551
Orléans,Toulouse,6,466,1.08429,-0.506211,1.63317
Bordeaux,San Sebastián,7,8,0.51511,-0.50125,0.773309
Bordeaux,Clermont-Ferrand,7,446,1.00636,-0.503357,1.51291
Bordeaux,Toulouse,7,466,0.429364,-0.49893,0.643587
Bordeaux,Angoulême,7,731,0.583221,-0.503018,0.876591
San Sebastián,Burgos,8,9,0.243702,-0.492167,0.363645
San Sebastián,Bilbao,8,445,0.199022,-0.493447,0.297229
San Sebastián,Toulouse,8,466,0.337255,-0.497714,0.505112
Burgos,Madrid,9,10,0.132888,-0.483528,0.197144
Burgos,Valladolid,9,465,0.088935,-0.485517,0.132114
Madrid,Seville,10,11,0.0798411,-0.47572,0.117823
Madrid,Barcelona,10,21,0.203918,-0.489114,0.303657
Madrid,Valencia,10,24,0.0904689,-0.477655,0.133682
Madrid,Lisbon,10,464,0.0818669,-0.47694,0.120913
Seville,Algeciras,11,12,0.0358492,-0.468049,0.0526284
Seville,Huelva,11,486,0.0374324,-0.467694,0.0549393
Algeciras,Málaga,12,28,0.0151247,-0.462953,0.0221267
Edinburgh,Newcastle,13,14,6.60056e-05,-0.483851,6.60056e-05
Newcastle,London,14,15,6.60056e-05,-0.483851,6.60056e-05
London,Colchester,15,305,6.60056e-05,-0.483851,6.60056e-05
Calais,Bruges,16,324,1.79777,-0.516779,2.72683
Calais,Rouen,16,662,1.17319,-0.51598,1.77853
Lyon,Orange,17,18,1.11317,-0.506762,1.67728
Lyon,Clermont-Ferrand,17,446,1.24708,-0.507318,1.87974
Lyon,Chambéry,17,447,1.14267,-0.509998,1.72544
Orange,Narbonne,18,19,0.495195,-0.505325,0.74543
Orange,Marseille,18,736,0.482403,-0.508148,0.727534
Narbonne,Girona,19,20,0.262081,-0.500385,0.393222
Girona,Barcelona,20,21,0.291249,-0.494264,0.435203
Barcelona,Tarragona,21,22,0.179947,-0.490309,0.268176
Barcelona,Toulouse,21,466,0.541538,-0.495802,0.810033
Tarragona,Castellón de la Plana,22,23,0.0829741,-0.484937,0.123211
Castellón de la Plana,Valencia,23,24,0.0664758,-0.477363,0.0982089
Valencia,Alicante,24,25,0.0464588,-0.471259,0.0683529
Alicante,Murcia,25,26,0.019042,-0.466562,0.0279263
Murcia,Almería,26,27,0.00939377,-0.460877,0.0137231
Almería,Málaga,27,28,0.00840427,-0.458692,0.0122592
Hook of Holland,Rotterdam,29,30,0.596853,-0.520834,0.907714
Hook of Holland,The Hague,29,307,0.322316,-0.521228,0.490316
Rotterdam,Eindhoven,30,31,1.49311,-0.520606,2.27043
Eindhoven,Maastricht,31,32,1.61044,-0.520185,2.44816
Eindhoven,Antwerp,31,505,2.66446,-0.518798,4.04677
Eindhoven,Venlo,31,643,2.05771,-0.521113,3.13001
Eindhoven,Breda,31,706,1.50916,-0.520618,2.29486
Maastricht,Liège,32,33,2.0084,-0.520358,3.05349
Liège,Bastogne,33,34,1.87634,-0.520371,2.85274
Liège,Leuven,33,327,3.05243,-0.520251,4.64046
Liège,Eupen,33,328,1.96931,-0.521276,2.99587
Liège,Antwerp,33,505,3.363,-0.518345,5.10619
Liège,Namur,33,652,2.08236,-0.519712,3.16458
Liège,St. Vith,33,653,1.71534,-0.520414,2.60803
Liège,Charleville-Mézières,33,658,2.21954,-0.519611,3.37283
Bastogne,Arlon,34,35,1.13442,-0.52067,1.72508
Arlon,Luxembourg,35,36,1.57382,-0.520327,2.39272
Luxembourg,Metz,36,37,2.57942,-0.518942,3.91798
Luxembourg,St. Vith,36,653,1.91288,-0.520962,2.90943
Luxembourg,Charleville-Mézières,36,658,1.4464,-0.51818,2.1959
Luxembourg,Trier,36,659,1.88695,-0.521234,2.8705
Metz,Saint-Avold,37,38,3.08149,-0.518079,4.67794
Metz,Lausanne,37,44,2.52962,-0.51726,3.8381
Metz,Geneva,37,45,2.70725,-0.515243,4.10214
Metz,Brussels,37,326,3.5284,-0.518389,5.35748
Metz,Reims,37,367,2.51028,-0.512266,3.79621
Metz,Saarbrücken,37,368,2.96398,-0.519954,4.50512
Saint-Avold,Strasbourg,38,39,2.3494,-0.518998,3.56874
Strasbourg,Mulhouse,39,40,2.97477,-0.520206,4.52226
Strasbourg,Appenweier,39,664,2.24802,-0.520639,3.41843
Mulhouse,Basel,40,41,2.83903,-0.51949,4.31388
Mulhouse,Belfort,40,398,2.12261,-0.518554,3.2233
Mulhouse,Chaumont,40,665,2.67941,-0.518448,4.06855
Basel,Olten,41,42,1.69028,-0.51882,2.56723
Basel,Offenburg,41,61,2.43767,-0.520381,3.7062
Basel,Zürich,41,399,1.98537,-0.519454,3.01668
Basel,Waldshut,41,666,2.33913,-0.5192,3.55361
Olten,Bern,42,43,1.6792,-0.51465,2.54339
Olten,Lucerne,42,62,1.05604,-0.51761,1.60265
Bern,Lausanne,43,44,1.3804,-0.516101,2.09282
Bern,Belfort,43,398,1.74602,-0.518192,2.65079
Bern,Martigny,43,506,0.949425,-0.513837,1.43727
Lausanne,Geneva,44,45,1.03606,-0.510813,1.56529
Lausanne,Martigny,44,506,0.818814,-0.51365,1.2394
Geneva,Mont Blanc,45,46,1.15513,-0.510834,1.7452
Geneva,Chambéry,45,447,1.26954,-0.509041,1.91579
Geneva,Mâcon,45,677,2.053,-0.512568,3.1053
Mont Blanc,Aosta,46,47,0.667529,-0.508323,1.00685
Aosta,Ivrea,47,48,0.553406,-0.499937,0.830075
Aosta,Martigny,47,506,0.769154,-0.505198,1.15773
Ivrea,Vercelli,48,49,0.213157,-0.495205,0.318714
Ivrea,Turin,48,449,0.314048,-0.494531,0.469354
Vercelli,Alessandria,49,50,0.166382,-0.487316,0.247462
Alessandria,Genoa,50,51,0.195921,-0.479103,0.289788
Alessandria,Turin,50,449,0.212966,-0.489172,0.317143
Alessandria,Tortona,50,450,0.140128,-0.48022,0.20742
Alessandria,Asti,50,686,0.184286,-0.482825,0.273264
Genoa,Rome,51,74,0.354447,-0.4674,0.520115
Genoa,Tortona,51,450,0.210268,-0.472809,0.309685
Genoa,Nice,51,467,0.332673,-0.483646,0.49357
Amsterdam,Utrecht,52,53,1.36968,-0.520924,2.08318
Amsterdam,Amersfoort,52,309,0.796174,-0.520289,1.21041
Amsterdam,Brussels,52,326,3.34518,-0.519164,5.08187
Amsterdam,Groningen,52,624,1.43347,-0.521318,2.18076
Utrecht,Arnhem,53,54,1.04671,-0.522125,1.59323
Utrecht,Gouda,53,308,0.845614,-0.521664,1.28674
Utrecht,Amersfoort,53,309,0.788514,-0.52188,1.20002
Utrecht,Gorinchem,53,707,1.00092,-0.521525,1.52293
Arnhem,Emmerich,54,55,0.956531,-0.522996,1.45679
Emmerich,Oberhausen,55,56,1.86687,-0.523313,2.84383
Oberhausen,Cologne,56,57,3.21983,-0.523582,4.90567
Oberhausen,Dortmund,56,508,2.26104,-0.523341,3.44433
Oberhausen,Venlo,56,643,2.11453,-0.522443,3.21925
Cologne,Frankfurt am Main,57,58,3.76363,-0.523964,5.73564
Cologne,Aachen,57,329,3.29615,-0.52395,5.02317
Cologne,Olpe,57,330,2.32623,-0.524099,3.5454
Cologne,Bremen,57,507,3.4046,-0.523439,5.18671
Frankfurt am Main,Heidelberg,58,59,3.3781,-0.524003,5.14824
Frankfurt am Main,Gießen,58,332,2.40457,-0.524359,3.66543
Frankfurt am Main,Mannheim,58,369,3.88535,-0.52383,5.92061
Frankfurt am Main,Aschaffenburg,58,509,2.80621,-0.523616,4.27559
Frankfurt am Main,Wiesbaden,58,656,2.76224,-0.524355,4.21064
Heidelberg,Karlsruhe,59,60,2.83708,-0.523122,4.32122
Karlsruhe,Offenburg,60,61,2.40826,-0.521272,3.66362
Karlsruhe,Stuttgart,60,510,3.36335,-0.521439,5.11713
Karlsruhe,Appenweier,60,664,2.57602,-0.521798,3.92019
Lucerne,Altdorf,62,63,0.778075,-0.51844,1.18146
Altdorf,Gotthard Pass,63,64,0.545557,-0.518719,0.828548
Altdorf,Zürich,63,399,1.02573,-0.51871,1.55778
Gotthard Pass,Bellinzona,64,65,0.272709,-0.517857,0.413933
Bellinzona,Lugano,65,66,0.134727,-0.512899,0.203829
Bellinzona,San Bernardino,65,516,0.152381,-0.516084,0.231023
Lugano,Chiasso,66,67,0.0793554,-0.498555,0.118918
Chiasso,Como,67,68,0.103109,-0.481901,0.152798
Como,Milan,68,69,0.226241,-0.477845,0.334349
Milan,Piacenza,69,70,0.257295,-0.474419,0.379361
Milan,Turin,69,449,0.32477,-0.486195,0.482671
Milan,Tortona,69,450,0.184071,-0.47658,0.271796
Milan,Brescia,69,451,0.226818,-0.473663,0.334254
Milan,Gravellona Toce,69,680,0.251328,-0.480994,0.372216
Piacenza,Parma,70,71,0.182782,-0.46829,0.268377
Parma,Modena,71,72,0.279458,-0.465331,0.409499
Modena,Florence,72,73,0.31694,-0.460706,0.462956
Modena,Verona,72,94,0.376017,-0.464634,0.550727
Modena,Bologna,72,95,0.308787,-0.459882,0.450793
Florence,Rome,73,74,0.285311,-0.460791,0.41678
Rome,Pescara,74,125,0.277828,-0.459306,0.405436
Östersund,Mora,75,76,0.0198913,-0.344458,0.026743
Östersund,Trondheim,75,493,0.023701,-0.344428,0.0318642
Östersund,Sundsvall,75,610,0.0247147,-0.343877,0.0332136
Mora,Säffle,76,77,0.0145785,-0.344994,0.019608
Säffle,Gothenburg,77,78,0.0193247,-0.345433,0.0260001
Gothenburg,Halmstad,78,300,0.0185286,-0.345599,0.0249321
Gothenburg,Örebro,78,301,0.0199879,-0.345492,0.0268936
Gothenburg,Oslo,78,489,0.017002,-0.345629,0.0228783
Hamburg,Hanover,79,80,2.07331,-0.522043,3.15567
Hamburg,Berlin,79,108,2.2413,-0.521186,3.40944
Hamburg,Bremen,79,507,2.6089,-0.522717,3.97261
Hamburg,Lübeck,79,517,1.18268,-0.521808,1.79981
Hanover,Göttingen,80,81,1.45094,-0.522948,2.20971
Hanover,Bad Oeynhausen,80,312,1.66546,-0.52292,2.53637
Hanover,Braunschweig,80,313,1.52413,-0.521532,2.31901
Göttingen,Kassel,81,82,1.31935,-0.523453,2.00997
Kassel,Fulda,82,83,1.78522,-0.523523,2.71982
Kassel,Dortmund,82,508,2.06972,-0.523621,3.15346
Fulda,Würzburg,83,84,2.58519,-0.523157,3.93764
Würzburg,Nuremberg,84,85,3.82557,-0.52173,5.82149
Würzburg,Aschaffenburg,84,509,3.40603,-0.523282,5.18834
Würzburg,Stuttgart,84,510,2.71024,-0.522727,4.12696
Würzburg,Ulm,84,512,1.73661,-0.521054,2.64148
Nuremberg,Munich,85,86,3.15851,-0.517916,4.79435
Nuremberg,Heilbronn,85,370,3.4379,-0.52176,5.23166
Nuremberg,Rozvadov,85,371,2.65532,-0.519194,4.03394
Nuremberg,Bayreuth,85,529,3.57108,-0.519718,5.42704
Nuremberg,Regensburg,85,667,2.52627,-0.519325,3.83822
Munich,Rosenheim,86,87,2.21499,-0.514905,3.3555
Munich,Salzburg,86,115,2.61941,-0.514127,3.96612
Munich,Ulm,86,512,2.2706,-0.517803,3.44632
Munich,Lindau,86,513,2.45846,-0.515789,3.7265
Munich,Deggendorf,86,531,2.45661,-0.516614,3.72572
Munich,Garmisch-Partenkirchen,86,718,2.15347,-0.515757,3.26414
Munich,Braunau am Inn,86,721,1.91403,-0.515264,2.90026
Rosenheim,Wörgl,87,88,1.46249,-0.514505,2.21494
Rosenheim,Bad Reichenhall,87,407,1.16264,-0.513967,1.76021
Wörgl,Innsbruck,88,89,1.37552,-0.51318,2.08141
Wörgl,St. Johann in Tirol,88,732,1.03498,-0.513498,1.56644
Innsbruck,Brenner,89,90,0.791824,-0.511298,1.19668
Innsbruck,Telfs,89,405,0.700876,-0.512802,1.06029
Innsbruck,Imst,89,406,0.716451,-0.512858,1.08389
Innsbruck,Seefeld,89,720,0.825905,-0.512792,1.24942
Brenner,Fortezza,90,91,0.470768,-0.507507,0.709686
Fortezza,Bolzano,91,92,0.299194,-0.49898,0.448485
Fortezza,Innichen,91,681,0.406745,-0.504612,0.611994
Bolzano,Trento,92,93,0.21223,-0.481926,0.31451
Trento,Verona,93,94,0.329826,-0.468655,0.4844
Verona,Mestre,94,120,0.461923,-0.466182,0.677263
Verona,Brescia,94,451,0.345373,-0.467143,0.506711
Bologna,Cesena,95,96,0.260984,-0.457471,0.380377
Cesena,Perugia,96,97,0.180589,-0.456249,0.262983
Cesena,Ravenna,96,121,0.275517,-0.46037,0.402357
Cesena,Rimini,96,122,0.186843,-0.456036,0.272051
Perugia,Fiano Romano,97,98,0.0739984,-0.454599,0.107638
Fiano Romano,Naples,98,99,0.034687,-0.45268,0.0503891
Naples,Salerno,99,100,0.00917964,-0.450882,0.0133186
Naples,Avellino,99,741,0.0136465,-0.449951,0.0197867
Salerno,Sicignano degli Alburni,100,101,0.00526876,-0.446989,0.00762384
Salerno,Avellino,100,741,0.00689632,-0.447243,0.00998065
Sicignano degli Alburni,Potenza,101,743,0.00277412,-0.444672,0.00400769
Messina,Catania,102,103,6.60056e-05,-0.483851,6.60056e-05
Messina,Palermo,102,474,6.60056e-05,-0.483851,6.60056e-05
Catania,Siracusa,103,104,6.60056e-05,-0.483851,6.60056e-05
Siracusa,Gela,104,105,6.60056e-05,-0.483851,6.60056e-05
Gela,Mazara del Vallo,105,473,6.60056e-05,-0.483851,6.60056e-05
Helsingborg,Copenhagen,299,106,0.00412782,-0.345617,0.00555446
Copenhagen,Malmö,106,135,0.00211248,-0.345493,0.00284233
Rostock,Berlin,107,108,1.67378,-0.520442,2.54489
Rostock,Lübeck,107,517,0.843233,-0.521041,1.28259
Rostock,Sassnitz,107,625,0.707559,-0.52048,1.07583
Berlin,Lübbenau,108,109,2.50083,-0.520015,3.8013
Berlin,Szczecin,108,137,1.98405,-0.520426,3.0166
Berlin,Świebodzin,108,139,2.37952,-0.52098,3.61921
Berlin,Magdeburg,108,314,2.51046,-0.520414,3.81695
Berlin,Leipzig,108,526,2.20828,-0.519965,3.35652
Berlin,Neubrandenburg,108,700,1.54348,-0.520419,2.34674
Lübbenau,Dresden,109,110,1.83453,-0.519434,2.78745
Lübbenau,Cottbus,109,644,1.36525,-0.519792,2.07489
Dresden,Ústí nad Labem,110,111,1.85322,-0.517709,2.81264
Dresden,Chemnitz,110,337,2.08792,-0.51899,3.17153
Dresden,Görlitz,110,338,1.34176,-0.519164,2.03836
Ústí nad Labem,Prague,111,112,2.06657,-0.515762,3.13243
Prague,Tábor,112,113,1.97606,-0.513371,2.99052
Prague,Mladá Boleslav,112,146,1.16309,-0.515279,1.7624
Prague,Jihlava,112,147,1.99254,-0.512805,3.01432
Prague,Plzeň,112,372,2.24708,-0.514771,3.4038
Prague,Karlovy Vary,112,523,1.39084,-0.515575,2.10792
Prague,Hradec Králové,112,551,1.50471,-0.514758,2.27927
Tábor,Linz,113,114,1.73735,-0.512823,2.6283
Linz,Salzburg,114,115,1.82307,-0.512204,2.75686
Linz,Sattledt,114,408,0.738726,-0.511818,1.11682
Linz,Sankt Pölten,114,409,1.7199,-0.511018,2.59879
Linz,Wels,114,669,1.31362,-0.512818,1.98726
Salzburg,Villach,115,116,2.65772,-0.509061,4.01066
Salzburg,Bad Reichenhall,115,407,1.40093,-0.51238,2.11874
Salzburg,Sattledt,115,408,1.46066,-0.510021,2.20563
Salzburg,Lofer,115,733,1.67585,-0.512651,2.53498
Villach,Tarvisio,116,117,1.34429,-0.505053,2.02322
Villach,Karavanke Tunnel,116,537,1.14552,-0.503135,1.72187
Villach,Spittal an der Drau,116,682,1.32499,-0.506032,1.99548
Villach,Klagenfurt,116,683,1.40466,-0.504412,2.11318
Tarvisio,Udine,117,118,0.626715,-0.49998,0.94006
Udine,Palmanova,118,119,0.535834,-0.488254,0.797457
Palmanova,Mestre,119,120,0.572276,-0.476492,0.844961
Palmanova,Trieste,119,452,0.612104,-0.483866,0.908281
Mestre,Ravenna,120,121,0.352747,-0.466255,0.517216
Rimini,Fano,122,123,0.0921348,-0.453988,0.133963
Fano,Ancona,123,124,0.0810825,-0.453169,0.117827
Ancona,Pescara,124,125,0.143518,-0.454901,0.208805
Pescara,Canosa di Puglia,125,126,0.155204,-0.454531,0.225749
Canosa di Puglia,Bari,126,127,0.0496188,-0.451168,0.0720053
Canosa di Puglia,Benevento,126,742,0.051078,-0.45143,0.0741361
Bari,Brindisi,127,128,0.0132948,-0.449295,0.019268
Bari,Taranto,127,476,0.0125998,-0.449148,0.018259
Brindisi,Taranto,128,476,0.00307577,-0.446086,0.00444782
Igoumenitsa,Preveza,129,130,0.00687076,-0.409879,0.00968693
Igoumenitsa,Ioannina,129,477,0.0159399,-0.411926,0.0225059
Preveza,Rhion,130,131,0.00343401,-0.407012,0.00483169
Rhion,Patras,131,132,0.00123597,-0.402909,0.00173395
Rhion,Aigio,131,175,0.00123597,-0.402909,0.00173395
Patras,Pyrgos,132,133,0.000533443,-0.399677,0.000746648
Pyrgos,Kalamata,133,134,0.000257325,-0.395507,0.000359098
Kalamata,Tripoli,134,177,0.000184753,-0.3928,0.000257325
Malmö,Helsingborg,135,299,0.00568239,-0.345585,0.00764614
Malmö,Kalmar,135,626,0.00540684,-0.345461,0.0072747
Goleniów,Szczecin,136,137,0.845251,-0.520581,1.28527
Goleniów,Koszalin,136,637,0.365245,-0.521412,0.555689
Szczecin,Gorzów Wielkopolski,137,138,0.901275,-0.520835,1.37069
Gorzów Wielkopolski,Świebodzin,138,139,1.08503,-0.521558,1.65094
Świebodzin,Zielona Góra,139,140,1.43493,-0.521558,2.18333
Świebodzin,Poznań,139,315,2.28351,-0.522976,3.47773
Zielona Góra,Legnica,140,141,1.43918,-0.521652,2.18994
Legnica,Jelenia Góra,141,142,1.28374,-0.520363,1.95174
Legnica,Görlitz,141,338,1.42272,-0.520033,2.16258
Legnica,Wrocław,141,339,2.16619,-0.520453,3.29359
Legnica,Cottbus,141,644,1.42433,-0.520072,2.16509
Jelenia Góra,Harrachov,142,143,0.552277,-0.519819,0.839361
Harrachov,Železný Brod,143,144,0.394987,-0.518196,0.599667
Železný Brod,Turnov,144,145,0.647057,-0.516708,0.981397
Turnov,Mladá Boleslav,145,146,0.684819,-0.515754,1.03802
Turnov,Hradec Králové,145,551,0.966524,-0.515662,1.46492
Turnov,Teplice,145,715,0.837214,-0.516605,1.26972
Jihlava,Brno,147,148,1.00264,-0.511134,1.51512
Jihlava,Vienna,147,410,1.61344,-0.510936,2.4378
Brno,Bratislava,148,149,1.4005,-0.508662,2.11288
Brno,Trenčín,148,373,1.39367,-0.510498,2.10513
Brno,Vienna,148,410,1.59733,-0.508749,2.40997
Brno,Olomouc,148,716,1.41265,-0.512047,2.13599
Bratislava,Rajka,149,150,1.49469,-0.507482,2.25323
Bratislava,Žilina,149,195,1.60157,-0.51097,2.41992
Bratislava,Győr,149,196,1.5,-0.502805,2.25421
Bratislava,Vienna,149,410,2.07631,-0.504351,3.12351
Bratislava,Zvolen,149,568,2.10218,-0.509197,3.1726
Bratislava,Dunajská Streda,149,724,1.28395,-0.5076,1.93569
Rajka,Csorna,150,151,0.591808,-0.507146,0.891941
Csorna,Szombathely,151,152,0.289188,-0.504014,0.434943
Szombathely,Zalaegerszeg,152,153,0.278077,-0.49681,0.416229
Zalaegerszeg,Nagykanizsa,153,154,0.54327,-0.492969,0.811086
Nagykanizsa,Letenye,154,155,0.33734,-0.492196,0.503377
Nagykanizsa,Zagreb,154,156,0.730127,-0.490399,1.08818
Nagykanizsa,Balatonvilágos,154,553,1.07745,-0.493277,1.60893
Letenye,Zagreb,155,156,0.392787,-0.488855,0.584803
Zagreb,Karlovac,156,157,0.575128,-0.488587,0.856128
Zagreb,Ljubljana,156,454,0.560689,-0.490063,0.835462
Zagreb,Slavonski Brod,156,455,0.62349,-0.481488,0.923694
Zagreb,Maribor,156,535,0.682045,-0.493493,1.01863
Karlovac,Rijeka,157,158,0.253198,-0.486753,0.376443
Karlovac,Knin,157,554,0.203313,-0.486858,0.302297
Rijeka,Split,158,159,0.170033,-0.484674,0.252444
Rijeka,Trieste,158,452,0.434053,-0.486411,0.64518
Split,Dubrovnik,159,160,0.119967,-0.478408,0.177361
Split,Knin,159,554,0.120148,-0.483988,0.178299
Dubrovnik,Petrovac,160,161,0.0384203,-0.472118,0.0565593
Dubrovnik,Podgorica,160,162,0.0835126,-0.465559,0.122393
Petrovac,Podgorica,161,162,0.0541776,-0.45982,0.0790895
Petrovac,Prizren,161,744,0.0497104,-0.46018,0.0725861
Podgorica,Bijelo Polje,162,163,0.0833145,-0.460492,0.12168
Podgorica,Pristina,162,164,0.11479,-0.459225,0.167505
Podgorica,Sarajevo,162,737,0.143494,-0.46103,0.209649
Bijelo Polje,Pristina,163,164,0.115539,-0.459113,0.168584
Bijelo Polje,Nova Varoš,163,740,0.126849,-0.46194,0.185446
Pristina,Skopje,164,165,0.153532,-0.455908,0.223529
Pristina,Niš,164,202,0.307802,-0.461266,0.44978
Pristina,Prizren,164,744,0.0948542,-0.458528,0.138348
Skopje,Kičevo,165,166,0.10344,-0.452193,0.150214
Skopje,Kumanovo,165,203,0.150513,-0.455657,0.219095
Skopje,Veles,165,204,0.108604,-0.450387,0.157518
Kičevo,Ohrid,166,167,0.0423845,-0.449617,0.0614413
Ohrid,Bitola,167,168,0.0194429,-0.443245,0.0280609
Bitola,Niki,168,169,0.0137372,-0.428778,0.0196274
Niki,Vevi,169,170,0.019812,-0.417251,0.0280786
Vevi,Kozani,170,171,0.0424199,-0.415058,0.0600266
Kozani,Larissa,171,172,0.028682,-0.414792,0.0405791
Kozani,Thessaloniki,171,207,0.0944909,-0.417113,0.133904
Kozani,Ioannina,171,477,0.0348897,-0.41444,0.0493495
Larissa,Domokos,172,173,0.0126928,-0.41381,0.0179452
Larissa,Lamia,172,174,0.0126928,-0.41381,0.0179452
Larissa,Katerini,172,208,0.0365992,-0.415706,0.0518137
Larissa,Trikala,172,687,0.0180326,-0.413203,0.0254838
Domokos,Lamia,173,174,6.60056e-05,-0.483851,3.30028e-05
Aigio,Corinth,175,176,0.000533443,-0.399677,0.000746648
Corinth,Tripoli,176,177,0.000257325,-0.395507,0.000359098
Varangerbotn,Utsjoki,178,179,0.064947,-0.495344,0.0971182
Varangerbotn,Kirkenes,178,243,0.174879,-0.520891,0.265973
Varangerbotn,Karasjok,178,502,0.0648831,-0.4955,0.0970327
Utsjoki,Inari,179,180,0.0254562,-0.493284,0.0380133
Inari,Ivalo,180,181,0.0110796,-0.482722,0.016428
Ivalo,Sodankylä,181,182,0.00739979,-0.448731,0.0107203
Sodankylä,Rovaniemi,182,183,0.0071108,-0.400897,0.00996149
Sodankylä,Kemijärvi,182,539,0.0047308,-0.415569,0.00669677
Rovaniemi,Kemi,183,184,0.00946566,-0.382555,0.0130868
Kemi,Oulu,184,185,0.014335,-0.390686,0.0199354
Kemi,Tornio,184,614,0.0095264,-0.372215,0.0130723
Oulu,Jyväskylä,185,186,0.0151161,-0.416317,0.0214092
Oulu,Kokkola,185,615,0.0113632,-0.412105,0.016046
Jyväskylä,Heinola,186,187,0.0219756,-0.451983,0.0319083
Jyväskylä,Kuopio,186,544,0.0150547,-0.426801,0.02148
Jyväskylä,Tampere,186,545,0.0211975,-0.443853,0.0306061
Heinola,Lahti,187,188,0.0271446,-0.487579,0.0403797
Lahti,Helsinki,188,189,0.0587837,-0.506708,0.0885698
Helsinki,Hämeenlinna,189,618,0.0592854,-0.506442,0.08931
Helsinki,Kotka,189,621,0.171292,-0.522538,0.260799
Gdańsk,Świecie,190,191,1.78671,-0.526878,2.7281
Gdańsk,Kaliningrad,190,563,1.39172,-0.52944,2.12855
Gdańsk,Elbląg,190,564,1.53381,-0.527192,2.34243
Gdańsk,Gdynia,190,639,1.09659,-0.527733,1.67529
Świecie,Łódź,191,192,1.25742,-0.525355,1.91801
Świecie,Poznań,191,315,1.67689,-0.525453,2.55802
Łódź,Piotrków Trybunalski,192,193,1.44057,-0.525155,2.19709
Piotrków Trybunalski,Katowice,193,194,1.6955,-0.523322,2.58279
Piotrków Trybunalski,Warsaw,193,316,2.49515,-0.526621,3.80915
Piotrków Trybunalski,Wrocław,193,339,1.71318,-0.523477,2.61
Katowice,Žilina,194,195,1.3696,-0.517962,2.079
Katowice,Zabrze,194,342,1.21776,-0.521097,1.85233
Katowice,Kraków,194,343,1.87065,-0.521294,2.8458
Katowice,Český Těšín,194,717,0.963979,-0.519999,1.46525
Žilina,Olomouc,195,716,0.812854,-0.513891,1.23057
Győr,Budapest,196,197,2.06536,-0.500687,3.09945
Győr,Vámosszabadi,196,726,0.94633,-0.503249,1.42257
Budapest,Szeged,197,198,2.08277,-0.491026,3.10547
Budapest,Mosonmagyaróvár,197,412,2.18823,-0.499223,3.28064
Budapest,Szolnok,197,413,2.08496,-0.492964,3.11276
Budapest,Miskolc,197,552,2.17011,-0.497095,3.24886
Budapest,Balatonvilágos,197,553,1.87377,-0.49407,2.79955
Budapest,Szekszárd,197,555,1.70805,-0.494365,2.55245
Budapest,Zvolen,197,568,2.02497,-0.500462,3.03839
Szeged,Subotica,198,199,1.21567,-0.485272,1.8056
Szeged,Arad,198,684,1.46094,-0.483257,2.16694
Subotica,Novi Sad,199,200,0.685777,-0.482671,1.01678
Subotica,Sombor,199,735,0.637735,-0.48746,0.948605
Novi Sad,Belgrade,200,201,0.647618,-0.476004,0.955887
Belgrade,Niš,201,202,0.531736,-0.468798,0.781012
Belgrade,Slavonski Brod,201,455,0.580594,-0.476585,0.857296
Belgrade,Vršac,201,456,0.522547,-0.471868,0.769121
Belgrade,Čačak,201,739,0.45869,-0.469574,0.674079
Niš,Kumanovo,202,203,0.221096,-0.462535,0.323361
Niš,Drobeta-Turnu Severin,202,458,0.513484,-0.467637,0.753608
Niš,Sofia,202,468,0.36618,-0.452953,0.532042
Kumanovo,Kyustendil,203,745,0.136871,-0.45372,0.198972
Veles,Gevgelija,204,205,0.0569912,-0.440803,0.0821131
Gevgelija,Evzoni,205,206,0.0556222,-0.425843,0.0793085
Evzoni,Thessaloniki,206,207,0.101626,-0.419301,0.144238
Thessaloniki,Katerini,207,208,0.0685732,-0.417823,0.0972246
Thessaloniki,Alexandroupoli,207,233,0.14239,-0.416103,0.201639
Thessaloniki,Serres,207,577,0.12424,-0.424026,0.176921
Klaipėda,Kaunas,209,210,2.08395,-0.532702,3.19407
Klaipėda,Palanga,209,704,1.22445,-0.533508,1.87771
Kaunas,Vilnius,210,211,2.31095,-0.532411,3.54132
Kaunas,Warsaw,210,316,4.40996,-0.53031,6.7486
Kaunas,Riga,210,547,3.04184,-0.531888,4.65976
Kaunas,Ukmergė,210,701,1.94357,-0.532447,2.97842
Vilnius,Lida,211,212,2.1633,-0.532741,3.31578
Vilnius,Minsk,211,318,4.3626,-0.530795,6.67825
Vilnius,Marijampolė,211,641,2.27241,-0.53297,3.48354
Vilnius,Ukmergė,211,701,2.27462,-0.532915,3.48679
Lida,Slonim,212,213,0.845346,-0.532646,1.29562
Slonim,Kobryn,213,214,0.42793,-0.529076,0.654338
Kobryn,Dubno,214,215,0.46333,-0.521352,0.704888
Dubno,Ternopil,215,216,0.981846,-0.517552,1.49
Ternopil,Chernivtsi,216,217,1.09622,-0.515088,1.66087
Ternopil,Stryj,216,379,1.55103,-0.514344,2.3488
Ternopil,Khmelnytskyi,216,380,1.40424,-0.519425,2.13364
Chernivtsi,Siret,217,218,0.805077,-0.509746,1.21546
Siret,Suceava,218,219,1.3347,-0.50533,2.00917
Suceava,Roman,219,220,1.30355,-0.503325,1.95966
Suceava,Halmeu,219,578,2.00391,-0.502232,3.01035
Suceava,Iaşi,219,670,1.78434,-0.506818,2.68868
Roman,Urziceni,220,221,0.706064,-0.499685,1.05887
Urziceni,Bucharest,221,222,0.471537,-0.490025,0.702603
Urziceni,Slobozia,221,421,0.396726,-0.496699,0.59378
Bucharest,Giurgiu,222,223,0.231177,-0.47933,0.341987
Bucharest,Ploieşti,222,420,0.20974,-0.481805,0.310794
Bucharest,Constanţa,222,423,0.316907,-0.485909,0.470895
Bucharest,Alexandria,222,460,0.239078,-0.478071,0.353374
Bucharest,Piteşti,222,583,0.260975,-0.479231,0.386042
Giurgiu,Ruse,223,224,0.117751,-0.474253,0.173595
Ruse,Byala,224,225,0.0595356,-0.465337,0.0872397
Ruse,Razgrad,224,461,0.0556093,-0.466934,0.0815752
Byala,Veliko Tarnovo,225,226,0.0457632,-0.459297,0.0667821
Byala,Pleven,225,584,0.0443971,-0.455008,0.0645982
Veliko Tarnovo,Stara Zagora,226,227,0.0512604,-0.457801,0.0747274
Veliko Tarnovo,Shumen,226,462,0.0504911,-0.464033,0.0739207
Stara Zagora,Haskovo,227,228,0.0306552,-0.454943,0.0446016
Stara Zagora,Burgas,227,590,0.0460124,-0.463812,0.0673534
Haskovo,Svilengrad,228,229,0.0141363,-0.445656,0.0204362
Svilengrad,Ormenio,229,230,0.0102171,-0.42844,0.0145946
Ormenio,Kastanies,230,231,0.0150529,-0.416142,0.021317
Kastanies,Didymoteicho,231,232,0.0324168,-0.413615,0.0458249
Didymoteicho,Alexandroupoli,232,233,0.076597,-0.414022,0.10831
Alexandroupoli,Gelibolu,233,478,0.0956158,-0.413643,0.135166
Saint Petersburg,Pskov,234,235,4.23354,-0.527757,6.46782
Saint Petersburg,Moscow,234,239,7.81433,-0.52225,11.8954
Saint Petersburg,Petrozavodsk,234,245,2.68448,-0.525056,4.09398
Saint Petersburg,Narva,234,304,3.19441,-0.527002,4.87787
Saint Petersburg,Vyborg,234,623,2.68446,-0.525053,4.09394
Pskov,Gomel,235,236,5.63506,-0.529736,8.62015
Pskov,Riga,235,547,4.07097,-0.530539,6.23078
Gomel,Kiev,236,237,7.73919,-0.526374,11.8129
Gomel,Babruysk,236,703,4.71167,-0.529692,7.20741
Kiev,Odessa,237,238,5.50575,-0.521039,8.37446
Kiev,Hlukhiv,237,242,6.74543,-0.521193,10.2611
Kiev,Kharkiv,237,247,6.53,-0.519327,9.9212
Kiev,Rivne,237,348,4.89659,-0.52312,7.4581
Kiev,Zhytomyr,237,349,3.89885,-0.523043,5.93811
Odessa,Izmail,238,586,1.81965,-0.519846,2.76559
Odessa,Chişinău,238,672,2.15305,-0.519572,3.27172
Odessa,Mykolaiv,238,673,2.12499,-0.520685,3.23145
Moscow,Kaluga,239,240,5.48288,-0.520288,8.33556
Moscow,Orel,239,246,5.82751,-0.516706,8.83862
Moscow,Voronezh,239,248,5.98277,-0.512795,9.0507
Moscow,Tambov,239,256,5.17561,-0.511156,7.82115
Moscow,Smolensk,239,319,6.05788,-0.524009,9.23226
Moscow,Ryazan,239,320,4.433,-0.51301,6.70717
Moscow,Velikiye Luki,239,628,5.28892,-0.521265,8.04585
Moscow,Vladimir,239,629,4.52456,-0.512369,6.84281
Kaluga,Bryansk,240,241,3.03599,-0.522143,4.62121
Bryansk,Hlukhiv,241,242,3.75953,-0.522516,5.72394
Hlukhiv,Kursk,242,645,3.99266,-0.521177,6.07354
Kirkenes,Murmansk,243,244,0.387098,-0.52593,0.590685
Murmansk,Petrozavodsk,244,245,1.00649,-0.525884,1.53579
Orel,Kharkiv,246,247,4.39742,-0.517987,6.67523
Kharkiv,Luhansk,247,350,3.54529,-0.519129,5.38575
Voronezh,Novorossiysk,248,249,3.79297,-0.50557,5.71059
Voronezh,Kursk,248,645,3.81289,-0.517397,5.78566
Voronezh,Saratov,248,646,3.07862,-0.505492,4.63484
Novorossiysk,Dzhankoy,249,601,1.53888,-0.509428,2.32284
Novorossiysk,Sochi,249,602,1.49296,-0.509087,2.25301
Mineralnye Vody,Nalchik,250,251,0.19033,-0.501902,0.285857
Mineralnye Vody,Makhachkala,250,260,0.426441,-0.500847,0.640022
Mineralnye Vody,Armavir,250,387,0.226836,-0.504473,0.341269
Nalchik,Vladikavkaz,251,252,0.0727535,-0.501673,0.109252
Vladikavkaz,Stepantsminda,252,253,0.0281736,-0.501293,0.0422968
Stepantsminda,Mtskheta,253,254,0.01184,-0.500427,0.0177651
Mtskheta,Tbilisi,254,255,0.00735664,-0.499029,0.0110278
Tbilisi,Gori,255,428,0.00475937,-0.499793,0.00713806
Tbilisi,Rustavi,255,429,0.0068857,-0.498577,0.0103188
Tambov,Povorino,256,257,2.35608,-0.513142,3.56509
Povorino,Volgograd,257,258,1.95457,-0.513554,2.95834
Volgograd,Astrakhan,258,259,2.05883,-0.507474,3.10363
Volgograd,Luhansk,258,350,2.30479,-0.516221,3.49457
Astrakhan,Makhachkala,259,260,1.31022,-0.50049,1.96597
Astrakhan,Atyrau,259,265,1.68248,-0.492333,2.51083
Makhachkala,Kuba,260,261,0.419934,-0.500487,0.630106
Kuba,Baku,261,262,0.160414,-0.50037,0.240681
Baku,Yevlakh,262,431,0.0614274,-0.500237,0.0921557
Samara,Oral,263,264,1.33129,-0.473515,1.96168
Samara,Penza,263,321,1.2908,-0.491255,1.92491
Samara,Ufa,263,322,0.951888,-0.468463,1.39781
Oral,Atyrau,264,265,1.39946,-0.468926,2.0557
Oral,Saratov,264,646,1.98098,-0.492329,2.95627
Oral,Aktobe,264,647,0.956112,-0.472548,1.40792
Atyrau,Beineu,265,266,0.673826,-0.479023,0.996604
Atyrau,Beyneu,265,351,0.673826,-0.479023,0.996604
Beineu,Shetpe,266,267,0.262734,-0.477688,0.38824
Shetpe,Zhetybai,267,268,0.102653,-0.476362,0.151554
Zhetybai,Fetisovo,268,269,0.040373,-0.474817,0.0595428
Fetisovo,Bekdash,269,270,0.0164321,-0.471593,0.0241814
Bekdash,Türkmenbaşy,270,271,0.00798975,-0.461253,0.011675
Türkmenbaşy,Gyzylarbat,271,272,0.00691799,-0.442512,0.00997928
Gyzylarbat,Ashgabat,272,432,0.0119688,-0.434985,0.0171751
Chelyabinsk,Kostanay,273,274,0.197928,-0.464659,0.289896
Chelyabinsk,Ufa,273,322,0.426046,-0.467795,0.625348
Chelyabinsk,Kurgan,273,323,0.217513,-0.463005,0.318222
Kostanay,Esil,274,275,0.0847776,-0.460509,0.123818
Esil,Derzhavinsk,275,276,0.0497092,-0.446213,0.07189
Derzhavinsk,Arkalyk,276,277,0.0590025,-0.425491,0.0841076
Arkalyk,Jezkazgan,277,278,0.118506,-0.416417,0.167854
Jezkazgan,Kyzylorda,278,279,0.180958,-0.410264,0.255199
Jezkazgan,Karaganda,278,286,0.174846,-0.416548,0.247678
Kyzylorda,Shymkent,279,280,0.167487,-0.41052,0.236244
Kyzylorda,Novokazalinsk,279,650,0.134056,-0.420569,0.190435
Shymkent,Tashkent,280,281,0.124823,-0.403897,0.175238
Shymkent,Zhambyl,280,359,0.101408,-0.404714,0.142449
Tashkent,Ayni,281,282,0.0438986,-0.401871,0.0615401
Tashkent,Jizzakh,281,358,0.0564798,-0.401629,0.0791637
Tashkent,Kokand,281,689,0.0463945,-0.40153,0.0650233
Ayni,Dushanbe,282,283,0.0332531,-0.395976,0.0464205
Ayni,Kokand,282,689,0.0166583,-0.396157,0.0232576
Dushanbe,Termez,283,440,0.0178793,-0.392676,0.0249
Dushanbe,Jirgatal,283,441,0.0182686,-0.3927,0.0254427
Dushanbe,Kulob,283,692,0.01337,-0.392706,0.0186205
Ishim,Astana,284,285,0.0893118,-0.438251,0.128453
Ishim,Omsk,284,291,0.0893118,-0.438251,0.128453
Ishim,Kurgan,284,323,0.147958,-0.454578,0.215217
Ishim,Tyumen,284,635,0.0992593,-0.451292,0.144054
Astana,Karaganda,285,286,0.091493,-0.425432,0.130417
Karaganda,Balkhash,286,287,0.100811,-0.414971,0.142644
Karaganda,Pavlodar,286,292,0.107713,-0.421274,0.15309
Balkhash,Burubaytal,287,288,0.0589361,-0.410834,0.0831491
Burubaytal,Almaty,288,289,0.0654876,-0.404582,0.0919827
Almaty,Bishkek,289,290,0.0981344,-0.400945,0.137481
Almaty,Sary-Ozek,289,360,0.0474659,-0.401557,0.0665262
Almaty,Kokpek,289,695,0.0389708,-0.40166,0.0546238
Bishkek,Zhambyl,290,359,0.0882594,-0.401708,0.123714
Bishkek,Osh,290,691,0.0875721,-0.399445,0.122552
Omsk,Pavlodar,291,292,0.0673875,-0.43019,0.0963769
Pavlodar,Semey,292,293,0.0555601,-0.424442,0.0791421
Semey,Georgiyevka,293,294,0.0230303,-0.423899,0.0327928
Georgiyevka,Ayagoz,294,364,0.0100256,-0.422321,0.0142596
Narvik,Kiruna,295,296,0.001924,-0.359453,0.00261559
Narvik,Setermoen,295,498,0.00128047,-0.414059,0.00181066
Kiruna,Töre,296,297,0.00395072,-0.345474,0.00531558
Töre,Luleå,297,298,0.00870716,-0.343658,0.0116995
Luleå,Umeå,298,612,0.0150832,-0.343148,0.020259
Luleå,Haparanda,298,613,0.00973551,-0.345968,0.0131037
Helsingborg,Halmstad,299,300,0.0124426,-0.345633,0.0167432
Helsingborg,Jönköping,299,605,0.00766274,-0.345585,0.0103109
Örebro,Stockholm,301,302,0.0239253,-0.345387,0.0321887
Örebro,Karlstad,301,620,0.0142955,-0.34554,0.0192352
Stockholm,Södertälje,302,608,0.0176697,-0.345188,0.023769
Stockholm,Uppsala,302,609,0.0208847,-0.344841,0.0280866
Tallinn,Narva,303,304,1.91561,-0.529254,2.92946
Tallinn,Riga,303,547,2.66451,-0.530393,4.07774
Colchester,Ipswich,305,306,6.60056e-05,-0.483851,6.60056e-05
Ipswich,Cambridge,306,636,6.60056e-05,-0.483851,6.60056e-05
The Hague,Gouda,307,308,0.38378,-0.521614,0.583965
Amersfoort,Oldenzaal,309,310,0.654518,-0.521981,0.996164
Amersfoort,Hoogeveen,309,698,0.610825,-0.521902,0.929616
Oldenzaal,Osnabrück,310,311,0.567313,-0.522908,0.863965
Osnabrück,Bad Oeynhausen,311,312,1.07341,-0.523327,1.63516
Bad Oeynhausen,Dortmund,312,508,1.85233,-0.523638,2.82228
Braunschweig,Magdeburg,313,314,1.40785,-0.521021,2.14137
Magdeburg,Halle,314,518,1.48745,-0.520289,2.26135
Poznań,Warsaw,315,316,2.88059,-0.526205,4.39637
Poznań,Wrocław,315,339,1.6634,-0.523905,2.53486
Warsaw,Elbląg,316,564,2.32393,-0.527527,3.54987
Warsaw,Radom,316,565,2.73287,-0.525715,4.16958
Warsaw,Lublin,316,713,3.26165,-0.526218,4.97798
Brest,Rennes,317,365,0.321563,-0.51307,0.486547
Brest,Lorient,317,388,0.175426,-0.512594,0.265349
Minsk,Smolensk,318,319,4.55995,-0.527666,6.96608
Minsk,Babruysk,318,703,4.17232,-0.530237,6.38465
Ryazan,Penza,320,321,1.89743,-0.508303,2.8619
Ufa,Yelabuga,322,632,0.470305,-0.471652,0.692126
Bruges,Ghent,324,325,1.6214,-0.517184,2.45996
Bruges,Zeebrugge,324,642,1.83837,-0.517571,2.78986
Ghent,Brussels,325,326,2.21215,-0.517507,3.35695
Brussels,Leuven,326,327,2.85924,-0.519389,4.34429
Leuven,Hasselt,327,708,1.89933,-0.521567,2.88996
Eupen,Aachen,328,329,2.32009,-0.523463,3.53457
Eupen,St. Vith,328,653,1.18767,-0.522598,1.80835
Aachen,Heerlen,329,709,1.83048,-0.523872,2.78941
Olpe,Wetzlar,330,331,2.17986,-0.52408,3.32228
Wetzlar,Gießen,331,332,2.18313,-0.524271,3.32769
Wetzlar,Dortmund,331,508,3.03653,-0.524081,4.62791
Wetzlar,Aschaffenburg,331,509,2.33913,-0.52394,3.5647
Wetzlar,Koblenz,331,660,2.2895,-0.524064,3.48935
Gießen,Bad Hersfeld,332,333,1.35855,-0.524469,2.07107
Bad Hersfeld,Eisenach,333,334,0.630816,-0.523735,0.961197
Eisenach,Erfurt,334,335,0.563843,-0.521371,0.857815
Erfurt,Gera,335,336,1.08481,-0.519929,1.64884
Gera,Chemnitz,336,337,1.61262,-0.519429,2.45027
Gera,Leipzig,336,526,1.62597,-0.519748,2.47106
Gera,Hirschberg,336,527,1.14427,-0.519613,1.73884
Chemnitz,Plauen,337,519,1.51993,-0.519374,2.30934
Wrocław,Opole,339,340,1.36706,-0.5221,2.0808
Wrocław,Kłodzko,339,548,1.38719,-0.522119,2.11147
Opole,Gliwice,340,341,0.650885,-0.521905,0.990585
Gliwice,Zabrze,341,342,0.614112,-0.521419,0.934321
Kraków,Rzeszów,343,344,0.882554,-0.521292,1.34262
Kraków,Radom,343,565,1.09101,-0.524175,1.66289
Kraków,Trstená,343,566,1.09676,-0.519284,1.66629
Rzeszów,Jarosław,344,345,0.85253,-0.522213,1.29773
Rzeszów,Radom,344,565,0.946732,-0.524749,1.44353
Rzeszów,Barwinek,344,710,0.667996,-0.522268,1.01687
Jarosław,Korczowa,345,346,0.920558,-0.520652,1.39985
Korczowa,Lviv,346,347,1.94717,-0.519525,2.95877
Lviv,Rivne,347,348,2.65883,-0.521353,4.04502
Lviv,Mukachevo,347,378,3.40712,-0.514912,5.16149
Lviv,Lublin,347,713,1.98084,-0.521931,3.01469
Rivne,Zhytomyr,348,349,1.686,-0.523688,2.56894
Rivne,Kovel,348,714,1.66492,-0.523763,2.53695
Zhytomyr,Vinnytsia,349,381,2.81836,-0.523947,4.29503
Beyneu,Qo‘ng‘irot,351,352,0.265074,-0.477318,0.391599
Qo‘ng‘irot,Nukus,352,353,0.109372,-0.474066,0.161222
Nukus,Daşoguz,353,354,0.057369,-0.465385,0.0840677
Daşoguz,Bukhara,354,355,0.0208733,-0.438824,0.030033
Daşoguz,Ashgabat,354,432,0.0235903,-0.440671,0.0339858
Daşoguz,Uchkuduk,354,688,0.015694,-0.451903,0.0227862
Bukhara,Navoiy,355,356,0.0176657,-0.413435,0.0249693
Bukhara,Alat,355,436,0.0142431,-0.417512,0.0201898
Bukhara,Karshi,355,437,0.014461,-0.416595,0.0204854
Bukhara,Uchkuduk,355,688,0.0101856,-0.423583,0.0145001
Navoiy,Samarkand,356,357,0.0154339,-0.40388,0.0216674
Samarkand,Jizzakh,357,358,0.0256691,-0.400786,0.0359568
Sary-Ozek,Taldykorgan,360,361,0.0226632,-0.40105,0.0317523
Sary-Ozek,Koktal,360,697,0.0213782,-0.400908,0.0299489
Taldykorgan,Ucharal,361,362,0.0100541,-0.401809,0.0140939
Ucharal,Taskesken,362,363,0.00552463,-0.406707,0.00777153
Taskesken,Ayagoz,363,364,0.00548897,-0.4165,0.00777512
Rennes,Le Mans,365,366,0.797668,-0.513264,1.20708
Le Mans,Angers,366,391,0.650674,-0.513306,0.984668
Le Mans,Tours,366,392,0.755813,-0.512316,1.14303
Le Mans,Rouen,366,662,1.2542,-0.515018,1.90014
Reims,Charleroi,367,651,1.75979,-0.517036,2.66966
Reims,Charleville-Mézières,367,658,1.61264,-0.517933,2.44787
Reims,Rouen,367,662,1.81322,-0.515296,2.74756
Saarbrücken,Mannheim,368,369,3.178,-0.523216,4.84079
Saarbrücken,Trier,368,659,1.63537,-0.521972,2.48898
Mannheim,Heilbronn,369,370,2.97164,-0.523005,4.52583
Rozvadov,Plzeň,371,372,2.34995,-0.517687,3.56648
Plzeň,Karlovy Vary,372,523,1.62694,-0.517083,2.46821
Plzeň,České Budějovice,372,524,1.87104,-0.515572,2.8357
Plzeň,Bayerisch Eisenstein,372,530,1.92414,-0.51667,2.91828
Trenčín,Prešov,373,374,1.20882,-0.510378,1.82577
Prešov,Košice,374,375,1.86338,-0.509101,2.81203
Prešov,Svidník,374,712,0.919026,-0.510658,1.38833
Košice,Vyšné Nemecké,375,376,0.937476,-0.508359,1.41405
Košice,Uzhhorod,375,377,1.83193,-0.510064,2.76632
Košice,Miskolc,375,552,1.64787,-0.504828,2.47976
Košice,Zvolen,375,568,1.74859,-0.506883,2.63492
Vyšné Nemecké,Uzhhorod,376,377,0.894449,-0.51185,1.35227
Uzhhorod,Mukachevo,377,378,2.98691,-0.513311,4.52012
Uzhhorod,Chop,377,723,1.48471,-0.510143,2.24212
Mukachevo,Stryj,378,379,2.18093,-0.511397,3.29625
Mukachevo,Halmeu,378,578,2.58182,-0.506281,3.88894
Khmelnytskyi,Vinnytsia,380,381,1.75061,-0.522789,2.66581
Vinnytsia,Uman,381,382,1.70898,-0.523496,2.60363
Vinnytsia,Mohyliv-Podilskyi,381,728,1.57679,-0.522983,2.40143
Uman,Kirovohrad,382,383,1.27989,-0.522077,1.94809
Kirovohrad,Dnipropetrovsk,383,384,0.88367,-0.520849,1.34393
Kirovohrad,Chişinău,383,672,1.75717,-0.519774,2.6705
Dnipropetrovsk,Donetsk,384,385,0.368597,-0.520335,0.560392
Donetsk,Rostov-on-Don,385,386,0.237113,-0.517957,0.359928
Rostov-on-Don,Armavir,386,387,0.195745,-0.51187,0.295942
Rostov-on-Don,Taganrog,386,675,0.212585,-0.517289,0.322553
Lorient,Vannes,388,389,0.209135,-0.512123,0.316238
Vannes,Nantes,389,390,0.45705,-0.511755,0.690948
Nantes,Angers,390,391,0.636907,-0.511826,0.962893
Nantes,Poitiers,390,676,0.893708,-0.511153,1.35053
Angers,Tours,391,392,0.491178,-0.509397,0.741382
Tours,Vierzon,392,503,0.639326,-0.508399,0.964359
Montargis,Auxerre,393,394,1.18101,-0.511576,1.78518
Auxerre,Beaune,394,395,2.22887,-0.51273,3.37167
Beaune,Dole,395,396,2.28345,-0.514905,3.4592
Beaune,Antwerp,395,505,3.92377,-0.515879,5.94796
Dole,Besançon,396,397,1.21616,-0.516165,1.8439
Besançon,Belfort,397,398,1.40435,-0.517914,2.13168
Zürich,Winterthur,399,400,1.38148,-0.518657,2.09799
Winterthur,St. Gallen,400,401,0.98349,-0.518609,1.49354
Winterthur,Schaffhausen,400,511,1.3522,-0.520489,2.05601
St. Gallen,St. Margrethen,401,402,0.89321,-0.517025,1.35502
St. Margrethen,Bregenz,402,403,1.46127,-0.515866,2.2151
St. Margrethen,Buchs,402,514,0.681953,-0.516185,1.03397
Bregenz,Feldkirch,403,748,1.40044,-0.515262,2.12203
Bregenz,Lindau,403,513,2.20841,-0.515894,3.34772
Feldkirch,Landeck,748,404,0.634316,-0.514024,0.96037
Feldkirch,Imst,748,406,0.661643,-0.513947,1.00169
Landeck,Telfs,404,405,0.44119,-0.513173,0.667596
Sattledt,Liezen,408,532,0.926397,-0.510203,1.39905
Sattledt,Wels,408,669,0.993483,-0.512612,1.50275
Sankt Pölten,Vienna,409,410,1.92055,-0.508824,2.89777
Vienna,Nickelsdorf,410,411,2.08398,-0.506547,3.13962
Vienna,Halámky,410,525,2.02927,-0.508929,3.06203
Vienna,Graz,410,534,2.55606,-0.506095,3.84967
Nickelsdorf,Mosonmagyaróvár,411,412,1.42125,-0.502973,2.13611
Szolnok,Püspökladány,413,414,1.48894,-0.489929,2.21842
Püspökladány,Oradea,414,415,1.86248,-0.488607,2.7725
Püspökladány,Nyíregyháza,414,722,1.17592,-0.493092,1.75575
Oradea,Cluj-Napoca,415,416,0.866645,-0.483847,1.28597
Oradea,Berettyóújfalu,415,570,1.2792,-0.488555,1.90416
Oradea,Beiuş,415,571,0.824211,-0.484896,1.22387
Oradea,Satu Mare,415,579,1.3652,-0.489397,2.03332
Oradea,Arad,415,684,1.38259,-0.482991,2.05038
Cluj-Napoca,Turda,416,417,0.545922,-0.483899,0.810093
Cluj-Napoca,Zalău,416,580,0.536362,-0.487569,0.797875
Turda,Târgu Mureş,417,418,0.236796,-0.480967,0.350687
Turda,Sebeş,417,581,0.244554,-0.4807,0.36211
Târgu Mureş,Braşov,418,419,0.165555,-0.478365,0.244751
Braşov,Ploieşti,419,420,0.140519,-0.478509,0.207759
Braşov,Sibiu,419,582,0.194767,-0.477467,0.287761
Braşov,Piteşti,419,583,0.115286,-0.4752,0.17007
Slobozia,Hârşova,421,422,0.275628,-0.497866,0.412854
Slobozia,Galaţi,421,588,0.483749,-0.505005,0.728045
Hârşova,Constanţa,422,423,0.27462,-0.491146,0.409498
Constanţa,Varna,423,463,0.216962,-0.482311,0.321605
Constanţa,Tulcea,423,589,0.278246,-0.496591,0.416421
Senaki,Samtredia,424,425,0.0302503,-0.51756,0.0459066
Senaki,Zugdidi,424,604,0.0802432,-0.516489,0.121688
Samtredia,Kutaisi,425,426,0.0115701,-0.51776,0.0175606
Kutaisi,Khashuri,426,427,0.00487086,-0.515629,0.00738242
Khashuri,Gori,427,428,0.00319478,-0.507181,0.00481511
Rustavi,Ganja,429,430,0.0102649,-0.499419,0.0153914
Ganja,Yevlakh,430,431,0.0238972,-0.500018,0.0358462
Ashgabat,Tejen,432,433,0.0115735,-0.431694,0.0165698
Tejen,Mary,433,434,0.00557562,-0.422822,0.00793311
Mary,Türkmenabat,434,435,0.00429268,-0.413464,0.00606755
Türkmenabat,Alat,435,436,0.00655949,-0.4129,0.0092679
Karshi,Guzar,437,438,0.00710705,-0.408103,0.0100075
Guzar,Sherobod,438,439,0.00555392,-0.397352,0.00776078
Sherobod,Termez,439,440,0.00841451,-0.392427,0.0117166
Jirgatal,Sary Tash,441,442,0.0168685,-0.393549,0.0235071
Jirgatal,Khorugh,441,694,0.0101492,-0.391754,0.0141253
Sary Tash,Irkeshtam,442,443,0.0224461,-0.395991,0.0313346
Irkeshtam,Osh,443,691,0.0458006,-0.397594,0.0640107
A Coruña,Bilbao,444,445,0.0775472,-0.490976,0.115621
A Coruña,Pontevedra,444,481,0.0322199,-0.486318,0.047889
Clermont-Ferrand,Montluçon,446,504,0.731073,-0.505235,1.10044
Chambéry,Susa,447,448,0.795131,-0.506445,1.19782
Chambéry,Marseille,447,736,0.607063,-0.507358,0.91506
Susa,Turin,448,449,0.488437,-0.499928,0.732621
Tortona,Brescia,450,451,0.157281,-0.469789,0.231169
Trieste,Postojna,452,453,0.232322,-0.486543,0.345356
Trieste,Ljubljana,452,454,0.469096,-0.49104,0.69944
Postojna,Ljubljana,453,454,0.335268,-0.493986,0.500885
Ljubljana,Maribor,454,535,0.602315,-0.4978,0.902147
Ljubljana,Naklo,454,538,0.874553,-0.497476,1.30962
Vršac,Timişoara,456,457,0.529066,-0.472655,0.779132
Timişoara,Drobeta-Turnu Severin,457,458,0.590344,-0.471968,0.868967
Timişoara,Arad,457,684,0.997067,-0.477178,1.47284
Drobeta-Turnu Severin,Craiova,458,459,0.555552,-0.469018,0.816116
Craiova,Alexandria,459,460,0.234849,-0.471737,0.345636
Craiova,Târgu Jiu,459,574,0.326941,-0.469644,0.480487
Craiova,Piteşti,459,583,0.304983,-0.470814,0.448573
Razgrad,Shumen,461,462,0.0490794,-0.465412,0.0719216
Shumen,Varna,462,463,0.0822605,-0.47221,0.121105
Varna,Burgas,463,590,0.080907,-0.472335,0.119122
Lisbon,Valladolid,464,465,0.0526132,-0.477751,0.0777492
Lisbon,Porto,464,483,0.0453686,-0.470872,0.0667314
Lisbon,Albufeira,464,484,0.043805,-0.469107,0.0643542
Toulouse,Nice,466,467,0.657456,-0.495237,0.983052
Nice,Cuneo,467,685,0.260575,-0.488622,0.387898
Sofia,Plovdiv,468,469,0.197038,-0.447871,0.285285
Sofia,Botevgrad,468,575,0.19782,-0.447933,0.28643
Sofia,Blagoevgrad,468,576,0.210359,-0.445627,0.304101
Sofia,Kyustendil,468,745,0.152765,-0.450595,0.221601
Plovdiv,Istanbul,469,470,0.0814984,-0.446345,0.117875
Istanbul,İzmit,470,471,0.0387118,-0.444568,0.0559218
İzmit,Gerede,471,472,0.013101,-0.442442,0.0188974
İzmit,Bursa,471,479,0.0130608,-0.441543,0.0188277
Gerede,Kızılcahamam,472,599,0.00605415,-0.44078,0.0087227
Mazara del Vallo,Palermo,473,474,6.60056e-05,-0.483851,6.60056e-05
Metaponto,Taranto,475,476,0.00515821,-0.445892,0.00745821
Metaponto,Potenza,475,743,0.00274662,-0.444017,0.00396616
Ioannina,Trikala,477,687,0.0143519,-0.412451,0.0202714
Gelibolu,Keşan,478,596,0.0454463,-0.412522,0.0641939
Gelibolu,Ayvalık,478,597,0.0454504,-0.412504,0.0641989
Bursa,Ankara,479,480,0.00644767,-0.438505,0.00927501
Bursa,Balıkesir,479,746,0.00737268,-0.434176,0.0105737
Ankara,Kızılcahamam,480,599,0.00434439,-0.438846,0.00625091
Pontevedra,Valença,481,482,0.0182308,-0.477057,0.0269279
Valença,Porto,482,483,0.021636,-0.469761,0.0317997
Albufeira,Castro Marim,484,485,0.0218872,-0.463852,0.0320396
Castro Marim,Huelva,485,486,0.0202743,-0.462928,0.0296598
Cherbourg-Octeville,La Rochelle,487,488,0.171572,-0.513197,0.259622
Cherbourg-Octeville,Caen,487,661,0.38293,-0.515358,0.580276
La Rochelle,Saintes,488,730,0.136315,-0.507156,0.205448
Oslo,Hamar,489,490,0.0109888,-0.345691,0.0147875
Oslo,Askim,489,619,0.0114431,-0.345648,0.0153984
Hamar,Lillehammer,490,491,0.00694864,-0.345555,0.00934977
Lillehammer,Dombås,491,492,0.00771078,-0.345137,0.0103721
Dombås,Trondheim,492,493,0.0137955,-0.344764,0.0185517
Trondheim,Stjørdal,493,494,0.0134902,-0.34464,0.0181394
Stjørdal,Steinkjer,494,495,0.00678448,-0.34448,0.00912159
Steinkjer,Mosjøen,495,496,0.00475302,-0.343725,0.00638675
Mosjøen,Mo i Rana,496,497,0.00598902,-0.342909,0.00804271
Mo i Rana,Umeå,497,612,0.0113324,-0.342803,0.0152172
Setermoen,Alta,498,499,0.00169731,-0.48116,0.00251399
Alta,Olderfjord,499,500,0.00374752,-0.500404,0.00562279
Olderfjord,Lakselv,500,501,0.00954827,-0.499071,0.0143135
Lakselv,Karasjok,501,502,0.0248795,-0.495836,0.0372157
Vierzon,Montluçon,503,504,0.454895,-0.506281,0.6852
Antwerp,Zeebrugge,505,642,2.68749,-0.517723,4.07886
Martigny,Sion,506,678,0.605309,-0.503331,0.909981
Bremen,Groningen,507,624,2.3227,-0.522887,3.53721
Stuttgart,Schaffhausen,510,511,2.08464,-0.521575,3.17193
Stuttgart,Ulm,510,512,1.8251,-0.520326,2.77475
Ulm,Lindau,512,513,1.55532,-0.518694,2.36206
Lindau,Waldshut,513,666,2.1228,-0.517864,3.22212
Buchs,Chur,514,515,0.27096,-0.516053,0.41079
Chur,San Bernardino,515,516,0.139627,-0.515968,0.211671
Halle,Plauen,518,519,1.41468,-0.519793,2.15002
Plauen,Schönberg,519,520,1.15481,-0.5195,1.75473
Plauen,Hof,519,528,1.53577,-0.519595,2.33375
Schönberg,Vojtanov,520,521,0.696866,-0.519212,1.05869
Vojtanov,Cheb,521,522,0.962565,-0.518729,1.46188
Cheb,Karlovy Vary,522,523,1.58336,-0.517772,2.40317
Cheb,Marktredwitz,522,663,1.27569,-0.519053,1.93784
Karlovy Vary,Teplice,523,715,0.97164,-0.516874,1.47385
České Budějovice,Halámky,524,525,1.28953,-0.512305,1.95016
Hirschberg,Hof,527,528,1.18889,-0.519558,1.80659
Hof,Bayreuth,528,529,1.94135,-0.519545,2.94997
Bayreuth,Marktredwitz,529,663,1.75317,-0.519616,2.66415
Bayerisch Eisenstein,Deggendorf,530,531,1.44408,-0.516799,2.19037
Liezen,Sankt Michael,532,533,0.738462,-0.507369,1.11313
Sankt Michael,Graz,533,534,1.29987,-0.505142,1.95649
Graz,Maribor,534,535,1.07734,-0.502339,1.61853
Graz,Spielfeld,534,536,0.833242,-0.504403,1.25353
Graz,Klagenfurt,534,683,1.51985,-0.502722,2.28391
Maribor,Spielfeld,535,536,0.353199,-0.498873,0.5294
Karavanke Tunnel,Naklo,537,538,0.783279,-0.501563,1.17614
Naklo,Loiblpass,538,734,0.740792,-0.500705,1.11171
Kemijärvi,Posio,539,540,0.00214288,-0.404856,0.00301044
Posio,Kuusamo,540,541,0.00129009,-0.392882,0.00179694
Kuusamo,Kajaani,541,542,0.00145099,-0.393787,0.00202238
Kajaani,Iisalmi,542,543,0.00275467,-0.404724,0.00386955
Iisalmi,Kuopio,543,544,0.0062881,-0.416115,0.00890467
Tampere,Turku,545,546,0.0112628,-0.456889,0.0164087
Tampere,Vaasa,545,616,0.0123255,-0.446186,0.017825
Tampere,Hämeenlinna,545,618,0.032087,-0.486408,0.0476944
Turku,Pori,546,617,0.00608272,-0.440982,0.00876509
Riga,Šiauliai,547,561,2.79101,-0.532613,4.27753
Riga,Rēzekne,547,627,2.92225,-0.530848,4.47352
Kłodzko,Kudowa-Zdrój,548,549,0.626688,-0.520975,0.953176
Kudowa-Zdrój,Náchod,549,550,0.519165,-0.517849,0.788013
Náchod,Hradec Králové,550,551,0.949339,-0.515626,1.43884
Hradec Králové,Olomouc,551,716,1.29647,-0.514115,1.96301
Miskolc,Debrecen,552,569,1.27605,-0.499082,1.91291
Szekszárd,Mohács,555,556,0.71905,-0.494152,1.07437
Mohács,Osijek,556,557,0.440688,-0.492685,0.657808
Osijek,Đakovo,557,558,0.257507,-0.490745,0.383878
Osijek,Sombor,557,735,0.417,-0.489448,0.621099
Đakovo,Šamac,558,559,0.110128,-0.48774,0.163842
Šamac,Zenica,559,560,0.0701763,-0.476549,0.103619
Zenica,Sarajevo,560,737,0.0971094,-0.464955,0.142261
Šiauliai,Tolpaki,561,562,2.17222,-0.533794,3.33174
Šiauliai,Palanga,561,704,1.67146,-0.533412,2.56304
Šiauliai,Panevėžys,561,705,1.7297,-0.533411,2.65235
Tolpaki,Kaliningrad,562,563,1.35268,-0.532586,2.07309
Tolpaki,Nesterov,562,640,1.28314,-0.534001,1.96834
Trstená,Ružomberok,566,567,0.862097,-0.512516,1.30394
Ružomberok,Zvolen,567,568,1.51111,-0.507342,2.27776
Debrecen,Berettyóújfalu,569,570,0.855145,-0.494046,1.27763
Beiuş,Deva,571,572,0.530868,-0.480767,0.786092
Deva,Petroşani,572,573,0.408388,-0.474709,0.602254
Deva,Sibiu,572,582,0.529175,-0.475104,0.780588
Deva,Arad,572,684,0.743957,-0.477527,1.09922
Petroşani,Târgu Jiu,573,574,0.249811,-0.47177,0.367664
Botevgrad,Jablanica,575,585,0.083632,-0.446924,0.121009
Blagoevgrad,Serres,576,577,0.116465,-0.436474,0.1673
Halmeu,Satu Mare,578,579,1.77343,-0.496144,2.65331
Satu Mare,Zalău,579,580,0.731783,-0.491402,1.09138
Sebeş,Sibiu,581,582,0.241851,-0.47667,0.357134
Sibiu,Piteşti,582,583,0.252454,-0.473501,0.371991
Pleven,Jablanica,584,585,0.0441981,-0.448355,0.0640146
Izmail,Reni,586,587,0.810999,-0.518358,1.23139
Reni,Galaţi,587,588,0.643121,-0.513771,0.973539
Galaţi,Tulcea,588,589,0.372437,-0.506605,0.561116
Galaţi,Giurgiuleşti,588,729,0.772848,-0.514353,1.17037
Burgas,Malko Tarnovo,590,591,0.0386534,-0.465146,0.0566329
Malko Tarnovo,Dereköy,591,592,0.0157684,-0.460039,0.0230224
Dereköy,Kırklareli,592,593,0.00739151,-0.449339,0.0107128
Kırklareli,Babaeski,593,594,0.00565722,-0.429149,0.00808501
Babaeski,Havsa,594,595,0.00877852,-0.415506,0.012426
Havsa,Keşan,595,596,0.0191949,-0.412482,0.0271124
Ayvalık,İzmir,597,598,0.0192064,-0.412309,0.0271253
İzmir,Manisa,598,747,0.00880025,-0.414199,0.0124453
Kherson,Dzhankoy,600,601,1.02943,-0.514949,1.55954
Kherson,Mykolaiv,600,673,1.20022,-0.519833,1.82413
Kherson,Melitopol,600,674,0.655357,-0.518682,0.995279
Sochi,Sukhumi,602,603,0.564573,-0.510956,0.853045
Sukhumi,Zugdidi,603,604,0.213125,-0.512762,0.322408
Jönköping,Linköping,605,606,0.00566394,-0.345495,0.0076208
Linköping,Norrköping,606,607,0.00757886,-0.345413,0.0101967
Norrköping,Södertälje,607,608,0.0117749,-0.345275,0.0158405
Norrköping,Kalmar,607,626,0.00755054,-0.34541,0.0101586
Uppsala,Sundsvall,609,610,0.0214817,-0.344214,0.0288761
Sundsvall,Örnsköldsvik,610,611,0.0198455,-0.343668,0.0266657
Örnsköldsvik,Umeå,611,612,0.0159186,-0.343147,0.021381
Haparanda,Tornio,613,614,0.00710197,-0.356096,0.00963096
Kokkola,Vaasa,615,616,0.00948358,-0.419277,0.0134598
Vaasa,Pori,616,617,0.00626738,-0.431829,0.00897381
Askim,Karlstad,619,620,0.0095638,-0.345629,0.0128693
Kotka,Vaalimaa,621,622,0.385788,-0.525938,0.588688
Vaalimaa,Vyborg,622,623,1.00608,-0.525839,1.53512
Groningen,Hoogeveen,624,698,0.841964,-0.522341,1.28176
Sassnitz,Stralsund,625,699,0.448122,-0.520301,0.68128
Rēzekne,Velikiye Luki,627,628,3.14553,-0.525613,4.79885
Rēzekne,Daugavpils,627,702,1.96817,-0.530329,3.01195
Vladimir,Nizhny Novgorod,629,630,1.73699,-0.512315,2.62687
Nizhny Novgorod,Kazan,630,631,0.729178,-0.508863,1.10023
Kazan,Yelabuga,631,632,0.463475,-0.494894,0.692846
Yelabuga,Perm,632,633,0.282728,-0.481738,0.418929
Perm,Yekaterinburg,633,634,0.121096,-0.477824,0.178958
Yekaterinburg,Tyumen,634,635,0.0751879,-0.465362,0.110177
Koszalin,Słupsk,637,638,0.266126,-0.524494,0.405707
Słupsk,Gdynia,638,639,0.446169,-0.527127,0.681356
Nesterov,Marijampolė,640,641,1.15904,-0.533836,1.77778
Aktobe,Karabutak,647,648,0.381545,-0.470286,0.560981
Karabutak,Aral,648,649,0.16585,-0.463475,0.242717
Aral,Novokazalinsk,649,650,0.103889,-0.4434,0.149953
Charleroi,Namur,651,652,1.26489,-0.518762,1.92107
St. Vith,Wittlich,653,654,1.25939,-0.522155,1.91699
Wittlich,Bingen,654,655,0.796335,-0.523577,1.21328
Bingen,Wiesbaden,655,656,1.16716,-0.524458,1.77929
Amiens,Charleville-Mézières,657,658,1.44599,-0.517366,2.1941
Trier,Koblenz,659,660,1.70953,-0.523096,2.60378
Caen,Rouen,661,662,0.988981,-0.515563,1.49886
Regensburg,Passau,667,668,1.23435,-0.518251,1.87405
Passau,Wels,668,669,1.22183,-0.515404,1.85157
Wels,Braunau am Inn,669,721,1.40864,-0.513788,2.13239
Iaşi,Sculeni,670,671,1.27149,-0.512401,1.923
Iaşi,Bălţi,670,727,1.0825,-0.512025,1.63677
Sculeni,Chişinău,671,672,1.51094,-0.51707,2.29219
Chişinău,Giurgiuleşti,672,729,1.20465,-0.518017,1.82868
Melitopol,Taganrog,674,675,0.285672,-0.519126,0.433971
Poitiers,Mâcon,676,677,1.67385,-0.510822,2.52889
Sion,Simplon,678,679,0.25765,-0.505513,0.387895
Simplon,Gravellona Toce,679,680,0.170481,-0.492772,0.254489
Innichen,Spittal an der Drau,681,682,0.575098,-0.505604,0.86587
Klagenfurt,Loiblpass,683,734,0.871268,-0.50255,1.30912
Cuneo,Asti,685,686,0.149798,-0.484875,0.222431
Kokand,Andijan,689,690,0.0365195,-0.397865,0.0510494
Andijan,Osh,690,691,0.0478904,-0.397211,0.0669131
Kulob,Kalaikhumb,692,693,0.00702527,-0.391074,0.00977267
Kalaikhumb,Khorugh,693,694,0.0061753,-0.390582,0.00858726
Kokpek,Chundzha,695,696,0.0190595,-0.401041,0.0267031
Chundzha,Koktal,696,697,0.0144355,-0.400637,0.0202189
Stralsund,Neubrandenburg,699,700,0.655001,-0.520306,0.995802
Ukmergė,Daugavpils,701,702,1.9365,-0.532574,2.96783
Ukmergė,Panevėžys,701,705,1.78029,-0.533554,2.73017
Breda,Gorinchem,706,707,0.825097,-0.521087,1.25504
Hasselt,Heerlen,708,709,1.2245,-0.522992,1.8649
Barwinek,Vyšný Komárnik,710,711,0.358832,-0.519076,0.545093
Vyšný Komárnik,Svidník,711,712,0.42219,-0.513367,0.638929
Lublin,Kovel,713,714,1.58436,-0.52457,2.41547
Olomouc,Český Těšín,716,717,0.831661,-0.515851,1.26067
Garmisch-Partenkirchen,Mittenwald,718,719,0.898402,-0.515415,1.36145
Mittenwald,Seefeld,719,720,0.569434,-0.514054,0.862154
Nyíregyháza,Chop,722,723,0.885249,-0.502756,1.33031
Dunajská Streda,Medveďov,724,725,0.595961,-0.507103,0.898175
Medveďov,Vámosszabadi,725,726,0.512397,-0.504977,0.771146
Bălţi,Mohyliv-Podilskyi,727,728,0.875488,-0.518751,1.32965
Saintes,Angoulême,730,731,0.239323,-0.503272,0.359768
St. Johann in Tirol,Lofer,732,733,0.895876,-0.51295,1.35542
Sarajevo,Užice,737,738,0.12947,-0.463039,0.189419
Užice,Čačak,738,739,0.196299,-0.465465,0.287669
Čačak,Nova Varoš,739,740,0.19604,-0.465397,0.287276
Avellino,Benevento,741,742,0.0246732,-0.449019,0.0357519
Balıkesir,Manisa,746,747,0.00568424,-0.422612,0.00808646
Warsaw,Brest-Litovsk,316,0,3.0336,-0.529022,4.63844
Brest-Litovsk,Minsk,0,318,3.02036,-0.530177,4.62169
Lyon,Mâcon,17,677,1.66278,-0.511262,2.51289
Beaune,Mâcon,395,677,2.96842,-0.513867,4.49379
