Glasgow,Preston,1,2,6.86657e-05,-0.466719,6.86657e-05
Glasgow,Edinburgh,1,13,6.86657e-05,-0.466719,6.86657e-05
Preston,Birmingham,2,3,6.86657e-05,-0.466719,6.86657e-05
Birmingham,Cambridge,3,636,6.86657e-05,-0.466719,6.86657e-05
Le Havre,Paris,4,5,1.99804,-0.516451,3.02993
Le Havre,Amiens,4,657,1.11399,-0.518544,1.69164
Paris,Orléans,5,6,2.1347,-0.509277,3.22185
Paris,Calais,5,16,1.72928,-0.516617,2.62266
Paris,Lyon,5,17,2.65341,-0.510372,4.00763
Paris,Brussels,5,326,3.00839,-0.519663,4.57175
Paris,Le Mans,5,366,1.69991,-0.511581,2.56956
Paris,Reims,5,367,1.90824,-0.517658,2.89606
Paris,Chaumont,5,665,2.76211,-0.518213,4.19347
Orléans,Bordeaux,6,7,1.07917,-0.497694,1.61627
Orléans,Tours,6,392,1.18457,-0.499076,1.77576
Orléans,Montargis,6,393,1.45019,-0.505037,2.18259
Orléans,Toulouse,6,466,1.25633,-0.493149,1.87589
Bordeaux,San Sebastián,7,8,0.64792,-0.480797,0.959438
Bordeaux,Clermont-Ferrand,7,446,1.18177,-0.492009,1.76321
Bordeaux,Toulouse,7,466,0.551519,-0.479098,0.81575
Bordeaux,Angoulême,7,731,0.704237,-0.487831,1.04779
San Sebastián,Burgos,8,9,0.367922,-0.453004,0.534592
San Sebastián,Bilbao,8,445,0.293547,-0.456279,0.427486
San Sebastián,Toulouse,8,466,0.456104,-0.470007,0.670476
Burgos,Madrid,9,10,0.232809,-0.432932,0.333599
Burgos,Valladolid,9,465,0.150952,-0.437288,0.216962
Madrid,Seville,10,11,0.158158,-0.417361,0.224168
Madrid,Barcelona,10,21,0.321619,-0.44753,0.465554
Madrid,Valencia,10,24,0.168996,-0.425332,0.240875
Madrid,Lisbon,10,464,0.156732,-0.421485,0.222792
Seville,Algeciras,11,12,0.0798422,-0.403418,0.112052
Seville,Huelva,11,486,0.0838561,-0.402746,0.117629
Algeciras,Málaga,12,28,0.0361467,-0.395715,0.0504505
Edinburgh,Newcastle,13,14,6.86657e-05,-0.466719,6.86657e-05
Newcastle,London,14,15,6.86657e-05,-0.466719,6.86657e-05
London,Colchester,15,305,6.86657e-05,-0.466719,6.86657e-05
Calais,Bruges,16,324,1.73639,-0.520432,2.64006
Calais,Rouen,16,662,1.14812,-0.518141,1.743
Lyon,Orange,17,18,1.26144,-0.49972,1.89181
Lyon,Clermont-Ferrand,17,446,1.41304,-0.496598,2.11475
Lyon,Chambéry,17,447,1.22523,-0.505693,1.84483
Orange,Narbonne,18,19,0.574723,-0.497572,0.860689
Orange,Marseille,18,736,0.533473,-0.502304,0.801439
Narbonne,Girona,19,20,0.333193,-0.481427,0.493601
Girona,Barcelona,20,21,0.412479,-0.464075,0.603901
Barcelona,Tarragona,21,22,0.272833,-0.45371,0.39662
Barcelona,Toulouse,21,466,0.742284,-0.468945,1.09037
Tarragona,Castellón de la Plana,22,23,0.13798,-0.440696,0.198787
Castellón de la Plana,Valencia,23,24,0.124741,-0.425168,0.177777
Valencia,Alicante,24,25,0.0949952,-0.416853,0.134594
Alicante,Murcia,25,26,0.0416989,-0.408279,0.0587237
Murcia,Almería,26,27,0.0224522,-0.397586,0.0313788
Almería,Málaga,27,28,0.0210588,-0.391317,0.0292994
Hook of Holland,Rotterdam,29,30,0.559307,-0.521469,0.850969
Hook of Holland,The Hague,29,307,0.302803,-0.519904,0.460232
Rotterdam,Eindhoven,30,31,1.39913,-0.521923,2.12937
Eindhoven,Maastricht,31,32,1.49828,-0.524323,2.28386
Eindhoven,Antwerp,31,505,2.52329,-0.522718,3.84226
Eindhoven,Venlo,31,643,1.91578,-0.52262,2.917
Eindhoven,Breda,31,706,1.41426,-0.52188,2.15233
Maastricht,Liège,32,33,1.85208,-0.526254,2.82675
Liège,Bastogne,33,34,1.72185,-0.52721,2.62963
Liège,Leuven,33,327,2.82208,-0.525641,4.30549
Liège,Eupen,33,328,1.79242,-0.527846,2.73855
Liège,Antwerp,33,505,3.16286,-0.524234,4.82093
Liège,Namur,33,652,1.92473,-0.526261,2.93764
Liège,St. Vith,33,653,1.57326,-0.527276,2.40281
Liège,Charleville-Mézières,33,658,2.05735,-0.525797,3.1391
Bastogne,Arlon,34,35,1.03619,-0.527945,1.58324
Arlon,Luxembourg,35,36,1.44463,-0.527161,2.20618
Luxembourg,Metz,36,37,2.41673,-0.52413,3.6834
Luxembourg,St. Vith,36,653,1.74474,-0.527867,2.66574
Luxembourg,Charleville-Mézières,36,658,1.35043,-0.525203,2.05968
Luxembourg,Trier,36,659,1.71805,-0.527857,2.62493
Metz,Saint-Avold,37,38,2.90109,-0.523787,4.42065
Metz,Lausanne,37,44,2.40411,-0.522538,3.66035
Metz,Geneva,37,45,2.68013,-0.51643,4.06423
Metz,Brussels,37,326,3.33678,-0.522645,5.08073
Metz,Reims,37,367,2.44524,-0.521386,3.72015
Metz,Saarbrücken,37,368,2.74746,-0.525311,4.19073
Saint-Avold,Strasbourg,38,39,2.18896,-0.525199,3.33859
Strasbourg,Mulhouse,39,40,2.74713,-0.525927,4.19192
Strasbourg,Appenweier,39,664,2.06595,-0.526487,3.15365
Mulhouse,Basel,40,41,2.63909,-0.525122,4.02494
Mulhouse,Belfort,40,398,1.98344,-0.525188,3.02512
Mulhouse,Chaumont,40,665,2.53236,-0.52291,3.85656
Basel,Olten,41,42,1.57933,-0.524452,2.40762
Basel,Offenburg,41,61,2.25487,-0.525076,3.43885
Basel,Zürich,41,399,1.8579,-0.523256,2.83006
Basel,Waldshut,41,666,2.20117,-0.522483,3.35124
Olten,Bern,42,43,1.60897,-0.524233,2.45244
Olten,Lucerne,42,62,0.993295,-0.52403,1.51381
Bern,Lausanne,43,44,1.32263,-0.522153,2.01325
Bern,Belfort,43,398,1.64015,-0.524312,2.50011
Bern,Martigny,43,506,0.94112,-0.517134,1.42781
Lausanne,Geneva,44,45,1.07712,-0.511218,1.62777
Lausanne,Martigny,44,506,0.822951,-0.514581,1.24643
Geneva,Mont Blanc,45,46,1.21667,-0.508118,1.83489
Geneva,Chambéry,45,447,1.36845,-0.505869,2.0607
Geneva,Mâcon,45,677,2.1009,-0.512522,3.17766
Mont Blanc,Aosta,46,47,0.72291,-0.504722,1.08778
Aosta,Ivrea,47,48,0.657142,-0.493699,0.981573
Aosta,Martigny,47,506,0.878971,-0.496731,1.31558
Ivrea,Vercelli,48,49,0.274127,-0.482705,0.40645
Ivrea,Turin,48,449,0.411567,-0.479965,0.609105
Vercelli,Alessandria,49,50,0.241622,-0.467625,0.35461
Alessandria,Genoa,50,51,0.31944,-0.454539,0.464638
Alessandria,Turin,50,449,0.304333,-0.469075,0.447087
Alessandria,Tortona,50,450,0.222902,-0.457802,0.324947
Alessandria,Asti,50,686,0.287141,-0.459261,0.419013
Genoa,Rome,51,74,0.652588,-0.443538,0.942036
Genoa,Tortona,51,450,0.366539,-0.448349,0.530876
Genoa,Nice,51,467,0.520128,-0.457958,0.758325
Amsterdam,Utrecht,52,53,1.28295,-0.521053,1.95143
Amsterdam,Amersfoort,52,309,0.744729,-0.522527,1.13387
Amsterdam,Brussels,52,326,3.14887,-0.522557,4.79434
Amsterdam,Groningen,52,624,1.33363,-0.522327,2.03022
Utrecht,Arnhem,53,54,0.977046,-0.519948,1.48506
Utrecht,Gouda,53,308,0.794116,-0.519085,1.20633
Utrecht,Amersfoort,53,309,0.73845,-0.519537,1.1221
Utrecht,Gorinchem,53,707,0.939137,-0.51963,1.42714
Arnhem,Emmerich,54,55,0.882031,-0.521798,1.34227
Emmerich,Oberhausen,55,56,1.7075,-0.523526,2.60142
Oberhausen,Cologne,56,57,2.91828,-0.525516,4.45189
Oberhausen,Dortmund,56,508,2.06454,-0.524049,3.14647
Oberhausen,Venlo,56,643,1.95129,-0.522693,2.97121
Cologne,Frankfurt am Main,57,58,3.36543,-0.528475,5.14398
Cologne,Aachen,57,329,2.94427,-0.52862,4.50067
Cologne,Olpe,57,330,2.08677,-0.527414,3.18736
Cologne,Bremen,57,507,3.09769,-0.524764,4.72325
Frankfurt am Main,Heidelberg,58,59,3.00493,-0.529924,4.59731
Frankfurt am Main,Gießen,58,332,2.13596,-0.529703,3.26739
Frankfurt am Main,Mannheim,58,369,3.46524,-0.529501,5.30009
Frankfurt am Main,Aschaffenburg,58,509,2.51265,-0.528812,3.84137
Frankfurt am Main,Wiesbaden,58,656,2.44632,-0.530468,3.74401
Heidelberg,Karlsruhe,59,60,2.54947,-0.528688,3.89734
Karlsruhe,Offenburg,60,61,2.21378,-0.525506,3.37713
Karlsruhe,Stuttgart,60,510,3.0844,-0.525922,4.70656
Karlsruhe,Appenweier,60,664,2.34457,-0.527374,3.58103
Lucerne,Altdorf,62,63,0.730515,-0.523003,1.11258
Altdorf,Gotthard Pass,63,64,0.515865,-0.520681,0.784467
Altdorf,Zürich,63,399,0.966664,-0.522188,1.47144
Gotthard Pass,Bellinzona,64,65,0.265526,-0.514238,0.40207
Bellinzona,Lugano,65,66,0.144608,-0.497893,0.216608
Bellinzona,San Bernardino,65,516,0.15504,-0.506166,0.233515
Lugano,Chiasso,66,67,0.104636,-0.472411,0.154067
Chiasso,Como,67,68,0.163525,-0.455515,0.238013
Como,Milan,68,69,0.37139,-0.453702,0.539891
Milan,Piacenza,69,70,0.436059,-0.451415,0.632903
Milan,Turin,69,449,0.480613,-0.465263,0.704224
Milan,Tortona,69,450,0.306262,-0.452808,0.44494
Milan,Brescia,69,451,0.385442,-0.451906,0.559626
Milan,Gravellona Toce,69,680,0.397615,-0.457805,0.579646
Piacenza,Parma,70,71,0.327993,-0.447026,0.474614
Parma,Modena,71,72,0.513168,-0.445892,0.741986
Modena,Florence,72,73,0.607952,-0.442469,0.876952
Modena,Verona,72,94,0.688231,-0.447427,0.996165
Modena,Bologna,72,95,0.590489,-0.443954,0.85264
Florence,Rome,73,74,0.553984,-0.440064,0.797773
Rome,Pescara,74,125,0.551809,-0.436973,0.792934
Östersund,Mora,75,76,0.11775,-0.346866,0.158594
Östersund,Trondheim,75,493,0.140081,-0.347185,0.188716
Östersund,Sundsvall,75,610,0.14805,-0.345446,0.199194
Mora,Säffle,76,77,0.0858496,-0.347151,0.115652
Säffle,Gothenburg,77,78,0.113554,-0.346983,0.152956
Gothenburg,Halmstad,78,300,0.109043,-0.346292,0.146803
Gothenburg,Örebro,78,301,0.117876,-0.346297,0.158696
Gothenburg,Oslo,78,489,0.0996507,-0.347394,0.134269
Hamburg,Hanover,79,80,1.93337,-0.521141,2.94093
Hamburg,Berlin,79,108,2.12137,-0.51914,3.22266
Hamburg,Bremen,79,507,2.4095,-0.522413,3.66825
Hamburg,Lübeck,79,517,1.10908,-0.5203,1.68613
Hanover,Göttingen,80,81,1.33478,-0.523226,2.03317
Hanover,Bad Oeynhausen,80,312,1.53356,-0.52306,2.33571
Hanover,Braunschweig,80,313,1.43315,-0.520138,2.17859
Göttingen,Kassel,81,82,1.20176,-0.524933,1.8326
Kassel,Fulda,82,83,1.61402,-0.526662,2.46406
Kassel,Dortmund,82,508,1.87969,-0.525294,2.86708
Fulda,Würzburg,83,84,2.33582,-0.52732,3.56755
Würzburg,Nuremberg,84,85,3.49299,-0.526823,5.33318
Würzburg,Aschaffenburg,84,509,3.06892,-0.52782,4.68876
Würzburg,Stuttgart,84,510,2.44451,-0.528385,3.73615
Würzburg,Ulm,84,512,1.60594,-0.524701,2.44858
Nuremberg,Munich,85,86,3.01816,-0.521093,4.5909
Nuremberg,Heilbronn,85,370,3.13961,-0.526731,4.79334
Nuremberg,Rozvadov,85,371,2.49591,-0.523225,3.80183
Nuremberg,Bayreuth,85,529,3.34159,-0.523574,5.09115
Nuremberg,Regensburg,85,667,2.36985,-0.523663,3.61085
Munich,Rosenheim,86,87,2.19855,-0.515562,3.33204
Munich,Salzburg,86,115,2.62929,-0.514605,3.98233
Munich,Ulm,86,512,2.18104,-0.520038,3.31526
Munich,Lindau,86,513,2.43088,-0.515941,3.68508
Munich,Deggendorf,86,531,2.38637,-0.518929,3.62473
Munich,Garmisch-Partenkirchen,86,718,2.1299,-0.515951,3.22882
Munich,Braunau am Inn,86,721,1.88439,-0.517432,2.85943
Rosenheim,Wörgl,87,88,1.47869,-0.51251,2.23653
Rosenheim,Bad Reichenhall,87,407,1.17329,-0.513482,1.77576
Wörgl,Innsbruck,88,89,1.42764,-0.508241,2.15322
Wörgl,St. Johann in Tirol,88,732,1.06315,-0.510226,1.60559
Innsbruck,Brenner,89,90,0.847396,-0.503706,1.27423
Innsbruck,Telfs,89,405,0.735246,-0.50634,1.10753
Innsbruck,Imst,89,406,0.750993,-0.506453,1.13134
Innsbruck,Seefeld,89,720,0.86493,-0.506653,1.30315
Brenner,Fortezza,90,91,0.528507,-0.497957,0.79168
Fortezza,Bolzano,91,92,0.374776,-0.485112,0.556585
Fortezza,Innichen,91,681,0.464918,-0.497655,0.696286
Bolzano,Trento,92,93,0.325961,-0.463376,0.477004
Trento,Verona,93,94,0.579231,-0.451331,0.840656
Verona,Mestre,94,120,0.823234,-0.451156,1.19464
Verona,Brescia,94,451,0.620006,-0.448434,0.898038
Bologna,Cesena,95,96,0.505358,-0.444114,0.729795
Cesena,Perugia,96,97,0.351335,-0.444466,0.507492
Cesena,Ravenna,96,121,0.516498,-0.447467,0.747613
Cesena,Rimini,96,122,0.365009,-0.443855,0.527021
Perugia,Fiano Romano,97,98,0.145884,-0.44342,0.210572
Fiano Romano,Naples,98,99,0.0698077,-0.440733,0.100574
Naples,Salerno,99,100,0.0189454,-0.436317,0.0272116
Naples,Avellino,99,741,0.0290478,-0.43057,0.0415549
Salerno,Sicignano degli Alburni,100,101,0.0118271,-0.419714,0.0167911
Salerno,Avellino,100,741,0.0156739,-0.418154,0.0222281
Sicignano degli Alburni,Potenza,101,743,0.00656024,-0.408923,0.00924287
Messina,Catania,102,103,6.86657e-05,-0.466719,6.86657e-05
Messina,Palermo,102,474,6.86657e-05,-0.466719,6.86657e-05
Catania,Siracusa,103,104,6.86657e-05,-0.466719,6.86657e-05
Siracusa,Gela,104,105,6.86657e-05,-0.466719,6.86657e-05
Gela,Mazara del Vallo,105,473,6.86657e-05,-0.466719,6.86657e-05
Helsingborg,Copenhagen,299,106,0.0245376,-0.34346,0.0329652
Copenhagen,Malmö,106,135,0.012655,-0.341667,0.0169788
Rostock,Berlin,107,108,1.60104,-0.517832,2.43011
Rostock,Lübeck,107,517,0.800609,-0.518694,1.21588
Rostock,Sassnitz,107,625,0.677355,-0.517693,1.02802
Berlin,Lübbenau,108,109,2.39955,-0.517619,3.6416
Berlin,Szczecin,108,137,1.89952,-0.517688,2.88288
Berlin,Świebodzin,108,139,2.26492,-0.518169,3.43853
Berlin,Magdeburg,108,314,2.3915,-0.518588,3.6317
Berlin,Leipzig,108,526,2.11861,-0.517735,3.21549
Berlin,Neubrandenburg,108,700,1.47687,-0.517798,2.24159
Lübbenau,Dresden,109,110,1.76804,-0.517338,2.68271
Lübbenau,Cottbus,109,644,1.31428,-0.517144,1.99395
Dresden,Ústí nad Labem,110,111,1.80131,-0.517488,2.73346
Dresden,Chemnitz,110,337,2.01656,-0.517407,3.05994
Dresden,Görlitz,110,338,1.2961,-0.517127,1.96635
Ústí nad Labem,Prague,111,112,2.02592,-0.517838,3.07503
Prague,Tábor,112,113,1.9715,-0.516911,2.99059
Prague,Mladá Boleslav,112,146,1.13977,-0.518328,1.73055
Prague,Jihlava,112,147,1.99631,-0.516589,3.02757
Prague,Plzeň,112,372,2.20691,-0.518648,3.35151
Prague,Karlovy Vary,112,523,1.35952,-0.518499,2.06443
Prague,Hradec Králové,112,551,1.48178,-0.51782,2.24908
Tábor,Linz,113,114,1.74462,-0.516257,2.64529
Linz,Salzburg,114,115,1.85711,-0.513687,2.81108
Linz,Sattledt,114,408,0.749131,-0.51528,1.13514
Linz,Sankt Pölten,114,409,1.75686,-0.514672,2.66106
Linz,Wels,114,669,1.31769,-0.516265,1.99796
Salzburg,Villach,115,116,2.82466,-0.508081,4.25981
Salzburg,Bad Reichenhall,115,407,1.43466,-0.512051,2.16927
Salzburg,Sattledt,115,408,1.50094,-0.512974,2.27089
Salzburg,Lofer,115,733,1.71498,-0.511919,2.59291
Villach,Tarvisio,116,117,1.48659,-0.504321,2.23631
Villach,Karavanke Tunnel,116,537,1.27191,-0.504773,1.91394
Villach,Spittal an der Drau,116,682,1.44615,-0.505919,2.17778
Villach,Klagenfurt,116,683,1.548,-0.506387,2.33189
Tarvisio,Udine,117,118,0.744377,-0.495331,1.11309
Udine,Palmanova,118,119,0.73959,-0.477957,1.09308
Palmanova,Mestre,119,120,0.907087,-0.463233,1.32728
Palmanova,Trieste,119,452,0.885801,-0.473126,1.3049
Mestre,Ravenna,120,121,0.626126,-0.451913,0.90908
Rimini,Fano,122,123,0.184941,-0.440456,0.266399
Fano,Ancona,123,124,0.167789,-0.435048,0.240785
Ancona,Pescara,124,125,0.296628,-0.433442,0.4252
Pescara,Canosa di Puglia,125,126,0.323793,-0.431596,0.463541
Canosa di Puglia,Bari,126,127,0.107829,-0.425432,0.153703
Canosa di Puglia,Benevento,126,742,0.110563,-0.42625,0.15769
Bari,Brindisi,127,128,0.0295934,-0.421845,0.0420772
Bari,Taranto,127,476,0.028143,-0.421033,0.0399921
Brindisi,Taranto,128,476,0.00721094,-0.412166,0.010183
Igoumenitsa,Preveza,129,130,0.0227022,-0.385384,0.0314513
Igoumenitsa,Ioannina,129,477,0.0504462,-0.394626,0.0703536
Preveza,Rhion,130,131,0.0124564,-0.363356,0.0169826
Rhion,Patras,131,132,0.00533304,-0.324904,0.00706577
Rhion,Aigio,131,175,0.00533304,-0.324904,0.00706577
Patras,Pyrgos,132,133,0.00263671,-0.298594,0.00342401
Pyrgos,Kalamata,133,134,0.00151498,-0.269098,0.00192266
Kalamata,Tripoli,134,177,0.00120861,-0.253487,0.00151498
Malmö,Helsingborg,135,299,0.0338376,-0.343067,0.0454461
Malmö,Kalmar,135,626,0.03234,-0.3422,0.0434068
Goleniów,Szczecin,136,137,0.809976,-0.517406,1.22906
Goleniów,Koszalin,136,637,0.347848,-0.517784,0.527959
Szczecin,Gorzów Wielkopolski,137,138,0.860903,-0.517703,1.3066
Gorzów Wielkopolski,Świebodzin,138,139,1.02759,-0.518541,1.56044
Świebodzin,Zielona Góra,139,140,1.35773,-0.518578,2.06182
Świebodzin,Poznań,139,315,2.1236,-0.520574,3.22909
Zielona Góra,Legnica,140,141,1.36118,-0.518552,2.06703
Legnica,Jelenia Góra,141,142,1.22993,-0.517249,1.86612
Legnica,Görlitz,141,338,1.36598,-0.517303,2.0726
Legnica,Wrocław,141,339,2.06242,-0.518324,3.13143
Legnica,Cottbus,141,644,1.36726,-0.5173,2.07455
Jelenia Góra,Harrachov,142,143,0.531534,-0.51681,0.806236
Harrachov,Železný Brod,143,144,0.382538,-0.517077,0.58034
Železný Brod,Turnov,144,145,0.629145,-0.517866,0.954958
Turnov,Mladá Boleslav,145,146,0.668847,-0.518247,1.01548
Turnov,Hradec Králové,145,551,0.945565,-0.517881,1.43526
Turnov,Teplice,145,715,0.8112,-0.518855,1.2321
Jihlava,Brno,147,148,1.01847,-0.515298,1.54328
Jihlava,Vienna,147,410,1.64397,-0.515117,2.49081
Brno,Bratislava,148,149,1.44455,-0.51476,2.18814
Brno,Trenčín,148,373,1.41425,-0.516016,2.14402
Brno,Vienna,148,410,1.66119,-0.513115,2.51357
Brno,Olomouc,148,716,1.42343,-0.516089,2.15805
Bratislava,Rajka,149,150,1.56247,-0.513222,2.36436
Bratislava,Žilina,149,195,1.6291,-0.515178,2.46837
Bratislava,Győr,149,196,1.63436,-0.511197,2.46984
Bratislava,Vienna,149,410,2.25804,-0.508635,3.40656
Bratislava,Zvolen,149,568,2.16689,-0.514388,3.28151
Bratislava,Dunajská Streda,149,724,1.34071,-0.513222,2.02879
Rajka,Csorna,150,151,0.620203,-0.512825,0.938259
Csorna,Szombathely,151,152,0.314048,-0.508622,0.47378
Szombathely,Zalaegerszeg,152,153,0.327357,-0.49981,0.490973
Zalaegerszeg,Nagykanizsa,153,154,0.667898,-0.495361,0.998748
Nagykanizsa,Letenye,154,155,0.418705,-0.494411,0.625717
Nagykanizsa,Zagreb,154,156,0.944837,-0.48745,1.4054
Nagykanizsa,Balatonvilágos,154,553,1.30884,-0.498948,1.96188
Letenye,Zagreb,155,156,0.526132,-0.48191,0.77968
Zagreb,Karlovac,156,157,0.777941,-0.480549,1.15178
Zagreb,Ljubljana,156,454,0.743771,-0.48277,1.10284
Zagreb,Slavonski Brod,156,455,0.925068,-0.468933,1.35886
Zagreb,Maribor,156,535,0.86776,-0.487508,1.2908
Karlovac,Rijeka,157,158,0.35111,-0.477668,0.518825
Karlovac,Knin,157,554,0.281579,-0.477663,0.416079
Rijeka,Split,158,159,0.242849,-0.473934,0.357943
Rijeka,Trieste,158,452,0.605216,-0.477175,0.89401
Split,Dubrovnik,159,160,0.187033,-0.462468,0.273529
Split,Knin,159,554,0.173318,-0.472426,0.255197
Dubrovnik,Petrovac,160,161,0.0648546,-0.453225,0.0942483
Dubrovnik,Podgorica,160,162,0.152535,-0.444269,0.220301
Petrovac,Podgorica,161,162,0.105426,-0.437753,0.151576
Petrovac,Prizren,161,744,0.0957121,-0.439939,0.13782
Podgorica,Bijelo Polje,162,163,0.160691,-0.438742,0.231193
Podgorica,Pristina,162,164,0.222351,-0.439801,0.320141
Podgorica,Sarajevo,162,737,0.276204,-0.43822,0.397242
Bijelo Polje,Pristina,163,164,0.223727,-0.439958,0.322158
Bijelo Polje,Nova Varoš,163,740,0.238803,-0.442067,0.344369
Pristina,Skopje,164,165,0.306653,-0.437746,0.440889
Pristina,Niš,164,202,0.576855,-0.444359,0.833185
Pristina,Prizren,164,744,0.184716,-0.439582,0.265913
Skopje,Kičevo,165,166,0.214762,-0.434328,0.30804
Skopje,Kumanovo,165,203,0.298854,-0.439268,0.430131
Skopje,Veles,165,204,0.230547,-0.432101,0.330167
Kičevo,Ohrid,166,167,0.090671,-0.431286,0.129776
Ohrid,Bitola,167,168,0.0447898,-0.423804,0.0637719
Bitola,Niki,168,169,0.0368727,-0.409989,0.0519902
Niki,Vevi,169,170,0.0591905,-0.401603,0.0829616
Vevi,Kozani,170,171,0.129051,-0.400273,0.180706
Kozani,Larissa,171,172,0.0874382,-0.400093,0.122422
Kozani,Thessaloniki,171,207,0.281096,-0.401883,0.394063
Kozani,Ioannina,171,477,0.106858,-0.399407,0.149538
Larissa,Domokos,172,173,0.039075,-0.399501,0.0546856
Larissa,Lamia,172,174,0.039075,-0.399501,0.0546856
Larissa,Katerini,172,208,0.110499,-0.40096,0.154804
Larissa,Trikala,172,687,0.0558876,-0.398663,0.078168
Domokos,Lamia,173,174,6.60509e-05,-0.466719,3.30255e-05
Aigio,Corinth,175,176,0.00263671,-0.298594,0.00342401
Corinth,Tripoli,176,177,0.00151498,-0.269098,0.00192266
Varangerbotn,Utsjoki,178,179,0.0650331,-0.506731,0.0979874
Varangerbotn,Kirkenes,178,243,0.154706,-0.523266,0.235658
Varangerbotn,Karasjok,178,502,0.0635327,-0.511567,0.096034
Utsjoki,Inari,179,180,0.0288049,-0.472122,0.0424044
Inari,Ivalo,180,181,0.0197756,-0.395371,0.0275943
Ivalo,Sodankylä,181,182,0.0263837,-0.334976,0.0352216
Sodankylä,Rovaniemi,182,183,0.0387008,-0.318429,0.0510243
Sodankylä,Kemijärvi,182,539,0.0241086,-0.317359,0.0317597
Rovaniemi,Kemi,183,184,0.0554867,-0.320702,0.0732815
Kemi,Oulu,184,185,0.0765422,-0.329251,0.101744
Kemi,Tornio,184,614,0.0575076,-0.32328,0.0760987
Oulu,Jyväskylä,185,186,0.0696509,-0.337368,0.0931489
Oulu,Kokkola,185,615,0.0529509,-0.338259,0.070862
Jyväskylä,Heinola,186,187,0.072818,-0.363045,0.0992543
Jyväskylä,Kuopio,186,544,0.062453,-0.348974,0.0842475
Jyväskylä,Tampere,186,545,0.0755695,-0.35857,0.102667
Heinola,Lahti,187,188,0.0582628,-0.397985,0.0814505
Lahti,Helsinki,188,189,0.0900831,-0.433881,0.129168
Helsinki,Hämeenlinna,189,618,0.0913426,-0.433179,0.13091
Helsinki,Kotka,189,621,0.174391,-0.496508,0.260977
Gdańsk,Świecie,190,191,1.59834,-0.524112,2.43605
Gdańsk,Kaliningrad,190,563,1.20506,-0.527943,1.84126
Gdańsk,Elbląg,190,564,1.3574,-0.526085,2.0715
Gdańsk,Gdynia,190,639,0.972788,-0.524885,1.48339
Świecie,Łódź,191,192,1.14233,-0.522605,1.73932
Świecie,Poznań,191,315,1.51645,-0.523527,2.31036
Łódź,Piotrków Trybunalski,192,193,1.30531,-0.523388,1.98849
Piotrków Trybunalski,Katowice,193,194,1.55896,-0.522266,2.37316
Piotrków Trybunalski,Warsaw,193,316,2.20503,-0.527087,3.36727
Piotrków Trybunalski,Wrocław,193,339,1.58099,-0.521352,2.40525
Katowice,Žilina,194,195,1.32083,-0.518241,2.00533
Katowice,Zabrze,194,342,1.14843,-0.51925,1.74475
Katowice,Kraków,194,343,1.75607,-0.519991,2.66921
Katowice,Český Těšín,194,717,0.914924,-0.519216,1.38997
Žilina,Olomouc,195,716,0.807128,-0.516738,1.2242
Győr,Budapest,196,197,2.30604,-0.507538,3.47644
Győr,Vámosszabadi,196,726,1.02624,-0.510539,1.55017
Budapest,Szeged,197,198,2.59757,-0.495862,3.88561
Budapest,Mosonmagyaróvár,197,412,2.47528,-0.506878,3.72995
Budapest,Szolnok,197,413,2.51282,-0.501988,3.77422
Budapest,Miskolc,197,552,2.48683,-0.507998,3.75014
Budapest,Balatonvilágos,197,553,2.25362,-0.502092,3.38515
Budapest,Szekszárd,197,555,2.01722,-0.504466,3.03483
Budapest,Zvolen,197,568,2.26472,-0.507463,3.41398
Szeged,Subotica,198,199,1.53517,-0.495589,2.29598
Szeged,Arad,198,684,2.01672,-0.484966,2.99476
Subotica,Novi Sad,199,200,0.960162,-0.479683,1.42074
Subotica,Sombor,199,735,0.825408,-0.490817,1.23053
Novi Sad,Belgrade,200,201,0.992137,-0.470216,1.45866
Belgrade,Niš,201,202,0.900203,-0.456938,1.31154
Belgrade,Slavonski Brod,201,455,0.910746,-0.463362,1.33275
Belgrade,Vršac,201,456,0.853512,-0.460715,1.24674
Belgrade,Čačak,201,739,0.777298,-0.455307,1.13121
Niš,Kumanovo,202,203,0.405658,-0.447462,0.587174
Niš,Drobeta-Turnu Severin,202,458,0.899884,-0.451007,1.30574
Niš,Sofia,202,468,0.7307,-0.44326,1.05459
Kumanovo,Kyustendil,203,745,0.272929,-0.440857,0.393252
Veles,Gevgelija,204,205,0.134925,-0.42164,0.191815
Gevgelija,Evzoni,205,206,0.153084,-0.408481,0.215615
Evzoni,Thessaloniki,206,207,0.296305,-0.403578,0.415888
Thessaloniki,Katerini,207,208,0.202425,-0.40245,0.283891
Thessaloniki,Alexandroupoli,207,233,0.425059,-0.400119,0.595134
Thessaloniki,Serres,207,577,0.343692,-0.408486,0.484085
Klaipėda,Kaunas,209,210,1.6847,-0.539338,2.59332
Klaipėda,Palanga,209,704,0.981568,-0.540106,1.51172
Kaunas,Vilnius,210,211,1.87005,-0.539633,2.87919
Kaunas,Warsaw,210,316,3.68584,-0.534986,5.65772
Kaunas,Riga,210,547,2.45861,-0.540618,3.78777
Kaunas,Ukmergė,210,701,1.57103,-0.539756,2.41901
Vilnius,Lida,211,212,1.73346,-0.541785,2.67262
Vilnius,Minsk,211,318,3.56012,-0.540336,5.48378
Vilnius,Marijampolė,211,641,1.81892,-0.541675,2.80418
Vilnius,Ukmergė,211,701,1.81728,-0.542204,2.80261
Lida,Slonim,212,213,0.678626,-0.541329,1.04598
Slonim,Kobryn,213,214,0.358509,-0.535836,0.550611
Kobryn,Dubno,214,215,0.422597,-0.526206,0.64497
Dubno,Ternopil,215,216,0.93143,-0.522287,1.4179
Ternopil,Chernivtsi,216,217,1.07038,-0.51919,1.62611
Ternopil,Stryj,216,379,1.52397,-0.518988,2.31488
Ternopil,Khmelnytskyi,216,380,1.30065,-0.525394,1.984
Chernivtsi,Siret,217,218,0.839014,-0.512297,1.26884
Siret,Suceava,218,219,1.46729,-0.507105,2.21137
Suceava,Roman,219,220,1.47722,-0.502691,2.21981
Suceava,Halmeu,219,578,2.28704,-0.501851,3.43479
Suceava,Iaşi,219,670,1.93588,-0.507949,2.91921
Roman,Urziceni,220,221,0.855899,-0.490681,1.27587
Urziceni,Bucharest,221,222,0.658961,-0.47017,0.968785
Urziceni,Slobozia,221,421,0.524871,-0.47384,0.773576
Bucharest,Giurgiu,222,223,0.382546,-0.447921,0.553896
Bucharest,Ploieşti,222,420,0.327671,-0.457358,0.477534
Bucharest,Constanţa,222,423,0.491582,-0.453667,0.714596
Bucharest,Alexandria,222,460,0.383115,-0.457294,0.558311
Bucharest,Piteşti,222,583,0.413487,-0.458079,0.602897
Giurgiu,Ruse,223,224,0.212233,-0.436449,0.304862
Ruse,Byala,224,225,0.122104,-0.420995,0.173509
Ruse,Razgrad,224,461,0.112547,-0.421827,0.160022
Byala,Veliko Tarnovo,225,226,0.100695,-0.414687,0.142452
Byala,Pleven,225,584,0.09793,-0.418253,0.13889
Veliko Tarnovo,Stara Zagora,226,227,0.114376,-0.416754,0.162042
Veliko Tarnovo,Shumen,226,462,0.107861,-0.414633,0.152584
Stara Zagora,Haskovo,227,228,0.072031,-0.407141,0.101358
Stara Zagora,Burgas,227,590,0.0991685,-0.413141,0.140139
Haskovo,Svilengrad,228,229,0.0363425,-0.399743,0.0508701
Svilengrad,Ormenio,229,230,0.0297092,-0.394427,0.0414273
Ormenio,Kastanies,230,231,0.0465121,-0.39416,0.0648454
Kastanies,Didymoteicho,231,232,0.0999815,-0.395692,0.139543
Didymoteicho,Alexandroupoli,232,233,0.232575,-0.397332,0.324984
Alexandroupoli,Gelibolu,233,478,0.283633,-0.398313,0.396608
Saint Petersburg,Pskov,234,235,3.5151,-0.539971,5.41315
Saint Petersburg,Moscow,234,239,6.75274,-0.53743,10.3819
Saint Petersburg,Petrozavodsk,234,245,2.32282,-0.532199,3.55902
Saint Petersburg,Narva,234,304,2.67099,-0.538848,4.11025
Saint Petersburg,Vyborg,234,623,2.3231,-0.532175,3.5594
Pskov,Gomel,235,236,4.61614,-0.540876,7.1129
Pskov,Riga,235,547,3.30173,-0.541783,5.09055
Gomel,Kiev,236,237,6.54304,-0.537983,10.0631
Gomel,Babruysk,236,703,3.85824,-0.541132,5.94605
Kiev,Odessa,237,238,4.97319,-0.529317,7.60559
Kiev,Hlukhiv,237,242,5.86929,-0.537705,9.02524
Kiev,Kharkiv,237,247,5.81993,-0.533765,8.92641
Kiev,Rivne,237,348,4.24697,-0.536336,6.52478
Kiev,Zhytomyr,237,349,3.40342,-0.534623,5.22297
Odessa,Izmail,238,586,1.71427,-0.520823,2.60711
Odessa,Chişinău,238,672,2.03887,-0.519753,3.09858
Odessa,Mykolaiv,238,673,1.96983,-0.523244,3.00054
Moscow,Kaluga,239,240,4.77867,-0.539843,7.3584
Moscow,Orel,239,246,5.18449,-0.536818,7.96762
Moscow,Voronezh,239,248,5.79717,-0.524696,8.83892
Moscow,Tambov,239,256,4.76561,-0.534052,7.31069
Moscow,Smolensk,239,319,5.19452,-0.538315,7.99081
Moscow,Ryazan,239,320,4.30231,-0.524814,6.56023
Moscow,Velikiye Luki,239,628,4.60909,-0.538013,7.08885
Moscow,Vladimir,239,629,4.42232,-0.524564,6.7421
Kaluga,Bryansk,240,241,2.58049,-0.543895,3.98401
Bryansk,Hlukhiv,241,242,3.18936,-0.543227,4.9219
Hlukhiv,Kursk,242,645,3.43099,-0.541615,5.28926
Kirkenes,Murmansk,243,244,0.334036,-0.529747,0.510991
Murmansk,Petrozavodsk,244,245,0.867277,-0.531724,1.32843
Orel,Kharkiv,246,247,3.90379,-0.537042,6.00028
Kharkiv,Luhansk,247,350,3.13814,-0.536748,4.82253
Voronezh,Novorossiysk,248,249,3.6686,-0.528257,5.60657
Voronezh,Kursk,248,645,3.39577,-0.537674,5.22158
Voronezh,Saratov,248,646,3.2382,-0.514993,4.90586
Novorossiysk,Dzhankoy,249,601,1.47662,-0.525307,2.2523
Novorossiysk,Sochi,249,602,1.43398,-0.525429,2.18744
Mineralnye Vody,Nalchik,250,251,0.225188,-0.487755,0.335025
Mineralnye Vody,Makhachkala,250,260,0.497943,-0.494605,0.744228
Mineralnye Vody,Armavir,250,387,0.262448,-0.489635,0.390951
Nalchik,Vladikavkaz,251,252,0.0880604,-0.480843,0.130404
Vladikavkaz,Stepantsminda,252,253,0.035619,-0.468035,0.0522899
Stepantsminda,Mtskheta,253,254,0.0165194,-0.440363,0.0237939
Mtskheta,Tbilisi,254,255,0.0119689,-0.400996,0.0167684
Tbilisi,Gori,255,428,0.00837937,-0.378812,0.0115536
Tbilisi,Rustavi,255,429,0.0111623,-0.401748,0.0156467
Tambov,Povorino,256,257,2.14635,-0.535599,3.29593
Povorino,Volgograd,257,258,1.82625,-0.531174,2.7963
Volgograd,Astrakhan,258,259,2.13974,-0.515745,3.2433
Volgograd,Luhansk,258,350,2.11653,-0.532615,3.24382
Astrakhan,Makhachkala,259,260,1.50301,-0.502137,2.25773
Astrakhan,Atyrau,259,265,2.14437,-0.490873,3.19699
Makhachkala,Kuba,260,261,0.488116,-0.496929,0.730674
Kuba,Baku,261,262,0.187671,-0.494524,0.280479
Baku,Yevlakh,262,431,0.0728416,-0.489853,0.108523
Samara,Oral,263,264,2.12257,-0.46592,3.11152
Samara,Penza,263,321,1.65363,-0.492531,2.4681
Samara,Ufa,263,322,1.51099,-0.477011,2.23174
Oral,Atyrau,264,265,2.33148,-0.466285,3.41862
Oral,Saratov,264,646,2.51792,-0.491602,3.75573
Oral,Aktobe,264,647,1.57454,-0.460526,2.29966
Atyrau,Beineu,265,266,1.01276,-0.471985,1.49077
Atyrau,Beyneu,265,351,1.01276,-0.471985,1.49077
Beineu,Shetpe,266,267,0.397157,-0.471711,0.5845
Shetpe,Zhetybai,267,268,0.15624,-0.471052,0.229837
Zhetybai,Fetisovo,268,269,0.0625182,-0.468502,0.0918081
Fetisovo,Bekdash,269,270,0.027376,-0.454033,0.0398055
Bekdash,Türkmenbaşy,270,271,0.0170929,-0.41151,0.0241268
Türkmenbaşy,Gyzylarbat,271,272,0.0208776,-0.367759,0.0285556
Gyzylarbat,Ashgabat,272,432,0.0400182,-0.358578,0.0543679
Chelyabinsk,Kostanay,273,274,0.32536,-0.465743,0.476894
Chelyabinsk,Ufa,273,322,0.681671,-0.470472,1.00238
Chelyabinsk,Kurgan,273,323,0.366836,-0.461873,0.536267
Kostanay,Esil,274,275,0.146331,-0.459249,0.213533
Esil,Derzhavinsk,275,276,0.101705,-0.440855,0.146542
Derzhavinsk,Arkalyk,276,277,0.146754,-0.423878,0.20896
Arkalyk,Jezkazgan,277,278,0.316215,-0.418865,0.448667
Jezkazgan,Kyzylorda,278,279,0.497079,-0.41774,0.704729
Jezkazgan,Karaganda,278,286,0.470682,-0.417868,0.667364
Kyzylorda,Shymkent,279,280,0.481106,-0.412914,0.679761
Kyzylorda,Novokazalinsk,279,650,0.349105,-0.422311,0.496536
Shymkent,Tashkent,280,281,0.393817,-0.405511,0.553514
Shymkent,Zhambyl,280,359,0.318177,-0.403032,0.446413
Tashkent,Ayni,281,282,0.149904,-0.393496,0.208891
Tashkent,Jizzakh,281,358,0.189739,-0.399812,0.265599
Tashkent,Kokand,281,689,0.152339,-0.400129,0.213294
Ayni,Dushanbe,282,283,0.122385,-0.381583,0.169086
Ayni,Kokand,282,689,0.0599267,-0.385249,0.0830134
Dushanbe,Termez,283,440,0.0699319,-0.37177,0.0959304
Dushanbe,Jirgatal,283,441,0.070768,-0.37346,0.0971971
Dushanbe,Kulob,283,692,0.0518923,-0.373153,0.071256
Ishim,Astana,284,285,0.202071,-0.428861,0.288731
Ishim,Omsk,284,291,0.202071,-0.428861,0.288731
Ishim,Kurgan,284,323,0.278902,-0.446957,0.403559
Ishim,Tyumen,284,635,0.197523,-0.439202,0.284275
Astana,Karaganda,285,286,0.23341,-0.420338,0.331522
Karaganda,Balkhash,286,287,0.286681,-0.410152,0.404263
Karaganda,Pavlodar,286,292,0.280505,-0.419824,0.398268
Balkhash,Burubaytal,287,288,0.176151,-0.408078,0.248035
Burubaytal,Almaty,288,289,0.209389,-0.39997,0.293138
Almaty,Bishkek,289,290,0.325626,-0.396001,0.454574
Almaty,Sary-Ozek,289,360,0.15674,-0.39621,0.218841
Almaty,Kokpek,289,695,0.128496,-0.396444,0.179438
Bishkek,Zhambyl,290,359,0.289134,-0.398203,0.404267
Bishkek,Osh,290,691,0.296588,-0.393434,0.413275
Omsk,Pavlodar,291,292,0.164583,-0.422466,0.234114
Pavlodar,Semey,292,293,0.142277,-0.418963,0.201886
Semey,Georgiyevka,293,294,0.0596212,-0.416831,0.0844731
Georgiyevka,Ayagoz,294,364,0.026669,-0.413018,0.0376838
Narvik,Kiruna,295,296,0.0114339,-0.336736,0.0152841
Narvik,Setermoen,295,498,0.00563859,-0.34461,0.0075817
Kiruna,Töre,296,297,0.0249295,-0.336016,0.0333063
Töre,Luleå,297,298,0.0551787,-0.336421,0.073742
Luleå,Umeå,298,612,0.0942816,-0.339015,0.126245
Luleå,Haparanda,298,613,0.0619606,-0.333933,0.0826513
Helsingborg,Halmstad,299,300,0.0735449,-0.344983,0.0989167
Helsingborg,Jönköping,299,605,0.0456611,-0.342887,0.0613176
Örebro,Stockholm,301,302,0.141469,-0.346509,0.190489
Örebro,Karlstad,301,620,0.0840749,-0.347293,0.113274
Stockholm,Södertälje,302,608,0.104524,-0.346592,0.140752
Stockholm,Uppsala,302,609,0.123721,-0.34683,0.166631
Tallinn,Narva,303,304,1.56842,-0.540965,2.41688
Tallinn,Riga,303,547,2.16276,-0.541608,3.33412
Colchester,Ipswich,305,306,6.86657e-05,-0.466719,6.86657e-05
Ipswich,Cambridge,306,636,6.86657e-05,-0.466719,6.86657e-05
The Hague,Gouda,307,308,0.361158,-0.518616,0.54846
Amersfoort,Oldenzaal,309,310,0.609082,-0.521288,0.926589
Amersfoort,Hoogeveen,309,698,0.568357,-0.521352,0.864671
Oldenzaal,Osnabrück,310,311,0.522869,-0.522615,0.796129
Osnabrück,Bad Oeynhausen,311,312,0.983175,-0.523695,1.49806
Bad Oeynhausen,Dortmund,312,508,1.68473,-0.524878,2.569
Braunschweig,Magdeburg,313,314,1.33316,-0.51918,2.02531
Magdeburg,Halle,314,518,1.41965,-0.518342,2.15552
Poznań,Warsaw,315,316,2.5602,-0.526377,3.90783
Poznań,Wrocław,315,339,1.53118,-0.521532,2.32974
Warsaw,Elbląg,316,564,2.03151,-0.528433,3.10502
Warsaw,Radom,316,565,2.41668,-0.528074,3.69287
Warsaw,Lublin,316,713,2.85437,-0.529903,4.36692
Brest,Rennes,317,365,0.330949,-0.510183,0.499793
Brest,Lorient,317,388,0.181736,-0.509109,0.27426
Minsk,Smolensk,318,319,3.77321,-0.541706,5.81719
Minsk,Babruysk,318,703,3.3918,-0.542258,5.23102
Ryazan,Penza,320,321,1.96262,-0.517348,2.97797
Ufa,Yelabuga,322,632,0.726365,-0.473741,1.07047
Bruges,Ghent,324,325,1.55371,-0.521395,2.3638
Bruges,Zeebrugge,324,642,1.75269,-0.522819,2.66903
Ghent,Brussels,325,326,2.10169,-0.522252,3.1993
Brussels,Leuven,326,327,2.66379,-0.524671,4.0614
Leuven,Hasselt,327,708,1.72828,-0.527443,2.63985
Eupen,Aachen,328,329,2.0711,-0.529413,3.16757
Eupen,St. Vith,328,653,1.06527,-0.529565,1.6294
Aachen,Heerlen,329,709,1.62964,-0.529455,2.49246
Olpe,Wetzlar,330,331,1.95547,-0.527499,2.98697
Wetzlar,Gießen,331,332,1.94713,-0.52876,2.97669
Wetzlar,Dortmund,331,508,2.72969,-0.527044,4.16836
Wetzlar,Aschaffenburg,331,509,2.09597,-0.528177,3.20301
Wetzlar,Koblenz,331,660,2.04503,-0.528717,3.12627
Gießen,Bad Hersfeld,332,333,1.20684,-0.529562,1.84593
Bad Hersfeld,Eisenach,333,334,0.567526,-0.52763,0.86697
Eisenach,Erfurt,334,335,0.527103,-0.521871,0.802182
Erfurt,Gera,335,336,1.03684,-0.518641,1.57458
Gera,Chemnitz,336,337,1.54914,-0.518062,2.35169
Gera,Leipzig,336,526,1.56172,-0.51777,2.37034
Gera,Hirschberg,336,527,1.09643,-0.518382,1.6648
Chemnitz,Plauen,337,519,1.4609,-0.51796,2.21759
Wrocław,Opole,339,340,1.28294,-0.519325,1.9492
Wrocław,Kłodzko,339,548,1.30325,-0.519133,1.9798
Opole,Gliwice,340,341,0.613437,-0.518551,0.931535
Gliwice,Zabrze,341,342,0.580133,-0.518503,0.880934
Kraków,Rzeszów,343,344,0.82502,-0.520835,1.25472
Kraków,Radom,343,565,0.98947,-0.524225,1.50818
Kraków,Trstená,343,566,1.04449,-0.519295,1.58689
Rzeszów,Jarosław,344,345,0.779125,-0.524857,1.18805
Rzeszów,Radom,344,565,0.847214,-0.52646,1.29324
Rzeszów,Barwinek,344,710,0.614171,-0.523271,0.935549
Jarosław,Korczowa,345,346,0.843344,-0.52657,1.28742
Korczowa,Lviv,346,347,1.79572,-0.526757,2.74163
Lviv,Rivne,347,348,2.38158,-0.531324,3.64696
Lviv,Mukachevo,347,378,3.30556,-0.521295,5.02873
Lviv,Lublin,347,713,1.79698,-0.527376,2.74466
Rivne,Zhytomyr,348,349,1.46639,-0.535169,2.25116
Rivne,Kovel,348,714,1.45012,-0.534693,2.22549
Zhytomyr,Vinnytsia,349,381,2.45136,-0.534482,3.76157
Beyneu,Qo‘ng‘irot,351,352,0.404931,-0.469532,0.595059
Qo‘ng‘irot,Nukus,352,353,0.177359,-0.45837,0.258656
Nukus,Daşoguz,353,354,0.11238,-0.425936,0.160247
Daşoguz,Bukhara,354,355,0.0629596,-0.371156,0.0863275
Daşoguz,Ashgabat,354,432,0.0712607,-0.37144,0.0977298
Daşoguz,Uchkuduk,354,688,0.0396683,-0.390445,0.0551566
Bukhara,Navoiy,355,356,0.0667988,-0.358492,0.0907457
Bukhara,Alat,355,436,0.0559395,-0.347909,0.0754014
Bukhara,Karshi,355,437,0.0567441,-0.348798,0.0765363
Bukhara,Uchkuduk,355,688,0.0369855,-0.35529,0.0501261
Navoiy,Samarkand,356,357,0.0563605,-0.375941,0.0775487
Samarkand,Jizzakh,357,358,0.0882986,-0.393565,0.12305
Sary-Ozek,Taldykorgan,360,361,0.0754368,-0.394891,0.105226
Sary-Ozek,Koktal,360,697,0.0711908,-0.395027,0.0993131
Taldykorgan,Ucharal,361,362,0.0333528,-0.394399,0.0465072
Ucharal,Taskesken,362,363,0.0175775,-0.396646,0.0245496
Taskesken,Ayagoz,363,364,0.0157464,-0.404974,0.0221233
Rennes,Le Mans,365,366,0.817851,-0.510908,1.2357
Le Mans,Angers,366,391,0.666563,-0.511045,1.00721
Le Mans,Tours,366,392,0.788059,-0.508544,1.18882
Le Mans,Rouen,366,662,1.24676,-0.515606,1.8896
Reims,Charleroi,367,651,1.66701,-0.523192,2.53917
Reims,Charleville-Mézières,367,658,1.52831,-0.522635,2.32705
Reims,Rouen,367,662,1.76088,-0.519568,2.67578
Saarbrücken,Mannheim,368,369,2.85285,-0.528748,4.36128
Saarbrücken,Trier,368,659,1.48448,-0.527764,2.26793
Mannheim,Heilbronn,369,370,2.67405,-0.528563,4.08745
Rozvadov,Plzeň,371,372,2.23875,-0.522012,3.4074
Plzeň,Karlovy Vary,372,523,1.56046,-0.52106,2.37355
Plzeň,České Budějovice,372,524,1.81874,-0.520039,2.76456
Plzeň,Bayerisch Eisenstein,372,530,1.85302,-0.520815,2.81811
Trenčín,Prešov,373,374,1.22044,-0.517031,1.85144
Prešov,Košice,374,375,1.89926,-0.516586,2.88039
Prešov,Svidník,374,712,0.923472,-0.51763,1.40149
Košice,Vyšné Nemecké,375,376,0.962743,-0.516009,1.45953
Košice,Uzhhorod,375,377,1.85339,-0.517383,2.81231
Košice,Miskolc,375,552,1.7533,-0.512756,2.65231
Košice,Zvolen,375,568,1.82773,-0.514225,2.76759
Vyšné Nemecké,Uzhhorod,376,377,0.89065,-0.518869,1.35278
Uzhhorod,Mukachevo,377,378,2.9471,-0.519476,4.47804
Uzhhorod,Chop,377,723,1.50128,-0.517692,2.27848
Mukachevo,Stryj,378,379,2.21656,-0.515903,3.36009
Mukachevo,Halmeu,378,578,2.74779,-0.513107,4.15771
Khmelnytskyi,Vinnytsia,380,381,1.55478,-0.530798,2.38006
Vinnytsia,Uman,381,382,1.5144,-0.530305,2.3175
Vinnytsia,Mohyliv-Podilskyi,381,728,1.3984,-0.53102,2.14098
Uman,Kirovohrad,382,383,1.17552,-0.5235,1.79091
Kirovohrad,Dnipropetrovsk,383,384,0.834953,-0.518311,1.26772
Kirovohrad,Chişinău,383,672,1.67841,-0.517538,2.54705
Dnipropetrovsk,Donetsk,384,385,0.354494,-0.514056,0.536724
Donetsk,Rostov-on-Don,385,386,0.238496,-0.505028,0.358943
Rostov-on-Don,Armavir,386,387,0.212333,-0.494263,0.317281
Rostov-on-Don,Taganrog,386,675,0.213508,-0.505976,0.321538
Lorient,Vannes,388,389,0.21757,-0.50885,0.328281
Vannes,Nantes,389,390,0.474826,-0.509488,0.716744
Nantes,Angers,390,391,0.664272,-0.508684,1.00218
Nantes,Poitiers,390,676,0.922192,-0.511157,1.39358
Angers,Tours,391,392,0.536234,-0.502181,0.80552
Tours,Vierzon,392,503,0.710384,-0.49973,1.06538
Montargis,Auxerre,393,394,1.23315,-0.512859,1.86559
Auxerre,Beaune,394,395,2.28099,-0.514318,3.45414
Beaune,Dole,395,396,2.25999,-0.51901,3.43294
Beaune,Antwerp,395,505,3.8456,-0.519106,5.84187
Dole,Besançon,396,397,1.17703,-0.521935,1.79137
Besançon,Belfort,397,398,1.32274,-0.524737,2.01684
Zürich,Winterthur,399,400,1.32584,-0.518332,2.01306
Winterthur,St. Gallen,400,401,0.946623,-0.517758,1.43674
Winterthur,Schaffhausen,400,511,1.26382,-0.522482,1.92415
St. Gallen,St. Margrethen,401,402,0.882863,-0.514205,1.33684
St. Margrethen,Bregenz,402,403,1.46594,-0.512606,2.21738
St. Margrethen,Buchs,402,514,0.683207,-0.512446,1.03331
Bregenz,Feldkirch,403,748,1.41673,-0.511529,2.14143
Bregenz,Lindau,403,513,2.20341,-0.513708,3.33532
Feldkirch,Landeck,748,404,0.654663,-0.508592,0.98762
Feldkirch,Imst,748,406,0.683548,-0.508452,1.0311
Landeck,Telfs,404,405,0.461235,-0.506725,0.694955
Sattledt,Liezen,408,532,0.954607,-0.513125,1.44444
Sattledt,Wels,408,669,0.998544,-0.515776,1.51357
Sankt Pölten,Vienna,409,410,2.00059,-0.512855,3.0266
Vienna,Nickelsdorf,410,411,2.2094,-0.511645,3.33983
Vienna,Halámky,410,525,2.10755,-0.513305,3.18937
Vienna,Graz,410,534,2.75378,-0.508572,4.15427
Nickelsdorf,Mosonmagyaróvár,411,412,1.55148,-0.509748,2.34234
Szolnok,Püspökladány,413,414,1.85366,-0.500104,2.78068
Püspökladány,Oradea,414,415,2.34262,-0.498705,3.5109
Püspökladány,Nyíregyháza,414,722,1.40431,-0.50479,2.11319
Oradea,Cluj-Napoca,415,416,1.17538,-0.487361,1.74821
Oradea,Berettyóújfalu,415,570,1.61746,-0.496503,2.42054
Oradea,Beiuş,415,571,1.0983,-0.489792,1.63623
Oradea,Satu Mare,415,579,1.73755,-0.494508,2.59678
Oradea,Arad,415,684,1.89292,-0.486894,2.81457
Cluj-Napoca,Turda,416,417,0.73522,-0.488687,1.09451
Cluj-Napoca,Zalău,416,580,0.695752,-0.493657,1.03922
Turda,Târgu Mureş,417,418,0.332573,-0.482406,0.493009
Turda,Sebeş,417,581,0.344613,-0.482056,0.510737
Târgu Mureş,Braşov,418,419,0.24485,-0.474149,0.360946
Braşov,Ploieşti,419,420,0.217993,-0.463409,0.319013
Braşov,Sibiu,419,582,0.290042,-0.474128,0.427559
Braşov,Piteşti,419,583,0.185346,-0.460446,0.270687
Slobozia,Hârşova,421,422,0.366871,-0.470575,0.539511
Slobozia,Galaţi,421,588,0.588815,-0.481617,0.872399
Hârşova,Constanţa,422,423,0.384431,-0.464862,0.563138
Constanţa,Varna,423,463,0.360067,-0.443195,0.519647
Constanţa,Tulcea,423,589,0.384431,-0.464862,0.563138
Senaki,Samtredia,424,425,0.027343,-0.540275,0.0421158
Senaki,Zugdidi,424,604,0.0735567,-0.534466,0.11287
Samtredia,Kutaisi,425,426,0.0106748,-0.528092,0.0163121
Kutaisi,Khashuri,426,427,0.00528113,-0.473932,0.00778402
Khashuri,Gori,427,428,0.00489324,-0.395855,0.00683025
Rustavi,Ganja,429,430,0.0140071,-0.447044,0.0202689
Ganja,Yevlakh,430,431,0.0293756,-0.478248,0.0434244
Ashgabat,Tejen,432,433,0.0405174,-0.354178,0.0548678
Tejen,Mary,433,434,0.0220439,-0.342556,0.0295951
Mary,Türkmenabat,434,435,0.0186728,-0.335836,0.0249439
Türkmenabat,Alat,435,436,0.0278438,-0.339836,0.0373062
Karshi,Guzar,437,438,0.0299528,-0.344669,0.0402766
Guzar,Sherobod,438,439,0.023809,-0.350849,0.0321624
Sherobod,Termez,439,440,0.034372,-0.363621,0.0468704
Jirgatal,Sary Tash,441,442,0.0638503,-0.376917,0.0879166
Jirgatal,Khorugh,441,694,0.0398689,-0.371237,0.0546697
Sary Tash,Irkeshtam,442,443,0.0807918,-0.384604,0.111865
Irkeshtam,Osh,443,691,0.159879,-0.389206,0.222105
A Coruña,Bilbao,444,445,0.119843,-0.450141,0.173789
A Coruña,Pontevedra,444,481,0.0540308,-0.438866,0.0777431
Clermont-Ferrand,Montluçon,446,504,0.848268,-0.493499,1.26689
Chambéry,Susa,447,448,0.895882,-0.499355,1.34324
Chambéry,Marseille,447,736,0.675247,-0.502875,1.01481
Susa,Turin,448,449,0.604084,-0.486696,0.89809
Tortona,Brescia,450,451,0.277986,-0.448691,0.402716
Trieste,Postojna,452,453,0.324215,-0.477196,0.478929
Trieste,Ljubljana,452,454,0.618248,-0.483556,0.917206
Postojna,Ljubljana,453,454,0.424698,-0.488227,0.632047
Ljubljana,Maribor,454,535,0.726611,-0.494106,1.08563
Ljubljana,Naklo,454,538,1.05651,-0.494031,1.57846
Vršac,Timişoara,456,457,0.848002,-0.464177,1.24162
Timişoara,Drobeta-Turnu Severin,457,458,0.954864,-0.463158,1.39712
Timişoara,Arad,457,684,1.49389,-0.4742,2.20229
Drobeta-Turnu Severin,Craiova,458,459,0.94375,-0.456531,1.3746
Craiova,Alexandria,459,460,0.392981,-0.456579,0.572408
Craiova,Târgu Jiu,459,574,0.549281,-0.458655,0.801211
Craiova,Piteşti,459,583,0.510228,-0.457934,0.743879
Razgrad,Shumen,461,462,0.102503,-0.417495,0.145297
Shumen,Varna,462,463,0.158014,-0.426274,0.225371
Varna,Burgas,463,590,0.155387,-0.426153,0.221605
Lisbon,Valladolid,464,465,0.101511,-0.420619,0.144208
Lisbon,Porto,464,483,0.0968338,-0.408413,0.136382
Lisbon,Albufeira,464,484,0.0962388,-0.405011,0.135216
Toulouse,Nice,466,467,0.898943,-0.471354,1.32266
Nice,Cuneo,467,685,0.385599,-0.463284,0.56424
Sofia,Plovdiv,468,469,0.411554,-0.43769,0.591687
Sofia,Botevgrad,468,575,0.413628,-0.437453,0.594571
Sofia,Blagoevgrad,468,576,0.45289,-0.434319,0.649589
Sofia,Kyustendil,468,745,0.312724,-0.438641,0.449897
Plovdiv,Istanbul,469,470,0.172466,-0.436047,0.247669
Istanbul,İzmit,470,471,0.0837832,-0.432281,0.120001
İzmit,Gerede,471,472,0.0294968,-0.42443,0.0420161
İzmit,Bursa,471,479,0.0299166,-0.421652,0.042531
Gerede,Kızılcahamam,472,599,0.0141552,-0.416351,0.0200488
Mazara del Vallo,Palermo,473,474,6.86657e-05,-0.466719,6.86657e-05
Metaponto,Taranto,475,476,0.012147,-0.410923,0.0171385
Metaponto,Potenza,475,743,0.00665865,-0.404731,0.00935362
Ioannina,Trikala,477,687,0.0449259,-0.397049,0.0627637
Gelibolu,Keşan,478,596,0.139314,-0.393887,0.194188
Gelibolu,Ayvalık,478,597,0.139323,-0.393847,0.194195
Bursa,Ankara,479,480,0.0157024,-0.410375,0.0221463
Bursa,Balıkesir,479,746,0.0190538,-0.404379,0.0267587
Ankara,Kızılcahamam,480,599,0.0106008,-0.408275,0.0149288
Pontevedra,Valença,481,482,0.0356436,-0.41873,0.0505686
Valença,Porto,482,483,0.0471064,-0.40615,0.0662387
Albufeira,Castro Marim,484,485,0.0518682,-0.396589,0.0724386
Castro Marim,Huelva,485,486,0.0486384,-0.395238,0.0678622
Cherbourg-Octeville,La Rochelle,487,488,0.176352,-0.510425,0.266366
Cherbourg-Octeville,Caen,487,661,0.377203,-0.516971,0.572206
La Rochelle,Saintes,488,730,0.15553,-0.495625,0.232615
Oslo,Hamar,489,490,0.0641662,-0.348066,0.0865003
Oslo,Askim,489,619,0.0670429,-0.347566,0.0903446
Hamar,Lillehammer,490,491,0.0404829,-0.348598,0.0545951
Lillehammer,Dombås,491,492,0.0450241,-0.348596,0.0607193
Dombås,Trondheim,492,493,0.0809557,-0.348081,0.109135
Trondheim,Stjørdal,493,494,0.0793091,-0.347878,0.106899
Stjørdal,Steinkjer,494,495,0.0400035,-0.347496,0.0539046
Steinkjer,Mosjøen,495,496,0.0285001,-0.345328,0.038342
Mosjøen,Mo i Rana,496,497,0.0366804,-0.342523,0.0492443
Mo i Rana,Umeå,497,612,0.0699884,-0.341272,0.0938735
Setermoen,Alta,498,499,0.00372954,-0.382293,0.00515532
Alta,Olderfjord,499,500,0.00467205,-0.446094,0.00675622
Olderfjord,Lakselv,500,501,0.0097829,-0.485756,0.014535
Lakselv,Karasjok,501,502,0.024398,-0.502495,0.0366578
Vierzon,Montluçon,503,504,0.521146,-0.495409,0.779326
Antwerp,Zeebrugge,505,642,2.56043,-0.522943,3.89939
Martigny,Sion,506,678,0.642009,-0.507105,0.967575
Bremen,Groningen,507,624,2.13421,-0.523211,3.25085
Stuttgart,Schaffhausen,510,511,1.91205,-0.525778,2.91736
Stuttgart,Ulm,510,512,1.70085,-0.523778,2.59171
Ulm,Lindau,512,513,1.48852,-0.519637,2.26201
Lindau,Waldshut,513,666,2.0493,-0.518281,3.11142
Buchs,Chur,514,515,0.273026,-0.511093,0.412568
Chur,San Bernardino,515,516,0.141928,-0.508039,0.214033
Halle,Plauen,518,519,1.35471,-0.518219,2.05674
Plauen,Schönberg,519,520,1.10625,-0.51843,1.67976
Plauen,Hof,519,528,1.46582,-0.519178,2.22684
Schönberg,Vojtanov,520,521,0.665683,-0.519216,1.01132
Vojtanov,Cheb,521,522,0.916385,-0.520438,1.39331
Cheb,Karlovy Vary,522,523,1.51506,-0.5205,2.30365
Cheb,Marktredwitz,522,663,1.20814,-0.521323,1.83797
Karlovy Vary,Teplice,523,715,0.936813,-0.519872,1.42384
České Budějovice,Halámky,524,525,1.29421,-0.516868,1.96315
Hirschberg,Hof,527,528,1.13391,-0.519399,1.72286
Hof,Bayreuth,528,529,1.83423,-0.521427,2.79065
Bayreuth,Marktredwitz,529,663,1.65227,-0.521929,2.51464
Bayerisch Eisenstein,Deggendorf,530,531,1.39445,-0.520091,2.1197
Liezen,Sankt Michael,532,533,0.787268,-0.509408,1.18831
Sankt Michael,Graz,533,534,1.42201,-0.506499,2.14225
Graz,Maribor,534,535,1.22209,-0.501832,1.83538
Graz,Spielfeld,534,536,0.919555,-0.505442,1.38434
Graz,Klagenfurt,534,683,1.71466,-0.502732,2.57668
Maribor,Spielfeld,535,536,0.420186,-0.495722,0.628482
Karavanke Tunnel,Naklo,537,538,0.892689,-0.501484,1.34036
Naklo,Loiblpass,538,734,0.855588,-0.499772,1.28319
Kemijärvi,Posio,539,540,0.0120936,-0.312651,0.0158746
Posio,Kuusamo,540,541,0.00764063,-0.314186,0.0100412
Kuusamo,Kajaani,541,542,0.00798885,-0.325522,0.0105894
Kajaani,Iisalmi,542,543,0.0135382,-0.33837,0.0181191
Iisalmi,Kuopio,543,544,0.0282493,-0.345011,0.0379956
Tampere,Turku,545,546,0.0351105,-0.368926,0.0480637
Tampere,Vaasa,545,616,0.0432862,-0.357212,0.0587486
Tampere,Hämeenlinna,545,618,0.0699735,-0.396612,0.0977258
Turku,Pori,546,617,0.0219983,-0.359739,0.0299119
Riga,Šiauliai,547,561,2.23385,-0.541858,3.44427
Riga,Rēzekne,547,627,2.35807,-0.542623,3.63761
Kłodzko,Kudowa-Zdrój,548,549,0.594645,-0.518278,0.902836
Kudowa-Zdrój,Náchod,549,550,0.502427,-0.517632,0.7625
Náchod,Hradec Králové,550,551,0.930355,-0.517577,1.41189
Hradec Králové,Olomouc,551,716,1.28498,-0.51701,1.94933
Miskolc,Debrecen,552,569,1.43057,-0.508996,2.15873
Szekszárd,Mohács,555,556,0.845259,-0.504521,1.27171
Mohács,Osijek,556,557,0.526203,-0.501507,0.790098
Osijek,Đakovo,557,558,0.316927,-0.496339,0.47423
Osijek,Sombor,557,735,0.522377,-0.494725,0.78081
Đakovo,Šamac,558,559,0.143764,-0.486289,0.213674
Šamac,Zenica,559,560,0.110422,-0.459861,0.1612
Zenica,Sarajevo,560,737,0.178637,-0.442319,0.257652
Šiauliai,Tolpaki,561,562,1.74041,-0.539731,2.67977
Šiauliai,Palanga,561,704,1.33874,-0.540455,2.06227
Šiauliai,Panevėžys,561,705,1.3838,-0.540745,2.13208
Tolpaki,Kaliningrad,562,563,1.11573,-0.534618,1.71221
Tolpaki,Nesterov,562,640,1.03078,-0.538805,1.58617
Trstená,Ružomberok,566,567,0.866251,-0.515806,1.31307
Ružomberok,Zvolen,567,568,1.58165,-0.513213,2.39337
Debrecen,Berettyóújfalu,569,570,1.01385,-0.503203,1.52402
Beiuş,Deva,571,572,0.748942,-0.482388,1.11022
Deva,Petroşani,572,573,0.63462,-0.469076,0.932304
Deva,Sibiu,572,582,0.815057,-0.470381,1.19844
Deva,Arad,572,684,1.11267,-0.474447,1.64057
Petroşani,Târgu Jiu,573,574,0.404302,-0.464127,0.59195
Botevgrad,Jablanica,575,585,0.177818,-0.434702,0.255116
Blagoevgrad,Serres,576,577,0.280001,-0.422461,0.398291
Halmeu,Satu Mare,578,579,2.16249,-0.49512,3.23317
Satu Mare,Zalău,579,580,0.925963,-0.49348,1.38291
Sebeş,Sibiu,581,582,0.363257,-0.4734,0.535223
Sibiu,Piteşti,582,583,0.403797,-0.464193,0.591237
Pleven,Jablanica,584,585,0.0966033,-0.427217,0.137874
Izmail,Reni,586,587,0.793378,-0.513986,1.20116
Reni,Galaţi,587,588,0.688053,-0.49947,1.03171
Galaţi,Tulcea,588,589,0.445216,-0.48344,0.660451
Galaţi,Giurgiuleşti,588,729,0.81802,-0.501184,1.228
Burgas,Malko Tarnovo,590,591,0.0825113,-0.413494,0.116629
Malko Tarnovo,Dereköy,591,592,0.0360513,-0.406143,0.0506933
Dereköy,Kırklareli,592,593,0.0188752,-0.397527,0.0263786
Kırklareli,Babaeski,593,594,0.016706,-0.390517,0.0232299
Babaeski,Havsa,594,595,0.0275846,-0.389778,0.0383365
Havsa,Keşan,595,596,0.059967,-0.391586,0.0834493
Ayvalık,İzmir,597,598,0.0599853,-0.391446,0.0834663
İzmir,Manisa,598,747,0.0276092,-0.389729,0.0383694
Kherson,Dzhankoy,600,601,0.966079,-0.525562,1.47381
Kherson,Mykolaiv,600,673,1.1129,-0.523906,1.69595
Kherson,Melitopol,600,674,0.610577,-0.523857,0.930432
Sochi,Sukhumi,602,603,0.534321,-0.527529,0.816191
Sukhumi,Zugdidi,603,604,0.198397,-0.531969,0.303939
Jönköping,Linköping,605,606,0.0338447,-0.342385,0.0454327
Linköping,Norrköping,606,607,0.0452043,-0.343177,0.0607173
Norrköping,Södertälje,607,608,0.0698687,-0.345207,0.0939878
Norrköping,Kalmar,607,626,0.0450385,-0.343165,0.0604942
Uppsala,Sundsvall,609,610,0.128026,-0.346195,0.172347
Sundsvall,Örnsköldsvik,610,611,0.119398,-0.344972,0.160587
Örnsköldsvik,Umeå,611,612,0.0973242,-0.342693,0.130676
Haparanda,Tornio,613,614,0.0450089,-0.327162,0.0597341
Kokkola,Vaasa,615,616,0.0417906,-0.342575,0.0561071
Vaasa,Pori,616,617,0.0247133,-0.352266,0.033419
Askim,Karlstad,619,620,0.0560668,-0.347658,0.0755589
Kotka,Vaalimaa,621,622,0.342873,-0.52405,0.522556
Vaalimaa,Vyborg,622,623,0.870721,-0.5309,1.33299
Groningen,Hoogeveen,624,698,0.777523,-0.522732,1.18396
Sassnitz,Stralsund,625,699,0.430282,-0.517335,0.652881
Rēzekne,Velikiye Luki,627,628,2.63401,-0.541642,4.06069
Rēzekne,Daugavpils,627,702,1.59337,-0.542658,2.45802
Vladimir,Nizhny Novgorod,629,630,1.68696,-0.528116,2.57787
Nizhny Novgorod,Kazan,630,631,0.733431,-0.527192,1.12009
Kazan,Yelabuga,631,632,0.553218,-0.502437,0.831175
Yelabuga,Perm,632,633,0.390404,-0.484207,0.579441
Perm,Yekaterinburg,633,634,0.175691,-0.476087,0.259336
Yekaterinburg,Tyumen,634,635,0.128267,-0.454833,0.186607
Koszalin,Słupsk,637,638,0.245942,-0.520362,0.37392
Słupsk,Gdynia,638,639,0.399992,-0.523444,0.609365
Nesterov,Marijampolė,640,641,0.924646,-0.540966,1.42485
Aktobe,Karabutak,647,648,0.640858,-0.460248,0.935811
Karabutak,Aral,648,649,0.297083,-0.456559,0.432719
Aral,Novokazalinsk,649,650,0.22458,-0.438659,0.323094
Charleroi,Namur,651,652,1.17727,-0.525456,1.79587
St. Vith,Wittlich,653,654,1.13189,-0.529802,1.73157
Wittlich,Bingen,654,655,0.705561,-0.531382,1.08048
Bingen,Wiesbaden,655,656,1.02907,-0.531416,1.57594
Amiens,Charleville-Mézières,657,658,1.38525,-0.521036,2.10701
Trier,Koblenz,659,660,1.53421,-0.528941,2.34572
Caen,Rouen,661,662,0.96806,-0.518043,1.46956
Regensburg,Passau,667,668,1.17029,-0.522717,1.78202
Passau,Wels,668,669,1.1942,-0.51922,1.81425
Wels,Braunau am Inn,669,721,1.40598,-0.516113,2.13163
Iaşi,Sculeni,670,671,1.30631,-0.511886,1.97498
Iaşi,Bălţi,670,727,1.10781,-0.513447,1.67661
Sculeni,Chişinău,671,672,1.48541,-0.514945,2.25031
Chişinău,Giurgiuleşti,672,729,1.18594,-0.513043,1.79439
Melitopol,Taganrog,674,675,0.271354,-0.51847,0.412042
Poitiers,Mâcon,676,677,1.72036,-0.512282,2.60167
Sion,Simplon,678,679,0.292624,-0.497315,0.438151
Simplon,Gravellona Toce,679,680,0.234292,-0.47303,0.34512
Innichen,Spittal an der Drau,681,682,0.635412,-0.503801,0.955533
Klagenfurt,Loiblpass,683,734,0.981711,-0.503005,1.47552
Cuneo,Asti,685,686,0.230423,-0.459789,0.33637
Kokand,Andijan,689,690,0.126655,-0.390901,0.176164
Andijan,Osh,690,691,0.1686,-0.387988,0.234014
Kulob,Kalaikhumb,692,693,0.0280186,-0.368942,0.0383558
Kalaikhumb,Khorugh,693,694,0.0248193,-0.367632,0.0339437
Kokpek,Chundzha,695,696,0.0633208,-0.395437,0.0883602
Chundzha,Koktal,696,697,0.0482242,-0.394648,0.0672558
Stralsund,Neubrandenburg,699,700,0.628408,-0.517448,0.953577
Ukmergė,Daugavpils,701,702,1.54619,-0.542618,2.38519
Ukmergė,Panevėžys,701,705,1.41951,-0.541421,2.18807
Breda,Gorinchem,706,707,0.773777,-0.520721,1.1767
Hasselt,Heerlen,708,709,1.09813,-0.528925,1.67896
Barwinek,Vyšný Komárnik,710,711,0.338334,-0.521468,0.514764
Vyšný Komárnik,Svidník,711,712,0.415356,-0.518943,0.630903
Lublin,Kovel,713,714,1.39164,-0.531476,2.13126
Olomouc,Český Těšín,716,717,0.814524,-0.5175,1.23604
Garmisch-Partenkirchen,Mittenwald,718,719,0.89551,-0.514626,1.35636
Mittenwald,Seefeld,719,720,0.582829,-0.510253,0.88022
Nyíregyháza,Chop,722,723,0.960755,-0.512138,1.45279
Dunajská Streda,Medveďov,724,725,0.623135,-0.513382,0.943042
Medveďov,Vámosszabadi,725,726,0.545372,-0.512154,0.824686
Bălţi,Mohyliv-Podilskyi,727,728,0.822489,-0.523553,1.25311
Saintes,Angoulême,730,731,0.288877,-0.488118,0.429883
St. Johann in Tirol,Lofer,732,733,0.919253,-0.511081,1.38907
Sarajevo,Užice,737,738,0.241801,-0.442079,0.348696
Užice,Čačak,738,739,0.353173,-0.447238,0.511126
Čačak,Nova Varoš,739,740,0.352859,-0.447258,0.510678
Avellino,Benevento,741,742,0.0548571,-0.422059,0.07801
Balıkesir,Manisa,746,747,0.0167535,-0.392638,0.0233315
Warsaw,Brest-Litovsk,316,0,2.56564,-0.534155,3.93609
Brest-Litovsk,Minsk,0,318,2.48249,-0.539437,3.82164
Lyon,Mâcon,17,677,1.74988,-0.50851,2.63971
Beaune,Mâcon,395,677,2.99114,-0.514956,4.53144
