Glasgow,Preston,1,2,0.000238187,0,0.000238187
Glasgow,Edinburgh,1,13,0.000238187,0,0.000238187
Preston,Birmingham,2,3,0.000238187,0,0.000238187
Birmingham,Cambridge,3,636,0.000238187,0,0.000238187
Le Havre,Paris,4,5,1.98647,-0.516861,3.0132
Le Havre,Amiens,4,657,1.10228,-0.519457,1.67486
Paris,Orléans,5,6,2.1568,-0.508205,3.25289
Paris,Calais,5,16,1.71857,-0.517079,2.60721
Paris,Lyon,5,17,2.6741,-0.509576,4.03676
Paris,Brussels,5,326,2.97023,-0.520536,4.51634
Paris,Le Mans,5,366,1.70876,-0.51094,2.58183
Paris,Reims,5,367,1.89221,-0.518246,2.87284
Paris,Chaumont,5,665,2.73532,-0.518964,4.15485
Orléans,Bordeaux,6,7,1.11663,-0.496391,1.67091
Orléans,Tours,6,392,1.22294,-0.497363,1.83118
Orléans,Montargis,6,393,1.47729,-0.504076,2.22196
Orléans,Toulouse,6,466,1.31361,-0.490739,1.95825
Bordeaux,San Sebastián,7,8,0.696228,-0.476601,1.02805
Bordeaux,Clermont-Ferrand,7,446,1.23996,-0.488511,1.84569
Bordeaux,Toulouse,7,466,0.595706,-0.473455,0.877747
Bordeaux,Angoulême,7,731,0.745305,-0.484105,1.10611
San Sebastián,Burgos,8,9,0.421443,-0.443013,0.608148
San Sebastián,Bilbao,8,445,0.334379,-0.445666,0.4834
San Sebastián,Toulouse,8,466,0.502581,-0.463482,0.735518
Burgos,Madrid,9,10,0.279808,-0.418985,0.397043
Burgos,Valladolid,9,465,0.179612,-0.423902,0.255751
Madrid,Seville,10,11,0.196853,-0.402194,0.276026
Madrid,Barcelona,10,21,0.373808,-0.435625,0.536648
Madrid,Valencia,10,24,0.206605,-0.410867,0.291492
Madrid,Lisbon,10,464,0.193288,-0.406626,0.271884
Seville,Algeciras,11,12,0.102446,-0.387913,0.142186
Seville,Huelva,11,486,0.107748,-0.387273,0.149476
Algeciras,Málaga,12,28,0.0471565,-0.380232,0.065087
Edinburgh,Newcastle,13,14,0.000238187,0,0.000238187
Newcastle,London,14,15,0.000238187,0,0.000238187
London,Colchester,15,305,0.000238187,0,0.000238187
Calais,Bruges,16,324,1.71035,-0.521945,2.60306
Calais,Rouen,16,662,1.13708,-0.518934,1.72715
Lyon,Orange,17,18,1.28913,-0.502175,1.9365
Lyon,Clermont-Ferrand,17,446,1.46907,-0.493044,2.19339
Lyon,Chambéry,17,447,1.24748,-0.50421,1.87648
Orange,Narbonne,18,19,0.596284,-0.494148,0.890936
Orange,Marseille,18,736,0.547313,-0.500192,0.821075
Narbonne,Girona,19,20,0.358816,-0.474502,0.529075
Girona,Barcelona,20,21,0.461866,-0.45454,0.671802
Barcelona,Tarragona,21,22,0.312789,-0.442594,0.451228
Barcelona,Toulouse,21,466,0.821113,-0.460859,1.19953
Tarragona,Castellón de la Plana,22,23,0.162885,-0.428096,0.232616
Castellón de la Plana,Valencia,23,24,0.152442,-0.411244,0.215133
Valencia,Alicante,24,25,0.118245,-0.402433,0.165831
Alicante,Murcia,25,26,0.052882,-0.393649,0.0736989
Murcia,Almería,26,27,0.0291527,-0.382547,0.040305
Almería,Málaga,27,28,0.0277281,-0.37603,0.0381546
Hook of Holland,Rotterdam,29,30,0.551412,-0.520614,0.838485
Hook of Holland,The Hague,29,307,0.299898,-0.517923,0.455222
Rotterdam,Eindhoven,30,31,1.37707,-0.521651,2.09542
Eindhoven,Maastricht,31,32,1.46503,-0.525494,2.2349
Eindhoven,Antwerp,31,505,2.47167,-0.525108,3.76956
Eindhoven,Venlo,31,643,1.88183,-0.522738,2.86554
Eindhoven,Breda,31,706,1.39214,-0.52157,2.11824
Maastricht,Liège,32,33,1.80232,-0.528238,2.75438
Liège,Bastogne,33,34,1.67159,-0.529609,2.55688
Liège,Leuven,33,327,2.7504,-0.527403,4.20097
Liège,Eupen,33,328,1.73852,-0.52997,2.65988
Liège,Antwerp,33,505,3.08744,-0.527017,4.71457
Liège,Namur,33,652,1.87245,-0.528487,2.86201
Liège,St. Vith,33,653,1.52716,-0.529657,2.33604
Liège,Charleville-Mézières,33,658,2.00349,-0.527956,3.06124
Bastogne,Arlon,34,35,1.00435,-0.53048,1.53713
Arlon,Luxembourg,35,36,1.40267,-0.529543,2.14545
Luxembourg,Metz,36,37,2.3623,-0.525943,3.60474
Luxembourg,St. Vith,36,653,1.69172,-0.53025,2.58875
Luxembourg,Charleville-Mézières,36,658,1.31686,-0.527238,2.01116
Luxembourg,Trier,36,659,1.66586,-0.530261,2.5492
Metz,Saint-Avold,37,38,2.83716,-0.525756,4.32881
Metz,Lausanne,37,44,2.35759,-0.524273,3.59361
Metz,Geneva,37,45,2.66456,-0.516886,4.04184
Metz,Brussels,37,326,3.27295,-0.524029,4.98808
Metz,Reims,37,367,2.40459,-0.522725,3.66152
Metz,Saarbrücken,37,368,2.67889,-0.527268,4.09138
Saint-Avold,Strasbourg,38,39,2.13368,-0.527567,3.25933
Strasbourg,Mulhouse,39,40,2.67397,-0.528323,4.08669
Strasbourg,Appenweier,39,664,2.00843,-0.529019,3.07093
Mulhouse,Basel,40,41,2.57404,-0.527134,3.93091
Mulhouse,Belfort,40,398,1.93357,-0.527482,2.95349
Mulhouse,Chaumont,40,665,2.48143,-0.52469,3.78341
Basel,Olten,41,42,1.54323,-0.52603,2.35502
Basel,Offenburg,41,61,2.20034,-0.526812,3.35951
Basel,Zürich,41,399,1.82142,-0.524097,2.77602
Basel,Waldshut,41,666,2.16098,-0.523453,3.29215
Olten,Bern,42,43,1.57203,-0.526249,2.39932
Olten,Lucerne,42,62,0.971916,-0.525154,1.48232
Bern,Lausanne,43,44,1.2978,-0.524031,1.97789
Bern,Belfort,43,398,1.60191,-0.526516,2.44534
Bern,Martigny,43,506,0.933525,-0.518347,1.41741
Lausanne,Geneva,44,45,1.08224,-0.511528,1.63584
Lausanne,Martigny,44,506,0.820472,-0.515889,1.24374
Geneva,Mont Blanc,45,46,1.23095,-0.507853,1.85609
Geneva,Chambéry,45,447,1.39161,-0.505131,2.09456
Geneva,Mâcon,45,677,2.10519,-0.512871,3.18488
Mont Blanc,Aosta,46,47,0.736011,-0.50506,1.10774
Aosta,Ivrea,47,48,0.685036,-0.492779,1.02261
Aosta,Martigny,47,506,0.91176,-0.494877,1.36297
Ivrea,Vercelli,48,49,0.292601,-0.480754,0.43327
Ivrea,Turin,48,449,0.442415,-0.476754,0.653338
Vercelli,Alessandria,49,50,0.266647,-0.463406,0.390212
Alessandria,Genoa,50,51,0.362447,-0.449795,0.525474
Alessandria,Turin,50,449,0.335149,-0.4642,0.490726
Alessandria,Tortona,50,450,0.251239,-0.452907,0.365027
Alessandria,Asti,50,686,0.322736,-0.454254,0.469341
Genoa,Rome,51,74,0.756694,-0.439659,1.08938
Genoa,Tortona,51,450,0.421072,-0.443956,0.608009
Genoa,Nice,51,467,0.586436,-0.45268,0.851903
Amsterdam,Utrecht,52,53,1.26624,-0.51999,1.92467
Amsterdam,Amersfoort,52,309,0.731692,-0.52278,1.11421
Amsterdam,Brussels,52,326,3.09128,-0.523399,4.70926
Amsterdam,Groningen,52,624,1.31191,-0.521905,1.99661
Utrecht,Arnhem,53,54,0.968121,-0.517495,1.46912
Utrecht,Gouda,53,308,0.788438,-0.516399,1.19559
Utrecht,Amersfoort,53,309,0.732334,-0.517046,1.11098
Utrecht,Gorinchem,53,707,0.930998,-0.517303,1.41261
Arnhem,Emmerich,54,55,0.870162,-0.519921,1.32258
Emmerich,Oberhausen,55,56,1.67703,-0.522485,2.55326
Oberhausen,Cologne,56,57,2.85158,-0.525429,4.34988
Oberhausen,Dortmund,56,508,2.02449,-0.523457,3.08422
Oberhausen,Venlo,56,643,1.91961,-0.521648,2.92097
Cologne,Frankfurt am Main,57,58,3.26365,-0.5298,4.99274
Cologne,Aachen,57,329,2.85505,-0.529752,4.36752
Cologne,Olpe,57,330,2.02949,-0.528108,3.10127
Cologne,Bremen,57,507,3.03241,-0.524403,4.62262
Frankfurt am Main,Heidelberg,58,59,2.90206,-0.532286,4.44678
Frankfurt am Main,Gießen,58,332,2.06472,-0.531685,3.16249
Frankfurt am Main,Mannheim,58,369,3.35013,-0.531688,5.13136
Frankfurt am Main,Aschaffenburg,58,509,2.43307,-0.530808,3.72457
Frankfurt am Main,Wiesbaden,58,656,2.36013,-0.532799,3.61761
Heidelberg,Karlsruhe,59,60,2.46829,-0.531036,3.77904
Karlsruhe,Offenburg,60,61,2.15895,-0.527024,3.29677
Karlsruhe,Stuttgart,60,510,3.00481,-0.527643,4.59027
Karlsruhe,Appenweier,60,664,2.27545,-0.529848,3.48109
Lucerne,Altdorf,62,63,0.717301,-0.522884,1.09237
Altdorf,Gotthard Pass,63,64,0.50997,-0.51879,0.774538
Altdorf,Zürich,63,399,0.950604,-0.522211,1.44702
Gotthard Pass,Bellinzona,64,65,0.267148,-0.508462,0.402983
Bellinzona,Lugano,65,66,0.151292,-0.487152,0.224994
Bellinzona,San Bernardino,65,516,0.159128,-0.497364,0.238272
Lugano,Chiasso,66,67,0.115374,-0.461312,0.168597
Chiasso,Como,67,68,0.185902,-0.447707,0.269131
Como,Milan,68,69,0.422889,-0.447522,0.612142
Milan,Piacenza,69,70,0.498292,-0.446141,0.720601
Milan,Turin,69,449,0.533746,-0.459932,0.779233
Milan,Tortona,69,450,0.349019,-0.447426,0.505179
Milan,Brescia,69,451,0.439625,-0.447278,0.636259
Milan,Gravellona Toce,69,680,0.448683,-0.451988,0.651483
Piacenza,Parma,70,71,0.377686,-0.442847,0.544943
Parma,Modena,71,72,0.591593,-0.442621,0.853445
Modena,Florence,72,73,0.705113,-0.440013,1.01537
Modena,Verona,72,94,0.79008,-0.444901,1.14159
Modena,Bologna,72,95,0.682225,-0.442041,0.983796
Florence,Rome,73,74,0.646237,-0.437066,0.928685
Rome,Pescara,74,125,0.648574,-0.433149,0.929504
Östersund,Mora,75,76,0.166944,-0.347815,0.22501
Östersund,Trondheim,75,493,0.198451,-0.34817,0.267545
Östersund,Sundsvall,75,610,0.210617,-0.346234,0.28354
Mora,Säffle,76,77,0.12166,-0.347989,0.163996
Säffle,Gothenburg,77,78,0.161048,-0.347539,0.217018
Gothenburg,Halmstad,78,300,0.155008,-0.346299,0.208687
Gothenburg,Örebro,78,301,0.167539,-0.346403,0.225575
Gothenburg,Oslo,78,489,0.14116,-0.348155,0.190305
Hamburg,Hanover,79,80,1.90714,-0.520422,2.89966
Hamburg,Berlin,79,108,2.10098,-0.5184,3.19013
Hamburg,Bremen,79,507,2.37064,-0.521753,3.60752
Hamburg,Lübeck,79,517,1.09592,-0.519536,1.66529
Hanover,Göttingen,80,81,1.31022,-0.523151,1.99566
Hanover,Bad Oeynhausen,80,312,1.50589,-0.522955,2.2934
Hanover,Braunschweig,80,313,1.41618,-0.519623,2.15206
Göttingen,Kassel,81,82,1.17485,-0.525419,1.79214
Kassel,Fulda,82,83,1.57103,-0.527906,2.40038
Kassel,Dortmund,82,508,1.83653,-0.525668,2.80194
Fulda,Würzburg,83,84,2.2695,-0.528966,3.46999
Würzburg,Nuremberg,84,85,3.3955,-0.528843,5.19118
Würzburg,Aschaffenburg,84,509,2.97825,-0.529627,4.55561
Würzburg,Stuttgart,84,510,2.36838,-0.530616,3.62508
Würzburg,Ulm,84,512,1.56852,-0.526297,2.39403
Nuremberg,Munich,85,86,2.96991,-0.522388,4.52136
Nuremberg,Heilbronn,85,370,3.05255,-0.528744,4.66656
Nuremberg,Rozvadov,85,371,2.44529,-0.524641,3.72819
Nuremberg,Bayreuth,85,529,3.27206,-0.524867,4.98946
Nuremberg,Regensburg,85,667,2.31863,-0.525483,3.53703
Munich,Rosenheim,86,87,2.19066,-0.515609,3.32018
Munich,Salzburg,86,115,2.6238,-0.514964,3.97497
Munich,Ulm,86,512,2.15147,-0.52104,3.27247
Munich,Lindau,86,513,2.42119,-0.515716,3.66984
Munich,Deggendorf,86,531,2.35943,-0.519835,3.58595
Munich,Garmisch-Partenkirchen,86,718,2.12051,-0.516031,3.21476
Munich,Braunau am Inn,86,721,1.86839,-0.518468,2.83708
Rosenheim,Wörgl,87,88,1.48396,-0.511676,2.24326
Rosenheim,Bad Reichenhall,87,407,1.17402,-0.513484,1.77687
Wörgl,Innsbruck,88,89,1.44731,-0.506116,2.17982
Wörgl,St. Johann in Tirol,88,732,1.07241,-0.508932,1.6182
Innsbruck,Brenner,89,90,0.868071,-0.500511,1.30255
Innsbruck,Telfs,89,405,0.748641,-0.503781,1.12579
Innsbruck,Imst,89,406,0.764458,-0.503942,1.1497
Innsbruck,Seefeld,89,720,0.880242,-0.503982,1.32387
Brenner,Fortezza,90,91,0.547996,-0.494295,0.818868
Fortezza,Bolzano,91,92,0.399009,-0.481077,0.590964
Fortezza,Innichen,91,681,0.48149,-0.495361,0.720001
Bolzano,Trento,92,93,0.3626,-0.459779,0.529316
Trento,Verona,93,94,0.659623,-0.44878,0.955648
Verona,Mestre,94,120,0.936849,-0.449376,1.35785
Verona,Brescia,94,451,0.710839,-0.445322,1.02739
Bologna,Cesena,95,96,0.583086,-0.442928,0.841351
Cesena,Perugia,96,97,0.404901,-0.443574,0.584505
Cesena,Ravenna,96,121,0.591711,-0.446394,0.855847
Cesena,Rimini,96,122,0.421257,-0.442859,0.607814
Perugia,Fiano Romano,97,98,0.168533,-0.442315,0.243078
Fiano Romano,Naples,98,99,0.0812539,-0.438096,0.116851
Naples,Salerno,99,100,0.0223458,-0.430605,0.031968
Naples,Avellino,99,741,0.0347804,-0.422656,0.0494805
Salerno,Sicignano degli Alburni,100,101,0.01465,-0.403395,0.0205597
Salerno,Avellino,100,741,0.0194295,-0.404009,0.0272792
Sicignano degli Alburni,Potenza,101,743,0.00838598,-0.386616,0.0116281
Messina,Catania,102,103,0.000238187,0,0.000238187
Messina,Palermo,102,474,0.000238187,0,0.000238187
Catania,Siracusa,103,104,0.000238187,0,0.000238187
Siracusa,Gela,104,105,0.000238187,0,0.000238187
Gela,Mazara del Vallo,105,473,0.000238187,0,0.000238187
Helsingborg,Copenhagen,299,106,0.0352055,-0.341364,0.0472234
Copenhagen,Malmö,106,135,0.0182626,-0.338287,0.0244406
Rostock,Berlin,107,108,1.58977,-0.517095,2.41184
Rostock,Lübeck,107,517,0.793626,-0.517946,1.20468
Rostock,Sassnitz,107,625,0.672742,-0.516994,1.02055
Berlin,Lübbenau,108,109,2.3837,-0.516862,3.61575
Berlin,Szczecin,108,137,1.88669,-0.516953,2.86202
Berlin,Świebodzin,108,139,2.24794,-0.517271,3.41074
Berlin,Magdeburg,108,314,2.37102,-0.517876,3.59891
Berlin,Leipzig,108,526,2.10395,-0.517046,3.19179
Berlin,Neubrandenburg,108,700,1.46656,-0.517067,2.22488
Lübbenau,Dresden,109,110,1.75716,-0.516657,2.66501
Lübbenau,Cottbus,109,644,1.30696,-0.516312,1.98177
Dresden,Ústí nad Labem,110,111,1.78845,-0.517338,2.71368
Dresden,Chemnitz,110,337,2.00351,-0.516864,3.03905
Dresden,Görlitz,110,338,1.28865,-0.516454,1.95418
Ústí nad Labem,Prague,111,112,2.00848,-0.518288,3.04945
Prague,Tábor,112,113,1.95648,-0.518005,2.96994
Prague,Mladá Boleslav,112,146,1.12877,-0.51882,1.71439
Prague,Jihlava,112,147,1.9824,-0.517665,3.00862
Prague,Plzeň,112,372,2.18248,-0.519784,3.3169
Prague,Karlovy Vary,112,523,1.34612,-0.518887,2.0446
Prague,Hradec Králové,112,551,1.46911,-0.518223,2.23044
Tábor,Linz,113,114,1.73294,-0.517656,2.63001
Linz,Salzburg,114,115,1.85521,-0.514677,2.81004
Linz,Sattledt,114,408,0.745414,-0.516823,1.13066
Linz,Sankt Pölten,114,409,1.75024,-0.516224,2.65376
Linz,Wels,114,669,1.30859,-0.517834,1.98622
Salzburg,Villach,115,116,2.85708,-0.508037,4.30858
Salzburg,Bad Reichenhall,115,407,1.43941,-0.512184,2.17665
Salzburg,Sattledt,115,408,1.50184,-0.513819,2.27351
Salzburg,Lofer,115,733,1.72155,-0.511842,2.60272
Villach,Tarvisio,116,117,1.514,-0.504807,2.27828
Villach,Karavanke Tunnel,116,537,1.29429,-0.505192,1.94816
Villach,Spittal an der Drau,116,682,1.46798,-0.506475,2.21148
Villach,Klagenfurt,116,683,1.56964,-0.507039,2.3655
Tarvisio,Udine,117,118,0.772561,-0.495133,1.15508
Udine,Palmanova,118,119,0.796163,-0.476591,1.17561
Palmanova,Mestre,119,120,1.0067,-0.461587,1.47138
Palmanova,Trieste,119,452,0.963202,-0.471596,1.41744
Mestre,Ravenna,120,121,0.711217,-0.450344,1.03151
Rimini,Fano,122,123,0.215151,-0.438772,0.309553
Fano,Ancona,123,124,0.197849,-0.431746,0.28327
Ancona,Pescara,124,125,0.351389,-0.429244,0.50222
Pescara,Canosa di Puglia,125,126,0.385617,-0.426285,0.55
Canosa di Puglia,Bari,126,127,0.130732,-0.416374,0.185166
Canosa di Puglia,Benevento,126,742,0.133688,-0.41792,0.189559
Bari,Brindisi,127,128,0.0362406,-0.410934,0.0511331
Bari,Taranto,127,476,0.0345577,-0.409365,0.0487044
Brindisi,Taranto,128,476,0.0090932,-0.394728,0.0126825
Igoumenitsa,Preveza,129,130,0.0301535,-0.372209,0.0413769
Igoumenitsa,Ioannina,129,477,0.0650356,-0.388648,0.0903115
Preveza,Rhion,130,131,0.0177181,-0.336107,0.0236733
Rhion,Patras,131,132,0.00846537,-0.283188,0.0108627
Rhion,Aigio,131,175,0.00846537,-0.283188,0.0108627
Patras,Pyrgos,132,133,0.00448304,-0.252887,0.00561674
Pyrgos,Kalamata,133,134,0.00276812,-0.223211,0.00338599
Kalamata,Tripoli,134,177,0.00228894,-0.209345,0.00276812
Malmö,Helsingborg,135,299,0.0486107,-0.340687,0.0651717
Malmö,Kalmar,135,626,0.0465878,-0.339231,0.0623918
Goleniów,Szczecin,136,137,0.804976,-0.516654,1.22087
Goleniów,Koszalin,136,637,0.345504,-0.516893,0.524093
Szczecin,Gorzów Wielkopolski,137,138,0.855177,-0.516868,1.29719
Gorzów Wielkopolski,Świebodzin,138,139,1.01928,-0.517537,1.5468
Świebodzin,Zielona Góra,139,140,1.34697,-0.517383,2.04387
Świebodzin,Poznań,139,315,2.09835,-0.519419,3.18827
Zielona Góra,Legnica,140,141,1.35052,-0.517328,2.04918
Legnica,Jelenia Góra,141,142,1.22352,-0.515968,1.85482
Legnica,Görlitz,141,338,1.35825,-0.516287,2.0595
Legnica,Wrocław,141,339,2.04723,-0.51705,3.10575
Legnica,Cottbus,141,644,1.35956,-0.516274,2.06146
Jelenia Góra,Harrachov,142,143,0.529303,-0.515397,0.802104
Harrachov,Železný Brod,143,144,0.380687,-0.515702,0.577008
Železný Brod,Turnov,144,145,0.624712,-0.516974,0.947672
Turnov,Mladá Boleslav,145,146,0.662984,-0.518139,1.0065
Turnov,Hradec Králové,145,551,0.938205,-0.517557,1.42378
Turnov,Teplice,145,715,0.803414,-0.51845,1.21994
Jihlava,Brno,147,148,1.01422,-0.516166,1.53772
Jihlava,Vienna,147,410,1.63682,-0.516424,2.48211
Brno,Bratislava,148,149,1.4395,-0.515914,2.18215
Brno,Trenčín,148,373,1.406,-0.517066,2.13299
Brno,Vienna,148,410,1.66068,-0.514347,2.51485
Brno,Olomouc,148,716,1.41517,-0.516922,2.1467
Bratislava,Rajka,149,150,1.56192,-0.514296,2.36521
Bratislava,Žilina,149,195,1.62325,-0.515769,2.46047
Bratislava,Győr,149,196,1.63824,-0.513099,2.47882
Bratislava,Vienna,149,410,2.27752,-0.509858,3.43873
Bratislava,Zvolen,149,568,2.16129,-0.515404,3.27522
Bratislava,Dunajská Streda,149,724,1.3401,-0.514377,2.02942
Rajka,Csorna,150,151,0.620503,-0.513856,0.939353
Csorna,Szombathely,151,152,0.316787,-0.509826,0.478293
Szombathely,Zalaegerszeg,152,153,0.336084,-0.501073,0.504486
Zalaegerszeg,Nagykanizsa,153,154,0.692185,-0.496247,1.03568
Nagykanizsa,Letenye,154,155,0.434902,-0.49502,0.650188
Nagykanizsa,Zagreb,154,156,0.997058,-0.486644,1.48227
Nagykanizsa,Balatonvilágos,154,553,1.34641,-0.499895,2.01947
Letenye,Zagreb,155,156,0.562156,-0.480165,0.832083
Zagreb,Karlovac,156,157,0.833577,-0.478711,1.23262
Zagreb,Ljubljana,156,454,0.793293,-0.481019,1.17488
Zagreb,Slavonski Brod,156,455,1.01723,-0.465391,1.49063
Zagreb,Maribor,156,535,0.916444,-0.485977,1.36181
Karlovac,Rijeka,157,158,0.378484,-0.475702,0.55853
Karlovac,Knin,157,554,0.303613,-0.475499,0.447981
Rijeka,Split,158,159,0.263996,-0.471306,0.388419
Rijeka,Trieste,158,452,0.652888,-0.475417,0.963282
Split,Dubrovnik,159,160,0.208757,-0.457607,0.304286
Split,Knin,159,554,0.189125,-0.469241,0.27787
Dubrovnik,Petrovac,160,161,0.073858,-0.447593,0.106916
Dubrovnik,Podgorica,160,162,0.177122,-0.438039,0.254709
Petrovac,Podgorica,161,162,0.124106,-0.43149,0.177657
Petrovac,Prizren,161,744,0.111992,-0.434791,0.160685
Podgorica,Bijelo Polje,162,163,0.188756,-0.432554,0.270404
Podgorica,Pristina,162,164,0.260106,-0.435064,0.373269
Podgorica,Sarajevo,162,737,0.325117,-0.431289,0.465336
Bijelo Polje,Pristina,163,164,0.261589,-0.43535,0.375472
Bijelo Polje,Nova Varoš,163,740,0.278311,-0.43659,0.399818
Pristina,Skopje,164,165,0.359802,-0.433977,0.515947
Pristina,Niš,164,202,0.667494,-0.440676,0.961643
Pristina,Prizren,164,744,0.21609,-0.435162,0.310124
Skopje,Kičevo,165,166,0.25371,-0.43078,0.363003
Skopje,Kumanovo,165,203,0.349234,-0.436162,0.501557
Skopje,Veles,165,204,0.273567,-0.42874,0.390857
Kičevo,Ohrid,166,167,0.107849,-0.427354,0.153939
Ohrid,Bitola,167,168,0.0541676,-0.41918,0.0768736
Bitola,Niki,168,169,0.0458982,-0.405656,0.0645171
Niki,Vevi,169,170,0.0748667,-0.398706,0.104716
Vevi,Kozani,170,171,0.163535,-0.398131,0.228643
Kozani,Larissa,171,172,0.110824,-0.398105,0.154944
Kozani,Thessaloniki,171,207,0.35475,-0.400301,0.496757
Kozani,Ioannina,171,477,0.135729,-0.396907,0.189601
Larissa,Domokos,172,173,0.0495854,-0.397545,0.0692979
Larissa,Lamia,172,174,0.0495854,-0.397545,0.0692979
Larissa,Katerini,172,208,0.139703,-0.399483,0.195512
Larissa,Trikala,172,687,0.0711036,-0.396105,0.0992681
Domokos,Lamia,173,174,6.6083e-05,-0.463667,3.30415e-05
Aigio,Corinth,175,176,0.00448304,-0.252887,0.00561674
Corinth,Tripoli,176,177,0.00276812,-0.223211,0.00338599
Varangerbotn,Utsjoki,178,179,0.0676185,-0.486909,0.100543
Varangerbotn,Kirkenes,178,243,0.153574,-0.514014,0.232513
Varangerbotn,Karasjok,178,502,0.0652463,-0.493755,0.097462
Utsjoki,Inari,179,180,0.0326654,-0.440487,0.0470541
Inari,Ivalo,180,181,0.0264897,-0.362407,0.0360898
Ivalo,Sodankylä,181,182,0.0395141,-0.31769,0.0520674
Sodankylä,Rovaniemi,182,183,0.05949,-0.308558,0.0778461
Sodankylä,Kemijärvi,182,539,0.0372205,-0.306318,0.0486218
Rovaniemi,Kemi,183,184,0.0847057,-0.3119,0.111125
Kemi,Oulu,184,185,0.114689,-0.319425,0.151324
Kemi,Tornio,184,614,0.0870993,-0.315762,0.114602
Oulu,Jyväskylä,185,186,0.102752,-0.325836,0.136233
Oulu,Kokkola,185,615,0.0775497,-0.329574,0.103108
Jyväskylä,Heinola,186,187,0.100872,-0.353648,0.136545
Jyväskylä,Kuopio,186,544,0.0890453,-0.34151,0.119455
Jyväskylä,Tampere,186,545,0.103499,-0.370961,0.141894
Heinola,Lahti,187,188,0.0750061,-0.386539,0.103999
Lahti,Helsinki,188,189,0.107126,-0.429986,0.153188
Helsinki,Hämeenlinna,189,618,0.110077,-0.415702,0.155836
Helsinki,Kotka,189,621,0.183415,-0.483644,0.272123
Gdańsk,Świecie,190,191,1.56932,-0.522469,2.38925
Gdańsk,Kaliningrad,190,563,1.17443,-0.526172,1.79238
Gdańsk,Elbląg,190,564,1.32687,-0.524848,2.02328
Gdańsk,Gdynia,190,639,0.953811,-0.523127,1.45278
Świecie,Łódź,191,192,1.12479,-0.521062,1.71088
Świecie,Poznań,191,315,1.48996,-0.522239,2.26808
Łódź,Piotrków Trybunalski,192,193,1.28289,-0.522075,1.95265
Piotrków Trybunalski,Katowice,193,194,1.53541,-0.521018,2.33539
Piotrków Trybunalski,Warsaw,193,316,2.14994,-0.526298,3.28145
Piotrków Trybunalski,Wrocław,193,339,1.5604,-0.519877,2.37161
Katowice,Žilina,194,195,1.31051,-0.517425,1.9886
Katowice,Zabrze,194,342,1.13833,-0.517658,1.7276
Katowice,Kraków,194,343,1.7378,-0.518518,2.63889
Katowice,Český Těšín,194,717,0.906505,-0.517993,1.37607
Žilina,Olomouc,195,716,0.802301,-0.516791,1.21692
Győr,Budapest,196,197,2.32797,-0.509949,3.51511
Győr,Vámosszabadi,196,726,1.03012,-0.512519,1.55808
Budapest,Szeged,197,198,2.68533,-0.498341,4.02354
Budapest,Mosonmagyaróvár,197,412,2.50123,-0.509533,3.77568
Budapest,Szolnok,197,413,2.56416,-0.504452,3.85765
Budapest,Miskolc,197,552,2.50759,-0.510564,3.78787
Budapest,Balatonvilágos,197,553,2.30367,-0.503245,3.46298
Budapest,Szekszárd,197,555,2.0487,-0.506735,3.08684
Budapest,Zvolen,197,568,2.28648,-0.509919,3.4524
Szeged,Subotica,198,199,1.58867,-0.497315,2.37874
Szeged,Arad,198,684,2.11925,-0.489701,3.15704
Subotica,Novi Sad,199,200,1.03015,-0.478163,1.52273
Subotica,Sombor,199,735,0.862533,-0.49265,1.28746
Novi Sad,Belgrade,200,201,1.0864,-0.468144,1.59499
Belgrade,Niš,201,202,1.01355,-0.454213,1.47391
Belgrade,Slavonski Brod,201,455,1.01297,-0.459848,1.47878
Belgrade,Vršac,201,456,0.953155,-0.458279,1.38997
Belgrade,Čačak,201,739,0.879359,-0.451492,1.27638
Niš,Kumanovo,202,203,0.465894,-0.444569,0.673016
Niš,Drobeta-Turnu Severin,202,458,1.02675,-0.44753,1.48626
Niš,Sofia,202,468,0.845938,-0.440926,1.21893
Kumanovo,Kyustendil,203,745,0.317502,-0.438666,0.456779
Veles,Gevgelija,204,205,0.163557,-0.418786,0.232052
Gevgelija,Evzoni,205,206,0.190537,-0.40674,0.268036
Evzoni,Thessaloniki,206,207,0.372515,-0.402169,0.522328
Thessaloniki,Katerini,207,208,0.255121,-0.40099,0.357422
Thessaloniki,Alexandroupoli,207,233,0.539042,-0.39784,0.753495
Thessaloniki,Serres,207,577,0.427615,-0.407038,0.60167
Klaipėda,Kaunas,209,210,1.60067,-0.539982,2.46501
Klaipėda,Palanga,209,704,0.931453,-0.540534,1.43493
Kaunas,Vilnius,210,211,1.77505,-0.540597,2.73464
Kaunas,Warsaw,210,316,3.53336,-0.535317,5.42483
Kaunas,Riga,210,547,2.32703,-0.542363,3.58913
Kaunas,Ukmergė,210,701,1.49085,-0.54073,2.297
Vilnius,Lida,211,212,1.63687,-0.543525,2.52655
Vilnius,Minsk,211,318,3.36526,-0.543391,5.19391
Vilnius,Marijampolė,211,641,1.71839,-0.543196,2.65182
Vilnius,Ukmergė,211,701,1.71444,-0.54403,2.64714
Lida,Slonim,212,213,0.641718,-0.542648,0.989945
Slonim,Kobryn,213,214,0.343021,-0.536312,0.526987
Kobryn,Dubno,214,215,0.412256,-0.526302,0.629227
Dubno,Ternopil,215,216,0.915434,-0.522616,1.39385
Ternopil,Chernivtsi,216,217,1.05836,-0.519624,1.60831
Ternopil,Stryj,216,379,1.50726,-0.51952,2.29031
Ternopil,Khmelnytskyi,216,380,1.26986,-0.526109,1.93794
Chernivtsi,Siret,217,218,0.84117,-0.512628,1.27238
Siret,Suceava,218,219,1.48639,-0.507344,2.24051
Suceava,Roman,219,220,1.51145,-0.502028,2.27025
Suceava,Halmeu,219,578,2.32392,-0.505824,3.49941
Suceava,Iaşi,219,670,1.95792,-0.508158,2.95285
Roman,Urziceni,220,221,0.900653,-0.487078,1.33934
Urziceni,Bucharest,221,222,0.725878,-0.463508,1.06233
Urziceni,Slobozia,221,421,0.57464,-0.466123,0.842493
Bucharest,Giurgiu,222,223,0.442585,-0.43892,0.636845
Bucharest,Ploieşti,222,420,0.370608,-0.450623,0.537613
Bucharest,Constanţa,222,423,0.562225,-0.444363,0.812057
Bucharest,Alexandria,222,460,0.432172,-0.452659,0.627798
Bucharest,Piteşti,222,583,0.465951,-0.452991,0.677022
Giurgiu,Ruse,223,224,0.252036,-0.425899,0.359378
Ruse,Byala,224,225,0.150083,-0.409169,0.211492
Ruse,Razgrad,224,461,0.138155,-0.409678,0.194753
Byala,Veliko Tarnovo,225,226,0.125512,-0.402472,0.176027
Byala,Pleven,225,584,0.120694,-0.408645,0.170015
Veliko Tarnovo,Stara Zagora,226,227,0.142127,-0.403612,0.199492
Veliko Tarnovo,Shumen,226,462,0.134641,-0.401479,0.188697
Stara Zagora,Haskovo,227,228,0.0913528,-0.394124,0.127357
Stara Zagora,Burgas,227,590,0.124233,-0.39973,0.173893
Haskovo,Svilengrad,228,229,0.0466897,-0.388892,0.0648469
Svilengrad,Ormenio,229,230,0.038341,-0.388473,0.0532355
Ormenio,Kastanies,230,231,0.0597813,-0.391549,0.0831887
Kastanies,Didymoteicho,231,232,0.128036,-0.393294,0.178392
Didymoteicho,Alexandroupoli,232,233,0.297003,-0.394396,0.41414
Alexandroupoli,Gelibolu,233,478,0.362822,-0.392686,0.505297
Saint Petersburg,Pskov,234,235,3.32495,-0.543219,5.13112
Saint Petersburg,Moscow,234,239,6.40286,-0.542555,9.87676
Saint Petersburg,Petrozavodsk,234,245,2.24155,-0.531453,3.43283
Saint Petersburg,Narva,234,304,2.53362,-0.54157,3.90575
Saint Petersburg,Vyborg,234,623,2.24195,-0.53142,3.43337
Pskov,Gomel,235,236,4.35741,-0.544392,6.72954
Pskov,Riga,235,547,3.11295,-0.544848,4.80904
Gomel,Kiev,236,237,6.20543,-0.542225,9.57017
Gomel,Babruysk,236,703,3.63863,-0.545014,5.62173
Kiev,Odessa,237,238,4.80963,-0.53144,7.36566
Kiev,Hlukhiv,237,242,5.55315,-0.544221,8.5753
Kiev,Kharkiv,237,247,5.55057,-0.54058,8.5511
Kiev,Rivne,237,348,4.03585,-0.541523,6.22136
Kiev,Zhytomyr,237,349,3.2487,-0.538881,4.99936
Odessa,Izmail,238,586,1.69204,-0.520144,2.57214
Odessa,Chişinău,238,672,2.01849,-0.518339,3.06475
Odessa,Mykolaiv,238,673,1.93497,-0.522538,2.94606
Moscow,Kaluga,239,240,4.49221,-0.548055,6.95418
Moscow,Orel,239,246,4.90537,-0.544541,7.57654
Moscow,Voronezh,239,248,5.63182,-0.530645,8.62032
Moscow,Tambov,239,256,4.53612,-0.541407,6.99201
Moscow,Smolensk,239,319,4.91298,-0.544044,7.58585
Moscow,Ryazan,239,320,4.17805,-0.530864,6.39602
Moscow,Velikiye Luki,239,628,4.35913,-0.544222,6.73147
Moscow,Vladimir,239,629,4.24728,-0.538616,6.53493
Kaluga,Bryansk,240,241,2.40547,-0.552793,3.73519
Bryansk,Hlukhiv,241,242,2.97818,-0.551736,4.62134
Hlukhiv,Kursk,242,645,3.21359,-0.550166,4.9816
Kirkenes,Murmansk,243,244,0.325259,-0.525673,0.496239
Murmansk,Petrozavodsk,244,245,0.838903,-0.52986,1.2834
Orel,Kharkiv,246,247,3.69257,-0.544773,5.70419
Kharkiv,Luhansk,247,350,2.97044,-0.544268,4.58715
Voronezh,Novorossiysk,248,249,3.52919,-0.536605,5.42297
Voronezh,Kursk,248,645,3.20445,-0.546443,4.9555
Voronezh,Saratov,248,646,3.20336,-0.52173,4.87465
Novorossiysk,Dzhankoy,249,601,1.43473,-0.530155,2.19536
Novorossiysk,Sochi,249,602,1.39297,-0.529832,2.13101
Mineralnye Vody,Nalchik,250,251,0.241218,-0.474539,0.355685
Mineralnye Vody,Makhachkala,250,260,0.521983,-0.487425,0.776411
Mineralnye Vody,Armavir,250,387,0.28005,-0.476482,0.413489
Nalchik,Vladikavkaz,251,252,0.0962757,-0.462724,0.140825
Vladikavkaz,Stepantsminda,252,253,0.0404317,-0.441436,0.0582798
Stepantsminda,Mtskheta,253,254,0.0202838,-0.398956,0.0283761
Mtskheta,Tbilisi,254,255,0.0163205,-0.346465,0.0219749
Tbilisi,Gori,255,428,0.0121187,-0.318279,0.0159759
Tbilisi,Rustavi,255,429,0.0152202,-0.345965,0.0204859
Tambov,Povorino,256,257,2.03579,-0.543617,3.14248
Povorino,Volgograd,257,258,1.74885,-0.538498,2.6906
Volgograd,Astrakhan,258,259,2.12162,-0.519282,3.22334
Volgograd,Luhansk,258,350,2.02206,-0.539214,3.11238
Astrakhan,Makhachkala,259,260,1.53703,-0.502661,2.30963
Astrakhan,Atyrau,259,265,2.24045,-0.492491,3.34386
Makhachkala,Kuba,260,261,0.507816,-0.492068,0.757696
Kuba,Baku,261,262,0.196764,-0.487369,0.292661
Baku,Yevlakh,262,431,0.0775056,-0.478456,0.114589
Samara,Oral,263,264,2.3282,-0.469628,3.42159
Samara,Penza,263,321,1.71244,-0.49856,2.56619
Samara,Ufa,263,322,1.61612,-0.482289,2.39555
Oral,Atyrau,264,265,2.55924,-0.468477,3.75818
Oral,Saratov,264,646,2.61427,-0.497325,3.91441
Oral,Aktobe,264,647,1.74921,-0.462525,2.55826
Atyrau,Beineu,265,266,1.10195,-0.471953,1.62202
Atyrau,Beyneu,265,351,1.10195,-0.471953,1.62202
Beineu,Shetpe,266,267,0.43216,-0.471772,0.636042
Shetpe,Zhetybai,267,268,0.17013,-0.471621,0.250366
Zhetybai,Fetisovo,268,269,0.0685718,-0.467605,0.100636
Fetisovo,Bekdash,269,270,0.0311431,-0.448287,0.0451041
Bekdash,Türkmenbaşy,270,271,0.0216365,-0.392877,0.0301369
Türkmenbaşy,Gyzylarbat,271,272,0.0291308,-0.34812,0.0392718
Gyzylarbat,Ashgabat,272,432,0.0569071,-0.34002,0.0762567
Chelyabinsk,Kostanay,273,274,0.359119,-0.463963,0.525737
Chelyabinsk,Ufa,273,322,0.743083,-0.471255,1.09326
Chelyabinsk,Kurgan,273,323,0.408657,-0.459137,0.596286
Kostanay,Esil,274,275,0.163941,-0.456323,0.238751
Esil,Derzhavinsk,275,276,0.118383,-0.438106,0.170248
Derzhavinsk,Arkalyk,276,277,0.176555,-0.423054,0.251247
Arkalyk,Jezkazgan,277,278,0.384111,-0.418718,0.544945
Jezkazgan,Kyzylorda,278,279,0.604534,-0.418343,0.857437
Jezkazgan,Karaganda,278,286,0.573412,-0.417107,0.812586
Kyzylorda,Shymkent,279,280,0.590951,-0.413699,0.835427
Kyzylorda,Novokazalinsk,279,650,0.419303,-0.425129,0.597561
Shymkent,Tashkent,280,281,0.491651,-0.406121,0.691321
Shymkent,Zhambyl,280,359,0.39984,-0.402659,0.56084
Tashkent,Ayni,281,282,0.192403,-0.394243,0.268257
Tashkent,Jizzakh,281,358,0.239888,-0.400141,0.335877
Tashkent,Kokand,281,689,0.19252,-0.400152,0.269558
Ayni,Dushanbe,282,283,0.161849,-0.377978,0.223024
Ayni,Kokand,282,689,0.078559,-0.381706,0.108545
Dushanbe,Termez,283,440,0.095053,-0.363455,0.1296
Dushanbe,Jirgatal,283,441,0.09575,-0.365793,0.130775
Dushanbe,Kulob,283,692,0.0702633,-0.365358,0.0959346
Ishim,Astana,284,285,0.241828,-0.424172,0.344405
Ishim,Omsk,284,291,0.241828,-0.424172,0.344405
Ishim,Kurgan,284,323,0.321553,-0.441718,0.463588
Ishim,Tyumen,284,635,0.23183,-0.432835,0.332174
Astana,Karaganda,285,286,0.283588,-0.41771,0.402046
Karaganda,Balkhash,286,287,0.351671,-0.41362,0.497129
Karaganda,Pavlodar,286,292,0.341206,-0.417144,0.483538
Balkhash,Burubaytal,287,288,0.21932,-0.406506,0.308475
Burubaytal,Almaty,288,289,0.265279,-0.398486,0.370989
Almaty,Bishkek,289,290,0.415828,-0.394968,0.580067
Almaty,Sary-Ozek,289,360,0.200195,-0.394668,0.279206
Almaty,Kokpek,289,695,0.164013,-0.395025,0.228803
Bishkek,Zhambyl,290,359,0.367312,-0.397471,0.513308
Bishkek,Osh,290,691,0.380988,-0.39215,0.530393
Omsk,Pavlodar,291,292,0.199444,-0.418502,0.282911
Pavlodar,Semey,292,293,0.173595,-0.415417,0.245709
Semey,Georgiyevka,293,294,0.0731198,-0.412821,0.103305
Georgiyevka,Ayagoz,294,364,0.0330156,-0.40798,0.0464853
Narvik,Kiruna,295,296,0.0166836,-0.33345,0.0222467
Narvik,Setermoen,295,498,0.0081609,-0.334962,0.0108945
Kiruna,Töre,296,297,0.0363326,-0.334723,0.0484939
Töre,Luleå,297,298,0.0803043,-0.335485,0.107245
Luleå,Umeå,298,612,0.136294,-0.338685,0.182455
Luleå,Haparanda,298,613,0.0907902,-0.332211,0.120952
Helsingborg,Halmstad,299,300,0.104996,-0.344009,0.141116
Helsingborg,Jönköping,299,605,0.0656349,-0.340372,0.0879751
Örebro,Stockholm,301,302,0.200566,-0.347809,0.270325
Örebro,Karlstad,301,620,0.119104,-0.348175,0.160573
Stockholm,Södertälje,302,608,0.148359,-0.347209,0.19987
Stockholm,Uppsala,302,609,0.175407,-0.34787,0.236426
Tallinn,Narva,303,304,1.48143,-0.543817,2.28706
Tallinn,Riga,303,547,2.04049,-0.544373,3.15128
Colchester,Ipswich,305,306,0.000238187,0,0.000238187
Ipswich,Cambridge,306,636,0.000238187,0,0.000238187
The Hague,Gouda,307,308,0.359032,-0.515653,0.544168
Amersfoort,Oldenzaal,309,310,0.601037,-0.520016,0.913586
Amersfoort,Hoogeveen,309,698,0.560807,-0.520037,0.852447
Oldenzaal,Osnabrück,310,311,0.514236,-0.521948,0.782641
Osnabrück,Bad Oeynhausen,311,312,0.964246,-0.523569,1.46909
Bad Oeynhausen,Dortmund,312,508,1.64792,-0.524998,2.51307
Braunschweig,Magdeburg,313,314,1.32015,-0.518498,2.00464
Magdeburg,Halle,314,518,1.40817,-0.517629,2.13709
Poznań,Warsaw,315,316,2.49981,-0.525565,3.81363
Poznań,Wrocław,315,339,1.51049,-0.520176,2.29621
Warsaw,Elbląg,316,564,1.97509,-0.527816,3.01758
Warsaw,Radom,316,565,2.34995,-0.527871,3.59042
Warsaw,Lublin,316,713,2.76358,-0.530283,4.22906
Brest,Rennes,317,365,0.334031,-0.508453,0.50387
Brest,Lorient,317,388,0.183985,-0.506644,0.277199
Minsk,Smolensk,318,319,3.55071,-0.546409,5.49085
Minsk,Babruysk,318,703,3.19091,-0.546349,4.93426
Ryazan,Penza,320,321,1.93202,-0.524435,2.94524
Ufa,Yelabuga,322,632,0.786823,-0.474252,1.15998
Bruges,Ghent,324,325,1.52742,-0.522947,2.32618
Bruges,Zeebrugge,324,642,1.71576,-0.52539,2.61721
Ghent,Brussels,325,326,2.0632,-0.5236,3.14349
Brussels,Leuven,326,327,2.60156,-0.526316,3.97081
Leuven,Hasselt,327,708,1.67856,-0.529154,2.56677
Eupen,Aachen,328,329,2.00408,-0.53098,3.06821
Eupen,St. Vith,328,653,1.02978,-0.531687,1.5773
Aachen,Heerlen,329,709,1.5772,-0.53081,2.4144
Olpe,Wetzlar,330,331,1.90112,-0.528346,2.90557
Wetzlar,Gießen,331,332,1.88679,-0.530265,2.88729
Wetzlar,Dortmund,331,508,2.6565,-0.527813,4.05863
Wetzlar,Aschaffenburg,331,509,2.03324,-0.529736,3.11032
Wetzlar,Koblenz,331,660,1.9815,-0.530356,3.0324
Gießen,Bad Hersfeld,332,333,1.16704,-0.531454,1.78727
Bad Hersfeld,Eisenach,333,334,0.551187,-0.529103,0.842822
Eisenach,Erfurt,334,335,0.518603,-0.522062,0.789346
Erfurt,Gera,335,336,1.02751,-0.518177,1.55993
Gera,Chemnitz,336,337,1.53711,-0.517519,2.33259
Gera,Leipzig,336,526,1.55069,-0.517134,2.35261
Gera,Hirschberg,336,527,1.08723,-0.517831,1.65023
Chemnitz,Plauen,337,519,1.44997,-0.51735,2.20011
Wrocław,Opole,339,340,1.27158,-0.517683,1.92985
Wrocław,Kłodzko,339,548,1.2922,-0.517494,1.9609
Opole,Gliwice,340,341,0.609127,-0.516663,0.923841
Gliwice,Zabrze,341,342,0.576105,-0.516615,0.87373
Kraków,Rzeszów,343,344,0.814941,-0.519475,1.23828
Kraków,Radom,343,565,0.970436,-0.523235,1.4782
Kraków,Trstená,343,566,1.03439,-0.51831,1.57053
Rzeszów,Jarosław,344,345,0.762479,-0.524563,1.16245
Rzeszów,Radom,344,565,0.826827,-0.52587,1.26163
Rzeszów,Barwinek,344,710,0.603515,-0.522208,0.918676
Jarosław,Korczowa,345,346,0.821014,-0.527769,1.25432
Korczowa,Lviv,346,347,1.74616,-0.528598,2.66918
Lviv,Rivne,347,348,2.29089,-0.534672,3.51576
Lviv,Mukachevo,347,378,3.25077,-0.522645,4.94977
Lviv,Lublin,347,713,1.74686,-0.528488,2.67006
Rivne,Zhytomyr,348,349,1.39879,-0.539212,2.15303
Rivne,Kovel,348,714,1.38465,-0.538677,2.13052
Zhytomyr,Vinnytsia,349,381,2.34379,-0.53767,3.60397
Beyneu,Qo‘ng‘irot,351,352,0.443207,-0.468507,0.650852
Qo‘ng‘irot,Nukus,352,353,0.199751,-0.453043,0.290247
Nukus,Daşoguz,353,354,0.137286,-0.4109,0.193697
Daşoguz,Bukhara,354,355,0.0869505,-0.353525,0.11769
Daşoguz,Ashgabat,354,432,0.0984848,-0.352886,0.133239
Daşoguz,Uchkuduk,354,688,0.0525661,-0.372069,0.0721244
Bukhara,Navoiy,355,356,0.0942472,-0.345308,0.126791
Bukhara,Alat,355,436,0.0809944,-0.333317,0.107991
Bukhara,Karshi,355,437,0.0819832,-0.334288,0.109389
Bukhara,Uchkuduk,355,688,0.0527263,-0.340001,0.0706532
Navoiy,Samarkand,356,357,0.0759728,-0.367402,0.103885
Samarkand,Jizzakh,357,358,0.113523,-0.391171,0.157931
Sary-Ozek,Taldykorgan,360,361,0.096722,-0.392555,0.134691
Sary-Ozek,Koktal,360,697,0.0912189,-0.392966,0.127065
Taldykorgan,Ucharal,361,362,0.0428646,-0.391087,0.0596284
Ucharal,Taskesken,362,363,0.0225349,-0.391521,0.0313578
Taskesken,Ayagoz,363,364,0.0198509,-0.399196,0.0277752
Rennes,Le Mans,365,366,0.823755,-0.509694,1.24362
Le Mans,Angers,366,391,0.671142,-0.509888,1.01335
Le Mans,Tours,366,392,0.797483,-0.507374,1.20211
Le Mans,Rouen,366,662,1.24218,-0.515627,1.88268
Reims,Charleroi,367,651,1.63283,-0.524828,2.48978
Reims,Charleville-Mézières,367,658,1.49878,-0.524198,2.28443
Reims,Rouen,367,662,1.7387,-0.520509,2.64371
Saarbrücken,Mannheim,368,369,2.76235,-0.530879,4.22883
Saarbrücken,Trier,368,659,1.43999,-0.529989,2.20316
Mannheim,Heilbronn,369,370,2.58974,-0.53083,3.96446
Rozvadov,Plzeň,371,372,2.19846,-0.523472,3.34929
Plzeň,Karlovy Vary,372,523,1.53602,-0.522114,2.33799
Plzeň,České Budějovice,372,524,1.79294,-0.521506,2.72798
Plzeň,Bayerisch Eisenstein,372,530,1.8241,-0.522223,2.77669
Trenčín,Prešov,373,374,1.21056,-0.518285,1.83797
Prešov,Košice,374,375,1.88473,-0.518179,2.86136
Prešov,Svidník,374,712,0.914903,-0.518885,1.38963
Košice,Vyšné Nemecké,375,376,0.956284,-0.517757,1.45141
Košice,Uzhhorod,375,377,1.83642,-0.518947,2.78943
Košice,Miskolc,375,552,1.75186,-0.514908,2.6539
Košice,Zvolen,375,568,1.82209,-0.515873,2.76206
Vyšné Nemecké,Uzhhorod,376,377,0.880139,-0.520241,1.33802
Uzhhorod,Mukachevo,377,378,2.90938,-0.520619,4.42406
Uzhhorod,Chop,377,723,1.48643,-0.519383,2.25846
Mukachevo,Stryj,378,379,2.20516,-0.516587,3.34431
Mukachevo,Halmeu,378,578,2.73809,-0.516179,4.15144
Khmelnytskyi,Vinnytsia,380,381,1.50042,-0.532306,2.2991
Vinnytsia,Uman,381,382,1.46388,-0.531259,2.24158
Vinnytsia,Mohyliv-Podilskyi,381,728,1.34862,-0.532718,2.06705
Uman,Kirovohrad,382,383,1.15481,-0.522275,1.75794
Kirovohrad,Dnipropetrovsk,383,384,0.830382,-0.515502,1.25844
Kirovohrad,Chişinău,383,672,1.6702,-0.515536,2.53125
Dnipropetrovsk,Donetsk,384,385,0.356754,-0.508518,0.53817
Donetsk,Rostov-on-Don,385,386,0.245957,-0.494376,0.367553
Rostov-on-Don,Armavir,386,387,0.224826,-0.479909,0.332723
Rostov-on-Don,Taganrog,386,675,0.219722,-0.495465,0.328587
Lorient,Vannes,388,389,0.220368,-0.506408,0.331964
Vannes,Nantes,389,390,0.479943,-0.50769,0.723604
Nantes,Angers,390,391,0.672445,-0.506962,1.01335
Nantes,Poitiers,390,676,0.927845,-0.510376,1.4014
Angers,Tours,391,392,0.550067,-0.500337,0.825286
Tours,Vierzon,392,503,0.732427,-0.49778,1.09701
Montargis,Auxerre,393,394,1.23356,-0.513839,1.86741
Auxerre,Beaune,394,395,2.25752,-0.519928,3.43127
Beaune,Dole,395,396,2.22833,-0.521955,3.39141
Beaune,Antwerp,395,505,3.79209,-0.522404,5.77309
Dole,Besançon,396,397,1.15385,-0.524697,1.75927
Besançon,Belfort,397,398,1.29021,-0.52723,1.97045
Zürich,Winterthur,399,400,1.31594,-0.517065,1.99637
Winterthur,St. Gallen,400,401,0.94091,-0.516236,1.42664
Winterthur,Schaffhausen,400,511,1.24203,-0.522568,1.89108
St. Gallen,St. Margrethen,401,402,0.883576,-0.512913,1.33677
St. Margrethen,Bregenz,402,403,1.47109,-0.511732,2.2239
St. Margrethen,Buchs,402,514,0.686074,-0.511277,1.03685
Bregenz,Feldkirch,403,748,1.42493,-0.510563,2.15245
Bregenz,Lindau,403,513,2.20602,-0.51291,3.3375
Feldkirch,Landeck,748,404,0.66291,-0.5069,0.99894
Feldkirch,Imst,748,406,0.692406,-0.506696,1.04324
Landeck,Telfs,404,405,0.469133,-0.504427,0.705776
Sattledt,Liezen,408,532,0.954253,-0.514436,1.44515
Sattledt,Wels,408,669,0.992708,-0.517283,1.50622
Sankt Pölten,Vienna,409,410,2.00051,-0.514284,3.02934
Vienna,Nickelsdorf,410,411,2.21388,-0.513325,3.35032
Vienna,Halámky,410,525,2.10559,-0.51474,3.18942
Vienna,Graz,410,534,2.77936,-0.509405,4.19519
Nickelsdorf,Mosonmagyaróvár,411,412,1.55915,-0.512071,2.35755
Szolnok,Püspökladány,413,414,1.88354,-0.506742,2.83801
Püspökladány,Oradea,414,415,2.40499,-0.501557,3.61122
Püspökladány,Nyíregyháza,414,722,1.424,-0.507865,2.14721
Oradea,Cluj-Napoca,415,416,1.23618,-0.489085,1.84078
Oradea,Berettyóújfalu,415,570,1.66827,-0.499134,2.50096
Oradea,Beiuş,415,571,1.14902,-0.491805,1.71411
Oradea,Satu Mare,415,579,1.79031,-0.499959,2.68539
Oradea,Arad,415,684,1.9935,-0.488354,2.96704
Cluj-Napoca,Turda,416,417,0.771428,-0.490271,1.14964
Cluj-Napoca,Zalău,416,580,0.720747,-0.496738,1.07877
Turda,Târgu Mureş,417,418,0.353761,-0.483186,0.524694
Turda,Sebeş,417,581,0.366791,-0.482921,0.543922
Târgu Mureş,Braşov,418,419,0.265355,-0.473489,0.390998
Braşov,Ploieşti,419,420,0.242524,-0.459612,0.353991
Braşov,Sibiu,419,582,0.314051,-0.474224,0.462982
Braşov,Piteşti,419,583,0.207162,-0.457793,0.301999
Slobozia,Hârşova,421,422,0.405015,-0.461627,0.591981
Slobozia,Galaţi,421,588,0.634669,-0.473714,0.93532
Hârşova,Constanţa,422,423,0.429931,-0.455016,0.625557
Constanţa,Varna,423,463,0.422173,-0.43166,0.604409
Constanţa,Tulcea,423,589,0.429931,-0.455016,0.625557
Senaki,Samtredia,424,425,0.0257941,-0.544701,0.0398441
Senaki,Zugdidi,424,604,0.0691167,-0.548323,0.107015
Samtredia,Kutaisi,425,426,0.0105716,-0.511522,0.0159791
Kutaisi,Khashuri,426,427,0.00616419,-0.415965,0.00872828
Khashuri,Gori,427,428,0.00688501,-0.327734,0.00914146
Rustavi,Ganja,429,430,0.0169389,-0.406041,0.0238167
Ganja,Yevlakh,430,431,0.0324132,-0.456881,0.0472222
Ashgabat,Tejen,432,433,0.0581356,-0.336233,0.0776827
Tejen,Mary,433,434,0.0323922,-0.326196,0.0429585
Mary,Türkmenabat,434,435,0.0277813,-0.321304,0.0367076
Türkmenabat,Alat,435,436,0.0410229,-0.325792,0.0543879
Karshi,Guzar,437,438,0.0436213,-0.331011,0.0580604
Guzar,Sherobod,438,439,0.0341376,-0.338182,0.0456823
Sherobod,Termez,439,440,0.0477434,-0.352969,0.0645953
Jirgatal,Sary Tash,441,442,0.0856014,-0.370656,0.11733
Jirgatal,Khorugh,441,694,0.0542933,-0.362655,0.073983
Sary Tash,Irkeshtam,442,443,0.106097,-0.381212,0.146543
Irkeshtam,Osh,443,691,0.207485,-0.387157,0.287814
A Coruña,Bilbao,444,445,0.138539,-0.438191,0.199245
A Coruña,Pontevedra,444,481,0.0641115,-0.42531,0.0913788
Clermont-Ferrand,Montluçon,446,504,0.88732,-0.490085,1.32218
Chambéry,Susa,447,448,0.924759,-0.497029,1.38439
Chambéry,Marseille,447,736,0.691603,-0.501154,1.0382
Susa,Turin,448,449,0.641053,-0.48267,0.95047
Tortona,Brescia,450,451,0.318817,-0.44496,0.460677
Trieste,Postojna,452,453,0.34964,-0.475645,0.515945
Trieste,Ljubljana,452,454,0.658099,-0.482095,0.975364
Postojna,Ljubljana,453,454,0.44769,-0.486986,0.665709
Ljubljana,Maribor,454,535,0.756501,-0.493288,1.12967
Ljubljana,Naklo,454,538,1.10006,-0.493258,1.64268
Vršac,Timişoara,456,457,0.938976,-0.462777,1.37351
Timişoara,Drobeta-Turnu Severin,457,458,1.0593,-0.461923,1.54862
Timişoara,Arad,457,684,1.61758,-0.474291,2.38479
Drobeta-Turnu Severin,Craiova,458,459,1.06158,-0.455212,1.54482
Craiova,Alexandria,459,460,0.442345,-0.454685,0.643473
Craiova,Târgu Jiu,459,574,0.614194,-0.458533,0.895822
Craiova,Piteşti,459,583,0.572034,-0.456931,0.833414
Razgrad,Shumen,461,462,0.127106,-0.404713,0.178548
Shumen,Varna,462,463,0.19237,-0.413315,0.27188
Varna,Burgas,463,590,0.189239,-0.413128,0.267419
Lisbon,Valladolid,464,465,0.125429,-0.405747,0.176321
Lisbon,Porto,464,483,0.122841,-0.393392,0.171165
Lisbon,Albufeira,464,484,0.123025,-0.389735,0.170972
Toulouse,Nice,466,467,0.986651,-0.465487,1.44592
Nice,Cuneo,467,685,0.430219,-0.457636,0.627102
Sofia,Plovdiv,468,469,0.481498,-0.436155,0.691505
Sofia,Botevgrad,468,575,0.484145,-0.435959,0.695212
Sofia,Blagoevgrad,468,576,0.53356,-0.432868,0.764522
Sofia,Kyustendil,468,745,0.365187,-0.437042,0.524789
Plovdiv,Istanbul,469,470,0.202579,-0.434049,0.290509
Istanbul,İzmit,470,471,0.09952,-0.427658,0.142081
İzmit,Gerede,471,472,0.0359155,-0.413452,0.0507649
İzmit,Bursa,471,479,0.0366969,-0.409557,0.0517264
Gerede,Kızılcahamam,472,599,0.0176865,-0.398831,0.0247404
Mazara del Vallo,Palermo,473,474,0.000238187,0,0.000238187
Metaponto,Taranto,475,476,0.0153807,-0.39245,0.0214169
Metaponto,Potenza,475,743,0.00860627,-0.380777,0.0118833
Ioannina,Trikala,477,687,0.0574573,-0.393153,0.0800468
Gelibolu,Keşan,478,596,0.179625,-0.389454,0.249581
Gelibolu,Ayvalık,478,597,0.179675,-0.38932,0.249626
Bursa,Ankara,479,480,0.0199141,-0.391349,0.0277074
Bursa,Balıkesir,479,746,0.0244075,-0.387602,0.0338679
Ankara,Kızılcahamam,480,599,0.0135652,-0.385914,0.0188003
Pontevedra,Valença,481,482,0.0442189,-0.40382,0.0620753
Valença,Porto,482,483,0.0600392,-0.391255,0.0835298
Albufeira,Castro Marim,484,485,0.0675143,-0.381395,0.0932639
Castro Marim,Huelva,485,486,0.0635031,-0.37995,0.087631
Cherbourg-Octeville,La Rochelle,487,488,0.177784,-0.509285,0.268326
Cherbourg-Octeville,Caen,487,661,0.374689,-0.517213,0.568483
La Rochelle,Saintes,488,730,0.161963,-0.492354,0.241707
Oslo,Hamar,489,490,0.0907283,-0.349041,0.122396
Oslo,Askim,489,619,0.0949183,-0.348435,0.127991
Hamar,Lillehammer,490,491,0.0571645,-0.349663,0.0771528
Lillehammer,Dombås,491,492,0.0635772,-0.349643,0.0858066
Dombås,Trondheim,492,493,0.114449,-0.349125,0.154405
Trondheim,Stjørdal,493,494,0.112176,-0.348897,0.151313
Stjørdal,Steinkjer,494,495,0.0566351,-0.348452,0.0763697
Steinkjer,Mosjøen,495,496,0.0405639,-0.345943,0.0545967
Mosjøen,Mo i Rana,496,497,0.0525582,-0.342858,0.0705782
Mo i Rana,Umeå,497,612,0.100593,-0.341422,0.134937
Setermoen,Alta,498,499,0.00510537,-0.35315,0.00690833
Alta,Olderfjord,499,500,0.00565577,-0.406267,0.00795352
Olderfjord,Lakselv,500,501,0.0108017,-0.452055,0.0156846
Lakselv,Karasjok,501,502,0.0257135,-0.478757,0.038024
Vierzon,Montluçon,503,504,0.542571,-0.49266,0.809873
Antwerp,Zeebrugge,505,642,2.50398,-0.526242,3.82167
Martigny,Sion,506,678,0.650433,-0.507442,0.980489
Bremen,Groningen,507,624,2.0965,-0.522531,3.19199
Stuttgart,Schaffhausen,510,511,1.86358,-0.527335,2.84631
Stuttgart,Ulm,510,512,1.66441,-0.525294,2.53872
Ulm,Lindau,512,513,1.4706,-0.520068,2.23541
Lindau,Waldshut,513,666,2.03209,-0.517891,3.08449
Buchs,Chur,514,515,0.275224,-0.50898,0.415307
Chur,San Bernardino,515,516,0.144541,-0.502519,0.217176
Halle,Plauen,518,519,1.34401,-0.51754,2.03958
Plauen,Schönberg,519,520,1.09705,-0.517736,1.66503
Plauen,Hof,519,528,1.45096,-0.518766,2.20367
Schönberg,Vojtanov,520,521,0.659066,-0.518564,1.00083
Vojtanov,Cheb,521,522,0.904621,-0.520174,1.37518
Cheb,Karlovy Vary,522,523,1.49462,-0.520662,2.27281
Cheb,Marktredwitz,522,663,1.19001,-0.521421,1.81051
Karlovy Vary,Teplice,523,715,0.925231,-0.520107,1.40645
České Budějovice,Halámky,524,525,1.28376,-0.518399,1.94927
Hirschberg,Hof,527,528,1.12179,-0.51908,1.70409
Hof,Bayreuth,528,529,1.80603,-0.52168,2.7482
Bayreuth,Marktredwitz,529,663,1.62486,-0.522373,2.47364
Bayerisch Eisenstein,Deggendorf,530,531,1.37495,-0.521339,2.09177
Liezen,Sankt Michael,532,533,0.793205,-0.510283,1.19796
Sankt Michael,Graz,533,534,1.44167,-0.507038,2.17266
Graz,Maribor,534,535,1.25154,-0.501788,1.87955
Graz,Spielfeld,534,536,0.934392,-0.505856,1.40706
Graz,Klagenfurt,534,683,1.75247,-0.502833,2.63368
Maribor,Spielfeld,535,536,0.436016,-0.494978,0.651834
Karavanke Tunnel,Naklo,537,538,0.914663,-0.501632,1.37349
Naklo,Loiblpass,538,734,0.879931,-0.499613,1.31956
Kemijärvi,Posio,539,540,0.018834,-0.302947,0.0245397
Posio,Kuusamo,540,541,0.011859,-0.304143,0.0154658
Kuusamo,Kajaani,541,542,0.0120976,-0.314689,0.0159046
Kajaani,Iisalmi,542,543,0.0199502,-0.326386,0.0264617
Iisalmi,Kuopio,543,544,0.0408257,-0.334888,0.0544977
Tampere,Turku,545,546,0.0478332,-0.361617,0.0651305
Tampere,Vaasa,545,616,0.0611409,-0.344462,0.0822017
Tampere,Hämeenlinna,545,618,0.0908414,-0.381679,0.125514
Turku,Pori,546,617,0.0308672,-0.346851,0.0415734
Riga,Šiauliai,547,561,2.1091,-0.543632,3.25567
Riga,Rēzekne,547,627,2.21932,-0.545759,3.43054
Kłodzko,Kudowa-Zdrój,548,549,0.5906,-0.516626,0.89572
Kudowa-Zdrój,Náchod,549,550,0.499245,-0.516574,0.757141
Náchod,Hradec Králové,550,551,0.923682,-0.517251,1.40146
Hradec Králové,Olomouc,551,716,1.27634,-0.517223,1.93649
Miskolc,Debrecen,552,569,1.43918,-0.511654,2.17555
Szekszárd,Mohács,555,556,0.858467,-0.506665,1.29342
Mohács,Osijek,556,557,0.538147,-0.502889,0.808775
Osijek,Đakovo,557,558,0.328024,-0.496358,0.490841
Osijek,Sombor,557,735,0.541527,-0.496223,0.810244
Đakovo,Šamac,558,559,0.152558,-0.482732,0.226202
Šamac,Zenica,559,560,0.124381,-0.452117,0.180616
Zenica,Sarajevo,560,737,0.208674,-0.434679,0.299381
Šiauliai,Tolpaki,561,562,1.65369,-0.539703,2.54619
Šiauliai,Palanga,561,704,1.2692,-0.541096,1.95595
Šiauliai,Panevėžys,561,705,1.31097,-0.541509,2.02087
Tolpaki,Kaliningrad,562,563,1.07255,-0.533286,1.64453
Tolpaki,Nesterov,562,640,0.981966,-0.538125,1.51039
Trstená,Ružomberok,566,567,0.862269,-0.516205,1.30738
Ružomberok,Zvolen,567,568,1.58036,-0.514647,2.39369
Debrecen,Berettyóújfalu,569,570,1.03174,-0.505929,1.55373
Beiuş,Deva,571,572,0.796241,-0.483664,1.18135
Deva,Petroşani,572,573,0.694042,-0.469495,1.01989
Deva,Sibiu,572,582,0.888853,-0.470915,1.30743
Deva,Arad,572,684,1.20401,-0.474597,1.77543
Petroşani,Târgu Jiu,573,574,0.44657,-0.464762,0.654118
Botevgrad,Jablanica,575,585,0.209464,-0.432733,0.300107
Blagoevgrad,Serres,576,577,0.3382,-0.421016,0.480588
Halmeu,Satu Mare,578,579,2.2143,-0.508117,3.33942
Satu Mare,Zalău,579,580,0.951635,-0.501511,1.42889
Sebeş,Sibiu,581,582,0.393754,-0.473811,0.580319
Sibiu,Piteşti,582,583,0.446516,-0.46384,0.653628
Pleven,Jablanica,584,585,0.116068,-0.42226,0.165079
Izmail,Reni,586,587,0.795406,-0.511757,1.20246
Reni,Galaţi,587,588,0.712886,-0.494189,1.06519
Galaţi,Tulcea,588,589,0.478146,-0.475487,0.705498
Galaţi,Giurgiuleşti,588,729,0.844229,-0.496279,1.2632
Burgas,Malko Tarnovo,590,591,0.103315,-0.399874,0.144628
Malko Tarnovo,Dereköy,591,592,0.0458368,-0.392886,0.0638455
Dereköy,Kırklareli,592,593,0.0243756,-0.386307,0.033792
Kırklareli,Babaeski,593,594,0.0217473,-0.384511,0.0301093
Babaeski,Havsa,594,595,0.0358431,-0.386165,0.0496844
Havsa,Keşan,595,596,0.0776216,-0.387939,0.107734
Ayvalık,İzmir,597,598,0.0777296,-0.387201,0.107827
İzmir,Manisa,598,747,0.035978,-0.384027,0.0497945
Kherson,Dzhankoy,600,601,0.94069,-0.527927,1.43731
Kherson,Mykolaiv,600,673,1.09096,-0.523783,1.66238
Kherson,Melitopol,600,674,0.59852,-0.523771,0.912007
Sochi,Sukhumi,602,603,0.512828,-0.541652,0.790603
Sukhumi,Zugdidi,603,604,0.188236,-0.545787,0.290973
Jönköping,Linköping,605,606,0.0487268,-0.339538,0.0652714
Linköping,Norrköping,606,607,0.0649078,-0.340967,0.0870393
Norrköping,Södertälje,607,608,0.0996384,-0.344653,0.133979
Norrköping,Kalmar,607,626,0.0646722,-0.340949,0.0867221
Uppsala,Sundsvall,609,610,0.181766,-0.347226,0.24488
Sundsvall,Örnsköldsvik,610,611,0.17003,-0.34579,0.228824
Örnsköldsvik,Umeå,611,612,0.139384,-0.343112,0.187208
Haparanda,Tornio,613,614,0.0672409,-0.322778,0.0889447
Kokkola,Vaasa,615,616,0.0609385,-0.330569,0.0810828
Vaasa,Pori,616,617,0.0353137,-0.339064,0.0472874
Askim,Karlstad,619,620,0.0793438,-0.348701,0.107011
Kotka,Vaalimaa,621,622,0.338306,-0.518344,0.513665
Vaalimaa,Vyborg,622,623,0.843915,-0.528743,1.29013
Groningen,Hoogeveen,624,698,0.764504,-0.522055,1.16362
Sassnitz,Stralsund,625,699,0.427632,-0.516679,0.648581
Rēzekne,Velikiye Luki,627,628,2.47692,-0.547015,3.83183
Rēzekne,Daugavpils,627,702,1.49901,-0.546051,2.31754
Vladimir,Nizhny Novgorod,629,630,1.60942,-0.540046,2.47857
Nizhny Novgorod,Kazan,630,631,0.709871,-0.531893,1.08745
Kazan,Yelabuga,631,632,0.565478,-0.502711,0.849749
Yelabuga,Perm,632,633,0.414879,-0.48271,0.615146
Perm,Yekaterinburg,633,634,0.190464,-0.47195,0.280354
Yekaterinburg,Tyumen,634,635,0.145829,-0.44791,0.211147
Koszalin,Słupsk,637,638,0.243211,-0.518925,0.369419
Słupsk,Gdynia,638,639,0.393333,-0.521639,0.598511
Nesterov,Marijampolė,640,641,0.875957,-0.541378,1.35018
Aktobe,Karabutak,647,648,0.707897,-0.468304,1.03941
Karabutak,Aral,648,649,0.329613,-0.465753,0.48313
Aral,Novokazalinsk,649,650,0.258364,-0.449344,0.374458
Charleroi,Namur,651,652,1.14738,-0.527511,1.75264
St. Vith,Wittlich,653,654,1.09306,-0.53237,1.67498
Wittlich,Bingen,654,655,0.679089,-0.534149,1.04182
Bingen,Wiesbaden,655,656,0.990584,-0.534054,1.51961
Amiens,Charleville-Mézières,657,658,1.36326,-0.522328,2.07533
Trier,Koblenz,659,660,1.48484,-0.531146,2.27351
Caen,Rouen,661,662,0.959182,-0.518617,1.45663
Regensburg,Passau,667,668,1.14684,-0.524738,1.74863
Passau,Wels,668,669,1.17863,-0.521052,1.79276
Wels,Braunau am Inn,669,721,1.39744,-0.517278,2.12031
Iaşi,Sculeni,670,671,1.31173,-0.511641,1.98287
Iaşi,Bălţi,670,727,1.10809,-0.51381,1.67744
Sculeni,Chişinău,671,672,1.48449,-0.513664,2.24702
Chişinău,Giurgiuleşti,672,729,1.19144,-0.510621,1.79981
Melitopol,Taganrog,674,675,0.270078,-0.514828,0.409121
Poitiers,Mâcon,676,677,1.72525,-0.512295,2.60909
Sion,Simplon,678,679,0.302884,-0.496316,0.45321
Simplon,Gravellona Toce,679,680,0.255987,-0.467981,0.375784
Innichen,Spittal an der Drau,681,682,0.648168,-0.503833,0.974736
Klagenfurt,Loiblpass,683,734,1.00265,-0.503249,1.50723
Cuneo,Asti,685,686,0.258847,-0.454442,0.376478
Kokand,Andijan,689,690,0.163787,-0.388632,0.22744
Andijan,Osh,690,691,0.219565,-0.385231,0.304149
Kulob,Kalaikhumb,692,693,0.0384045,-0.359241,0.0522009
Kalaikhumb,Khorugh,693,694,0.0341386,-0.357668,0.0463489
Kokpek,Chundzha,695,696,0.0810324,-0.393672,0.112933
Chundzha,Koktal,696,697,0.061852,-0.392447,0.0861257
Stralsund,Neubrandenburg,699,700,0.62442,-0.516764,0.947098
Ukmergė,Daugavpils,701,702,1.4571,-0.544698,2.25078
Ukmergė,Panevėžys,701,705,1.34271,-0.542369,2.07096
Breda,Gorinchem,706,707,0.76456,-0.519267,1.16157
Hasselt,Heerlen,708,709,1.06364,-0.530476,1.62788
Barwinek,Vyšný Komárnik,710,711,0.33347,-0.520809,0.507144
Vyšný Komárnik,Svidník,711,712,0.410773,-0.519541,0.624186
Lublin,Kovel,713,714,1.34058,-0.533439,2.0557
Olomouc,Český Těšín,716,717,0.808823,-0.517181,1.22713
Garmisch-Partenkirchen,Mittenwald,718,719,0.89439,-0.514279,1.35436
Mittenwald,Seefeld,719,720,0.5882,-0.508528,0.887316
Nyíregyháza,Chop,722,723,0.960725,-0.514706,1.45522
Dunajská Streda,Medveďov,724,725,0.622556,-0.514665,0.942964
Medveďov,Vámosszabadi,725,726,0.545824,-0.513929,0.826339
Bălţi,Mohyliv-Podilskyi,727,728,0.805741,-0.524499,1.22835
Saintes,Angoulême,730,731,0.30563,-0.484261,0.453634
St. Johann in Tirol,Lofer,732,733,0.924751,-0.510659,1.39698
Sarajevo,Užice,737,738,0.282116,-0.435741,0.405046
Užice,Čačak,738,739,0.407054,-0.441975,0.586962
Čačak,Nova Varoš,739,740,0.406636,-0.442069,0.586397
Avellino,Benevento,741,742,0.0671875,-0.410676,0.0947798
Balıkesir,Manisa,746,747,0.0218594,-0.381227,0.0301928
Warsaw,Brest-Litovsk,316,0,2.46202,-0.534975,3.77915
Brest-Litovsk,Minsk,0,318,2.35292,-0.541921,3.62802
Lyon,Mâcon,17,677,1.7702,-0.507611,2.66877
Beaune,Mâcon,395,677,2.98002,-0.516133,4.51811
