Glasgow,Preston,1,2,6.60298e-05,-0.4883,6.60298e-05
Glasgow,Edinburgh,1,13,6.60298e-05,-0.4883,6.60298e-05
Preston,Birmingham,2,3,6.60298e-05,-0.4883,6.60298e-05
Birmingham,Cambridge,3,636,6.60298e-05,-0.4883,6.60298e-05
Le Havre,Paris,4,5,2.02695,-0.514828,3.07049
Le Havre,Amiens,4,657,1.15208,-0.51539,1.74585
Paris,Orléans,5,6,2.03335,-0.51316,3.07678
Paris,Calais,5,16,1.7525,-0.514691,2.65449
Paris,Lyon,5,17,2.51896,-0.512556,3.81006
Paris,Brussels,5,326,3.14143,-0.515651,4.76131
Paris,Le Mans,5,366,1.65392,-0.513746,2.50362
Paris,Reims,5,367,1.95405,-0.514962,2.96032
Paris,Chaumont,5,665,2.85046,-0.515386,4.31954
Orléans,Bordeaux,6,7,0.924703,-0.510626,1.39688
Orléans,Tours,6,392,1.02355,-0.510622,1.54619
Orléans,Montargis,6,393,1.30722,-0.511716,1.97615
Orléans,Toulouse,6,466,1.03794,-0.509951,1.56724
Bordeaux,San Sebastián,7,8,0.480768,-0.507346,0.724684
Bordeaux,Clermont-Ferrand,7,446,0.948421,-0.508156,1.43037
Bordeaux,Toulouse,7,466,0.395673,-0.50591,0.595848
Bordeaux,Angoulême,7,731,0.548457,-0.507979,0.827062
San Sebastián,Burgos,8,9,0.217755,-0.50323,0.327335
San Sebastián,Bilbao,8,445,0.178969,-0.503836,0.26914
San Sebastián,Toulouse,8,466,0.309497,-0.50572,0.466016
Burgos,Madrid,9,10,0.113801,-0.499144,0.170604
Burgos,Valladolid,9,465,0.0768639,-0.50002,0.115297
Madrid,Seville,10,11,0.0657643,-0.495357,0.0983412
Madrid,Barcelona,10,21,0.179449,-0.501718,0.269482
Madrid,Valencia,10,24,0.0752001,-0.496205,0.112515
Madrid,Lisbon,10,464,0.0678221,-0.495905,0.101455
Seville,Algeciras,11,12,0.0283953,-0.491465,0.0423506
Seville,Huelva,11,486,0.0295967,-0.49129,0.0441373
Algeciras,Málaga,12,28,0.0116621,-0.488724,0.0173617
Edinburgh,Newcastle,13,14,6.60298e-05,-0.4883,6.60298e-05
Newcastle,London,14,15,6.60298e-05,-0.4883,6.60298e-05
London,Colchester,15,305,6.60298e-05,-0.4883,6.60298e-05
Calais,Bruges,16,324,1.81499,-0.515582,2.75077
Calais,Rouen,16,662,1.17915,-0.515027,1.78645
Lyon,Orange,17,18,1.06663,-0.509862,1.61046
Lyon,Clermont-Ferrand,17,446,1.19895,-0.510122,1.81056
Lyon,Chambéry,17,447,1.10898,-0.509934,1.67448
Orange,Narbonne,18,19,0.470941,-0.508887,0.710597
Orange,Marseille,18,736,0.464484,-0.509416,0.701099
Narbonne,Girona,19,20,0.24347,-0.506752,0.366849
Girona,Barcelona,20,21,0.262756,-0.504037,0.395195
Barcelona,Tarragona,21,22,0.159251,-0.502231,0.239232
Barcelona,Toulouse,21,466,0.492385,-0.504846,0.740964
Tarragona,Castellón de la Plana,22,23,0.0714741,-0.499592,0.107182
Castellón de la Plana,Valencia,23,24,0.0551127,-0.495853,0.0824405
Valencia,Alicante,24,25,0.0373538,-0.492856,0.0557639
Alicante,Murcia,25,26,0.0149304,-0.490278,0.0222505
Murcia,Almería,26,27,0.00714719,-0.487189,0.0106292
Almería,Málaga,27,28,0.00632799,-0.486198,0.00940465
Hook of Holland,Rotterdam,29,30,0.619095,-0.519522,0.940728
Hook of Holland,The Hague,29,307,0.335373,-0.520033,0.509778
Rotterdam,Eindhoven,30,31,1.54608,-0.519252,2.34889
Eindhoven,Maastricht,31,32,1.66076,-0.518506,2.52187
Eindhoven,Antwerp,31,505,2.7255,-0.517464,4.13585
Eindhoven,Venlo,31,643,2.13745,-0.519703,3.24828
Eindhoven,Breda,31,706,1.56286,-0.519268,2.3744
Maastricht,Liège,32,33,2.07072,-0.518264,3.1439
Liège,Bastogne,33,34,1.9335,-0.518123,2.93528
Liège,Leuven,33,327,3.14435,-0.517617,4.77192
Liège,Eupen,33,328,2.04153,-0.518963,3.101
Liège,Antwerp,33,505,3.42649,-0.516787,5.19725
Liège,Namur,33,652,2.13734,-0.517615,3.24365
Liège,St. Vith,33,653,1.76826,-0.518181,2.68454
Liège,Charleville-Mézières,33,658,2.27705,-0.517566,3.45557
Bastogne,Arlon,34,35,1.17062,-0.518295,1.77735
Arlon,Luxembourg,35,36,1.62121,-0.518115,2.46119
Luxembourg,Metz,36,37,2.6363,-0.517133,3.99961
Luxembourg,St. Vith,36,653,1.97797,-0.518623,3.00379
Luxembourg,Charleville-Mézières,36,658,1.47226,-0.516733,2.23302
Luxembourg,Trier,36,659,1.95585,-0.519083,2.9711
Metz,Saint-Avold,37,38,3.13333,-0.51651,4.75173
Metz,Lausanne,37,44,2.55957,-0.515889,3.88003
Metz,Geneva,37,45,2.71012,-0.514628,4.10483
Metz,Brussels,37,326,3.59549,-0.516766,5.45351
Metz,Reims,37,367,2.47239,-0.512887,3.74045
Metz,Saarbrücken,37,368,3.04975,-0.518163,4.63001
Saint-Avold,Strasbourg,38,39,2.40147,-0.51711,3.64329
Strasbourg,Mulhouse,39,40,3.06441,-0.518177,4.65232
Strasbourg,Appenweier,39,664,2.32161,-0.518509,3.52539
Mulhouse,Basel,40,41,2.90823,-0.517314,4.41269
Mulhouse,Belfort,40,398,2.16413,-0.516764,3.28248
Mulhouse,Chaumont,40,665,2.73095,-0.516748,4.14216
Basel,Olten,41,42,1.72629,-0.516997,2.61877
Basel,Offenburg,41,61,2.51432,-0.518353,3.81763
Basel,Zürich,41,399,2.03625,-0.517585,3.09018
Basel,Waldshut,41,666,2.39643,-0.517485,3.63654
Olten,Bern,42,43,1.67203,-0.513901,2.53129
Olten,Lucerne,42,62,1.07067,-0.516087,1.62323
Bern,Lausanne,43,44,1.38677,-0.514779,2.10066
Bern,Belfort,43,398,1.77498,-0.516287,2.69138
Bern,Martigny,43,506,0.93772,-0.512671,1.41846
Lausanne,Geneva,44,45,1.00927,-0.510369,1.52437
Lausanne,Martigny,44,506,0.808323,-0.512697,1.22275
Geneva,Mont Blanc,45,46,1.12701,-0.511313,1.70326
Geneva,Chambéry,45,447,1.22618,-0.510094,1.85164
Geneva,Mâcon,45,677,2.02422,-0.512561,3.06176
Mont Blanc,Aosta,46,47,0.640684,-0.509027,0.966809
Aosta,Ivrea,47,48,0.50193,-0.501947,0.753872
Aosta,Martigny,47,506,0.725389,-0.506953,1.09313
Ivrea,Vercelli,48,49,0.189481,-0.49966,0.284157
Ivrea,Turin,48,449,0.279008,-0.499807,0.418458
Vercelli,Alessandria,49,50,0.142389,-0.495649,0.212963
Alessandria,Genoa,50,51,0.160732,-0.491381,0.239713
Alessandria,Turin,50,449,0.184607,-0.497366,0.276424
Alessandria,Tortona,50,450,0.115282,-0.490865,0.17187
Alessandria,Asti,50,686,0.154379,-0.493731,0.230601
Genoa,Rome,51,74,0.270407,-0.481985,0.400739
Genoa,Tortona,51,450,0.165929,-0.486252,0.246613
Genoa,Nice,51,467,0.281053,-0.495455,0.420302
Amsterdam,Utrecht,52,53,1.4209,-0.519519,2.15909
Amsterdam,Amersfoort,52,309,0.821846,-0.518715,1.24815
Amsterdam,Brussels,52,326,3.42659,-0.517554,5.20003
Amsterdam,Groningen,52,624,1.49069,-0.519876,2.26567
Utrecht,Arnhem,53,54,1.09539,-0.520881,1.66595
Utrecht,Gouda,53,308,0.882417,-0.520473,1.34169
Utrecht,Amersfoort,53,309,0.823996,-0.520687,1.25304
Utrecht,Gorinchem,53,707,1.04339,-0.520302,1.58627
Arnhem,Emmerich,54,55,1.00639,-0.521637,1.53136
Emmerich,Oberhausen,55,56,1.96733,-0.521825,2.99393
Oberhausen,Cologne,56,57,3.3964,-0.521881,5.16892
Oberhausen,Dortmund,56,508,2.38318,-0.52187,3.62689
Oberhausen,Venlo,56,643,2.21602,-0.521023,3.37062
Cologne,Frankfurt am Main,57,58,3.9751,-0.521896,6.04968
Cologne,Aachen,57,329,3.47971,-0.521772,5.29532
Cologne,Olpe,57,330,2.46058,-0.522217,3.74554
Cologne,Bremen,57,507,3.58941,-0.521858,5.46257
Frankfurt am Main,Heidelberg,58,59,3.56735,-0.521851,5.42898
Frankfurt am Main,Gießen,58,332,2.5458,-0.522266,3.87538
Frankfurt am Main,Mannheim,58,369,4.09865,-0.521713,6.23697
Frankfurt am Main,Aschaffenburg,58,509,2.9572,-0.521595,4.49966
Frankfurt am Main,Wiesbaden,58,656,2.9231,-0.522136,4.44935
Heidelberg,Karlsruhe,59,60,2.97977,-0.521083,4.53248
Karlsruhe,Offenburg,60,61,2.49978,-0.519363,3.79807
Karlsruhe,Stuttgart,60,510,3.49508,-0.519537,5.3109
Karlsruhe,Appenweier,60,664,2.68133,-0.519691,4.0748
Lucerne,Altdorf,62,63,0.792677,-0.516674,1.20223
Altdorf,Gotthard Pass,63,64,0.556915,-0.516965,0.844821
Altdorf,Zürich,63,399,1.04743,-0.517058,1.58902
Gotthard Pass,Bellinzona,64,65,0.277263,-0.516582,0.420492
Bellinzona,Lugano,65,66,0.133696,-0.514024,0.202419
Bellinzona,San Bernardino,65,516,0.153777,-0.515964,0.23312
Lugano,Chiasso,66,67,0.0729128,-0.505058,0.109738
Chiasso,Como,67,68,0.08578,-0.492141,0.127996
Como,Milan,68,69,0.183079,-0.488071,0.272434
Milan,Piacenza,69,70,0.20351,-0.484682,0.302148
Milan,Turin,69,449,0.276389,-0.494756,0.413134
Milan,Tortona,69,450,0.147959,-0.487496,0.220088
Milan,Brescia,69,451,0.176821,-0.481992,0.262047
Milan,Gravellona Toce,69,680,0.20643,-0.48958,0.307493
Piacenza,Parma,70,71,0.138396,-0.478063,0.204558
Parma,Modena,71,72,0.205606,-0.473459,0.302953
Modena,Florence,72,73,0.229227,-0.472738,0.337592
Modena,Verona,72,94,0.278703,-0.475874,0.41133
Modena,Bologna,72,95,0.221482,-0.471121,0.325827
Florence,Rome,73,74,0.207674,-0.4748,0.306278
Rome,Pescara,74,125,0.200749,-0.474403,0.295985
Östersund,Mora,75,76,0.00603648,-0.344681,0.00811714
Östersund,Trondheim,75,493,0.00718819,-0.344559,0.00966495
Östersund,Sundsvall,75,610,0.00748795,-0.345006,0.0100713
Mora,Säffle,76,77,0.00443802,-0.344859,0.00596851
Säffle,Gothenburg,77,78,0.00590054,-0.345128,0.00793699
Gothenburg,Halmstad,78,300,0.00566498,-0.345275,0.00762095
Gothenburg,Örebro,78,301,0.00610818,-0.345249,0.00821702
Gothenburg,Oslo,78,489,0.0051982,-0.345255,0.00699291
Hamburg,Hanover,79,80,2.17208,-0.521342,3.30448
Hamburg,Berlin,79,108,2.3392,-0.521055,3.55805
Hamburg,Bremen,79,507,2.74245,-0.521686,4.17315
Hamburg,Lübeck,79,517,1.23814,-0.521359,1.88365
Hanover,Göttingen,80,81,1.52778,-0.521978,2.32525
Hanover,Bad Oeynhausen,80,312,1.75356,-0.521987,2.66889
Hanover,Braunschweig,80,313,1.59359,-0.521268,2.42428
Göttingen,Kassel,81,82,1.39252,-0.522199,2.1197
Kassel,Fulda,82,83,1.88313,-0.521968,2.86606
Kassel,Dortmund,82,508,2.18592,-0.522224,3.32747
Fulda,Würzburg,83,84,2.71878,-0.521431,4.13644
Würzburg,Nuremberg,84,85,3.98461,-0.519873,6.0561
Würzburg,Aschaffenburg,84,509,3.58398,-0.521473,5.45293
Würzburg,Stuttgart,84,510,2.84029,-0.520808,4.31954
Würzburg,Ulm,84,512,1.80253,-0.519571,2.73907
Nuremberg,Munich,85,86,3.21322,-0.516644,4.87332
Nuremberg,Heilbronn,85,370,3.58111,-0.519957,5.44313
Nuremberg,Rozvadov,85,371,2.72157,-0.517622,4.13031
Nuremberg,Bayreuth,85,529,3.67323,-0.518175,5.5766
Nuremberg,Regensburg,85,667,2.59157,-0.517779,3.93343
Munich,Rosenheim,86,87,2.21494,-0.514446,3.3544
Munich,Salzburg,86,115,2.60447,-0.513309,3.94138
Munich,Ulm,86,512,2.31019,-0.516762,3.50401
Munich,Lindau,86,513,2.47423,-0.515462,3.74961
Munich,Deggendorf,86,531,2.47958,-0.515547,3.75791
Munich,Garmisch-Partenkirchen,86,718,2.16542,-0.515245,3.28115
Munich,Braunau am Inn,86,721,1.91588,-0.514411,2.90143
Rosenheim,Wörgl,87,88,1.46119,-0.514556,2.21305
Rosenheim,Bad Reichenhall,87,407,1.15604,-0.513614,1.74979
Wörgl,Innsbruck,88,89,1.36601,-0.514038,2.0682
Wörgl,St. Johann in Tirol,88,732,1.02831,-0.513889,1.55674
Innsbruck,Brenner,89,90,0.778895,-0.51297,1.17844
Innsbruck,Telfs,89,405,0.695401,-0.514117,1.05292
Innsbruck,Imst,89,406,0.71108,-0.514156,1.07669
Innsbruck,Seefeld,89,720,0.819091,-0.514,1.2401
Brenner,Fortezza,90,91,0.452918,-0.50972,0.683779
Fortezza,Bolzano,91,92,0.274177,-0.503406,0.4122
Fortezza,Innichen,91,681,0.382359,-0.504282,0.575176
Bolzano,Trento,92,93,0.176155,-0.491633,0.262759
Trento,Verona,93,94,0.251341,-0.480018,0.37199
Verona,Mestre,94,120,0.345423,-0.476905,0.510157
Verona,Brescia,94,451,0.260181,-0.477953,0.384535
Bologna,Cesena,95,96,0.184144,-0.468999,0.270508
Cesena,Perugia,96,97,0.126261,-0.467818,0.185328
Cesena,Ravenna,96,121,0.198157,-0.471708,0.291629
Cesena,Rimini,96,122,0.130506,-0.467758,0.191552
Perugia,Fiano Romano,97,98,0.0511218,-0.466128,0.074951
Fiano Romano,Naples,98,99,0.0236412,-0.464226,0.034616
Naples,Salerno,99,100,0.00617877,-0.462448,0.00903613
Naples,Avellino,99,741,0.00916605,-0.462793,0.013408
Salerno,Sicignano degli Alburni,100,101,0.00346723,-0.459804,0.00506148
Salerno,Avellino,100,741,0.00457216,-0.461757,0.00668338
Sicignano degli Alburni,Potenza,101,743,0.00179992,-0.457988,0.00262427
Messina,Catania,102,103,6.60298e-05,-0.4883,6.60298e-05
Messina,Palermo,102,474,6.60298e-05,-0.4883,6.60298e-05
Catania,Siracusa,103,104,6.60298e-05,-0.4883,6.60298e-05
Siracusa,Gela,104,105,6.60298e-05,-0.4883,6.60298e-05
Gela,Mazara del Vallo,105,473,6.60298e-05,-0.4883,6.60298e-05
Helsingborg,Copenhagen,299,106,0.00126286,-0.34539,0.00169905
Copenhagen,Malmö,106,135,0.000646061,-0.345396,0.000869208
Rostock,Berlin,107,108,1.7404,-0.520682,2.6466
Rostock,Lübeck,107,517,0.87966,-0.521064,1.33802
Rostock,Sassnitz,107,625,0.736118,-0.52081,1.1195
Berlin,Lübbenau,108,109,2.59214,-0.520147,3.94044
Berlin,Szczecin,108,137,2.06318,-0.520719,3.13751
Berlin,Świebodzin,108,139,2.48186,-0.521041,3.77502
Berlin,Magdeburg,108,314,2.60867,-0.520518,3.96653
Berlin,Leipzig,108,526,2.28826,-0.520122,3.47843
Berlin,Neubrandenburg,108,700,1.60474,-0.520671,2.44027
Lübbenau,Dresden,109,110,1.89381,-0.519502,2.87765
Lübbenau,Cottbus,109,644,1.41314,-0.51994,2.14789
Dresden,Ústí nad Labem,110,111,1.88848,-0.517328,2.86544
Dresden,Chemnitz,110,337,2.1485,-0.518993,3.26356
Dresden,Görlitz,110,338,1.38243,-0.519177,2.10016
Ústí nad Labem,Prague,111,112,2.07427,-0.514712,3.14193
Prague,Tábor,112,113,1.94986,-0.511965,2.94811
Prague,Mladá Boleslav,112,146,1.16206,-0.5138,1.75912
Prague,Jihlava,112,147,1.95844,-0.511335,2.95986
Prague,Plzeň,112,372,2.23731,-0.513268,3.38564
Prague,Karlovy Vary,112,523,1.39238,-0.514105,2.10821
Prague,Hradec Králové,112,551,1.49809,-0.513241,2.26697
Tábor,Linz,113,114,1.70842,-0.511497,2.58227
Linz,Salzburg,114,115,1.78874,-0.511389,2.70348
Linz,Sattledt,114,408,0.721698,-0.510565,1.09017
Linz,Sankt Pölten,114,409,1.67133,-0.50973,2.52325
Linz,Wels,114,669,1.29233,-0.511667,1.95357
Salzburg,Villach,115,116,2.55722,-0.508471,3.8575
Salzburg,Bad Reichenhall,115,407,1.37848,-0.512052,2.08434
Salzburg,Sattledt,115,408,1.4137,-0.509473,2.13394
Salzburg,Lofer,115,733,1.65248,-0.512423,2.49926
Villach,Tarvisio,116,117,1.23564,-0.500389,1.85395
Villach,Karavanke Tunnel,116,537,1.06053,-0.502408,1.59334
Villach,Spittal an der Drau,116,682,1.23366,-0.500511,1.85112
Villach,Klagenfurt,116,683,1.30918,-0.503402,1.96822
Tarvisio,Udine,117,118,0.564453,-0.497886,0.845486
Udine,Palmanova,118,119,0.455328,-0.491707,0.679217
Palmanova,Mestre,119,120,0.455348,-0.484418,0.675927
Palmanova,Trieste,119,452,0.507959,-0.489379,0.756543
Mestre,Ravenna,120,121,0.263723,-0.476776,0.38946
Rimini,Fano,122,123,0.0635693,-0.466407,0.0932185
Fano,Ancona,123,124,0.0559307,-0.46727,0.0820654
Ancona,Pescara,124,125,0.100561,-0.47004,0.147829
Pescara,Canosa di Puglia,125,126,0.108562,-0.469912,0.159577
Canosa di Puglia,Bari,126,127,0.0338969,-0.466486,0.0497093
Canosa di Puglia,Benevento,126,742,0.0349621,-0.466794,0.0512822
Bari,Brindisi,127,128,0.00896554,-0.464641,0.0131313
Bari,Taranto,127,476,0.00848831,-0.464491,0.0124311
Brindisi,Taranto,128,476,0.00202851,-0.461388,0.00296444
Igoumenitsa,Preveza,129,130,0.00347458,-0.420758,0.00493654
Igoumenitsa,Ioannina,129,477,0.00816536,-0.422489,0.0116151
Preveza,Rhion,130,131,0.00170771,-0.418909,0.00242309
Rhion,Patras,131,132,0.000601769,-0.418701,0.00085373
Rhion,Aigio,131,175,0.000601769,-0.418701,0.00085373
Patras,Pyrgos,132,133,0.000255145,-0.418874,0.000362018
Pyrgos,Kalamata,133,134,0.000122267,-0.432787,0.000175182
Kalamata,Tripoli,134,177,9.52203e-05,-0.4883,0.000122267
Malmö,Helsingborg,135,299,0.00173829,-0.34539,0.00233868
Malmö,Kalmar,135,626,0.00165316,-0.345367,0.00222411
Goleniów,Szczecin,136,137,0.880298,-0.521017,1.33895
Goleniów,Koszalin,136,637,0.3825,-0.521836,0.582102
Szczecin,Gorzów Wielkopolski,137,138,0.939773,-0.521112,1.4295
Gorzów Wielkopolski,Świebodzin,138,139,1.13568,-0.5215,1.72794
Świebodzin,Zielona Góra,139,140,1.501,-0.521307,2.28349
Świebodzin,Poznań,139,315,2.4078,-0.522256,3.66528
Zielona Góra,Legnica,140,141,1.50638,-0.521386,2.29178
Legnica,Jelenia Góra,141,142,1.33284,-0.520249,2.02624
Legnica,Görlitz,141,338,1.4742,-0.519998,2.24078
Legnica,Wrocław,141,339,2.24697,-0.519868,3.4151
Legnica,Cottbus,141,644,1.47631,-0.520047,2.24406
Jelenia Góra,Harrachov,142,143,0.571246,-0.519659,0.868098
Harrachov,Železný Brod,143,144,0.40336,-0.517438,0.612073
Železný Brod,Turnov,144,145,0.652901,-0.515323,0.989356
Turnov,Mladá Boleslav,145,146,0.686267,-0.514214,1.03915
Turnov,Hradec Králové,145,551,0.967965,-0.514108,1.4656
Turnov,Teplice,145,715,0.843573,-0.515008,1.27802
Jihlava,Brno,147,148,0.974064,-0.509415,1.47027
Jihlava,Vienna,147,410,1.5663,-0.509452,2.36425
Brno,Bratislava,148,149,1.3348,-0.50597,2.01016
Brno,Trenčín,148,373,1.34509,-0.507943,2.02832
Brno,Vienna,148,410,1.528,-0.507172,2.30296
Brno,Olomouc,148,716,1.38039,-0.51027,2.08477
Bratislava,Rajka,149,150,1.41264,-0.504817,2.12576
Bratislava,Žilina,149,195,1.55129,-0.508779,2.34055
Bratislava,Győr,149,196,1.37992,-0.50117,2.07149
Bratislava,Vienna,149,410,1.93092,-0.503076,2.90233
Bratislava,Zvolen,149,568,1.98309,-0.504011,2.98258
Bratislava,Dunajská Streda,149,724,1.21387,-0.504818,1.82665
Rajka,Csorna,150,151,0.558527,-0.504608,0.840364
Csorna,Szombathely,151,152,0.268091,-0.502373,0.402773
Szombathely,Zalaegerszeg,152,153,0.24702,-0.496911,0.369767
Zalaegerszeg,Nagykanizsa,153,154,0.471443,-0.493838,0.704259
Nagykanizsa,Letenye,154,155,0.291363,-0.493216,0.435067
Nagykanizsa,Zagreb,154,156,0.62547,-0.492577,0.933562
Nagykanizsa,Balatonvilágos,154,553,0.934719,-0.493551,1.39605
Letenye,Zagreb,155,156,0.334107,-0.49202,0.498495
Zagreb,Karlovac,156,157,0.48773,-0.491536,0.727467
Zagreb,Ljubljana,156,454,0.48104,-0.493354,0.718362
Zagreb,Slavonski Brod,156,455,0.508306,-0.48683,0.755765
Zagreb,Maribor,156,535,0.59706,-0.495931,0.893161
Karlovac,Rijeka,157,158,0.212877,-0.490633,0.317322
Karlovac,Knin,157,554,0.170935,-0.490534,0.254784
Rijeka,Split,158,159,0.141418,-0.489474,0.210638
Rijeka,Trieste,158,452,0.364759,-0.490783,0.543777
Split,Dubrovnik,159,160,0.0962211,-0.485088,0.142897
Split,Knin,159,554,0.0994758,-0.488816,0.148101
Dubrovnik,Petrovac,160,161,0.0296767,-0.480418,0.0439339
Dubrovnik,Podgorica,160,162,0.0618989,-0.47496,0.0912985
Petrovac,Podgorica,161,162,0.0386795,-0.469841,0.0568528
Petrovac,Prizren,161,744,0.0355804,-0.470291,0.0523136
Podgorica,Bijelo Polje,162,163,0.0597169,-0.470277,0.0878004
Podgorica,Pristina,162,164,0.0816087,-0.469287,0.119907
Podgorica,Sarajevo,162,737,0.103181,-0.470618,0.15174
Bijelo Polje,Pristina,163,164,0.0820478,-0.469043,0.120532
Bijelo Polje,Nova Varoš,163,740,0.0916501,-0.47109,0.134826
Pristina,Skopje,164,165,0.106824,-0.466439,0.156651
Pristina,Niš,164,202,0.22157,-0.470799,0.325884
Pristina,Prizren,164,744,0.06712,-0.46864,0.0985752
Skopje,Kičevo,165,166,0.0702493,-0.463211,0.10279
Skopje,Kumanovo,165,203,0.104537,-0.466205,0.153272
Skopje,Veles,165,204,0.0729312,-0.461775,0.106609
Kičevo,Ohrid,166,167,0.0283085,-0.460985,0.0413582
Ohrid,Bitola,167,168,0.0124672,-0.455617,0.0181474
Bitola,Niki,168,169,0.00798639,-0.441987,0.0115163
Niki,Vevi,169,170,0.0105654,-0.42878,0.0150956
Vevi,Kozani,170,171,0.0222048,-0.425669,0.0316567
Kozani,Larissa,171,172,0.0149765,-0.425236,0.0213451
Kozani,Thessaloniki,171,207,0.0501398,-0.427639,0.0715815
Kozani,Ioannina,171,477,0.018175,-0.424896,0.0258974
Larissa,Domokos,172,173,0.00658196,-0.424196,0.009374
Larissa,Lamia,172,174,0.00658196,-0.424196,0.009374
Larissa,Katerini,172,208,0.0192243,-0.426077,0.0274154
Larissa,Trikala,172,687,0.00931218,-0.42358,0.0132566
Domokos,Lamia,173,174,6.60298e-05,-0.4883,3.30149e-05
Aigio,Corinth,175,176,0.000255145,-0.418874,0.000362018
Corinth,Tripoli,176,177,0.000122267,-0.432787,0.000175182
Varangerbotn,Utsjoki,178,179,0.0597871,-0.509591,0.0902541
Varangerbotn,Kirkenes,178,243,0.18072,-0.518619,0.274445
Varangerbotn,Karasjok,178,502,0.0597585,-0.509628,0.0902131
Utsjoki,Inari,179,180,0.0229472,-0.507347,0.0345893
Inari,Ivalo,180,181,0.00939151,-0.501237,0.0140989
Ivalo,Sodankylä,181,182,0.00525058,-0.483817,0.0077909
Sodankylä,Rovaniemi,182,183,0.00385856,-0.454179,0.00561104
Sodankylä,Kemijärvi,182,539,0.0028016,-0.463875,0.00410119
Rovaniemi,Kemi,183,184,0.00456778,-0.439689,0.00657618
Kemi,Oulu,184,185,0.00743538,-0.450143,0.0107824
Kemi,Tornio,184,614,0.00422144,-0.427104,0.00602443
Oulu,Jyväskylä,185,186,0.0094586,-0.474989,0.0139513
Oulu,Kokkola,185,615,0.00666388,-0.462251,0.00974426
Jyväskylä,Heinola,186,187,0.0170302,-0.498005,0.0255113
Jyväskylä,Kuopio,186,544,0.0101171,-0.47399,0.0149125
Jyväskylä,Tampere,186,545,0.0156915,-0.493086,0.0234287
Heinola,Lahti,187,188,0.0248739,-0.511986,0.0376089
Lahti,Helsinki,188,189,0.0581877,-0.517015,0.0882716
Helsinki,Hämeenlinna,189,618,0.0586237,-0.51695,0.0889292
Helsinki,Kotka,189,621,0.179641,-0.520268,0.273102
Gdańsk,Świecie,190,191,1.92908,-0.52547,2.94275
Gdańsk,Kaliningrad,190,563,1.5241,-0.527199,2.3276
Gdańsk,Elbląg,190,564,1.65676,-0.52527,2.527
Gdańsk,Gdynia,190,639,1.19023,-0.526205,1.81654
Świecie,Łódź,191,192,1.34495,-0.524171,2.04993
Świecie,Poznań,191,315,1.79365,-0.524075,2.73365
Łódź,Piotrków Trybunalski,192,193,1.53748,-0.523711,2.34267
Piotrków Trybunalski,Katowice,193,194,1.78723,-0.521787,2.71978
Piotrków Trybunalski,Warsaw,193,316,2.6818,-0.524358,4.08802
Piotrków Trybunalski,Wrocław,193,339,1.80976,-0.522278,2.75496
Katowice,Žilina,194,195,1.39371,-0.516544,2.11363
Katowice,Zabrze,194,342,1.26621,-0.519889,1.9245
Katowice,Kraków,194,343,1.94642,-0.51989,2.95835
Katowice,Český Těšín,194,717,0.994669,-0.518676,1.51058
Žilina,Olomouc,195,716,0.804227,-0.512105,1.21607
Győr,Budapest,196,197,1.86836,-0.498599,2.79993
Győr,Vámosszabadi,196,726,0.871195,-0.501058,1.30771
Budapest,Szeged,197,198,1.77679,-0.491027,2.64924
Budapest,Mosonmagyaróvár,197,412,1.95338,-0.496636,2.9235
Budapest,Szolnok,197,413,1.80158,-0.492644,2.68911
Budapest,Miskolc,197,552,1.91601,-0.495374,2.86514
Budapest,Balatonvilágos,197,553,1.63061,-0.493889,2.43594
Budapest,Szekszárd,197,555,1.48396,-0.493187,2.21583
Budapest,Zvolen,197,568,1.82982,-0.498106,2.74127
Szeged,Subotica,198,199,0.987009,-0.484609,1.46532
Szeged,Arad,198,684,1.18951,-0.485212,1.76667
Subotica,Novi Sad,199,200,0.547923,-0.482091,0.812073
Subotica,Sombor,199,735,0.520275,-0.484073,0.772127
Novi Sad,Belgrade,200,201,0.504497,-0.47956,0.746434
Belgrade,Niš,201,202,0.399971,-0.47604,0.590373
Belgrade,Slavonski Brod,201,455,0.458763,-0.482599,0.680162
Belgrade,Vršac,201,456,0.400293,-0.478289,0.591748
Belgrade,Čačak,201,739,0.34659,-0.476522,0.511748
Niš,Kumanovo,202,203,0.160428,-0.471858,0.236127
Niš,Drobeta-Turnu Severin,202,458,0.385582,-0.476778,0.569418
Niš,Sofia,202,468,0.250321,-0.464128,0.366502
Kumanovo,Kyustendil,203,745,0.0938784,-0.464358,0.137472
Veles,Gevgelija,204,205,0.0359474,-0.453393,0.0522457
Gevgelija,Evzoni,205,206,0.0315602,-0.438104,0.0453869
Evzoni,Thessaloniki,206,207,0.0548263,-0.430227,0.0784141
Thessaloniki,Katerini,207,208,0.0365658,-0.428366,0.0522294
Thessaloniki,Alexandroupoli,207,233,0.0748023,-0.425862,0.106658
Thessaloniki,Serres,207,577,0.0694225,-0.434378,0.0995782
Klaipėda,Kaunas,209,210,2.31314,-0.528055,3.53461
Klaipėda,Palanga,209,704,1.3657,-0.528719,2.08777
Kaunas,Vilnius,210,211,2.56014,-0.527767,3.9113
Kaunas,Warsaw,210,316,4.83217,-0.526515,7.37637
Kaunas,Riga,210,547,3.35335,-0.526804,5.11991
Kaunas,Ukmergė,210,701,2.15303,-0.527706,3.2892
Vilnius,Lida,211,212,2.39985,-0.527874,3.66666
Vilnius,Minsk,211,318,4.77968,-0.526041,7.29398
Vilnius,Marijampolė,211,641,2.52483,-0.528117,3.85823
Vilnius,Ukmergė,211,701,2.52535,-0.527938,3.85858
Lida,Slonim,212,213,0.937419,-0.527855,1.43224
Slonim,Kobryn,213,214,0.464637,-0.524993,0.708568
Kobryn,Dubno,214,215,0.479717,-0.518261,0.728336
Dubno,Ternopil,215,216,0.992035,-0.5147,1.50264
Ternopil,Chernivtsi,216,217,1.09198,-0.512897,1.65205
Ternopil,Stryj,216,379,1.53288,-0.51155,2.31702
Ternopil,Khmelnytskyi,216,380,1.43422,-0.51609,2.1744
Chernivtsi,Siret,217,218,0.778546,-0.509377,1.17512
Siret,Suceava,218,219,1.25826,-0.506246,1.89525
Suceava,Roman,219,220,1.21543,-0.504983,1.82921
Suceava,Halmeu,219,578,1.85162,-0.503449,2.78381
Suceava,Iaşi,219,670,1.69861,-0.507661,2.56092
Roman,Urziceni,220,221,0.646454,-0.503203,0.971751
Urziceni,Bucharest,221,222,0.410275,-0.497831,0.614522
Urziceni,Slobozia,221,421,0.358602,-0.502517,0.538805
Bucharest,Giurgiu,222,223,0.189176,-0.490359,0.28194
Bucharest,Ploieşti,222,420,0.173329,-0.490948,0.258424
Bucharest,Constanţa,222,423,0.268606,-0.494876,0.401532
Bucharest,Alexandria,222,460,0.192641,-0.48725,0.286505
Bucharest,Piteşti,222,583,0.211822,-0.488226,0.31524
Giurgiu,Ruse,223,224,0.0937742,-0.487362,0.139476
Ruse,Byala,224,225,0.0451613,-0.481986,0.0669284
Ruse,Razgrad,224,461,0.0426162,-0.483321,0.0632134
Byala,Veliko Tarnovo,225,226,0.0335668,-0.478222,0.0496192
Byala,Pleven,225,584,0.0313943,-0.472214,0.0462191
Veliko Tarnovo,Stara Zagora,226,227,0.0374599,-0.478516,0.055385
Veliko Tarnovo,Shumen,226,462,0.0382295,-0.482631,0.0566802
Stara Zagora,Haskovo,227,228,0.0220486,-0.476783,0.032561
Stara Zagora,Burgas,227,590,0.0348503,-0.482915,0.0516801
Haskovo,Svilengrad,228,229,0.00956575,-0.468765,0.0140498
Svilengrad,Ormenio,229,230,0.00605104,-0.448352,0.00876403
Ormenio,Kastanies,230,231,0.00796231,-0.428145,0.0113713
Kastanies,Didymoteicho,231,232,0.0166916,-0.422701,0.0237472
Didymoteicho,Alexandroupoli,232,233,0.0395321,-0.422905,0.0562504
Alexandroupoli,Gelibolu,233,478,0.0491454,-0.422131,0.0698912
Saint Petersburg,Pskov,234,235,4.5279,-0.52191,6.89105
Saint Petersburg,Moscow,234,239,8.04262,-0.516161,12.1939
Saint Petersburg,Petrozavodsk,234,245,2.82095,-0.519299,4.28586
Saint Petersburg,Narva,234,304,3.39565,-0.520845,5.16426
Saint Petersburg,Vyborg,234,623,2.82093,-0.5193,4.28584
Pskov,Gomel,235,236,6.12122,-0.52457,9.33222
Pskov,Riga,235,547,4.43786,-0.524812,6.7669
Gomel,Kiev,236,237,8.22899,-0.521568,12.521
Gomel,Babruysk,236,703,5.11669,-0.524537,7.80058
Kiev,Odessa,237,238,5.66295,-0.516891,8.59007
Kiev,Hlukhiv,237,242,6.91759,-0.516097,10.4877
Kiev,Kharkiv,237,247,6.63041,-0.514943,10.0447
Kiev,Rivne,237,348,5.09095,-0.518147,7.72881
Kiev,Zhytomyr,237,349,4.0557,-0.518334,6.15791
Odessa,Izmail,238,586,1.86513,-0.516809,2.82904
Odessa,Chişinău,238,672,2.20221,-0.516505,3.33966
Odessa,Mykolaiv,238,673,2.18512,-0.517039,3.31491
Moscow,Kaluga,239,240,5.55662,-0.513642,8.41073
Moscow,Orel,239,246,5.7267,-0.509279,8.64318
Moscow,Voronezh,239,248,5.82999,-0.509279,8.79908
Moscow,Tambov,239,256,4.99081,-0.507512,7.52371
Moscow,Smolensk,239,319,6.32228,-0.518576,9.60086
Moscow,Ryazan,239,320,4.31208,-0.507904,6.50221
Moscow,Velikiye Luki,239,628,5.40897,-0.51531,8.19626
Moscow,Vladimir,239,629,4.34986,-0.50711,6.55571
Kaluga,Bryansk,240,241,3.11108,-0.514987,4.71324
Bryansk,Hlukhiv,241,242,3.86987,-0.515943,5.8665
Hlukhiv,Kursk,242,645,4.08035,-0.515126,6.18225
Kirkenes,Murmansk,243,244,0.408952,-0.520104,0.62165
Murmansk,Petrozavodsk,244,245,1.06258,-0.519838,1.61495
Orel,Kharkiv,246,247,4.38337,-0.511558,6.62572
Kharkiv,Luhansk,247,350,3.57454,-0.513329,5.40945
Voronezh,Novorossiysk,248,249,3.55769,-0.504986,5.35427
Voronezh,Kursk,248,645,3.81275,-0.512271,5.76591
Voronezh,Saratov,248,646,2.88802,-0.504578,4.34526
Novorossiysk,Dzhankoy,249,601,1.47094,-0.507089,2.21683
Novorossiysk,Sochi,249,602,1.42398,-0.506803,2.14566
Mineralnye Vody,Nalchik,250,251,0.175494,-0.503058,0.263778
Mineralnye Vody,Makhachkala,250,260,0.39043,-0.502055,0.586448
Mineralnye Vody,Armavir,250,387,0.212653,-0.505356,0.320118
Nalchik,Vladikavkaz,251,252,0.0670027,-0.502921,0.1007
Vladikavkaz,Stepantsminda,252,253,0.0259053,-0.502773,0.0389298
Stepantsminda,Mtskheta,253,254,0.0108568,-0.502577,0.0163132
Mtskheta,Tbilisi,254,255,0.00672119,-0.502345,0.0100976
Tbilisi,Gori,255,428,0.00437972,-0.503001,0.00658273
Tbilisi,Rustavi,255,429,0.00626707,-0.501725,0.00941142
Tambov,Povorino,256,257,2.28617,-0.507877,3.44727
Povorino,Volgograd,257,258,1.90373,-0.508495,2.87176
Volgograd,Astrakhan,258,259,1.94929,-0.505709,2.93506
Volgograd,Luhansk,258,350,2.28487,-0.51099,3.45242
Astrakhan,Makhachkala,259,260,1.19651,-0.501732,1.79684
Astrakhan,Atyrau,259,265,1.47079,-0.496943,2.20168
Makhachkala,Kuba,260,261,0.38351,-0.501689,0.575913
Kuba,Baku,261,262,0.146351,-0.50151,0.219748
Baku,Yevlakh,262,431,0.0559851,-0.501348,0.0840531
Samara,Oral,263,264,1.04187,-0.483375,1.54549
Samara,Penza,263,321,1.12114,-0.495622,1.67681
Samara,Ufa,263,322,0.720999,-0.479063,1.0664
Oral,Atyrau,264,265,1.06831,-0.480636,1.58178
Oral,Saratov,264,646,1.73084,-0.496793,2.59071
Oral,Aktobe,264,647,0.745774,-0.483621,1.10645
Atyrau,Beineu,265,266,0.546355,-0.488205,0.813089
Atyrau,Beyneu,265,351,0.546355,-0.488205,0.813089
Beineu,Shetpe,266,267,0.211199,-0.487076,0.314068
Shetpe,Zhetybai,267,268,0.0817816,-0.485837,0.121514
Zhetybai,Fetisovo,268,269,0.0318294,-0.484426,0.0472484
Fetisovo,Bekdash,269,270,0.0127153,-0.482229,0.018847
Bekdash,Türkmenbaşy,270,271,0.00586452,-0.476803,0.00866074
Türkmenbaşy,Gyzylarbat,271,272,0.0046062,-0.466784,0.0067563
Gyzylarbat,Ashgabat,272,432,0.00764807,-0.46242,0.0111847
Chelyabinsk,Kostanay,273,274,0.144429,-0.470212,0.212342
Chelyabinsk,Ufa,273,322,0.319289,-0.4765,0.471431
Chelyabinsk,Kurgan,273,323,0.155442,-0.460984,0.227098
Kostanay,Esil,274,275,0.0600529,-0.466983,0.0880966
Esil,Derzhavinsk,275,276,0.0317638,-0.453374,0.0461647
Derzhavinsk,Arkalyk,276,277,0.0322764,-0.429339,0.046134
Arkalyk,Jezkazgan,277,278,0.0605042,-0.418296,0.0858128
Jezkazgan,Kyzylorda,278,279,0.089245,-0.414006,0.126193
Jezkazgan,Karaganda,278,286,0.0895267,-0.41871,0.127012
Kyzylorda,Shymkent,279,280,0.0827198,-0.414523,0.117009
Kyzylorda,Novokazalinsk,279,650,0.0717686,-0.428211,0.102501
Shymkent,Tashkent,280,281,0.0591207,-0.408263,0.0832574
Shymkent,Zhambyl,280,359,0.0481733,-0.408753,0.0678643
Tashkent,Ayni,281,282,0.0208947,-0.412144,0.0295064
Tashkent,Jizzakh,281,358,0.0268998,-0.412615,0.037999
Tashkent,Kokand,281,689,0.0217488,-0.407878,0.0306196
Ayni,Dushanbe,282,283,0.0151662,-0.405817,0.0213209
Ayni,Kokand,282,689,0.00756127,-0.404031,0.0106163
Dushanbe,Termez,283,440,0.00798313,-0.403068,0.0112009
Dushanbe,Jirgatal,283,441,0.00812517,-0.401845,0.0113902
Dushanbe,Kulob,283,692,0.00595691,-0.402379,0.00835384
Ishim,Astana,284,285,0.0541472,-0.444365,0.0782083
Ishim,Omsk,284,291,0.0541472,-0.444365,0.0782083
Ishim,Kurgan,284,323,0.100519,-0.456746,0.146431
Ishim,Tyumen,284,635,0.0660252,-0.458122,0.0962728
Astana,Karaganda,285,286,0.0502725,-0.429948,0.0718871
Karaganda,Balkhash,286,287,0.0513056,-0.418007,0.0727518
Karaganda,Pavlodar,286,292,0.0575949,-0.426061,0.0821339
Balkhash,Burubaytal,287,288,0.0291424,-0.413639,0.0411969
Burubaytal,Almaty,288,289,0.0310881,-0.407892,0.0437688
Almaty,Bishkek,289,290,0.0454798,-0.404756,0.0638881
Almaty,Sary-Ozek,289,360,0.0220803,-0.405066,0.0310243
Almaty,Kokpek,289,695,0.0181418,-0.405181,0.0254926
Bishkek,Zhambyl,290,359,0.0411168,-0.405827,0.0578031
Bishkek,Osh,290,691,0.040215,-0.403747,0.0564516
Omsk,Pavlodar,291,292,0.0384216,-0.435597,0.055158
Pavlodar,Semey,292,293,0.0303193,-0.428522,0.0433118
Semey,Georgiyevka,293,294,0.0125062,-0.427319,0.0178503
Georgiyevka,Ayagoz,294,364,0.00538128,-0.425318,0.00767004
Narvik,Kiruna,295,296,0.000708723,-0.388031,0.00098373
Narvik,Setermoen,295,498,0.000710191,-0.450716,0.00103029
Kiruna,Töre,296,297,0.00125727,-0.359354,0.00170907
Töre,Luleå,297,298,0.00270942,-0.354635,0.00367028
Luleå,Umeå,298,612,0.00462592,-0.350436,0.00624701
Luleå,Haparanda,298,613,0.0031443,-0.364048,0.00428897
Helsingborg,Halmstad,299,300,0.00380595,-0.345342,0.00512031
Helsingborg,Jönköping,299,605,0.00234417,-0.345396,0.00315383
Örebro,Stockholm,301,302,0.00730779,-0.345228,0.00983065
Örebro,Karlstad,301,620,0.0043697,-0.345269,0.00587842
Stockholm,Södertälje,302,608,0.00539051,-0.345123,0.0072509
Stockholm,Uppsala,302,609,0.00635748,-0.344972,0.00855064
Tallinn,Narva,303,304,2.06702,-0.523023,3.14812
Tallinn,Riga,303,547,2.90059,-0.524524,4.42202
Colchester,Ipswich,305,306,6.60298e-05,-0.4883,6.60298e-05
Ipswich,Cambridge,306,636,6.60298e-05,-0.4883,6.60298e-05
The Hague,Gouda,307,308,0.400461,-0.520486,0.608895
Amersfoort,Oldenzaal,309,310,0.684198,-0.520731,1.04048
Amersfoort,Hoogeveen,309,698,0.638031,-0.520579,0.970176
Oldenzaal,Osnabrück,310,311,0.596927,-0.521782,0.908393
Osnabrück,Bad Oeynhausen,311,312,1.13259,-0.522216,1.72404
Bad Oeynhausen,Dortmund,312,508,1.95688,-0.522287,2.97894
Braunschweig,Magdeburg,313,314,1.46791,-0.520939,2.23261
Magdeburg,Halle,314,518,1.54426,-0.520384,2.34786
Poznań,Warsaw,315,316,3.08879,-0.524007,4.70734
Poznań,Wrocław,315,339,1.76306,-0.522888,2.68494
Warsaw,Elbląg,316,564,2.51123,-0.525075,3.82981
Warsaw,Radom,316,565,2.91591,-0.523036,4.44104
Warsaw,Lublin,316,713,3.48784,-0.523208,5.31271
Brest,Rennes,317,365,0.318223,-0.513176,0.481527
Brest,Lorient,317,388,0.173053,-0.512713,0.26178
Minsk,Smolensk,318,319,4.8782,-0.522127,7.42525
Minsk,Babruysk,318,703,4.54661,-0.525001,6.93358
Ryazan,Penza,320,321,1.80465,-0.505338,2.71661
Ufa,Yelabuga,322,632,0.361292,-0.47896,0.534336
Bruges,Ghent,324,325,1.64088,-0.515903,2.48741
Bruges,Zeebrugge,324,642,1.86479,-0.516189,2.82737
Ghent,Brussels,325,326,2.24298,-0.516188,3.40078
Brussels,Leuven,326,327,2.93033,-0.517468,4.44668
Leuven,Hasselt,327,708,1.97235,-0.518616,2.99525
Eupen,Aachen,328,329,2.43866,-0.520041,3.70686
Eupen,St. Vith,328,653,1.24092,-0.519908,1.88609
Aachen,Heerlen,329,709,1.92987,-0.521379,2.93606
Olpe,Wetzlar,330,331,2.30556,-0.522214,3.50956
Wetzlar,Gießen,331,332,2.31092,-0.522286,3.51788
Wetzlar,Dortmund,331,508,3.21304,-0.522342,4.89135
Wetzlar,Aschaffenburg,331,509,2.47173,-0.522088,3.76219
Wetzlar,Koblenz,331,660,2.41999,-0.522066,3.68339
Gießen,Bad Hersfeld,332,333,1.43975,-0.522451,2.19195
Bad Hersfeld,Eisenach,333,334,0.666178,-0.522121,1.014
Eisenach,Erfurt,334,335,0.588253,-0.520794,0.894611
Erfurt,Gera,335,336,1.12304,-0.519889,1.7069
Gera,Chemnitz,336,337,1.66389,-0.519378,2.52808
Gera,Leipzig,336,526,1.6823,-0.51989,2.55691
Gera,Hirschberg,336,527,1.18187,-0.519511,1.79587
Chemnitz,Plauen,337,519,1.56762,-0.519313,2.38171
Wrocław,Opole,339,340,1.4326,-0.521266,2.17937
Wrocław,Kłodzko,339,548,1.4545,-0.521419,2.2129
Opole,Gliwice,340,341,0.681415,-0.521153,1.03654
Gliwice,Zabrze,341,342,0.640467,-0.520475,0.973814
Kraków,Rzeszów,343,344,0.91739,-0.519577,1.39404
Kraków,Radom,343,565,1.15496,-0.522207,1.75809
Kraków,Trstená,343,566,1.12547,-0.517664,1.70808
Rzeszów,Jarosław,344,345,0.889239,-0.519671,1.35135
Rzeszów,Radom,344,565,1.00432,-0.522261,1.52884
Rzeszów,Barwinek,344,710,0.697659,-0.520034,1.06046
Jarosław,Korczowa,345,346,0.948398,-0.517457,1.43915
Korczowa,Lviv,346,347,1.98907,-0.51605,3.01553
Lviv,Rivne,347,348,2.74068,-0.517089,4.15785
Lviv,Mukachevo,347,378,3.37751,-0.511726,5.10588
Lviv,Lublin,347,713,2.05805,-0.518802,3.12578
Rivne,Zhytomyr,348,349,1.76125,-0.518843,2.67507
Rivne,Kovel,348,714,1.74144,-0.519174,2.64555
Zhytomyr,Vinnytsia,349,381,2.95057,-0.519216,4.48255
Beyneu,Qo‘ng‘irot,351,352,0.212699,-0.486905,0.316263
Qo‘ng‘irot,Nukus,352,353,0.0861712,-0.484774,0.127945
Nukus,Daşoguz,353,354,0.0431906,-0.479983,0.0639213
Daşoguz,Bukhara,354,355,0.0135968,-0.464332,0.0199102
Daşoguz,Ashgabat,354,432,0.0155577,-0.465944,0.0228067
Daşoguz,Uchkuduk,354,688,0.0109977,-0.47241,0.0161932
Bukhara,Navoiy,355,356,0.0096672,-0.440624,0.0139268
Bukhara,Alat,355,436,0.00811347,-0.447695,0.0117458
Bukhara,Karshi,355,437,0.00816908,-0.446332,0.0118152
Bukhara,Uchkuduk,355,688,0.00602441,-0.452288,0.00874917
Navoiy,Samarkand,356,357,0.00769179,-0.423644,0.0109504
Samarkand,Jizzakh,357,358,0.0122335,-0.4138,0.0172958
Sary-Ozek,Taldykorgan,360,361,0.0105043,-0.404498,0.0147533
Sary-Ozek,Koktal,360,697,0.00989846,-0.404347,0.0139009
Taldykorgan,Ucharal,361,362,0.00468592,-0.405303,0.00658514
Ucharal,Taskesken,362,363,0.00266597,-0.410335,0.00375991
Taskesken,Ayagoz,363,364,0.0028339,-0.419817,0.00402363
Rennes,Le Mans,365,366,0.790002,-0.513312,1.19552
Le Mans,Angers,366,391,0.644531,-0.513336,0.975392
Le Mans,Tours,366,392,0.74549,-0.512945,1.12789
Le Mans,Rouen,366,662,1.25404,-0.514408,1.89912
Reims,Charleroi,367,651,1.77882,-0.515799,2.69634
Reims,Charleville-Mézières,367,658,1.6384,-0.51638,2.48443
Reims,Rouen,367,662,1.81521,-0.514627,2.74937
Saarbrücken,Mannheim,368,369,3.3395,-0.521174,5.07996
Saarbrücken,Trier,368,659,1.70407,-0.519908,2.59003
Mannheim,Heilbronn,369,370,3.11914,-0.521021,4.74428
Rozvadov,Plzeň,371,372,2.38421,-0.516053,3.61458
Plzeň,Karlovy Vary,372,523,1.64401,-0.515426,2.49138
Plzeň,České Budějovice,372,524,1.872,-0.513944,2.8341
Plzeň,Bayerisch Eisenstein,372,530,1.93937,-0.515078,2.93829
Trenčín,Prešov,373,374,1.16269,-0.506858,1.75201
Prešov,Košice,374,375,1.77237,-0.504761,2.66699
Prešov,Svidník,374,712,0.884673,-0.506742,1.33297
Košice,Vyšné Nemecké,375,376,0.885445,-0.503589,1.33134
Košice,Uzhhorod,375,377,1.73617,-0.504129,2.61142
Košice,Miskolc,375,552,1.52424,-0.500561,2.28721
Košice,Zvolen,375,568,1.6413,-0.503263,2.46731
Vyšné Nemecké,Uzhhorod,376,377,0.850726,-0.504691,1.28008
Uzhhorod,Mukachevo,377,378,2.83238,-0.503881,4.25957
Uzhhorod,Chop,377,723,1.40249,-0.503654,2.10886
Mukachevo,Stryj,378,379,2.10849,-0.508569,3.18079
Mukachevo,Halmeu,378,578,2.4293,-0.50498,3.65604
Khmelnytskyi,Vinnytsia,380,381,1.82325,-0.518667,2.76891
Vinnytsia,Uman,381,382,1.78868,-0.519433,2.71778
Vinnytsia,Mohyliv-Podilskyi,381,728,1.64472,-0.518955,2.49825
Uman,Kirovohrad,382,383,1.33195,-0.519003,2.02324
Kirovohrad,Dnipropetrovsk,383,384,0.914585,-0.518506,1.3888
Kirovohrad,Chişinău,383,672,1.80614,-0.517537,2.74088
Dnipropetrovsk,Donetsk,384,385,0.380683,-0.518334,0.578003
Donetsk,Rostov-on-Don,385,386,0.241422,-0.516386,0.366089
Rostov-on-Don,Armavir,386,387,0.192069,-0.511429,0.290299
Rostov-on-Don,Taganrog,386,675,0.214462,-0.514499,0.324802
Lorient,Vannes,388,389,0.205337,-0.512107,0.310491
Vannes,Nantes,389,390,0.447929,-0.511977,0.677258
Nantes,Angers,390,391,0.625495,-0.51231,0.945942
Nantes,Poitiers,390,676,0.874309,-0.511886,1.32186
Angers,Tours,391,392,0.476903,-0.511223,0.720707
Tours,Vierzon,392,503,0.617823,-0.510772,0.933389
Montargis,Auxerre,393,394,1.16015,-0.512548,1.75479
Auxerre,Beaune,394,395,2.20235,-0.513183,3.33256
Beaune,Dole,395,396,2.28236,-0.514439,3.4565
Beaune,Antwerp,395,505,3.94359,-0.515163,5.97518
Dole,Besançon,396,397,1.22386,-0.51518,1.85436
Besançon,Belfort,397,398,1.42637,-0.516225,2.1627
Zürich,Winterthur,399,400,1.41318,-0.517541,2.14456
Winterthur,St. Gallen,400,401,1.00629,-0.517654,1.52721
Winterthur,Schaffhausen,400,511,1.39835,-0.518998,2.12409
St. Gallen,St. Margrethen,401,402,0.906827,-0.516843,1.37551
St. Margrethen,Bregenz,402,403,1.47422,-0.516089,2.23505
St. Margrethen,Buchs,402,514,0.689467,-0.516404,1.04551
Bregenz,Feldkirch,403,748,1.40825,-0.515708,2.1345
Bregenz,Lindau,403,513,2.22638,-0.515866,3.3749
Feldkirch,Landeck,748,404,0.633818,-0.515018,0.960246
Feldkirch,Imst,748,406,0.660823,-0.514959,1.00112
Landeck,Telfs,404,405,0.438834,-0.514489,0.66461
Sattledt,Liezen,408,532,0.896336,-0.509302,1.35284
Sattledt,Wels,408,669,0.976556,-0.511636,1.4762
Sankt Pölten,Vienna,409,410,1.83923,-0.507493,2.77263
Vienna,Nickelsdorf,410,411,1.9645,-0.504988,2.95655
Vienna,Halámky,410,525,1.94437,-0.507516,2.93116
Vienna,Graz,410,534,2.40763,-0.505239,3.62406
Nickelsdorf,Mosonmagyaróvár,411,412,1.30518,-0.500893,1.95894
Szolnok,Püspökladány,413,414,1.26358,-0.490333,1.88316
Püspökladány,Oradea,414,415,1.56932,-0.48959,2.33764
Püspökladány,Nyíregyháza,414,722,1.01646,-0.492562,1.51713
Oradea,Cluj-Napoca,415,416,0.711456,-0.486779,1.05778
Oradea,Berettyóújfalu,415,570,1.07788,-0.489715,1.60574
Oradea,Beiuş,415,571,0.680431,-0.487378,1.01206
Oradea,Satu Mare,415,579,1.16076,-0.49131,1.73105
Oradea,Arad,415,684,1.12729,-0.485626,1.67472
Cluj-Napoca,Turda,416,417,0.448018,-0.48676,0.666095
Cluj-Napoca,Zalău,416,580,0.450956,-0.490181,0.672006
Turda,Târgu Mureş,417,418,0.190957,-0.484588,0.283492
Turda,Sebeş,417,581,0.196897,-0.484378,0.29227
Târgu Mureş,Braşov,418,419,0.131773,-0.483348,0.195466
Braşov,Ploieşti,419,420,0.112894,-0.48594,0.167754
Braşov,Sibiu,419,582,0.154092,-0.482417,0.228428
Braşov,Piteşti,419,583,0.0907319,-0.483181,0.134572
Slobozia,Hârşova,421,422,0.251528,-0.504138,0.378333
Slobozia,Galaţi,421,588,0.460117,-0.509078,0.694353
Hârşova,Constanţa,422,423,0.241238,-0.499668,0.361778
Constanţa,Varna,423,463,0.181598,-0.494052,0.271317
Constanţa,Tulcea,423,589,0.252612,-0.503731,0.37986
Senaki,Samtredia,424,425,0.0296271,-0.507465,0.0446618
Senaki,Zugdidi,424,604,0.0779091,-0.507167,0.117422
Samtredia,Kutaisi,425,426,0.0114146,-0.507841,0.0172114
Kutaisi,Khashuri,426,427,0.00479574,-0.507727,0.00723066
Khashuri,Gori,427,428,0.00304671,-0.5058,0.00458773
Rustavi,Ganja,429,430,0.0093332,-0.501213,0.0140111
Ganja,Yevlakh,430,431,0.0217552,-0.501213,0.0326592
Ashgabat,Tejen,432,433,0.00726308,-0.46049,0.0106077
Tejen,Mary,433,434,0.0033238,-0.454636,0.00483492
Mary,Türkmenabat,434,435,0.00240676,-0.446843,0.0034822
Türkmenabat,Alat,435,436,0.0036406,-0.444849,0.00526012
Karshi,Guzar,437,438,0.00376821,-0.437086,0.00541524
Guzar,Sherobod,438,439,0.0026614,-0.419231,0.00377714
Sherobod,Termez,439,440,0.00378607,-0.405751,0.00532227
Jirgatal,Sary Tash,441,442,0.00749417,-0.400479,0.0104954
Jirgatal,Khorugh,441,694,0.004472,-0.400079,0.00626116
Sary Tash,Irkeshtam,442,443,0.0100947,-0.401333,0.014146
Irkeshtam,Osh,443,691,0.0207978,-0.402412,0.0291671
A Coruña,Bilbao,444,445,0.0688663,-0.502605,0.103479
A Coruña,Pontevedra,444,481,0.0279885,-0.500485,0.0419963
Clermont-Ferrand,Montluçon,446,504,0.695222,-0.509025,1.04911
Chambéry,Susa,447,448,0.758277,-0.508408,1.14379
Chambéry,Marseille,447,736,0.582273,-0.509416,0.878892
Susa,Turin,448,449,0.449729,-0.504397,0.676572
Tortona,Brescia,450,451,0.121103,-0.481812,0.179452
Trieste,Postojna,452,453,0.19569,-0.491291,0.291831
Trieste,Ljubljana,452,454,0.40489,-0.494167,0.604974
Postojna,Ljubljana,453,454,0.294605,-0.496557,0.440893
Ljubljana,Maribor,454,535,0.541062,-0.499336,0.811234
Ljubljana,Naklo,454,538,0.784228,-0.498998,1.17556
Vršac,Timişoara,456,457,0.407134,-0.478857,0.602093
Timişoara,Drobeta-Turnu Severin,457,458,0.452462,-0.478308,0.668878
Timişoara,Arad,457,684,0.78698,-0.48183,1.16617
Drobeta-Turnu Severin,Craiova,458,459,0.41939,-0.476275,0.619135
Craiova,Alexandria,459,460,0.180975,-0.480291,0.267895
Craiova,Târgu Jiu,459,574,0.247727,-0.477436,0.366001
Craiova,Piteşti,459,583,0.233185,-0.478933,0.344866
Razgrad,Shumen,461,462,0.0373873,-0.483073,0.0554481
Shumen,Varna,462,463,0.0652493,-0.488115,0.0970985
Varna,Burgas,463,590,0.0642361,-0.48826,0.0956
Lisbon,Valladolid,464,465,0.0437672,-0.496297,0.0654887
Lisbon,Porto,464,483,0.0364136,-0.492713,0.054355
Lisbon,Albufeira,464,484,0.0348765,-0.491957,0.0520342
Toulouse,Nice,466,467,0.594301,-0.503788,0.893703
Nice,Cuneo,467,685,0.226739,-0.499158,0.339918
Sofia,Plovdiv,468,469,0.129824,-0.45774,0.18925
Sofia,Botevgrad,468,575,0.130451,-0.457929,0.190189
Sofia,Blagoevgrad,468,576,0.135504,-0.449173,0.196369
Sofia,Kyustendil,468,745,0.102504,-0.459997,0.149655
Plovdiv,Istanbul,469,470,0.0530937,-0.456742,0.0773438
Istanbul,İzmit,470,471,0.0248632,-0.455174,0.0361803
İzmit,Gerede,471,472,0.00827226,-0.452436,0.0120149
İzmit,Bursa,471,479,0.00819649,-0.451557,0.0118977
Gerede,Kızılcahamam,472,599,0.00377197,-0.45022,0.00547019
Mazara del Vallo,Palermo,473,474,6.60298e-05,-0.4883,6.60298e-05
Metaponto,Taranto,475,476,0.0033963,-0.461094,0.00496231
Metaponto,Potenza,475,743,0.00178131,-0.458541,0.00259811
Ioannina,Trikala,477,687,0.0073759,-0.422918,0.0104953
Gelibolu,Keşan,478,596,0.0231,-0.420136,0.0328052
Gelibolu,Ayvalık,478,597,0.0230938,-0.420039,0.0327941
Bursa,Ankara,479,480,0.00395463,-0.447939,0.00572606
Bursa,Balıkesir,479,746,0.0043897,-0.443757,0.00633766
Ankara,Kızılcahamam,480,599,0.00266812,-0.447948,0.0038633
Pontevedra,Valença,481,482,0.0151263,-0.496035,0.0226294
Valença,Porto,482,483,0.0172704,-0.492146,0.0257699
Albufeira,Castro Marim,484,485,0.0169593,-0.489221,0.0252562
Castro Marim,Huelva,485,486,0.0156359,-0.488758,0.023278
Cherbourg-Octeville,La Rochelle,487,488,0.169891,-0.513343,0.257103
Cherbourg-Octeville,Caen,487,661,0.38338,-0.514519,0.580636
La Rochelle,Saintes,488,730,0.130827,-0.510069,0.197558
Oslo,Hamar,489,490,0.00335991,-0.34522,0.00451982
Oslo,Askim,489,619,0.0034993,-0.345279,0.00470753
Hamar,Lillehammer,490,491,0.00212134,-0.344992,0.00285319
Lillehammer,Dombås,491,492,0.00234646,-0.34463,0.00315512
Dombås,Trondheim,492,493,0.00418891,-0.344475,0.00563188
Trondheim,Stjørdal,493,494,0.00409331,-0.34443,0.00550317
Stjørdal,Steinkjer,494,495,0.00205716,-0.344438,0.00276573
Steinkjer,Mosjøen,495,496,0.00143815,-0.344828,0.00193406
Mosjøen,Mo i Rana,496,497,0.00181096,-0.345817,0.00243722
Mo i Rana,Umeå,497,612,0.00343629,-0.346959,0.00462854
Setermoen,Alta,498,499,0.00135185,-0.490964,0.00201556
Alta,Olderfjord,499,500,0.00332093,-0.502627,0.00499011
Olderfjord,Lakselv,500,501,0.00862838,-0.506247,0.0129965
Lakselv,Karasjok,501,502,0.022672,-0.508178,0.0341934
Vierzon,Montluçon,503,504,0.434896,-0.509607,0.656523
Antwerp,Zeebrugge,505,642,2.72923,-0.516397,4.13859
Martigny,Sion,506,678,0.563731,-0.505462,0.848676
Bremen,Groningen,507,624,2.44186,-0.52155,3.71541
Stuttgart,Schaffhausen,510,511,2.16908,-0.519786,3.29654
Stuttgart,Ulm,510,512,1.88501,-0.518791,2.86294
Ulm,Lindau,512,513,1.5924,-0.517763,2.41688
Lindau,Waldshut,513,666,2.1612,-0.516894,3.27831
Buchs,Chur,514,515,0.273832,-0.516395,0.415237
Chur,San Bernardino,515,516,0.141008,-0.516259,0.213804
Halle,Plauen,518,519,1.46325,-0.519764,2.22379
Plauen,Schönberg,519,520,1.1913,-0.519258,1.8099
Plauen,Hof,519,528,1.58449,-0.519198,2.40715
Schönberg,Vojtanov,520,521,0.716465,-0.518523,1.08797
Vojtanov,Cheb,521,522,0.984634,-0.51747,1.49415
Cheb,Karlovy Vary,522,523,1.6081,-0.516261,2.4383
Cheb,Marktredwitz,522,663,1.30734,-0.517706,1.98416
Karlovy Vary,Teplice,523,715,0.980686,-0.515269,1.486
České Budějovice,Halámky,524,525,1.26304,-0.510785,1.90818
Hirschberg,Hof,527,528,1.22603,-0.519091,1.86244
Hof,Bayreuth,528,529,1.99746,-0.518428,3.033
Bayreuth,Marktredwitz,529,663,1.80404,-0.518392,2.73925
Bayerisch Eisenstein,Deggendorf,530,531,1.45796,-0.515457,2.20947
Liezen,Sankt Michael,532,533,0.701539,-0.506625,1.05696
Sankt Michael,Graz,533,534,1.21758,-0.504577,1.83194
Graz,Maribor,534,535,0.993304,-0.502539,1.49248
Graz,Spielfeld,534,536,0.77697,-0.503945,1.16852
Graz,Klagenfurt,534,683,1.40156,-0.502423,2.10574
Maribor,Spielfeld,535,536,0.31917,-0.500056,0.478773
Karavanke Tunnel,Naklo,537,538,0.719125,-0.501629,1.07986
Naklo,Loiblpass,538,734,0.676666,-0.501177,1.0158
Kemijärvi,Posio,539,540,0.00119574,-0.456959,0.00174215
Posio,Kuusamo,540,541,0.000682696,-0.45312,0.000992039
Kuusamo,Kajaani,541,542,0.000788336,-0.460503,0.00115137
Kajaani,Iisalmi,542,543,0.00162004,-0.471172,0.00238336
Iisalmi,Kuopio,543,544,0.00397838,-0.475118,0.00586858
Tampere,Turku,545,546,0.00895197,-0.500672,0.013434
Tampere,Vaasa,545,616,0.00922455,-0.494218,0.0137835
Tampere,Hämeenlinna,545,618,0.0292556,-0.511607,0.044223
Turku,Pori,546,617,0.00445026,-0.493235,0.00664529
Riga,Šiauliai,547,561,3.08892,-0.527276,4.71763
Riga,Rēzekne,547,627,3.19345,-0.525226,4.87074
Kłodzko,Kudowa-Zdrój,548,549,0.652148,-0.520296,0.991458
Kudowa-Zdrój,Náchod,549,550,0.528416,-0.516773,0.801487
Náchod,Hradec Králové,550,551,0.950826,-0.514158,1.4397
Hradec Králové,Olomouc,551,716,1.28509,-0.512525,1.94373
Miskolc,Debrecen,552,569,1.14156,-0.4967,1.70858
Szekszárd,Mohács,555,556,0.623667,-0.492637,0.930908
Mohács,Osijek,556,557,0.377859,-0.490546,0.563216
Osijek,Đakovo,557,558,0.217678,-0.48823,0.323955
Osijek,Sombor,557,735,0.34754,-0.486371,0.516573
Đakovo,Šamac,558,559,0.0917512,-0.486614,0.136399
Šamac,Zenica,559,560,0.0551192,-0.480409,0.0815989
Zenica,Sarajevo,560,737,0.0714466,-0.473182,0.105254
Šiauliai,Tolpaki,561,562,2.42758,-0.529029,3.71184
Šiauliai,Palanga,561,704,1.8624,-0.528509,2.84669
Šiauliai,Panevėžys,561,705,1.927,-0.528464,2.94534
Tolpaki,Kaliningrad,562,563,1.50511,-0.528897,2.30116
Tolpaki,Nesterov,562,640,1.4372,-0.529509,2.19821
Trstená,Ružomberok,566,567,0.844041,-0.510212,1.27468
Ružomberok,Zvolen,567,568,1.42389,-0.504008,2.14155
Debrecen,Berettyóújfalu,569,570,0.743137,-0.493295,1.10972
Beiuş,Deva,571,572,0.427629,-0.484256,0.634711
Deva,Petroşani,572,573,0.31816,-0.480533,0.471047
Deva,Sibiu,572,582,0.412966,-0.480655,0.61146
Deva,Arad,572,684,0.588495,-0.48214,0.872231
Petroşani,Târgu Jiu,573,574,0.191363,-0.478567,0.282944
Botevgrad,Jablanica,575,585,0.0548458,-0.458083,0.0799698
Blagoevgrad,Serres,576,577,0.0709691,-0.443772,0.102463
Halmeu,Satu Mare,578,579,1.57962,-0.498625,2.36726
Satu Mare,Zalău,579,580,0.631894,-0.494187,0.944167
Sebeş,Sibiu,581,582,0.190382,-0.481733,0.282095
Sibiu,Piteşti,582,583,0.195788,-0.4805,0.289864
Pleven,Jablanica,584,585,0.0294881,-0.462289,0.0431201
Izmail,Reni,586,587,0.826488,-0.516398,1.25328
Reni,Galaţi,587,588,0.641442,-0.514371,0.971381
Galaţi,Tulcea,588,589,0.357591,-0.510257,0.540054
Galaţi,Giurgiuleşti,588,729,0.773396,-0.514784,1.17153
Burgas,Malko Tarnovo,590,591,0.0295128,-0.483914,0.0437944
Malko Tarnovo,Dereköy,591,592,0.0116936,-0.48052,0.0173127
Dereköy,Kırklareli,592,593,0.00511256,-0.471439,0.00752282
Kırklareli,Babaeski,593,594,0.00335201,-0.447953,0.00485355
Babaeski,Havsa,594,595,0.00459454,-0.425923,0.00655146
Havsa,Keşan,595,596,0.00975091,-0.420102,0.0138473
Ayvalık,İzmir,597,598,0.00972662,-0.419312,0.0138051
İzmir,Manisa,598,747,0.00451644,-0.42125,0.00641898
Kherson,Dzhankoy,600,601,1.0146,-0.510899,1.53296
Kherson,Mykolaiv,600,673,1.22399,-0.515659,1.85515
Kherson,Melitopol,600,674,0.661176,-0.513898,1.00095
Sochi,Sukhumi,602,603,0.540599,-0.506846,0.8146
Sukhumi,Zugdidi,603,604,0.205217,-0.506962,0.309254
Jönköping,Linköping,605,606,0.00173203,-0.345376,0.00233023
Linköping,Norrköping,606,607,0.00231628,-0.345316,0.00311614
Norrköping,Södertälje,607,608,0.00359478,-0.345196,0.00483568
Norrköping,Kalmar,607,626,0.00230759,-0.345315,0.00310444
Uppsala,Sundsvall,609,610,0.00651658,-0.344838,0.00876374
Sundsvall,Örnsköldsvik,610,611,0.00600875,-0.345071,0.00808219
Örnsköldsvik,Umeå,611,612,0.00482511,-0.346282,0.00649596
Haparanda,Tornio,613,614,0.00263961,-0.395229,0.00368287
Kokkola,Vaasa,615,616,0.00600458,-0.474499,0.00885375
Vaasa,Pori,616,617,0.0043386,-0.486731,0.00645033
Askim,Karlstad,619,620,0.00292463,-0.345296,0.0039345
Kotka,Vaalimaa,621,622,0.408449,-0.520408,0.621009
Vaalimaa,Vyborg,622,623,1.06238,-0.519882,1.61469
Groningen,Hoogeveen,624,698,0.881815,-0.520965,1.34121
Sassnitz,Stralsund,625,699,0.465857,-0.520766,0.708459
Rēzekne,Velikiye Luki,627,628,3.31396,-0.519617,5.03595
Rēzekne,Daugavpils,627,702,2.14397,-0.524781,3.26909
Vladimir,Nizhny Novgorod,629,630,1.67291,-0.506797,2.52074
Nizhny Novgorod,Kazan,630,631,0.691621,-0.504762,1.04072
Kazan,Yelabuga,631,632,0.408537,-0.496254,0.611275
Yelabuga,Perm,632,633,0.230835,-0.487048,0.343262
Perm,Yekaterinburg,633,634,0.0963599,-0.483816,0.14298
Yekaterinburg,Tyumen,634,635,0.0551262,-0.472849,0.0811926
Koszalin,Słupsk,637,638,0.283905,-0.524276,0.43275
Słupsk,Gdynia,638,639,0.483,-0.526025,0.73707
Nesterov,Marijampolė,640,641,1.29556,-0.529077,1.98101
Aktobe,Karabutak,647,648,0.292791,-0.48144,0.433752
Karabutak,Aral,648,649,0.121731,-0.475491,0.179613
Aral,Novokazalinsk,649,650,0.0664353,-0.456303,0.0967499
Charleroi,Namur,651,652,1.29083,-0.516914,1.95808
St. Vith,Wittlich,653,654,1.31177,-0.519607,1.99338
Wittlich,Bingen,654,655,0.837292,-0.521006,1.27353
Bingen,Wiesbaden,655,656,1.23528,-0.522081,1.8802
Amiens,Charleville-Mézières,657,658,1.46474,-0.51603,2.2206
Trier,Koblenz,659,660,1.79428,-0.52095,2.72902
Caen,Rouen,661,662,0.991382,-0.51469,1.50164
Regensburg,Passau,667,668,1.2572,-0.516725,1.90683
Passau,Wels,668,669,1.22209,-0.514106,1.85037
Wels,Braunau am Inn,669,721,1.39611,-0.512857,2.11212
Iaşi,Sculeni,670,671,1.25234,-0.51219,1.89378
Iaşi,Bălţi,670,727,1.06318,-0.511772,1.60729
Sculeni,Chişinău,671,672,1.52892,-0.515567,2.31718
Chişinău,Giurgiuleşti,672,729,1.22678,-0.516468,1.86038
Melitopol,Taganrog,674,675,0.289122,-0.514303,0.437819
Poitiers,Mâcon,676,677,1.63666,-0.511889,2.47445
Sion,Simplon,678,679,0.236788,-0.503128,0.355923
Simplon,Gravellona Toce,679,680,0.148115,-0.496199,0.221609
Innichen,Spittal an der Drau,681,682,0.538169,-0.501404,0.808009
Klagenfurt,Loiblpass,683,734,0.8038,-0.502299,1.20755
Cuneo,Asti,685,686,0.127371,-0.496099,0.190559
Kokand,Andijan,689,690,0.0166826,-0.404048,0.0234232
Andijan,Osh,690,691,0.0217454,-0.402856,0.0305057
Kulob,Kalaikhumb,692,693,0.00309156,-0.40049,0.00432969
Kalaikhumb,Khorugh,693,694,0.00270248,-0.399372,0.00378178
Kokpek,Chundzha,695,696,0.00883326,-0.40449,0.0124062
Chundzha,Koktal,696,697,0.0066706,-0.40405,0.00936586
Stralsund,Neubrandenburg,699,700,0.680801,-0.520704,1.0353
Ukmergė,Daugavpils,701,702,2.14339,-0.52734,3.27368
Ukmergė,Panevėžys,701,705,1.985,-0.528583,3.03424
Breda,Gorinchem,706,707,0.857424,-0.519813,1.30312
Hasselt,Heerlen,708,709,1.28325,-0.520439,1.95111
Barwinek,Vyšný Komárnik,710,711,0.366625,-0.516548,0.556005
Vyšný Komárnik,Svidník,711,712,0.414351,-0.509949,0.625649
Lublin,Kovel,713,714,1.67194,-0.520915,2.54288
Olomouc,Český Těšín,716,717,0.834318,-0.514371,1.26347
Garmisch-Partenkirchen,Mittenwald,718,719,0.90209,-0.515159,1.36681
Mittenwald,Seefeld,719,720,0.568197,-0.5146,0.860591
Nyíregyháza,Chop,722,723,0.806832,-0.49904,1.20947
Dunajská Streda,Medveďov,724,725,0.561955,-0.50437,0.845388
Medveďov,Vámosszabadi,725,726,0.476911,-0.502534,0.716575
Bălţi,Mohyliv-Podilskyi,727,728,0.892889,-0.51637,1.35395
Saintes,Angoulême,730,731,0.225224,-0.508019,0.339642
St. Johann in Tirol,Lofer,732,733,0.885916,-0.513006,1.3404
Sarajevo,Užice,737,738,0.094178,-0.471894,0.13862
Užice,Čačak,738,739,0.144844,-0.473631,0.213446
Čačak,Nova Varoš,739,740,0.144591,-0.47358,0.213067
Avellino,Benevento,741,742,0.0165829,-0.46394,0.0242764
Balıkesir,Manisa,746,747,0.00311134,-0.431236,0.00445307
Warsaw,Brest-Litovsk,316,0,3.29779,-0.525403,5.03046
Brest-Litovsk,Minsk,0,318,3.29645,-0.525496,5.02873
Lyon,Mâcon,17,677,1.62923,-0.5121,2.46356
Beaune,Mâcon,395,677,2.94997,-0.513718,4.46542
