Glasgow,Preston,1,2,6.60027e-05,-0.482906,6.60027e-05
Glasgow,Edinburgh,1,13,6.60027e-05,-0.482906,6.60027e-05
Preston,Birmingham,2,3,6.60027e-05,-0.482906,6.60027e-05
Birmingham,Cambridge,3,636,6.60027e-05,-0.482906,6.60027e-05
Le Havre,Paris,4,5,2.01979,-0.515716,3.06143
Le Havre,Amiens,4,657,1.14089,-0.516694,1.73039
Paris,Orléans,5,6,2.06519,-0.512451,3.12351
Paris,Calais,5,16,1.74864,-0.515565,2.65018
Paris,Lyon,5,17,2.57276,-0.51243,3.89112
Paris,Brussels,5,326,3.10334,-0.517039,4.70789
Paris,Le Mans,5,366,1.66904,-0.513494,2.52608
Paris,Reims,5,367,1.94312,-0.516105,2.94598
Paris,Chaumont,5,665,2.82354,-0.516606,4.2822
Orléans,Bordeaux,6,7,0.969004,-0.506937,1.46023
Orléans,Tours,6,392,1.07203,-0.507387,1.61596
Orléans,Montargis,6,393,1.35148,-0.509259,2.03973
Orléans,Toulouse,6,466,1.09827,-0.505056,1.65296
Bordeaux,San Sebastián,7,8,0.525335,-0.499991,0.787997
Bordeaux,Clermont-Ferrand,7,446,1.02328,-0.502145,1.53712
Bordeaux,Toulouse,7,466,0.439245,-0.497693,0.657854
Bordeaux,Angoulême,7,731,0.593147,-0.502137,0.890989
San Sebastián,Burgos,8,9,0.252031,-0.488898,0.375248
San Sebastián,Bilbao,8,445,0.205428,-0.49038,0.306166
San Sebastián,Toulouse,8,466,0.34595,-0.495247,0.51728
Burgos,Madrid,9,10,0.13925,-0.478806,0.205924
Burgos,Valladolid,9,465,0.0929064,-0.481153,0.137609
Madrid,Seville,10,11,0.0846368,-0.470033,0.124419
Madrid,Barcelona,10,21,0.211856,-0.485439,0.314699
Madrid,Valencia,10,24,0.0955979,-0.47253,0.140771
Madrid,Lisbon,10,464,0.0865361,-0.472472,0.127422
Seville,Algeciras,11,12,0.0384398,-0.461384,0.0561753
Seville,Huelva,11,486,0.0401589,-0.460981,0.0586714
Algeciras,Málaga,12,28,0.0163402,-0.455777,0.0237877
Edinburgh,Newcastle,13,14,6.60027e-05,-0.482906,6.60027e-05
Newcastle,London,14,15,6.60027e-05,-0.482906,6.60027e-05
London,Colchester,15,305,6.60027e-05,-0.482906,6.60027e-05
Calais,Bruges,16,324,1.79307,-0.517117,2.7203
Calais,Rouen,16,662,1.17142,-0.516246,1.77616
Lyon,Orange,17,18,1.12608,-0.506193,1.69609
Lyon,Clermont-Ferrand,17,446,1.26098,-0.506402,1.89955
Lyon,Chambéry,17,447,1.15057,-0.509706,1.73703
Orange,Narbonne,18,19,0.502144,-0.504202,0.755326
Orange,Marseille,18,736,0.487203,-0.507352,0.734386
Narbonne,Girona,19,20,0.267751,-0.498407,0.401199
Girona,Barcelona,20,21,0.300255,-0.491429,0.447808
Barcelona,Tarragona,21,22,0.186598,-0.486937,0.27746
Barcelona,Toulouse,21,466,0.557024,-0.493131,0.831709
Tarragona,Castellón de la Plana,22,23,0.0867108,-0.481074,0.128425
Castellón de la Plana,Valencia,23,24,0.0702521,-0.472542,0.103449
Valencia,Alicante,24,25,0.0495572,-0.465424,0.0726223
Alicante,Murcia,25,26,0.0204521,-0.460302,0.0298662
Murcia,Almería,26,27,0.0101753,-0.453901,0.0147938
Almería,Málaga,27,28,0.00913553,-0.451226,0.0132577
Hook of Holland,Rotterdam,29,30,0.592189,-0.521044,0.900746
Hook of Holland,The Hague,29,307,0.319653,-0.521375,0.486312
Rotterdam,Eindhoven,30,31,1.48184,-0.520852,2.25366
Eindhoven,Maastricht,31,32,1.59884,-0.520663,2.43129
Eindhoven,Antwerp,31,505,2.65055,-0.519076,4.02639
Eindhoven,Venlo,31,643,2.04077,-0.521381,3.1048
Eindhoven,Breda,31,706,1.49775,-0.520863,2.27787
Maastricht,Liège,32,33,1.99324,-0.520931,3.03158
Liège,Bastogne,33,34,1.86201,-0.521043,2.8322
Liège,Leuven,33,327,3.02997,-0.52078,4.60792
Liège,Eupen,33,328,1.95196,-0.521935,2.97076
Liège,Antwerp,33,505,3.34681,-0.518826,5.08322
Liège,Namur,33,652,2.0682,-0.520399,3.14448
Liège,St. Vith,33,653,1.70214,-0.52109,2.5891
Liège,Charleville-Mézières,33,658,2.20485,-0.520249,3.35191
Bastogne,Arlon,34,35,1.12527,-0.521361,1.71194
Arlon,Luxembourg,35,36,1.56187,-0.520993,2.3756
Luxembourg,Metz,36,37,2.5648,-0.519496,3.8972
Luxembourg,St. Vith,36,653,1.89679,-0.52162,2.8862
Luxembourg,Charleville-Mézières,36,658,1.43974,-0.518701,2.18653
Luxembourg,Trier,36,659,1.87047,-0.521865,2.8466
Metz,Saint-Avold,37,38,3.06754,-0.518631,4.65847
Metz,Lausanne,37,44,2.521,-0.51778,3.82633
Metz,Geneva,37,45,2.7058,-0.515484,4.1006
Metz,Brussels,37,326,3.51113,-0.518888,5.33301
Metz,Reims,37,367,2.5193,-0.512277,3.80988
Metz,Saarbrücken,37,368,2.94327,-0.520506,4.47527
Saint-Avold,Strasbourg,38,39,2.33574,-0.519636,3.54948
Strasbourg,Mulhouse,39,40,2.95296,-0.520768,4.49077
Strasbourg,Appenweier,39,664,2.23024,-0.521217,3.39268
Mulhouse,Basel,40,41,2.82104,-0.51999,4.28795
Mulhouse,Belfort,40,398,2.11173,-0.519076,3.20788
Mulhouse,Chaumont,40,665,2.66627,-0.518892,4.04977
Basel,Olten,41,42,1.68095,-0.519385,2.55401
Basel,Offenburg,41,61,2.41935,-0.520902,3.6796
Basel,Zürich,41,399,1.97288,-0.519967,2.99871
Basel,Waldshut,41,666,2.32538,-0.519626,3.5337
Olten,Bern,42,43,1.6798,-0.514812,2.54458
Olten,Lucerne,42,62,1.05197,-0.518083,1.59698
Bern,Lausanne,43,44,1.37786,-0.516563,2.08961
Bern,Belfort,43,398,1.73777,-0.518812,2.63934
Bern,Martigny,43,506,0.950653,-0.514122,1.4394
Lausanne,Geneva,44,45,1.042,-0.510681,1.57412
Lausanne,Martigny,44,506,0.820088,-0.513915,1.24154
Geneva,Mont Blanc,45,46,1.16182,-0.5106,1.75505
Geneva,Chambéry,45,447,1.28028,-0.508547,1.93136
Geneva,Mâcon,45,677,2.05944,-0.512726,3.11536
Mont Blanc,Aosta,46,47,0.673793,-0.507867,1.01599
Aosta,Ivrea,47,48,0.565185,-0.49886,0.847133
Aosta,Martigny,47,506,0.779841,-0.504454,1.17323
Ivrea,Vercelli,48,49,0.219199,-0.493621,0.327401
Ivrea,Turin,48,449,0.323269,-0.492856,0.482594
Vercelli,Alessandria,49,50,0.173019,-0.485183,0.256965
Alessandria,Genoa,50,51,0.206171,-0.476156,0.30434
Alessandria,Turin,50,449,0.220908,-0.487022,0.328496
Alessandria,Tortona,50,450,0.147182,-0.477641,0.217482
Alessandria,Asti,50,686,0.192897,-0.480165,0.285519
Genoa,Rome,51,74,0.379089,-0.464157,0.555047
Genoa,Tortona,51,450,0.223217,-0.469639,0.328049
Genoa,Nice,51,467,0.347944,-0.480666,0.515189
Amsterdam,Utrecht,52,53,1.35874,-0.521195,2.06691
Amsterdam,Amersfoort,52,309,0.790385,-0.520678,1.20192
Amsterdam,Brussels,52,326,3.32552,-0.51963,5.05356
Amsterdam,Groningen,52,624,1.42124,-0.521616,2.16259
Utrecht,Arnhem,53,54,1.03684,-0.522266,1.57835
Utrecht,Gouda,53,308,0.838165,-0.521783,1.27551
Utrecht,Amersfoort,53,309,0.781348,-0.521999,1.18921
Utrecht,Gorinchem,53,707,0.992267,-0.521667,1.5099
Arnhem,Emmerich,54,55,0.946383,-0.523187,1.44152
Emmerich,Oberhausen,55,56,1.8462,-0.523563,2.8128
Oberhausen,Cologne,56,57,3.18279,-0.523915,4.85029
Oberhausen,Dortmund,56,508,2.2359,-0.523596,3.40661
Oberhausen,Venlo,56,643,2.09353,-0.522677,3.18778
Cologne,Frankfurt am Main,57,58,3.71799,-0.52443,5.66782
Cologne,Aachen,57,329,3.25615,-0.524445,4.96382
Cologne,Olpe,57,330,2.29775,-0.524502,3.50293
Cologne,Bremen,57,507,3.36619,-0.523732,5.12918
Frankfurt am Main,Heidelberg,58,59,3.33679,-0.524524,5.08702
Frankfurt am Main,Gießen,58,332,2.37412,-0.524852,3.62018
Frankfurt am Main,Mannheim,58,369,3.83873,-0.524343,5.85154
Frankfurt am Main,Aschaffenburg,58,509,2.77342,-0.524093,4.22694
Frankfurt am Main,Wiesbaden,58,656,2.72716,-0.524893,4.15862
Heidelberg,Karlsruhe,59,60,2.8057,-0.523614,4.27481
Karlsruhe,Offenburg,60,61,2.38749,-0.521732,3.63312
Karlsruhe,Stuttgart,60,510,3.33362,-0.521896,5.07342
Karlsruhe,Appenweier,60,664,2.55188,-0.522328,3.88479
Lucerne,Altdorf,62,63,0.774084,-0.519157,1.17596
Altdorf,Gotthard Pass,63,64,0.542607,-0.51927,0.824366
Altdorf,Zürich,63,399,1.02026,-0.519264,1.55005
Gotthard Pass,Bellinzona,64,65,0.271632,-0.518101,0.412365
Bellinzona,Lugano,65,66,0.135177,-0.512386,0.20444
Bellinzona,San Bernardino,65,516,0.152191,-0.515948,0.230714
Lugano,Chiasso,66,67,0.0812715,-0.49655,0.121627
Chiasso,Como,67,68,0.108077,-0.479102,0.159857
Como,Milan,68,69,0.238442,-0.475063,0.351717
Milan,Piacenza,69,70,0.272444,-0.471607,0.400931
Milan,Turin,69,449,0.338275,-0.483922,0.501974
Milan,Tortona,69,450,0.194346,-0.473729,0.286413
Milan,Brescia,69,451,0.240403,-0.470924,0.353614
Milan,Gravellona Toce,69,680,0.263721,-0.478346,0.38987
Piacenza,Parma,70,71,0.19517,-0.465457,0.286014
Parma,Modena,71,72,0.299583,-0.462582,0.438164
Modena,Florence,72,73,0.341922,-0.457961,0.498509
Modena,Verona,72,94,0.403405,-0.462069,0.589805
Modena,Bologna,72,95,0.333426,-0.457364,0.485923
Florence,Rome,73,74,0.30785,-0.457772,0.448775
Rome,Pescara,74,125,0.300429,-0.456151,0.437469
Östersund,Mora,75,76,0.0252556,-0.344585,0.0339583
Östersund,Trondheim,75,493,0.0300929,-0.344589,0.0404626
Östersund,Sundsvall,75,610,0.0314118,-0.343869,0.0422133
Mora,Säffle,76,77,0.018495,-0.345134,0.0248783
Säffle,Gothenburg,77,78,0.0245009,-0.345548,0.0329671
Gothenburg,Halmstad,78,300,0.0234866,-0.345685,0.0316055
Gothenburg,Örebro,78,301,0.0253412,-0.34555,0.0340978
Gothenburg,Oslo,78,489,0.0215498,-0.34574,0.0290005
Hamburg,Hanover,79,80,2.05415,-0.522102,3.12663
Hamburg,Berlin,79,108,2.22341,-0.521104,3.38203
Hamburg,Bremen,79,507,2.5823,-0.522855,3.93247
Hamburg,Lübeck,79,517,1.17218,-0.521802,1.78383
Hanover,Göttingen,80,81,1.43571,-0.523093,2.18672
Hanover,Bad Oeynhausen,80,312,1.64806,-0.523053,2.51008
Hanover,Braunschweig,80,313,1.5112,-0.521498,2.29928
Göttingen,Kassel,81,82,1.30453,-0.523681,1.98769
Kassel,Fulda,82,83,1.76483,-0.52385,2.68933
Kassel,Dortmund,82,508,2.04594,-0.523883,3.11778
Fulda,Würzburg,83,84,2.55674,-0.523543,3.89531
Würzburg,Nuremberg,84,85,3.79043,-0.522156,5.76962
Würzburg,Aschaffenburg,84,509,3.36791,-0.523695,5.13167
Würzburg,Stuttgart,84,510,2.68174,-0.523187,4.08479
Würzburg,Ulm,84,512,1.72232,-0.521401,2.62033
Nuremberg,Munich,85,86,3.14549,-0.518269,4.77569
Nuremberg,Heilbronn,85,370,3.40613,-0.522201,5.18482
Nuremberg,Rozvadov,85,371,2.63983,-0.519576,4.01142
Nuremberg,Bayreuth,85,529,3.54783,-0.520091,5.39302
Nuremberg,Regensburg,85,667,2.51104,-0.51973,3.81611
Munich,Rosenheim,86,87,2.21499,-0.515098,3.35593
Munich,Salzburg,86,115,2.6222,-0.514273,3.97072
Munich,Ulm,86,512,2.26173,-0.518087,3.4335
Munich,Lindau,86,513,2.45598,-0.515807,3.72278
Munich,Deggendorf,86,531,2.45082,-0.516907,3.71767
Munich,Garmisch-Partenkirchen,86,718,2.15125,-0.515841,3.26095
Munich,Braunau am Inn,86,721,1.91294,-0.51554,2.89914
Rosenheim,Wörgl,87,88,1.46363,-0.514424,2.21655
Rosenheim,Bad Reichenhall,87,407,1.16411,-0.514145,1.76264
Wörgl,Innsbruck,88,89,1.37937,-0.512831,2.08676
Wörgl,St. Johann in Tirol,88,732,1.03729,-0.513307,1.56973
Innsbruck,Brenner,89,90,0.796204,-0.510716,1.20284
Innsbruck,Telfs,89,405,0.703281,-0.512323,1.06359
Innsbruck,Imst,89,406,0.718854,-0.512384,1.08718
Innsbruck,Seefeld,89,720,0.828724,-0.512347,1.25332
Brenner,Fortezza,90,91,0.475862,-0.506704,0.716983
Fortezza,Bolzano,91,92,0.306065,-0.497583,0.458357
Fortezza,Innichen,91,681,0.412647,-0.50401,0.620625
Bolzano,Trento,92,93,0.222353,-0.479553,0.328983
Trento,Verona,93,94,0.351901,-0.466117,0.515928
Verona,Mestre,94,120,0.494408,-0.463839,0.723734
Verona,Brescia,94,451,0.369293,-0.464489,0.540825
Bologna,Cesena,95,96,0.282678,-0.455181,0.411347
Cesena,Perugia,96,97,0.195898,-0.454113,0.284858
Cesena,Ravenna,96,121,0.297213,-0.458147,0.43338
Cesena,Rimini,96,122,0.202749,-0.453864,0.29477
Perugia,Fiano Romano,97,98,0.0804468,-0.452549,0.116853
Fiano Romano,Naples,98,99,0.0378077,-0.450674,0.0548467
Naples,Salerno,99,100,0.0100304,-0.448875,0.0145327
Naples,Avellino,99,741,0.0149356,-0.447596,0.0216208
Salerno,Sicignano degli Alburni,100,101,0.0057905,-0.444572,0.00836479
Salerno,Avellino,100,741,0.00757983,-0.444409,0.0109484
Sicignano degli Alburni,Potenza,101,743,0.00305929,-0.44204,0.00441161
Messina,Catania,102,103,6.60027e-05,-0.482906,6.60027e-05
Messina,Palermo,102,474,6.60027e-05,-0.482906,6.60027e-05
Catania,Siracusa,103,104,6.60027e-05,-0.482906,6.60027e-05
Siracusa,Gela,104,105,6.60027e-05,-0.482906,6.60027e-05
Gela,Mazara del Vallo,105,473,6.60027e-05,-0.482906,6.60027e-05
Helsingborg,Copenhagen,299,106,0.00523262,-0.34563,0.00704117
Copenhagen,Malmö,106,135,0.00267856,-0.345444,0.00360385
Rostock,Berlin,107,108,1.66219,-0.520271,2.52697
Rostock,Lübeck,107,517,0.83669,-0.52092,1.27254
Rostock,Sassnitz,107,625,0.702637,-0.520286,1.06821
Berlin,Lübbenau,108,109,2.48483,-0.519872,3.77663
Berlin,Szczecin,108,137,1.97038,-0.520238,2.99545
Berlin,Świebodzin,108,139,2.36133,-0.520825,3.59117
Berlin,Magdeburg,108,314,2.49305,-0.52029,3.79016
Berlin,Leipzig,108,526,2.19429,-0.519827,3.33494
Berlin,Neubrandenburg,108,700,1.53284,-0.520245,2.33029
Lübbenau,Dresden,109,110,1.82415,-0.519312,2.77146
Lübbenau,Cottbus,109,644,1.35693,-0.519632,2.06204
Dresden,Ústí nad Labem,110,111,1.84665,-0.51774,2.80273
Dresden,Chemnitz,110,337,2.07725,-0.518901,3.15514
Dresden,Görlitz,110,338,1.33463,-0.519051,2.02738
Ústí nad Labem,Prague,111,112,2.06412,-0.516001,3.1292
Prague,Tábor,112,113,1.97973,-0.513729,2.99677
Prague,Mladá Boleslav,112,146,1.16231,-0.515635,1.76164
Prague,Jihlava,112,147,1.99768,-0.513187,3.02286
Prague,Plzeň,112,372,2.24703,-0.515154,3.4046
Prague,Karlovy Vary,112,523,1.38938,-0.515927,2.10619
Prague,Hradec Králové,112,551,1.50473,-0.515122,2.27985
Tábor,Linz,113,114,1.74181,-0.513191,2.63569
Linz,Salzburg,114,115,1.82949,-0.51244,2.767
Linz,Sattledt,114,408,0.741576,-0.512234,1.12144
Linz,Sankt Pölten,114,409,1.72842,-0.511399,2.61233
Linz,Wels,114,669,1.31695,-0.513232,1.99286
Salzburg,Villach,115,116,2.67891,-0.509031,4.04256
Salzburg,Bad Reichenhall,115,407,1.40569,-0.51253,2.12615
Salzburg,Sattledt,115,408,1.4701,-0.510224,2.22018
Salzburg,Lofer,115,733,1.68103,-0.512748,2.54297
Villach,Tarvisio,116,117,1.36237,-0.504921,2.05027
Villach,Karavanke Tunnel,116,537,1.16401,-0.502905,1.7494
Villach,Spittal an der Drau,116,682,1.34097,-0.505979,2.01948
Villach,Klagenfurt,116,683,1.42459,-0.504414,2.14317
Tarvisio,Udine,117,118,0.639715,-0.499441,0.959214
Udine,Palmanova,118,119,0.556055,-0.486892,0.826794
Palmanova,Mestre,119,120,0.603743,-0.474544,0.890245
Palmanova,Trieste,119,452,0.639039,-0.482399,0.947311
Mestre,Ravenna,120,121,0.377491,-0.463978,0.552638
Rimini,Fano,122,123,0.100271,-0.451712,0.145565
Fano,Ancona,123,124,0.0883801,-0.450476,0.128193
Ancona,Pescara,124,125,0.156115,-0.451877,0.22666
Pescara,Canosa di Puglia,125,126,0.168925,-0.451438,0.245184
Canosa di Puglia,Bari,126,127,0.0542532,-0.44813,0.0785657
Canosa di Puglia,Benevento,126,742,0.055829,-0.448383,0.0808618
Bari,Brindisi,127,128,0.0145741,-0.44626,0.0210779
Bari,Taranto,127,476,0.0138152,-0.446106,0.0199782
Brindisi,Taranto,128,476,0.00338687,-0.44301,0.00488729
Igoumenitsa,Preveza,129,130,0.00795464,-0.407423,0.0111955
Igoumenitsa,Ioannina,129,477,0.0183975,-0.409644,0.0259339
Preveza,Rhion,130,131,0.00399361,-0.404164,0.00560768
Rhion,Patras,131,132,0.00144714,-0.399176,0.0020248
Rhion,Aigio,131,175,0.00144714,-0.399176,0.0020248
Patras,Pyrgos,132,133,0.000627999,-0.395138,0.000876146
Pyrgos,Kalamata,133,134,0.000305154,-0.389706,0.000424074
Kalamata,Tripoli,134,177,0.000220148,-0.386129,0.000305154
Malmö,Helsingborg,135,299,0.00720372,-0.345584,0.00969321
Malmö,Kalmar,135,626,0.00685596,-0.34542,0.00922415
Goleniów,Szczecin,136,137,0.839295,-0.520345,1.27602
Goleniów,Koszalin,136,637,0.362285,-0.521147,0.551089
Szczecin,Gorzów Wielkopolski,137,138,0.894599,-0.520628,1.36035
Gorzów Wielkopolski,Świebodzin,138,139,1.07591,-0.52141,1.6369
Świebodzin,Zielona Góra,139,140,1.42281,-0.521448,2.16474
Świebodzin,Poznań,139,315,2.25981,-0.522955,3.44159
Zielona Góra,Legnica,140,141,1.42686,-0.521534,2.17102
Legnica,Jelenia Góra,141,142,1.27493,-0.520228,1.93818
Legnica,Görlitz,141,338,1.41357,-0.519899,2.14848
Legnica,Wrocław,141,339,2.1508,-0.520446,3.27018
Legnica,Cottbus,141,644,1.4151,-0.519936,2.15087
Jelenia Góra,Harrachov,142,143,0.548869,-0.519705,0.834119
Harrachov,Železný Brod,143,144,0.393311,-0.518284,0.597158
Železný Brod,Turnov,144,145,0.645447,-0.517002,0.979145
Turnov,Mladá Boleslav,145,146,0.683933,-0.516112,1.03692
Turnov,Hradec Králové,145,551,0.965392,-0.516019,1.46355
Turnov,Teplice,145,715,0.835186,-0.516972,1.26695
Jihlava,Brno,147,148,1.00741,-0.511559,1.52275
Jihlava,Vienna,147,410,1.62159,-0.511327,2.45076
Brno,Bratislava,148,149,1.4116,-0.509219,2.13041
Brno,Trenčín,148,373,1.40122,-0.511109,2.1174
Brno,Vienna,148,410,1.61002,-0.509167,2.42979
Brno,Olomouc,148,716,1.41767,-0.512466,2.14417
Bratislava,Rajka,149,150,1.50899,-0.507976,2.27553
Bratislava,Žilina,149,195,1.60959,-0.511363,2.43267
Bratislava,Győr,149,196,1.52406,-0.503124,2.29085
Bratislava,Vienna,149,410,2.10537,-0.504626,3.16779
Bratislava,Zvolen,149,568,2.11762,-0.509622,3.1968
Bratislava,Dunajská Streda,149,724,1.29601,-0.508114,1.95453
Rajka,Csorna,150,151,0.597705,-0.507693,0.901156
Csorna,Szombathely,151,152,0.293317,-0.504461,0.441284
Szombathely,Zalaegerszeg,152,153,0.284863,-0.496926,0.426419
Zalaegerszeg,Nagykanizsa,153,154,0.559521,-0.492859,0.835286
Nagykanizsa,Letenye,154,155,0.347817,-0.49201,0.518946
Nagykanizsa,Zagreb,154,156,0.754858,-0.489893,1.12466
Nagykanizsa,Balatonvilágos,154,553,1.10922,-0.493168,1.65625
Letenye,Zagreb,155,156,0.407042,-0.488084,0.605712
Zagreb,Karlovac,156,157,0.596291,-0.487686,0.887093
Zagreb,Ljubljana,156,454,0.580093,-0.489295,0.863929
Zagreb,Slavonski Brod,156,455,0.65292,-0.480171,0.966433
Zagreb,Maribor,156,535,0.702295,-0.492887,1.04845
Karlovac,Rijeka,157,158,0.263202,-0.485704,0.39104
Karlovac,Knin,157,554,0.211311,-0.485834,0.313973
Rijeka,Split,158,159,0.177278,-0.483451,0.262984
Rijeka,Trieste,158,452,0.451444,-0.485288,0.670524
Split,Dubrovnik,159,160,0.126197,-0.476753,0.186362
Split,Knin,159,554,0.125387,-0.482738,0.185916
Dubrovnik,Petrovac,160,161,0.0407753,-0.470137,0.0599453
Dubrovnik,Podgorica,160,162,0.0894479,-0.463354,0.130894
Petrovac,Podgorica,161,162,0.0584912,-0.457523,0.0852522
Petrovac,Prizren,161,744,0.0536388,-0.457943,0.0782023
Podgorica,Bijelo Polje,162,163,0.0898615,-0.458235,0.131039
Podgorica,Pristina,162,164,0.124019,-0.457032,0.180699
Podgorica,Sarajevo,162,737,0.154656,-0.458769,0.225608
Bijelo Polje,Pristina,163,164,0.124843,-0.456946,0.18189
Bijelo Polje,Nova Varoš,163,740,0.136526,-0.459828,0.199305
Pristina,Skopje,164,165,0.166636,-0.4537,0.242238
Pristina,Niš,164,202,0.331573,-0.459207,0.483834
Pristina,Prizren,164,744,0.102577,-0.456349,0.149387
Skopje,Kičevo,165,166,0.11285,-0.449933,0.163625
Skopje,Kumanovo,165,203,0.163406,-0.453507,0.237512
Skopje,Veles,165,204,0.118791,-0.448036,0.172013
Kičevo,Ohrid,166,167,0.0464084,-0.447286,0.0671663
Ohrid,Bitola,167,168,0.0214827,-0.440676,0.0309495
Bitola,Niki,168,169,0.0154906,-0.42603,0.0220901
Niki,Vevi,169,170,0.0226976,-0.414857,0.0321139
Vevi,Kozani,170,171,0.0487371,-0.412901,0.0688607
Kozani,Larissa,171,172,0.032964,-0.412685,0.0465678
Kozani,Thessaloniki,171,207,0.108227,-0.41514,0.153157
Kozani,Ioannina,171,477,0.0401193,-0.412314,0.056661
Larissa,Domokos,172,173,0.0146089,-0.411649,0.0206226
Larissa,Lamia,172,174,0.0146089,-0.411649,0.0206226
Larissa,Katerini,172,208,0.0420052,-0.413682,0.059382
Larissa,Trikala,172,687,0.0207732,-0.411012,0.0293113
Domokos,Lamia,173,174,6.60027e-05,-0.482906,3.30013e-05
Aigio,Corinth,175,176,0.000627999,-0.395138,0.000876146
Corinth,Tripoli,176,177,0.000305154,-0.389706,0.000424074
Varangerbotn,Utsjoki,178,179,0.0667112,-0.495075,0.0997382
Varangerbotn,Kirkenes,178,243,0.17322,-0.522911,0.263798
Varangerbotn,Karasjok,178,502,0.0666229,-0.495496,0.0996342
Utsjoki,Inari,179,180,0.0261152,-0.49771,0.039113
Inari,Ivalo,180,181,0.0115149,-0.487066,0.0171234
Ivalo,Sodankylä,181,182,0.00813165,-0.444987,0.0117501
Sodankylä,Rovaniemi,182,183,0.00842102,-0.388788,0.011695
Sodankylä,Kemijärvi,182,539,0.00549116,-0.402265,0.00770006
Rovaniemi,Kemi,183,184,0.0115011,-0.371899,0.0157784
Kemi,Oulu,184,185,0.0172295,-0.379142,0.0237619
Kemi,Tornio,184,614,0.0117236,-0.36369,0.0159874
Oulu,Jyväskylä,185,186,0.0175599,-0.402183,0.0246222
Oulu,Kokkola,185,615,0.0132715,-0.39859,0.0185614
Jyväskylä,Heinola,186,187,0.024273,-0.43802,0.0349051
Jyväskylä,Kuopio,186,544,0.0172363,-0.412311,0.024343
Jyväskylä,Tampere,186,545,0.0236873,-0.429626,0.033864
Heinola,Lahti,187,188,0.028432,-0.477788,0.0420164
Lahti,Helsinki,188,189,0.0597598,-0.501132,0.0897073
Helsinki,Hämeenlinna,189,618,0.0602952,-0.500798,0.0904909
Helsinki,Kotka,189,621,0.169728,-0.521766,0.258286
Gdańsk,Świecie,190,191,1.75898,-0.526949,2.68588
Gdańsk,Kaliningrad,190,563,1.36527,-0.529705,2.08846
Gdańsk,Elbląg,190,564,1.50917,-0.527409,2.30512
Gdańsk,Gdynia,190,639,1.07834,-0.527817,1.64751
Świecie,Łódź,191,192,1.24041,-0.525395,1.89212
Świecie,Poznań,191,315,1.6539,-0.525555,2.52312
Łódź,Piotrków Trybunalski,192,193,1.42134,-0.525281,2.16794
Piotrków Trybunalski,Katowice,193,194,1.67681,-0.523503,2.55462
Piotrków Trybunalski,Warsaw,193,316,2.45661,-0.526962,3.75115
Piotrków Trybunalski,Wrocław,193,339,1.69412,-0.523556,2.58109
Katowice,Žilina,194,195,1.36405,-0.518175,2.07086
Katowice,Zabrze,194,342,1.20794,-0.521212,1.83753
Katowice,Kraków,194,343,1.85498,-0.521465,2.82229
Katowice,Český Těšín,194,717,0.957528,-0.520178,1.45561
Žilina,Olomouc,195,716,0.81379,-0.514266,1.23229
Győr,Budapest,196,197,2.10436,-0.501024,3.15869
Győr,Vámosszabadi,196,726,0.9608,-0.503717,1.44477
Budapest,Szeged,197,198,2.15057,-0.490964,3.20642
Budapest,Mosonmagyaróvár,197,412,2.23387,-0.499563,3.34982
Budapest,Szolnok,197,413,2.14683,-0.493096,3.20542
Budapest,Miskolc,197,552,2.22043,-0.498255,3.32677
Budapest,Balatonvilágos,197,553,1.9268,-0.494025,2.87868
Budapest,Szekszárd,197,555,1.75529,-0.494549,2.62337
Budapest,Zvolen,197,568,2.06388,-0.500782,3.09743
Szeged,Subotica,198,199,1.25813,-0.489254,1.87368
Szeged,Arad,198,684,1.52508,-0.482708,2.26125
Subotica,Novi Sad,199,200,0.71646,-0.482111,1.06187
Subotica,Sombor,199,735,0.661615,-0.487461,0.984126
Novi Sad,Belgrade,200,201,0.683135,-0.474843,1.00752
Belgrade,Niš,201,202,0.566713,-0.467124,0.831438
Belgrade,Slavonski Brod,201,455,0.612172,-0.475065,0.902993
Belgrade,Vršac,201,456,0.554494,-0.470378,0.815315
Belgrade,Čačak,201,739,0.488352,-0.467885,0.716845
Niš,Kumanovo,202,203,0.237739,-0.460556,0.347231
Niš,Drobeta-Turnu Severin,202,458,0.548308,-0.465643,0.803624
Niš,Sofia,202,468,0.399099,-0.450636,0.578947
Kumanovo,Kyustendil,203,745,0.148988,-0.451603,0.216271
Veles,Gevgelija,204,205,0.0631849,-0.438221,0.0908739
Gevgelija,Evzoni,205,206,0.0629571,-0.42345,0.0896163
Evzoni,Thessaloniki,206,207,0.116048,-0.417269,0.164471
Thessaloniki,Katerini,207,208,0.0784596,-0.415893,0.11109
Thessaloniki,Alexandroupoli,207,233,0.163267,-0.41446,0.230935
Thessaloniki,Serres,207,577,0.140936,-0.42196,0.200405
Klaipėda,Kaunas,209,210,2.03429,-0.53366,3.11991
Klaipėda,Palanga,209,704,1.19398,-0.534499,1.83216
Kaunas,Vilnius,210,211,2.25672,-0.533382,3.46041
Kaunas,Warsaw,210,316,4.31927,-0.531048,6.61301
Kaunas,Riga,210,547,2.97217,-0.532965,4.55624
Kaunas,Ukmergė,210,701,1.89783,-0.533439,2.91021
Vilnius,Lida,211,212,2.11144,-0.533804,3.23853
Vilnius,Minsk,211,318,4.26899,-0.531823,6.53934
Vilnius,Marijampolė,211,641,2.21729,-0.534022,3.40137
Vilnius,Ukmergė,211,701,2.21952,-0.534006,3.40476
Lida,Slonim,212,213,0.82519,-0.533697,1.26559
Slonim,Kobryn,213,214,0.419747,-0.529963,0.642197
Kobryn,Dubno,214,215,0.459204,-0.521997,0.698907
Dubno,Ternopil,215,216,0.978066,-0.518108,1.48481
Ternopil,Chernivtsi,216,217,1.09571,-0.515503,1.66055
Ternopil,Stryj,216,379,1.55183,-0.514761,2.35065
Ternopil,Khmelnytskyi,216,380,1.39523,-0.520099,2.12089
Chernivtsi,Siret,217,218,0.810687,-0.509808,1.22398
Siret,Suceava,218,219,1.35225,-0.505128,2.03531
Suceava,Roman,219,220,1.32445,-0.502955,1.99058
Suceava,Halmeu,219,578,2.03893,-0.501896,3.06226
Suceava,Iaşi,219,670,1.80426,-0.506606,2.7183
Roman,Urziceni,220,221,0.721222,-0.498811,1.08098
Urziceni,Bucharest,221,222,0.488486,-0.488026,0.726881
Urziceni,Slobozia,221,421,0.407162,-0.4951,0.608748
Bucharest,Giurgiu,222,223,0.243155,-0.476546,0.35903
Bucharest,Ploieşti,222,420,0.219746,-0.479585,0.325132
Bucharest,Constanţa,222,423,0.330303,-0.483353,0.489956
Bucharest,Alexandria,222,460,0.251731,-0.475929,0.371537
Bucharest,Piteşti,222,583,0.274346,-0.477125,0.405244
Giurgiu,Ruse,223,224,0.124779,-0.470916,0.183539
Ruse,Byala,224,225,0.06392,-0.461046,0.0933901
Ruse,Razgrad,224,461,0.0595756,-0.462626,0.0871368
Byala,Veliko Tarnovo,225,226,0.0495728,-0.454409,0.0720992
Byala,Pleven,225,584,0.0483339,-0.451032,0.070134
Veliko Tarnovo,Stara Zagora,226,227,0.0556756,-0.45232,0.0808588
Veliko Tarnovo,Shumen,226,462,0.0543451,-0.45907,0.0792934
Stara Zagora,Haskovo,227,228,0.0334346,-0.449247,0.0484549
Stara Zagora,Burgas,227,590,0.0495482,-0.458683,0.0722751
Haskovo,Svilengrad,228,229,0.0156158,-0.440072,0.022488
Svilengrad,Ormenio,229,230,0.0115413,-0.424479,0.0164404
Ormenio,Kastanies,230,231,0.0172649,-0.414185,0.0244158
Kastanies,Didymoteicho,231,232,0.0372903,-0.412236,0.0526627
Didymoteicho,Alexandroupoli,232,233,0.0880605,-0.412666,0.1244
Alexandroupoli,Gelibolu,233,478,0.109967,-0.412434,0.155322
Saint Petersburg,Pskov,234,235,4.15782,-0.529115,6.35779
Saint Petersburg,Moscow,234,239,7.72773,-0.523942,11.7766
Saint Petersburg,Petrozavodsk,234,245,2.64554,-0.526541,4.03852
Saint Petersburg,Narva,234,304,3.13977,-0.528576,4.79938
Saint Petersburg,Vyborg,234,623,2.64554,-0.526535,4.0385
Pskov,Gomel,235,236,5.52082,-0.530926,8.45197
Pskov,Riga,235,547,3.98398,-0.531807,6.10268
Gomel,Kiev,236,237,7.61493,-0.527701,11.6333
Gomel,Babruysk,236,703,4.61641,-0.530883,7.06718
Kiev,Odessa,237,238,5.45678,-0.522073,8.30562
Kiev,Hlukhiv,237,242,6.67862,-0.523124,10.1724
Kiev,Kharkiv,237,247,6.48484,-0.520654,9.8612
Kiev,Rivne,237,348,4.8376,-0.52466,7.37569
Kiev,Zhytomyr,237,349,3.85248,-0.524548,5.87329
Odessa,Izmail,238,586,1.80735,-0.520288,2.74769
Odessa,Chişinău,238,672,2.13931,-0.519989,3.25173
Odessa,Mykolaiv,238,673,2.108,-0.52127,3.20683
Moscow,Kaluga,239,240,5.43561,-0.522044,8.27324
Moscow,Orel,239,246,5.79087,-0.520627,8.80575
Moscow,Voronezh,239,248,5.99381,-0.513937,9.07424
Moscow,Tambov,239,256,5.18671,-0.514171,7.85356
Moscow,Smolensk,239,319,5.97873,-0.525363,9.11973
Moscow,Ryazan,239,320,4.44058,-0.513981,6.72295
Moscow,Velikiye Luki,239,628,5.238,-0.522739,7.97611
Moscow,Vladimir,239,629,4.53643,-0.513274,6.86486
Kaluga,Bryansk,240,241,3.00259,-0.523847,4.57549
Bryansk,Hlukhiv,241,242,3.71536,-0.524498,5.66406
Hlukhiv,Kursk,242,645,3.952,-0.52345,6.02067
Kirkenes,Murmansk,243,244,0.380968,-0.527612,0.581971
Murmansk,Petrozavodsk,244,245,0.990722,-0.527426,1.51325
Orel,Kharkiv,246,247,4.37025,-0.520353,6.64432
Kharkiv,Luhansk,247,350,3.51921,-0.521262,5.35363
Voronezh,Novorossiysk,248,249,3.83676,-0.506783,5.78116
Voronezh,Kursk,248,645,3.79468,-0.519117,5.76457
Voronezh,Saratov,248,646,3.11596,-0.506122,4.69301
Novorossiysk,Dzhankoy,249,601,1.54696,-0.511648,2.33845
Novorossiysk,Sochi,249,602,1.5014,-0.511359,2.26915
Mineralnye Vody,Nalchik,250,251,0.193728,-0.501629,0.290908
Mineralnye Vody,Makhachkala,250,260,0.434637,-0.500629,0.652229
Mineralnye Vody,Armavir,250,387,0.230104,-0.504166,0.346115
Nalchik,Vladikavkaz,251,252,0.0740783,-0.501348,0.111217
Vladikavkaz,Stepantsminda,252,253,0.0287067,-0.500757,0.0430818
Stepantsminda,Mtskheta,253,254,0.0120853,-0.499254,0.018119
Mtskheta,Tbilisi,254,255,0.00753124,-0.496724,0.0112722
Tbilisi,Gori,255,428,0.00487059,-0.49679,0.00729025
Tbilisi,Rustavi,255,429,0.00705236,-0.496422,0.0105533
Tambov,Povorino,256,257,2.35589,-0.515765,3.57098
Povorino,Volgograd,257,258,1.95525,-0.51515,2.9625
Volgograd,Astrakhan,258,259,2.07856,-0.507962,3.1344
Volgograd,Luhansk,258,350,2.29747,-0.517807,3.48712
Astrakhan,Makhachkala,259,260,1.33602,-0.500306,2.00443
Astrakhan,Atyrau,259,265,1.73588,-0.491307,2.58873
Makhachkala,Kuba,260,261,0.428198,-0.500302,0.642426
Kuba,Baku,261,262,0.163592,-0.500226,0.245425
Baku,Yevlakh,262,431,0.0626519,-0.500151,0.0939872
Samara,Oral,263,264,1.40979,-0.47183,2.07498
Samara,Penza,263,321,1.3339,-0.490051,1.98758
Samara,Ufa,263,322,1.01508,-0.466754,1.48887
Oral,Atyrau,264,265,1.49208,-0.466643,2.18835
Oral,Saratov,264,646,2.0424,-0.492152,3.04757
Oral,Aktobe,264,647,1.01408,-0.470524,1.49123
Atyrau,Beineu,265,266,0.708472,-0.477038,1.04644
Atyrau,Beyneu,265,351,0.708472,-0.477038,1.04644
Beineu,Shetpe,266,267,0.276716,-0.475817,0.408382
Shetpe,Zhetybai,267,268,0.108291,-0.474676,0.159694
Zhetybai,Fetisovo,268,269,0.0426725,-0.473301,0.0628694
Fetisovo,Bekdash,269,270,0.0174479,-0.469876,0.0256462
Bekdash,Türkmenbaşy,270,271,0.00861998,-0.45771,0.0125654
Türkmenbaşy,Gyzylarbat,271,272,0.00768297,-0.435941,0.0110323
Gyzylarbat,Ashgabat,272,432,0.0134446,-0.427558,0.019193
Chelyabinsk,Kostanay,273,274,0.211962,-0.463851,0.31028
Chelyabinsk,Ufa,273,322,0.454461,-0.466619,0.666521
Chelyabinsk,Kurgan,273,323,0.233465,-0.462187,0.34137
Kostanay,Esil,274,275,0.0912895,-0.459884,0.133272
Esil,Derzhavinsk,275,276,0.0545825,-0.445662,0.0789078
Derzhavinsk,Arkalyk,276,277,0.0665262,-0.426923,0.0949278
Arkalyk,Jezkazgan,277,278,0.135273,-0.419018,0.191955
Jezkazgan,Kyzylorda,278,279,0.20879,-0.410366,0.29447
Jezkazgan,Karaganda,278,286,0.199649,-0.418481,0.283199
Kyzylorda,Shymkent,279,280,0.192976,-0.412022,0.272487
Kyzylorda,Novokazalinsk,279,650,0.152313,-0.422002,0.21659
Shymkent,Tashkent,280,281,0.145421,-0.40345,0.204091
Shymkent,Zhambyl,280,359,0.11796,-0.404599,0.165686
Tashkent,Ayni,281,282,0.0513914,-0.399679,0.0719314
Tashkent,Jizzakh,281,358,0.0661527,-0.399304,0.0925677
Tashkent,Kokand,281,689,0.0542933,-0.400147,0.0760186
Ayni,Dushanbe,282,283,0.0392527,-0.393959,0.0547167
Ayni,Kokand,282,689,0.0196486,-0.394623,0.0274023
Dushanbe,Termez,283,440,0.0212075,-0.390562,0.0294903
Dushanbe,Jirgatal,283,441,0.0216625,-0.390843,0.0301291
Dushanbe,Kulob,283,692,0.0158557,-0.390739,0.0220511
Ishim,Astana,284,285,0.0991815,-0.437505,0.142574
Ishim,Omsk,284,291,0.0991815,-0.437505,0.142574
Ishim,Kurgan,284,323,0.160636,-0.453878,0.233545
Ishim,Tyumen,284,635,0.108252,-0.450597,0.15703
Astana,Karaganda,285,286,0.103338,-0.425503,0.147309
Karaganda,Balkhash,286,287,0.115555,-0.415019,0.163512
Karaganda,Pavlodar,286,292,0.122402,-0.421126,0.173949
Balkhash,Burubaytal,287,288,0.0680017,-0.410287,0.0959019
Burubaytal,Almaty,288,289,0.0762489,-0.403894,0.107045
Almaty,Bishkek,289,290,0.114861,-0.400211,0.16083
Almaty,Sary-Ozek,289,360,0.0555044,-0.400875,0.0777547
Almaty,Kokpek,289,695,0.045564,-0.400977,0.0638341
Bishkek,Zhambyl,290,359,0.103198,-0.400879,0.144568
Bishkek,Osh,290,691,0.102726,-0.398639,0.143677
Omsk,Pavlodar,291,292,0.0756679,-0.429596,0.108175
Pavlodar,Semey,292,293,0.0628814,-0.424016,0.089544
Semey,Georgiyevka,293,294,0.026081,-0.423615,0.0371294
Georgiyevka,Ayagoz,294,364,0.0113774,-0.422228,0.0161812
Narvik,Kiruna,295,296,0.00240289,-0.354512,0.00325474
Narvik,Setermoen,295,498,0.00148955,-0.401628,0.00208779
Kiruna,Töre,296,297,0.00501993,-0.343591,0.00674473
Töre,Luleå,297,298,0.0110866,-0.342328,0.0148818
Luleå,Umeå,298,612,0.0192089,-0.342314,0.0257843
Luleå,Haparanda,298,613,0.0123634,-0.343939,0.0166156
Helsingborg,Halmstad,299,300,0.0157718,-0.345687,0.0212239
Helsingborg,Jönköping,299,605,0.00971432,-0.345579,0.0130714
Örebro,Stockholm,301,302,0.0303384,-0.345423,0.040818
Örebro,Karlstad,301,620,0.0181227,-0.345609,0.024386
Stockholm,Södertälje,302,608,0.0224129,-0.345216,0.0301502
Stockholm,Uppsala,302,609,0.0265044,-0.34488,0.0356452
Tallinn,Narva,303,304,1.87749,-0.530695,2.87387
Tallinn,Riga,303,547,2.60797,-0.531698,3.99463
Colchester,Ipswich,305,306,6.60027e-05,-0.482906,6.60027e-05
Ipswich,Cambridge,306,636,6.60027e-05,-0.482906,6.60027e-05
The Hague,Gouda,307,308,0.380435,-0.521705,0.578909
Amersfoort,Oldenzaal,309,310,0.648447,-0.522156,0.987038
Amersfoort,Hoogeveen,309,698,0.605209,-0.522099,0.921188
Oldenzaal,Osnabrück,310,311,0.561381,-0.523059,0.855017
Osnabrück,Bad Oeynhausen,311,312,1.06159,-0.523496,1.61732
Bad Oeynhausen,Dortmund,312,508,1.83104,-0.523881,2.79029
Braunschweig,Magdeburg,313,314,1.3969,-0.520946,2.12462
Magdeburg,Halle,314,518,1.47735,-0.520185,2.24584
Poznań,Warsaw,315,316,2.83775,-0.526506,4.33184
Poznań,Wrocław,315,339,1.64404,-0.523939,2.50541
Warsaw,Elbląg,316,564,2.28523,-0.527908,3.49162
Warsaw,Radom,316,565,2.69351,-0.526188,4.1108
Warsaw,Lublin,316,713,3.21228,-0.526778,4.90444
Brest,Rennes,317,365,0.322455,-0.512898,0.487842
Brest,Lorient,317,388,0.176033,-0.512365,0.266227
Minsk,Smolensk,318,319,4.47949,-0.528894,6.84866
Minsk,Babruysk,318,703,4.08526,-0.531394,6.25614
Ryazan,Penza,320,321,1.91394,-0.508534,2.88724
Ufa,Yelabuga,322,632,0.499063,-0.470434,0.733839
Bruges,Ghent,324,325,1.61621,-0.517559,2.4527
Bruges,Zeebrugge,324,642,1.83155,-0.517958,2.78022
Ghent,Brussels,325,326,2.20401,-0.517965,3.34562
Brussels,Leuven,326,327,2.84119,-0.520021,4.31866
Leuven,Hasselt,327,708,1.8819,-0.522209,2.86464
Eupen,Aachen,328,329,2.29317,-0.524055,3.49492
Eupen,St. Vith,328,653,1.17516,-0.523249,1.79007
Aachen,Heerlen,329,709,1.80832,-0.524436,2.75667
Olpe,Wetzlar,330,331,2.15323,-0.524482,3.28256
Wetzlar,Gießen,331,332,2.15582,-0.524722,3.28703
Wetzlar,Dortmund,331,508,2.99954,-0.524445,4.57263
Wetzlar,Aschaffenburg,331,509,2.31095,-0.524356,3.52271
Wetzlar,Koblenz,331,660,2.26144,-0.524528,3.44763
Gießen,Bad Hersfeld,332,333,1.34118,-0.524941,2.04522
Bad Hersfeld,Eisenach,333,334,0.623417,-0.524098,0.950148
Eisenach,Erfurt,334,335,0.559118,-0.521447,0.850669
Erfurt,Gera,335,336,1.07792,-0.519857,1.63828
Gera,Chemnitz,336,337,1.60343,-0.51936,2.43618
Gera,Leipzig,336,526,1.61611,-0.519622,2.45587
Gera,Hirschberg,336,527,1.13745,-0.519561,1.72842
Chemnitz,Plauen,337,519,1.51136,-0.519312,2.29623
Wrocław,Opole,339,340,1.35439,-0.522105,2.06153
Wrocław,Kłodzko,339,548,1.37435,-0.52209,2.09188
Opole,Gliwice,340,341,0.64504,-0.521877,0.981672
Gliwice,Zabrze,341,342,0.608952,-0.521449,0.926489
Kraków,Rzeszów,343,344,0.875089,-0.521552,1.33149
Kraków,Radom,343,565,1.07766,-0.524467,1.64286
Kraków,Trstená,343,566,1.09039,-0.51952,1.65687
Rzeszów,Jarosław,344,345,0.84411,-0.522699,1.28533
Rzeszów,Radom,344,565,0.934309,-0.525189,1.425
Rzeszów,Barwinek,344,710,0.661404,-0.522672,1.0071
Jarosław,Korczowa,345,346,0.913197,-0.521301,1.38925
Korczowa,Lviv,346,347,1.93438,-0.520215,2.94068
Lviv,Rivne,347,348,2.63427,-0.522315,4.01019
Lviv,Mukachevo,347,378,3.40588,-0.515458,5.16147
Lviv,Lublin,347,713,1.96179,-0.52253,2.98688
Rivne,Zhytomyr,348,349,1.66515,-0.52476,2.53895
Rivne,Kovel,348,714,1.64408,-0.524871,2.507
Zhytomyr,Vinnytsia,349,381,2.7824,-0.525061,4.24333
Beyneu,Qo‘ng‘irot,351,352,0.27934,-0.475374,0.412131
Qo‘ng‘irot,Nukus,352,353,0.11579,-0.471937,0.170435
Nukus,Daşoguz,353,354,0.06153,-0.462101,0.089963
Daşoguz,Bukhara,354,355,0.0232982,-0.43239,0.0333721
Daşoguz,Ashgabat,354,432,0.0262664,-0.434102,0.0376686
Daşoguz,Uchkuduk,354,688,0.0171783,-0.446811,0.0248537
Bukhara,Navoiy,355,356,0.0204262,-0.40746,0.0287491
Bukhara,Alat,355,436,0.0163928,-0.410429,0.0231209
Bukhara,Karshi,355,437,0.0166615,-0.409722,0.0234881
Bukhara,Uchkuduk,355,688,0.0116185,-0.416837,0.0164616
Navoiy,Samarkand,356,357,0.018054,-0.399754,0.0252712
Samarkand,Jizzakh,357,358,0.0301162,-0.398032,0.0421033
Sary-Ozek,Taldykorgan,360,361,0.0265203,-0.400372,0.0371383
Sary-Ozek,Koktal,360,697,0.0250214,-0.400243,0.035036
Taldykorgan,Ucharal,361,362,0.0117527,-0.401102,0.0164667
Ucharal,Taskesken,362,363,0.00641306,-0.406038,0.009017
Taskesken,Ayagoz,363,364,0.00628133,-0.416134,0.0088952
Rennes,Le Mans,365,366,0.799651,-0.513123,1.20997
Le Mans,Angers,366,391,0.65225,-0.513173,0.986968
Le Mans,Tours,366,392,0.75871,-0.512069,1.14722
Le Mans,Rouen,366,662,1.25403,-0.515188,1.90009
Reims,Charleroi,367,651,1.75428,-0.517577,2.66226
Reims,Charleville-Mézières,367,658,1.60566,-0.518466,2.43814
Reims,Rouen,367,662,1.81197,-0.515692,2.74638
Saarbrücken,Mannheim,368,369,3.14239,-0.523732,4.78817
Saarbrücken,Trier,368,659,1.61963,-0.522527,2.46592
Mannheim,Heilbronn,369,370,2.93926,-0.523487,4.47792
Rozvadov,Plzeň,371,372,2.34083,-0.518093,3.55359
Plzeň,Karlovy Vary,372,523,1.62191,-0.517496,2.46124
Plzeň,České Budějovice,372,524,1.86895,-0.515997,2.83332
Plzeň,Bayerisch Eisenstein,372,530,1.91926,-0.517065,2.91164
Trenčín,Prešov,373,374,1.21539,-0.511136,1.83662
Prešov,Košice,374,375,1.87669,-0.509856,2.83353
Prešov,Svidník,374,712,0.923632,-0.511467,1.39604
Košice,Vyšné Nemecké,375,376,0.945161,-0.509051,1.4263
Košice,Uzhhorod,375,377,1.84285,-0.510713,2.78402
Košice,Miskolc,375,552,1.66937,-0.505407,2.51308
Košice,Zvolen,375,568,1.7663,-0.507573,2.66283
Vyšné Nemecké,Uzhhorod,376,377,0.897691,-0.512463,1.35772
Uzhhorod,Mukachevo,377,378,2.99224,-0.513824,4.52972
Uzhhorod,Chop,377,723,1.4935,-0.510732,2.25627
Mukachevo,Stryj,378,379,2.19088,-0.511666,3.31188
Mukachevo,Halmeu,378,578,2.6116,-0.506416,3.93416
Khmelnytskyi,Vinnytsia,380,381,1.73136,-0.523661,2.638
Vinnytsia,Uman,381,382,1.6887,-0.524318,2.57412
Vinnytsia,Mohyliv-Podilskyi,381,728,1.55909,-0.523834,2.37579
Uman,Kirovohrad,382,383,1.26747,-0.522566,1.9298
Kirovohrad,Dnipropetrovsk,383,384,0.87672,-0.521089,1.33357
Kirovohrad,Chişinău,383,672,1.7459,-0.519966,2.6537
Dnipropetrovsk,Donetsk,384,385,0.36599,-0.52045,0.556469
Donetsk,Rostov-on-Don,385,386,0.236218,-0.517879,0.35855
Rostov-on-Don,Armavir,386,387,0.196618,-0.5116,0.297207
Rostov-on-Don,Taganrog,386,675,0.211939,-0.517355,0.321587
Lorient,Vannes,388,389,0.209998,-0.511857,0.317488
Vannes,Nantes,389,390,0.458942,-0.511848,0.69385
Nantes,Angers,390,391,0.63959,-0.511782,0.966921
Nantes,Poitiers,390,676,0.897492,-0.512206,1.35719
Angers,Tours,391,392,0.495132,-0.508794,0.747052
Tours,Vierzon,392,503,0.645447,-0.507614,0.973085
Montargis,Auxerre,393,394,1.18678,-0.511238,1.7935
Auxerre,Beaune,394,395,2.23553,-0.512802,3.38191
Beaune,Dole,395,396,2.28374,-0.514947,3.45974
Beaune,Antwerp,395,505,3.91855,-0.516082,5.94084
Dole,Besançon,396,397,1.21411,-0.516369,1.84103
Besançon,Belfort,397,398,1.39833,-0.518435,2.12327
Zürich,Winterthur,399,400,1.37461,-0.518867,2.08786
Winterthur,St. Gallen,400,401,0.978707,-0.518777,1.48644
Winterthur,Schaffhausen,400,511,1.34211,-0.520806,2.04109
St. Gallen,St. Margrethen,401,402,0.890941,-0.516946,1.35151
St. Margrethen,Bregenz,402,403,1.45994,-0.515682,2.21281
St. Margrethen,Buchs,402,514,0.681055,-0.515986,1.03247
Bregenz,Feldkirch,403,748,1.40035,-0.51502,2.12157
Bregenz,Lindau,403,513,2.20613,-0.515797,3.34405
Feldkirch,Landeck,748,404,0.635413,-0.51363,0.961779
Feldkirch,Imst,748,406,0.662857,-0.513548,1.00327
Landeck,Telfs,404,405,0.442487,-0.512692,0.669347
Sattledt,Liezen,408,532,0.93196,-0.510638,1.40785
Sattledt,Wels,408,669,0.996246,-0.513069,1.50739
Sankt Pölten,Vienna,409,410,1.93567,-0.509207,2.92133
Vienna,Nickelsdorf,410,411,2.10673,-0.506945,3.17472
Vienna,Halámky,410,525,2.04496,-0.509319,3.0865
Vienna,Graz,410,534,2.58589,-0.506341,3.89524
Nickelsdorf,Mosonmagyaróvár,411,412,1.44364,-0.503355,2.1703
Szolnok,Püspökladány,413,414,1.53949,-0.489988,2.29383
Püspökladány,Oradea,414,415,1.92907,-0.488702,2.8718
Püspökladány,Nyíregyháza,414,722,1.21046,-0.493344,1.80763
Oradea,Cluj-Napoca,415,416,0.903804,-0.483489,1.34078
Oradea,Berettyóújfalu,415,570,1.32507,-0.488613,1.97252
Oradea,Beiuş,415,571,0.858232,-0.48466,1.27418
Oradea,Satu Mare,415,579,1.41293,-0.489186,2.10412
Oradea,Arad,415,684,1.44367,-0.482542,2.14031
Cluj-Napoca,Turda,416,417,0.569224,-0.483657,0.844533
Cluj-Napoca,Zalău,416,580,0.556497,-0.487329,0.827694
Turda,Târgu Mureş,417,418,0.247928,-0.480544,0.367068
Turda,Sebeş,417,581,0.256146,-0.480258,0.379163
Târgu Mureş,Braşov,418,419,0.174016,-0.477549,0.257118
Braşov,Ploieşti,419,420,0.147784,-0.476954,0.21827
Braşov,Sibiu,419,582,0.204973,-0.476636,0.30267
Braşov,Piteşti,419,583,0.121806,-0.473517,0.179483
Slobozia,Hârşova,421,422,0.282492,-0.496053,0.422623
Slobozia,Galaţi,421,588,0.490912,-0.503579,0.738125
Hârşova,Constanţa,422,423,0.283805,-0.489825,0.42282
Constanţa,Varna,423,463,0.227369,-0.47917,0.336318
Constanţa,Tulcea,423,589,0.285769,-0.49439,0.42705
Senaki,Samtredia,424,425,0.0301183,-0.518632,0.0457386
Senaki,Zugdidi,424,604,0.0799597,-0.517985,0.121378
Samtredia,Kutaisi,425,426,0.0115175,-0.518755,0.0174923
Kutaisi,Khashuri,426,427,0.00486621,-0.515766,0.00737603
Khashuri,Gori,427,428,0.00323456,-0.505118,0.0048684
Rustavi,Ganja,429,430,0.0104879,-0.498619,0.0157174
Ganja,Yevlakh,430,431,0.0243825,-0.499841,0.0365699
Ashgabat,Tejen,432,433,0.0130658,-0.423891,0.0186042
Tejen,Mary,433,434,0.00637921,-0.414195,0.00902145
Mary,Türkmenabat,434,435,0.00497713,-0.404776,0.00699175
Türkmenabat,Alat,435,436,0.00760428,-0.405125,0.010685
Karshi,Guzar,437,438,0.00828502,-0.401531,0.0116117
Guzar,Sherobod,438,439,0.00656188,-0.39262,0.0091382
Sherobod,Termez,439,440,0.00999138,-0.389664,0.0138847
Jirgatal,Sary Tash,441,442,0.0199676,-0.392167,0.0277982
Jirgatal,Khorugh,441,694,0.0120491,-0.390049,0.0167488
Sary Tash,Irkeshtam,442,443,0.0264662,-0.394992,0.0369202
Irkeshtam,Osh,443,691,0.0538727,-0.396719,0.0752451
A Coruña,Bilbao,444,445,0.0803687,-0.487239,0.119528
A Coruña,Pontevedra,444,481,0.0336271,-0.481848,0.0498303
Clermont-Ferrand,Montluçon,446,504,0.741139,-0.504711,1.1152
Chambéry,Susa,447,448,0.804856,-0.505663,1.21184
Chambéry,Marseille,447,736,0.613683,-0.506648,0.924604
Susa,Turin,448,449,0.498988,-0.498609,0.747788
Tortona,Brescia,450,451,0.167599,-0.466954,0.245859
Trieste,Postojna,452,453,0.241605,-0.485345,0.358867
Trieste,Ljubljana,452,454,0.484733,-0.490187,0.722343
Postojna,Ljubljana,453,454,0.344986,-0.493403,0.515203
Ljubljana,Maribor,454,535,0.616474,-0.497454,0.923142
Ljubljana,Naklo,454,538,0.895476,-0.497163,1.34067
Vršac,Timişoara,456,457,0.560721,-0.471324,0.825002
Timişoara,Drobeta-Turnu Severin,457,458,0.626279,-0.47059,0.921
Timişoara,Arad,457,684,1.04986,-0.476219,1.54983
Drobeta-Turnu Severin,Craiova,458,459,0.59193,-0.467323,0.868553
Craiova,Alexandria,459,460,0.249346,-0.469881,0.366509
Craiova,Târgu Jiu,459,574,0.348029,-0.468014,0.510911
Craiova,Piteşti,459,583,0.324169,-0.469092,0.476235
Razgrad,Shumen,461,462,0.0527125,-0.460717,0.076998
Shumen,Varna,462,463,0.0874995,-0.467839,0.128435
Varna,Burgas,463,590,0.0860467,-0.467948,0.126312
Lisbon,Valladolid,464,465,0.0556108,-0.472225,0.0818716
Lisbon,Porto,464,483,0.0484318,-0.464738,0.0709399
Lisbon,Albufeira,464,484,0.0468979,-0.462539,0.06859
Toulouse,Nice,466,467,0.676574,-0.492864,1.01003
Nice,Cuneo,467,685,0.270656,-0.485854,0.402156
Sofia,Plovdiv,468,469,0.21619,-0.445895,0.312588
Sofia,Botevgrad,468,575,0.217038,-0.445921,0.31382
Sofia,Blagoevgrad,468,576,0.231551,-0.44354,0.334252
Sofia,Kyustendil,468,745,0.166989,-0.448594,0.241899
Plovdiv,Istanbul,469,470,0.0895921,-0.444559,0.129421
Istanbul,İzmit,470,471,0.0426519,-0.44299,0.0615463
İzmit,Gerede,471,472,0.0144752,-0.440987,0.0208585
İzmit,Bursa,471,479,0.0144497,-0.440019,0.0208078
Gerede,Kızılcahamam,472,599,0.00670446,-0.439328,0.00964991
Mazara del Vallo,Palermo,473,474,6.60027e-05,-0.482906,6.60027e-05
Metaponto,Taranto,475,476,0.00568139,-0.442828,0.00819728
Metaponto,Potenza,475,743,0.00303272,-0.441061,0.00437034
Ioannina,Trikala,477,687,0.0165517,-0.410208,0.0233413
Gelibolu,Keşan,478,596,0.0523326,-0.411652,0.0738753
Gelibolu,Ayvalık,478,597,0.052338,-0.411646,0.0738827
Bursa,Ankara,479,480,0.00716406,-0.436878,0.0102939
Bursa,Balıkesir,479,746,0.00824235,-0.432433,0.0118066
Ankara,Kızılcahamam,480,599,0.00482467,-0.437251,0.00693426
Pontevedra,Valença,481,482,0.0192919,-0.471309,0.0283843
Valença,Porto,482,483,0.0231415,-0.463253,0.0338618
Albufeira,Castro Marim,484,485,0.0236162,-0.456697,0.0344016
Castro Marim,Huelva,485,486,0.0219054,-0.455694,0.0318875
Cherbourg-Octeville,La Rochelle,487,488,0.172,-0.51315,0.260262
Cherbourg-Octeville,Caen,487,661,0.382636,-0.515708,0.579964
La Rochelle,Saintes,488,730,0.137888,-0.506086,0.207672
Oslo,Hamar,489,490,0.0139263,-0.345842,0.0187426
Oslo,Askim,489,619,0.0145038,-0.345753,0.0195185
Hamar,Lillehammer,490,491,0.00880729,-0.345771,0.0118526
Lillehammer,Dombås,491,492,0.00977893,-0.345395,0.0131565
Dombås,Trondheim,492,493,0.0175058,-0.345002,0.0235453
Trondheim,Stjørdal,493,494,0.0171217,-0.344868,0.0230264
Stjørdal,Steinkjer,494,495,0.00861311,-0.344685,0.0115819
Steinkjer,Mosjøen,495,496,0.00604216,-0.343742,0.0081191
Mosjøen,Mo i Rana,496,497,0.00762509,-0.34264,0.0102378
Mo i Rana,Umeå,497,612,0.0144334,-0.342354,0.0193747
Setermoen,Alta,498,499,0.0017727,-0.479952,0.00262351
Alta,Olderfjord,499,500,0.00375747,-0.518059,0.00570406
Olderfjord,Lakselv,500,501,0.00963542,-0.513188,0.0145802
Lakselv,Karasjok,501,502,0.0254029,-0.500974,0.0381291
Vierzon,Montluçon,503,504,0.460512,-0.505482,0.693293
Antwerp,Zeebrugge,505,642,2.67706,-0.518089,4.06402
Martigny,Sion,506,678,0.609556,-0.510088,0.920483
Bremen,Groningen,507,624,2.29833,-0.523106,3.50059
Stuttgart,Schaffhausen,510,511,2.06593,-0.521991,3.14433
Stuttgart,Ulm,510,512,1.8118,-0.520681,2.75517
Ulm,Lindau,512,513,1.5476,-0.518857,2.35059
Lindau,Waldshut,513,666,2.11449,-0.518056,3.20992
Buchs,Chur,514,515,0.270665,-0.515799,0.410273
Chur,San Bernardino,515,516,0.139492,-0.5157,0.211428
Halle,Plauen,518,519,1.40593,-0.519731,2.13664
Plauen,Schönberg,519,520,1.14805,-0.519492,1.74445
Plauen,Hof,519,528,1.52652,-0.519631,2.31975
Schönberg,Vojtanov,520,521,0.692964,-0.519328,1.05284
Vojtanov,Cheb,521,522,0.957633,-0.519007,1.45465
Cheb,Karlovy Vary,522,523,1.57711,-0.518128,2.39425
Cheb,Marktredwitz,522,663,1.26858,-0.519357,1.92743
Karlovy Vary,Teplice,523,715,0.968928,-0.517256,1.47011
České Budějovice,Halámky,524,525,1.29366,-0.512725,1.95696
Hirschberg,Hof,527,528,1.18177,-0.51961,1.79584
Hof,Bayreuth,528,529,1.9294,-0.519785,2.93228
Bayreuth,Marktredwitz,529,663,1.74217,-0.519887,2.6479
Bayerisch Eisenstein,Deggendorf,530,531,1.44024,-0.517136,2.18504
Liezen,Sankt Michael,532,533,0.745768,-0.507681,1.12438
Sankt Michael,Graz,533,534,1.3168,-0.505317,1.9822
Graz,Maribor,534,535,1.09566,-0.502317,1.64603
Graz,Spielfeld,534,536,0.844967,-0.504522,1.27127
Graz,Klagenfurt,534,683,1.54487,-0.502725,2.32152
Maribor,Spielfeld,535,536,0.360966,-0.498572,0.540934
Karavanke Tunnel,Naklo,537,538,0.79751,-0.501436,1.19741
Naklo,Loiblpass,538,734,0.755071,-0.500638,1.13309
Kemijärvi,Posio,539,540,0.00253462,-0.389119,0.00352089
Posio,Kuusamo,540,541,0.00155062,-0.378334,0.00213727
Kuusamo,Kajaani,541,542,0.00173993,-0.380235,0.00240151
Kajaani,Iisalmi,542,543,0.0032524,-0.390911,0.0045238
Iisalmi,Kuopio,543,544,0.00730768,-0.401859,0.0102443
Tampere,Turku,545,546,0.012351,-0.443306,0.0178262
Tampere,Vaasa,545,616,0.0137267,-0.432073,0.0196576
Tampere,Hämeenlinna,545,618,0.0336689,-0.476419,0.0497094
Turku,Pori,546,617,0.00682524,-0.426646,0.00973719
Riga,Šiauliai,547,561,2.72434,-0.533753,4.17846
Riga,Rēzekne,547,627,2.8588,-0.532071,4.37989
Kłodzko,Kudowa-Zdrój,548,549,0.621811,-0.520964,0.945751
Kudowa-Zdrój,Náchod,549,550,0.517155,-0.518024,0.785054
Náchod,Hradec Králové,550,551,0.948297,-0.515956,1.43758
Hradec Králové,Olomouc,551,716,1.29758,-0.514492,1.96517
Miskolc,Debrecen,552,569,1.30228,-0.499829,1.95319
Szekszárd,Mohács,555,556,0.739109,-0.494422,1.10454
Mohács,Osijek,556,557,0.453789,-0.493143,0.677571
Osijek,Đakovo,557,558,0.265838,-0.49126,0.396434
Osijek,Sombor,557,735,0.431318,-0.489781,0.642569
Đakovo,Šamac,558,559,0.114184,-0.487957,0.1699
Šamac,Zenica,559,560,0.0739623,-0.475488,0.109131
Zenica,Sarajevo,560,737,0.104078,-0.462928,0.152258
Šiauliai,Tolpaki,561,562,2.11743,-0.534759,3.24975
Šiauliai,Palanga,561,704,1.63003,-0.534429,2.50117
Šiauliai,Panevėžys,561,705,1.68681,-0.534445,2.58831
Tolpaki,Kaliningrad,562,563,1.32104,-0.533237,2.02546
Tolpaki,Nesterov,562,640,1.25053,-0.534891,1.91943
Trstená,Ružomberok,566,567,0.864675,-0.512876,1.30815
Ružomberok,Zvolen,567,568,1.5259,-0.507803,2.30076
Debrecen,Berettyóújfalu,569,570,0.879091,-0.494356,1.31367
Beiuş,Deva,571,572,0.556044,-0.480217,0.823066
Deva,Petroşani,572,573,0.431538,-0.473558,0.635896
Deva,Sibiu,572,582,0.558822,-0.474043,0.823728
Deva,Arad,572,684,0.782982,-0.476567,1.15613
Petroşani,Târgu Jiu,573,574,0.265085,-0.470407,0.389783
Botevgrad,Jablanica,575,585,0.0918855,-0.444912,0.132766
Blagoevgrad,Serres,576,577,0.129848,-0.434314,0.186243
Halmeu,Satu Mare,578,579,1.81948,-0.49562,2.72125
Satu Mare,Zalău,579,580,0.75549,-0.490987,1.12643
Sebeş,Sibiu,581,582,0.254806,-0.475812,0.376046
Sibiu,Piteşti,582,583,0.267274,-0.472091,0.393451
Pleven,Jablanica,584,585,0.0484948,-0.445716,0.0701097
Izmail,Reni,586,587,0.807411,-0.518407,1.22598
Reni,Galaţi,587,588,0.644611,-0.513107,0.975366
Galaţi,Tulcea,588,589,0.377125,-0.505252,0.567668
Galaţi,Giurgiuleşti,588,729,0.773993,-0.513756,1.17164
Burgas,Malko Tarnovo,590,591,0.0415461,-0.460058,0.0606597
Malko Tarnovo,Dereköy,591,592,0.0170742,-0.454518,0.0248347
Dereköy,Kırklareli,592,593,0.00812334,-0.443756,0.0117281
Kırklareli,Babaeski,593,594,0.00638205,-0.425474,0.00909745
Babaeski,Havsa,594,595,0.0100716,-0.414127,0.0142425
Havsa,Keşan,595,596,0.0221029,-0.411674,0.0312021
Ayvalık,İzmir,597,598,0.0221194,-0.411594,0.0312236
İzmir,Manisa,598,747,0.0101091,-0.413376,0.014288
Kherson,Dzhankoy,600,601,1.02669,-0.518224,1.55875
Kherson,Mykolaiv,600,673,1.19131,-0.520872,1.81183
Kherson,Melitopol,600,674,0.651153,-0.520142,0.989845
Sochi,Sukhumi,602,603,0.565308,-0.516019,0.857017
Sukhumi,Zugdidi,603,604,0.212637,-0.517298,0.322634
Jönköping,Linköping,605,606,0.00718154,-0.345462,0.00966249
Linköping,Norrköping,606,607,0.00961066,-0.345386,0.01293
Norrköping,Södertälje,607,608,0.0149342,-0.345277,0.0200906
Norrköping,Kalmar,607,626,0.0095748,-0.345382,0.0128818
Uppsala,Sundsvall,609,610,0.0272881,-0.344237,0.0366816
Sundsvall,Örnsköldsvik,610,611,0.0252324,-0.343605,0.0339024
Örnsköldsvik,Umeå,611,612,0.0202608,-0.342842,0.0272071
Haparanda,Tornio,613,614,0.00891315,-0.351206,0.0120435
Kokkola,Vaasa,615,616,0.0109679,-0.40536,0.0154138
Vaasa,Pori,616,617,0.00712343,-0.417536,0.0100977
Askim,Karlstad,619,620,0.0121223,-0.345719,0.0163132
Kotka,Vaalimaa,621,622,0.379959,-0.526802,0.580123
Vaalimaa,Vyborg,622,623,0.990518,-0.527229,1.51275
Groningen,Hoogeveen,624,698,0.833714,-0.522573,1.26939
Sassnitz,Stralsund,625,699,0.445124,-0.520074,0.676621
Rēzekne,Velikiye Luki,627,628,3.09806,-0.526932,4.73053
Rēzekne,Daugavpils,627,702,1.92676,-0.53155,2.95093
Vladimir,Nizhny Novgorod,629,630,1.74194,-0.513052,2.63565
Nizhny Novgorod,Kazan,630,631,0.734875,-0.509258,1.10912
Kazan,Yelabuga,631,632,0.476289,-0.494441,0.711786
Yelabuga,Perm,632,633,0.295837,-0.480902,0.438106
Perm,Yekaterinburg,633,634,0.127364,-0.477144,0.188135
Yekaterinburg,Tyumen,634,635,0.0804337,-0.464659,0.117808
Koszalin,Słupsk,637,638,0.262883,-0.524301,0.400713
Słupsk,Gdynia,638,639,0.439142,-0.527101,0.670614
Nesterov,Marijampolė,640,641,1.1297,-0.534837,1.73391
Aktobe,Karabutak,647,648,0.406098,-0.467932,0.596125
Karabutak,Aral,648,649,0.17817,-0.461144,0.260331
Aral,Novokazalinsk,649,650,0.114564,-0.442348,0.165241
Charleroi,Namur,651,652,1.25781,-0.519501,1.91124
St. Vith,Wittlich,653,654,1.24681,-0.522839,1.89869
Wittlich,Bingen,654,655,0.78693,-0.524235,1.19947
Bingen,Wiesbaden,655,656,1.15212,-0.525048,1.75704
Amiens,Charleville-Mézières,657,658,1.44098,-0.517779,2.1871
Trier,Koblenz,659,660,1.69058,-0.523646,2.57585
Caen,Rouen,661,662,0.987928,-0.515955,1.49765
Regensburg,Passau,667,668,1.2286,-0.518699,1.86587
Passau,Wels,668,669,1.22069,-0.51587,1.85041
Wels,Braunau am Inn,669,721,1.41056,-0.514098,2.13572
Iaşi,Sculeni,670,671,1.27604,-0.51231,1.92977
Iaşi,Bălţi,670,727,1.08682,-0.512026,1.64331
Sculeni,Chişinău,671,672,1.50681,-0.517124,2.28601
Chişinău,Giurgiuleşti,672,729,1.19995,-0.517989,1.82152
Melitopol,Taganrog,674,675,0.28397,-0.519687,0.431546
Poitiers,Mâcon,676,677,1.68287,-0.511212,2.54317
Sion,Simplon,678,679,0.260898,-0.505402,0.392756
Simplon,Gravellona Toce,679,680,0.175956,-0.490763,0.262309
Innichen,Spittal an der Drau,681,682,0.582417,-0.505466,0.87681
Klagenfurt,Loiblpass,683,734,0.88583,-0.502544,1.331
Cuneo,Asti,685,686,0.156388,-0.482059,0.231777
Kokand,Andijan,689,690,0.0429543,-0.396669,0.0599929
Andijan,Osh,690,691,0.0563731,-0.39615,0.0787053
Kulob,Kalaikhumb,692,693,0.00835053,-0.389147,0.0116001
Kalaikhumb,Khorugh,693,694,0.00734455,-0.388758,0.0101998
Kokpek,Chundzha,695,696,0.0223032,-0.400377,0.031233
Chundzha,Koktal,696,697,0.0169019,-0.399981,0.0236623
Stralsund,Neubrandenburg,699,700,0.650604,-0.520096,0.988981
Ukmergė,Daugavpils,701,702,1.89031,-0.533736,2.89924
Ukmergė,Panevėžys,701,705,1.73577,-0.534614,2.66374
Breda,Gorinchem,706,707,0.818402,-0.521266,1.24501
Hasselt,Heerlen,708,709,1.21102,-0.523597,1.84511
Barwinek,Vyšný Komárnik,710,711,0.356746,-0.519593,0.542109
Vyšný Komárnik,Svidník,711,712,0.422815,-0.514112,0.640189
Lublin,Kovel,713,714,1.56349,-0.525304,2.3848
Olomouc,Český Těšín,716,717,0.830526,-0.516152,1.2592
Garmisch-Partenkirchen,Mittenwald,718,719,0.897966,-0.515404,1.36078
Mittenwald,Seefeld,719,720,0.570316,-0.5138,0.863345
Nyíregyháza,Chop,722,723,0.899409,-0.503186,1.35198
Dunajská Streda,Medveďov,724,725,0.601899,-0.50771,0.907489
Medveďov,Vámosszabadi,725,726,0.518971,-0.505575,0.78135
Bălţi,Mohyliv-Podilskyi,727,728,0.870809,-0.519227,1.32296
Saintes,Angoulême,730,731,0.243343,-0.502068,0.365518
St. Johann in Tirol,Lofer,732,733,0.898368,-0.512915,1.35916
Sarajevo,Užice,737,738,0.139135,-0.460935,0.203268
Užice,Čačak,738,739,0.210222,-0.46352,0.307664
Čačak,Nova Varoš,739,740,0.209964,-0.463452,0.307272
Avellino,Benevento,741,742,0.0270546,-0.446096,0.0391236
Balıkesir,Manisa,746,747,0.00645663,-0.421134,0.00917574
Warsaw,Brest-Litovsk,316,0,2.97629,-0.529737,4.55294
Brest-Litovsk,Minsk,0,318,2.95802,-0.531176,4.52926
Lyon,Mâcon,17,677,1.67153,-0.510969,2.52562
Beaune,Mâcon,395,677,2.97294,-0.513874,4.50066
