Glasgow,Preston,1,2,0.000103959,0,0.000103959
Glasgow,Edinburgh,1,13,0.000103959,0,0.000103959
Preston,Birmingham,2,3,0.000103959,0,0.000103959
Birmingham,Cambridge,3,636,0.000103959,0,0.000103959
Le Havre,Paris,4,5,1.99465,-0.516556,3.025
Le Havre,Amiens,4,657,1.11046,-0.518791,1.68656
Paris,Orléans,5,6,2.14182,-0.508952,3.2319
Paris,Calais,5,16,1.72614,-0.516738,2.6181
Paris,Lyon,5,17,2.66018,-0.510128,4.01722
Paris,Brussels,5,326,2.99663,-0.519924,4.55466
Paris,Le Mans,5,366,1.70287,-0.511359,2.57364
Paris,Reims,5,367,1.90341,-0.517827,2.88905
Paris,Chaumont,5,665,2.75401,-0.518435,4.18179
Orléans,Bordeaux,6,7,1.09148,-0.496917,1.63385
Orléans,Tours,6,392,1.19693,-0.498351,1.79342
Orléans,Montargis,6,393,1.45905,-0.504786,2.19556
Orléans,Toulouse,6,466,1.27476,-0.492092,1.90207
Bordeaux,San Sebastián,7,8,0.663169,-0.479171,0.98094
Bordeaux,Clermont-Ferrand,7,446,1.20009,-0.490875,1.78918
Bordeaux,Toulouse,7,466,0.565213,-0.4773,0.83499
Bordeaux,Angoulême,7,731,0.717158,-0.486706,1.0662
San Sebastián,Burgos,8,9,0.384096,-0.450229,0.557027
San Sebastián,Bilbao,8,445,0.305852,-0.453072,0.444425
San Sebastián,Toulouse,8,466,0.470509,-0.467632,0.690534
Burgos,Madrid,9,10,0.246732,-0.42855,0.352469
Burgos,Valladolid,9,465,0.159463,-0.433182,0.228539
Madrid,Seville,10,11,0.169539,-0.412354,0.239449
Madrid,Barcelona,10,21,0.337247,-0.443829,0.486926
Madrid,Valencia,10,24,0.180112,-0.420538,0.255857
Madrid,Lisbon,10,464,0.167509,-0.416578,0.237289
Seville,Algeciras,11,12,0.0864514,-0.398239,0.12088
Seville,Huelva,11,486,0.0908409,-0.397573,0.126957
Algeciras,Málaga,12,28,0.0393556,-0.39054,0.0547255
Edinburgh,Newcastle,13,14,0.000103959,0,0.000103959
Newcastle,London,14,15,0.000103959,0,0.000103959
London,Colchester,15,305,0.000103959,0,0.000103959
Calais,Bruges,16,324,1.72849,-0.5209,2.62886
Calais,Rouen,16,662,1.14479,-0.518377,1.73823
Lyon,Orange,17,18,1.27021,-0.503528,1.9098
Lyon,Clermont-Ferrand,17,446,1.43052,-0.495482,2.13932
Lyon,Chambéry,17,447,1.23237,-0.505217,1.85499
Orange,Narbonne,18,19,0.581457,-0.49645,0.870121
Orange,Marseille,18,736,0.537869,-0.50161,0.80767
Narbonne,Girona,19,20,0.341035,-0.479171,0.504449
Girona,Barcelona,20,21,0.427441,-0.460991,0.624487
Barcelona,Tarragona,21,22,0.284851,-0.450106,0.413065
Barcelona,Toulouse,21,466,0.766339,-0.46646,1.12381
Tarragona,Castellón de la Plana,22,23,0.145419,-0.436531,0.208899
Castellón de la Plana,Valencia,23,24,0.132947,-0.420536,0.188856
Valencia,Alicante,24,25,0.101853,-0.412043,0.143821
Alicante,Murcia,25,26,0.0449848,-0.403394,0.0631315
Murcia,Almería,26,27,0.0244097,-0.39257,0.0339922
Almería,Málaga,27,28,0.0229996,-0.386226,0.0318826
Hook of Holland,Rotterdam,29,30,0.556625,-0.52128,0.846782
Hook of Holland,The Hague,29,307,0.301735,-0.519345,0.458439
Rotterdam,Eindhoven,30,31,1.39183,-0.52193,2.11826
Eindhoven,Maastricht,31,32,1.48769,-0.524756,2.26837
Eindhoven,Antwerp,31,505,2.50777,-0.523353,3.82022
Eindhoven,Venlo,31,643,1.9046,-0.522867,2.90046
Eindhoven,Breda,31,706,1.40693,-0.521876,2.14117
Maastricht,Liège,32,33,1.8364,-0.526914,2.80402
Liège,Bastogne,33,34,1.70608,-0.527977,2.60685
Liège,Leuven,33,327,2.79946,-0.526216,4.27259
Liège,Eupen,33,328,1.77535,-0.528541,2.7137
Liège,Antwerp,33,505,3.14004,-0.524986,4.78851
Liège,Namur,33,652,1.90835,-0.526979,2.91401
Liège,St. Vith,33,653,1.55878,-0.528047,2.3819
Liège,Charleville-Mézières,33,658,2.0405,-0.526483,3.11479
Bastogne,Arlon,34,35,1.02618,-0.528742,1.56877
Arlon,Luxembourg,35,36,1.43146,-0.527906,2.18714
Luxembourg,Metz,36,37,2.39976,-0.524684,3.65888
Luxembourg,St. Vith,36,653,1.72805,-0.528612,2.64151
Luxembourg,Charleville-Mézières,36,658,1.33994,-0.525829,2.04453
Luxembourg,Trier,36,659,1.70163,-0.528591,2.6011
Metz,Saint-Avold,37,38,2.8813,-0.524382,4.3922
Metz,Lausanne,37,44,2.38978,-0.52306,3.63978
Metz,Geneva,37,45,2.67559,-0.516553,4.05767
Metz,Brussels,37,326,3.31687,-0.523073,5.05183
Metz,Reims,37,367,2.43269,-0.521791,3.70205
Metz,Saarbrücken,37,368,2.726,-0.525904,4.15961
Saint-Avold,Strasbourg,38,39,2.17185,-0.525906,3.31404
Strasbourg,Mulhouse,39,40,2.72439,-0.526623,4.15911
Strasbourg,Appenweier,39,664,2.04806,-0.527212,3.12782
Mulhouse,Basel,40,41,2.6188,-0.525716,3.99554
Mulhouse,Belfort,40,398,1.96797,-0.525884,3.00289
Mulhouse,Chaumont,40,665,2.51664,-0.523442,3.83395
Basel,Olten,41,42,1.56799,-0.52494,2.39109
Basel,Offenburg,41,61,2.23774,-0.52557,3.41384
Basel,Zürich,41,399,1.84627,-0.523524,2.81284
Basel,Waldshut,41,666,2.18848,-0.522761,3.33253
Olten,Bern,42,43,1.59751,-0.524841,2.43595
Olten,Lucerne,42,62,0.986499,-0.524414,1.50383
Bern,Lausanne,43,44,1.31505,-0.522714,2.00244
Bern,Belfort,43,398,1.62834,-0.524966,2.48316
Bern,Martigny,43,506,0.938988,-0.517421,1.42484
Lausanne,Geneva,44,45,1.07908,-0.511234,1.63075
Lausanne,Martigny,44,506,0.822497,-0.514818,1.24593
Geneva,Mont Blanc,45,46,1.22155,-0.507943,1.84202
Geneva,Chambéry,45,447,1.37611,-0.505555,2.07181
Geneva,Mâcon,45,677,2.1028,-0.512621,3.18073
Mont Blanc,Aosta,46,47,0.727426,-0.504585,1.09447
Aosta,Ivrea,47,48,0.666315,-0.493141,0.994902
Aosta,Martigny,47,506,0.889541,-0.495994,1.33075
Ivrea,Vercelli,48,49,0.280071,-0.48185,0.415024
Ivrea,Turin,48,449,0.421353,-0.478822,0.623106
Vercelli,Alessandria,49,50,0.249496,-0.466201,0.365811
Alessandria,Genoa,50,51,0.332862,-0.452936,0.483627
Alessandria,Turin,50,449,0.313973,-0.467495,0.460754
Alessandria,Tortona,50,450,0.231743,-0.456227,0.33747
Alessandria,Asti,50,686,0.298244,-0.457616,0.434726
Genoa,Rome,51,74,0.685087,-0.442163,0.988008
Genoa,Tortona,51,450,0.383554,-0.446819,0.554933
Genoa,Nice,51,467,0.540774,-0.456182,0.787465
Amsterdam,Utrecht,52,53,1.27722,-0.520776,1.94236
Amsterdam,Amersfoort,52,309,0.740501,-0.522627,1.12751
Amsterdam,Brussels,52,326,3.13058,-0.522827,4.76734
Amsterdam,Groningen,52,624,1.3264,-0.522229,2.01909
Utrecht,Arnhem,53,54,0.973648,-0.519267,1.47923
Utrecht,Gouda,53,308,0.791838,-0.518338,1.20228
Utrecht,Amersfoort,53,309,0.736086,-0.518845,1.118
Utrecht,Gorinchem,53,707,0.936045,-0.518985,1.42184
Arnhem,Emmerich,54,55,0.8778,-0.521281,1.33538
Emmerich,Oberhausen,55,56,1.69711,-0.52325,2.58512
Oberhausen,Cologne,56,57,2.89621,-0.525521,4.41823
Oberhausen,Dortmund,56,508,2.05111,-0.523899,3.12568
Oberhausen,Venlo,56,643,1.94047,-0.522428,2.95422
Cologne,Frankfurt am Main,57,58,3.33261,-0.528895,5.09521
Cologne,Aachen,57,329,2.91536,-0.528999,4.45758
Cologne,Olpe,57,330,2.0681,-0.527648,3.15933
Cologne,Bremen,57,507,3.07594,-0.524689,4.68986
Frankfurt am Main,Heidelberg,58,59,2.97224,-0.530634,4.54941
Frankfurt am Main,Gießen,58,332,2.11318,-0.530305,3.23381
Frankfurt am Main,Mannheim,58,369,3.42861,-0.530161,5.24632
Frankfurt am Main,Aschaffenburg,58,509,2.48731,-0.529408,3.80411
Frankfurt am Main,Wiesbaden,58,656,2.41885,-0.531177,3.70368
Heidelberg,Karlsruhe,59,60,2.52381,-0.529375,3.85985
Karlsruhe,Offenburg,60,61,2.19641,-0.525952,3.35162
Karlsruhe,Stuttgart,60,510,3.05926,-0.526423,4.66973
Karlsruhe,Appenweier,60,664,2.32294,-0.528079,3.54964
Lucerne,Altdorf,62,63,0.726153,-0.523077,1.10599
Altdorf,Gotthard Pass,63,64,0.51373,-0.520277,0.781012
Altdorf,Zürich,63,399,0.961408,-0.522261,1.46351
Gotthard Pass,Bellinzona,64,65,0.265739,-0.512768,0.402002
Bellinzona,Lugano,65,66,0.146453,-0.494912,0.218934
Bellinzona,San Bernardino,65,516,0.156089,-0.503809,0.234727
Lugano,Chiasso,66,67,0.107833,-0.469097,0.158416
Chiasso,Como,67,68,0.17038,-0.453071,0.247574
Como,Milan,68,69,0.387315,-0.451734,0.562279
Milan,Piacenza,69,70,0.455395,-0.449702,0.660187
Milan,Turin,69,449,0.497169,-0.463566,0.727639
Milan,Tortona,69,450,0.319545,-0.451051,0.463676
Milan,Brescia,69,451,0.402343,-0.450386,0.583553
Milan,Gravellona Toce,69,680,0.413452,-0.455994,0.601983
Piacenza,Parma,70,71,0.343502,-0.445624,0.496575
Parma,Modena,71,72,0.537756,-0.44476,0.776928
Modena,Florence,72,73,0.638491,-0.44157,0.92043
Modena,Verona,72,94,0.720323,-0.446533,1.04197
Modena,Bologna,72,95,0.619432,-0.443242,0.893991
Florence,Rome,73,74,0.582859,-0.438981,0.838722
Rome,Pescara,74,125,0.581914,-0.435658,0.835429
Östersund,Mora,75,76,0.132332,-0.347159,0.178272
Östersund,Trondheim,75,493,0.157389,-0.347498,0.212081
Östersund,Sundsvall,75,610,0.166566,-0.345689,0.224146
Mora,Säffle,76,77,0.0964634,-0.3474,0.129975
Säffle,Gothenburg,77,78,0.127618,-0.347142,0.171919
Gothenburg,Halmstad,78,300,0.122625,-0.346295,0.165089
Gothenburg,Örebro,78,301,0.132555,-0.346328,0.178462
Gothenburg,Oslo,78,489,0.111953,-0.34761,0.15087
Hamburg,Hanover,79,80,1.92455,-0.520925,2.92709
Hamburg,Berlin,79,108,2.11451,-0.518899,3.21172
Hamburg,Bremen,79,507,2.39645,-0.522226,3.64794
Hamburg,Lübeck,79,517,1.10464,-0.520062,1.67913
Hanover,Göttingen,80,81,1.32671,-0.523195,2.02084
Hanover,Bad Oeynhausen,80,312,1.52446,-0.523018,2.32178
Hanover,Braunschweig,80,313,1.42752,-0.519963,2.16977
Göttingen,Kassel,81,82,1.19302,-0.525067,1.81944
Kassel,Fulda,82,83,1.60024,-0.52702,2.4436
Kassel,Dortmund,82,508,1.86561,-0.525405,2.84582
Fulda,Würzburg,83,84,2.31469,-0.527803,3.53639
Würzburg,Nuremberg,84,85,3.46225,-0.527424,5.28833
Würzburg,Aschaffenburg,84,509,3.04007,-0.528353,4.6463
Würzburg,Stuttgart,84,510,2.42043,-0.529046,3.70095
Würzburg,Ulm,84,512,1.59417,-0.525158,2.43137
Nuremberg,Munich,85,86,3.0033,-0.521475,4.56945
Nuremberg,Heilbronn,85,370,3.11217,-0.527332,4.75331
Nuremberg,Rozvadov,85,371,2.48006,-0.523659,3.77876
Nuremberg,Bayreuth,85,529,3.31968,-0.523975,5.05911
Nuremberg,Regensburg,85,667,2.35395,-0.524206,3.58791
Munich,Rosenheim,86,87,2.19626,-0.515564,3.32857
Munich,Salzburg,86,115,2.62806,-0.514693,3.9807
Munich,Ulm,86,512,2.17194,-0.520322,3.30205
Munich,Lindau,86,513,2.42788,-0.515858,3.68032
Munich,Deggendorf,86,531,2.37819,-0.519194,3.61293
Munich,Garmisch-Partenkirchen,86,718,2.12711,-0.515968,3.22463
Munich,Braunau am Inn,86,721,1.87976,-0.517713,2.85293
Rosenheim,Wörgl,87,88,1.48037,-0.512262,2.23871
Rosenheim,Bad Reichenhall,87,407,1.17371,-0.513448,1.77634
Wörgl,Innsbruck,88,89,1.43367,-0.507615,2.16142
Wörgl,St. Johann in Tirol,88,732,1.06607,-0.509833,1.60959
Innsbruck,Brenner,89,90,0.853727,-0.502756,1.28294
Innsbruck,Telfs,89,405,0.739358,-0.505563,1.11315
Innsbruck,Imst,89,406,0.755131,-0.505688,1.13699
Innsbruck,Seefeld,89,720,0.869595,-0.505861,1.30949
Brenner,Fortezza,90,91,0.534548,-0.496872,0.80015
Fortezza,Bolzano,91,92,0.382384,-0.48386,0.567405
Fortezza,Innichen,91,681,0.470201,-0.496971,0.703878
Bolzano,Trento,92,93,0.337516,-0.462154,0.4935
Trento,Verona,93,94,0.604615,-0.450421,0.876947
Verona,Mestre,94,120,0.85927,-0.45049,1.24636
Verona,Brescia,94,451,0.648548,-0.447355,0.938679
Bologna,Cesena,95,96,0.529981,-0.443644,0.765104
Cesena,Perugia,96,97,0.368335,-0.44411,0.531916
Cesena,Ravenna,96,121,0.540394,-0.447035,0.781969
Cesena,Rimini,96,122,0.382842,-0.443463,0.552618
Perugia,Fiano Romano,97,98,0.153056,-0.443035,0.220866
Fiano Romano,Naples,98,99,0.0733963,-0.43996,0.105688
Naples,Salerno,99,100,0.0199913,-0.434774,0.028683
Naples,Avellino,99,741,0.0307893,-0.42835,0.0439779
Salerno,Sicignano degli Alburni,100,101,0.0126528,-0.415182,0.017906
Salerno,Avellino,100,741,0.0167803,-0.414164,0.0237301
Sicignano degli Alburni,Potenza,101,743,0.00708002,-0.402834,0.00993209
Messina,Catania,102,103,0.000103959,0,0.000103959
Messina,Palermo,102,474,0.000103959,0,0.000103959
Catania,Siracusa,103,104,0.000103959,0,0.000103959
Siracusa,Gela,104,105,0.000103959,0,0.000103959
Gela,Mazara del Vallo,105,473,0.000103959,0,0.000103959
Helsingborg,Copenhagen,299,106,0.0276639,-0.342884,0.0371495
Copenhagen,Malmö,106,135,0.0142902,-0.340739,0.0191594
Rostock,Berlin,107,108,1.59725,-0.517581,2.42395
Rostock,Lübeck,107,517,0.798256,-0.518446,1.21211
Rostock,Sassnitz,107,625,0.675807,-0.517452,1.0255
Berlin,Lübbenau,108,109,2.39419,-0.517368,3.63287
Berlin,Szczecin,108,137,1.8952,-0.517437,2.87584
Berlin,Świebodzin,108,139,2.25912,-0.517869,3.42905
Berlin,Magdeburg,108,314,2.38461,-0.518354,3.62069
Berlin,Leipzig,108,526,2.11369,-0.517507,3.20754
Berlin,Neubrandenburg,108,700,1.4734,-0.517549,2.23596
Lübbenau,Dresden,109,110,1.76439,-0.517113,2.67678
Lübbenau,Cottbus,109,644,1.31178,-0.516867,1.9898
Dresden,Ústí nad Labem,110,111,1.79721,-0.517438,2.72715
Dresden,Chemnitz,110,337,2.01224,-0.51723,3.05304
Dresden,Görlitz,110,338,1.2936,-0.516903,1.96227
Ústí nad Labem,Prague,111,112,2.02058,-0.51799,3.06722
Prague,Tábor,112,113,1.96724,-0.517263,2.98482
Prague,Mladá Boleslav,112,146,1.13637,-0.518516,1.7256
Prague,Jihlava,112,147,1.99242,-0.516936,3.02237
Prague,Plzeň,112,372,2.1996,-0.519011,3.34122
Prague,Karlovy Vary,112,523,1.35534,-0.518658,2.0583
Prague,Hradec Králové,112,551,1.47788,-0.517982,2.2434
Tábor,Linz,113,114,1.74152,-0.51668,2.64132
Linz,Salzburg,114,115,1.85717,-0.513931,2.81163
Linz,Sattledt,114,408,0.748259,-0.515747,1.13417
Linz,Sankt Pölten,114,409,1.75552,-0.515139,2.65985
Linz,Wels,114,669,1.31531,-0.516724,1.99496
Salzburg,Villach,115,116,2.83581,-0.508027,4.27648
Salzburg,Bad Reichenhall,115,407,1.4365,-0.51204,2.17205
Salzburg,Sattledt,115,408,1.50176,-0.513163,2.2724
Salzburg,Lofer,115,733,1.7174,-0.511856,2.59645
Villach,Tarvisio,116,117,1.49608,-0.504384,2.25067
Villach,Karavanke Tunnel,116,537,1.27965,-0.504832,1.92565
Villach,Spittal an der Drau,116,682,1.4538,-0.50601,2.18944
Villach,Klagenfurt,116,683,1.55564,-0.506547,2.34364
Tarvisio,Udine,117,118,0.753738,-0.495181,1.12697
Udine,Palmanova,118,119,0.757873,-0.477461,1.11973
Palmanova,Mestre,119,120,0.938936,-0.462629,1.37331
Palmanova,Trieste,119,452,0.910704,-0.472584,1.34109
Mestre,Ravenna,120,121,0.653162,-0.451316,0.947944
Rimini,Fano,122,123,0.19446,-0.439867,0.279997
Fano,Ancona,123,124,0.177152,-0.433958,0.254029
Ancona,Pescara,124,125,0.313598,-0.432059,0.44909
Pescara,Canosa di Puglia,125,126,0.34283,-0.429911,0.490217
Canosa di Puglia,Bari,126,127,0.114742,-0.422774,0.163252
Canosa di Puglia,Benevento,126,742,0.117567,-0.423782,0.16739
Bari,Brindisi,127,128,0.0315812,-0.418688,0.0448038
Bari,Taranto,127,476,0.0300549,-0.417673,0.042608
Brindisi,Taranto,128,476,0.007758,-0.407225,0.0109172
Igoumenitsa,Preveza,129,130,0.0248748,-0.381752,0.0343708
Igoumenitsa,Ioannina,129,477,0.0548292,-0.392957,0.0763747
Preveza,Rhion,130,131,0.0139124,-0.355538,0.0188588
Rhion,Patras,131,132,0.00615404,-0.312006,0.00807413
Rhion,Aigio,131,175,0.00615404,-0.312006,0.00807413
Patras,Pyrgos,132,133,0.00310947,-0.283797,0.00399193
Pyrgos,Kalamata,133,134,0.00182982,-0.253487,0.00229366
Kalamata,Tripoli,134,177,0.00147784,-0.23817,0.00182982
Malmö,Helsingborg,135,299,0.0381622,-0.342413,0.0512295
Malmö,Kalmar,135,626,0.0365012,-0.341388,0.0489622
Goleniów,Szczecin,136,137,0.808288,-0.517143,1.22629
Goleniów,Koszalin,136,637,0.347047,-0.517479,0.526637
Szczecin,Gorzów Wielkopolski,137,138,0.858956,-0.517416,1.30339
Gorzów Wielkopolski,Świebodzin,138,139,1.02473,-0.518208,1.55576
Świebodzin,Zielona Góra,139,140,1.35397,-0.518195,2.05559
Świebodzin,Poznań,139,315,2.11491,-0.520209,3.2151
Zielona Góra,Legnica,140,141,1.35744,-0.518157,2.06081
Legnica,Jelenia Góra,141,142,1.22762,-0.516843,1.8621
Legnica,Görlitz,141,338,1.36328,-0.516975,2.06806
Legnica,Wrocław,141,339,2.05704,-0.517943,3.12248
Legnica,Cottbus,141,644,1.36457,-0.516968,2.07001
Jelenia Góra,Harrachov,142,143,0.530695,-0.516376,0.804734
Harrachov,Železný Brod,143,144,0.381852,-0.516704,0.579156
Železný Brod,Turnov,144,145,0.627617,-0.517669,0.952516
Turnov,Mladá Boleslav,145,146,0.666957,-0.518273,1.01262
Turnov,Hradec Králové,145,551,0.943158,-0.517847,1.43157
Turnov,Teplice,145,715,0.808626,-0.518804,1.22814
Jihlava,Brno,147,148,1.01738,-0.515597,1.54194
Jihlava,Vienna,147,410,1.6423,-0.515526,2.48895
Brno,Bratislava,148,149,1.44342,-0.51516,2.18702
Brno,Trenčín,148,373,1.41201,-0.516376,2.14114
Brno,Vienna,148,410,1.66171,-0.513507,2.51502
Brno,Olomouc,148,716,1.42108,-0.516488,2.15505
Bratislava,Rajka,149,150,1.56287,-0.513598,2.36555
Bratislava,Žilina,149,195,1.62758,-0.515398,2.46643
Bratislava,Győr,149,196,1.63649,-0.512015,2.47439
Bratislava,Vienna,149,410,2.26548,-0.509017,3.41864
Bratislava,Zvolen,149,568,2.16583,-0.514727,3.28064
Bratislava,Dunajská Streda,149,724,1.34103,-0.513621,2.02981
Rajka,Csorna,150,151,0.620534,-0.513175,0.938977
Csorna,Szombathely,151,152,0.315088,-0.508989,0.475464
Szombathely,Zalaegerszeg,152,153,0.330393,-0.500069,0.495612
Zalaegerszeg,Nagykanizsa,153,154,0.676137,-0.495533,1.01119
Nagykanizsa,Letenye,154,155,0.424154,-0.494533,0.633912
Nagykanizsa,Zagreb,154,156,0.9619,-0.487127,1.43047
Nagykanizsa,Balatonvilágos,154,553,1.32177,-0.499177,1.98156
Letenye,Zagreb,155,156,0.537746,-0.481286,0.796555
Zagreb,Karlovac,156,157,0.795847,-0.479919,1.17779
Zagreb,Ljubljana,156,454,0.759736,-0.48217,1.12606
Zagreb,Slavonski Brod,156,455,0.954177,-0.467795,1.40054
Zagreb,Maribor,156,535,0.883518,-0.486981,1.31377
Karlovac,Rijeka,157,158,0.359899,-0.477012,0.531575
Karlovac,Knin,157,554,0.288639,-0.476954,0.426306
Rijeka,Split,158,159,0.249588,-0.4731,0.367669
Rijeka,Trieste,158,452,0.62055,-0.476572,0.916287
Split,Dubrovnik,159,160,0.193817,-0.460991,0.283164
Split,Knin,159,554,0.178328,-0.471442,0.2624
Dubrovnik,Petrovac,160,161,0.0676468,-0.451491,0.0981887
Dubrovnik,Podgorica,160,162,0.160113,-0.442323,0.230935
Petrovac,Podgorica,161,162,0.111168,-0.435776,0.159613
Petrovac,Prizren,161,744,0.10075,-0.438284,0.144906
Podgorica,Bijelo Polje,162,163,0.169326,-0.436778,0.243283
Podgorica,Pristina,162,164,0.234058,-0.438256,0.336636
Podgorica,Sarajevo,162,737,0.291193,-0.436048,0.418168
Bijelo Polje,Pristina,163,164,0.235477,-0.43844,0.338719
Bijelo Polje,Nova Varoš,163,740,0.251019,-0.440304,0.361543
Pristina,Skopje,164,165,0.323197,-0.436482,0.464267
Pristina,Niš,164,202,0.605182,-0.443116,0.873348
Pristina,Prizren,164,744,0.194459,-0.438123,0.279657
Skopje,Kičevo,165,166,0.226875,-0.433151,0.325147
Skopje,Kumanovo,165,203,0.314604,-0.438188,0.45246
Skopje,Veles,165,204,0.243922,-0.430968,0.349044
Kičevo,Ohrid,166,167,0.0959938,-0.430034,0.137274
Ohrid,Bitola,167,168,0.0476734,-0.422408,0.067811
Bitola,Niki,168,169,0.0396282,-0.408711,0.0558247
Niki,Vevi,169,170,0.063976,-0.400735,0.0896135
Vevi,Kozani,170,171,0.139599,-0.399585,0.19538
Kozani,Larissa,171,172,0.094595,-0.399439,0.13238
Kozani,Thessaloniki,171,207,0.303703,-0.401283,0.425574
Kozani,Ioannina,171,477,0.115672,-0.398623,0.161782
Larissa,Domokos,172,173,0.0422904,-0.398875,0.059159
Larissa,Lamia,172,174,0.0422904,-0.398875,0.059159
Larissa,Katerini,172,208,0.119459,-0.400416,0.167293
Larissa,Trikala,172,687,0.0605291,-0.397888,0.0846129
Domokos,Lamia,173,174,6.60595e-05,-0.465766,3.30297e-05
Aigio,Corinth,175,176,0.00310947,-0.283797,0.00399193
Corinth,Tripoli,176,177,0.00182982,-0.253487,0.00229366
Varangerbotn,Utsjoki,178,179,0.0655891,-0.501149,0.098459
Varangerbotn,Kirkenes,178,243,0.154014,-0.520778,0.234222
Varangerbotn,Karasjok,178,502,0.0638426,-0.506635,0.0961875
Utsjoki,Inari,179,180,0.0298171,-0.462587,0.0436102
Inari,Ivalo,180,181,0.0216312,-0.384109,0.0299399
Ivalo,Sodankylä,181,182,0.0300627,-0.328705,0.0399444
Sodankylä,Rovaniemi,182,183,0.0445624,-0.314839,0.0585924
Sodankylä,Kemijärvi,182,539,0.0277928,-0.313293,0.0365
Rovaniemi,Kemi,183,184,0.0637603,-0.317528,0.084006
Kemi,Oulu,184,185,0.0873647,-0.326435,0.115884
Kemi,Tornio,184,614,0.0659295,-0.320586,0.0870656
Oulu,Jyväskylä,185,186,0.079058,-0.333833,0.10545
Oulu,Kokkola,185,615,0.0600233,-0.335596,0.0801668
Jyväskylä,Heinola,186,187,0.0809766,-0.361446,0.110245
Jyväskylä,Kuopio,186,544,0.070174,-0.347405,0.0945528
Jyväskylä,Tampere,186,545,0.084316,-0.356932,0.114411
Heinola,Lahti,187,188,0.0632282,-0.395087,0.0882089
Lahti,Helsinki,188,189,0.0954412,-0.428987,0.136384
Helsinki,Hämeenlinna,189,618,0.0968136,-0.428426,0.138291
Helsinki,Kotka,189,621,0.17685,-0.492925,0.264024
Gdańsk,Świecie,190,191,1.58825,-0.523601,2.41986
Gdańsk,Kaliningrad,190,563,1.19445,-0.527429,1.82443
Gdańsk,Elbląg,190,564,1.34696,-0.525716,2.05507
Gdańsk,Gdynia,190,639,0.966177,-0.524343,1.47279
Świecie,Łódź,191,192,1.13622,-0.522122,1.72947
Świecie,Poznań,191,315,1.50735,-0.523129,2.29589
Łódź,Piotrków Trybunalski,192,193,1.29759,-0.522987,1.97621
Piotrków Trybunalski,Katowice,193,194,1.55085,-0.521901,2.36024
Piotrków Trybunalski,Warsaw,193,316,2.18642,-0.526866,3.33837
Piotrków Trybunalski,Wrocław,193,339,1.5738,-0.520909,2.3936
Katowice,Žilina,194,195,1.31732,-0.518017,1.99971
Katowice,Zabrze,194,342,1.1448,-0.518783,1.7387
Katowice,Kraków,194,343,1.74962,-0.519567,2.65866
Katowice,Český Těšín,194,717,0.911982,-0.518868,1.38518
Žilina,Olomouc,195,716,0.805634,-0.516791,1.22198
Győr,Budapest,196,197,2.31495,-0.508153,3.4913
Győr,Vámosszabadi,196,726,1.02816,-0.511156,1.55371
Budapest,Szeged,197,198,2.62842,-0.496215,3.93268
Budapest,Mosonmagyaróvár,197,412,2.4858,-0.507576,3.74753
Budapest,Szolnok,197,413,2.53164,-0.502724,3.80436
Budapest,Miskolc,197,552,2.49558,-0.508675,3.76502
Budapest,Balatonvilágos,197,553,2.27114,-0.502305,3.41195
Budapest,Szekszárd,197,555,2.02903,-0.505168,3.05403
Budapest,Zvolen,197,568,2.27357,-0.508085,3.42874
Szeged,Subotica,198,199,1.55365,-0.495968,2.32422
Szeged,Arad,198,684,2.05132,-0.488447,3.05327
Subotica,Novi Sad,199,200,0.982803,-0.479106,1.45367
Subotica,Sombor,199,735,0.838083,-0.491087,1.24965
Novi Sad,Belgrade,200,201,1.02227,-0.469353,1.50208
Belgrade,Niš,201,202,0.936068,-0.455976,1.36289
Belgrade,Slavonski Brod,201,455,0.943007,-0.462189,1.37885
Belgrade,Vršac,201,456,0.885162,-0.459848,1.2922
Belgrade,Čačak,201,739,0.809343,-0.454038,1.17682
Niš,Kumanovo,202,203,0.424598,-0.446448,0.614159
Niš,Drobeta-Turnu Severin,202,458,0.939716,-0.449809,1.36241
Niš,Sofia,202,468,0.766961,-0.442404,1.10627
Kumanovo,Kyustendil,203,745,0.286945,-0.440034,0.413211
Veles,Gevgelija,204,205,0.143789,-0.420653,0.204275
Gevgelija,Evzoni,205,206,0.164628,-0.407819,0.231766
Evzoni,Thessaloniki,206,207,0.319743,-0.403008,0.448601
Thessaloniki,Katerini,207,208,0.218615,-0.401865,0.306468
Thessaloniki,Alexandroupoli,207,233,0.459916,-0.39924,0.643533
Thessaloniki,Serres,207,577,0.369591,-0.407892,0.520344
Klaipėda,Kaunas,209,210,1.65666,-0.539608,2.5506
Klaipėda,Palanga,209,704,0.964782,-0.540326,1.48608
Kaunas,Vilnius,210,211,1.83846,-0.539998,2.83123
Kaunas,Warsaw,210,316,3.63504,-0.535144,5.5803
Kaunas,Riga,210,547,2.41519,-0.541196,3.72229
Kaunas,Ukmergė,210,701,1.54437,-0.540122,2.37852
Vilnius,Lida,211,212,1.7015,-0.542417,2.62443
Vilnius,Minsk,211,318,3.49666,-0.541459,5.38996
Vilnius,Marijampolė,211,641,1.78559,-0.542245,2.75381
Vilnius,Ukmergė,211,701,1.78326,-0.54286,2.75133
Lida,Slonim,212,213,0.66637,-0.541828,1.02743
Slonim,Kobryn,213,214,0.35335,-0.536086,0.542777
Kobryn,Dubno,214,215,0.419183,-0.526311,0.639804
Dubno,Ternopil,215,216,0.926258,-0.522437,1.41017
Ternopil,Chernivtsi,216,217,1.06661,-0.519334,1.62054
Ternopil,Stryj,216,379,1.51877,-0.519164,2.30726
Ternopil,Khmelnytskyi,216,380,1.29067,-0.525682,1.96916
Chernivtsi,Siret,217,218,0.839923,-0.512343,1.27025
Siret,Suceava,218,219,1.47389,-0.507205,2.22146
Suceava,Roman,219,220,1.48851,-0.502506,2.23649
Suceava,Halmeu,219,578,2.30004,-0.505423,3.46254
Suceava,Iaşi,219,670,1.94355,-0.508012,2.93089
Roman,Urziceni,220,221,0.869986,-0.489468,1.29582
Urziceni,Bucharest,221,222,0.679612,-0.467979,0.997656
Urziceni,Slobozia,221,421,0.540084,-0.471336,0.794646
Bucharest,Giurgiu,222,223,0.40081,-0.444992,0.579168
Bucharest,Ploieşti,222,420,0.340919,-0.455152,0.496089
Bucharest,Constanţa,222,423,0.513047,-0.45064,0.744247
Bucharest,Alexandria,222,460,0.398451,-0.455709,0.580029
Bucharest,Piteşti,222,583,0.429845,-0.456371,0.626013
Giurgiu,Ruse,223,224,0.224223,-0.433023,0.321317
Ruse,Byala,224,225,0.130448,-0.417138,0.184863
Ruse,Razgrad,224,461,0.120176,-0.417864,0.170394
Byala,Veliko Tarnovo,225,226,0.108068,-0.410686,0.15245
Byala,Pleven,225,584,0.104771,-0.415126,0.148264
Veliko Tarnovo,Stara Zagora,226,227,0.122599,-0.412435,0.173163
Veliko Tarnovo,Shumen,226,462,0.11579,-0.410308,0.1633
Stara Zagora,Haskovo,227,228,0.0777381,-0.402835,0.109054
Stara Zagora,Burgas,227,590,0.106578,-0.408734,0.15014
Haskovo,Svilengrad,228,229,0.0394106,-0.39612,0.0550219
Svilengrad,Ormenio,229,230,0.0323057,-0.392302,0.0449792
Ormenio,Kastanies,230,231,0.0505479,-0.393107,0.0704186
Kastanies,Didymoteicho,231,232,0.108532,-0.394713,0.15137
Didymoteicho,Alexandroupoli,232,233,0.252193,-0.39621,0.352114
Alexandroupoli,Gelibolu,233,478,0.307533,-0.396325,0.429415
Saint Petersburg,Pskov,234,235,3.45349,-0.540993,5.3218
Saint Petersburg,Moscow,234,239,6.64211,-0.5392,10.2235
Saint Petersburg,Petrozavodsk,234,245,2.29527,-0.532157,3.51671
Saint Petersburg,Narva,234,304,2.62632,-0.539737,4.04384
Saint Petersburg,Vyborg,234,623,2.29558,-0.53213,3.51713
Pskov,Gomel,235,236,4.53236,-0.54197,6.98876
Pskov,Riga,235,547,3.24022,-0.542725,4.99877
Gomel,Kiev,236,237,6.43552,-0.539277,9.90605
Gomel,Babruysk,236,703,3.78737,-0.542311,5.84131
Kiev,Odessa,237,238,4.92097,-0.530049,7.52933
Kiev,Hlukhiv,237,242,5.77117,-0.539724,8.88601
Kiev,Kharkiv,237,247,5.7387,-0.535414,8.81128
Kiev,Rivne,237,348,4.18083,-0.537933,6.42984
Kiev,Zhytomyr,237,349,3.35472,-0.535962,5.15272
Odessa,Izmail,238,586,1.70681,-0.520602,2.59538
Odessa,Chişinău,238,672,2.03169,-0.519335,3.08682
Odessa,Mykolaiv,238,673,1.95809,-0.523061,2.9823
Moscow,Kaluga,239,240,4.69002,-0.542602,7.23483
Moscow,Orel,239,246,5.09871,-0.539454,7.84923
Moscow,Voronezh,239,248,5.75022,-0.526345,8.77681
Moscow,Tambov,239,256,4.6958,-0.536489,7.21505
Moscow,Smolensk,239,319,5.10573,-0.540312,7.86442
Moscow,Ryazan,239,320,4.26702,-0.526506,6.51363
Moscow,Velikiye Luki,239,628,4.53071,-0.540177,6.97809
Moscow,Vladimir,239,629,4.38173,-0.528007,6.69531
Kaluga,Bryansk,240,241,2.52612,-0.546574,3.90683
Bryansk,Hlukhiv,241,242,3.12364,-0.545837,4.82863
Hlukhiv,Kursk,242,645,3.36374,-0.544253,5.19446
Kirkenes,Murmansk,243,244,0.330817,-0.528715,0.505725
Murmansk,Petrozavodsk,244,245,0.857436,-0.531358,1.31304
Orel,Kharkiv,246,247,3.83937,-0.539385,5.91027
Kharkiv,Luhansk,247,350,3.08684,-0.539142,4.75109
Voronezh,Novorossiysk,248,249,3.62885,-0.53057,5.5542
Voronezh,Kursk,248,645,3.33781,-0.540273,5.14113
Voronezh,Saratov,248,646,3.23218,-0.516805,4.90259
Novorossiysk,Dzhankoy,249,601,1.46438,-0.526633,2.23557
Novorossiysk,Sochi,249,602,1.42202,-0.526722,2.17103
Mineralnye Vody,Nalchik,250,251,0.229719,-0.484121,0.340931
Mineralnye Vody,Makhachkala,250,260,0.505033,-0.492727,0.753877
Mineralnye Vody,Armavir,250,387,0.267392,-0.485987,0.397341
Nalchik,Vladikavkaz,251,252,0.0903392,-0.475794,0.133322
Vladikavkaz,Stepantsminda,252,253,0.0369246,-0.460452,0.0539265
Stepantsminda,Mtskheta,253,254,0.0175139,-0.428015,0.0250101
Mtskheta,Tbilisi,254,255,0.0130957,-0.383719,0.0181207
Tbilisi,Gori,255,428,0.00933452,-0.359067,0.0126862
Tbilisi,Rustavi,255,429,0.012209,-0.384183,0.0168995
Tambov,Povorino,256,257,2.11303,-0.537858,3.24953
Povorino,Volgograd,257,258,1.80326,-0.533282,2.76491
Volgograd,Astrakhan,258,259,2.13571,-0.516841,3.23953
Volgograd,Luhansk,258,350,2.08785,-0.534778,3.20438
Astrakhan,Makhachkala,259,260,1.51465,-0.502353,2.27553
Astrakhan,Atyrau,259,265,2.17712,-0.491211,3.24654
Makhachkala,Kuba,260,261,0.494089,-0.49568,0.738999
Kuba,Baku,261,262,0.190358,-0.492613,0.284131
Baku,Yevlakh,262,431,0.0741723,-0.486821,0.110281
Samara,Oral,263,264,2.19167,-0.466251,3.21354
Samara,Penza,263,321,1.67572,-0.494027,2.50357
Samara,Ufa,263,322,1.54747,-0.478286,2.28761
Oral,Atyrau,264,265,2.40688,-0.466555,3.52983
Oral,Saratov,264,646,2.55347,-0.492904,3.81208
Oral,Aktobe,264,647,1.63195,-0.460723,2.38383
Atyrau,Beineu,265,266,1.04181,-0.471762,1.5333
Atyrau,Beyneu,265,351,1.04181,-0.471762,1.5333
Beineu,Shetpe,266,267,0.40861,-0.471547,0.601289
Shetpe,Zhetybai,267,268,0.160765,-0.471376,0.236545
Zhetybai,Fetisovo,268,269,0.0644802,-0.467916,0.0946515
Fetisovo,Bekdash,269,270,0.0285385,-0.452309,0.0414467
Bekdash,Türkmenbaşy,270,271,0.0184133,-0.405418,0.0258783
Türkmenbaşy,Gyzylarbat,271,272,0.0232182,-0.361364,0.0316084
Gyzylarbat,Ashgabat,272,432,0.0448035,-0.352282,0.060587
Chelyabinsk,Kostanay,273,274,0.336152,-0.465377,0.49259
Chelyabinsk,Ufa,273,322,0.701781,-0.470599,1.03204
Chelyabinsk,Kurgan,273,323,0.380086,-0.461203,0.555383
Kostanay,Esil,274,275,0.151884,-0.458625,0.221542
Esil,Derzhavinsk,275,276,0.106932,-0.439982,0.15398
Derzhavinsk,Arkalyk,276,277,0.156076,-0.423562,0.222184
Arkalyk,Jezkazgan,277,278,0.337435,-0.418774,0.478744
Jezkazgan,Kyzylorda,278,279,0.530726,-0.417999,0.752569
Jezkazgan,Karaganda,278,286,0.502676,-0.417622,0.712604
Kyzylorda,Shymkent,279,280,0.515397,-0.413254,0.728387
Kyzylorda,Novokazalinsk,279,650,0.371474,-0.422816,0.528539
Shymkent,Tashkent,280,281,0.424192,-0.405572,0.596232
Shymkent,Zhambyl,280,359,0.343371,-0.4029,0.481715
Tashkent,Ayni,281,282,0.162955,-0.392734,0.226953
Tashkent,Jizzakh,281,358,0.205231,-0.399703,0.287262
Tashkent,Kokand,281,689,0.164733,-0.400078,0.230639
Ayni,Dushanbe,282,283,0.134257,-0.380114,0.18529
Ayni,Kokand,282,689,0.0655363,-0.384394,0.090728
Dushanbe,Termez,283,440,0.0773103,-0.369489,0.105876
Dushanbe,Jirgatal,283,441,0.0781297,-0.37133,0.107142
Dushanbe,Kulob,283,692,0.0573023,-0.371045,0.078564
Ishim,Astana,284,285,0.214329,-0.427392,0.305931
Ishim,Omsk,284,291,0.214329,-0.427392,0.305931
Ishim,Kurgan,284,323,0.292115,-0.445501,0.422253
Ishim,Tyumen,284,635,0.208067,-0.437258,0.299046
Astana,Karaganda,285,286,0.248938,-0.419548,0.353379
Karaganda,Balkhash,286,287,0.306857,-0.414436,0.43403
Karaganda,Pavlodar,286,292,0.299279,-0.419009,0.42468
Balkhash,Burubaytal,287,288,0.189449,-0.407718,0.26669
Burubaytal,Almaty,288,289,0.226523,-0.399465,0.317011
Almaty,Bishkek,289,290,0.353245,-0.39561,0.492992
Almaty,Sary-Ozek,289,360,0.170022,-0.395712,0.237301
Almaty,Kokpek,289,695,0.139359,-0.395972,0.194541
Bishkek,Zhambyl,290,359,0.313135,-0.397938,0.437743
Bishkek,Osh,290,691,0.322358,-0.392951,0.449029
Omsk,Pavlodar,291,292,0.175326,-0.421211,0.249176
Pavlodar,Semey,292,293,0.151925,-0.417837,0.215405
Semey,Georgiyevka,293,294,0.0637652,-0.41559,0.0902655
Georgiyevka,Ayagoz,294,364,0.0286055,-0.41149,0.0403764
Narvik,Kiruna,295,296,0.0129603,-0.335672,0.0173107
Narvik,Setermoen,295,498,0.00636248,-0.341729,0.00853673
Kiruna,Töre,296,297,0.0282589,-0.335612,0.0377429
Töre,Luleå,297,298,0.0625255,-0.336088,0.0835396
Luleå,Umeå,298,612,0.106612,-0.338885,0.142741
Luleå,Haparanda,298,613,0.070356,-0.333324,0.0938074
Helsingborg,Halmstad,299,300,0.0828025,-0.344715,0.111346
Helsingborg,Jönköping,299,605,0.0515052,-0.342197,0.0691301
Örebro,Stockholm,301,302,0.158983,-0.347202,0.214182
Örebro,Karlstad,301,620,0.09446,-0.347534,0.127288
Stockholm,Södertälje,302,608,0.117502,-0.346763,0.158248
Stockholm,Uppsala,302,609,0.139045,-0.347124,0.187311
Tallinn,Narva,303,304,1.54005,-0.541871,2.37456
Tallinn,Riga,303,547,2.1228,-0.542484,3.27438
Colchester,Ipswich,305,306,0.000103959,0,0.000103959
Ipswich,Cambridge,306,636,0.000103959,0,0.000103959
The Hague,Gouda,307,308,0.360254,-0.517779,0.546786
Amersfoort,Oldenzaal,309,310,0.606295,-0.520941,0.92214
Amersfoort,Hoogeveen,309,698,0.565736,-0.520996,0.860483
Oldenzaal,Osnabrück,310,311,0.51997,-0.522426,0.791616
Osnabrück,Bad Oeynhausen,311,312,0.976936,-0.523653,1.48851
Bad Oeynhausen,Dortmund,312,508,1.67265,-0.524916,2.55065
Braunschweig,Magdeburg,313,314,1.3288,-0.518954,2.01838
Magdeburg,Halle,314,518,1.41579,-0.518109,2.14933
Poznań,Warsaw,315,316,2.5398,-0.526145,3.8761
Poznań,Wrocław,315,339,1.524,-0.521111,2.31818
Warsaw,Elbląg,316,564,2.01252,-0.528263,3.07567
Warsaw,Radom,316,565,2.39445,-0.528044,3.65882
Warsaw,Lublin,316,713,2.82441,-0.530046,4.32148
Brest,Rennes,317,365,0.331886,-0.509707,0.501051
Brest,Lorient,317,388,0.182403,-0.508447,0.275145
Minsk,Smolensk,318,319,3.70192,-0.543142,5.71258
Minsk,Babruysk,318,703,3.32696,-0.543489,5.13512
Ryazan,Penza,320,321,1.95581,-0.51925,2.97137
Ufa,Yelabuga,322,632,0.746176,-0.473787,1.0997
Bruges,Ghent,324,325,1.54564,-0.521882,2.35229
Bruges,Zeebrugge,324,642,1.74152,-0.523694,2.65354
Ghent,Brussels,325,326,2.08971,-0.522663,3.18193
Brussels,Leuven,326,327,2.64423,-0.525185,4.03294
Leuven,Hasselt,327,708,1.71243,-0.527996,2.61659
Eupen,Aachen,328,329,2.04951,-0.529937,3.13561
Eupen,St. Vith,328,653,1.05395,-0.530249,1.61281
Aachen,Heerlen,329,709,1.61268,-0.529912,2.46725
Olpe,Wetzlar,330,331,1.93782,-0.527771,2.96054
Wetzlar,Gießen,331,332,1.92773,-0.529221,2.94792
Wetzlar,Dortmund,331,508,2.70592,-0.527285,4.13271
Wetzlar,Aschaffenburg,331,509,2.07587,-0.528642,3.17326
Wetzlar,Koblenz,331,660,2.02466,-0.529214,3.09613
Gießen,Bad Hersfeld,332,333,1.1941,-0.530135,1.82713
Bad Hersfeld,Eisenach,333,334,0.562292,-0.528075,0.859225
Eisenach,Erfurt,334,335,0.524351,-0.521927,0.798025
Erfurt,Gera,335,336,1.03376,-0.518496,1.56975
Gera,Chemnitz,336,337,1.54515,-0.517894,2.34537
Gera,Leipzig,336,526,1.55804,-0.517564,2.36442
Gera,Hirschberg,336,527,1.09337,-0.518216,1.65997
Chemnitz,Plauen,337,519,1.45725,-0.517772,2.21178
Wrocław,Opole,339,340,1.27885,-0.518828,1.94235
Wrocław,Kłodzko,339,548,1.29925,-0.518634,1.97309
Opole,Gliwice,340,341,0.611822,-0.517979,0.928733
Gliwice,Zabrze,341,342,0.578621,-0.517939,0.878312
Kraków,Rzeszów,343,344,0.821504,-0.520463,1.24907
Kraków,Radom,343,565,0.982999,-0.52395,1.49804
Kraków,Trstená,343,566,1.04102,-0.519024,1.58134
Rzeszów,Jarosław,344,345,0.773587,-0.524822,1.17958
Rzeszów,Radom,344,565,0.840363,-0.526326,1.28267
Rzeszów,Barwinek,344,710,0.610531,-0.523009,0.929845
Jarosław,Korczowa,345,346,0.836172,-0.526968,1.27681
Korczowa,Lviv,346,347,1.78003,-0.527329,2.71869
Lviv,Rivne,347,348,2.35303,-0.532348,3.60567
Lviv,Mukachevo,347,378,3.28855,-0.521812,5.00456
Lviv,Lublin,347,713,1.7808,-0.527732,2.72059
Rivne,Zhytomyr,348,349,1.44501,-0.536388,2.22009
Rivne,Kovel,348,714,1.42942,-0.535916,2.19546
Zhytomyr,Vinnytsia,349,381,2.41698,-0.535519,3.71132
Beyneu,Qo‘ng‘irot,351,352,0.417313,-0.469063,0.613059
Qo‘ng‘irot,Nukus,352,353,0.184305,-0.456926,0.268519
Nukus,Daşoguz,353,354,0.119725,-0.421102,0.170142
Daşoguz,Bukhara,354,355,0.0698208,-0.365207,0.0953198
Daşoguz,Ashgabat,354,432,0.0790275,-0.365189,0.107888
Daşoguz,Uchkuduk,354,688,0.0433828,-0.384355,0.0600571
Bukhara,Navoiy,355,356,0.0746888,-0.35405,0.101132
Bukhara,Alat,355,436,0.0630664,-0.342894,0.0846915
Bukhara,Karshi,355,437,0.0639289,-0.34383,0.0859096
Bukhara,Uchkuduk,355,688,0.0414758,-0.350074,0.0559955
Navoiy,Samarkand,356,357,0.0621346,-0.373291,0.0853289
Samarkand,Jizzakh,357,358,0.095969,-0.392977,0.133683
Sary-Ozek,Taldykorgan,360,361,0.0819172,-0.394212,0.11421
Sary-Ozek,Koktal,360,697,0.0772948,-0.394423,0.107782
Taldykorgan,Ucharal,361,362,0.0362366,-0.393498,0.0504956
Ucharal,Taskesken,362,363,0.019074,-0.395202,0.0266121
Taskesken,Ayagoz,363,364,0.0169876,-0.403362,0.0238398
Rennes,Le Mans,365,366,0.819699,-0.51057,1.23821
Le Mans,Angers,366,391,0.668,-0.510726,1.00917
Le Mans,Tours,366,392,0.791093,-0.508176,1.19311
Le Mans,Rouen,366,662,1.24541,-0.515623,1.88758
Reims,Charleroi,367,651,1.65637,-0.523702,2.52382
Reims,Charleville-Mézières,367,658,1.51915,-0.523112,2.31383
Reims,Rouen,367,662,1.75408,-0.519858,2.66595
Saarbrücken,Mannheim,368,369,2.82411,-0.52939,4.31916
Saarbrücken,Trier,368,659,1.47044,-0.528437,2.24747
Mannheim,Heilbronn,369,370,2.64737,-0.529238,4.04846
Rozvadov,Plzeň,371,372,2.22628,-0.522462,3.38943
Plzeň,Karlovy Vary,372,523,1.55285,-0.521402,2.36251
Plzeň,České Budějovice,372,524,1.81095,-0.520494,2.75354
Plzeň,Bayerisch Eisenstein,372,530,1.84418,-0.521247,2.80545
Trenčín,Prešov,373,374,1.21764,-0.517461,1.84772
Prešov,Košice,374,375,1.89533,-0.517121,2.87545
Prešov,Svidník,374,712,0.920988,-0.518066,1.39812
Košice,Vyšné Nemecké,375,376,0.961086,-0.516593,1.45758
Košice,Uzhhorod,375,377,1.84862,-0.517896,2.806
Košice,Miskolc,375,552,1.75393,-0.513439,2.65446
Košice,Zvolen,375,568,1.82678,-0.514765,2.76715
Vyšné Nemecké,Uzhhorod,376,377,0.887529,-0.519306,1.34843
Uzhhorod,Mukachevo,377,378,2.93553,-0.519946,4.46185
Uzhhorod,Chop,377,723,1.4971,-0.518216,2.27292
Mukachevo,Stryj,378,379,2.21336,-0.516171,3.35583
Mukachevo,Halmeu,378,578,2.74663,-0.514626,4.16012
Khmelnytskyi,Vinnytsia,380,381,1.53716,-0.531343,2.35392
Vinnytsia,Uman,381,382,1.49788,-0.530688,2.29278
Vinnytsia,Mohyliv-Podilskyi,381,728,1.38231,-0.531613,2.11716
Uman,Kirovohrad,382,383,1.1684,-0.523209,1.77972
Kirovohrad,Dnipropetrovsk,383,384,0.833005,-0.517524,1.2641
Kirovohrad,Chişinău,383,672,1.67515,-0.516933,2.54109
Dnipropetrovsk,Donetsk,384,385,0.35484,-0.512509,0.536699
Donetsk,Rostov-on-Don,385,386,0.240392,-0.502041,0.361079
Rostov-on-Don,Armavir,386,387,0.215717,-0.49023,0.321468
Rostov-on-Don,Taganrog,386,675,0.215065,-0.503024,0.323247
Lorient,Vannes,388,389,0.218404,-0.508202,0.329398
Vannes,Nantes,389,390,0.476393,-0.509004,0.718879
Nantes,Angers,390,391,0.666811,-0.50822,1.0057
Nantes,Poitiers,390,676,0.924023,-0.510984,1.39618
Angers,Tours,391,392,0.540677,-0.501543,0.811849
Tours,Vierzon,392,503,0.717465,-0.499042,1.07551
Montargis,Auxerre,393,394,1.2337,-0.513314,1.86697
Auxerre,Beaune,394,395,2.2749,-0.518036,3.45337
Beaune,Dole,395,396,2.2513,-0.519827,3.42158
Beaune,Antwerp,395,505,3.83112,-0.519703,5.82217
Dole,Besançon,396,397,1.17011,-0.522932,1.78201
Besançon,Belfort,397,398,1.31271,-0.525551,2.00261
Zürich,Winterthur,399,400,1.32232,-0.518007,2.00729
Winterthur,St. Gallen,400,401,0.944511,-0.517367,1.43317
Winterthur,Schaffhausen,400,511,1.25671,-0.522551,1.91341
St. Gallen,St. Margrethen,401,402,0.882968,-0.513803,1.33664
St. Margrethen,Bregenz,402,403,1.46759,-0.512281,2.2194
St. Margrethen,Buchs,402,514,0.684083,-0.512044,1.03436
Bregenz,Feldkirch,403,748,1.41937,-0.511172,2.14491
Bregenz,Lindau,403,513,2.2042,-0.51344,3.33593
Feldkirch,Landeck,748,404,0.657247,-0.508031,0.991149
Feldkirch,Imst,748,406,0.686317,-0.507875,1.03488
Landeck,Telfs,404,405,0.463678,-0.506008,0.698303
Sattledt,Liezen,408,532,0.954912,-0.5135,1.44526
Sattledt,Wels,408,669,0.997084,-0.5162,1.51178
Sankt Pölten,Vienna,409,410,2.00149,-0.513302,3.02886
Vienna,Nickelsdorf,410,411,2.21202,-0.512188,3.34499
Vienna,Halámky,410,525,2.10787,-0.513752,3.1908
Vienna,Graz,410,534,2.7632,-0.508822,4.16918
Nickelsdorf,Mosonmagyaróvár,411,412,1.5551,-0.510457,2.34891
Szolnok,Püspökladány,413,414,1.86506,-0.504727,2.80641
Püspökladány,Oradea,414,415,2.36505,-0.499627,3.54669
Püspökladány,Nyíregyháza,414,722,1.41204,-0.505694,2.1261
Oradea,Cluj-Napoca,415,416,1.19589,-0.488011,1.7795
Oradea,Berettyóújfalu,415,570,1.63538,-0.497395,2.44881
Oradea,Beiuş,415,571,1.11556,-0.490549,1.6628
Oradea,Satu Mare,415,579,1.75717,-0.497078,2.63062
Oradea,Arad,415,684,1.92679,-0.48737,2.86584
Cluj-Napoca,Turda,416,417,0.747478,-0.489154,1.11311
Cluj-Napoca,Zalău,416,580,0.704387,-0.495424,1.05336
Turda,Târgu Mureş,417,418,0.3396,-0.482657,0.50351
Turda,Sebeş,417,581,0.351973,-0.482326,0.521739
Târgu Mureş,Braşov,418,419,0.251501,-0.473948,0.370699
Braşov,Ploieşti,419,420,0.225716,-0.462181,0.330038
Braşov,Sibiu,419,582,0.297886,-0.474115,0.439119
Braşov,Piteşti,419,583,0.192262,-0.459517,0.28061
Slobozia,Hârşova,421,422,0.378444,-0.467685,0.555436
Slobozia,Galaţi,421,588,0.602716,-0.479066,0.891456
Hârşova,Constanţa,422,423,0.398188,-0.461676,0.582022
Constanţa,Varna,423,463,0.378711,-0.439451,0.545135
Constanţa,Tulcea,423,589,0.398188,-0.461676,0.582022
Senaki,Samtredia,424,425,0.0268409,-0.542306,0.0413969
Senaki,Zugdidi,424,604,0.0721938,-0.542565,0.111364
Samtredia,Kutaisi,425,426,0.0105999,-0.524679,0.0161615
Kutaisi,Khashuri,426,427,0.00548204,-0.458496,0.00799554
Khashuri,Gori,427,428,0.00539116,-0.374153,0.00740828
Rustavi,Ganja,429,430,0.0147759,-0.435214,0.0212065
Ganja,Yevlakh,430,431,0.0302041,-0.472454,0.0444741
Ashgabat,Tejen,432,433,0.0455043,-0.348064,0.0613427
Tejen,Mary,433,434,0.0249633,-0.336926,0.033374
Mary,Türkmenabat,434,435,0.0212438,-0.330759,0.0282704
Türkmenabat,Alat,435,436,0.0315775,-0.334974,0.0421551
Karshi,Guzar,437,438,0.0338411,-0.340026,0.045348
Guzar,Sherobod,438,439,0.026767,-0.346674,0.0360465
Sherobod,Termez,439,440,0.0382518,-0.360424,0.0520387
Jirgatal,Sary Tash,441,442,0.0703043,-0.374999,0.0966683
Jirgatal,Khorugh,441,694,0.0441018,-0.368672,0.0603608
Sary Tash,Irkeshtam,442,443,0.0884142,-0.383459,0.122317
Irkeshtam,Osh,443,691,0.174331,-0.388478,0.242054
A Coruña,Bilbao,444,445,0.125433,-0.446503,0.18144
A Coruña,Pontevedra,444,481,0.0570277,-0.434421,0.0818017
Clermont-Ferrand,Montluçon,446,504,0.860547,-0.49238,1.28426
Chambéry,Susa,447,448,0.905058,-0.498633,1.35635
Chambéry,Marseille,447,736,0.680495,-0.502307,1.02231
Susa,Turin,448,449,0.615684,-0.48546,0.914574
Tortona,Brescia,450,451,0.290773,-0.447405,0.420866
Trieste,Postojna,452,453,0.33241,-0.476656,0.490856
Trieste,Ljubljana,452,454,0.631139,-0.483061,0.936017
Postojna,Ljubljana,453,454,0.432169,-0.487812,0.642985
Ljubljana,Maribor,454,535,0.73641,-0.493837,1.10008
Ljubljana,Naklo,454,538,1.0708,-0.493782,1.59954
Vršac,Timişoara,456,457,0.877157,-0.463661,1.28386
Timişoara,Drobeta-Turnu Severin,457,458,0.988357,-0.462678,1.44565
Timişoara,Arad,457,684,1.53435,-0.474059,2.26172
Drobeta-Turnu Severin,Craiova,458,459,0.981366,-0.455952,1.42882
Craiova,Alexandria,459,460,0.408684,-0.455812,0.594967
Craiova,Târgu Jiu,459,574,0.570207,-0.458422,0.831602
Craiova,Piteşti,459,583,0.530022,-0.457445,0.772477
Razgrad,Shumen,461,462,0.109804,-0.413305,0.155187
Shumen,Varna,462,463,0.168232,-0.422031,0.23923
Varna,Burgas,463,590,0.16545,-0.421892,0.235253
Lisbon,Valladolid,464,465,0.108561,-0.415658,0.153686
Lisbon,Porto,464,483,0.104467,-0.403366,0.146605
Lisbon,Albufeira,464,484,0.104082,-0.399889,0.145704
Toulouse,Nice,466,467,0.926153,-0.469502,1.36098
Nice,Cuneo,467,685,0.39947,-0.461411,0.58379
Sofia,Plovdiv,468,469,0.433576,-0.437086,0.623086
Sofia,Botevgrad,468,575,0.435832,-0.43685,0.626226
Sofia,Blagoevgrad,468,576,0.478244,-0.433721,0.685668
Sofia,Kyustendil,468,745,0.329248,-0.437999,0.473458
Plovdiv,Istanbul,469,470,0.181913,-0.43536,0.26111
Istanbul,İzmit,470,471,0.0886439,-0.430967,0.126846
İzmit,Gerede,471,472,0.031416,-0.421496,0.0446576
İzmit,Bursa,471,479,0.0319326,-0.418401,0.0452932
Gerede,Kızılcahamam,472,599,0.0151811,-0.411673,0.0214308
Mazara del Vallo,Palermo,473,474,0.000103959,0,0.000103959
Metaponto,Taranto,475,476,0.0130822,-0.405759,0.0183903
Metaponto,Potenza,475,743,0.00721138,-0.397942,0.0100811
Ioannina,Trikala,477,687,0.0487252,-0.395934,0.0680171
Gelibolu,Keşan,478,596,0.151497,-0.392234,0.210919
Gelibolu,Ayvalık,478,597,0.151514,-0.392173,0.210933
Bursa,Ankara,479,480,0.0169177,-0.405226,0.0237732
Bursa,Balıkesir,479,746,0.0206091,-0.399725,0.0288471
Ankara,Kızılcahamam,480,599,0.0114456,-0.40223,0.0160494
Pontevedra,Valença,481,482,0.0381701,-0.41377,0.0539638
Valença,Porto,482,483,0.0508999,-0.401149,0.0713183
Albufeira,Castro Marim,484,485,0.0564347,-0.391479,0.0785276
Castro Marim,Huelva,485,486,0.0529728,-0.390105,0.0736378
Cherbourg-Octeville,La Rochelle,487,488,0.176807,-0.510089,0.266994
Cherbourg-Octeville,Caen,487,661,0.376435,-0.51707,0.571079
La Rochelle,Saintes,488,730,0.157553,-0.494547,0.23547
Oslo,Hamar,489,490,0.0720481,-0.348358,0.0971466
Oslo,Askim,489,619,0.0753085,-0.347813,0.101502
Hamar,Lillehammer,490,491,0.0454359,-0.348943,0.0612904
Lillehammer,Dombås,491,492,0.0505327,-0.348941,0.0681657
Dombås,Trondheim,492,493,0.0908955,-0.348423,0.122566
Trondheim,Stjørdal,493,494,0.089061,-0.348207,0.120073
Stjørdal,Steinkjer,494,495,0.0449355,-0.347812,0.0605647
Steinkjer,Mosjøen,495,496,0.0320683,-0.345523,0.0431486
Mosjøen,Mo i Rana,496,497,0.0413618,-0.342629,0.0555335
Mo i Rana,Umeå,497,612,0.0789987,-0.341305,0.105961
Setermoen,Alta,498,499,0.00411318,-0.372772,0.00564646
Alta,Olderfjord,499,500,0.00493044,-0.43464,0.0070734
Olderfjord,Lakselv,500,501,0.0100336,-0.476152,0.0148112
Lakselv,Karasjok,501,502,0.0246919,-0.495962,0.0369381
Vierzon,Montluçon,503,504,0.527939,-0.494502,0.789006
Antwerp,Zeebrugge,505,642,2.54382,-0.523869,3.87645
Martigny,Sion,506,678,0.64498,-0.507009,0.97199
Bremen,Groningen,507,624,2.12153,-0.523032,3.23116
Stuttgart,Schaffhausen,510,511,1.89669,-0.526245,2.89481
Stuttgart,Ulm,510,512,1.68944,-0.524207,2.57505
Ulm,Lindau,512,513,1.48288,-0.519736,2.25359
Lindau,Waldshut,513,666,2.04366,-0.518166,3.10261
Buchs,Chur,514,515,0.273664,-0.510452,0.413357
Chur,San Bernardino,515,516,0.14263,-0.50653,0.214876
Halle,Plauen,518,519,1.35112,-0.518008,2.05101
Plauen,Schönberg,519,520,1.10315,-0.51823,1.67484
Plauen,Hof,519,528,1.46092,-0.519063,2.21922
Schönberg,Vojtanov,520,521,0.663462,-0.519052,1.00783
Vojtanov,Cheb,521,522,0.912512,-0.520408,1.38739
Cheb,Karlovy Vary,522,523,1.50847,-0.520598,2.29378
Cheb,Marktredwitz,522,663,1.20225,-0.521396,1.82911
Karlovy Vary,Teplice,523,715,0.933108,-0.519994,1.41832
České Budějovice,Halámky,524,525,1.29135,-0.517341,1.95941
Hirschberg,Hof,527,528,1.12993,-0.519314,1.71672
Hof,Bayreuth,528,529,1.82514,-0.521529,2.777
Bayreuth,Marktredwitz,529,663,1.64347,-0.522088,2.50151
Bayerisch Eisenstein,Deggendorf,530,531,1.38851,-0.520464,2.11118
Liezen,Sankt Michael,532,533,0.789512,-0.50968,1.19191
Sankt Michael,Graz,533,534,1.42891,-0.506673,2.1529
Graz,Maribor,534,535,1.23199,-0.501817,1.85023
Graz,Spielfeld,534,536,0.924691,-0.505574,1.39219
Graz,Klagenfurt,534,683,1.72746,-0.502766,2.59597
Maribor,Spielfeld,535,536,0.425388,-0.495469,0.636155
Karavanke Tunnel,Naklo,537,538,0.900119,-0.501486,1.35152
Naklo,Loiblpass,538,734,0.86372,-0.49973,1.29535
Kemijärvi,Posio,539,540,0.0139858,-0.309148,0.0183094
Posio,Kuusamo,540,541,0.00882613,-0.31063,0.0115678
Kuusamo,Kajaani,541,542,0.00914979,-0.321886,0.012095
Kajaani,Iisalmi,542,543,0.0153638,-0.334077,0.0204965
Iisalmi,Kuopio,543,544,0.0318433,-0.343106,0.0427689
Tampere,Turku,545,546,0.038874,-0.367408,0.0531567
Tampere,Vaasa,545,616,0.048421,-0.353433,0.0655346
Tampere,Hämeenlinna,545,618,0.076042,-0.393161,0.105939
Turku,Pori,546,617,0.0245328,-0.357569,0.033305
Riga,Šiauliai,547,561,2.19261,-0.542456,3.38201
Riga,Rēzekne,547,627,2.3128,-0.543615,3.57008
Kłodzko,Kudowa-Zdrój,548,549,0.593155,-0.517786,0.900283
Kudowa-Zdrój,Náchod,549,550,0.501311,-0.517355,0.760666
Náchod,Hradec Králové,550,551,0.928178,-0.517534,1.40854
Hradec Králové,Olomouc,551,716,1.28233,-0.517118,1.94544
Miskolc,Debrecen,552,569,1.43451,-0.509826,2.16586
Szekszárd,Mohács,555,556,0.850137,-0.505296,1.27971
Mohács,Osijek,556,557,0.530385,-0.502047,0.796663
Osijek,Đakovo,557,558,0.320614,-0.496572,0.479822
Osijek,Sombor,557,735,0.528977,-0.495095,0.79087
Đakovo,Šamac,558,559,0.146531,-0.485386,0.217656
Šamac,Zenica,559,560,0.114698,-0.457544,0.167177
Zenica,Sarajevo,560,737,0.187822,-0.439947,0.270454
Šiauliai,Tolpaki,561,562,1.71121,-0.53982,2.63496
Šiauliai,Palanga,561,704,1.3155,-0.540732,2.02683
Šiauliai,Panevėžys,561,705,1.35948,-0.541059,2.09504
Tolpaki,Kaliningrad,562,563,1.10095,-0.534297,1.68919
Tolpaki,Nesterov,562,640,1.01421,-0.538716,1.56058
Trstená,Ružomberok,566,567,0.865107,-0.515985,1.31149
Ružomberok,Zvolen,567,568,1.58196,-0.513689,2.39459
Debrecen,Berettyóújfalu,569,570,1.02055,-0.504039,1.53495
Beiuş,Deva,571,572,0.764725,-0.482735,1.13389
Deva,Petroşani,572,573,0.654007,-0.469102,0.960803
Deva,Sibiu,572,582,0.839186,-0.470452,1.23398
Deva,Arad,572,684,1.14259,-0.474326,1.68456
Petroşani,Târgu Jiu,573,574,0.418064,-0.464145,0.612107
Botevgrad,Jablanica,575,585,0.187741,-0.433965,0.269213
Blagoevgrad,Serres,576,577,0.298143,-0.42186,0.423917
Halmeu,Satu Mare,578,579,2.18956,-0.495263,3.27397
Satu Mare,Zalău,579,580,0.936061,-0.49765,1.40189
Sebeş,Sibiu,581,582,0.373245,-0.473471,0.549965
Sibiu,Piteşti,582,583,0.4176,-0.463941,0.611342
Pleven,Jablanica,584,585,0.102594,-0.425577,0.146256
Izmail,Reni,586,587,0.79377,-0.513235,1.20116
Reni,Galaţi,587,588,0.69551,-0.497752,1.0417
Galaţi,Tulcea,588,589,0.455169,-0.480877,0.67405
Galaţi,Giurgiuleşti,588,729,0.82587,-0.499593,1.23847
Burgas,Malko Tarnovo,590,591,0.0886584,-0.409011,0.124921
Malko Tarnovo,Dereköy,591,592,0.0389365,-0.401795,0.054581
Dereköy,Kırklareli,592,593,0.0205037,-0.393739,0.0285768
Kırklareli,Babaeski,593,594,0.018217,-0.388404,0.0252925
Babaeski,Havsa,594,595,0.0300814,-0.38832,0.0417627
Havsa,Keşan,595,596,0.0653083,-0.390161,0.0907891
Ayvalık,İzmir,597,598,0.0653423,-0.389861,0.0908167
İzmir,Manisa,598,747,0.0301198,-0.387788,0.0417999
Kherson,Dzhankoy,600,601,0.958183,-0.52646,1.46263
Kherson,Mykolaiv,600,673,1.10563,-0.52393,1.68491
Kherson,Melitopol,600,674,0.606585,-0.523947,0.924403
Sochi,Sukhumi,602,603,0.528547,-0.530522,0.808953
Sukhumi,Zugdidi,603,604,0.195886,-0.533392,0.30037
Jönköping,Linköping,605,606,0.0381932,-0.341608,0.0512403
Linköping,Norrköping,606,607,0.0509755,-0.342576,0.0684385
Norrköping,Södertälje,607,608,0.0786434,-0.34506,0.10578
Norrköping,Kalmar,607,626,0.0507891,-0.342562,0.0681875
Uppsala,Sundsvall,609,610,0.14395,-0.346498,0.193829
Sundsvall,Örnsköldsvik,610,611,0.134377,-0.345218,0.180767
Örnsköldsvik,Umeå,611,612,0.10973,-0.342812,0.147347
Haparanda,Tornio,613,614,0.0514046,-0.325615,0.0681428
Kokkola,Vaasa,615,616,0.0472382,-0.339389,0.0632703
Vaasa,Pori,616,617,0.027736,-0.348989,0.0374155
Askim,Karlstad,619,620,0.062973,-0.347945,0.0848842
Kotka,Vaalimaa,621,622,0.340929,-0.522617,0.519104
Vaalimaa,Vyborg,622,623,0.861358,-0.530441,1.31826
Groningen,Hoogeveen,624,698,0.773146,-0.522555,1.17716
Sassnitz,Stralsund,625,699,0.429397,-0.517102,0.651439
Rēzekne,Velikiye Luki,627,628,2.584,-0.543279,3.98784
Rēzekne,Daugavpils,627,702,1.56266,-0.543735,2.41233
Vladimir,Nizhny Novgorod,629,630,1.66342,-0.535407,2.55403
Nizhny Novgorod,Kazan,630,631,0.726337,-0.528771,1.1104
Kazan,Yelabuga,631,632,0.557381,-0.502675,0.837563
Yelabuga,Perm,632,633,0.398316,-0.483912,0.591066
Perm,Yekaterinburg,633,634,0.180321,-0.475111,0.265994
Yekaterinburg,Tyumen,634,635,0.133671,-0.452771,0.194194
Koszalin,Słupsk,637,638,0.244985,-0.519896,0.372351
Słupsk,Gdynia,638,639,0.397656,-0.522877,0.605581
Nesterov,Marijampolė,640,641,0.908314,-0.541205,1.3999
Aktobe,Karabutak,647,648,0.663719,-0.461835,0.970248
Karabutak,Aral,648,649,0.308547,-0.457732,0.449779
Aral,Novokazalinsk,649,650,0.235838,-0.44171,0.34001
Charleroi,Namur,651,652,1.16792,-0.526104,1.78236
St. Vith,Wittlich,653,654,1.11959,-0.530618,1.71367
Wittlich,Bingen,654,655,0.697151,-0.532247,1.06821
Bingen,Wiesbaden,655,656,1.01682,-0.532224,1.558
Amiens,Charleville-Mézières,657,658,1.37848,-0.52142,2.09724
Trier,Koblenz,659,660,1.51854,-0.529609,2.32278
Caen,Rouen,661,662,0.965351,-0.518232,1.46563
Regensburg,Passau,667,668,1.16312,-0.523324,1.7718
Passau,Wels,668,669,1.18965,-0.519769,1.80799
Wels,Braunau am Inn,669,721,1.40371,-0.516434,2.12863
Iaşi,Sculeni,670,671,1.30825,-0.511736,1.97772
Iaşi,Bălţi,670,727,1.10816,-0.513499,1.6772
Sculeni,Chişinău,671,672,1.48489,-0.514507,2.24888
Chişinău,Giurgiuleşti,672,729,1.1873,-0.51225,1.7955
Melitopol,Taganrog,674,675,0.270734,-0.51745,0.410825
Poitiers,Mâcon,676,677,1.72222,-0.512343,2.60459
Sion,Simplon,678,679,0.295978,-0.496827,0.443028
Simplon,Gravellona Toce,679,680,0.241076,-0.471382,0.354715
Innichen,Spittal an der Drau,681,682,0.639734,-0.503755,0.962003
Klagenfurt,Loiblpass,683,734,0.98884,-0.503069,1.48629
Cuneo,Asti,685,686,0.239276,-0.457971,0.348857
Kokand,Andijan,689,690,0.137927,-0.390247,0.191753
Andijan,Osh,690,691,0.184018,-0.387132,0.255257
Kulob,Kalaikhumb,692,693,0.0310504,-0.366156,0.0424197
Kalaikhumb,Khorugh,693,694,0.027537,-0.364567,0.0375761
Kokpek,Chundzha,695,696,0.0687265,-0.3949,0.0958666
Chundzha,Koktal,696,697,0.0523744,-0.394014,0.0730107
Stralsund,Neubrandenburg,699,700,0.627072,-0.517209,0.951399
Ukmergė,Daugavpils,701,702,1.5168,-0.543327,2.34091
Ukmergė,Panevėžys,701,705,1.3939,-0.5418,2.14912
Breda,Gorinchem,706,707,0.770534,-0.520355,1.17149
Hasselt,Heerlen,708,709,1.08704,-0.529438,1.66255
Barwinek,Vyšný Komárnik,710,711,0.336697,-0.521341,0.512231
Vyšný Komárnik,Svidník,711,712,0.413932,-0.519194,0.628843
Lublin,Kovel,713,714,1.37521,-0.532072,2.10691
Olomouc,Český Těšín,716,717,0.81267,-0.517438,1.23318
Garmisch-Partenkirchen,Mittenwald,718,719,0.895193,-0.51452,1.35579
Mittenwald,Seefeld,719,720,0.584466,-0.509742,0.882394
Nyíregyháza,Chop,722,723,0.961444,-0.512899,1.45457
Dunajská Streda,Medveďov,724,725,0.62321,-0.513801,0.943416
Medveďov,Vámosszabadi,725,726,0.5458,-0.512794,0.825684
Bălţi,Mohyliv-Podilskyi,727,728,0.817155,-0.523866,1.24523
Saintes,Angoulême,730,731,0.294133,-0.486931,0.437355
St. Johann in Tirol,Lofer,732,733,0.921126,-0.510904,1.39173
Sarajevo,Užice,737,738,0.254211,-0.440076,0.366083
Užice,Čačak,738,739,0.369885,-0.445582,0.534699
Čačak,Nova Varoš,739,740,0.369545,-0.445622,0.534223
Avellino,Benevento,741,742,0.0585374,-0.418796,0.0830527
Balıkesir,Manisa,746,747,0.0182576,-0.389258,0.0253645
Warsaw,Brest-Litovsk,316,0,2.53142,-0.53445,3.88434
Brest-Litovsk,Minsk,0,318,2.44021,-0.540216,3.75845
Lyon,Mâcon,17,677,1.75652,-0.508258,2.64929
Beaune,Mâcon,395,677,2.98878,-0.515178,4.52853
