Glasgow,Preston,1,2,0.000360436,0,0.000360436
Glasgow,Edinburgh,1,13,0.000360436,0,0.000360436
Preston,Birmingham,2,3,0.000360436,0,0.000360436
Birmingham,Cambridge,3,636,0.000360436,0,0.000360436
Le Havre,Paris,4,5,1.98142,-0.517103,3.00602
Le Havre,Amiens,4,657,1.09746,-0.519897,1.66802
Paris,Orléans,5,6,2.16454,-0.507832,3.26377
Paris,Calais,5,16,1.714,-0.517289,2.60063
Paris,Lyon,5,17,2.68109,-0.509302,4.04658
Paris,Brussels,5,326,2.95527,-0.520905,4.49469
Paris,Le Mans,5,366,1.71161,-0.510729,2.58578
Paris,Reims,5,367,1.88566,-0.518508,2.86339
Paris,Chaumont,5,665,2.72444,-0.519292,4.13922
Orléans,Bordeaux,6,7,1.12984,-0.495561,1.68974
Orléans,Tours,6,392,1.23643,-0.496741,1.85061
Orléans,Montargis,6,393,1.48669,-0.503688,2.23551
Orléans,Toulouse,6,466,1.3346,-0.489454,1.98782
Bordeaux,San Sebastián,7,8,0.714545,-0.474458,1.05357
Bordeaux,Clermont-Ferrand,7,446,1.26159,-0.487306,1.87636
Bordeaux,Toulouse,7,466,0.612571,-0.471586,0.901452
Bordeaux,Angoulême,7,731,0.760632,-0.482755,1.12783
San Sebastián,Burgos,8,9,0.443221,-0.438894,0.637747
San Sebastián,Bilbao,8,445,0.350994,-0.441614,0.505998
San Sebastián,Toulouse,8,466,0.520713,-0.460553,0.760529
Burgos,Madrid,9,10,0.299404,-0.414206,0.423419
Burgos,Valladolid,9,465,0.191504,-0.419285,0.271798
Madrid,Seville,10,11,0.213216,-0.397114,0.297887
Madrid,Barcelona,10,21,0.395185,-0.43139,0.565664
Madrid,Valencia,10,24,0.22236,-0.406032,0.312645
Madrid,Lisbon,10,464,0.208675,-0.401667,0.292493
Seville,Algeciras,11,12,0.112111,-0.382793,0.155026
Seville,Huelva,11,486,0.117965,-0.382187,0.163049
Algeciras,Málaga,12,28,0.0518949,-0.375078,0.0713595
Edinburgh,Newcastle,13,14,0.000360436,0,0.000360436
Newcastle,London,14,15,0.000360436,0,0.000360436
London,Colchester,15,305,0.000360436,0,0.000360436
Calais,Bruges,16,324,1.69987,-0.522579,2.58819
Calais,Rouen,16,662,1.13258,-0.519258,1.72068
Lyon,Orange,17,18,1.29921,-0.501511,1.95077
Lyon,Clermont-Ferrand,17,446,1.4902,-0.491788,2.22307
Lyon,Chambéry,17,447,1.25539,-0.503721,1.88775
Orange,Narbonne,18,19,0.604369,-0.493003,0.902325
Orange,Marseille,18,736,0.552334,-0.499493,0.82822
Narbonne,Girona,19,20,0.368834,-0.472145,0.542978
Girona,Barcelona,20,21,0.481586,-0.451283,0.698917
Barcelona,Tarragona,21,22,0.328973,-0.438803,0.473328
Barcelona,Toulouse,21,466,0.852256,-0.45795,1.24255
Tarragona,Castellón de la Plana,22,23,0.173111,-0.42386,0.246486
Castellón de la Plana,Valencia,23,24,0.163998,-0.406619,0.230683
Valencia,Alicante,24,25,0.128023,-0.39767,0.178934
Alicante,Murcia,25,26,0.0576224,-0.388759,0.0800236
Murcia,Almería,26,27,0.0320239,-0.377574,0.0441153
Almería,Málaga,27,28,0.0306083,-0.370853,0.0419594
Hook of Holland,Rotterdam,29,30,0.548876,-0.52024,0.834423
Hook of Holland,The Hague,29,307,0.29916,-0.51698,0.45382
Rotterdam,Eindhoven,30,31,1.36969,-0.521407,2.08385
Eindhoven,Maastricht,31,32,1.45292,-0.525866,2.21696
Eindhoven,Antwerp,31,505,2.45149,-0.525699,3.74024
Eindhoven,Venlo,31,643,1.87027,-0.522607,2.84768
Eindhoven,Breda,31,706,1.38477,-0.52131,2.10666
Maastricht,Liège,32,33,1.7838,-0.528961,2.72736
Liège,Bastogne,33,34,1.65275,-0.5305,2.52953
Liège,Leuven,33,327,2.72377,-0.528044,4.16204
Liège,Eupen,33,328,1.71867,-0.530724,2.63081
Liège,Antwerp,33,505,3.05791,-0.527862,4.67206
Liège,Namur,33,652,1.85278,-0.529307,2.83347
Liège,St. Vith,33,653,1.50992,-0.530529,2.31098
Liège,Charleville-Mézières,33,658,1.98314,-0.528771,3.03177
Bastogne,Arlon,34,35,0.992411,-0.531446,1.51982
Arlon,Luxembourg,35,36,1.3869,-0.530456,2.12259
Luxembourg,Metz,36,37,2.34155,-0.526661,3.57475
Luxembourg,St. Vith,36,653,1.67194,-0.531151,2.55999
Luxembourg,Charleville-Mézières,36,658,1.30412,-0.528034,1.99274
Luxembourg,Trier,36,659,1.64632,-0.53121,2.52086
Metz,Saint-Avold,37,38,2.81251,-0.526506,4.29332
Metz,Lausanne,37,44,2.33947,-0.524967,3.56762
Metz,Geneva,37,45,2.65777,-0.517115,4.03215
Metz,Brussels,37,326,3.24867,-0.524559,4.95279
Metz,Reims,37,367,2.38879,-0.523252,3.63874
Metz,Saarbrücken,37,368,2.65293,-0.528053,4.05382
Saint-Avold,Strasbourg,38,39,2.11222,-0.528624,3.22878
Strasbourg,Mulhouse,39,40,2.64576,-0.529385,4.04638
Strasbourg,Appenweier,39,664,1.98634,-0.530074,3.03925
Mulhouse,Basel,40,41,2.54925,-0.527968,3.89517
Mulhouse,Belfort,40,398,1.91449,-0.528326,2.92597
Mulhouse,Chaumont,40,665,2.46171,-0.525372,3.75502
Basel,Olten,41,42,1.52958,-0.526758,2.33529
Basel,Offenburg,41,61,2.17961,-0.527642,3.32967
Basel,Zürich,41,399,1.80802,-0.524462,2.75626
Basel,Waldshut,41,666,2.14583,-0.523929,3.27009
Olten,Bern,42,43,1.55795,-0.526926,2.37888
Olten,Lucerne,42,62,0.96416,-0.525421,1.47075
Bern,Lausanne,43,44,1.28808,-0.524672,1.9639
Bern,Belfort,43,398,1.58718,-0.527288,2.42408
Bern,Martigny,43,506,0.929651,-0.519553,1.41265
Lausanne,Geneva,44,45,1.08291,-0.512312,1.6377
Lausanne,Martigny,44,506,0.818689,-0.516544,1.24158
Geneva,Mont Blanc,45,46,1.23488,-0.508423,1.86273
Geneva,Chambéry,45,447,1.39936,-0.504865,2.10585
Geneva,Mâcon,45,677,2.10549,-0.513029,3.18567
Mont Blanc,Aosta,46,47,0.739556,-0.505994,1.11377
Aosta,Ivrea,47,48,0.6939,-0.493919,1.03663
Aosta,Martigny,47,506,0.923432,-0.494121,1.37972
Ivrea,Vercelli,48,49,0.299225,-0.479749,0.442778
Ivrea,Turin,48,449,0.453777,-0.475356,0.669483
Vercelli,Alessandria,49,50,0.276037,-0.461772,0.403503
Alessandria,Genoa,50,51,0.37869,-0.448341,0.548473
Alessandria,Turin,50,449,0.346803,-0.4624,0.507164
Alessandria,Tortona,50,450,0.261976,-0.451229,0.380187
Alessandria,Asti,50,686,0.336214,-0.452588,0.48838
Genoa,Rome,51,74,0.79598,-0.43856,1.14507
Genoa,Tortona,51,450,0.441676,-0.442656,0.637186
Genoa,Nice,51,467,0.611578,-0.451038,0.887422
Amsterdam,Utrecht,52,53,1.26107,-0.519455,1.91614
Amsterdam,Amersfoort,52,309,0.727089,-0.522827,1.10723
Amsterdam,Brussels,52,326,3.07008,-0.523699,4.67788
Amsterdam,Groningen,52,624,1.30466,-0.521665,1.98525
Utrecht,Arnhem,53,54,0.966132,-0.516364,1.46501
Utrecht,Gouda,53,308,0.787448,-0.515149,1.1931
Utrecht,Amersfoort,53,309,0.731056,-0.515893,1.1082
Utrecht,Gorinchem,53,707,0.92917,-0.516224,1.40883
Arnhem,Emmerich,54,55,0.866839,-0.519049,1.31677
Emmerich,Oberhausen,55,56,1.66741,-0.521981,2.53777
Oberhausen,Cologne,56,57,2.82901,-0.525321,4.31514
Oberhausen,Dortmund,56,508,2.01132,-0.523153,3.06355
Oberhausen,Venlo,56,643,1.90965,-0.521138,2.90485
Cologne,Frankfurt am Main,57,58,3.22731,-0.530287,4.93872
Cologne,Aachen,57,329,2.82358,-0.530114,4.3204
Cologne,Olpe,57,330,2.00945,-0.528334,3.07112
Cologne,Bremen,57,507,3.01067,-0.524178,4.58879
Frankfurt am Main,Heidelberg,58,59,2.86421,-0.533245,4.39153
Frankfurt am Main,Gießen,58,332,2.0388,-0.532485,3.12443
Frankfurt am Main,Mannheim,58,369,3.30787,-0.532579,5.06958
Frankfurt am Main,Aschaffenburg,58,509,2.40389,-0.531617,3.68184
Frankfurt am Main,Wiesbaden,58,656,2.32861,-0.533732,3.57146
Heidelberg,Karlsruhe,59,60,2.43809,-0.53199,3.73513
Karlsruhe,Offenburg,60,61,2.1385,-0.527721,3.26702
Karlsruhe,Stuttgart,60,510,2.975,-0.528407,4.54702
Karlsruhe,Appenweier,60,664,2.24898,-0.531056,3.44331
Lucerne,Altdorf,62,63,0.712921,-0.522544,1.08545
Altdorf,Gotthard Pass,63,64,0.508512,-0.517585,0.771711
Altdorf,Zürich,63,399,0.945149,-0.521982,1.4385
Gotthard Pass,Bellinzona,64,65,0.268538,-0.505419,0.404262
Bellinzona,Lugano,65,66,0.154463,-0.482185,0.228942
Bellinzona,San Bernardino,65,516,0.161285,-0.49301,0.240799
Lugano,Chiasso,66,67,0.119849,-0.456745,0.174589
Chiasso,Como,67,68,0.194715,-0.444754,0.281316
Como,Milan,68,69,0.442783,-0.445261,0.639936
Milan,Piacenza,69,70,0.522082,-0.444293,0.75404
Milan,Turin,69,449,0.553998,-0.45793,0.80769
Milan,Tortona,69,450,0.365362,-0.445558,0.528152
Milan,Brescia,69,451,0.460169,-0.44569,0.665261
Milan,Gravellona Toce,69,680,0.468297,-0.449869,0.678969
Piacenza,Parma,70,71,0.396488,-0.441486,0.571532
Parma,Modena,71,72,0.620982,-0.441631,0.895227
Modena,Florence,72,73,0.741296,-0.439385,1.06701
Modena,Verona,72,94,0.827869,-0.444175,1.19559
Modena,Bologna,72,95,0.716145,-0.441572,1.03237
Florence,Rome,73,74,0.680875,-0.436266,0.977917
Rome,Pescara,74,125,0.68539,-0.431964,0.981454
Östersund,Mora,75,76,0.187385,-0.348176,0.252628
Östersund,Trondheim,75,493,0.222691,-0.348527,0.300305
Östersund,Sundsvall,75,610,0.236692,-0.346539,0.318716
Mora,Säffle,76,77,0.136538,-0.348349,0.184101
Säffle,Gothenburg,77,78,0.180818,-0.347796,0.243705
Gothenburg,Halmstad,78,300,0.174228,-0.346309,0.234565
Gothenburg,Örebro,78,301,0.188293,-0.346453,0.253528
Gothenburg,Oslo,78,489,0.158405,-0.348498,0.213609
Hamburg,Hanover,79,80,1.8985,-0.520139,2.88598
Hamburg,Berlin,79,108,2.0942,-0.518146,3.17931
Hamburg,Bremen,79,507,2.35784,-0.521462,3.58736
Hamburg,Lübeck,79,517,1.09159,-0.519249,1.6584
Hanover,Göttingen,80,81,1.3017,-0.523148,1.98268
Hanover,Bad Oeynhausen,80,312,1.4963,-0.522943,2.27878
Hanover,Braunschweig,80,313,1.41038,-0.519473,2.14303
Göttingen,Kassel,81,82,1.1653,-0.525655,1.77784
Kassel,Fulda,82,83,1.55539,-0.528462,2.37736
Kassel,Dortmund,82,508,1.82139,-0.525832,2.77913
Fulda,Würzburg,83,84,2.24513,-0.529678,3.43432
Würzburg,Nuremberg,84,85,3.359,-0.52969,5.13823
Würzburg,Aschaffenburg,84,509,2.94488,-0.530399,4.50683
Würzburg,Stuttgart,84,510,2.34008,-0.531548,3.58395
Würzburg,Ulm,84,512,1.55435,-0.527044,2.37356
Nuremberg,Munich,85,86,2.95102,-0.522937,4.49422
Nuremberg,Heilbronn,85,370,3.01996,-0.529578,4.61926
Nuremberg,Rozvadov,85,371,2.42612,-0.525202,3.70033
Nuremberg,Bayreuth,85,529,3.24607,-0.525365,4.95144
Nuremberg,Regensburg,85,667,2.2989,-0.526233,3.50866
Munich,Rosenheim,86,87,2.1872,-0.515643,3.31501
Munich,Salzburg,86,115,2.62053,-0.515139,3.97046
Munich,Ulm,86,512,2.1398,-0.521501,3.2557
Munich,Lindau,86,513,2.41734,-0.515661,3.66386
Munich,Deggendorf,86,531,2.3486,-0.520225,3.57041
Munich,Garmisch-Partenkirchen,86,718,2.11655,-0.516084,3.20886
Munich,Braunau am Inn,86,721,1.86144,-0.518896,2.82733
Rosenheim,Wörgl,87,88,1.48584,-0.511332,2.24559
Rosenheim,Bad Reichenhall,87,407,1.17385,-0.513465,1.77659
Wörgl,Innsbruck,88,89,1.45502,-0.505231,2.19014
Wörgl,St. Johann in Tirol,88,732,1.07587,-0.508385,1.62283
Innsbruck,Brenner,89,90,0.876221,-0.499173,1.31361
Innsbruck,Telfs,89,405,0.753877,-0.502737,1.13288
Innsbruck,Imst,89,406,0.769708,-0.502927,1.15681
Innsbruck,Seefeld,89,720,0.886329,-0.502855,1.33202
Brenner,Fortezza,90,91,0.555507,-0.492787,0.829254
Fortezza,Bolzano,91,92,0.408093,-0.479565,0.6038
Fortezza,Innichen,91,681,0.487584,-0.494333,0.728613
Bolzano,Trento,92,93,0.376175,-0.458639,0.548704
Trento,Verona,93,94,0.689315,-0.448065,0.998173
Verona,Mestre,94,120,0.978428,-0.448942,1.41769
Verona,Brescia,94,451,0.744729,-0.444385,1.07568
Bologna,Cesena,95,96,0.611604,-0.442689,0.882354
Cesena,Perugia,96,97,0.424498,-0.44339,0.612716
Cesena,Ravenna,96,121,0.619148,-0.44619,0.895405
Cesena,Rimini,96,122,0.441874,-0.442641,0.637466
Perugia,Fiano Romano,97,98,0.176871,-0.441913,0.255032
Fiano Romano,Naples,98,99,0.0855665,-0.436979,0.122957
Naples,Salerno,99,100,0.0236874,-0.427539,0.0338147
Naples,Avellino,99,741,0.0370949,-0.418828,0.0526313
Salerno,Sicignano degli Alburni,100,101,0.0158775,-0.396258,0.0221691
Salerno,Avellino,100,741,0.0210413,-0.39733,0.0294016
Sicignano degli Alburni,Potenza,101,743,0.00922653,-0.375388,0.0126901
Messina,Catania,102,103,0.000360436,0,0.000360436
Messina,Palermo,102,474,0.000360436,0,0.000360436
Catania,Siracusa,103,104,0.000360436,0,0.000360436
Siracusa,Gela,104,105,0.000360436,0,0.000360436
Gela,Mazara del Vallo,105,473,0.000360436,0,0.000360436
Helsingborg,Copenhagen,299,106,0.0397462,-0.340372,0.0532746
Copenhagen,Malmö,106,135,0.0206747,-0.3367,0.0276359
Rostock,Berlin,107,108,1.58598,-0.51687,2.40572
Rostock,Lübeck,107,517,0.791299,-0.517698,1.20095
Rostock,Sassnitz,107,625,0.671173,-0.516784,1.01803
Berlin,Lübbenau,108,109,2.37841,-0.516614,3.60714
Berlin,Szczecin,108,137,1.88235,-0.516731,2.85502
Berlin,Świebodzin,108,139,2.2424,-0.516986,3.4017
Berlin,Magdeburg,108,314,2.36416,-0.517639,3.58794
Berlin,Leipzig,108,526,2.099,-0.516817,3.1838
Berlin,Neubrandenburg,108,700,1.46309,-0.516844,2.21927
Lübbenau,Dresden,109,110,1.75347,-0.516434,2.65902
Lübbenau,Cottbus,109,644,1.30455,-0.516046,1.97776
Dresden,Ústí nad Labem,110,111,1.78368,-0.517295,2.70637
Dresden,Chemnitz,110,337,1.99898,-0.516681,3.03181
Dresden,Görlitz,110,338,1.28611,-0.51624,1.95005
Ústí nad Labem,Prague,111,112,2.00162,-0.518434,3.03932
Prague,Tábor,112,113,1.94985,-0.518396,2.96064
Prague,Mladá Boleslav,112,146,1.12455,-0.518925,1.70811
Prague,Jihlava,112,147,1.97614,-0.518047,2.99987
Prague,Plzeň,112,372,2.1725,-0.5202,3.30264
Prague,Karlovy Vary,112,523,1.34107,-0.518941,2.03701
Prague,Hradec Králové,112,551,1.46424,-0.518285,2.22313
Tábor,Linz,113,114,1.72732,-0.518179,2.62238
Linz,Salzburg,114,115,1.85268,-0.51531,2.80739
Linz,Sattledt,114,408,0.74337,-0.517409,1.128
Linz,Sankt Pölten,114,409,1.74612,-0.516816,2.64855
Linz,Wels,114,669,1.30411,-0.518444,1.98022
Salzburg,Villach,115,116,2.86656,-0.508239,4.32346
Salzburg,Bad Reichenhall,115,407,1.44007,-0.51256,2.17818
Salzburg,Sattledt,115,408,1.50064,-0.514456,2.27265
Salzburg,Lofer,115,733,1.72288,-0.512079,2.60514
Villach,Tarvisio,116,117,1.522,-0.505294,2.29106
Villach,Karavanke Tunnel,116,537,1.30075,-0.505736,1.95858
Villach,Spittal an der Drau,116,682,1.47409,-0.506975,2.22142
Villach,Klagenfurt,116,683,1.57591,-0.507221,2.37525
Tarvisio,Udine,117,118,0.781986,-0.495009,1.16908
Udine,Palmanova,118,119,0.816153,-0.476185,1.20479
Palmanova,Mestre,119,120,1.04257,-0.461176,1.52338
Palmanova,Trieste,119,452,0.990748,-0.471175,1.45756
Mestre,Ravenna,120,121,0.742249,-0.449983,1.07625
Rimini,Fano,122,123,0.22637,-0.438251,0.325576
Fano,Ancona,123,124,0.209278,-0.430605,0.299395
Ancona,Pescara,124,125,0.37242,-0.427792,0.531738
Pescara,Canosa di Puglia,125,126,0.409696,-0.424309,0.583534
Canosa di Puglia,Bari,126,127,0.140063,-0.412443,0.19783
Canosa di Puglia,Benevento,126,742,0.143034,-0.414365,0.202303
Bari,Brindisi,127,128,0.0389994,-0.406203,0.054841
Bari,Taranto,127,476,0.0372388,-0.404296,0.0522943
Brindisi,Taranto,128,476,0.00992156,-0.386905,0.0137603
Igoumenitsa,Preveza,129,130,0.0334037,-0.366007,0.0456297
Igoumenitsa,Ioannina,129,477,0.0710155,-0.385824,0.098415
Preveza,Rhion,130,131,0.0202439,-0.324448,0.0268119
Rhion,Patras,131,132,0.0101042,-0.267813,0.0128102
Rhion,Aigio,131,175,0.0101042,-0.267813,0.0128102
Patras,Pyrgos,132,133,0.00548209,-0.237476,0.00678395
Pyrgos,Kalamata,133,134,0.00346373,-0.209345,0.00418885
Kalamata,Tripoli,134,177,0.00289561,-0.196203,0.00346373
Malmö,Helsingborg,135,299,0.0549135,-0.339561,0.07356
Malmö,Kalmar,135,626,0.0526972,-0.337812,0.0704989
Goleniów,Szczecin,136,137,0.803286,-0.516431,1.21813
Goleniów,Koszalin,136,637,0.344739,-0.516605,0.522834
Szczecin,Gorzów Wielkopolski,137,138,0.853278,-0.516616,1.29409
Gorzów Wielkopolski,Świebodzin,138,139,1.01662,-0.517209,1.54242
Świebodzin,Zielona Góra,139,140,1.34367,-0.516964,2.0383
Świebodzin,Poznań,139,315,2.0904,-0.519006,3.17533
Zielona Góra,Legnica,140,141,1.34726,-0.516909,2.04367
Legnica,Jelenia Góra,141,142,1.2217,-0.515508,1.85149
Legnica,Görlitz,141,338,1.35584,-0.51594,2.05537
Legnica,Wrocław,141,339,2.0428,-0.516532,3.09797
Legnica,Cottbus,141,644,1.35716,-0.515923,2.05735
Jelenia Góra,Harrachov,142,143,0.528743,-0.514852,0.800967
Harrachov,Železný Brod,143,144,0.380236,-0.515041,0.576073
Železný Brod,Turnov,144,145,0.623404,-0.516424,0.945344
Turnov,Mladá Boleslav,145,146,0.660933,-0.517944,1.00326
Turnov,Hradec Králové,145,551,0.935724,-0.517261,1.41974
Turnov,Teplice,145,715,0.800845,-0.518102,1.21576
Jihlava,Brno,147,148,1.01209,-0.516431,1.53476
Jihlava,Vienna,147,410,1.63287,-0.516909,2.47691
Brno,Bratislava,148,149,1.43662,-0.516275,2.17831
Brno,Trenčín,148,373,1.40216,-0.517386,2.12762
Brno,Vienna,148,410,1.65899,-0.514786,2.51302
Brno,Olomouc,148,716,1.41157,-0.517111,2.1415
Bratislava,Rajka,149,150,1.5605,-0.514623,2.36357
Bratislava,Žilina,149,195,1.62039,-0.515918,2.45637
Bratislava,Győr,149,196,1.63779,-0.513658,2.47906
Bratislava,Vienna,149,410,2.28191,-0.510336,3.44645
Bratislava,Zvolen,149,568,2.15775,-0.515728,3.27056
Bratislava,Dunajská Streda,149,724,1.33879,-0.514737,2.02791
Rajka,Csorna,150,151,0.620139,-0.514136,0.938975
Csorna,Szombathely,151,152,0.317451,-0.510086,0.479378
Szombathely,Zalaegerszeg,152,153,0.338616,-0.501932,0.508578
Zalaegerszeg,Nagykanizsa,153,154,0.699706,-0.496984,1.04745
Nagykanizsa,Letenye,154,155,0.440051,-0.495543,0.658115
Nagykanizsa,Zagreb,154,156,1.01493,-0.486607,1.5088
Nagykanizsa,Balatonvilágos,154,553,1.35788,-0.500466,2.03745
Letenye,Zagreb,155,156,0.574875,-0.479768,0.850681
Zagreb,Karlovac,156,157,0.85337,-0.47815,1.26141
Zagreb,Ljubljana,156,454,0.810848,-0.480486,1.20045
Zagreb,Slavonski Brod,156,455,1.05133,-0.464153,1.53931
Zagreb,Maribor,156,535,0.933559,-0.485504,1.38681
Karlovac,Rijeka,157,158,0.388299,-0.475,0.572741
Karlovac,Knin,157,554,0.311554,-0.474677,0.459442
Rijeka,Split,158,159,0.2717,-0.470339,0.399492
Rijeka,Trieste,158,452,0.669896,-0.474827,0.987981
Split,Dubrovnik,159,160,0.217025,-0.455598,0.315902
Split,Knin,159,554,0.194956,-0.467988,0.286193
Dubrovnik,Petrovac,160,161,0.0773267,-0.445368,0.111766
Dubrovnik,Podgorica,160,162,0.186697,-0.435642,0.26803
Petrovac,Podgorica,161,162,0.131411,-0.429133,0.187803
Petrovac,Prizren,161,744,0.118271,-0.432904,0.169471
Podgorica,Bijelo Polje,162,163,0.199709,-0.430258,0.285635
Podgorica,Pristina,162,164,0.274593,-0.433411,0.393605
Podgorica,Sarajevo,162,737,0.344368,-0.428652,0.491983
Bijelo Polje,Pristina,163,164,0.276087,-0.433787,0.395849
Bijelo Polje,Nova Varoš,163,740,0.293558,-0.434651,0.421153
Pristina,Skopje,164,165,0.380023,-0.432726,0.544469
Pristina,Niš,164,202,0.70168,-0.439523,1.01008
Pristina,Prizren,164,744,0.228085,-0.433666,0.326998
Skopje,Kičevo,165,166,0.268565,-0.429544,0.383925
Skopje,Kumanovo,165,203,0.368218,-0.435232,0.528478
Skopje,Veles,165,204,0.289978,-0.427611,0.413975
Kičevo,Ohrid,166,167,0.114459,-0.425855,0.163202
Ohrid,Bitola,167,168,0.0578393,-0.417186,0.081969
Bitola,Niki,168,169,0.0494789,-0.40374,0.0694554
Niki,Vevi,169,170,0.0810716,-0.397429,0.113292
Vevi,Kozani,170,171,0.177105,-0.3973,0.247469
Kozani,Larissa,171,172,0.120015,-0.397368,0.167705
Kozani,Thessaloniki,171,207,0.383471,-0.399909,0.536825
Kozani,Ioannina,171,477,0.14714,-0.395895,0.205392
Larissa,Domokos,172,173,0.0537203,-0.396772,0.0750351
Larissa,Lamia,172,174,0.0537203,-0.396772,0.0750351
Larissa,Katerini,172,208,0.151104,-0.399071,0.211405
Larissa,Trikala,172,687,0.0771307,-0.395001,0.107597
Domokos,Lamia,173,174,6.60981e-05,-0.46253,3.3049e-05
Aigio,Corinth,175,176,0.00548209,-0.237476,0.00678395
Corinth,Tripoli,176,177,0.00346373,-0.209345,0.00418885
Varangerbotn,Utsjoki,178,179,0.0692211,-0.478214,0.102324
Varangerbotn,Kirkenes,178,243,0.153969,-0.509365,0.232396
Varangerbotn,Karasjok,178,502,0.0664544,-0.485737,0.0987338
Utsjoki,Inari,179,180,0.0346244,-0.427632,0.0494309
Inari,Ivalo,180,181,0.0296407,-0.352381,0.0400855
Ivalo,Sodankylä,181,182,0.0455466,-0.312823,0.0597947
Sodankylä,Rovaniemi,182,183,0.0689375,-0.305864,0.0900231
Sodankylä,Kemijärvi,182,539,0.0432121,-0.303428,0.0563238
Rovaniemi,Kemi,183,184,0.0978945,-0.309378,0.128181
Kemi,Oulu,184,185,0.13185,-0.316297,0.173553
Kemi,Tornio,184,614,0.100339,-0.313572,0.131803
Oulu,Jyväskylä,185,186,0.117589,-0.322315,0.15549
Oulu,Kokkola,185,615,0.0885226,-0.325672,0.117352
Jyväskylä,Heinola,186,187,0.113105,-0.349582,0.152645
Jyväskylä,Kuopio,186,544,0.100734,-0.337651,0.134748
Jyväskylä,Tampere,186,545,0.114744,-0.364953,0.15662
Heinola,Lahti,187,188,0.0822027,-0.380766,0.113503
Lahti,Helsinki,188,189,0.1139,-0.423239,0.162108
Helsinki,Hämeenlinna,189,618,0.118242,-0.408755,0.166574
Helsinki,Kotka,189,621,0.187827,-0.477708,0.277553
Gdańsk,Świecie,190,191,1.56044,-0.521863,2.37478
Gdańsk,Kaliningrad,190,563,1.16506,-0.52542,1.77721
Gdańsk,Elbląg,190,564,1.3172,-0.524359,2.00788
Gdańsk,Gdynia,190,639,0.94804,-0.522461,1.44335
Świecie,Łódź,191,192,1.11943,-0.5205,1.70209
Świecie,Poznań,191,315,1.48163,-0.52176,2.25468
Łódź,Piotrków Trybunalski,192,193,1.27586,-0.521577,1.94132
Piotrków Trybunalski,Katowice,193,194,1.52809,-0.520498,2.32346
Piotrków Trybunalski,Warsaw,193,316,2.13204,-0.525948,3.25339
Piotrków Trybunalski,Wrocław,193,339,1.55419,-0.519291,2.36126
Katowice,Žilina,194,195,1.30723,-0.517047,1.98313
Katowice,Zabrze,194,342,1.13552,-0.516989,1.72258
Katowice,Kraków,194,343,1.7325,-0.517882,2.62973
Katowice,Český Těšín,194,717,0.903991,-0.517456,1.37177
Žilina,Olomouc,195,716,0.800463,-0.516722,1.21408
Győr,Budapest,196,197,2.33192,-0.510681,3.52279
Győr,Vámosszabadi,196,726,1.03013,-0.513236,1.55883
Budapest,Szeged,197,198,2.70326,-0.503212,4.06357
Budapest,Mosonmagyaróvár,197,412,2.50597,-0.510384,3.78497
Budapest,Szolnok,197,413,2.57746,-0.505436,3.8802
Budapest,Miskolc,197,552,2.51071,-0.511368,3.7946
Budapest,Balatonvilágos,197,553,2.31862,-0.503489,3.48602
Budapest,Szekszárd,197,555,2.05646,-0.507539,3.10019
Budapest,Zvolen,197,568,2.29038,-0.510672,3.46001
Szeged,Subotica,198,199,1.60478,-0.498064,2.40406
Szeged,Arad,198,684,2.15221,-0.490068,3.20694
Subotica,Novi Sad,199,200,1.05231,-0.481378,1.55887
Subotica,Sombor,199,735,0.874018,-0.493363,1.30523
Novi Sad,Belgrade,200,201,1.12029,-0.467472,1.64399
Belgrade,Niš,201,202,1.05533,-0.453339,1.53375
Belgrade,Slavonski Brod,201,455,1.05097,-0.458533,1.53288
Belgrade,Vršac,201,456,0.989602,-0.457516,1.44236
Belgrade,Čačak,201,739,0.917645,-0.450112,1.33069
Niš,Kumanovo,202,203,0.488308,-0.443787,0.705013
Niš,Drobeta-Turnu Severin,202,458,1.07411,-0.446526,1.55373
Niš,Sofia,202,468,0.888747,-0.440357,1.28011
Kumanovo,Kyustendil,203,745,0.334081,-0.438152,0.480459
Veles,Gevgelija,204,205,0.174558,-0.417875,0.247502
Gevgelija,Evzoni,205,206,0.205026,-0.406306,0.288329
Evzoni,Thessaloniki,206,207,0.4021,-0.401906,0.563707
Thessaloniki,Katerini,207,208,0.27562,-0.400704,0.386062
Thessaloniki,Alexandroupoli,207,233,0.583752,-0.397347,0.815704
Thessaloniki,Serres,207,577,0.459976,-0.406786,0.647087
Klaipėda,Kaunas,209,210,1.57282,-0.540049,2.42221
Klaipėda,Palanga,209,704,0.914991,-0.540472,1.40952
Kaunas,Vilnius,210,211,1.74331,-0.540801,2.68609
Kaunas,Warsaw,210,316,3.48255,-0.535326,5.34685
Kaunas,Riga,210,547,2.28222,-0.54296,3.52138
Kaunas,Ukmergė,210,701,1.46406,-0.540945,2.25603
Vilnius,Lida,211,212,1.60427,-0.543999,2.47699
Vilnius,Minsk,211,318,3.29745,-0.544365,5.09247
Vilnius,Marijampolė,211,641,1.68464,-0.54357,2.60036
Vilnius,Ukmergė,211,701,1.6797,-0.544543,2.59437
Lida,Slonim,212,213,0.629376,-0.542921,0.971078
Slonim,Kobryn,213,214,0.337888,-0.536235,0.519075
Kobryn,Dubno,214,215,0.408775,-0.526136,0.623846
Dubno,Ternopil,215,216,0.909803,-0.522613,1.38528
Ternopil,Chernivtsi,216,217,1.05383,-0.519756,1.60156
Ternopil,Stryj,216,379,1.50085,-0.519703,2.28085
Ternopil,Khmelnytskyi,216,380,1.25908,-0.526201,1.92161
Chernivtsi,Siret,217,218,0.841344,-0.512935,1.2729
Siret,Suceava,218,219,1.49197,-0.507593,2.24928
Suceava,Roman,219,220,1.52283,-0.501948,2.28721
Suceava,Halmeu,219,578,2.33543,-0.505786,3.51666
Suceava,Iaşi,219,670,1.96421,-0.5084,2.96281
Roman,Urziceni,220,221,0.917193,-0.48596,1.36291
Urziceni,Bucharest,221,222,0.751704,-0.461258,1.09843
Urziceni,Slobozia,221,421,0.594196,-0.463443,0.869572
Bucharest,Giurgiu,222,223,0.466469,-0.435768,0.669742
Bucharest,Ploieşti,222,420,0.387233,-0.448282,0.560822
Bucharest,Constanţa,222,423,0.590355,-0.441143,0.850785
Bucharest,Alexandria,222,460,0.450651,-0.451194,0.653983
Bucharest,Piteşti,222,583,0.485837,-0.451306,0.705099
Giurgiu,Ruse,223,224,0.268172,-0.422195,0.381393
Ruse,Byala,224,225,0.16164,-0.405056,0.227113
Ruse,Razgrad,224,461,0.148749,-0.405466,0.209062
Byala,Veliko Tarnovo,225,226,0.135833,-0.39827,0.189931
Byala,Pleven,225,584,0.129967,-0.405278,0.18264
Veliko Tarnovo,Stara Zagora,226,227,0.153721,-0.399121,0.215074
Veliko Tarnovo,Shumen,226,462,0.145843,-0.397017,0.203746
Stara Zagora,Haskovo,227,228,0.0994713,-0.389742,0.138239
Stara Zagora,Burgas,227,590,0.134753,-0.395112,0.187996
Haskovo,Svilengrad,228,229,0.0510059,-0.385193,0.0706531
Svilengrad,Ormenio,229,230,0.0418348,-0.386871,0.0580195
Ormenio,Kastanies,230,231,0.0650331,-0.391046,0.090464
Kastanies,Didymoteicho,231,232,0.139093,-0.392956,0.193751
Didymoteicho,Alexandroupoli,232,233,0.322468,-0.393748,0.449439
Alexandroupoli,Gelibolu,233,478,0.394692,-0.391059,0.54904
Saint Petersburg,Pskov,234,235,3.25771,-0.54448,5.03147
Saint Petersburg,Moscow,234,239,6.27354,-0.54444,9.68911
Saint Petersburg,Petrozavodsk,234,245,2.21592,-0.530751,3.39202
Saint Petersburg,Narva,234,304,2.48555,-0.542513,3.83399
Saint Petersburg,Vyborg,234,623,2.21637,-0.530715,3.39263
Pskov,Gomel,235,236,4.26548,-0.54586,6.59384
Pskov,Riga,235,547,3.04677,-0.546119,4.71067
Gomel,Kiev,236,237,6.0818,-0.54401,9.39036
Gomel,Babruysk,236,703,3.55991,-0.546708,5.50615
Kiev,Odessa,237,238,4.7501,-0.532214,7.27816
Kiev,Hlukhiv,237,242,5.43269,-0.546801,8.4033
Kiev,Kharkiv,237,247,5.44491,-0.542613,8.39939
Kiev,Rivne,237,348,3.95632,-0.543667,6.10724
Kiev,Zhytomyr,237,349,3.1912,-0.540516,4.91609
Odessa,Izmail,238,586,1.68452,-0.519997,2.56047
Odessa,Chişinău,238,672,2.01239,-0.517832,3.05448
Odessa,Mykolaiv,238,673,1.92351,-0.522262,2.92808
Moscow,Kaluga,239,240,4.38227,-0.55121,6.79782
Moscow,Orel,239,246,4.7976,-0.54724,7.42303
Moscow,Voronezh,239,248,5.55822,-0.533285,8.52234
Moscow,Tambov,239,256,4.44401,-0.544613,6.86428
Moscow,Smolensk,239,319,4.80827,-0.5462,7.43455
Moscow,Ryazan,239,320,4.12252,-0.533629,6.32242
Moscow,Velikiye Luki,239,628,4.26519,-0.546577,6.59644
Moscow,Vladimir,239,629,4.17042,-0.541136,6.42718
Kaluga,Bryansk,240,241,2.33897,-0.556272,3.64007
Bryansk,Hlukhiv,241,242,2.89786,-0.555186,4.50672
Hlukhiv,Kursk,242,645,3.13008,-0.553621,4.86296
Kirkenes,Murmansk,243,244,0.323018,-0.523746,0.492197
Murmansk,Petrozavodsk,244,245,0.830425,-0.528697,1.26947
Orel,Kharkiv,246,247,3.61007,-0.547831,5.58778
Kharkiv,Luhansk,247,350,2.9058,-0.546907,4.49501
Voronezh,Novorossiysk,248,249,3.46922,-0.539404,5.34054
Voronezh,Kursk,248,645,3.12885,-0.549811,4.84912
Voronezh,Saratov,248,646,3.17809,-0.52528,4.84748
Novorossiysk,Dzhankoy,249,601,1.41804,-0.531063,2.1711
Novorossiysk,Sochi,249,602,1.36817,-0.540675,2.10791
Mineralnye Vody,Nalchik,250,251,0.248594,-0.468349,0.365022
Mineralnye Vody,Makhachkala,250,260,0.532312,-0.483885,0.78989
Mineralnye Vody,Armavir,250,387,0.288209,-0.470406,0.423785
Nalchik,Vladikavkaz,251,252,0.100166,-0.454475,0.145689
Vladikavkaz,Stepantsminda,252,253,0.0427844,-0.430038,0.0611832
Stepantsminda,Mtskheta,253,254,0.0222004,-0.382604,0.0306944
Mtskheta,Tbilisi,254,255,0.0186044,-0.327478,0.0246969
Tbilisi,Gori,255,428,0.0141234,-0.298454,0.0183386
Tbilisi,Rustavi,255,429,0.0173645,-0.326379,0.023032
Tambov,Povorino,256,257,1.98977,-0.548248,3.08066
Povorino,Volgograd,257,258,1.71731,-0.54104,2.64644
Volgograd,Astrakhan,258,259,2.11125,-0.520682,3.21053
Volgograd,Luhansk,258,350,1.98476,-0.541688,3.05988
Astrakhan,Makhachkala,259,260,1.54767,-0.502841,2.32591
Astrakhan,Atyrau,259,265,2.27062,-0.493143,3.39036
Makhachkala,Kuba,260,261,0.515864,-0.489639,0.768451
Kuba,Baku,261,262,0.200669,-0.483797,0.297753
Baku,Yevlakh,262,431,0.0796414,-0.472666,0.117285
Samara,Oral,263,264,2.39351,-0.471955,3.52314
Samara,Penza,263,321,1.72473,-0.50246,2.59134
Samara,Ufa,263,322,1.64608,-0.485703,2.44559
Oral,Atyrau,264,265,2.63249,-0.471138,3.87276
Oral,Saratov,264,646,2.63638,-0.500557,3.95604
Oral,Aktobe,264,647,1.80557,-0.466006,2.64698
Atyrau,Beineu,265,266,1.13302,-0.47176,1.66753
Atyrau,Beyneu,265,351,1.13302,-0.47176,1.66753
Beineu,Shetpe,266,267,0.444256,-0.472049,0.653966
Shetpe,Zhetybai,267,268,0.174915,-0.471851,0.257448
Zhetybai,Fetisovo,268,269,0.0706407,-0.468928,0.103766
Fetisovo,Bekdash,269,270,0.0326177,-0.444833,0.0471272
Bekdash,Türkmenbaşy,270,271,0.0236137,-0.386542,0.0327413
Türkmenbaşy,Gyzylarbat,271,272,0.032865,-0.341311,0.0440821
Gyzylarbat,Ashgabat,272,432,0.0645505,-0.334064,0.0861146
Chelyabinsk,Kostanay,273,274,0.371511,-0.462772,0.543436
Chelyabinsk,Ufa,273,322,0.764523,-0.47081,1.12447
Chelyabinsk,Kurgan,273,323,0.424256,-0.45761,0.618399
Kostanay,Esil,274,275,0.170516,-0.454896,0.248084
Esil,Derzhavinsk,275,276,0.124656,-0.437105,0.179144
Derzhavinsk,Arkalyk,276,277,0.187771,-0.422859,0.267171
Arkalyk,Jezkazgan,277,278,0.409687,-0.418778,0.581255
Jezkazgan,Kyzylorda,278,279,0.644862,-0.418613,0.91481
Jezkazgan,Karaganda,278,286,0.612402,-0.416903,0.867714
Kyzylorda,Shymkent,279,280,0.632418,-0.414025,0.894255
Kyzylorda,Novokazalinsk,279,650,0.44506,-0.42567,0.634509
Shymkent,Tashkent,280,281,0.529061,-0.406247,0.74399
Shymkent,Zhambyl,280,359,0.431364,-0.40266,0.605058
Tashkent,Ayni,281,282,0.20841,-0.397024,0.291153
Tashkent,Jizzakh,281,358,0.259316,-0.399879,0.36301
Tashkent,Kokand,281,689,0.20809,-0.40002,0.291331
Ayni,Dushanbe,282,283,0.178053,-0.375534,0.244917
Ayni,Kokand,282,689,0.0861407,-0.380059,0.118879
Dushanbe,Termez,283,440,0.10577,-0.359924,0.143839
Dushanbe,Jirgatal,283,441,0.106341,-0.362533,0.144894
Dushanbe,Kulob,283,692,0.0780706,-0.361919,0.106326
Ishim,Astana,284,285,0.257273,-0.422403,0.365946
Ishim,Omsk,284,291,0.257273,-0.422403,0.365946
Ishim,Kurgan,284,323,0.338024,-0.439511,0.486589
Ishim,Tyumen,284,635,0.245274,-0.430305,0.350816
Astana,Karaganda,285,286,0.302904,-0.416751,0.429139
Karaganda,Balkhash,286,287,0.376622,-0.412997,0.532165
Karaganda,Pavlodar,286,292,0.364597,-0.416165,0.516329
Balkhash,Burubaytal,287,288,0.236068,-0.405887,0.331885
Burubaytal,Almaty,288,289,0.287149,-0.397994,0.401433
Almaty,Bishkek,289,290,0.45116,-0.394742,0.629251
Almaty,Sary-Ozek,289,360,0.217308,-0.39408,0.302945
Almaty,Kokpek,289,695,0.177977,-0.394521,0.248193
Bishkek,Zhambyl,290,359,0.397775,-0.397358,0.555835
Bishkek,Osh,290,691,0.414203,-0.391901,0.57653
Omsk,Pavlodar,291,292,0.212987,-0.417028,0.301808
Pavlodar,Semey,292,293,0.185764,-0.414119,0.262692
Semey,Georgiyevka,293,294,0.0784069,-0.411207,0.110648
Georgiyevka,Ayagoz,294,364,0.0355331,-0.406035,0.0499608
Narvik,Kiruna,295,296,0.018949,-0.332333,0.0252464
Narvik,Setermoen,295,498,0.0092828,-0.33036,0.0123495
Kiruna,Töre,296,297,0.0412101,-0.334146,0.0549802
Töre,Luleå,297,298,0.0910114,-0.33522,0.12152
Luleå,Umeå,298,612,0.154075,-0.338612,0.206247
Luleå,Haparanda,298,613,0.103165,-0.331732,0.137388
Helsingborg,Halmstad,299,300,0.118258,-0.343551,0.158885
Helsingborg,Jönköping,299,605,0.0741663,-0.339178,0.0993219
Örebro,Stockholm,301,302,0.225116,-0.348223,0.303507
Örebro,Karlstad,301,620,0.133644,-0.348608,0.180234
Stockholm,Södertälje,302,608,0.166607,-0.347504,0.224504
Stockholm,Uppsala,302,609,0.196859,-0.348347,0.265434
Tallinn,Narva,303,304,1.45107,-0.544912,2.24177
Tallinn,Riga,303,547,1.99799,-0.545438,3.08777
Colchester,Ipswich,305,306,0.000360436,0,0.000360436
Ipswich,Cambridge,306,636,0.000360436,0,0.000360436
The Hague,Gouda,307,308,0.358764,-0.514378,0.543304
Amersfoort,Oldenzaal,309,310,0.598599,-0.519411,0.909518
Amersfoort,Hoogeveen,309,698,0.558533,-0.519408,0.84864
Oldenzaal,Osnabrück,310,311,0.511396,-0.521652,0.778167
Osnabrück,Bad Oeynhausen,311,312,0.957735,-0.523535,1.45914
Bad Oeynhausen,Dortmund,312,508,1.63517,-0.52505,2.49371
Braunschweig,Magdeburg,313,314,1.31578,-0.518275,1.99771
Magdeburg,Halle,314,518,1.40433,-0.517394,2.13092
Poznań,Warsaw,315,316,2.4802,-0.525215,3.78284
Poznań,Wrocław,315,339,1.50411,-0.51967,2.28575
Warsaw,Elbląg,316,564,1.95662,-0.527538,2.98881
Warsaw,Radom,316,565,2.3277,-0.527713,3.55606
Warsaw,Lublin,316,713,2.73269,-0.530355,4.18198
Brest,Rennes,317,365,0.33528,-0.507608,0.505471
Brest,Lorient,317,388,0.184943,-0.505409,0.278414
Minsk,Smolensk,318,319,3.47051,-0.548215,5.3731
Minsk,Babruysk,318,703,3.11903,-0.548125,4.82864
Ryazan,Penza,320,321,1.91471,-0.526929,2.92363
Ufa,Yelabuga,322,632,0.807911,-0.47375,1.19066
Bruges,Ghent,324,325,1.51706,-0.523586,2.31136
Bruges,Zeebrugge,324,642,1.70106,-0.526327,2.59637
Ghent,Brussels,325,326,2.04846,-0.524134,3.12213
Brussels,Leuven,326,327,2.57823,-0.526941,3.93681
Leuven,Hasselt,327,708,1.66043,-0.529764,2.54007
Eupen,Aachen,328,329,1.98021,-0.531492,3.03267
Eupen,St. Vith,328,653,1.01689,-0.53243,1.55831
Aachen,Heerlen,329,709,1.55868,-0.531235,2.3867
Olpe,Wetzlar,330,331,1.88196,-0.528654,2.87687
Wetzlar,Gießen,331,332,1.86508,-0.530861,2.85518
Wetzlar,Dortmund,331,508,2.63066,-0.528111,4.01994
Wetzlar,Aschaffenburg,331,509,2.01047,-0.530387,3.0768
Wetzlar,Koblenz,331,660,1.9585,-0.531018,2.9985
Gießen,Bad Hersfeld,332,333,1.15259,-0.532218,1.76602
Bad Hersfeld,Eisenach,333,334,0.545261,-0.529695,0.834083
Eisenach,Erfurt,334,335,0.515574,-0.522137,0.784775
Erfurt,Gera,335,336,1.02429,-0.518,1.55487
Gera,Chemnitz,336,337,1.53299,-0.517313,2.32602
Gera,Leipzig,336,526,1.54695,-0.516909,2.34658
Gera,Hirschberg,336,527,1.0841,-0.517608,1.64525
Chemnitz,Plauen,337,519,1.44627,-0.517113,2.19416
Wrocław,Opole,339,340,1.2684,-0.517034,1.92421
Wrocław,Kłodzko,339,548,1.28912,-0.516853,1.95541
Opole,Gliwice,340,341,0.608055,-0.515915,0.92176
Gliwice,Zabrze,341,342,0.575118,-0.515846,0.87179
Kraków,Rzeszów,343,344,0.81194,-0.518841,1.23321
Kraków,Radom,343,565,0.964353,-0.522792,1.46851
Kraków,Trstená,343,566,1.03126,-0.51785,1.56529
Rzeszów,Jarosław,344,345,0.756947,-0.524307,1.15382
Rzeszów,Radom,344,565,0.82017,-0.52553,1.25119
Rzeszów,Barwinek,344,710,0.60019,-0.521631,0.913268
Jarosław,Korczowa,345,346,0.813016,-0.528134,1.2424
Korczowa,Lviv,346,347,1.72785,-0.529286,2.64237
Lviv,Rivne,347,348,2.25687,-0.536059,3.46668
Lviv,Mukachevo,347,378,3.22976,-0.523094,4.91922
Lviv,Lublin,347,713,1.72899,-0.528888,2.64344
Rivne,Zhytomyr,348,349,1.3737,-0.540888,2.11671
Rivne,Kovel,348,714,1.36028,-0.540354,2.09531
Zhytomyr,Vinnytsia,349,381,2.30478,-0.53886,3.54673
Beyneu,Qo‘ng‘irot,351,352,0.456775,-0.468297,0.670682
Qo‘ng‘irot,Nukus,352,353,0.208346,-0.45082,0.302272
Nukus,Daşoguz,353,354,0.14777,-0.405893,0.207748
Daşoguz,Bukhara,354,355,0.0976303,-0.347714,0.131578
Daşoguz,Ashgabat,354,432,0.110656,-0.346802,0.149032
Daşoguz,Uchkuduk,354,688,0.0582456,-0.365693,0.0795456
Bukhara,Navoiy,355,356,0.106349,-0.341052,0.142619
Bukhara,Alat,355,436,0.0922357,-0.32882,0.122565
Bukhara,Karshi,355,437,0.0932942,-0.329782,0.124061
Bukhara,Uchkuduk,355,688,0.0597565,-0.335216,0.0797879
Navoiy,Samarkand,356,357,0.0842626,-0.364373,0.114966
Samarkand,Jizzakh,357,358,0.123582,-0.390077,0.171789
Sary-Ozek,Taldykorgan,360,361,0.105184,-0.391505,0.146364
Sary-Ozek,Koktal,360,697,0.0991624,-0.392027,0.138037
Taldykorgan,Ucharal,361,362,0.046687,-0.389356,0.0648648
Ucharal,Taskesken,362,363,0.0245454,-0.389294,0.0341008
Taskesken,Ayagoz,363,364,0.0215147,-0.396221,0.0300393
Rennes,Le Mans,365,366,0.826,-0.509134,1.24654
Le Mans,Angers,366,391,0.672873,-0.509356,1.0156
Le Mans,Tours,366,392,0.800827,-0.506929,1.20679
Le Mans,Rouen,366,662,1.24026,-0.515594,1.87973
Reims,Charleroi,367,651,1.61976,-0.525457,2.47088
Reims,Charleville-Mézières,367,658,1.48739,-0.52483,2.26802
Reims,Rouen,367,662,1.72999,-0.52087,2.63108
Saarbrücken,Mannheim,368,369,2.729,-0.531743,4.18012
Saarbrücken,Trier,368,659,1.4234,-0.530878,2.17906
Mannheim,Heilbronn,369,370,2.55843,-0.531772,3.91893
Rozvadov,Plzeň,371,372,2.18289,-0.524042,3.32681
Plzeň,Karlovy Vary,372,523,1.5267,-0.522482,2.32437
Plzeň,České Budějovice,372,524,1.78254,-0.522078,2.71317
Plzeň,Bayerisch Eisenstein,372,530,1.81268,-0.522782,2.76031
Trenčín,Prešov,373,374,1.20624,-0.518666,1.83187
Prešov,Košice,374,375,1.87796,-0.518704,2.85206
Prešov,Svidník,374,712,0.91129,-0.519246,1.38447
Košice,Vyšné Nemecké,375,376,0.953063,-0.518362,1.44709
Košice,Uzhhorod,375,377,1.82887,-0.5195,2.77896
Košice,Miskolc,375,552,1.74901,-0.515714,2.65099
Košice,Zvolen,375,568,1.81827,-0.51643,2.75728
Vyšné Nemecké,Uzhhorod,376,377,0.875804,-0.520739,1.33187
Uzhhorod,Mukachevo,377,378,2.89462,-0.520968,4.40262
Uzhhorod,Chop,377,723,1.4798,-0.520031,2.24934
Mukachevo,Stryj,378,379,2.19992,-0.51685,3.33695
Mukachevo,Halmeu,378,578,2.73211,-0.516561,4.14342
Khmelnytskyi,Vinnytsia,380,381,1.48143,-0.532647,2.27051
Vinnytsia,Uman,381,382,1.44658,-0.53135,2.21521
Vinnytsia,Mohyliv-Podilskyi,381,728,1.3311,-0.533165,2.04079
Uman,Kirovohrad,382,383,1.14849,-0.521577,1.74751
Kirovohrad,Dnipropetrovsk,383,384,0.829849,-0.514219,1.25657
Kirovohrad,Chişinău,383,672,1.66858,-0.514721,2.52743
Dnipropetrovsk,Donetsk,384,385,0.358485,-0.505939,0.539857
Donetsk,Rostov-on-Don,385,386,0.249865,-0.489583,0.372194
Rostov-on-Don,Armavir,386,387,0.230896,-0.473469,0.340218
Rostov-on-Don,Taganrog,386,675,0.223027,-0.490825,0.332494
Lorient,Vannes,388,389,0.221548,-0.505185,0.333471
Vannes,Nantes,389,390,0.481999,-0.506791,0.726272
Nantes,Angers,390,391,0.67562,-0.506137,1.01758
Nantes,Poitiers,390,676,0.929874,-0.509946,1.40406
Angers,Tours,391,392,0.555085,-0.49957,0.832388
Tours,Vierzon,392,503,0.740328,-0.497099,1.10834
Montargis,Auxerre,393,394,1.23285,-0.514113,1.86668
Auxerre,Beaune,394,395,2.24667,-0.520555,3.41619
Beaune,Dole,395,396,2.2145,-0.522697,3.37201
Beaune,Antwerp,395,505,3.76391,-0.524574,5.73837
Dole,Besançon,396,397,1.1445,-0.525609,1.74606
Besançon,Belfort,397,398,1.27762,-0.528163,1.95241
Zürich,Winterthur,399,400,1.31325,-0.516349,1.99135
Winterthur,St. Gallen,400,401,0.939553,-0.515433,1.42383
Winterthur,Schaffhausen,400,511,1.2345,-0.522487,1.8795
St. Gallen,St. Margrethen,401,402,0.884061,-0.512417,1.33707
St. Margrethen,Bregenz,402,403,1.47272,-0.511574,2.22613
St. Margrethen,Buchs,402,514,0.687126,-0.510929,1.0382
Bregenz,Feldkirch,403,748,1.42764,-0.510381,2.15628
Bregenz,Lindau,403,513,2.20684,-0.512685,3.33825
Feldkirch,Landeck,748,404,0.66595,-0.50634,1.00315
Feldkirch,Imst,748,406,0.69569,-0.506103,1.04778
Landeck,Telfs,404,405,0.472166,-0.503527,0.709914
Sattledt,Liezen,408,532,0.953199,-0.514921,1.44402
Sattledt,Wels,408,669,0.989689,-0.517863,1.50221
Sankt Pölten,Vienna,409,410,1.99843,-0.514821,3.02727
Vienna,Nickelsdorf,410,411,2.2128,-0.513983,3.35015
Vienna,Halámky,410,525,2.10276,-0.515281,3.18627
Vienna,Graz,410,534,2.78583,-0.509735,4.20587
Nickelsdorf,Mosonmagyaróvár,411,412,1.55949,-0.512921,2.35939
Szolnok,Püspökladány,413,414,1.8902,-0.507922,2.85027
Püspökladány,Oradea,414,415,2.4218,-0.50274,3.63934
Püspökladány,Nyíregyháza,414,722,1.42783,-0.509188,2.15487
Oradea,Cluj-Napoca,415,416,1.25565,-0.489783,1.87065
Oradea,Berettyóújfalu,415,570,1.6828,-0.500186,2.52451
Oradea,Beiuş,415,571,1.16491,-0.492597,1.73875
Oradea,Satu Mare,415,579,1.80511,-0.500839,2.70918
Oradea,Arad,415,684,2.02609,-0.488906,3.01666
Cluj-Napoca,Turda,416,417,0.783,-0.490883,1.16736
Cluj-Napoca,Zalău,416,580,0.728309,-0.497536,1.09067
Turda,Târgu Mureş,417,418,0.360888,-0.483365,0.535328
Turda,Sebeş,417,581,0.374234,-0.483152,0.555045
Târgu Mureş,Braşov,418,419,0.27258,-0.473141,0.401548
Braşov,Ploieşti,419,420,0.251679,-0.458202,0.366999
Braşov,Sibiu,419,582,0.322348,-0.474302,0.475238
Braşov,Piteşti,419,583,0.215164,-0.456971,0.313487
Slobozia,Hârşova,421,422,0.42021,-0.458529,0.612889
Slobozia,Galaţi,421,588,0.652964,-0.470849,0.960411
Hârşova,Constanţa,422,423,0.448205,-0.451551,0.650593
Constanţa,Varna,423,463,0.447482,-0.427661,0.638853
Constanţa,Tulcea,423,589,0.448205,-0.451551,0.650593
Senaki,Samtredia,424,425,0.0252807,-0.543975,0.0390328
Senaki,Zugdidi,424,604,0.0673999,-0.551793,0.104591
Samtredia,Kutaisi,425,426,0.0106657,-0.499885,0.0159974
Kutaisi,Khashuri,426,427,0.00671401,-0.389326,0.00932795
Khashuri,Gori,427,428,0.00799017,-0.303943,0.0104187
Rustavi,Ganja,429,430,0.0184572,-0.388766,0.0256327
Ganja,Yevlakh,430,431,0.0339009,-0.446844,0.0490493
Ashgabat,Tejen,432,433,0.0661149,-0.330615,0.0879735
Tejen,Mary,433,434,0.0371043,-0.321072,0.0490175
Mary,Türkmenabat,434,435,0.0319201,-0.317041,0.0420401
Türkmenabat,Alat,435,436,0.0469758,-0.321487,0.0620779
Karshi,Guzar,437,438,0.0497568,-0.326649,0.0660098
Guzar,Sherobod,438,439,0.0387254,-0.333973,0.0516586
Sherobod,Termez,439,440,0.0535605,-0.348897,0.0722476
Jirgatal,Sary Tash,441,442,0.0946718,-0.368266,0.129536
Jirgatal,Khorugh,441,694,0.0604417,-0.359313,0.0821591
Sary Tash,Irkeshtam,442,443,0.116326,-0.380183,0.160552
Irkeshtam,Osh,443,691,0.226432,-0.386625,0.313976
A Coruña,Bilbao,444,445,0.146199,-0.433957,0.209643
A Coruña,Pontevedra,444,481,0.0682927,-0.4206,0.0970166
Clermont-Ferrand,Montluçon,446,504,0.90176,-0.489015,1.34273
Chambéry,Susa,447,448,0.935365,-0.496089,1.39939
Chambéry,Marseille,447,736,0.697479,-0.500499,1.04657
Susa,Turin,448,449,0.654982,-0.481067,0.970072
Tortona,Brescia,450,451,0.334149,-0.443813,0.482449
Trieste,Postojna,452,453,0.358661,-0.475187,0.529092
Trieste,Ljubljana,452,454,0.672148,-0.481618,0.995866
Postojna,Ljubljana,453,454,0.455725,-0.486568,0.677466
Ljubljana,Maribor,454,535,0.766752,-0.493017,1.14477
Ljubljana,Naklo,454,538,1.115,-0.492979,1.66467
Vršac,Timişoara,456,457,0.971566,-0.462488,1.4209
Timişoara,Drobeta-Turnu Severin,457,458,1.09663,-0.461739,1.60299
Timişoara,Arad,457,684,1.66007,-0.474515,2.4478
Drobeta-Turnu Severin,Craiova,458,459,1.10397,-0.455144,1.60643
Craiova,Alexandria,459,460,0.460251,-0.454376,0.669378
Craiova,Târgu Jiu,459,574,0.637059,-0.458936,0.929428
Craiova,Piteşti,459,583,0.594137,-0.456952,0.865629
Razgrad,Shumen,461,462,0.137356,-0.400323,0.192343
Shumen,Varna,462,463,0.206622,-0.40887,0.291104
Varna,Burgas,463,590,0.203295,-0.408624,0.286366
Lisbon,Valladolid,464,465,0.135494,-0.400837,0.189805
Lisbon,Porto,464,483,0.133874,-0.388529,0.185889
Lisbon,Albufeira,464,484,0.134439,-0.384766,0.186167
Toulouse,Nice,466,467,1.02021,-0.463467,1.49305
Nice,Cuneo,467,685,0.447185,-0.455837,0.651028
Sofia,Plovdiv,468,469,0.507458,-0.435833,0.728625
Sofia,Botevgrad,468,575,0.510301,-0.435685,0.732631
Sofia,Blagoevgrad,468,576,0.563586,-0.432629,0.807409
Sofia,Kyustendil,468,745,0.384631,-0.436747,0.552618
Plovdiv,Istanbul,469,470,0.213869,-0.433366,0.306553
Istanbul,İzmit,470,471,0.105648,-0.425479,0.150598
İzmit,Gerede,471,472,0.0386017,-0.407945,0.0543491
İzmit,Bursa,471,479,0.0395658,-0.403523,0.0555315
Gerede,Kızılcahamam,472,599,0.0192522,-0.390181,0.026764
Mazara del Vallo,Palermo,473,474,0.000360436,0,0.000360436
Metaponto,Taranto,475,476,0.0168203,-0.383733,0.0232748
Metaponto,Potenza,475,743,0.00950264,-0.370506,0.0130234
Ioannina,Trikala,477,687,0.0624915,-0.391343,0.0869471
Gelibolu,Keşan,478,596,0.195778,-0.388398,0.271817
Gelibolu,Ayvalık,478,597,0.19586,-0.388204,0.271893
Bursa,Ankara,479,480,0.021803,-0.382145,0.0301349
Bursa,Balıkesir,479,746,0.0267686,-0.379776,0.0369346
Ankara,Kızılcahamam,480,599,0.0149263,-0.375263,0.0205276
Pontevedra,Valença,481,482,0.047834,-0.398883,0.0669141
Valença,Porto,482,483,0.0655355,-0.386335,0.0908542
Albufeira,Castro Marim,484,485,0.0742271,-0.376396,0.102166
Castro Marim,Huelva,485,486,0.0698924,-0.374912,0.0960959
Cherbourg-Octeville,La Rochelle,487,488,0.178313,-0.508753,0.269031
Cherbourg-Octeville,Caen,487,661,0.373706,-0.517226,0.566997
La Rochelle,Saintes,488,730,0.164355,-0.491229,0.245091
Oslo,Hamar,489,490,0.101743,-0.34943,0.137294
Oslo,Askim,489,619,0.10649,-0.348817,0.143635
Hamar,Lillehammer,490,491,0.064078,-0.34998,0.086504
Lillehammer,Dombås,491,492,0.0712656,-0.349994,0.0962081
Dombås,Trondheim,492,493,0.128338,-0.349474,0.173189
Trondheim,Stjørdal,493,494,0.125809,-0.349266,0.169749
Stjørdal,Steinkjer,494,495,0.0635428,-0.348743,0.0857029
Steinkjer,Mosjøen,495,496,0.0455972,-0.346205,0.0613832
Mosjøen,Mo i Rana,496,497,0.0592236,-0.342939,0.0795336
Mo i Rana,Umeå,497,612,0.11347,-0.341513,0.152222
Setermoen,Alta,498,499,0.00574988,-0.343626,0.00772569
Alta,Olderfjord,499,500,0.00616859,-0.387444,0.00855858
Olderfjord,Lakselv,500,501,0.0113673,-0.437953,0.0163456
Lakselv,Karasjok,501,502,0.0265226,-0.467082,0.0389108
Vierzon,Montluçon,503,504,0.550355,-0.491845,0.821044
Antwerp,Zeebrugge,505,642,2.48111,-0.527195,3.78914
Martigny,Sion,506,678,0.6524,-0.508684,0.984266
Bremen,Groningen,507,624,2.08417,-0.5222,3.17253
Stuttgart,Schaffhausen,510,511,1.84564,-0.527958,2.82006
Stuttgart,Ulm,510,512,1.65052,-0.525982,2.51867
Ulm,Lindau,512,513,1.4637,-0.520375,2.22538
Lindau,Waldshut,513,666,2.02611,-0.517719,3.07506
Buchs,Chur,514,515,0.276169,-0.508072,0.416482
Chur,San Bernardino,515,516,0.145837,-0.499798,0.218727
Halle,Plauen,518,519,1.34044,-0.517277,2.03381
Plauen,Schönberg,519,520,1.09402,-0.517431,1.6601
Plauen,Hof,519,528,1.44587,-0.518575,2.19566
Schönberg,Vojtanov,520,521,0.656907,-0.51822,0.99733
Vojtanov,Cheb,521,522,0.900637,-0.519941,1.36892
Cheb,Karlovy Vary,522,523,1.48739,-0.520604,2.26173
Cheb,Marktredwitz,522,663,1.18368,-0.521349,1.80079
Karlovy Vary,Teplice,523,715,0.921077,-0.520073,1.4001
České Budějovice,Halámky,524,525,1.27891,-0.518996,1.94265
Hirschberg,Hof,527,528,1.1176,-0.518922,1.69755
Hof,Bayreuth,528,529,1.79598,-0.521718,2.73297
Bayreuth,Marktredwitz,529,663,1.615,-0.52249,2.45882
Bayerisch Eisenstein,Deggendorf,530,531,1.36717,-0.52186,2.08064
Liezen,Sankt Michael,532,533,0.794594,-0.510602,1.20032
Sankt Michael,Graz,533,534,1.44743,-0.507229,2.18161
Graz,Maribor,534,535,1.26111,-0.501765,1.89389
Graz,Spielfeld,534,536,0.938889,-0.505999,1.41397
Graz,Klagenfurt,534,683,1.7646,-0.502853,2.65193
Maribor,Spielfeld,535,536,0.441419,-0.494726,0.6598
Karavanke Tunnel,Naklo,537,538,0.92174,-0.50163,1.38411
Naklo,Loiblpass,538,734,0.887982,-0.499527,1.33155
Kemijärvi,Posio,539,540,0.0219208,-0.300158,0.0285005
Posio,Kuusamo,540,541,0.013789,-0.301442,0.0179456
Kuusamo,Kajaani,541,542,0.0139703,-0.310396,0.0183067
Kajaani,Iisalmi,542,543,0.0228243,-0.322693,0.0301896
Iisalmi,Kuopio,543,544,0.0464088,-0.331199,0.0617794
Tampere,Turku,545,546,0.0533642,-0.356405,0.0723834
Tampere,Vaasa,545,616,0.0690483,-0.339951,0.0925214
Tampere,Hämeenlinna,545,618,0.099918,-0.375784,0.137466
Turku,Pori,546,617,0.0348164,-0.3416,0.0467097
Riga,Šiauliai,547,561,2.06681,-0.544213,3.19159
Riga,Rēzekne,547,627,2.17097,-0.546953,3.35839
Kłodzko,Kudowa-Zdrój,548,549,0.589549,-0.515945,0.893725
Kudowa-Zdrój,Náchod,549,550,0.498325,-0.516039,0.755481
Náchod,Hradec Králové,550,551,0.921412,-0.516976,1.39776
Hradec Králové,Olomouc,551,716,1.27301,-0.5172,1.93142
Miskolc,Debrecen,552,569,1.43976,-0.512642,2.17784
Szekszárd,Mohács,555,556,0.861779,-0.507432,1.29907
Mohács,Osijek,556,557,0.541691,-0.503348,0.81435
Osijek,Đakovo,557,558,0.331814,-0.495961,0.496381
Osijek,Sombor,557,735,0.547721,-0.496135,0.819464
Đakovo,Šamac,558,559,0.155883,-0.480967,0.230858
Šamac,Zenica,559,560,0.129901,-0.448942,0.18822
Zenica,Sarajevo,560,737,0.220556,-0.431726,0.315776
Šiauliai,Tolpaki,561,562,1.62555,-0.539443,2.50244
Šiauliai,Palanga,561,704,1.24622,-0.541146,1.92061
Šiauliai,Panevėžys,561,705,1.28686,-0.541605,1.98382
Tolpaki,Kaliningrad,562,563,1.05904,-0.53255,1.62303
Tolpaki,Nesterov,562,640,0.96644,-0.537558,1.48596
Trstená,Ružomberok,566,567,0.86056,-0.516253,1.30483
Ružomberok,Zvolen,567,568,1.5784,-0.515131,2.39148
Debrecen,Berettyóújfalu,569,570,1.03596,-0.507089,1.56128
Beiuş,Deva,571,572,0.811754,-0.484328,1.20491
Deva,Petroşani,572,573,0.714482,-0.469957,1.05026
Deva,Sibiu,572,582,0.91415,-0.471372,1.34506
Deva,Arad,572,684,1.23539,-0.474808,1.82197
Petroşani,Târgu Jiu,573,574,0.46115,-0.465404,0.67577
Botevgrad,Jablanica,575,585,0.221313,-0.432232,0.316971
Blagoevgrad,Serres,576,577,0.360212,-0.420777,0.511781
Halmeu,Satu Mare,578,579,2.22106,-0.508642,3.35078
Satu Mare,Zalău,579,580,0.958624,-0.502215,1.44006
Sebeş,Sibiu,581,582,0.404229,-0.474035,0.595847
Sibiu,Piteşti,582,583,0.461538,-0.463994,0.675689
Pleven,Jablanica,584,585,0.123642,-0.42055,0.17564
Izmail,Reni,586,587,0.796587,-0.511005,1.20365
Reni,Galaţi,587,588,0.722771,-0.492552,1.07877
Galaţi,Tulcea,588,589,0.491359,-0.472555,0.723553
Galaţi,Giurgiuleşti,588,729,0.854823,-0.494494,1.27753
Burgas,Malko Tarnovo,590,591,0.112051,-0.395275,0.156342
Malko Tarnovo,Dereköy,591,592,0.0499678,-0.388143,0.0693625
Dereköy,Kırklareli,592,593,0.0266741,-0.38285,0.0368863
Kırklareli,Babaeski,593,594,0.0238048,-0.382452,0.032909
Babaeski,Havsa,594,595,0.0391439,-0.385643,0.0542395
Havsa,Keşan,595,596,0.0846741,-0.387209,0.117461
Ayvalık,İzmir,597,598,0.0848533,-0.386206,0.117624
İzmir,Manisa,598,747,0.0393887,-0.382214,0.0544436
Kherson,Dzhankoy,600,601,0.931327,-0.528461,1.4235
Kherson,Mykolaiv,600,673,1.08341,-0.523787,1.65089
Kherson,Melitopol,600,674,0.594362,-0.523834,0.905709
Sochi,Sukhumi,602,603,0.502295,-0.544981,0.776037
Sukhumi,Zugdidi,603,604,0.183901,-0.54892,0.284848
Jönköping,Linköping,605,606,0.055102,-0.338167,0.0737357
Linköping,Norrköping,606,607,0.073305,-0.339904,0.0982216
Norrköping,Södertälje,607,608,0.112155,-0.344374,0.150778
Norrköping,Kalmar,607,626,0.0730399,-0.339884,0.097865
Uppsala,Sundsvall,609,610,0.2041,-0.347656,0.275057
Sundsvall,Örnsköldsvik,610,611,0.191141,-0.346115,0.257297
Örnsköldsvik,Umeå,611,612,0.157019,-0.343288,0.210922
Haparanda,Tornio,613,614,0.0769967,-0.321513,0.101752
Kokkola,Vaasa,615,616,0.0695153,-0.326542,0.092215
Vaasa,Pori,616,617,0.0400551,-0.334122,0.0534384
Askim,Karlstad,619,620,0.0889906,-0.349208,0.120067
Kotka,Vaalimaa,621,622,0.337735,-0.515805,0.511941
Vaalimaa,Vyborg,622,623,0.836055,-0.527474,1.27705
Groningen,Hoogeveen,624,698,0.760246,-0.521722,1.15688
Sassnitz,Stralsund,625,699,0.426718,-0.516492,0.647114
Rēzekne,Velikiye Luki,627,628,2.41964,-0.549068,3.74819
Rēzekne,Daugavpils,627,702,1.46599,-0.547329,2.26837
Vladimir,Nizhny Novgorod,629,630,1.57887,-0.542527,2.43544
Nizhny Novgorod,Kazan,630,631,0.700471,-0.533556,1.07421
Kazan,Yelabuga,631,632,0.569555,-0.502414,0.855708
Yelabuga,Perm,632,633,0.423729,-0.481643,0.627815
Perm,Yekaterinburg,633,634,0.196077,-0.469932,0.28822
Yekaterinburg,Tyumen,634,635,0.152711,-0.445053,0.220675
Koszalin,Słupsk,637,638,0.242382,-0.518424,0.368038
Słupsk,Gdynia,638,639,0.391337,-0.520969,0.595211
Nesterov,Marijampolė,640,641,0.860039,-0.541254,1.32554
Aktobe,Karabutak,647,648,0.728426,-0.470601,1.07122
Karabutak,Aral,648,649,0.336876,-0.480621,0.498785
Aral,Novokazalinsk,649,650,0.269145,-0.45263,0.390968
Charleroi,Namur,651,652,1.13609,-0.528288,1.73627
St. Vith,Wittlich,653,654,1.07877,-0.533301,1.65407
Wittlich,Bingen,654,655,0.669391,-0.535172,1.02763
Bingen,Wiesbaden,655,656,0.976492,-0.535086,1.499
Amiens,Charleville-Mézières,657,658,1.35462,-0.5229,2.06295
Trier,Koblenz,659,660,1.46663,-0.532036,2.24693
Caen,Rouen,661,662,0.955681,-0.518791,1.45148
Regensburg,Passau,667,668,1.13757,-0.525583,1.73545
Passau,Wels,668,669,1.17201,-0.521805,1.78357
Wels,Braunau am Inn,669,721,1.39332,-0.517727,2.11468
Iaşi,Sculeni,670,671,1.31303,-0.511753,1.98498
Iaşi,Bălţi,670,727,1.10748,-0.514084,1.67681
Sculeni,Chişinău,671,672,1.48449,-0.51325,2.24641
Chişinău,Giurgiuleşti,672,729,1.1941,-0.50988,1.80294
Melitopol,Taganrog,674,675,0.270139,-0.512904,0.408694
Poitiers,Mâcon,676,677,1.72641,-0.512226,2.61073
Sion,Simplon,678,679,0.306445,-0.495659,0.458338
Simplon,Gravellona Toce,679,680,0.264276,-0.465784,0.387371
Innichen,Spittal an der Drau,681,682,0.652298,-0.503666,0.980838
Klagenfurt,Loiblpass,683,734,1.00929,-0.503296,1.51726
Cuneo,Asti,685,686,0.26963,-0.452729,0.391699
Kokand,Andijan,689,690,0.178585,-0.387859,0.247851
Andijan,Osh,690,691,0.240019,-0.384293,0.332257
Kulob,Kalaikhumb,692,693,0.0428786,-0.355348,0.0581155
Kalaikhumb,Khorugh,693,694,0.0381604,-0.353763,0.0516601
Kokpek,Chundzha,695,696,0.0880324,-0.392921,0.122622
Chundzha,Koktal,696,697,0.0672673,-0.391426,0.0935974
Stralsund,Neubrandenburg,699,700,0.623055,-0.516565,0.944903
Ukmergė,Daugavpils,701,702,1.42684,-0.545341,2.20495
Ukmergė,Panevėžys,701,705,1.31724,-0.542512,2.03186
Breda,Gorinchem,706,707,0.761877,-0.518577,1.15697
Hasselt,Heerlen,708,709,1.05132,-0.530991,1.60955
Barwinek,Vyšný Komárnik,710,711,0.331912,-0.52035,0.504623
Vyšný Komárnik,Svidník,711,712,0.409055,-0.519603,0.621601
Lublin,Kovel,713,714,1.32223,-0.534249,2.02863
Olomouc,Český Těšín,716,717,0.806837,-0.516973,1.22395
Garmisch-Partenkirchen,Mittenwald,718,719,0.893856,-0.514152,1.35343
Mittenwald,Seefeld,719,720,0.590322,-0.507808,0.890093
Nyíregyháza,Chop,722,723,0.959132,-0.515762,1.45382
Dunajská Streda,Medveďov,724,725,0.621805,-0.515076,0.942082
Medveďov,Vámosszabadi,725,726,0.545378,-0.514488,0.825968
Bălţi,Mohyliv-Podilskyi,727,728,0.799639,-0.524795,1.21929
Saintes,Angoulême,730,731,0.311868,-0.482977,0.462493
St. Johann in Tirol,Lofer,732,733,0.926463,-0.510452,1.39938
Sarajevo,Užice,737,738,0.29783,-0.43341,0.426912
Užice,Čačak,738,739,0.427734,-0.440085,0.615973
Čačak,Nova Varoš,739,740,0.427257,-0.440214,0.615341
Avellino,Benevento,741,742,0.0723274,-0.405711,0.101671
Balıkesir,Manisa,746,747,0.0240339,-0.376334,0.0330786
Warsaw,Brest-Litovsk,316,0,2.42679,-0.535217,3.72565
Brest-Litovsk,Minsk,0,318,2.30775,-0.542865,3.56055
Lyon,Mâcon,17,677,1.77731,-0.507193,2.67874
Beaune,Mâcon,395,677,2.97396,-0.516334,4.50952
