Glasgow,Preston,1,2,0.00978822,0,0.00978822
Glasgow,Edinburgh,1,13,0.00978822,0,0.00978822
Preston,Birmingham,2,3,0.00978822,0,0.00978822
Birmingham,Cambridge,3,636,0.00978822,0,0.00978822
Le Havre,Paris,4,5,1.89533,-0.521768,2.88425
Le Havre,Amiens,4,657,1.02373,-0.527654,1.5639
Paris,Orléans,5,6,2.21639,-0.50551,3.3368
Paris,Calais,5,16,1.64249,-0.521055,2.49832
Paris,Lyon,5,17,2.70663,-0.510003,4.08701
Paris,Brussels,5,326,2.76674,-0.526108,4.22235
Paris,Le Mans,5,366,1.72027,-0.509303,2.5964
Paris,Reims,5,367,1.79505,-0.521992,2.73205
Paris,Chaumont,5,665,2.57177,-0.525082,3.92216
Orléans,Bordeaux,6,7,1.24538,-0.491167,1.85706
Orléans,Tours,6,392,1.35082,-0.493275,2.01714
Orléans,Montargis,6,393,1.54516,-0.505533,2.32629
Orléans,Toulouse,6,466,1.53847,-0.481294,2.27893
Bordeaux,San Sebastián,7,8,0.917052,-0.456756,1.33592
Bordeaux,Clermont-Ferrand,7,446,1.45987,-0.481698,2.16309
Bordeaux,Toulouse,7,466,0.785222,-0.460969,1.14718
Bordeaux,Angoulême,7,731,0.909436,-0.474356,1.34083
San Sebastián,Burgos,8,9,0.724082,-0.406589,1.01849
San Sebastián,Bilbao,8,445,0.56877,-0.407265,0.80041
San Sebastián,Toulouse,8,466,0.733088,-0.438678,1.05468
Burgos,Madrid,9,10,0.55818,-0.394974,0.778646
Burgos,Valladolid,9,465,0.354598,-0.383061,0.490431
Madrid,Seville,10,11,0.452981,-0.359178,0.615682
Madrid,Barcelona,10,21,0.675785,-0.398882,0.945343
Madrid,Valencia,10,24,0.445681,-0.369382,0.610307
Madrid,Lisbon,10,464,0.431484,-0.362664,0.587968
Seville,Algeciras,11,12,0.260962,-0.340509,0.349822
Seville,Huelva,11,486,0.274908,-0.341052,0.368666
Algeciras,Málaga,12,28,0.127397,-0.329265,0.169344
Edinburgh,Newcastle,13,14,0.00978822,0,0.00978822
Newcastle,London,14,15,0.00978822,0,0.00978822
London,Colchester,15,305,0.00978822,0,0.00978822
Calais,Bruges,16,324,1.56049,-0.532252,2.39107
Calais,Rouen,16,662,1.07433,-0.522172,1.63532
Lyon,Orange,17,18,1.37793,-0.499768,2.06657
Lyon,Clermont-Ferrand,17,446,1.67799,-0.487473,2.49597
Lyon,Chambéry,17,447,1.31359,-0.502684,1.97392
Orange,Narbonne,18,19,0.678373,-0.488055,1.00946
Orange,Marseille,18,736,0.59257,-0.49811,0.887735
Narbonne,Girona,19,20,0.479124,-0.455995,0.697602
Girona,Barcelona,20,21,0.716831,-0.428317,1.02386
Barcelona,Tarragona,21,22,0.533456,-0.410217,0.752289
Barcelona,Toulouse,21,466,1.21113,-0.43821,1.74186
Tarragona,Castellón de la Plana,22,23,0.308987,-0.391619,0.429992
Castellón de la Plana,Valencia,23,24,0.326527,-0.370433,0.447483
Valencia,Alicante,24,25,0.270027,-0.359217,0.367025
Alicante,Murcia,25,26,0.129235,-0.345886,0.173936
Murcia,Almería,26,27,0.0778454,-0.329312,0.103481
Almería,Málaga,27,28,0.0777263,-0.320288,0.102621
Hook of Holland,Rotterdam,29,30,0.521297,-0.522661,0.793758
Hook of Holland,The Hague,29,307,0.29702,-0.505482,0.447158
Rotterdam,Eindhoven,30,31,1.2905,-0.527768,1.97158
Eindhoven,Maastricht,31,32,1.32354,-0.531535,2.02705
Eindhoven,Antwerp,31,505,2.20965,-0.536486,3.3951
Eindhoven,Venlo,31,643,1.76091,-0.522573,2.68111
Eindhoven,Breda,31,706,1.32482,-0.516181,2.00866
Maastricht,Liège,32,33,1.58772,-0.536434,2.43943
Liège,Bastogne,33,34,1.45731,-0.537876,2.24117
Liège,Leuven,33,327,2.44296,-0.534824,3.74952
Liège,Eupen,33,328,1.51979,-0.53684,2.33568
Liège,Antwerp,33,505,2.71565,-0.539275,4.18013
Liège,Namur,33,652,1.64523,-0.536751,2.52831
Liège,St. Vith,33,653,1.33193,-0.537707,2.04811
Liège,Charleville-Mézières,33,658,1.76251,-0.536663,2.70839
Bastogne,Arlon,34,35,0.870671,-0.538374,1.33942
Arlon,Luxembourg,35,36,1.22152,-0.538265,1.87903
Luxembourg,Metz,36,37,2.10368,-0.535531,3.23027
Luxembourg,St. Vith,36,653,1.47143,-0.53746,2.26227
Luxembourg,Charleville-Mézières,36,658,1.16305,-0.53613,1.78659
Luxembourg,Trier,36,659,1.44011,-0.54067,2.21874
Metz,Saint-Avold,37,38,2.52683,-0.536703,3.883
Metz,Lausanne,37,44,2.13006,-0.53285,3.26506
Metz,Geneva,37,45,2.54826,-0.521026,3.87597
Metz,Brussels,37,326,2.97268,-0.531341,4.55218
Metz,Reims,37,367,2.2018,-0.529736,3.36818
Metz,Saarbrücken,37,368,2.3641,-0.537783,3.63547
Saint-Avold,Strasbourg,38,39,1.86952,-0.539822,2.87872
Strasbourg,Mulhouse,39,40,2.32707,-0.541303,3.58672
Strasbourg,Appenweier,39,664,1.71996,-0.546228,2.65946
Mulhouse,Basel,40,41,2.27673,-0.536152,3.49741
Mulhouse,Belfort,40,398,1.70736,-0.536209,2.62286
Mulhouse,Chaumont,40,665,2.22977,-0.53429,3.42112
Basel,Olten,41,42,1.39111,-0.529139,2.12719
Basel,Offenburg,41,61,1.93123,-0.538621,2.97143
Basel,Zürich,41,399,1.67639,-0.526199,2.5585
Basel,Waldshut,41,666,1.95928,-0.531301,3.00025
Olten,Bern,42,43,1.41441,-0.529648,2.16355
Olten,Lucerne,42,62,0.897482,-0.521022,1.36509
Bern,Lausanne,43,44,1.18289,-0.528621,1.80819
Bern,Belfort,43,398,1.43136,-0.532068,2.19294
Bern,Martigny,43,506,0.883943,-0.516918,1.34087
Lausanne,Geneva,44,45,1.07404,-0.511559,1.62347
Lausanne,Martigny,44,506,0.788518,-0.517117,1.19627
Geneva,Mont Blanc,45,46,1.22645,-0.511982,1.85437
Geneva,Chambéry,45,447,1.47178,-0.497474,2.20395
Geneva,Mâcon,45,677,2.07138,-0.515761,3.13971
Mont Blanc,Aosta,46,47,0.759599,-0.500989,1.14015
Aosta,Ivrea,47,48,0.780333,-0.478081,1.1534
Aosta,Martigny,47,506,0.964773,-0.500417,1.44756
Ivrea,Vercelli,48,49,0.373472,-0.456527,0.543972
Ivrea,Turin,48,449,0.582012,-0.452404,0.845316
Vercelli,Alessandria,49,50,0.379747,-0.441974,0.547585
Alessandria,Genoa,50,51,0.546179,-0.440752,0.786908
Alessandria,Turin,50,449,0.474973,-0.443808,0.68577
Alessandria,Tortona,50,450,0.378867,-0.435569,0.543889
Alessandria,Asti,50,686,0.480788,-0.438259,0.691498
Genoa,Rome,51,74,1.19177,-0.437782,1.7135
Genoa,Tortona,51,450,0.651487,-0.438657,0.937267
Genoa,Nice,51,467,0.86927,-0.443842,1.25509
Amsterdam,Utrecht,52,53,1.23624,-0.508898,1.86536
Amsterdam,Amersfoort,52,309,0.682835,-0.522793,1.03982
Amsterdam,Brussels,52,326,2.84363,-0.527461,4.34353
Amsterdam,Groningen,52,624,1.24545,-0.517704,1.89023
Utrecht,Arnhem,53,54,0.982676,-0.498435,1.47248
Utrecht,Gouda,53,308,0.81373,-0.491938,1.21403
Utrecht,Amersfoort,53,309,0.749652,-0.494366,1.12026
Utrecht,Gorinchem,53,707,0.94846,-0.495849,1.41875
Arnhem,Emmerich,54,55,0.856113,-0.508528,1.29147
Emmerich,Oberhausen,55,56,1.60026,-0.516337,2.42654
Oberhausen,Cologne,56,57,2.63755,-0.523174,4.01745
Oberhausen,Dortmund,56,508,1.90983,-0.518095,2.89931
Oberhausen,Venlo,56,643,1.84628,-0.513296,2.79397
Cologne,Frankfurt am Main,57,58,2.87511,-0.535199,4.41387
Cologne,Aachen,57,329,2.53669,-0.531791,3.88568
Cologne,Olpe,57,330,1.82188,-0.53089,2.7891
Cologne,Bremen,57,507,2.83587,-0.520359,4.31154
Frankfurt am Main,Heidelberg,58,59,2.46308,-0.546046,3.80803
Frankfurt am Main,Gießen,58,332,1.77175,-0.542794,2.73344
Frankfurt am Main,Mannheim,58,369,2.86301,-0.544347,4.42148
Frankfurt am Main,Aschaffenburg,58,509,2.09255,-0.54357,3.23
Frankfurt am Main,Wiesbaden,58,656,2.00497,-0.544768,3.09722
Heidelberg,Karlsruhe,59,60,2.10487,-0.546345,3.25486
Karlsruhe,Offenburg,60,61,1.91325,-0.537425,2.94147
Karlsruhe,Stuttgart,60,510,2.64176,-0.539842,4.0679
Karlsruhe,Appenweier,60,664,1.94787,-0.546263,3.01192
Lucerne,Altdorf,62,63,0.69245,-0.506447,1.04314
Altdorf,Gotthard Pass,63,64,0.527641,-0.48482,0.783451
Altdorf,Zürich,63,399,0.909327,-0.514888,1.37753
Gotthard Pass,Bellinzona,64,65,0.323172,-0.439794,0.465301
Bellinzona,Lugano,65,66,0.223727,-0.399211,0.313042
Bellinzona,San Bernardino,65,516,0.219128,-0.409129,0.30878
Lugano,Chiasso,66,67,0.189974,-0.39586,0.265177
Chiasso,Como,67,68,0.306627,-0.411071,0.432673
Como,Milan,68,69,0.675372,-0.42245,0.960682
Milan,Piacenza,69,70,0.786387,-0.428388,1.12327
Milan,Turin,69,449,0.783507,-0.436668,1.12564
Milan,Tortona,69,450,0.546257,-0.429752,0.781012
Milan,Brescia,69,451,0.681802,-0.432812,0.976893
Milan,Gravellona Toce,69,680,0.695516,-0.42742,0.992794
Piacenza,Parma,70,71,0.594789,-0.433063,0.85237
Parma,Modena,71,72,0.918353,-0.438134,1.32072
Modena,Florence,72,73,1.0925,-0.442208,1.57562
Modena,Verona,72,94,1.20041,-0.44212,1.73114
Modena,Bologna,72,95,1.04316,-0.443276,1.50557
Florence,Rome,73,74,1.02402,-0.438485,1.47303
Rome,Pescara,74,125,1.07657,-0.426416,1.53564
Östersund,Mora,75,76,0.460218,-0.353019,0.622684
Östersund,Trondheim,75,493,0.546395,-0.352582,0.739044
Östersund,Sundsvall,75,610,0.588786,-0.34988,0.79479
Mora,Säffle,76,77,0.335174,-0.352755,0.453409
Säffle,Gothenburg,77,78,0.446599,-0.350734,0.603237
Gothenburg,Halmstad,78,300,0.439794,-0.344267,0.591201
Gothenburg,Örebro,78,301,0.464988,-0.351983,0.628656
Gothenburg,Oslo,78,489,0.391217,-0.349424,0.527918
Hamburg,Hanover,79,80,1.82383,-0.516951,2.76667
Hamburg,Berlin,79,108,2.02672,-0.516341,3.0732
Hamburg,Bremen,79,507,2.25288,-0.517551,3.41886
Hamburg,Lübeck,79,517,1.05302,-0.516279,1.59667
Hanover,Göttingen,80,81,1.21568,-0.525237,1.85421
Hanover,Bad Oeynhausen,80,312,1.39989,-0.52459,2.13426
Hanover,Braunschweig,80,313,1.34958,-0.51959,2.05082
Göttingen,Kassel,81,82,1.06403,-0.531657,1.62974
Kassel,Fulda,82,83,1.38389,-0.538916,2.12969
Kassel,Dortmund,82,508,1.66829,-0.530146,2.55273
Fulda,Würzburg,83,84,1.97654,-0.541507,3.04685
Würzburg,Nuremberg,84,85,2.95063,-0.541892,4.54956
Würzburg,Aschaffenburg,84,509,2.57804,-0.54296,3.97781
Würzburg,Stuttgart,84,510,2.02466,-0.546057,3.13024
Würzburg,Ulm,84,512,1.38321,-0.539809,2.12987
Nuremberg,Munich,85,86,2.71253,-0.531239,4.15353
Nuremberg,Heilbronn,85,370,2.65731,-0.541253,4.09558
Nuremberg,Rozvadov,85,371,2.20885,-0.532287,3.3846
Nuremberg,Bayreuth,85,529,2.96431,-0.530619,4.53723
Nuremberg,Regensburg,85,667,2.06464,-0.536597,3.17251
Munich,Rosenheim,86,87,2.12364,-0.518061,3.22381
Munich,Salzburg,86,115,2.54665,-0.518106,3.86608
Munich,Ulm,86,512,1.98305,-0.530058,3.03419
Munich,Lindau,86,513,2.35087,-0.51651,3.56512
Munich,Deggendorf,86,531,2.19935,-0.527231,3.35891
Munich,Garmisch-Partenkirchen,86,718,2.04959,-0.518603,3.11251
Munich,Braunau am Inn,86,721,1.753,-0.526191,2.67541
Rosenheim,Wörgl,87,88,1.49475,-0.509117,2.25575
Rosenheim,Bad Reichenhall,87,407,1.15442,-0.515624,1.74966
Wörgl,Innsbruck,88,89,1.545,-0.49406,2.30833
Wörgl,St. Johann in Tirol,88,732,1.10607,-0.503706,1.6632
Innsbruck,Brenner,89,90,0.980699,-0.479483,1.45093
Innsbruck,Telfs,89,405,0.821024,-0.486269,1.22026
Innsbruck,Imst,89,406,0.836744,-0.486741,1.24402
Innsbruck,Seefeld,89,720,0.963467,-0.487293,1.43296
Brenner,Fortezza,90,91,0.646941,-0.470844,0.951549
Fortezza,Bolzano,91,92,0.506291,-0.46178,0.740086
Fortezza,Innichen,91,681,0.553837,-0.478685,0.81895
Bolzano,Trento,92,93,0.510891,-0.451266,0.741438
Trento,Verona,93,94,0.976585,-0.446791,1.41291
Verona,Mestre,94,120,1.36866,-0.450283,1.98494
Verona,Brescia,94,451,1.08422,-0.440797,1.56214
Bologna,Cesena,95,96,0.883924,-0.443864,1.27627
Cesena,Perugia,96,97,0.615408,-0.440659,0.886593
Cesena,Ravenna,96,121,0.877692,-0.447112,1.27012
Cesena,Rimini,96,122,0.64172,-0.441311,0.924918
Perugia,Fiano Romano,97,98,0.263815,-0.42867,0.376904
Fiano Romano,Naples,98,99,0.1384,-0.402577,0.194116
Naples,Salerno,99,100,0.044873,-0.347546,0.0604685
Naples,Avellino,99,741,0.0725543,-0.351028,0.0980229
Salerno,Sicignano degli Alburni,100,101,0.0430057,-0.270371,0.0546331
Salerno,Avellino,100,741,0.050875,-0.301716,0.0662248
Sicignano degli Alburni,Potenza,101,743,0.031099,-0.219015,0.0379102
Messina,Catania,102,103,0.00978822,0,0.00978822
Messina,Palermo,102,474,0.00978822,0,0.00978822
Catania,Siracusa,103,104,0.00978822,0,0.00978822
Siracusa,Gela,104,105,0.00978822,0,0.00978822
Gela,Mazara del Vallo,105,473,0.00978822,0,0.00978822
Helsingborg,Copenhagen,299,106,0.109147,-0.321779,0.144268
Copenhagen,Malmö,106,135,0.059324,-0.310748,0.0777589
Rostock,Berlin,107,108,1.54235,-0.515878,2.33802
Rostock,Lübeck,107,517,0.76763,-0.51578,1.16356
Rostock,Sassnitz,107,625,0.653117,-0.5155,0.989799
Berlin,Lübbenau,108,109,2.31661,-0.515719,3.51134
Berlin,Szczecin,108,137,1.83214,-0.515586,2.77676
Berlin,Świebodzin,108,139,2.17925,-0.516382,3.30457
Berlin,Magdeburg,108,314,2.29038,-0.516629,3.47366
Berlin,Leipzig,108,526,2.04364,-0.515469,3.09707
Berlin,Neubrandenburg,108,700,1.42307,-0.515808,2.15709
Lübbenau,Dresden,109,110,1.70777,-0.516015,2.589
Lübbenau,Cottbus,109,644,1.27256,-0.516037,1.92925
Dresden,Ústí nad Labem,110,111,1.72273,-0.518126,2.61531
Dresden,Chemnitz,110,337,1.94412,-0.516164,2.94761
Dresden,Görlitz,110,338,1.25174,-0.51671,1.89852
Ústí nad Labem,Prague,111,112,1.91745,-0.519506,2.91358
Prague,Tábor,112,113,1.85463,-0.52195,2.82265
Prague,Mladá Boleslav,112,146,1.08179,-0.516543,1.64059
Prague,Jihlava,112,147,1.88318,-0.521697,2.86563
Prague,Plzeň,112,372,2.0429,-0.524843,3.11511
Prague,Karlovy Vary,112,523,1.29299,-0.51559,1.95964
Prague,Hradec Králové,112,551,1.41639,-0.514918,2.14572
Tábor,Linz,113,114,1.63482,-0.524111,2.49165
Linz,Salzburg,114,115,1.78212,-0.521585,2.71165
Linz,Sattledt,114,408,0.704212,-0.524479,1.07356
Linz,Sankt Pölten,114,409,1.6582,-0.524509,2.52795
Linz,Wels,114,669,1.22492,-0.52722,1.87071
Salzburg,Villach,115,116,2.86009,-0.512974,4.32724
Salzburg,Bad Reichenhall,115,407,1.4191,-0.515481,2.15062
Salzburg,Sattledt,115,408,1.45144,-0.520473,2.20687
Salzburg,Lofer,115,733,1.70677,-0.514027,2.58409
Villach,Tarvisio,116,117,1.55801,-0.508097,2.34963
Villach,Karavanke Tunnel,116,537,1.33045,-0.507446,2.00559
Villach,Spittal an der Drau,116,682,1.4989,-0.508545,2.26117
Villach,Klagenfurt,116,683,1.59775,-0.509245,2.4114
Tarvisio,Udine,117,118,0.84958,-0.496745,1.2716
Udine,Palmanova,118,119,0.985197,-0.476801,1.45494
Palmanova,Mestre,119,120,1.36359,-0.462452,1.99419
Palmanova,Trieste,119,452,1.23426,-0.469554,1.81381
Mestre,Ravenna,120,121,1.03086,-0.45165,1.49645
Rimini,Fano,122,123,0.340464,-0.433524,0.488063
Fano,Ancona,123,124,0.334407,-0.420566,0.475047
Ancona,Pescara,124,125,0.60963,-0.41503,0.862645
Pescara,Canosa di Puglia,125,126,0.704937,-0.399069,0.986256
Canosa di Puglia,Bari,126,127,0.28543,-0.347543,0.38463
Canosa di Puglia,Benevento,126,742,0.282196,-0.357548,0.383095
Bari,Brindisi,127,128,0.0859832,-0.327411,0.114135
Bari,Taranto,127,476,0.0846267,-0.319269,0.111645
Brindisi,Taranto,128,476,0.0279666,-0.269144,0.0354937
Igoumenitsa,Preveza,129,130,0.0982133,-0.274883,0.12521
Igoumenitsa,Ioannina,129,477,0.163791,-0.332821,0.218304
Preveza,Rhion,130,131,0.0866302,-0.21023,0.104843
Rhion,Patras,131,132,0.0619463,-0.164935,0.0721634
Rhion,Aigio,131,175,0.0619463,-0.164935,0.0721634
Patras,Pyrgos,132,133,0.0390779,-0.150095,0.0449433
Pyrgos,Kalamata,133,134,0.0279403,-0.140603,0.0318688
Kalamata,Tripoli,134,177,0.0246596,-0.133037,0.0279403
Malmö,Helsingborg,135,299,0.152279,-0.319311,0.200903
Malmö,Kalmar,135,626,0.149041,-0.314432,0.195904
Goleniów,Szczecin,136,137,0.784406,-0.514208,1.18775
Goleniów,Koszalin,136,637,0.338689,-0.509935,0.511399
Szczecin,Gorzów Wielkopolski,137,138,0.830885,-0.515546,1.25925
Gorzów Wielkopolski,Świebodzin,138,139,0.987638,-0.516439,1.49769
Świebodzin,Zielona Góra,139,140,1.31089,-0.515521,1.98668
Świebodzin,Poznań,139,315,2.01686,-0.517842,3.06128
Zielona Góra,Legnica,140,141,1.31272,-0.515851,1.98989
Legnica,Jelenia Góra,141,142,1.20298,-0.513265,1.82042
Legnica,Görlitz,141,338,1.32657,-0.515445,2.01035
Legnica,Wrocław,141,339,2.01483,-0.511291,3.045
Legnica,Cottbus,141,644,1.3281,-0.515391,2.01258
Jelenia Góra,Harrachov,142,143,0.526167,-0.508569,0.793759
Harrachov,Železný Brod,143,144,0.384543,-0.500042,0.57683
Železný Brod,Turnov,144,145,0.627494,-0.500142,0.94133
Turnov,Mladá Boleslav,145,146,0.649221,-0.508712,0.979488
Turnov,Hradec Králové,145,551,0.927246,-0.505703,1.39616
Turnov,Teplice,145,715,0.792274,-0.505451,1.19273
Jihlava,Brno,147,148,0.979982,-0.516799,1.48643
Jihlava,Vienna,147,410,1.55729,-0.522946,2.37167
Brno,Bratislava,148,149,1.38702,-0.518112,2.10566
Brno,Trenčín,148,373,1.34976,-0.51775,2.0486
Brno,Vienna,148,410,1.6041,-0.51976,2.43784
Brno,Olomouc,148,716,1.36471,-0.516658,2.0698
Bratislava,Rajka,149,150,1.52013,-0.516511,2.30529
Bratislava,Žilina,149,195,1.57608,-0.51577,2.38897
Bratislava,Győr,149,196,1.59021,-0.5191,2.41569
Bratislava,Vienna,149,410,2.26309,-0.514434,3.4273
Bratislava,Zvolen,149,568,2.09209,-0.517365,3.17446
Bratislava,Dunajská Streda,149,724,1.30155,-0.517262,1.97479
Rajka,Csorna,150,151,0.607621,-0.514119,0.92001
Csorna,Szombathely,151,152,0.319892,-0.507426,0.482213
Szombathely,Zalaegerszeg,152,153,0.356806,-0.497991,0.534492
Zalaegerszeg,Nagykanizsa,153,154,0.749092,-0.497005,1.12139
Nagykanizsa,Letenye,154,155,0.472192,-0.497052,0.706895
Nagykanizsa,Zagreb,154,156,1.15775,-0.484584,1.71877
Nagykanizsa,Balatonvilágos,154,553,1.39293,-0.508126,2.10072
Letenye,Zagreb,155,156,0.685554,-0.475997,1.01188
Zagreb,Karlovac,156,157,1.03358,-0.471539,1.52096
Zagreb,Ljubljana,156,454,0.96697,-0.475025,1.42631
Zagreb,Slavonski Brod,156,455,1.3615,-0.4636,1.99269
Zagreb,Maribor,156,535,1.07927,-0.481901,1.59937
Karlovac,Rijeka,157,158,0.483188,-0.464016,0.707395
Karlovac,Knin,157,554,0.390763,-0.460959,0.570889
Rijeka,Split,158,159,0.353278,-0.451589,0.512814
Rijeka,Trieste,158,452,0.827751,-0.46752,1.21474
Split,Dubrovnik,159,160,0.319929,-0.419834,0.454246
Split,Knin,159,554,0.260853,-0.442608,0.376308
Dubrovnik,Petrovac,160,161,0.12141,-0.407634,0.170901
Dubrovnik,Podgorica,160,162,0.307268,-0.402529,0.430953
Petrovac,Podgorica,161,162,0.222491,-0.399868,0.311458
Petrovac,Prizren,161,744,0.192774,-0.408974,0.271613
Podgorica,Bijelo Polje,162,163,0.33428,-0.403412,0.469132
Podgorica,Pristina,162,164,0.440121,-0.414878,0.622717
Podgorica,Sarajevo,162,737,0.58948,-0.397094,0.823558
Bijelo Polje,Pristina,163,164,0.438444,-0.418577,0.621966
Bijelo Polje,Nova Varoš,163,740,0.469179,-0.416931,0.664795
Pristina,Skopje,164,165,0.604271,-0.417984,0.856847
Pristina,Niš,164,202,1.05076,-0.435419,1.50827
Pristina,Prizren,164,744,0.362123,-0.418247,0.51358
Skopje,Kičevo,165,166,0.43948,-0.409864,0.619607
Skopje,Kumanovo,165,203,0.567465,-0.427201,0.809887
Skopje,Veles,165,204,0.476187,-0.411298,0.672042
Kičevo,Ohrid,166,167,0.195512,-0.397183,0.273166
Ohrid,Bitola,167,168,0.106852,-0.376757,0.147109
Bitola,Niki,168,169,0.0987069,-0.363953,0.134632
Niki,Vevi,169,170,0.162411,-0.3694,0.222406
Vevi,Kozani,170,171,0.346104,-0.379415,0.477422
Kozani,Larissa,171,172,0.232989,-0.381906,0.321969
Kozani,Thessaloniki,171,207,0.713306,-0.395763,0.995606
Kozani,Ioannina,171,477,0.292465,-0.374571,0.402014
Larissa,Domokos,172,173,0.10521,-0.379155,0.145101
Larissa,Lamia,172,174,0.10521,-0.379155,0.145101
Larissa,Katerini,172,208,0.284466,-0.391936,0.395959
Larissa,Trikala,172,687,0.155377,-0.370714,0.212977
Domokos,Lamia,173,174,6.63859e-05,-0.449942,3.3193e-05
Aigio,Corinth,175,176,0.0390779,-0.150095,0.0449433
Corinth,Tripoli,176,177,0.0279403,-0.140603,0.0318688
Varangerbotn,Utsjoki,178,179,0.121282,-0.328099,0.161074
Varangerbotn,Kirkenes,178,243,0.185027,-0.433808,0.265293
Varangerbotn,Karasjok,178,502,0.112178,-0.329841,0.149179
Utsjoki,Inari,179,180,0.0835851,-0.285503,0.107449
Inari,Ivalo,180,181,0.0936159,-0.275897,0.119444
Ivalo,Sodankylä,181,182,0.155304,-0.284417,0.199475
Sodankylä,Rovaniemi,182,183,0.230478,-0.298438,0.299262
Sodankylä,Kemijärvi,182,539,0.14987,-0.28592,0.19272
Rovaniemi,Kemi,183,184,0.318248,-0.304816,0.415256
Kemi,Oulu,184,185,0.425245,-0.300191,0.5529
Kemi,Tornio,184,614,0.31568,-0.31124,0.413932
Oulu,Jyväskylä,185,186,0.366088,-0.307226,0.478559
Oulu,Kokkola,185,615,0.273785,-0.306521,0.357706
Jyväskylä,Heinola,186,187,0.301614,-0.318591,0.397706
Jyväskylä,Kuopio,186,544,0.296526,-0.309391,0.388269
Jyväskylä,Tampere,186,545,0.304716,-0.317972,0.401607
Heinola,Lahti,187,188,0.200568,-0.323772,0.265506
Lahti,Helsinki,188,189,0.229398,-0.347363,0.309083
Helsinki,Hämeenlinna,189,618,0.246698,-0.344515,0.331689
Helsinki,Kotka,189,621,0.264999,-0.418868,0.375999
Gdańsk,Świecie,190,191,1.48789,-0.519328,2.26059
Gdańsk,Kaliningrad,190,563,1.10933,-0.514088,1.67963
Gdańsk,Elbląg,190,564,1.24314,-0.51987,1.88941
Gdańsk,Gdynia,190,639,0.909455,-0.514668,1.37752
Świecie,Łódź,191,192,1.07608,-0.516877,1.63228
Świecie,Poznań,191,315,1.41298,-0.518748,2.14596
Łódź,Piotrków Trybunalski,192,193,1.22059,-0.517351,1.85206
Piotrków Trybunalski,Katowice,193,194,1.47733,-0.513893,2.23653
Piotrków Trybunalski,Warsaw,193,316,1.98959,-0.522467,3.02909
Piotrków Trybunalski,Wrocław,193,339,1.51145,-0.513937,2.28824
Katowice,Žilina,194,195,1.28467,-0.511152,1.94133
Katowice,Zabrze,194,342,1.12569,-0.507964,1.69751
Katowice,Kraków,194,343,1.70726,-0.509832,2.57767
Katowice,Český Těšín,194,717,0.890989,-0.509743,1.34516
Žilina,Olomouc,195,716,0.782812,-0.512504,1.18401
Győr,Budapest,196,197,2.28457,-0.518427,3.46895
Győr,Vámosszabadi,196,726,1.0001,-0.51941,1.51956
Budapest,Szeged,197,198,2.72947,-0.515328,4.13604
Budapest,Mosonmagyaróvár,197,412,2.43545,-0.522278,3.70743
Budapest,Szolnok,197,413,2.5555,-0.520073,3.88454
Budapest,Miskolc,197,552,2.43363,-0.521943,3.70385
Budapest,Balatonvilágos,197,553,2.31546,-0.516152,3.51059
Budapest,Szekszárd,197,555,2.03998,-0.516517,3.09366
Budapest,Zvolen,197,568,2.24223,-0.518781,3.40546
Szeged,Subotica,198,199,1.69456,-0.504855,2.55006
Szeged,Arad,198,684,2.35856,-0.502013,3.54259
Subotica,Novi Sad,199,200,1.22448,-0.48304,1.81595
Subotica,Sombor,199,735,0.957146,-0.495786,1.43168
Novi Sad,Belgrade,200,201,1.45595,-0.458939,2.12414
Belgrade,Niš,201,202,1.45023,-0.452792,2.10688
Belgrade,Slavonski Brod,201,455,1.43667,-0.448117,2.08047
Belgrade,Vršac,201,456,1.31117,-0.463216,1.91853
Belgrade,Čačak,201,739,1.30921,-0.443146,1.88938
Niš,Kumanovo,202,203,0.699621,-0.447671,1.01282
Niš,Drobeta-Turnu Severin,202,458,1.4936,-0.462464,2.18434
Niš,Sofia,202,468,1.29979,-0.44265,1.87514
Kumanovo,Kyustendil,203,745,0.496207,-0.438146,0.713618
Veles,Gevgelija,204,205,0.300383,-0.40533,0.422137
Gevgelija,Evzoni,205,206,0.368087,-0.402667,0.516303
Evzoni,Thessaloniki,206,207,0.732223,-0.40207,1.02663
Thessaloniki,Katerini,207,208,0.50564,-0.400353,0.708075
Thessaloniki,Alexandroupoli,207,233,1.08246,-0.400917,1.51644
Thessaloniki,Serres,207,577,0.813183,-0.407835,1.14483
Klaipėda,Kaunas,209,210,1.3635,-0.535205,2.09325
Klaipėda,Palanga,209,704,0.796746,-0.532452,1.22098
Kaunas,Vilnius,210,211,1.49864,-0.537883,2.30474
Kaunas,Warsaw,210,316,3.08387,-0.532101,4.7248
Kaunas,Riga,210,547,1.90419,-0.546452,2.94473
Kaunas,Ukmergė,210,701,1.25879,-0.536721,1.93441
Vilnius,Lida,211,212,1.34404,-0.544504,2.07588
Vilnius,Minsk,211,318,2.7018,-0.552299,4.194
Vilnius,Marijampolė,211,641,1.42046,-0.542374,2.19088
Vilnius,Ukmergė,211,701,1.40413,-0.54438,2.16851
Lida,Slonim,212,213,0.535323,-0.538206,0.823437
Slonim,Kobryn,213,214,0.302829,-0.523588,0.461386
Kobryn,Dubno,214,215,0.38745,-0.512078,0.585854
Dubno,Ternopil,215,216,0.86888,-0.514175,1.31564
Ternopil,Chernivtsi,216,217,1.01134,-0.515492,1.53268
Ternopil,Stryj,216,379,1.42948,-0.519833,2.17257
Ternopil,Khmelnytskyi,216,380,1.17795,-0.518564,1.78879
Chernivtsi,Siret,217,218,0.821532,-0.516134,1.24555
Siret,Suceava,218,219,1.47977,-0.516755,2.24444
Suceava,Roman,219,220,1.57117,-0.507964,2.36927
Suceava,Halmeu,219,578,2.33895,-0.519339,3.55366
Suceava,Iaşi,219,670,1.94482,-0.516899,2.95009
Roman,Urziceni,220,221,1.0712,-0.478412,1.58367
Urziceni,Bucharest,221,222,1.03982,-0.443074,1.50054
Urziceni,Slobozia,221,421,0.818822,-0.442943,1.18151
Bucharest,Giurgiu,222,223,0.764301,-0.408478,1.0765
Bucharest,Ploieşti,222,420,0.579728,-0.427352,0.827476
Bucharest,Constanţa,222,423,0.935981,-0.415281,1.32468
Bucharest,Alexandria,222,460,0.646019,-0.438607,0.929367
Bucharest,Piteşti,222,583,0.702351,-0.43577,1.00841
Giurgiu,Ruse,223,224,0.480612,-0.391323,0.668686
Ruse,Byala,224,225,0.322688,-0.370562,0.442264
Ruse,Razgrad,224,461,0.296613,-0.371036,0.406667
Byala,Veliko Tarnovo,225,226,0.282596,-0.363164,0.385225
Byala,Pleven,225,584,0.255692,-0.374032,0.351329
Veliko Tarnovo,Stara Zagora,226,227,0.320363,-0.361996,0.436333
Veliko Tarnovo,Shumen,226,462,0.307483,-0.36048,0.418325
Stara Zagora,Haskovo,227,228,0.219813,-0.350505,0.296859
Stara Zagora,Burgas,227,590,0.28869,-0.355846,0.391419
Haskovo,Svilengrad,228,229,0.114411,-0.346621,0.154069
Svilengrad,Ormenio,229,230,0.0883241,-0.36361,0.12044
Ormenio,Kastanies,230,231,0.126468,-0.386302,0.175323
Kastanies,Didymoteicho,231,232,0.262321,-0.397632,0.366629
Didymoteicho,Alexandroupoli,232,233,0.60679,-0.399607,0.849267
Alexandroupoli,Gelibolu,233,478,0.768464,-0.397531,1.07395
Saint Petersburg,Pskov,234,235,2.5904,-0.566784,4.0586
Saint Petersburg,Moscow,234,239,4.92676,-0.574134,7.75538
Saint Petersburg,Petrozavodsk,234,245,2.05237,-0.525046,3.12995
Saint Petersburg,Narva,234,304,2.01948,-0.561608,3.15363
Saint Petersburg,Vyborg,234,623,2.05356,-0.524855,3.13138
Pskov,Gomel,235,236,3.29556,-0.582659,5.21575
Pskov,Riga,235,547,2.3975,-0.569111,3.76194
Gomel,Kiev,236,237,4.64488,-0.580655,7.34195
Gomel,Babruysk,236,703,2.71891,-0.583223,4.30464
Kiev,Odessa,237,238,4.02281,-0.551541,6.24156
Kiev,Hlukhiv,237,242,4.14115,-0.576629,6.52906
Kiev,Kharkiv,237,247,4.26889,-0.583256,6.75874
Kiev,Rivne,237,348,3.07301,-0.573664,4.83588
Kiev,Zhytomyr,237,349,2.58227,-0.56048,4.02958
Odessa,Izmail,238,586,1.5956,-0.520484,2.42609
Odessa,Chişinău,238,672,1.97167,-0.50924,2.97573
Odessa,Mykolaiv,238,673,1.82684,-0.51545,2.76848
Moscow,Kaluga,239,240,3.22825,-0.587789,5.12578
Moscow,Orel,239,246,3.6183,-0.583086,5.72807
Moscow,Voronezh,239,248,4.60049,-0.55994,7.17648
Moscow,Tambov,239,256,3.36321,-0.58203,5.32071
Moscow,Smolensk,239,319,3.749,-0.57164,5.89209
Moscow,Ryazan,239,320,3.35579,-0.567026,5.25861
Moscow,Velikiye Luki,239,628,3.26484,-0.577896,5.15159
Moscow,Vladimir,239,629,3.28691,-0.57233,5.1681
Kaluga,Bryansk,240,241,1.66745,-0.594055,2.658
Bryansk,Hlukhiv,241,242,2.08776,-0.589668,3.31885
Hlukhiv,Kursk,242,645,2.27033,-0.58827,3.6059
Kirkenes,Murmansk,243,244,0.31327,-0.53401,0.480559
Murmansk,Petrozavodsk,244,245,0.776091,-0.524071,1.18282
Orel,Kharkiv,246,247,2.70694,-0.585932,4.29303
Kharkiv,Luhansk,247,350,2.1915,-0.584889,3.47329
Voronezh,Novorossiysk,248,249,2.71339,-0.574533,4.27232
Voronezh,Kursk,248,645,2.30241,-0.587409,3.65486
Voronezh,Saratov,248,646,2.65227,-0.56556,4.15229
Novorossiysk,Dzhankoy,249,601,1.19397,-0.565345,1.86898
Novorossiysk,Sochi,249,602,1.06488,-0.571469,1.67342
Mineralnye Vody,Nalchik,250,251,0.39364,-0.391005,0.547555
Mineralnye Vody,Makhachkala,250,260,0.730729,-0.418493,1.03653
Mineralnye Vody,Armavir,250,387,0.448349,-0.394662,0.625296
Nalchik,Vladikavkaz,251,252,0.177844,-0.368855,0.243443
Vladikavkaz,Stepantsminda,252,253,0.0932462,-0.328426,0.123871
Stepantsminda,Mtskheta,253,254,0.0698974,-0.258292,0.0879513
Mtskheta,Tbilisi,254,255,0.0826564,-0.20885,0.0999192
Tbilisi,Gori,255,428,0.0746109,-0.185245,0.0884322
Tbilisi,Rustavi,255,429,0.0789726,-0.2035,0.0950435
Tambov,Povorino,256,257,1.4955,-0.581833,2.36564
Povorino,Volgograd,257,258,1.36806,-0.564699,2.1406
Volgograd,Astrakhan,258,259,1.92899,-0.532082,2.95537
Volgograd,Luhansk,258,350,1.56552,-0.568608,2.45569
Astrakhan,Makhachkala,259,260,1.63305,-0.494827,2.44112
Astrakhan,Atyrau,259,265,2.3705,-0.509693,3.57873
Makhachkala,Kuba,260,261,0.660105,-0.437637,0.948992
Kuba,Baku,261,262,0.275284,-0.422748,0.39166
Baku,Yevlakh,262,431,0.123215,-0.393713,0.171727
Samara,Oral,263,264,2.59144,-0.528503,3.96102
Samara,Penza,263,321,1.63278,-0.543267,2.51982
Samara,Ufa,263,322,1.75648,-0.51267,2.65697
Oral,Atyrau,264,265,2.89757,-0.52601,4.42173
Oral,Saratov,264,646,2.4166,-0.552417,3.75156
Oral,Aktobe,264,647,1.79611,-0.54358,2.77244
Atyrau,Beineu,265,266,1.35856,-0.477907,2.00783
Atyrau,Beyneu,265,351,1.35856,-0.477907,2.00783
Beineu,Shetpe,266,267,0.531824,-0.476136,0.785045
Shetpe,Zhetybai,267,268,0.211529,-0.473279,0.311641
Zhetybai,Fetisovo,268,269,0.0914575,-0.453378,0.132922
Fetisovo,Bekdash,269,270,0.054316,-0.386888,0.0753302
Bekdash,Türkmenbaşy,270,271,0.0592028,-0.312264,0.0776897
Türkmenbaşy,Gyzylarbat,271,272,0.101063,-0.290698,0.130442
Gyzylarbat,Ashgabat,272,432,0.201682,-0.293499,0.260875
Chelyabinsk,Kostanay,273,274,0.51218,-0.436667,0.735831
Chelyabinsk,Ufa,273,322,0.974708,-0.456631,1.41979
Chelyabinsk,Kurgan,273,323,0.606424,-0.429537,0.866906
Kostanay,Esil,274,275,0.246848,-0.428113,0.352527
Esil,Derzhavinsk,275,276,0.192874,-0.425234,0.274891
Derzhavinsk,Arkalyk,276,277,0.302934,-0.424332,0.431478
Arkalyk,Jezkazgan,277,278,0.670082,-0.423886,0.95412
Jezkazgan,Kyzylorda,278,279,1.05022,-0.42549,1.49708
Jezkazgan,Karaganda,278,286,1.02269,-0.41816,1.45034
Kyzylorda,Shymkent,279,280,1.05403,-0.421794,1.49861
Kyzylorda,Novokazalinsk,279,650,0.694228,-0.43328,0.995023
Shymkent,Tashkent,280,281,0.927277,-0.411465,1.30882
Shymkent,Zhambyl,280,359,0.77007,-0.408696,1.0848
Tashkent,Ayni,281,282,0.398424,-0.389594,0.553648
Tashkent,Jizzakh,281,358,0.479237,-0.399082,0.670492
Tashkent,Kokand,281,689,0.380024,-0.402903,0.533137
Ayni,Dushanbe,282,283,0.411447,-0.346419,0.553979
Ayni,Kokand,282,689,0.186083,-0.36384,0.253787
Dushanbe,Termez,283,440,0.276448,-0.322556,0.365618
Dushanbe,Jirgatal,283,441,0.272621,-0.325219,0.361283
Dushanbe,Kulob,283,692,0.201761,-0.323503,0.267031
Ishim,Astana,284,285,0.440992,-0.403671,0.619007
Ishim,Omsk,284,291,0.440992,-0.403671,0.619007
Ishim,Kurgan,284,323,0.540412,-0.410404,0.762199
Ishim,Tyumen,284,635,0.413552,-0.402193,0.579879
Astana,Karaganda,285,286,0.520233,-0.40839,0.732691
Karaganda,Balkhash,286,287,0.653582,-0.40842,0.920518
Karaganda,Pavlodar,286,292,0.629327,-0.40694,0.885425
Balkhash,Burubaytal,287,288,0.428118,-0.399709,0.59924
Burubaytal,Almaty,288,289,0.544898,-0.391135,0.758027
Almaty,Bishkek,289,290,0.858745,-0.393146,1.19636
Almaty,Sary-Ozek,289,360,0.4261,-0.3824,0.589041
Almaty,Kokpek,289,695,0.346131,-0.385263,0.479482
Bishkek,Zhambyl,290,359,0.735902,-0.401125,1.03109
Bishkek,Osh,290,691,0.791892,-0.39504,1.10472
Omsk,Pavlodar,291,292,0.372505,-0.401375,0.52202
Pavlodar,Semey,292,293,0.329792,-0.398251,0.461132
Semey,Georgiyevka,293,294,0.144444,-0.38514,0.200075
Georgiyevka,Ayagoz,294,364,0.0703592,-0.363639,0.0959445
Narvik,Kiruna,295,296,0.0563889,-0.299614,0.0732838
Narvik,Setermoen,295,498,0.0313601,-0.255257,0.039365
Kiruna,Töre,296,297,0.115208,-0.31975,0.152045
Töre,Luleå,297,298,0.247701,-0.330036,0.329452
Luleå,Umeå,298,612,0.406766,-0.33743,0.544021
Luleå,Haparanda,298,613,0.284928,-0.330622,0.379131
Helsingborg,Halmstad,299,300,0.311102,-0.332973,0.414691
Helsingborg,Jönköping,299,605,0.206646,-0.318221,0.272405
Örebro,Stockholm,301,302,0.548441,-0.355351,0.74333
Örebro,Karlstad,301,620,0.326048,-0.353811,0.441407
Stockholm,Södertälje,302,608,0.411438,-0.35174,0.556157
Stockholm,Uppsala,302,609,0.479075,-0.356348,0.649793
Tallinn,Narva,303,304,1.15223,-0.570587,1.80968
Tallinn,Riga,303,547,1.59989,-0.563132,2.50084
Colchester,Ipswich,305,306,0.00978822,0,0.00978822
Ipswich,Cambridge,306,636,0.00978822,0,0.00978822
The Hague,Gouda,307,308,0.373018,-0.488867,0.555375
Amersfoort,Oldenzaal,309,310,0.589421,-0.506316,0.887853
Amersfoort,Hoogeveen,309,698,0.548876,-0.507963,0.827685
Oldenzaal,Osnabrück,310,311,0.490315,-0.514504,0.742584
Osnabrück,Bad Oeynhausen,311,312,0.895748,-0.523611,1.36477
Bad Oeynhausen,Dortmund,312,508,1.51108,-0.527279,2.30784
Braunschweig,Magdeburg,313,314,1.27059,-0.517271,1.92782
Magdeburg,Halle,314,518,1.36342,-0.516179,2.06719
Poznań,Warsaw,315,316,2.32082,-0.522506,3.53347
Poznań,Wrocław,315,339,1.45226,-0.516085,2.20176
Warsaw,Elbląg,316,564,1.80506,-0.52515,2.75298
Warsaw,Radom,316,565,2.14466,-0.525446,3.27156
Warsaw,Lublin,316,713,2.46418,-0.530995,3.77264
Brest,Rennes,317,365,0.358964,-0.484261,0.532796
Brest,Lorient,317,388,0.205043,-0.472083,0.30184
Minsk,Smolensk,318,319,2.70092,-0.568829,4.23728
Minsk,Babruysk,318,703,2.40935,-0.572399,3.78846
Ryazan,Penza,320,321,1.59676,-0.562092,2.49429
Ufa,Yelabuga,322,632,1.01552,-0.458956,1.48159
Bruges,Ghent,324,325,1.38483,-0.533541,2.12369
Bruges,Zeebrugge,324,642,1.51105,-0.541417,2.32916
Ghent,Brussels,325,326,1.87516,-0.531767,2.87231
Brussels,Leuven,326,327,2.32744,-0.533347,3.56877
Leuven,Hasselt,327,708,1.4813,-0.534878,2.27361
Eupen,Aachen,328,329,1.76155,-0.533778,2.70183
Eupen,St. Vith,328,653,0.896613,-0.53528,1.37655
Aachen,Heerlen,329,709,1.39084,-0.53322,2.13247
Olpe,Wetzlar,330,331,1.69684,-0.532838,2.60098
Wetzlar,Gießen,331,332,1.64395,-0.53942,2.53073
Wetzlar,Dortmund,331,508,2.37346,-0.533531,3.63977
Wetzlar,Aschaffenburg,331,509,1.76989,-0.540651,2.72679
Wetzlar,Koblenz,331,660,1.72035,-0.540575,2.65034
Gießen,Bad Hersfeld,332,333,1.00462,-0.541716,1.54884
Bad Hersfeld,Eisenach,333,334,0.485672,-0.535086,0.745548
Eisenach,Erfurt,334,335,0.486477,-0.520501,0.739688
Erfurt,Gera,335,336,0.993704,-0.514825,1.50529
Gera,Chemnitz,336,337,1.4915,-0.514876,2.25943
Gera,Leipzig,336,526,1.50783,-0.514669,2.28387
Gera,Hirschberg,336,527,1.05516,-0.5142,1.59773
Chemnitz,Plauen,337,519,1.40951,-0.514581,2.13482
Wrocław,Opole,339,340,1.25192,-0.510186,1.89063
Wrocław,Kłodzko,339,548,1.27182,-0.51081,1.92148
Opole,Gliwice,340,341,0.606488,-0.50655,0.913705
Gliwice,Zabrze,341,342,0.575494,-0.504952,0.866091
Kraków,Rzeszów,343,344,0.800938,-0.507009,1.20702
Kraków,Radom,343,565,0.919417,-0.517101,1.39485
Kraków,Trstená,343,566,1.01141,-0.51131,1.52856
Rzeszów,Jarosław,344,345,0.71923,-0.513952,1.08888
Rzeszów,Radom,344,565,0.773524,-0.516707,1.17321
Rzeszów,Barwinek,344,710,0.589246,-0.502712,0.885467
Jarosław,Korczowa,345,346,0.736291,-0.531444,1.12759
Korczowa,Lviv,346,347,1.53595,-0.539099,2.36397
Lviv,Rivne,347,348,1.89411,-0.55304,2.94163
Lviv,Mukachevo,347,378,2.99537,-0.527398,4.57512
Lviv,Lublin,347,713,1.55789,-0.533097,2.38839
Rivne,Zhytomyr,348,349,1.12366,-0.556215,1.74865
Rivne,Kovel,348,714,1.10617,-0.559204,1.72474
Zhytomyr,Vinnytsia,349,381,1.94659,-0.544635,3.00677
Beyneu,Qo‘ng‘irot,351,352,0.56928,-0.465581,0.834326
Qo‘ng‘irot,Nukus,352,353,0.310089,-0.419839,0.440277
Nukus,Daşoguz,353,354,0.311274,-0.35459,0.421649
Daşoguz,Bukhara,354,355,0.279816,-0.309377,0.366384
Daşoguz,Ashgabat,354,432,0.321521,-0.306198,0.41997
Daşoguz,Uchkuduk,354,688,0.153805,-0.319785,0.20299
Bukhara,Navoiy,355,356,0.305217,-0.313262,0.40083
Bukhara,Alat,355,436,0.284587,-0.302512,0.370677
Bukhara,Karshi,355,437,0.286463,-0.303183,0.373313
Bukhara,Uchkuduk,355,688,0.179164,-0.306046,0.233996
Navoiy,Samarkand,356,357,0.206519,-0.340605,0.27686
Samarkand,Jizzakh,357,358,0.248502,-0.379776,0.342878
Sary-Ozek,Taldykorgan,360,361,0.216208,-0.366924,0.29554
Sary-Ozek,Koktal,360,697,0.201161,-0.371472,0.275886
Taldykorgan,Ucharal,361,362,0.100837,-0.348098,0.135939
Ucharal,Taskesken,362,363,0.0556691,-0.331818,0.0741411
Taskesken,Ayagoz,363,364,0.0474448,-0.328156,0.0630141
Rennes,Le Mans,365,366,0.860548,-0.494641,1.28621
Le Mans,Angers,366,391,0.69902,-0.495611,1.04546
Le Mans,Tours,366,392,0.831685,-0.500028,1.24755
Le Mans,Rouen,366,662,1.2212,-0.510512,1.84463
Reims,Charleroi,367,651,1.47534,-0.531188,2.25903
Reims,Charleville-Mézières,367,658,1.35539,-0.531537,2.07583
Reims,Rouen,367,662,1.62793,-0.523376,2.47995
Saarbrücken,Mannheim,368,369,2.3736,-0.543517,3.66369
Saarbrücken,Trier,368,659,1.24314,-0.542348,1.91736
Mannheim,Heilbronn,369,370,2.21613,-0.545192,3.42434
Rozvadov,Plzeň,371,372,1.99826,-0.531448,3.06023
Plzeň,Karlovy Vary,372,523,1.42298,-0.525618,2.17093
Plzeň,České Budějovice,372,524,1.64712,-0.530013,2.52012
Plzeň,Bayerisch Eisenstein,372,530,1.66864,-0.5309,2.55452
Trenčín,Prešov,373,374,1.15303,-0.518787,1.7512
Prešov,Košice,374,375,1.78105,-0.522569,2.71177
Prešov,Svidník,374,712,0.871392,-0.517444,1.32229
Košice,Vyšné Nemecké,375,376,0.900813,-0.524945,1.37369
Košice,Uzhhorod,375,377,1.71996,-0.525716,2.62418
Košice,Miskolc,375,552,1.66775,-0.524366,2.54226
Košice,Zvolen,375,568,1.74052,-0.521593,2.64837
Vyšné Nemecké,Uzhhorod,376,377,0.819152,-0.526564,1.25049
Uzhhorod,Mukachevo,377,378,2.72204,-0.52362,4.14735
Uzhhorod,Chop,377,723,1.3791,-0.529277,2.10903
Mukachevo,Stryj,378,379,2.10131,-0.522679,3.19962
Mukachevo,Halmeu,378,578,2.60711,-0.523132,3.97097
Khmelnytskyi,Vinnytsia,380,381,1.33376,-0.526515,2.036
Vinnytsia,Uman,381,382,1.31845,-0.523802,2.00905
Vinnytsia,Mohyliv-Podilskyi,381,728,1.18931,-0.52922,1.81872
Uman,Kirovohrad,382,383,1.12405,-0.508095,1.69518
Kirovohrad,Dnipropetrovsk,383,384,0.857066,-0.49595,1.28213
Kirovohrad,Chişinău,383,672,1.68878,-0.50269,2.53771
Dnipropetrovsk,Donetsk,384,385,0.403344,-0.472317,0.593851
Donetsk,Rostov-on-Don,385,386,0.330636,-0.430619,0.473014
Rostov-on-Don,Armavir,386,387,0.351563,-0.399545,0.492029
Rostov-on-Don,Taganrog,386,675,0.297144,-0.425142,0.423473
Lorient,Vannes,388,389,0.244717,-0.473664,0.36063
Vannes,Nantes,389,390,0.516218,-0.486058,0.767129
Nantes,Angers,390,391,0.723209,-0.487303,1.07563
Nantes,Poitiers,390,676,0.952995,-0.502318,1.4317
Angers,Tours,391,392,0.604625,-0.489734,0.90073
Tours,Vierzon,392,503,0.809055,-0.492203,1.20727
Montargis,Auxerre,393,394,1.18506,-0.525233,1.8075
Auxerre,Beaune,394,395,2.06984,-0.534435,3.17603
Beaune,Dole,395,396,2.01305,-0.537127,3.09432
Beaune,Antwerp,395,505,3.38431,-0.539066,5.20868
Dole,Besançon,396,397,1.02164,-0.540827,1.57417
Besançon,Belfort,397,398,1.13529,-0.538173,1.74627
Zürich,Winterthur,399,400,1.31636,-0.511902,1.9902
Winterthur,St. Gallen,400,401,0.941915,-0.513946,1.42601
Winterthur,Schaffhausen,400,511,1.15321,-0.528732,1.76294
St. Gallen,St. Margrethen,401,402,0.891669,-0.506257,1.34308
St. Margrethen,Bregenz,402,403,1.46884,-0.509404,2.21707
St. Margrethen,Buchs,402,514,0.701707,-0.500167,1.05268
Bregenz,Feldkirch,403,748,1.43515,-0.507854,2.164
Bregenz,Lindau,403,513,2.15384,-0.518025,3.26958
Feldkirch,Landeck,748,404,0.700666,-0.494973,1.04748
Feldkirch,Imst,748,406,0.733508,-0.494443,1.09619
Landeck,Telfs,404,405,0.511638,-0.487075,0.760845
Sattledt,Liezen,408,532,0.917552,-0.521113,1.3957
Sattledt,Wels,408,669,0.932362,-0.526841,1.42357
Sankt Pölten,Vienna,409,410,1.92254,-0.521801,2.92573
Vienna,Nickelsdorf,410,411,2.12972,-0.523051,3.24366
Vienna,Halámky,410,525,2.01627,-0.522892,3.07057
Vienna,Graz,410,534,2.78058,-0.512564,4.20581
Nickelsdorf,Mosonmagyaróvár,411,412,1.49642,-0.525358,2.28258
Szolnok,Püspökladány,413,414,1.8393,-0.52462,2.80423
Püspökladány,Oradea,414,415,2.42329,-0.519079,3.68117
Püspökladány,Nyíregyháza,414,722,1.3732,-0.528326,2.09869
Oradea,Cluj-Napoca,415,416,1.37714,-0.49574,2.05984
Oradea,Berettyóújfalu,415,570,1.7144,-0.514572,2.59658
Oradea,Beiuş,415,571,1.25203,-0.50085,1.87911
Oradea,Satu Mare,415,579,1.84023,-0.513287,2.7848
Oradea,Arad,415,684,2.20835,-0.504715,3.32294
Cluj-Napoca,Turda,416,417,0.870232,-0.487555,1.29452
Cluj-Napoca,Zalău,416,580,0.766693,-0.502518,1.15197
Turda,Târgu Mureş,417,418,0.427118,-0.470818,0.628213
Turda,Sebeş,417,581,0.442373,-0.471535,0.650967
Târgu Mureş,Braşov,418,419,0.34562,-0.456883,0.503528
Braşov,Ploieşti,419,420,0.351776,-0.439489,0.506377
Braşov,Sibiu,419,582,0.397809,-0.465945,0.583167
Braşov,Piteşti,419,583,0.295452,-0.446662,0.427419
Slobozia,Hârşova,421,422,0.598987,-0.436839,0.860647
Slobozia,Galaţi,421,588,0.866356,-0.450252,1.25643
Hârşova,Constanţa,422,423,0.671009,-0.426291,0.957054
Constanţa,Varna,423,463,0.780038,-0.396125,1.08903
Constanţa,Tulcea,423,589,0.671009,-0.426291,0.957054
Senaki,Samtredia,424,425,0.030537,-0.367362,0.0417552
Senaki,Zugdidi,424,604,0.0593133,-0.478659,0.0877041
Samtredia,Kutaisi,425,426,0.0241971,-0.230811,0.029782
Kutaisi,Khashuri,426,427,0.029027,-0.178875,0.0342192
Khashuri,Gori,427,428,0.0442414,-0.171278,0.051819
Rustavi,Ganja,429,430,0.0589179,-0.248703,0.0735709
Ganja,Yevlakh,430,431,0.0681693,-0.335889,0.0910666
Ashgabat,Tejen,432,433,0.208669,-0.294274,0.270075
Tejen,Mary,433,434,0.121792,-0.288837,0.15697
Mary,Türkmenabat,434,435,0.10527,-0.292532,0.136065
Türkmenabat,Alat,435,436,0.150339,-0.296593,0.194929
Karshi,Guzar,437,438,0.155236,-0.299795,0.201774
Guzar,Sherobod,438,439,0.117086,-0.303884,0.152667
Sherobod,Termez,439,440,0.150098,-0.310926,0.196767
Jirgatal,Sary Tash,441,442,0.227624,-0.339743,0.304957
Jirgatal,Khorugh,441,694,0.158522,-0.320841,0.209382
Sary Tash,Irkeshtam,442,443,0.246611,-0.369446,0.337721
Irkeshtam,Osh,443,691,0.447818,-0.388603,0.621841
A Coruña,Bilbao,444,445,0.248302,-0.399459,0.347488
A Coruña,Pontevedra,444,481,0.126206,-0.382372,0.174463
Clermont-Ferrand,Montluçon,446,504,1.02639,-0.486029,1.52525
Chambéry,Susa,447,448,1.04292,-0.485672,1.54944
Chambéry,Marseille,447,736,0.749906,-0.495253,1.1213
Susa,Turin,448,449,0.809773,-0.46217,1.18403
Tortona,Brescia,450,451,0.490288,-0.438693,0.705374
Trieste,Postojna,452,453,0.440218,-0.470192,0.647205
Trieste,Ljubljana,452,454,0.79845,-0.47542,1.17805
Postojna,Ljubljana,453,454,0.526811,-0.480303,0.77984
Ljubljana,Maribor,454,535,0.853432,-0.488032,1.26994
Ljubljana,Naklo,454,538,1.23936,-0.488341,1.84458
Vršac,Timişoara,456,457,1.23029,-0.475193,1.81491
Timişoara,Drobeta-Turnu Severin,457,458,1.3962,-0.472961,2.05654
Timişoara,Arad,457,684,1.96354,-0.487783,2.92133
Drobeta-Turnu Severin,Craiova,458,459,1.44468,-0.468551,2.12158
Craiova,Alexandria,459,460,0.620219,-0.45673,0.903492
Craiova,Târgu Jiu,459,574,0.820923,-0.467598,1.20478
Craiova,Piteşti,459,583,0.784326,-0.461006,1.1459
Razgrad,Shumen,461,462,0.283006,-0.364994,0.386301
Shumen,Varna,462,463,0.405907,-0.373137,0.557366
Varna,Burgas,463,590,0.400685,-0.371767,0.549646
Lisbon,Valladolid,464,465,0.276855,-0.369373,0.379118
Lisbon,Porto,464,483,0.29734,-0.351306,0.401797
Lisbon,Albufeira,464,484,0.306356,-0.346362,0.412466
Toulouse,Nice,466,467,1.37026,-0.452463,1.99025
Nice,Cuneo,467,685,0.622373,-0.446611,0.900332
Sofia,Plovdiv,468,469,0.766561,-0.433814,1.09911
Sofia,Botevgrad,468,575,0.767522,-0.435996,1.10216
Sofia,Blagoevgrad,468,576,0.860174,-0.434256,1.23371
Sofia,Kyustendil,468,745,0.573682,-0.438089,0.825006
Plovdiv,Istanbul,469,470,0.337808,-0.417916,0.478983
Istanbul,İzmit,470,471,0.191405,-0.373616,0.262917
İzmit,Gerede,471,472,0.0899248,-0.306049,0.117446
İzmit,Bursa,471,479,0.0964128,-0.295783,0.12493
Gerede,Kızılcahamam,472,599,0.0550428,-0.262263,0.0694785
Mazara del Vallo,Palermo,473,474,0.00978822,0,0.00978822
Metaponto,Taranto,475,476,0.049506,-0.2562,0.0621895
Metaponto,Potenza,475,743,0.0328147,-0.228185,0.0403025
Ioannina,Trikala,477,687,0.133231,-0.353753,0.180361
Gelibolu,Keşan,478,596,0.381312,-0.391968,0.530774
Gelibolu,Ayvalık,478,597,0.382833,-0.390912,0.532487
Bursa,Ankara,479,480,0.0663361,-0.251366,0.0830108
Bursa,Balıkesir,479,746,0.07931,-0.260569,0.0999757
Ankara,Kızılcahamam,480,599,0.0490322,-0.237747,0.0606895
Pontevedra,Valença,481,482,0.100625,-0.360407,0.136891
Valença,Porto,482,483,0.147576,-0.348339,0.198982
Albufeira,Castro Marim,484,485,0.178045,-0.336993,0.238045
Castro Marim,Huelva,485,486,0.169734,-0.334303,0.226477
Cherbourg-Octeville,La Rochelle,487,488,0.186417,-0.491669,0.278072
Cherbourg-Octeville,Caen,487,661,0.366668,-0.508597,0.553155
La Rochelle,Saintes,488,730,0.189475,-0.476208,0.279705
Oslo,Hamar,489,490,0.250712,-0.34877,0.338152
Oslo,Askim,489,619,0.261245,-0.351088,0.352965
Hamar,Lillehammer,490,491,0.157759,-0.347973,0.212655
Lillehammer,Dombås,491,492,0.174598,-0.350551,0.235803
Dombås,Trondheim,492,493,0.313847,-0.352144,0.424367
Trondheim,Stjørdal,493,494,0.307885,-0.352392,0.416382
Stjørdal,Steinkjer,494,495,0.15664,-0.349135,0.211329
Steinkjer,Mosjøen,495,496,0.114772,-0.345507,0.154427
Mosjøen,Mo i Rana,496,497,0.152214,-0.340903,0.204104
Mo i Rana,Umeå,497,612,0.293435,-0.341619,0.393679
Setermoen,Alta,498,499,0.0223411,-0.216058,0.027168
Alta,Olderfjord,499,500,0.0229759,-0.192401,0.0273965
Olderfjord,Lakselv,500,501,0.032452,-0.228514,0.0398677
Lakselv,Karasjok,501,502,0.0567595,-0.27406,0.072315
Vierzon,Montluçon,503,504,0.616459,-0.488704,0.917725
Antwerp,Zeebrugge,505,642,2.1911,-0.542928,3.3807
Martigny,Sion,506,678,0.668992,-0.498005,1.00215
Bremen,Groningen,507,624,1.98642,-0.518114,3.01561
Stuttgart,Schaffhausen,510,511,1.63597,-0.540988,2.52101
Stuttgart,Ulm,510,512,1.47523,-0.539926,2.27175
Ulm,Lindau,512,513,1.35098,-0.531854,2.0695
Lindau,Waldshut,513,666,1.91475,-0.526177,2.92225
Buchs,Chur,514,515,0.297783,-0.480314,0.440812
Chur,San Bernardino,515,516,0.179918,-0.436523,0.258456
Halle,Plauen,518,519,1.30593,-0.514644,1.97802
Plauen,Schönberg,519,520,1.06956,-0.512684,1.6179
Plauen,Hof,519,528,1.40023,-0.514849,2.12114
Schönberg,Vojtanov,520,521,0.643194,-0.510644,0.971637
Vojtanov,Cheb,521,522,0.873715,-0.511972,1.32103
Cheb,Karlovy Vary,522,523,1.42899,-0.515036,2.16496
Cheb,Marktredwitz,522,663,1.13246,-0.515991,1.7168
Karlovy Vary,Teplice,523,715,0.887342,-0.514426,1.34381
České Budějovice,Halámky,524,525,1.19885,-0.527881,1.8317
Hirschberg,Hof,527,528,1.07963,-0.515576,1.63626
Hof,Bayreuth,528,529,1.70299,-0.519459,2.58762
Bayreuth,Marktredwitz,529,663,1.52098,-0.521299,2.31387
Bayerisch Eisenstein,Deggendorf,530,531,1.26335,-0.530848,1.93399
Liezen,Sankt Michael,532,533,0.788619,-0.5137,1.19373
Sankt Michael,Graz,533,534,1.46991,-0.508533,2.21742
Graz,Maribor,534,535,1.32544,-0.500922,1.98937
Graz,Spielfeld,534,536,0.961297,-0.506643,1.44833
Graz,Klagenfurt,534,683,1.84334,-0.502033,2.76876
Maribor,Spielfeld,535,536,0.485099,-0.491446,0.723499
Karavanke Tunnel,Naklo,537,538,0.969447,-0.500668,1.45482
Naklo,Loiblpass,538,734,0.941808,-0.49992,1.41264
Kemijärvi,Posio,539,540,0.0782964,-0.275438,0.0998622
Posio,Kuusamo,540,541,0.0498548,-0.271315,0.0633811
Kuusamo,Kajaani,541,542,0.0484658,-0.274441,0.0617668
Kajaani,Iisalmi,542,543,0.0736788,-0.292989,0.0952658
Iisalmi,Kuopio,543,544,0.142066,-0.302934,0.185103
Tampere,Turku,545,546,0.148295,-0.312359,0.194616
Tampere,Vaasa,545,616,0.202625,-0.311327,0.265707
Tampere,Hämeenlinna,545,618,0.251547,-0.321026,0.332299
Turku,Pori,546,617,0.102434,-0.308465,0.134032
Riga,Šiauliai,547,561,1.72041,-0.544971,2.65798
Riga,Rēzekne,547,627,1.74142,-0.556293,2.71015
Kłodzko,Kudowa-Zdrój,548,549,0.587687,-0.506516,0.885361
Kudowa-Zdrój,Náchod,549,550,0.498898,-0.50333,0.750009
Náchod,Hradec Králové,550,551,0.91233,-0.506378,1.37431
Hradec Králové,Olomouc,551,716,1.24349,-0.51198,1.88013
Miskolc,Debrecen,552,569,1.38013,-0.525517,2.10542
Szekszárd,Mohács,555,556,0.861814,-0.512527,1.30352
Mohács,Osijek,556,557,0.567056,-0.497681,0.849269
Osijek,Đakovo,557,558,0.373261,-0.4763,0.551046
Osijek,Sombor,557,735,0.598297,-0.490444,0.891728
Đakovo,Šamac,558,559,0.20077,-0.440859,0.289281
Šamac,Zenica,559,560,0.2053,-0.403436,0.288125
Zenica,Sarajevo,560,737,0.375481,-0.396073,0.524199
Šiauliai,Tolpaki,561,562,1.44098,-0.524952,2.19742
Šiauliai,Palanga,561,704,1.07845,-0.533483,1.65379
Šiauliai,Panevėžys,561,705,1.10973,-0.534537,1.70293
Tolpaki,Kaliningrad,562,563,0.984349,-0.514507,1.4908
Tolpaki,Nesterov,562,640,0.875257,-0.518801,1.32934
Trstená,Ružomberok,566,567,0.837601,-0.51524,1.26917
Ružomberok,Zvolen,567,568,1.52692,-0.5189,2.31924
Debrecen,Berettyóújfalu,569,570,1.01654,-0.522088,1.54727
Beiuş,Deva,571,572,0.910604,-0.49437,1.36078
Deva,Petroşani,572,573,0.871337,-0.476838,1.28682
Deva,Sibiu,572,582,1.1114,-0.475992,1.64042
Deva,Arad,572,684,1.46472,-0.484817,2.17484
Petroşani,Târgu Jiu,573,574,0.574498,-0.472817,0.84613
Botevgrad,Jablanica,575,585,0.343721,-0.427651,0.490713
Blagoevgrad,Serres,576,577,0.588292,-0.422216,0.836678
Halmeu,Satu Mare,578,579,2.17999,-0.520386,3.31443
Satu Mare,Zalău,579,580,0.976993,-0.511088,1.47632
Sebeş,Sibiu,581,582,0.497395,-0.467012,0.729684
Sibiu,Piteşti,582,583,0.592224,-0.463341,0.866626
Pleven,Jablanica,584,585,0.213904,-0.401123,0.299706
Izmail,Reni,586,587,0.807803,-0.505168,1.21588
Reni,Galaţi,587,588,0.836153,-0.478061,1.23588
Galaţi,Tulcea,588,589,0.646856,-0.45153,0.938931
Galaţi,Giurgiuleşti,588,729,0.978568,-0.479796,1.44808
Burgas,Malko Tarnovo,590,591,0.241053,-0.354937,0.326611
Malko Tarnovo,Dereköy,591,592,0.113289,-0.339847,0.15179
Dereköy,Kırklareli,592,593,0.0625268,-0.33426,0.083427
Kırklareli,Babaeski,593,594,0.0535649,-0.33569,0.0715462
Babaeski,Havsa,594,595,0.0805656,-0.368308,0.110239
Havsa,Keşan,595,596,0.166912,-0.383594,0.230939
Ayvalık,İzmir,597,598,0.170846,-0.377202,0.235289
İzmir,Manisa,598,747,0.0877448,-0.344018,0.117931
Kherson,Dzhankoy,600,601,0.821125,-0.537303,1.26232
Kherson,Mykolaiv,600,673,1.01944,-0.516214,1.5457
Kherson,Melitopol,600,674,0.565986,-0.509584,0.854403
Sochi,Sukhumi,602,603,0.386978,-0.563072,0.604875
Sukhumi,Zugdidi,603,604,0.144871,-0.540305,0.223146
Jönköping,Linköping,605,606,0.155224,-0.31547,0.204193
Linköping,Norrköping,606,607,0.201739,-0.321663,0.266631
Norrköping,Södertälje,607,608,0.290157,-0.338396,0.388345
Norrköping,Kalmar,607,626,0.20106,-0.321565,0.265714
Uppsala,Sundsvall,609,610,0.499975,-0.354863,0.677398
Sundsvall,Örnsköldsvik,610,611,0.474806,-0.351436,0.64167
Örnsköldsvik,Umeå,611,612,0.399231,-0.345942,0.537342
Haparanda,Tornio,613,614,0.226975,-0.323071,0.300304
Kokkola,Vaasa,615,616,0.211157,-0.310662,0.276756
Vaasa,Pori,616,617,0.119768,-0.309621,0.156851
Askim,Karlstad,619,620,0.217056,-0.35286,0.293646
Kotka,Vaalimaa,621,622,0.346268,-0.522121,0.527062
Vaalimaa,Vyborg,622,623,0.789124,-0.520562,1.19991
Groningen,Hoogeveen,624,698,0.726216,-0.517822,1.10227
Sassnitz,Stralsund,625,699,0.415727,-0.515155,0.62989
Rēzekne,Velikiye Luki,627,628,1.85348,-0.572318,2.91426
Rēzekne,Daugavpils,627,702,1.17736,-0.55508,1.8309
Vladimir,Nizhny Novgorod,629,630,1.23583,-0.572505,1.94334
Nizhny Novgorod,Kazan,630,631,0.59978,-0.545505,0.926963
Kazan,Yelabuga,631,632,0.6181,-0.483672,0.917057
Yelabuga,Perm,632,633,0.526936,-0.454398,0.766375
Perm,Yekaterinburg,633,634,0.268027,-0.434038,0.384361
Yekaterinburg,Tyumen,634,635,0.241785,-0.40947,0.340789
Koszalin,Słupsk,637,638,0.238392,-0.50765,0.359412
Słupsk,Gdynia,638,639,0.380135,-0.50979,0.573924
Nesterov,Marijampolė,640,641,0.750043,-0.530391,1.14786
Aktobe,Karabutak,647,648,0.694014,-0.543172,1.07098
Karabutak,Aral,648,649,0.345858,-0.517697,0.524908
Aral,Novokazalinsk,649,650,0.355802,-0.461608,0.520043
Charleroi,Namur,651,652,1.01663,-0.534763,1.56029
St. Vith,Wittlich,653,654,0.943192,-0.536929,1.44962
Wittlich,Bingen,654,655,0.577656,-0.539972,0.889573
Bingen,Wiesbaden,655,656,0.835955,-0.544718,1.29131
Amiens,Charleville-Mézières,657,658,1.23248,-0.533675,1.89022
Trier,Koblenz,659,660,1.2748,-0.543034,1.96706
Caen,Rouen,661,662,0.919893,-0.515581,1.39417
Regensburg,Passau,667,668,1.02172,-0.536764,1.57014
Passau,Wels,668,669,1.07564,-0.532494,1.64841
Wels,Braunau am Inn,669,721,1.31728,-0.528077,2.01291
Iaşi,Sculeni,670,671,1.30122,-0.513278,1.9691
Iaşi,Bălţi,670,727,1.07561,-0.51818,1.63297
Sculeni,Chişinău,671,672,1.49085,-0.506848,2.24648
Chişinău,Giurgiuleşti,672,729,1.23219,-0.500931,1.84944
Melitopol,Taganrog,674,675,0.293099,-0.472424,0.431565
Poitiers,Mâcon,676,677,1.71945,-0.511966,2.59976
Sion,Simplon,678,679,0.351194,-0.470878,0.516563
Simplon,Gravellona Toce,679,680,0.364135,-0.437256,0.523355
Innichen,Spittal an der Drau,681,682,0.684466,-0.49952,1.02637
Klagenfurt,Loiblpass,683,734,1.04973,-0.503239,1.57799
Cuneo,Asti,685,686,0.382617,-0.441599,0.551581
Kokand,Andijan,689,690,0.349915,-0.391551,0.486924
Andijan,Osh,690,691,0.479805,-0.392568,0.668161
Kulob,Kalaikhumb,692,693,0.116755,-0.313496,0.153357
Kalaikhumb,Khorugh,693,694,0.104954,-0.31142,0.137638
Kokpek,Chundzha,695,696,0.175577,-0.377393,0.241838
Chundzha,Koktal,696,697,0.137546,-0.369493,0.188369
Stralsund,Neubrandenburg,699,700,0.606663,-0.515497,0.919396
Ukmergė,Daugavpils,701,702,1.18701,-0.544629,1.83349
Ukmergė,Panevėžys,701,705,1.1293,-0.536256,1.73489
Breda,Gorinchem,706,707,0.755512,-0.50446,1.13664
Hasselt,Heerlen,708,709,0.935829,-0.534544,1.43607
Barwinek,Vyšný Komárnik,710,711,0.329465,-0.498347,0.493654
Vyšný Komárnik,Svidník,711,712,0.398061,-0.508383,0.600429
Lublin,Kovel,713,714,1.14441,-0.542666,1.76545
Olomouc,Český Těšín,716,717,0.791489,-0.511032,1.19596
Garmisch-Partenkirchen,Mittenwald,718,719,0.879261,-0.514928,1.33202
Mittenwald,Seefeld,719,720,0.614447,-0.499502,0.921364
Nyíregyháza,Chop,722,723,0.897928,-0.532582,1.37615
Dunajská Streda,Medveďov,724,725,0.602241,-0.518215,0.914331
Medveďov,Vámosszabadi,725,726,0.527113,-0.519922,0.80117
Bălţi,Mohyliv-Podilskyi,727,728,0.743388,-0.523381,1.13246
Saintes,Angoulême,730,731,0.372993,-0.473098,0.549456
St. Johann in Tirol,Lofer,732,733,0.931209,-0.510312,1.40642
Sarajevo,Užice,737,738,0.487427,-0.40959,0.687072
Užice,Čačak,738,739,0.660241,-0.424795,0.940709
Čačak,Nova Varoš,739,740,0.658048,-0.425479,0.938033
Avellino,Benevento,741,742,0.155669,-0.337365,0.208186
Balıkesir,Manisa,746,747,0.0650155,-0.28473,0.0835274
Warsaw,Brest-Litovsk,316,0,2.12552,-0.537298,3.26756
Brest-Litovsk,Minsk,0,318,1.90395,-0.551814,2.95458
Lyon,Mâcon,17,677,1.83541,-0.502476,2.75766
Beaune,Mâcon,395,677,2.86679,-0.519713,4.3567
