Glasgow,Preston,1,2,0.00124713,0,0.00124713
Glasgow,Edinburgh,1,13,0.00124713,0,0.00124713
Preston,Birmingham,2,3,0.00124713,0,0.00124713
Birmingham,Cambridge,3,636,0.00124713,0,0.00124713
Le Havre,Paris,4,5,1.96022,-0.518462,2.97651
Le Havre,Amiens,4,657,1.07808,-0.522755,1.64166
Paris,Orléans,5,6,2.18765,-0.506844,3.29645
Paris,Calais,5,16,1.69591,-0.518158,2.57466
Paris,Lyon,5,17,2.70004,-0.508903,4.07409
Paris,Brussels,5,326,2.90129,-0.522355,4.41679
Paris,Le Mans,5,366,1.71877,-0.510245,2.59577
Paris,Reims,5,367,1.86089,-0.519585,2.82778
Paris,Chaumont,5,665,2.68359,-0.520598,4.08066
Orléans,Bordeaux,6,7,1.17214,-0.493364,1.75044
Orléans,Tours,6,392,1.2792,-0.49487,1.91224
Orléans,Montargis,6,393,1.5146,-0.502959,2.27638
Orléans,Toulouse,6,466,1.40463,-0.485674,2.08682
Bordeaux,San Sebastián,7,8,0.778031,-0.468,1.14215
Bordeaux,Clermont-Ferrand,7,446,1.33225,-0.484456,1.97767
Bordeaux,Toulouse,7,466,0.669806,-0.466498,0.982269
Bordeaux,Angoulême,7,731,0.81146,-0.479009,1.20016
San Sebastián,Burgos,8,9,0.52329,-0.427625,0.747062
San Sebastián,Bilbao,8,445,0.41249,-0.428971,0.589435
San Sebastián,Toulouse,8,466,0.585393,-0.451617,0.849766
Burgos,Madrid,9,10,0.373517,-0.40047,0.5231
Burgos,Valladolid,9,465,0.236171,-0.405923,0.332038
Madrid,Seville,10,11,0.276411,-0.382179,0.38205
Madrid,Barcelona,10,21,0.474579,-0.418743,0.673306
Madrid,Valencia,10,24,0.28251,-0.391804,0.393199
Madrid,Lisbon,10,464,0.267748,-0.387033,0.371375
Seville,Algeciras,11,12,0.150016,-0.367483,0.205144
Seville,Huelva,11,486,0.158028,-0.367023,0.216028
Algeciras,Málaga,12,28,0.0706562,-0.359325,0.0960447
Edinburgh,Newcastle,13,14,0.00124713,0,0.00124713
Newcastle,London,14,15,0.00124713,0,0.00124713
London,Colchester,15,305,0.00124713,0,0.00124713
Calais,Bruges,16,324,1.66121,-0.525021,2.53337
Calais,Rouen,16,662,1.11593,-0.520355,1.69662
Lyon,Orange,17,18,1.33085,-0.500011,1.99628
Lyon,Clermont-Ferrand,17,446,1.56074,-0.488212,2.3227
Lyon,Chambéry,17,447,1.27991,-0.502397,1.92293
Orange,Narbonne,18,19,0.630953,-0.489991,0.940114
Orange,Marseille,18,736,0.56823,-0.497728,0.851055
Narbonne,Girona,19,20,0.40386,-0.465113,0.591701
Girona,Barcelona,20,21,0.552448,-0.441674,0.796451
Barcelona,Tarragona,21,22,0.388243,-0.427507,0.55422
Barcelona,Toulouse,21,466,0.962811,-0.449421,1.39552
Tarragona,Castellón de la Plana,22,23,0.211205,-0.411302,0.298074
Castellón de la Plana,Valencia,23,24,0.207905,-0.393008,0.289614
Valencia,Alicante,24,25,0.165571,-0.383565,0.229078
Alicante,Murcia,25,26,0.0760218,-0.374148,0.104465
Murcia,Almería,26,27,0.0433597,-0.361812,0.0590478
Almería,Málaga,27,28,0.0420737,-0.354954,0.057008
Hook of Holland,Rotterdam,29,30,0.541509,-0.518812,0.82245
Hook of Holland,The Hague,29,307,0.297616,-0.514304,0.450682
Rotterdam,Eindhoven,30,31,1.34728,-0.520544,2.04861
Eindhoven,Maastricht,31,32,1.41263,-0.527222,2.1574
Eindhoven,Antwerp,31,505,2.38122,-0.528128,3.63882
Eindhoven,Venlo,31,643,1.83433,-0.522163,2.79216
Eindhoven,Breda,31,706,1.36254,-0.520342,2.07153
Maastricht,Liège,32,33,1.7212,-0.531508,2.63603
Liège,Bastogne,33,34,1.58899,-0.533464,2.43666
Liège,Leuven,33,327,2.63407,-0.530224,4.03071
Liège,Eupen,33,328,1.65278,-0.533156,2.53396
Liège,Antwerp,33,505,2.95472,-0.531039,4.52379
Liège,Namur,33,652,1.78603,-0.532043,2.73627
Liège,St. Vith,33,653,1.45176,-0.53341,2.22615
Liège,Charleville-Mézières,33,658,1.91309,-0.531881,2.93063
Bastogne,Arlon,34,35,0.952118,-0.534573,1.4611
Arlon,Luxembourg,35,36,1.3332,-0.533678,2.0447
Luxembourg,Metz,36,37,2.26969,-0.529185,3.47077
Luxembourg,St. Vith,36,653,1.60532,-0.534187,2.46286
Luxembourg,Charleville-Mézières,36,658,1.2599,-0.531184,1.92913
Luxembourg,Trier,36,659,1.57997,-0.53451,2.42448
Metz,Saint-Avold,37,38,2.72677,-0.529119,4.16956
Metz,Lausanne,37,44,2.27631,-0.527088,3.47612
Metz,Geneva,37,45,2.62971,-0.518161,3.99232
Metz,Brussels,37,326,3.16491,-0.526335,4.83072
Metz,Reims,37,367,2.33315,-0.52504,3.55815
Metz,Saarbrücken,37,368,2.56376,-0.530796,3.92459
Saint-Avold,Strasbourg,38,39,2.03785,-0.531773,3.12152
Strasbourg,Mulhouse,39,40,2.54827,-0.532731,3.90581
Strasbourg,Appenweier,39,664,1.9056,-0.535076,2.92524
Mulhouse,Basel,40,41,2.46396,-0.530714,3.77162
Mulhouse,Belfort,40,398,1.84896,-0.531109,2.83096
Mulhouse,Chaumont,40,665,2.39244,-0.527815,3.6552
Basel,Olten,41,42,1.48339,-0.528665,2.2676
Basel,Offenburg,41,61,2.10302,-0.531808,3.22142
Basel,Zürich,41,399,1.76426,-0.525061,2.69061
Basel,Waldshut,41,666,2.09154,-0.526861,3.19349
Olten,Bern,42,43,1.51002,-0.528955,2.30875
Olten,Lucerne,42,62,0.939489,-0.525539,1.43323
Bern,Lausanne,43,44,1.25445,-0.526426,1.91483
Bern,Belfort,43,398,1.53637,-0.529773,2.3503
Bern,Martigny,43,506,0.913842,-0.522506,1.39133
Lausanne,Geneva,44,45,1.08216,-0.513433,1.63777
Lausanne,Martigny,44,506,0.809281,-0.51853,1.22892
Geneva,Mont Blanc,45,46,1.23697,-0.513588,1.87227
Geneva,Chambéry,45,447,1.42342,-0.503195,2.13968
Geneva,Mâcon,45,677,2.10149,-0.513495,3.18059
Mont Blanc,Aosta,46,47,0.74618,-0.508643,1.12572
Aosta,Ivrea,47,48,0.720027,-0.494627,1.07617
Aosta,Martigny,47,506,0.94888,-0.499288,1.42264
Ivrea,Vercelli,48,49,0.321171,-0.475274,0.473816
Ivrea,Turin,48,449,0.492258,-0.46987,0.723555
Vercelli,Alessandria,49,50,0.308094,-0.455921,0.44856
Alessandria,Genoa,50,51,0.433711,-0.444393,0.62645
Alessandria,Turin,50,449,0.386788,-0.456345,0.563296
Alessandria,Tortona,50,450,0.298798,-0.445814,0.432006
Alessandria,Asti,50,686,0.382228,-0.447522,0.553284
Genoa,Rome,51,74,0.928422,-0.436183,1.33338
Genoa,Tortona,51,450,0.511272,-0.439568,0.73601
Genoa,Nice,51,467,0.696758,-0.446873,1.00812
Amsterdam,Utrecht,52,53,1.24753,-0.517038,1.89255
Amsterdam,Amersfoort,52,309,0.712375,-0.522824,1.08482
Amsterdam,Brussels,52,326,2.99914,-0.524652,4.57264
Amsterdam,Groningen,52,624,1.28295,-0.52057,1.95082
Utrecht,Arnhem,53,54,0.964424,-0.511658,1.45788
Utrecht,Gouda,53,308,0.788392,-0.510001,1.19047
Utrecht,Amersfoort,53,309,0.730601,-0.510991,1.10393
Utrecht,Gorinchem,53,707,0.927584,-0.511678,1.40221
Arnhem,Emmerich,54,55,0.859459,-0.515538,1.30254
Emmerich,Oberhausen,55,56,1.64066,-0.519927,2.49369
Oberhausen,Cologne,56,57,2.7603,-0.524703,4.20864
Oberhausen,Dortmund,56,508,1.97263,-0.521835,3.00201
Oberhausen,Venlo,56,643,1.88224,-0.519036,2.85919
Cologne,Frankfurt am Main,57,58,3.10962,-0.531895,4.76361
Cologne,Aachen,57,329,2.72372,-0.531048,4.17015
Cologne,Olpe,57,330,1.94592,-0.529007,2.97533
Cologne,Bremen,57,507,2.94585,-0.523104,4.48684
Frankfurt am Main,Heidelberg,58,59,2.73692,-0.536907,4.2064
Frankfurt am Main,Gießen,58,332,1.95275,-0.53545,2.99835
Frankfurt am Main,Mannheim,58,369,3.16623,-0.535911,4.86305
Frankfurt am Main,Aschaffenburg,58,509,2.30606,-0.534706,3.53913
Frankfurt am Main,Wiesbaden,58,656,2.22368,-0.537121,3.41806
Heidelberg,Karlsruhe,59,60,2.3354,-0.535706,3.58649
Karlsruhe,Offenburg,60,61,2.06979,-0.529776,3.16631
Karlsruhe,Stuttgart,60,510,2.87398,-0.530895,4.39976
Karlsruhe,Appenweier,60,664,2.15787,-0.534875,3.31206
Lucerne,Altdorf,62,63,0.70103,-0.519976,1.06555
Altdorf,Gotthard Pass,63,64,0.507285,-0.511274,0.766647
Altdorf,Zürich,63,399,0.929611,-0.5201,1.4131
Gotthard Pass,Bellinzona,64,65,0.277104,-0.491519,0.413306
Bellinzona,Lugano,65,66,0.168591,-0.461309,0.246364
Bellinzona,San Bernardino,65,516,0.171848,-0.473572,0.25323
Lugano,Chiasso,66,67,0.137229,-0.439605,0.197556
Chiasso,Como,67,68,0.226521,-0.434539,0.324953
Como,Milan,68,69,0.512677,-0.437826,0.737141
Milan,Piacenza,69,70,0.60437,-0.438543,0.869411
Milan,Turin,69,449,0.624235,-0.451122,0.90584
Milan,Tortona,69,450,0.421836,-0.439826,0.60737
Milan,Brescia,69,451,0.530488,-0.440867,0.764363
Milan,Gravellona Toce,69,680,0.536998,-0.442514,0.774627
Piacenza,Parma,70,71,0.460499,-0.437643,0.662033
Parma,Modena,71,72,0.719696,-0.439155,1.03575
Modena,Florence,72,73,0.861509,-0.438367,1.23917
Modena,Verona,72,94,0.953364,-0.442477,1.37521
Modena,Bologna,72,95,0.828121,-0.440837,1.19319
Florence,Rome,73,74,0.796986,-0.434785,1.1435
Rome,Pescara,74,125,0.811333,-0.428778,1.15922
Östersund,Mora,75,76,0.264129,-0.349363,0.356406
Östersund,Trondheim,75,493,0.313664,-0.349707,0.423355
Östersund,Sundsvall,75,610,0.334955,-0.347533,0.451363
Mora,Säffle,76,77,0.192355,-0.349603,0.259603
Säffle,Gothenburg,77,78,0.255078,-0.349161,0.344141
Gothenburg,Halmstad,78,300,0.246965,-0.346616,0.332566
Gothenburg,Örebro,78,301,0.266661,-0.347408,0.359302
Gothenburg,Oslo,78,489,0.223149,-0.349447,0.301128
Hamburg,Hanover,79,80,1.8724,-0.519144,2.84444
Hamburg,Berlin,79,108,2.07294,-0.517409,3.1455
Hamburg,Bremen,79,507,2.31966,-0.520351,3.5267
Hamburg,Lübeck,79,517,1.07843,-0.518301,1.63738
Hanover,Göttingen,80,81,1.27435,-0.523329,1.94125
Hanover,Bad Oeynhausen,80,312,1.46551,-0.523091,2.23211
Hanover,Braunschweig,80,313,1.39171,-0.519134,2.11419
Göttingen,Kassel,81,82,1.13387,-0.526771,1.73116
Kassel,Fulda,82,83,1.50286,-0.530776,2.30054
Kassel,Dortmund,82,508,1.77245,-0.526576,2.70577
Fulda,Würzburg,83,84,2.16258,-0.532542,3.31424
Würzburg,Nuremberg,84,85,3.23382,-0.532936,4.95723
Würzburg,Aschaffenburg,84,509,2.83185,-0.533476,4.34257
Würzburg,Stuttgart,84,510,2.24346,-0.535271,3.44432
Würzburg,Ulm,84,512,1.50404,-0.530429,2.30183
Nuremberg,Munich,85,86,2.88284,-0.525107,4.39664
Nuremberg,Heilbronn,85,370,2.90834,-0.532735,4.45772
Nuremberg,Rozvadov,85,371,2.35993,-0.527221,3.60414
Nuremberg,Bayreuth,85,529,3.15767,-0.527073,4.822
Nuremberg,Regensburg,85,667,2.22938,-0.529083,3.4089
Munich,Rosenheim,86,87,2.17291,-0.515915,3.29394
Munich,Salzburg,86,115,2.60501,-0.515698,3.94841
Munich,Ulm,86,512,2.09683,-0.523461,3.19444
Munich,Lindau,86,513,2.40141,-0.516146,3.64088
Munich,Deggendorf,86,531,2.30835,-0.521815,3.51288
Munich,Garmisch-Partenkirchen,86,718,2.10072,-0.516411,3.18555
Munich,Braunau am Inn,86,721,1.834,-0.520647,2.78887
Rosenheim,Wörgl,87,88,1.49154,-0.510161,2.25247
Rosenheim,Bad Reichenhall,87,407,1.17161,-0.513487,1.77322
Wörgl,Innsbruck,88,89,1.48245,-0.501944,2.22656
Wörgl,St. Johann in Tirol,88,732,1.08729,-0.506561,1.63807
Innsbruck,Brenner,89,90,0.905756,-0.494024,1.35322
Innsbruck,Telfs,89,405,0.772806,-0.498464,1.15802
Innsbruck,Imst,89,406,0.788621,-0.498754,1.18195
Innsbruck,Seefeld,89,720,0.908512,-0.498541,1.36144
Brenner,Fortezza,90,91,0.582032,-0.487141,0.865564
Fortezza,Bolzano,91,92,0.438931,-0.474419,0.647168
Fortezza,Innichen,91,681,0.508111,-0.490445,0.757312
Bolzano,Trento,92,93,0.421263,-0.455453,0.613128
Trento,Verona,93,94,0.787326,-0.446471,1.13884
Verona,Mestre,94,120,1.11413,-0.44826,1.61355
Verona,Brescia,94,451,0.858029,-0.442028,1.2373
Bologna,Cesena,95,96,0.70503,-0.442492,1.017
Cesena,Perugia,96,97,0.488731,-0.442959,0.705218
Cesena,Ravenna,96,121,0.708476,-0.446066,1.0245
Cesena,Rimini,96,122,0.509519,-0.442258,0.734858
Perugia,Fiano Romano,97,98,0.204559,-0.440285,0.294623
Fiano Romano,Naples,98,99,0.100516,-0.431176,0.143856
Naples,Salerno,99,100,0.028673,-0.413794,0.0405377
Naples,Avellino,99,741,0.0457977,-0.405677,0.0643767
Salerno,Sicignano degli Alburni,100,101,0.0210974,-0.363506,0.0287665
Salerno,Avellino,100,741,0.027548,-0.375924,0.0379039
Sicignano degli Alburni,Potenza,101,743,0.0130199,-0.333065,0.0173563
Messina,Catania,102,103,0.00124713,0,0.00124713
Messina,Palermo,102,474,0.00124713,0,0.00124713
Catania,Siracusa,103,104,0.00124713,0,0.00124713
Siracusa,Gela,104,105,0.00124713,0,0.00124713
Gela,Mazara del Vallo,105,473,0.00124713,0,0.00124713
Helsingborg,Copenhagen,299,106,0.057471,-0.335827,0.0767713
Copenhagen,Malmö,106,135,0.0302342,-0.330117,0.0402151
Rostock,Berlin,107,108,1.57353,-0.516298,2.38594
Rostock,Lübeck,107,517,0.783928,-0.516991,1.18921
Rostock,Sassnitz,107,625,0.665971,-0.516264,1.00979
Berlin,Lübbenau,108,109,2.3612,-0.51596,3.57948
Berlin,Szczecin,108,137,1.86806,-0.516174,2.8323
Berlin,Świebodzin,108,139,2.22472,-0.51628,3.37331
Berlin,Magdeburg,108,314,2.34207,-0.517038,3.55301
Berlin,Leipzig,108,526,2.08291,-0.516173,3.15805
Berlin,Neubrandenburg,108,700,1.45167,-0.516278,2.20113
Lübbenau,Dresden,109,110,1.74121,-0.515867,2.63944
Lübbenau,Cottbus,109,644,1.29655,-0.515423,1.96482
Dresden,Ústí nad Labem,110,111,1.76697,-0.517245,2.68093
Dresden,Chemnitz,110,337,1.98379,-0.516193,3.00781
Dresden,Görlitz,110,338,1.27747,-0.515767,1.93635
Ústí nad Labem,Prague,111,112,1.97713,-0.518848,3.00297
Prague,Tábor,112,113,1.92398,-0.519688,2.92385
Prague,Mladá Boleslav,112,146,1.11026,-0.518903,1.68638
Prague,Jihlava,112,147,1.95136,-0.519299,2.96471
Prague,Plzeň,112,372,2.13577,-0.521604,3.2498
Prague,Karlovy Vary,112,523,1.32436,-0.518696,2.0113
Prague,Hradec Králové,112,551,1.4478,-0.518076,2.19787
Tábor,Linz,113,114,1.70389,-0.520068,2.59002
Linz,Salzburg,114,115,1.83878,-0.516841,2.78913
Linz,Sattledt,114,408,0.73411,-0.519626,1.11557
Linz,Sankt Pölten,114,409,1.72642,-0.519019,2.62247
Linz,Wels,114,669,1.28504,-0.520797,1.95428
Salzburg,Villach,115,116,2.87881,-0.51071,4.34905
Salzburg,Bad Reichenhall,115,407,1.43915,-0.512954,2.17736
Salzburg,Sattledt,115,408,1.4922,-0.515828,2.26191
Salzburg,Lofer,115,733,1.72414,-0.51216,2.60717
Villach,Tarvisio,116,117,1.54279,-0.505868,2.32323
Villach,Karavanke Tunnel,116,537,1.3174,-0.506265,1.98435
Villach,Spittal an der Drau,116,682,1.4894,-0.50744,2.24518
Villach,Klagenfurt,116,683,1.59126,-0.507846,2.39938
Tarvisio,Udine,117,118,0.810046,-0.494798,1.21086
Udine,Palmanova,118,119,0.878923,-0.475384,1.29675
Palmanova,Mestre,119,120,1.15757,-0.460498,1.69063
Palmanova,Trieste,119,452,1.07814,-0.470142,1.58502
Mestre,Ravenna,120,121,0.843127,-0.449513,1.22212
Rimini,Fano,122,123,0.263839,-0.436684,0.379053
Fano,Ancona,123,124,0.248587,-0.426892,0.354706
Ancona,Pescara,124,125,0.445574,-0.423132,0.63411
Pescara,Canosa di Puglia,125,126,0.49533,-0.417261,0.702012
Canosa di Puglia,Bari,126,127,0.175614,-0.397195,0.245366
Canosa di Puglia,Benevento,126,742,0.178186,-0.400898,0.249621
Bari,Brindisi,127,128,0.0498149,-0.386843,0.0690854
Bari,Taranto,127,476,0.0478811,-0.383102,0.0662244
Brindisi,Taranto,128,476,0.0134703,-0.353646,0.018234
Igoumenitsa,Preveza,129,130,0.0470006,-0.340461,0.0630025
Igoumenitsa,Ioannina,129,477,0.09392,-0.373178,0.128969
Preveza,Rhion,130,131,0.0320849,-0.282794,0.0411584
Rhion,Patras,131,132,0.0184658,-0.222242,0.0225697
Rhion,Aigio,131,175,0.0184658,-0.222242,0.0225697
Patras,Pyrgos,132,133,0.0107317,-0.195956,0.0128346
Pyrgos,Kalamata,133,134,0.00720333,-0.173953,0.00845637
Kalamata,Tripoli,134,177,0.00618108,-0.165384,0.00720333
Malmö,Helsingborg,135,299,0.0796017,-0.334557,0.106233
Malmö,Kalmar,135,626,0.0767926,-0.33194,0.102283
Goleniów,Szczecin,136,137,0.797681,-0.515836,1.20915
Goleniów,Koszalin,136,637,0.342349,-0.515686,0.518894
Szczecin,Gorzów Wielkopolski,137,138,0.847043,-0.516022,1.28413
Gorzów Wielkopolski,Świebodzin,138,139,1.00833,-0.516373,1.52901
Świebodzin,Zielona Góra,139,140,1.33398,-0.515758,2.02199
Świebodzin,Poznań,139,315,2.06696,-0.517803,3.13723
Zielona Góra,Legnica,140,141,1.33757,-0.515797,2.02748
Legnica,Jelenia Góra,141,142,1.21665,-0.514137,1.84217
Legnica,Görlitz,141,338,1.34836,-0.514989,2.04275
Legnica,Wrocław,141,339,2.03139,-0.514661,3.07687
Legnica,Cottbus,141,644,1.34973,-0.514963,2.04479
Jelenia Góra,Harrachov,142,143,0.527535,-0.513019,0.798171
Harrachov,Železný Brod,143,144,0.379693,-0.512125,0.574143
Železný Brod,Turnov,144,145,0.620751,-0.513508,0.939512
Turnov,Mladá Boleslav,145,146,0.654922,-0.516526,0.993206
Turnov,Hradec Králové,145,551,0.928978,-0.515397,1.40777
Turnov,Teplice,145,715,0.794012,-0.515966,1.20369
Jihlava,Brno,147,148,1.00336,-0.517049,1.52215
Jihlava,Vienna,147,410,1.61514,-0.518607,2.45276
Brno,Bratislava,148,149,1.42401,-0.517274,2.16062
Brno,Trenčín,148,373,1.38714,-0.518172,2.10592
Brno,Vienna,148,410,1.64837,-0.516242,2.49932
Brno,Olomouc,148,716,1.39795,-0.517494,2.12137
Bratislava,Rajka,149,150,1.552,-0.515558,2.35215
Bratislava,Žilina,149,195,1.6087,-0.516249,2.43919
Bratislava,Győr,149,196,1.63062,-0.515302,2.47089
Bratislava,Vienna,149,410,2.28761,-0.511702,3.45818
Bratislava,Zvolen,149,568,2.1418,-0.516477,3.24799
Bratislava,Dunajská Streda,149,724,1.331,-0.515782,2.01751
Rajka,Csorna,150,151,0.617514,-0.514859,0.935446
Csorna,Szombathely,151,152,0.31889,-0.510184,0.481582
Szombathely,Zalaegerszeg,152,153,0.345651,-0.502052,0.519186
Zalaegerszeg,Nagykanizsa,153,154,0.719482,-0.498677,1.07827
Nagykanizsa,Letenye,154,155,0.453144,-0.498138,0.678873
Nagykanizsa,Zagreb,154,156,1.06817,-0.486854,1.58822
Nagykanizsa,Balatonvilágos,154,553,1.38098,-0.506206,2.08004
Letenye,Zagreb,155,156,0.615029,-0.478539,0.909344
Zagreb,Karlovac,156,157,0.916497,-0.476359,1.35308
Zagreb,Ljubljana,156,454,0.866419,-0.479017,1.28145
Zagreb,Slavonski Brod,156,455,1.16485,-0.460586,1.70137
Zagreb,Maribor,156,535,0.986977,-0.484457,1.46513
Karlovac,Rijeka,157,158,0.41988,-0.472883,0.618434
Karlovac,Knin,157,554,0.337321,-0.472105,0.496572
Rijeka,Split,158,159,0.297225,-0.466404,0.435852
Rijeka,Trieste,158,452,0.724139,-0.473257,1.06684
Split,Dubrovnik,159,160,0.246097,-0.447353,0.35619
Split,Knin,159,554,0.214666,-0.46269,0.31399
Dubrovnik,Petrovac,160,161,0.0896605,-0.436485,0.128796
Dubrovnik,Podgorica,160,162,0.22092,-0.426868,0.315223
Petrovac,Podgorica,161,162,0.157527,-0.420946,0.223838
Petrovac,Prizren,161,744,0.140291,-0.426681,0.20015
Podgorica,Bijelo Polje,162,163,0.238752,-0.422322,0.339583
Podgorica,Pristina,162,164,0.324968,-0.428097,0.464086
Podgorica,Sarajevo,162,737,0.413841,-0.419362,0.58739
Bijelo Polje,Pristina,163,164,0.326297,-0.428897,0.466245
Bijelo Polje,Nova Varoš,163,740,0.346952,-0.428406,0.495589
Pristina,Skopje,164,165,0.449493,-0.428877,0.64227
Pristina,Niš,164,202,0.81731,-0.436651,1.17419
Pristina,Prizren,164,744,0.269542,-0.429026,0.385182
Skopje,Kičevo,165,166,0.319954,-0.42521,0.456001
Skopje,Kumanovo,165,203,0.432448,-0.432788,0.619607
Skopje,Veles,165,204,0.346646,-0.423771,0.493545
Kičevo,Ohrid,166,167,0.137732,-0.419696,0.195537
Ohrid,Bitola,167,168,0.0711209,-0.408518,0.100175
Bitola,Niki,168,169,0.0626184,-0.395006,0.0873531
Niki,Vevi,169,170,0.103585,-0.391668,0.144156
Vevi,Kozani,170,171,0.225694,-0.39372,0.314555
Kozani,Larissa,171,172,0.152815,-0.394315,0.213072
Kozani,Thessaloniki,171,207,0.484266,-0.399031,0.677503
Kozani,Ioannina,171,477,0.188273,-0.391553,0.261992
Larissa,Domokos,172,173,0.0685269,-0.393253,0.0954752
Larissa,Lamia,172,174,0.0685269,-0.393253,0.0954752
Larissa,Katerini,172,208,0.191255,-0.397797,0.267336
Larissa,Trikala,172,687,0.0989765,-0.389884,0.137566
Domokos,Lamia,173,174,6.61582e-05,-0.458659,3.30791e-05
Aigio,Corinth,175,176,0.0107317,-0.195956,0.0128346
Corinth,Tripoli,176,177,0.00720333,-0.173953,0.00845637
Varangerbotn,Utsjoki,178,179,0.0777003,-0.441987,0.112043
Varangerbotn,Kirkenes,178,243,0.158386,-0.492447,0.236383
Varangerbotn,Karasjok,178,502,0.0733286,-0.450461,0.10636
Utsjoki,Inari,179,180,0.0437089,-0.384694,0.0605235
Inari,Ivalo,180,181,0.0433466,-0.322719,0.0573353
Ivalo,Sodankylä,181,182,0.0709618,-0.300965,0.0923188
Sodankylä,Rovaniemi,182,183,0.108156,-0.299908,0.140592
Sodankylä,Kemijärvi,182,539,0.0682999,-0.296175,0.0885287
Rovaniemi,Kemi,183,184,0.152292,-0.303717,0.198546
Kemi,Oulu,184,185,0.202848,-0.30733,0.26519
Kemi,Tornio,184,614,0.154409,-0.308697,0.202075
Oulu,Jyväskylä,185,186,0.178133,-0.313694,0.234013
Oulu,Kokkola,185,615,0.133706,-0.314532,0.17576
Jyväskylä,Heinola,186,187,0.159853,-0.349847,0.215777
Jyväskylä,Kuopio,186,544,0.148136,-0.325242,0.196316
Jyväskylä,Tampere,186,545,0.160328,-0.34615,0.215825
Heinola,Lahti,187,188,0.11024,-0.364678,0.150442
Lahti,Helsinki,188,189,0.141032,-0.399433,0.197365
Helsinki,Hämeenlinna,189,618,0.149643,-0.395124,0.208771
Helsinki,Kotka,189,621,0.206575,-0.45868,0.301327
Gdańsk,Świecie,190,191,1.53551,-0.520038,2.33404
Gdańsk,Kaliningrad,190,563,1.13977,-0.522593,1.7354
Gdańsk,Elbląg,190,564,1.28938,-0.522749,1.9634
Gdańsk,Gdynia,190,639,0.932173,-0.520292,1.41718
Świecie,Łódź,191,192,1.10426,-0.518863,1.67722
Świecie,Poznań,191,315,1.45748,-0.520344,2.21587
Łódź,Piotrków Trybunalski,192,193,1.25571,-0.520031,1.90872
Piotrków Trybunalski,Katowice,193,194,1.5077,-0.518628,2.28964
Piotrków Trybunalski,Warsaw,193,316,2.07949,-0.524696,3.1706
Piotrków Trybunalski,Wrocław,193,339,1.53743,-0.517275,2.3327
Katowice,Žilina,194,195,1.29801,-0.515504,1.96714
Katowice,Zabrze,194,342,1.12907,-0.514475,1.70995
Katowice,Kraków,194,343,1.71943,-0.51544,2.6057
Katowice,Český Těšín,194,717,0.897551,-0.515337,1.36009
Žilina,Olomouc,195,716,0.79433,-0.516129,1.20431
Győr,Budapest,196,197,2.33216,-0.513218,3.52906
Győr,Vámosszabadi,196,726,1.02597,-0.515229,1.55458
Budapest,Szeged,197,198,2.74205,-0.506541,4.13102
Budapest,Mosonmagyaróvár,197,412,2.50489,-0.513972,3.79233
Budapest,Szolnok,197,413,2.60039,-0.509511,3.92532
Budapest,Miskolc,197,552,2.5053,-0.514776,3.79497
Budapest,Balatonvilágos,197,553,2.34919,-0.509813,3.54684
Budapest,Szekszárd,197,555,2.06806,-0.510791,3.1244
Budapest,Zvolen,197,568,2.29047,-0.513281,3.46613
Szeged,Subotica,198,199,1.64898,-0.499233,2.47221
Szeged,Arad,198,684,2.24761,-0.491223,3.35169
Subotica,Novi Sad,199,200,1.11613,-0.482589,1.65477
Subotica,Sombor,199,735,0.908303,-0.493163,1.35624
Novi Sad,Belgrade,200,201,1.23263,-0.463918,1.80447
Belgrade,Niš,201,202,1.19239,-0.451804,1.73111
Belgrade,Slavonski Brod,201,455,1.17826,-0.454678,1.71398
Belgrade,Vršac,201,456,1.10768,-0.456608,1.61346
Belgrade,Čačak,201,739,1.04671,-0.446436,1.514
Niš,Kumanovo,202,203,0.562571,-0.442516,0.811517
Niš,Drobeta-Turnu Severin,202,458,1.23172,-0.444426,1.77912
Niš,Sofia,202,468,1.03041,-0.439634,1.48341
Kumanovo,Kyustendil,203,745,0.389021,-0.437589,0.559253
Veles,Gevgelija,204,205,0.212819,-0.414619,0.301058
Gevgelija,Evzoni,205,206,0.25547,-0.405192,0.358985
Evzoni,Thessaloniki,206,207,0.50515,-0.401755,0.708097
Thessaloniki,Katerini,207,208,0.34717,-0.400513,0.486216
Thessaloniki,Alexandroupoli,207,233,0.740865,-0.397033,1.03501
Thessaloniki,Serres,207,577,0.571782,-0.406744,0.80435
Klaipėda,Kaunas,209,210,1.49067,-0.53951,2.2949
Klaipėda,Palanga,209,704,0.86709,-0.53936,1.33476
Kaunas,Vilnius,210,211,1.64886,-0.54073,2.54045
Kaunas,Warsaw,210,316,3.33101,-0.534894,5.11275
Kaunas,Riga,210,547,2.14467,-0.544763,3.31301
Kaunas,Ukmergė,210,701,1.38424,-0.540927,2.13302
Vilnius,Lida,211,212,1.50613,-0.54489,2.32681
Vilnius,Minsk,211,318,3.08525,-0.547442,4.77424
Vilnius,Marijampolė,211,641,1.58374,-0.54403,2.44534
Vilnius,Ukmergė,211,701,1.5752,-0.54545,2.4344
Lida,Slonim,212,213,0.592713,-0.542998,0.914555
Slonim,Kobryn,213,214,0.322981,-0.53475,0.495694
Kobryn,Dubno,214,215,0.398676,-0.524405,0.607743
Dubno,Ternopil,215,216,0.892505,-0.521841,1.35825
Ternopil,Chernivtsi,216,217,1.03826,-0.520173,1.57833
Ternopil,Stryj,216,379,1.47873,-0.520068,2.24777
Ternopil,Khmelnytskyi,216,380,1.22616,-0.525598,1.87062
Chernivtsi,Siret,217,218,0.838841,-0.514645,1.27055
Siret,Suceava,218,219,1.50283,-0.509789,2.26896
Suceava,Roman,219,220,1.55355,-0.503013,2.335
Suceava,Halmeu,219,578,2.36604,-0.506109,3.56351
Suceava,Iaşi,219,670,1.97575,-0.51038,2.98414
Roman,Urziceni,220,221,0.970912,-0.483235,1.44009
Urziceni,Bucharest,221,222,0.841336,-0.454508,1.22373
Urziceni,Slobozia,221,421,0.663164,-0.455555,0.965272
Bucharest,Giurgiu,222,223,0.552927,-0.425742,0.788331
Bucharest,Ploieşti,222,420,0.445638,-0.440689,0.642025
Bucharest,Constanţa,222,423,0.69194,-0.431181,0.990291
Bucharest,Alexandria,222,460,0.513192,-0.446989,0.742583
Bucharest,Piteşti,222,583,0.55389,-0.446021,0.800937
Giurgiu,Ruse,223,224,0.327893,-0.410497,0.462492
Ruse,Byala,224,225,0.205301,-0.392381,0.285858
Ruse,Razgrad,224,461,0.188838,-0.392518,0.262961
Byala,Veliko Tarnovo,225,226,0.175117,-0.385377,0.242603
Byala,Pleven,225,584,0.164527,-0.394486,0.22943
Veliko Tarnovo,Stara Zagora,226,227,0.198036,-0.385461,0.274372
Veliko Tarnovo,Shumen,226,462,0.188746,-0.38333,0.261098
Stara Zagora,Haskovo,227,228,0.130782,-0.375962,0.179952
Stara Zagora,Burgas,227,590,0.175179,-0.381201,0.241958
Haskovo,Svilengrad,228,229,0.0674986,-0.373666,0.0927206
Svilengrad,Ormenio,229,230,0.0546587,-0.381741,0.0755242
Ormenio,Kastanies,230,231,0.0835499,-0.391847,0.116289
Kastanies,Didymoteicho,231,232,0.177919,-0.393914,0.248003
Didymoteicho,Alexandroupoli,232,233,0.412456,-0.39354,0.574774
Alexandroupoli,Gelibolu,233,478,0.510351,-0.387131,0.707924
Saint Petersburg,Pskov,234,235,3.04057,-0.549483,4.71131
Saint Petersburg,Moscow,234,239,5.84484,-0.550918,9.06486
Saint Petersburg,Petrozavodsk,234,245,2.14711,-0.527016,3.27867
Saint Petersburg,Narva,234,304,2.33319,-0.546012,3.60714
Saint Petersburg,Vyborg,234,623,2.14773,-0.526968,3.27952
Pskov,Gomel,235,236,3.96241,-0.552806,6.15285
Pskov,Riga,235,547,2.83424,-0.551229,4.39655
Gomel,Kiev,236,237,5.65563,-0.553419,8.78557
Gomel,Babruysk,236,703,3.29607,-0.555075,5.12564
Kiev,Odessa,237,238,4.5396,-0.539291,6.98777
Kiev,Hlukhiv,237,242,5.01703,-0.556678,7.8099
Kiev,Kharkiv,237,247,5.08364,-0.55016,7.88046
Kiev,Rivne,237,348,3.67872,-0.553015,5.7131
Kiev,Zhytomyr,237,349,2.99483,-0.547265,4.63379
Odessa,Izmail,238,586,1.6565,-0.521483,2.52033
Odessa,Chişinău,238,672,1.993,-0.517259,3.0239
Odessa,Mykolaiv,238,673,1.88516,-0.522874,2.87087
Moscow,Kaluga,239,240,4.00733,-0.562157,6.26008
Moscow,Orel,239,246,4.42603,-0.557301,6.89266
Moscow,Voronezh,239,248,5.28022,-0.541569,8.13982
Moscow,Tambov,239,256,4.10209,-0.556994,6.38693
Moscow,Smolensk,239,319,4.45955,-0.553541,6.9281
Moscow,Ryazan,239,320,3.90966,-0.54287,6.03209
Moscow,Velikiye Luki,239,628,3.94862,-0.554892,6.13967
Moscow,Vladimir,239,629,3.89898,-0.55,6.04341
Kaluga,Bryansk,240,241,2.11426,-0.568606,3.31644
Bryansk,Hlukhiv,241,242,2.62554,-0.567289,4.11498
Hlukhiv,Kursk,242,645,2.84375,-0.565969,4.45322
Kirkenes,Murmansk,243,244,0.319285,-0.515211,0.483784
Murmansk,Petrozavodsk,244,245,0.809182,-0.524005,1.2332
Orel,Kharkiv,246,247,3.32729,-0.557605,5.1826
Kharkiv,Luhansk,247,350,2.68489,-0.556075,4.17789
Voronezh,Novorossiysk,248,249,3.24681,-0.550227,5.03329
Voronezh,Kursk,248,645,2.86348,-0.562301,4.47362
Voronezh,Saratov,248,646,3.0568,-0.536312,4.6962
Novorossiysk,Dzhankoy,249,601,1.36329,-0.532944,2.08985
Novorossiysk,Sochi,249,602,1.27768,-0.551179,1.98192
Mineralnye Vody,Nalchik,250,251,0.280872,-0.442908,0.405272
Mineralnye Vody,Makhachkala,250,260,0.575211,-0.467905,0.844356
Mineralnye Vody,Armavir,250,387,0.323973,-0.445688,0.468364
Nalchik,Vladikavkaz,251,252,0.117464,-0.423329,0.167189
Vladikavkaz,Stepantsminda,252,253,0.0535069,-0.390253,0.0743881
Stepantsminda,Mtskheta,253,254,0.0313126,-0.331879,0.0417045
Mtskheta,Tbilisi,254,255,0.0299022,-0.274046,0.0380968
Tbilisi,Gori,255,428,0.0243044,-0.245431,0.0302694
Tbilisi,Rustavi,255,429,0.0280662,-0.271008,0.0356723
Tambov,Povorino,256,257,1.83059,-0.558849,2.85362
Povorino,Volgograd,257,258,1.60514,-0.550084,2.48811
Volgograd,Astrakhan,258,259,2.06232,-0.526496,3.14813
Volgograd,Luhansk,258,350,1.85354,-0.550471,2.87386
Astrakhan,Makhachkala,259,260,1.57573,-0.503806,2.36959
Astrakhan,Atyrau,259,265,2.34766,-0.49767,3.51602
Makhachkala,Kuba,260,261,0.547841,-0.477964,0.809689
Kuba,Baku,261,262,0.21723,-0.466207,0.318504
Baku,Yevlakh,262,431,0.0891674,-0.447266,0.129049
Samara,Oral,263,264,2.53989,-0.485766,3.77368
Samara,Penza,263,321,1.73899,-0.511809,2.62902
Samara,Ufa,263,322,1.72235,-0.492269,2.57022
Oral,Atyrau,264,265,2.8445,-0.475764,4.19781
Oral,Saratov,264,646,2.64912,-0.514731,4.01271
Oral,Aktobe,264,647,1.90371,-0.501124,2.85771
Atyrau,Beineu,265,266,1.22804,-0.473461,1.80947
Atyrau,Beyneu,265,351,1.22804,-0.473461,1.80947
Beineu,Shetpe,266,267,0.47999,-0.475324,0.708141
Shetpe,Zhetybai,267,268,0.188244,-0.47944,0.278496
Zhetybai,Fetisovo,268,269,0.077001,-0.469261,0.113135
Fetisovo,Bekdash,269,270,0.0380253,-0.430525,0.0543962
Bekdash,Türkmenbaşy,270,271,0.0317913,-0.361148,0.0432726
Türkmenbaşy,Gyzylarbat,271,272,0.0485199,-0.322111,0.0641487
Gyzylarbat,Ashgabat,272,432,0.0965061,-0.317415,0.127139
Chelyabinsk,Kostanay,273,274,0.413445,-0.457516,0.602602
Chelyabinsk,Ufa,273,322,0.833554,-0.468871,1.22438
Chelyabinsk,Kurgan,273,323,0.477897,-0.451282,0.693563
Kostanay,Esil,274,275,0.193089,-0.448813,0.27975
Esil,Derzhavinsk,275,276,0.146055,-0.433388,0.209353
Derzhavinsk,Arkalyk,276,277,0.225618,-0.422696,0.320986
Arkalyk,Jezkazgan,277,278,0.495917,-0.419502,0.703955
Jezkazgan,Kyzylorda,278,279,0.780235,-0.419923,1.10787
Jezkazgan,Karaganda,278,286,0.745245,-0.416648,1.05575
Kyzylorda,Shymkent,279,280,0.772318,-0.415661,1.09334
Kyzylorda,Novokazalinsk,279,650,0.529905,-0.427679,0.756534
Shymkent,Tashkent,280,281,0.657333,-0.407384,0.92512
Shymkent,Zhambyl,280,359,0.540233,-0.403644,0.758295
Tashkent,Ayni,281,282,0.26523,-0.394994,0.369995
Tashkent,Jizzakh,281,358,0.327305,-0.399421,0.458038
Tashkent,Kokand,281,689,0.262321,-0.400288,0.367325
Ayni,Dushanbe,282,283,0.239617,-0.366937,0.327542
Ayni,Kokand,282,689,0.114252,-0.374812,0.157075
Dushanbe,Termez,283,440,0.148121,-0.347572,0.199604
Dushanbe,Jirgatal,283,441,0.147891,-0.350964,0.199796
Dushanbe,Kulob,283,692,0.108816,-0.349761,0.146875
Ishim,Astana,284,285,0.311929,-0.416312,0.441789
Ishim,Omsk,284,291,0.311929,-0.416312,0.441789
Ishim,Kurgan,284,323,0.396494,-0.43116,0.567447
Ishim,Tyumen,284,635,0.293641,-0.421226,0.41733
Astana,Karaganda,285,286,0.370126,-0.413725,0.523257
Karaganda,Balkhash,286,287,0.463145,-0.411125,0.653556
Karaganda,Pavlodar,286,292,0.446116,-0.41305,0.630384
Balkhash,Burubaytal,287,288,0.294796,-0.40381,0.413837
Burubaytal,Almaty,288,289,0.364529,-0.396213,0.50896
Almaty,Bishkek,289,290,0.575618,-0.394478,0.802686
Almaty,Sary-Ozek,289,360,0.278421,-0.391682,0.387473
Almaty,Kokpek,289,695,0.227682,-0.39256,0.317061
Bishkek,Zhambyl,290,359,0.504139,-0.397945,0.704759
Bishkek,Osh,290,691,0.531423,-0.39216,0.739826
Omsk,Pavlodar,291,292,0.260778,-0.412093,0.368243
Pavlodar,Semey,292,293,0.228714,-0.409598,0.322394
Semey,Georgiyevka,293,294,0.0972876,-0.405525,0.13674
Georgiyevka,Ayagoz,294,364,0.0447669,-0.39694,0.0625367
Narvik,Kiruna,295,296,0.0279683,-0.325925,0.0370839
Narvik,Setermoen,295,498,0.0139477,-0.314981,0.018341
Kiruna,Töre,296,297,0.06022,-0.332092,0.0802186
Töre,Luleå,297,298,0.132469,-0.334269,0.176749
Luleå,Umeå,298,612,0.222301,-0.33848,0.297546
Luleå,Haparanda,298,613,0.151381,-0.330723,0.201447
Helsingborg,Halmstad,299,300,0.169206,-0.34134,0.226963
Helsingborg,Jönköping,299,605,0.107645,-0.33392,0.143589
Örebro,Stockholm,301,302,0.316881,-0.350512,0.427952
Örebro,Karlstad,301,620,0.187974,-0.350742,0.253904
Stockholm,Södertälje,302,608,0.235222,-0.348574,0.317215
Stockholm,Uppsala,302,609,0.277116,-0.350194,0.374161
Tallinn,Narva,303,304,1.35438,-0.549332,2.09839
Tallinn,Riga,303,547,1.8636,-0.549483,2.88761
Colchester,Ipswich,305,306,0.00124713,0,0.00124713
Ipswich,Cambridge,306,636,0.00124713,0,0.00124713
The Hague,Gouda,307,308,0.359854,-0.508955,0.543004
Amersfoort,Oldenzaal,309,310,0.592394,-0.516774,0.898527
Amersfoort,Hoogeveen,309,698,0.552782,-0.516739,0.838425
Oldenzaal,Osnabrück,310,311,0.502979,-0.52044,0.76475
Osnabrück,Bad Oeynhausen,311,312,0.937106,-0.523523,1.4277
Bad Oeynhausen,Dortmund,312,508,1.59457,-0.525341,2.43227
Braunschweig,Magdeburg,313,314,1.3019,-0.517652,1.97583
Magdeburg,Halle,314,518,1.39208,-0.516687,2.11135
Poznań,Warsaw,315,316,2.42247,-0.523996,3.69184
Poznań,Wrocław,315,339,1.48595,-0.51812,2.25585
Warsaw,Elbląg,316,564,1.90172,-0.526591,2.90315
Warsaw,Radom,316,565,2.26096,-0.526947,3.45236
Warsaw,Lublin,316,713,2.63784,-0.53042,4.03701
Brest,Rennes,317,365,0.340247,-0.503523,0.511568
Brest,Lorient,317,388,0.188953,-0.499399,0.283316
Minsk,Smolensk,318,319,3.209,-0.554916,4.98972
Minsk,Babruysk,318,703,2.88357,-0.554975,4.48387
Ryazan,Penza,320,321,1.83687,-0.537571,2.82432
Ufa,Yelabuga,322,632,0.87586,-0.471566,1.28889
Bruges,Ghent,324,325,1.47958,-0.526047,2.25791
Bruges,Zeebrugge,324,642,1.64749,-0.530093,2.52081
Ghent,Brussels,325,326,1.99705,-0.526036,3.04756
Brussels,Leuven,326,327,2.49875,-0.529139,3.82094
Leuven,Hasselt,327,708,1.60087,-0.531651,2.45197
Eupen,Aachen,328,329,1.90395,-0.532851,2.91848
Eupen,St. Vith,328,653,0.974987,-0.53452,1.49614
Aachen,Heerlen,329,709,1.49999,-0.532297,2.29844
Olpe,Wetzlar,330,331,1.82048,-0.529702,2.7848
Wetzlar,Gießen,331,332,1.79376,-0.533078,2.74998
Wetzlar,Dortmund,331,508,2.54721,-0.529252,3.89532
Wetzlar,Aschaffenburg,331,509,1.93468,-0.532911,2.96569
Wetzlar,Koblenz,331,660,1.8824,-0.533499,2.88665
Gießen,Bad Hersfeld,332,333,1.10471,-0.535047,1.69579
Bad Hersfeld,Eisenach,333,334,0.525661,-0.531806,0.805211
Eisenach,Erfurt,334,335,0.505709,-0.522317,0.769849
Erfurt,Gera,335,336,1.01404,-0.517337,1.53864
Gera,Chemnitz,336,337,1.51983,-0.516598,2.30498
Gera,Leipzig,336,526,1.53492,-0.516194,2.32723
Gera,Hirschberg,336,527,1.07434,-0.516761,1.62951
Chemnitz,Plauen,337,519,1.43462,-0.516295,2.17531
Wrocław,Opole,339,340,1.26072,-0.514777,1.9097
Wrocław,Kłodzko,339,548,1.28168,-0.514658,1.94131
Opole,Gliwice,340,341,0.605994,-0.51329,0.917045
Gliwice,Zabrze,341,342,0.573374,-0.513027,0.867531
Kraków,Rzeszów,343,344,0.804484,-0.516166,1.21973
Kraków,Radom,343,565,0.946944,-0.521108,1.4404
Kraków,Trstená,343,566,1.02274,-0.516016,1.55049
Rzeszów,Jarosław,344,345,0.740776,-0.522846,1.12809
Rzeszów,Radom,344,565,0.800886,-0.523939,1.2205
Rzeszów,Barwinek,344,710,0.591493,-0.518766,0.898339
Jarosław,Korczowa,345,346,0.787357,-0.529019,1.20388
Korczowa,Lviv,346,347,1.66699,-0.531409,2.55284
Lviv,Rivne,347,348,2.14101,-0.540952,3.29919
Lviv,Mukachevo,347,378,3.15714,-0.524466,4.81295
Lviv,Lublin,347,713,1.67153,-0.530015,2.55746
Rivne,Zhytomyr,348,349,1.2901,-0.546319,1.9949
Rivne,Kovel,348,714,1.27758,-0.546512,1.97579
Zhytomyr,Vinnytsia,349,381,2.17856,-0.542242,3.35987
Beyneu,Qo‘ng‘irot,351,352,0.498614,-0.469533,0.732729
Qo‘ng‘irot,Nukus,352,353,0.237419,-0.447462,0.343656
Nukus,Daşoguz,353,354,0.188698,-0.387519,0.261821
Daşoguz,Bukhara,354,355,0.141456,-0.33108,0.188289
Daşoguz,Ashgabat,354,432,0.160902,-0.329206,0.213872
Daşoguz,Uchkuduk,354,688,0.0813915,-0.346141,0.109564
Bukhara,Navoiy,355,356,0.155377,-0.329089,0.206509
Bukhara,Alat,355,436,0.138589,-0.316691,0.182479
Bukhara,Karshi,355,437,0.139893,-0.317551,0.184316
Bukhara,Uchkuduk,355,688,0.0886581,-0.321882,0.117196
Navoiy,Samarkand,356,357,0.116354,-0.355159,0.157679
Samarkand,Jizzakh,357,358,0.159981,-0.386602,0.22183
Sary-Ozek,Taldykorgan,360,361,0.13599,-0.386432,0.188541
Sary-Ozek,Koktal,360,697,0.12793,-0.387749,0.177534
Taldykorgan,Ucharal,361,362,0.060851,-0.381795,0.0840836
Ucharal,Taskesken,362,363,0.0321774,-0.377315,0.0443184
Taskesken,Ayagoz,363,364,0.0277858,-0.384597,0.0384722
Rennes,Le Mans,365,366,0.834184,-0.506546,1.25674
Le Mans,Angers,366,391,0.679125,-0.506908,1.02338
Le Mans,Tours,366,392,0.811431,-0.505286,1.22144
Le Mans,Rouen,366,662,1.23333,-0.515091,1.8686
Reims,Charleroi,367,651,1.57454,-0.527548,2.40519
Reims,Charleville-Mézières,367,658,1.44706,-0.52739,2.21023
Reims,Rouen,367,662,1.69902,-0.521993,2.58589
Saarbrücken,Mannheim,368,369,2.61683,-0.534948,4.0167
Saarbrücken,Trier,368,659,1.36688,-0.534378,2.09731
Mannheim,Heilbronn,369,370,2.452,-0.535363,3.76472
Rozvadov,Plzeň,371,372,2.12808,-0.526104,3.24767
Plzeň,Karlovy Vary,372,523,1.49461,-0.523636,2.27724
Plzeň,České Budějovice,372,524,1.74444,-0.524181,2.65884
Plzeň,Bayerisch Eisenstein,372,530,1.77156,-0.524852,2.70137
Trenčín,Prešov,373,374,1.19008,-0.519585,1.80843
Prešov,Košice,374,375,1.8513,-0.520227,2.81439
Prešov,Svidník,374,712,0.898235,-0.519985,1.3653
Košice,Vyšné Nemecké,375,376,0.93975,-0.52025,1.42866
Košice,Uzhhorod,375,377,1.7995,-0.521304,2.73759
Košice,Miskolc,375,552,1.73252,-0.518106,2.63015
Košice,Zvolen,375,568,1.79996,-0.518174,2.73265
Vyšné Nemecké,Uzhhorod,376,377,0.859752,-0.522456,1.30894
Uzhhorod,Mukachevo,377,378,2.84241,-0.522069,4.32634
Uzhhorod,Chop,377,723,1.45359,-0.522358,2.21288
Mukachevo,Stryj,378,379,2.17772,-0.51813,3.30606
Mukachevo,Halmeu,378,578,2.70427,-0.518365,4.10608
Khmelnytskyi,Vinnytsia,380,381,1.42342,-0.532616,2.18155
Vinnytsia,Uman,381,382,1.39497,-0.530502,2.135
Vinnytsia,Mohyliv-Podilskyi,381,728,1.27694,-0.533597,1.95831
Uman,Kirovohrad,382,383,1.13305,-0.518,1.71998
Kirovohrad,Dnipropetrovsk,383,384,0.832818,-0.508716,1.25649
Kirovohrad,Chişinău,383,672,1.66813,-0.511276,2.52101
Dnipropetrovsk,Donetsk,384,385,0.367908,-0.495882,0.550347
Donetsk,Rostov-on-Don,385,386,0.267876,-0.471253,0.394113
Rostov-on-Don,Armavir,386,387,0.258015,-0.448709,0.373789
Rostov-on-Don,Taganrog,386,675,0.238524,-0.472199,0.351155
Lorient,Vannes,388,389,0.226386,-0.49947,0.339459
Vannes,Nantes,389,390,0.489964,-0.502716,0.736277
Nantes,Angers,390,391,0.687383,-0.50241,1.03273
Nantes,Poitiers,390,676,0.936888,-0.507985,1.41281
Angers,Tours,391,392,0.571536,-0.496877,0.855519
Tours,Vierzon,392,503,0.765374,-0.495118,1.14432
Montargis,Auxerre,393,394,1.22655,-0.515737,1.85913
Auxerre,Beaune,394,395,2.20365,-0.523308,3.35684
Beaune,Dole,395,396,2.16199,-0.525785,3.29873
Beaune,Antwerp,395,505,3.66014,-0.527875,5.59224
Dole,Besançon,396,397,1.11033,-0.529151,1.69786
Besançon,Belfort,397,398,1.23373,-0.531312,1.88923
Zürich,Winterthur,399,400,1.30915,-0.512589,1.9802
Winterthur,St. Gallen,400,401,0.938683,-0.511429,1.41875
Winterthur,Schaffhausen,400,511,1.21109,-0.522058,1.84335
St. Gallen,St. Margrethen,401,402,0.886327,-0.510446,1.33875
St. Margrethen,Bregenz,402,403,1.47464,-0.512215,2.22997
St. Margrethen,Buchs,402,514,0.69042,-0.509468,1.04217
Bregenz,Feldkirch,403,748,1.43298,-0.510965,2.16519
Bregenz,Lindau,403,513,2.20555,-0.513219,3.33747
Feldkirch,Landeck,748,404,0.675881,-0.504216,1.01667
Feldkirch,Imst,748,406,0.70651,-0.503862,1.06249
Landeck,Telfs,404,405,0.483064,-0.499478,0.724344
Sattledt,Liezen,408,532,0.946461,-0.516733,1.43553
Sattledt,Wels,408,669,0.976446,-0.520138,1.48433
Sankt Pölten,Vienna,409,410,1.98436,-0.516746,3.00976
Vienna,Nickelsdorf,410,411,2.20007,-0.516189,3.33573
Vienna,Halámky,410,525,2.08603,-0.517215,3.16495
Vienna,Graz,410,534,2.79751,-0.510737,4.22631
Nickelsdorf,Mosonmagyaróvár,411,412,1.55169,-0.516079,2.35248
Szolnok,Püspökladány,413,414,1.89622,-0.512463,2.86795
Püspökladány,Oradea,414,415,2.4552,-0.507224,3.70053
Püspökladány,Nyíregyháza,414,722,1.42828,-0.514113,2.16258
Oradea,Cluj-Napoca,415,416,1.30945,-0.492426,1.95426
Oradea,Berettyóújfalu,415,570,1.7156,-0.504264,2.58071
Oradea,Beiuş,415,571,1.20737,-0.495645,1.80579
Oradea,Satu Mare,415,579,1.83907,-0.504427,2.76674
Oradea,Arad,415,684,2.11711,-0.491486,3.15764
Cluj-Napoca,Turda,416,417,0.815856,-0.492281,1.21749
Cluj-Napoca,Zalău,416,580,0.747405,-0.500656,1.1216
Turda,Târgu Mureş,417,418,0.382768,-0.482688,0.567526
Turda,Sebeş,417,581,0.396978,-0.482703,0.5886
Târgu Mureş,Braşov,418,419,0.295878,-0.470707,0.43515
Braşov,Ploieşti,419,420,0.282798,-0.452966,0.410896
Braşov,Sibiu,419,582,0.348178,-0.473886,0.513174
Braşov,Piteşti,419,583,0.241524,-0.454517,0.351301
Slobozia,Hârşova,421,422,0.474636,-0.449236,0.68786
Slobozia,Galaţi,421,588,0.718524,-0.4621,1.05055
Hârşova,Constanţa,422,423,0.51444,-0.441097,0.741359
Constanţa,Varna,423,463,0.541348,-0.415375,0.76621
Constanţa,Tulcea,423,589,0.51444,-0.441097,0.741359
Senaki,Samtredia,424,425,0.0242228,-0.523711,0.0369086
Senaki,Zugdidi,424,604,0.0618635,-0.557305,0.0963404
Samtredia,Kutaisi,425,426,0.0119536,-0.428712,0.0170783
Kutaisi,Khashuri,426,427,0.00993381,-0.295848,0.0128727
Khashuri,Gori,427,428,0.0137918,-0.241254,0.0171191
Rustavi,Ganja,429,430,0.0258515,-0.333269,0.034467
Ganja,Yevlakh,430,431,0.0408679,-0.407204,0.0575095
Ashgabat,Tejen,432,433,0.099481,-0.314883,0.130806
Tejen,Mary,433,434,0.0568459,-0.307841,0.0743454
Mary,Türkmenabat,434,435,0.0492098,-0.305599,0.0642482
Türkmenabat,Alat,435,436,0.0716506,-0.310517,0.0938993
Karshi,Guzar,437,438,0.075064,-0.315111,0.0987175
Guzar,Sherobod,438,439,0.0575423,-0.321192,0.0760244
Sherobod,Termez,439,440,0.0769848,-0.335739,0.102832
Jirgatal,Sary Tash,441,442,0.129342,-0.360333,0.175948
Jirgatal,Khorugh,441,694,0.084698,-0.347409,0.114123
Sary Tash,Irkeshtam,442,443,0.153723,-0.377394,0.211738
Irkeshtam,Osh,443,691,0.294133,-0.386267,0.407747
A Coruña,Bilbao,444,445,0.174776,-0.420627,0.248292
A Coruña,Pontevedra,444,481,0.0840935,-0.406415,0.11827
Clermont-Ferrand,Montluçon,446,504,0.948055,-0.487021,1.40978
Chambéry,Susa,447,448,0.970864,-0.4926,1.44911
Chambéry,Marseille,447,736,0.716376,-0.498292,1.07334
Susa,Turin,448,449,0.702938,-0.475217,1.03699
Tortona,Brescia,450,451,0.385752,-0.440889,0.555826
Trieste,Postojna,452,453,0.387291,-0.473743,0.570768
Trieste,Ljubljana,452,454,0.716435,-0.480172,1.06045
Postojna,Ljubljana,453,454,0.480788,-0.485336,0.714132
Ljubljana,Maribor,454,535,0.798132,-0.492023,1.19083
Ljubljana,Naklo,454,538,1.1606,-0.492128,1.73176
Vršac,Timişoara,456,457,1.07386,-0.463426,1.57152
Timişoara,Drobeta-Turnu Severin,457,458,1.21336,-0.463044,1.7752
Timişoara,Arad,457,684,1.78814,-0.476376,2.63997
Drobeta-Turnu Severin,Craiova,458,459,1.23738,-0.456913,1.80275
Craiova,Alexandria,459,460,0.517596,-0.454705,0.752949
Craiova,Târgu Jiu,459,574,0.707336,-0.46179,1.03398
Craiova,Piteşti,459,583,0.663687,-0.458303,0.967857
Razgrad,Shumen,461,462,0.176407,-0.38703,0.244681
Shumen,Varna,462,463,0.260624,-0.395333,0.363657
Varna,Burgas,463,590,0.256592,-0.395019,0.357951
Lisbon,Valladolid,464,465,0.173983,-0.387058,0.241325
Lisbon,Porto,464,483,0.176655,-0.37428,0.242773
Lisbon,Albufeira,464,484,0.178957,-0.370162,0.2452
Toulouse,Nice,466,467,1.13502,-0.457889,1.65473
Nice,Cuneo,467,685,0.504819,-0.451108,0.732547
Sofia,Plovdiv,468,469,0.59361,-0.435355,0.852041
Sofia,Botevgrad,468,575,0.596861,-0.435561,0.85683
Sofia,Blagoevgrad,468,576,0.663283,-0.432647,0.950251
Sofia,Kyustendil,468,745,0.44882,-0.436776,0.644853
Plovdiv,Istanbul,469,470,0.252166,-0.430691,0.360771
Istanbul,İzmit,470,471,0.127933,-0.414974,0.181022
İzmit,Gerede,471,472,0.0494928,-0.382802,0.0684388
İzmit,Bursa,471,479,0.0513568,-0.376404,0.0706877
Gerede,Kızılcahamam,472,599,0.0260788,-0.353578,0.0352997
Mazara del Vallo,Palermo,473,474,0.00124713,0,0.00124713
Metaponto,Taranto,475,476,0.0230595,-0.348742,0.0311013
Metaponto,Potenza,475,743,0.0136152,-0.324966,0.0180397
Ioannina,Trikala,477,687,0.0811731,-0.383093,0.11227
Gelibolu,Keşan,478,596,0.253655,-0.387359,0.351911
Gelibolu,Ayvalık,478,597,0.253942,-0.386953,0.352206
Bursa,Ankara,479,480,0.0301462,-0.343626,0.0405052
Bursa,Balıkesir,479,746,0.0369447,-0.345853,0.0497222
Ankara,Kızılcahamam,480,599,0.0211066,-0.331928,0.0281125
Pontevedra,Valença,481,482,0.0617647,-0.384027,0.085484
Valença,Porto,482,483,0.0868746,-0.372204,0.11921
Albufeira,Castro Marim,484,485,0.100626,-0.361736,0.137026
Castro Marim,Huelva,485,486,0.0950958,-0.359968,0.129327
Cherbourg-Octeville,La Rochelle,487,488,0.180168,-0.506404,0.271405
Cherbourg-Octeville,Caen,487,661,0.370457,-0.516612,0.56184
La Rochelle,Saintes,488,730,0.172353,-0.487381,0.256355
Oslo,Hamar,489,490,0.143082,-0.350162,0.193184
Oslo,Askim,489,619,0.14982,-0.350489,0.20233
Hamar,Lillehammer,490,491,0.0900272,-0.35058,0.121589
Lillehammer,Dombås,491,492,0.100096,-0.350812,0.135211
Dombås,Trondheim,492,493,0.180395,-0.350608,0.243643
Trondheim,Stjørdal,493,494,0.176922,-0.350383,0.238912
Stjørdal,Steinkjer,494,495,0.0894779,-0.349766,0.120774
Steinkjer,Mosjøen,495,496,0.0646265,-0.34654,0.0870223
Mosjøen,Mo i Rana,496,497,0.0845666,-0.343266,0.113595
Mo i Rana,Umeå,497,612,0.162564,-0.341736,0.218119
Setermoen,Alta,498,499,0.00871369,-0.301646,0.0113421
Alta,Olderfjord,499,500,0.00873654,-0.324941,0.0115754
Olderfjord,Lakselv,500,501,0.0144371,-0.372264,0.0198115
Lakselv,Karasjok,501,502,0.0308865,-0.420776,0.0438829
Vierzon,Montluçon,503,504,0.574877,-0.490256,0.856714
Antwerp,Zeebrugge,505,642,2.3986,-0.531065,3.67242
Martigny,Sion,506,678,0.656209,-0.510504,0.991206
Bremen,Groningen,507,624,2.04801,-0.520866,3.11474
Stuttgart,Schaffhausen,510,511,1.78445,-0.530566,2.73122
Stuttgart,Ulm,510,512,1.60081,-0.529212,2.44798
Ulm,Lindau,512,513,1.43584,-0.523923,2.18811
Lindau,Waldshut,513,666,2.0062,-0.517322,3.04405
Buchs,Chur,514,515,0.280216,-0.503246,0.421234
Chur,San Bernardino,515,516,0.152048,-0.486587,0.226032
Halle,Plauen,518,519,1.32936,-0.516371,2.0158
Plauen,Schönberg,519,520,1.08504,-0.51622,1.64515
Plauen,Hof,519,528,1.43002,-0.517761,2.17043
Schönberg,Vojtanov,520,521,0.650784,-0.51662,0.986993
Vojtanov,Cheb,521,522,0.88895,-0.518536,1.3499
Cheb,Karlovy Vary,522,523,1.46494,-0.51986,2.2265
Cheb,Marktredwitz,522,663,1.16412,-0.520601,1.77016
Karlovy Vary,Teplice,523,715,0.908058,-0.519381,1.37969
České Budějovice,Halámky,524,525,1.25901,-0.521217,1.91523
Hirschberg,Hof,527,528,1.10444,-0.518212,1.67678
Hof,Bayreuth,528,529,1.76375,-0.521567,2.68367
Bayreuth,Marktredwitz,529,663,1.58302,-0.522632,2.41035
Bayerisch Eisenstein,Deggendorf,530,531,1.33864,-0.523901,2.03996
Liezen,Sankt Michael,532,533,0.79645,-0.511701,1.20399
Sankt Michael,Graz,533,534,1.46153,-0.5078,2.20369
Graz,Maribor,534,535,1.28829,-0.501813,1.93478
Graz,Spielfeld,534,536,0.950556,-0.506403,1.43192
Graz,Klagenfurt,534,683,1.79869,-0.502871,2.70319
Maribor,Spielfeld,535,536,0.457732,-0.494141,0.683916
Karavanke Tunnel,Naklo,537,538,0.941911,-0.501638,1.41441
Naklo,Loiblpass,538,734,0.911475,-0.499339,1.36661
Kemijärvi,Posio,539,540,0.034879,-0.293431,0.0451136
Posio,Kuusamo,540,541,0.0219273,-0.292917,0.0283501
Kuusamo,Kajaani,541,542,0.0218212,-0.300489,0.0283783
Kajaani,Iisalmi,542,543,0.0348293,-0.309646,0.045614
Iisalmi,Kuopio,543,544,0.0694068,-0.318063,0.0914825
Tampere,Turku,545,546,0.0760848,-0.33707,0.101731
Tampere,Vaasa,545,616,0.101486,-0.325049,0.134474
Tampere,Hämeenlinna,545,618,0.135923,-0.358013,0.184585
Turku,Pori,546,617,0.0511611,-0.325189,0.0677982
Riga,Šiauliai,547,561,1.93796,-0.545799,2.9957
Riga,Rēzekne,547,627,2.01828,-0.551204,3.13076
Kłodzko,Kudowa-Zdrój,548,549,0.587414,-0.513434,0.889013
Kudowa-Zdrój,Náchod,549,550,0.496344,-0.513569,0.751252
Náchod,Hradec Králové,550,551,0.915089,-0.5153,1.38664
Hradec Králové,Olomouc,551,716,1.26199,-0.516631,1.91397
Miskolc,Debrecen,552,569,1.43265,-0.516209,2.17219
Szekszárd,Mohács,555,556,0.86729,-0.510042,1.30964
Mohács,Osijek,556,557,0.551231,-0.503789,0.828935
Osijek,Đakovo,557,558,0.343944,-0.493519,0.513687
Osijek,Sombor,557,735,0.566311,-0.495519,0.846928
Đakovo,Šamac,558,559,0.167698,-0.473178,0.247049
Šamac,Zenica,559,560,0.150153,-0.436831,0.215745
Zenica,Sarajevo,560,737,0.263792,-0.421158,0.37489
Šiauliai,Tolpaki,561,562,1.5453,-0.537385,2.37572
Šiauliai,Palanga,561,704,1.17885,-0.540421,1.81593
Šiauliai,Panevėžys,561,705,1.216,-0.541012,1.87386
Tolpaki,Kaliningrad,562,563,1.02238,-0.529007,1.56323
Tolpaki,Nesterov,562,640,0.923553,-0.534235,1.41695
Trstená,Ružomberok,566,567,0.854182,-0.516232,1.29514
Ružomberok,Zvolen,567,568,1.56754,-0.516414,2.37703
Debrecen,Berettyóújfalu,569,570,1.04163,-0.511217,1.57412
Beiuş,Deva,571,572,0.855787,-0.48708,1.27262
Deva,Petroşani,572,573,0.77586,-0.472454,1.14242
Deva,Sibiu,572,582,0.990153,-0.473566,1.45906
Deva,Arad,572,684,1.3296,-0.476682,1.96339
Petroşani,Târgu Jiu,573,574,0.504953,-0.468649,0.741598
Botevgrad,Jablanica,575,585,0.261094,-0.43103,0.373634
Blagoevgrad,Serres,576,577,0.434651,-0.420755,0.617533
Halmeu,Satu Mare,578,579,2.23092,-0.511328,3.37166
Satu Mare,Zalău,579,580,0.974674,-0.505261,1.46714
Sebeş,Sibiu,581,582,0.436532,-0.474169,0.643522
Sibiu,Piteşti,582,583,0.508311,-0.464934,0.744643
Pleven,Jablanica,584,585,0.150407,-0.414901,0.212811
Izmail,Reni,586,587,0.799948,-0.509435,1.20747
Reni,Galaţi,587,588,0.758443,-0.486366,1.12732
Galaţi,Tulcea,588,589,0.538987,-0.463582,0.788851
Galaţi,Giurgiuleşti,588,729,0.893444,-0.488304,1.32972
Burgas,Malko Tarnovo,590,591,0.145721,-0.380746,0.201204
Malko Tarnovo,Dereköy,591,592,0.0659869,-0.373757,0.09065
Dereköy,Kırklareli,592,593,0.0355787,-0.368744,0.0486982
Kırklareli,Babaeski,593,594,0.0314094,-0.377246,0.0432585
Babaeski,Havsa,594,595,0.0509382,-0.38551,0.0705754
Havsa,Keşan,595,596,0.109741,-0.387778,0.152297
Ayvalık,İzmir,597,598,0.110426,-0.385326,0.152976
İzmir,Manisa,598,747,0.0520105,-0.376841,0.0716101
Kherson,Dzhankoy,600,601,0.900663,-0.530417,1.37839
Kherson,Mykolaiv,600,673,1.05827,-0.524246,1.61306
Kherson,Melitopol,600,674,0.581634,-0.523328,0.886019
Sochi,Sukhumi,602,603,0.464539,-0.556534,0.723071
Sukhumi,Zugdidi,603,604,0.168458,-0.562415,0.263201
Jönköping,Linköping,605,606,0.0802166,-0.332439,0.106884
Linköping,Norrköping,606,607,0.106123,-0.335346,0.141711
Norrköping,Södertälje,607,608,0.160024,-0.342952,0.214904
Norrköping,Kalmar,607,626,0.105745,-0.33532,0.141203
Uppsala,Sundsvall,609,610,0.28788,-0.349226,0.388416
Sundsvall,Örnsköldsvik,610,611,0.270678,-0.347307,0.364686
Örnsköldsvik,Umeå,611,612,0.223922,-0.343984,0.300948
Haparanda,Tornio,613,614,0.115919,-0.318981,0.152895
Kokkola,Vaasa,615,616,0.104459,-0.318514,0.13773
Vaasa,Pori,616,617,0.0595115,-0.321199,0.0786266
Askim,Karlstad,619,620,0.125015,-0.351008,0.168897
Kotka,Vaalimaa,621,622,0.340012,-0.505257,0.511806
Vaalimaa,Vyborg,622,623,0.817037,-0.522419,1.24387
Groningen,Hoogeveen,624,698,0.747754,-0.520396,1.13688
Sassnitz,Stralsund,625,699,0.423608,-0.516055,0.642213
Rēzekne,Velikiye Luki,627,628,2.22968,-0.557418,3.47255
Rēzekne,Daugavpils,627,702,1.36161,-0.551693,2.11279
Vladimir,Nizhny Novgorod,629,630,1.47153,-0.551623,2.28326
Nizhny Novgorod,Kazan,630,631,0.667549,-0.538581,1.02708
Kazan,Yelabuga,631,632,0.582625,-0.500144,0.874021
Yelabuga,Perm,632,633,0.453567,-0.476625,0.669749
Perm,Yekaterinburg,633,634,0.215985,-0.461287,0.315616
Yekaterinburg,Tyumen,634,635,0.177664,-0.434242,0.254813
Koszalin,Słupsk,637,638,0.240108,-0.516578,0.364142
Słupsk,Gdynia,638,639,0.385934,-0.518756,0.58614
Nesterov,Marijampolė,640,641,0.814252,-0.539627,1.25364
Aktobe,Karabutak,647,648,0.746799,-0.508294,1.12639
Karabutak,Aral,648,649,0.349074,-0.501394,0.524098
Aral,Novokazalinsk,649,650,0.301398,-0.458171,0.43949
Charleroi,Namur,651,652,1.09767,-0.53078,1.68029
St. Vith,Wittlich,653,654,1.03171,-0.536024,1.58473
Wittlich,Bingen,654,655,0.637575,-0.538264,0.98076
Bingen,Wiesbaden,655,656,0.929808,-0.538624,1.43063
Amiens,Charleville-Mézières,657,658,1.3231,-0.525239,2.01805
Trier,Koblenz,659,660,1.40542,-0.535285,2.15772
Caen,Rouen,661,662,0.943512,-0.51898,1.43318
Regensburg,Passau,667,668,1.10402,-0.528841,1.68787
Passau,Wels,668,669,1.14635,-0.524777,1.74794
Wels,Braunau am Inn,669,721,1.37587,-0.519509,2.09065
Iaşi,Sculeni,670,671,1.31404,-0.512388,1.98734
Iaşi,Bălţi,670,727,1.10186,-0.515686,1.67008
Sculeni,Chişinău,671,672,1.48493,-0.51167,2.24472
Chişinău,Giurgiuleşti,672,729,1.20473,-0.506847,1.81535
Melitopol,Taganrog,674,675,0.272208,-0.506493,0.410079
Poitiers,Mâcon,676,677,1.72843,-0.511714,2.6129
Sion,Simplon,678,679,0.318306,-0.491642,0.474798
Simplon,Gravellona Toce,679,680,0.293388,-0.457635,0.427652
Innichen,Spittal an der Drau,681,682,0.664612,-0.502764,0.998755
Klagenfurt,Loiblpass,683,734,1.02772,-0.50347,1.54515
Cuneo,Asti,685,686,0.306275,-0.448122,0.443524
Kokand,Andijan,689,690,0.231609,-0.386858,0.321209
Andijan,Osh,690,691,0.314165,-0.381981,0.434171
Kulob,Kalaikhumb,692,693,0.0607835,-0.34162,0.0815484
Kalaikhumb,Khorugh,693,694,0.0542811,-0.340075,0.0727407
Kokpek,Chundzha,695,696,0.113216,-0.389542,0.157318
Chundzha,Koktal,696,697,0.0869534,-0.386636,0.120573
Stralsund,Neubrandenburg,699,700,0.618456,-0.516095,0.937638
Ukmergė,Daugavpils,701,702,1.3351,-0.546725,2.06504
Ukmergė,Panevėžys,701,705,1.24239,-0.541976,1.91573
Breda,Gorinchem,706,707,0.755486,-0.515664,1.14506
Hasselt,Heerlen,708,709,1.01176,-0.532413,1.55043
Barwinek,Vyšný Komárnik,710,711,0.327858,-0.517585,0.497552
Vyšný Komárnik,Svidník,711,712,0.403612,-0.5189,0.613046
Lublin,Kovel,713,714,1.2628,-0.536711,1.94056
Olomouc,Český Těšín,716,717,0.800768,-0.515887,1.21387
Garmisch-Partenkirchen,Mittenwald,718,719,0.89136,-0.513777,1.34932
Mittenwald,Seefeld,719,720,0.597924,-0.5051,0.899936
Nyíregyháza,Chop,722,723,0.948131,-0.519764,1.44093
Dunajská Streda,Medveďov,724,725,0.617592,-0.516354,0.936488
Medveďov,Vámosszabadi,725,726,0.541974,-0.516273,0.821781
Bălţi,Mohyliv-Podilskyi,727,728,0.779676,-0.525509,1.1894
Saintes,Angoulême,730,731,0.332543,-0.479228,0.491906
St. Johann in Tirol,Lofer,732,733,0.931048,-0.50982,1.40571
Sarajevo,Užice,737,738,0.353702,-0.425489,0.504198
Užice,Čačak,738,739,0.499616,-0.434166,0.716532
Čačak,Nova Varoš,739,740,0.498827,-0.434444,0.715539
Avellino,Benevento,741,742,0.0926144,-0.385319,0.1283
Balıkesir,Manisa,746,747,0.0327941,-0.356267,0.0444776
Warsaw,Brest-Litovsk,316,0,2.31884,-0.535786,3.56125
Brest-Litovsk,Minsk,0,318,2.16554,-0.545949,3.34782
Lyon,Mâcon,17,677,1.7994,-0.505809,2.70955
Beaune,Mâcon,395,677,2.94848,-0.517113,4.47318
