Glasgow,Preston,1,2,6.65151e-05,-0.474507,6.65151e-05
Glasgow,Edinburgh,1,13,6.65151e-05,-0.474507,6.65151e-05
Preston,Birmingham,2,3,6.65151e-05,-0.474507,6.65151e-05
Birmingham,Cambridge,3,636,6.65151e-05,-0.474507,6.65151e-05
Le Havre,Paris,4,5,2.00109,-0.516364,3.03437
Le Havre,Amiens,4,657,1.11723,-0.518328,1.69632
Paris,Orléans,5,6,2.12784,-0.509597,3.21218
Paris,Calais,5,16,1.73211,-0.516502,2.62675
Paris,Lyon,5,17,2.6468,-0.510336,3.99756
Paris,Brussels,5,326,3.01937,-0.519416,4.58767
Paris,Le Mans,5,366,1.69704,-0.511798,2.56558
Paris,Reims,5,367,1.91268,-0.517504,2.9025
Paris,Chaumont,5,665,2.76954,-0.518018,4.20421
Orléans,Bordeaux,6,7,1.06745,-0.498534,1.59961
Orléans,Tours,6,392,1.17278,-0.499838,1.75899
Orléans,Montargis,6,393,1.44147,-0.505334,2.16989
Orléans,Toulouse,6,466,1.23891,-0.494277,1.85128
Bordeaux,San Sebastián,7,8,0.633652,-0.482517,0.9394
Bordeaux,Clermont-Ferrand,7,446,1.16449,-0.493138,1.73875
Bordeaux,Toulouse,7,466,0.538755,-0.480792,0.797784
Bordeaux,Angoulême,7,731,0.692,-0.489056,1.03043
San Sebastián,Burgos,8,9,0.353066,-0.456394,0.514203
San Sebastián,Bilbao,8,445,0.282329,-0.459583,0.412083
San Sebastián,Toulouse,8,466,0.442809,-0.472401,0.651993
Burgos,Madrid,9,10,0.220322,-0.437043,0.316613
Burgos,Valladolid,9,465,0.14329,-0.441066,0.206491
Madrid,Seville,10,11,0.148049,-0.4222,0.210556
Madrid,Barcelona,10,21,0.307471,-0.451149,0.446186
Madrid,Valencia,10,24,0.159084,-0.429988,0.227488
Madrid,Lisbon,10,464,0.147141,-0.426218,0.209855
Seville,Algeciras,11,12,0.0740036,-0.408568,0.104239
Seville,Huelva,11,486,0.0776868,-0.407896,0.109375
Algeciras,Málaga,12,28,0.0333195,-0.400892,0.0466771
Edinburgh,Newcastle,13,14,6.65151e-05,-0.474507,6.65151e-05
Newcastle,London,14,15,6.65151e-05,-0.474507,6.65151e-05
London,Colchester,15,305,6.65151e-05,-0.474507,6.65151e-05
Calais,Bruges,16,324,1.7436,-0.519984,2.65025
Calais,Rouen,16,662,1.15115,-0.517921,1.74735
Lyon,Orange,17,18,1.24943,-0.49779,1.87138
Lyon,Clermont-Ferrand,17,446,1.39667,-0.497675,2.09176
Lyon,Chambéry,17,447,1.2184,-0.505989,1.8349
Orange,Narbonne,18,19,0.568434,-0.496474,0.850647
Orange,Marseille,18,736,0.529303,-0.50298,0.795532
Narbonne,Girona,19,20,0.325994,-0.483576,0.483637
Girona,Barcelona,20,21,0.39884,-0.466985,0.585093
Barcelona,Tarragona,21,22,0.261944,-0.457134,0.381688
Barcelona,Toulouse,21,466,0.720128,-0.471362,1.05957
Tarragona,Castellón de la Plana,22,23,0.131287,-0.444755,0.189678
Castellón de la Plana,Valencia,23,24,0.117411,-0.429765,0.16787
Valencia,Alicante,24,25,0.0888915,-0.421642,0.126372
Alicante,Murcia,25,26,0.0387835,-0.41317,0.0548077
Murcia,Almería,26,27,0.0207239,-0.402587,0.029067
Almería,Málaga,27,28,0.0193505,-0.396432,0.0270217
Hook of Holland,Rotterdam,29,30,0.562014,-0.521564,0.85514
Hook of Holland,The Hague,29,307,0.303956,-0.52035,0.46212
Rotterdam,Eindhoven,30,31,1.40632,-0.521868,2.14024
Eindhoven,Maastricht,31,32,1.50835,-0.523886,2.29856
Eindhoven,Antwerp,31,505,2.53759,-0.52218,3.86266
Eindhoven,Venlo,31,643,1.92651,-0.522344,2.93281
Eindhoven,Breda,31,706,1.42149,-0.521834,2.16327
Maastricht,Liège,32,33,1.8669,-0.525628,2.8482
Liège,Bastogne,33,34,1.73671,-0.526507,2.6511
Liège,Leuven,33,327,2.84352,-0.525102,4.33666
Liège,Eupen,33,328,1.80865,-0.527201,2.76217
Liège,Antwerp,33,505,3.18394,-0.523583,4.851
Liège,Namur,33,652,1.94014,-0.525597,2.95987
Liège,St. Vith,33,653,1.58691,-0.526568,2.42253
Liège,Charleville-Mézières,33,658,2.07319,-0.525167,3.16196
Bastogne,Arlon,34,35,1.04563,-0.527188,1.59688
Arlon,Luxembourg,35,36,1.45705,-0.52646,2.22413
Luxembourg,Metz,36,37,2.43267,-0.523615,3.70645
Luxembourg,St. Vith,36,653,1.76056,-0.527167,2.68867
Luxembourg,Charleville-Mézières,36,658,1.36029,-0.524619,2.07393
Luxembourg,Trier,36,659,1.73361,-0.52718,2.64754
Metz,Saint-Avold,37,38,2.91957,-0.523252,4.44725
Metz,Lausanne,37,44,2.41744,-0.52207,3.67952
Metz,Geneva,37,45,2.68418,-0.516329,4.0701
Metz,Brussels,37,326,3.35552,-0.522246,5.10793
Metz,Reims,37,367,2.45694,-0.521016,3.73705
Metz,Saarbrücken,37,368,2.76773,-0.524769,4.22015
Saint-Avold,Strasbourg,38,39,2.20494,-0.524561,3.36157
Strasbourg,Mulhouse,39,40,2.76852,-0.525313,4.22285
Strasbourg,Appenweier,39,664,2.0828,-0.525854,3.17805
Mulhouse,Basel,40,41,2.65823,-0.524589,4.05271
Mulhouse,Belfort,40,398,1.99791,-0.524551,3.04592
Mulhouse,Chaumont,40,665,2.54703,-0.522437,3.87769
Basel,Olten,41,42,1.59009,-0.523999,2.42329
Basel,Offenburg,41,61,2.27116,-0.524636,3.46269
Basel,Zürich,41,399,1.86909,-0.522998,2.84662
Basel,Waldshut,41,666,2.2133,-0.522234,3.36916
Olten,Bern,42,43,1.61969,-0.523688,2.46791
Olten,Lucerne,42,62,0.999783,-0.523656,1.52332
Bern,Lausanne,43,44,1.32963,-0.521661,2.02325
Bern,Belfort,43,398,1.65117,-0.523719,2.51592
Bern,Martigny,43,506,0.942981,-0.516928,1.43043
Lausanne,Geneva,44,45,1.07505,-0.511249,1.62466
Lausanne,Martigny,44,506,0.82319,-0.514449,1.24668
Geneva,Mont Blanc,45,46,1.21183,-0.508327,1.82784
Geneva,Chambéry,45,447,1.36097,-0.506216,2.04992
Geneva,Mâcon,45,677,2.09866,-0.512494,3.17421
Mont Blanc,Aosta,46,47,0.718414,-0.505008,1.08122
Aosta,Ivrea,47,48,0.64827,-0.494367,0.968754
Aosta,Martigny,47,506,0.868865,-0.497499,1.30112
Ivrea,Vercelli,48,49,0.268436,-0.483734,0.398287
Ivrea,Turin,48,449,0.402278,-0.481194,0.595852
Vercelli,Alessandria,49,50,0.234199,-0.46904,0.344048
Alessandria,Genoa,50,51,0.306866,-0.456183,0.446853
Alessandria,Turin,50,449,0.295275,-0.470623,0.434238
Alessandria,Tortona,50,450,0.214608,-0.459384,0.313195
Alessandria,Asti,50,686,0.276733,-0.460921,0.404286
Genoa,Rome,51,74,0.622159,-0.444966,0.898999
Genoa,Tortona,51,450,0.350612,-0.449912,0.508356
Genoa,Nice,51,467,0.500829,-0.459721,0.73107
Amsterdam,Utrecht,52,53,1.2888,-0.521269,1.96062
Amsterdam,Amersfoort,52,309,0.748853,-0.522417,1.14007
Amsterdam,Brussels,52,326,3.16638,-0.522296,4.82016
Amsterdam,Groningen,52,624,1.34084,-0.522389,2.04128
Utrecht,Arnhem,53,54,0.980793,-0.520515,1.49131
Utrecht,Gouda,53,308,0.796709,-0.519713,1.21077
Utrecht,Amersfoort,53,309,0.741082,-0.520114,1.12653
Utrecht,Gorinchem,53,707,0.942542,-0.520155,1.43281
Arnhem,Emmerich,54,55,0.886491,-0.522224,1.34944
Emmerich,Oberhausen,55,56,1.71808,-0.523739,2.61791
Oberhausen,Cologne,56,57,2.94021,-0.52548,4.48523
Oberhausen,Dortmund,56,508,2.07805,-0.524157,3.16728
Oberhausen,Venlo,56,643,1.96231,-0.522851,2.98831
Cologne,Frankfurt am Main,57,58,3.39729,-0.528074,5.19131
Cologne,Aachen,57,329,2.97243,-0.528244,4.54259
Cologne,Olpe,57,330,2.10506,-0.52718,3.21481
Cologne,Bremen,57,507,3.11943,-0.524803,4.75651
Frankfurt am Main,Heidelberg,58,59,3.03625,-0.529281,4.64328
Frankfurt am Main,Gießen,58,332,2.15792,-0.529153,3.29978
Frankfurt am Main,Mannheim,58,369,3.5004,-0.528899,5.35175
Frankfurt am Main,Aschaffenburg,58,509,2.537,-0.528271,3.87722
Frankfurt am Main,Wiesbaden,58,656,2.4727,-0.52982,3.78278
Heidelberg,Karlsruhe,59,60,2.57396,-0.528078,3.93321
Karlsruhe,Offenburg,60,61,2.23039,-0.525101,3.40158
Karlsruhe,Stuttgart,60,510,3.1084,-0.525474,4.74178
Karlsruhe,Appenweier,60,664,2.36506,-0.526751,3.61085
Lucerne,Altdorf,62,63,0.734791,-0.522867,1.11899
Altdorf,Gotthard Pass,63,64,0.518094,-0.52093,0.787985
Altdorf,Zürich,63,399,0.971802,-0.522078,1.47916
Gotthard Pass,Bellinzona,64,65,0.265543,-0.515374,0.402397
Bellinzona,Lugano,65,66,0.143057,-0.500391,0.214641
Bellinzona,San Bernardino,65,516,0.154223,-0.508087,0.232582
Lugano,Chiasso,66,67,0.101752,-0.475403,0.150125
Chiasso,Como,67,68,0.157193,-0.457815,0.229159
Como,Milan,68,69,0.356566,-0.45559,0.519014
Milan,Piacenza,69,70,0.417995,-0.453085,0.607382
Milan,Turin,69,449,0.465098,-0.4669,0.682252
Milan,Tortona,69,450,0.293856,-0.454529,0.427423
Milan,Brescia,69,451,0.369599,-0.453405,0.537178
Milan,Gravellona Toce,69,680,0.382822,-0.459579,0.558759
Piacenza,Parma,70,71,0.313454,-0.448429,0.454016
Parma,Modena,71,72,0.490037,-0.447054,0.709111
Modena,Florence,72,73,0.579175,-0.443433,0.836
Modena,Verona,72,94,0.657908,-0.448365,0.95289
Modena,Bologna,72,95,0.563118,-0.444729,0.813553
Florence,Rome,73,74,0.526881,-0.441215,0.759349
Rome,Pescara,74,125,0.523686,-0.438322,0.753229
Östersund,Mora,75,76,0.104742,-0.346595,0.141045
Östersund,Trondheim,75,493,0.124635,-0.346889,0.16787
Östersund,Sundsvall,75,610,0.131556,-0.345224,0.176972
Mora,Säffle,76,77,0.0763815,-0.346923,0.10288
Säffle,Gothenburg,77,78,0.101018,-0.346842,0.136056
Gothenburg,Halmstad,78,300,0.096955,-0.346286,0.130529
Gothenburg,Örebro,78,301,0.104809,-0.346198,0.141094
Gothenburg,Oslo,78,489,0.0886766,-0.347209,0.119466
Hamburg,Hanover,79,80,1.94231,-0.521334,2.95491
Hamburg,Berlin,79,108,2.12838,-0.519373,3.2338
Hamburg,Bremen,79,507,2.42266,-0.522571,3.68868
Hamburg,Lübeck,79,517,1.11359,-0.52052,1.69323
Hanover,Göttingen,80,81,1.34279,-0.523259,2.04542
Hanover,Bad Oeynhausen,80,312,1.54259,-0.523104,2.34953
Hanover,Braunschweig,80,313,1.43883,-0.52031,2.18747
Göttingen,Kassel,81,82,1.21032,-0.524818,1.84552
Kassel,Fulda,82,83,1.62737,-0.526345,2.48392
Kassel,Dortmund,82,508,1.89353,-0.525191,2.888
Fulda,Würzburg,83,84,2.35615,-0.526889,3.59758
Würzburg,Nuremberg,84,85,3.52225,-0.526283,5.37595
Würzburg,Aschaffenburg,84,509,3.09665,-0.527343,4.72964
Würzburg,Stuttgart,84,510,2.46751,-0.527792,3.76984
Würzburg,Ulm,84,512,1.61714,-0.5243,2.46501
Nuremberg,Munich,85,86,3.03202,-0.520752,4.61095
Nuremberg,Heilbronn,85,370,3.16571,-0.526188,4.83147
Nuremberg,Rozvadov,85,371,2.51088,-0.522825,3.82363
Nuremberg,Bayreuth,85,529,3.36241,-0.523201,5.12162
Nuremberg,Regensburg,85,667,2.38475,-0.523174,3.63239
Munich,Rosenheim,86,87,2.20062,-0.51557,3.33519
Munich,Salzburg,86,115,2.63009,-0.514542,3.98339
Munich,Ulm,86,512,2.18953,-0.519795,3.32764
Munich,Lindau,86,513,2.43377,-0.516026,3.68967
Munich,Deggendorf,86,531,2.39392,-0.518694,3.63563
Munich,Garmisch-Partenkirchen,86,718,2.13244,-0.515941,3.23266
Munich,Braunau am Inn,86,721,1.88848,-0.517199,2.8652
Rosenheim,Wörgl,87,88,1.4771,-0.512742,2.23447
Rosenheim,Bad Reichenhall,87,407,1.17278,-0.513533,1.77504
Wörgl,Innsbruck,88,89,1.42208,-0.508806,2.14564
Wörgl,St. Johann in Tirol,88,732,1.0604,-0.510584,1.60182
Innsbruck,Brenner,89,90,0.841556,-0.504558,1.26617
Innsbruck,Telfs,89,405,0.731458,-0.507051,1.10234
Innsbruck,Imst,89,406,0.747181,-0.507155,1.12612
Innsbruck,Seefeld,89,720,0.860652,-0.507364,1.29732
Brenner,Fortezza,90,91,0.522858,-0.498948,0.783737
Fortezza,Bolzano,91,92,0.367591,-0.486305,0.546353
Fortezza,Innichen,91,681,0.459856,-0.498285,0.688995
Bolzano,Trento,92,93,0.315033,-0.464602,0.461397
Trento,Verona,93,94,0.555204,-0.45229,0.806317
Verona,Mestre,94,120,0.788989,-0.45188,1.14552
Verona,Brescia,94,451,0.593101,-0.449546,0.859727
Bologna,Cesena,95,96,0.481986,-0.444652,0.696303
Cesena,Perugia,96,97,0.335168,-0.444882,0.484279
Cesena,Ravenna,96,121,0.493754,-0.447969,0.71494
Cesena,Rimini,96,122,0.348066,-0.444307,0.502714
Perugia,Fiano Romano,97,98,0.13907,-0.443847,0.200796
Fiano Romano,Naples,98,99,0.0664233,-0.441426,0.0957443
Naples,Salerno,99,100,0.0179716,-0.437687,0.0258376
Naples,Avellino,99,741,0.0274446,-0.432515,0.0393148
Salerno,Sicignano degli Alburni,100,101,0.0110895,-0.423365,0.0157844
Salerno,Avellino,100,741,0.0146803,-0.421643,0.0208702
Sicignano degli Alburni,Potenza,101,743,0.00610437,-0.414317,0.00863351
Messina,Catania,102,103,6.65151e-05,-0.474507,6.65151e-05
Messina,Palermo,102,474,6.65151e-05,-0.474507,6.65151e-05
Catania,Siracusa,103,104,6.65151e-05,-0.474507,6.65151e-05
Siracusa,Gela,104,105,6.65151e-05,-0.474507,6.65151e-05
Gela,Mazara del Vallo,105,473,6.65151e-05,-0.474507,6.65151e-05
Helsingborg,Copenhagen,299,106,0.0217716,-0.343939,0.0292597
Copenhagen,Malmö,106,135,0.0112135,-0.342437,0.0150534
Rostock,Berlin,107,108,1.60495,-0.518082,2.43644
Rostock,Lübeck,107,517,0.803016,-0.518937,1.21973
Rostock,Sassnitz,107,625,0.678944,-0.517939,1.0306
Berlin,Lübbenau,108,109,2.40506,-0.517864,3.65055
Berlin,Szczecin,108,137,1.90397,-0.517942,2.89012
Berlin,Świebodzin,108,139,2.27094,-0.518463,3.44834
Berlin,Magdeburg,108,314,2.39852,-0.518815,3.64291
Berlin,Leipzig,108,526,2.12364,-0.517958,3.2236
Berlin,Neubrandenburg,108,700,1.48044,-0.518047,2.24738
Lübbenau,Dresden,109,110,1.77177,-0.517556,2.68876
Lübbenau,Cottbus,109,644,1.31689,-0.517415,1.99827
Dresden,Ústí nad Labem,110,111,1.80529,-0.517536,2.73959
Dresden,Chemnitz,110,337,2.02091,-0.517578,3.06689
Dresden,Görlitz,110,338,1.29865,-0.517345,1.97051
Ústí nad Labem,Prague,111,112,2.03087,-0.517684,3.08222
Prague,Tábor,112,113,1.97511,-0.516576,2.9954
Prague,Mladá Boleslav,112,146,1.14293,-0.518127,1.7351
Prague,Jihlava,112,147,1.99953,-0.516243,3.03178
Prague,Plzeň,112,372,2.21348,-0.518302,3.36073
Prague,Karlovy Vary,112,523,1.36344,-0.51832,2.07013
Prague,Hradec Králové,112,551,1.48538,-0.517625,2.25426
Tábor,Linz,113,114,1.74706,-0.515875,2.64832
Linz,Salzburg,114,115,1.85655,-0.513491,2.80987
Linz,Sattledt,114,408,0.749695,-0.514866,1.13569
Linz,Sankt Pölten,114,409,1.75747,-0.514251,2.66125
Linz,Wels,114,669,1.31954,-0.515867,2.00024
Salzburg,Villach,115,116,2.81335,-0.508153,4.24297
Salzburg,Bad Reichenhall,115,407,1.43268,-0.512086,2.16633
Salzburg,Sattledt,115,408,1.49979,-0.512837,2.26894
Salzburg,Lofer,115,733,1.71247,-0.511999,2.58925
Villach,Tarvisio,116,117,1.47695,-0.504319,2.2218
Villach,Karavanke Tunnel,116,537,1.26404,-0.504764,1.90208
Villach,Spittal an der Drau,116,682,1.4383,-0.505885,2.16591
Villach,Klagenfurt,116,683,1.54007,-0.506274,2.31977
Tarvisio,Udine,117,118,0.73513,-0.495562,1.09943
Udine,Palmanova,118,119,0.721916,-0.478495,1.06735
Palmanova,Mestre,119,120,0.876589,-0.463892,1.28323
Palmanova,Trieste,119,452,0.861806,-0.473704,1.27005
Mestre,Ravenna,120,121,0.600394,-0.452571,0.872115
Rimini,Fano,122,123,0.175941,-0.441081,0.253545
Fano,Ancona,123,124,0.159024,-0.436136,0.22838
Ancona,Pescara,124,125,0.280819,-0.434818,0.402924
Pescara,Canosa di Puglia,125,126,0.306141,-0.43322,0.438768
Canosa di Puglia,Bari,126,127,0.101512,-0.427819,0.144941
Canosa di Puglia,Benevento,126,742,0.104145,-0.428491,0.14877
Bari,Brindisi,127,128,0.0277895,-0.424632,0.0395898
Bari,Taranto,127,476,0.0264124,-0.423963,0.0376103
Brindisi,Taranto,128,476,0.0067253,-0.41636,0.00952544
Igoumenitsa,Preveza,129,130,0.0207717,-0.388434,0.0288402
Igoumenitsa,Ioannina,129,477,0.0464644,-0.396071,0.0648676
Preveza,Rhion,130,131,0.011216,-0.37003,0.0153662
Rhion,Patras,131,132,0.00466652,-0.336566,0.00623711
Rhion,Aigio,131,175,0.00466652,-0.336566,0.00623711
Patras,Pyrgos,132,133,0.00226136,-0.312558,0.00296816
Pyrgos,Kalamata,133,134,0.0012698,-0.284417,0.00163096
Kalamata,Tripoli,134,177,0.00100056,-0.269098,0.0012698
Malmö,Helsingborg,135,299,0.0300144,-0.343609,0.0403277
Malmö,Kalmar,135,626,0.0286676,-0.342874,0.038497
Goleniów,Szczecin,136,137,0.811722,-0.517674,1.23193
Goleniów,Koszalin,136,637,0.348685,-0.518094,0.529337
Szczecin,Gorzów Wielkopolski,137,138,0.862929,-0.517992,1.30992
Gorzów Wielkopolski,Świebodzin,138,139,1.03058,-0.518866,1.56531
Świebodzin,Zielona Góra,139,140,1.36171,-0.518942,2.06836
Świebodzin,Poznań,139,315,2.13262,-0.520915,3.24354
Zielona Góra,Legnica,140,141,1.36515,-0.518928,2.07357
Legnica,Jelenia Góra,141,142,1.23246,-0.51763,1.87042
Legnica,Görlitz,141,338,1.36883,-0.517617,2.07736
Legnica,Wrocław,141,339,2.06812,-0.518665,3.14079
Legnica,Cottbus,141,644,1.37011,-0.517617,2.07931
Jelenia Góra,Harrachov,142,143,0.532471,-0.517208,0.80787
Harrachov,Železný Brod,143,144,0.38328,-0.517383,0.581582
Železný Brod,Turnov,144,145,0.630693,-0.517989,0.957385
Turnov,Mladá Boleslav,145,146,0.670661,-0.518177,1.01818
Turnov,Hradec Králové,145,551,0.947901,-0.517862,1.43878
Turnov,Teplice,145,715,0.813726,-0.518846,1.23592
Jihlava,Brno,147,148,1.01925,-0.514992,1.54415
Jihlava,Vienna,147,410,1.64503,-0.514727,2.49177
Brno,Bratislava,148,149,1.44514,-0.514331,2.18842
Brno,Trenčín,148,373,1.416,-0.515628,2.14612
Brno,Vienna,148,410,1.66007,-0.512721,2.51122
Brno,Olomouc,148,716,1.42526,-0.515665,2.16022
Bratislava,Rajka,149,150,1.56152,-0.512824,2.36231
Bratislava,Žilina,149,195,1.63021,-0.514896,2.46961
Bratislava,Győr,149,196,1.63118,-0.510167,2.46336
Bratislava,Vienna,149,410,2.24983,-0.508277,3.39337
Bratislava,Zvolen,149,568,2.16725,-0.514066,3.28135
Bratislava,Dunajská Streda,149,724,1.3399,-0.512834,2.02704
Rajka,Csorna,150,151,0.619664,-0.512452,0.937212
Csorna,Szombathely,151,152,0.312903,-0.508329,0.471961
Szombathely,Zalaegerszeg,152,153,0.324258,-0.499602,0.486259
Zalaegerszeg,Nagykanizsa,153,154,0.659614,-0.495295,0.986317
Nagykanizsa,Letenye,154,155,0.413249,-0.494409,0.617563
Nagykanizsa,Zagreb,154,156,0.928182,-0.487819,1.38097
Nagykanizsa,Balatonvilágos,154,553,1.29571,-0.498822,1.94203
Letenye,Zagreb,155,156,0.514933,-0.48253,0.763403
Zagreb,Karlovac,156,157,0.760682,-0.481178,1.12671
Zagreb,Ljubljana,156,454,0.728362,-0.48337,1.08043
Zagreb,Slavonski Brod,156,455,0.897448,-0.470058,1.3193
Zagreb,Maribor,156,535,0.852497,-0.488034,1.26854
Karlovac,Rijeka,157,158,0.342653,-0.478332,0.506555
Karlovac,Knin,157,554,0.274796,-0.478372,0.40625
Rijeka,Split,158,159,0.2364,-0.474741,0.348629
Rijeka,Trieste,158,452,0.590441,-0.477794,0.87255
Split,Dubrovnik,159,160,0.18065,-0.463851,0.264445
Split,Knin,159,554,0.168543,-0.473361,0.248324
Dubrovnik,Petrovac,160,161,0.0622454,-0.454842,0.0905572
Dubrovnik,Podgorica,160,162,0.145496,-0.44611,0.210403
Petrovac,Podgorica,161,162,0.100107,-0.439641,0.144118
Petrovac,Prizren,161,744,0.0910216,-0.441548,0.131212
Podgorica,Bijelo Polje,162,163,0.152689,-0.440617,0.219967
Podgorica,Pristina,162,164,0.211434,-0.441312,0.304743
Podgorica,Sarajevo,162,737,0.262354,-0.440277,0.377863
Bijelo Polje,Pristina,163,164,0.212766,-0.441448,0.306691
Bijelo Polje,Nova Varoš,163,740,0.227436,-0.443753,0.328361
Pristina,Skopje,164,165,0.291181,-0.439017,0.419014
Pristina,Niš,164,202,0.550269,-0.445621,0.795481
Pristina,Prizren,164,744,0.17562,-0.44102,0.253072
Skopje,Kičevo,165,166,0.203442,-0.435512,0.292043
Skopje,Kumanovo,165,203,0.284076,-0.440378,0.409177
Skopje,Veles,165,204,0.218056,-0.433258,0.31253
Kičevo,Ohrid,166,167,0.0857094,-0.432512,0.12278
Ohrid,Bitola,167,168,0.0421175,-0.425129,0.0600229
Bitola,Niki,168,169,0.0343364,-0.411166,0.0484544
Niki,Vevi,169,170,0.0547912,-0.402432,0.076841
Vevi,Kozani,170,171,0.119346,-0.400967,0.167199
Kozani,Larissa,171,172,0.0808522,-0.400767,0.113255
Kozani,Thessaloniki,171,207,0.260255,-0.402559,0.365024
Kozani,Ioannina,171,477,0.0987612,-0.400178,0.138283
Larissa,Domokos,172,173,0.0361166,-0.400136,0.0505681
Larissa,Lamia,172,174,0.0361166,-0.400136,0.0505681
Larissa,Katerini,172,208,0.102239,-0.401567,0.143295
Larissa,Trikala,172,687,0.0516253,-0.399405,0.0722447
Domokos,Lamia,173,174,6.60441e-05,-0.474507,3.3022e-05
Aigio,Corinth,175,176,0.00226136,-0.312558,0.00296816
Corinth,Tripoli,176,177,0.0012698,-0.284417,0.00163096
Varangerbotn,Utsjoki,178,179,0.0647149,-0.511391,0.0978095
Varangerbotn,Kirkenes,178,243,0.155638,-0.525287,0.237392
Varangerbotn,Karasjok,178,502,0.0634247,-0.515605,0.0961269
Utsjoki,Inari,179,180,0.0280056,-0.480764,0.0414696
Inari,Ivalo,180,181,0.0182244,-0.406557,0.0256337
Ivalo,Sodankylä,181,182,0.0232617,-0.341851,0.0312138
Sodankylä,Rovaniemi,182,183,0.0336985,-0.322348,0.0445612
Sodankylä,Kemijärvi,182,539,0.0209754,-0.321775,0.0277248
Rovaniemi,Kemi,183,184,0.0483981,-0.323753,0.0640671
Kemi,Oulu,184,185,0.0671957,-0.332143,0.0895144
Kemi,Tornio,184,614,0.0502587,-0.325804,0.0666331
Oulu,Jyväskylä,185,186,0.0615193,-0.340415,0.0824614
Oulu,Kokkola,185,615,0.0468002,-0.341258,0.0627711
Jyväskylä,Heinola,186,187,0.0655515,-0.36573,0.0895257
Jyväskylä,Kuopio,186,544,0.0556405,-0.351103,0.075176
Jyväskylä,Tampere,186,545,0.0678051,-0.361025,0.0922845
Heinola,Lahti,187,188,0.0537932,-0.402217,0.0754298
Lahti,Helsinki,188,189,0.0853081,-0.439221,0.122777
Helsinki,Hämeenlinna,189,618,0.0864584,-0.438575,0.124377
Helsinki,Kotka,189,621,0.17236,-0.500006,0.258541
Gdańsk,Świecie,190,191,1.60886,-0.524581,2.45284
Gdańsk,Kaliningrad,190,563,1.21604,-0.528388,1.85858
Gdańsk,Elbląg,190,564,1.3681,-0.526412,2.08829
Gdańsk,Gdynia,190,639,0.979691,-0.525378,1.4944
Świecie,Łódź,191,192,1.14872,-0.523049,1.74955
Świecie,Poznań,191,315,1.52585,-0.523889,2.32523
Łódź,Piotrków Trybunalski,192,193,1.31328,-0.52375,2.00111
Piotrków Trybunalski,Katowice,193,194,1.56733,-0.522583,2.38639
Piotrków Trybunalski,Warsaw,193,316,2.22388,-0.527265,3.39645
Piotrków Trybunalski,Wrocław,193,339,1.58852,-0.52175,2.41734
Katowice,Žilina,194,195,1.3244,-0.518418,2.011
Katowice,Zabrze,194,342,1.15231,-0.519658,1.75111
Katowice,Kraków,194,343,1.76286,-0.520356,2.68017
Katowice,Český Těšín,194,717,0.917991,-0.519512,1.3949
Žilina,Olomouc,195,716,0.808512,-0.516651,1.22623
Győr,Budapest,196,197,2.29598,-0.507037,3.46013
Győr,Vámosszabadi,196,726,1.0238,-0.509933,1.54586
Budapest,Szeged,197,198,2.56621,-0.495203,3.83701
Budapest,Mosonmagyaróvár,197,412,2.46341,-0.506291,3.71061
Budapest,Szolnok,197,413,2.49265,-0.500652,3.7406
Budapest,Miskolc,197,552,2.47674,-0.506065,3.73013
Budapest,Balatonvilágos,197,553,2.23569,-0.501909,3.3578
Budapest,Szekszárd,197,555,2.00433,-0.503875,3.01426
Budapest,Zvolen,197,568,2.25473,-0.506932,3.39772
Szeged,Subotica,198,199,1.51636,-0.494344,2.26596
Szeged,Arad,198,684,1.97786,-0.483053,2.93327
Subotica,Novi Sad,199,200,0.938312,-0.480266,1.38895
Subotica,Sombor,199,735,0.812694,-0.490735,1.21151
Novi Sad,Belgrade,200,201,0.963356,-0.471132,1.41722
Belgrade,Niš,201,202,0.866194,-0.457929,1.26285
Belgrade,Slavonski Brod,201,455,0.880203,-0.464517,1.28907
Belgrade,Vršac,201,456,0.823396,-0.461619,1.20349
Belgrade,Čačak,201,739,0.747096,-0.456578,1.0882
Niš,Kumanovo,202,203,0.387794,-0.448534,0.561733
Niš,Drobeta-Turnu Severin,202,458,0.862362,-0.452239,1.25236
Niš,Sofia,202,468,0.696494,-0.444189,1.00587
Kumanovo,Kyustendil,203,745,0.25972,-0.441747,0.37445
Veles,Gevgelija,204,205,0.126683,-0.422676,0.180228
Gevgelija,Evzoni,205,206,0.142401,-0.409229,0.200676
Evzoni,Thessaloniki,206,207,0.274669,-0.404246,0.385703
Thessaloniki,Katerini,207,208,0.187493,-0.40313,0.263077
Thessaloniki,Alexandroupoli,207,233,0.393051,-0.401105,0.550705
Thessaloniki,Serres,207,577,0.31971,-0.409186,0.45053
Klaipėda,Kaunas,209,210,1.71273,-0.539023,2.63594
Klaipėda,Palanga,209,704,0.998401,-0.539832,1.53737
Kaunas,Vilnius,210,211,1.90154,-0.539231,2.9269
Kaunas,Warsaw,210,316,3.73659,-0.53478,5.73483
Kaunas,Riga,210,547,2.5016,-0.540038,3.85256
Kaunas,Ukmergė,210,701,1.59761,-0.539355,2.45929
Vilnius,Lida,211,212,1.76511,-0.541082,2.72018
Vilnius,Minsk,211,318,3.62171,-0.539512,5.57566
Vilnius,Marijampolė,211,641,1.85199,-0.541028,2.85397
Vilnius,Ukmergė,211,701,1.85096,-0.541481,2.85322
Lida,Slonim,212,213,0.690811,-0.540765,1.06438
Slonim,Kobryn,213,214,0.363646,-0.535525,0.558388
Kobryn,Dubno,214,215,0.425964,-0.526053,0.650044
Dubno,Ternopil,215,216,0.936442,-0.522113,1.42537
Ternopil,Chernivtsi,216,217,1.07395,-0.519048,1.63138
Ternopil,Stryj,216,379,1.52884,-0.518766,2.32196
Ternopil,Khmelnytskyi,216,380,1.31031,-0.52508,1.99833
Chernivtsi,Siret,217,218,0.837992,-0.512202,1.26721
Siret,Suceava,218,219,1.46048,-0.506179,2.19974
Suceava,Roman,219,220,1.46605,-0.502035,2.20206
Suceava,Halmeu,219,578,2.26848,-0.501615,3.40638
Suceava,Iaşi,219,670,1.92796,-0.507266,2.90596
Roman,Urziceni,220,221,0.842637,-0.491793,1.25704
Urziceni,Bucharest,221,222,0.639825,-0.472321,0.942028
Urziceni,Slobozia,221,421,0.510901,-0.476264,0.754224
Bucharest,Giurgiu,222,223,0.365816,-0.450779,0.530717
Bucharest,Ploieşti,222,420,0.315383,-0.459523,0.460309
Bucharest,Constanţa,222,423,0.471949,-0.45662,0.68745
Bucharest,Alexandria,222,460,0.368731,-0.458908,0.537945
Bucharest,Piteşti,222,583,0.398178,-0.459795,0.581258
Giurgiu,Ruse,223,224,0.201343,-0.439784,0.289891
Ruse,Byala,224,225,0.114592,-0.424773,0.163268
Ruse,Razgrad,224,461,0.105685,-0.425703,0.150675
Byala,Veliko Tarnovo,225,226,0.0940808,-0.418611,0.133464
Byala,Pleven,225,584,0.0917283,-0.421312,0.130375
Veliko Tarnovo,Stara Zagora,226,227,0.107019,-0.421,0.152074
Veliko Tarnovo,Shumen,226,462,0.100773,-0.418873,0.142984
Stara Zagora,Haskovo,227,228,0.0669408,-0.411388,0.0944794
Stara Zagora,Burgas,227,590,0.0925536,-0.417501,0.131195
Haskovo,Svilengrad,228,229,0.0335967,-0.403428,0.0471505
Svilengrad,Ormenio,229,230,0.0273603,-0.396609,0.0382116
Ormenio,Kastanies,230,231,0.0428265,-0.395402,0.0597602
Kastanies,Didymoteicho,231,232,0.0921601,-0.396803,0.12873
Didymoteicho,Alexandroupoli,232,233,0.214633,-0.39858,0.300181
Alexandroupoli,Gelibolu,233,478,0.261936,-0.400401,0.366815
Saint Petersburg,Pskov,234,235,3.57506,-0.538909,5.5017
Saint Petersburg,Moscow,234,239,6.8566,-0.535836,10.5306
Saint Petersburg,Petrozavodsk,234,245,2.35052,-0.53201,3.60103
Saint Petersburg,Narva,234,304,2.71458,-0.53788,4.1747
Saint Petersburg,Vyborg,234,623,2.35077,-0.531988,3.60135
Pskov,Gomel,235,236,4.69765,-0.539831,7.23359
Pskov,Riga,235,547,3.36201,-0.540873,5.18043
Gomel,Kiev,236,237,6.64607,-0.536816,10.2138
Gomel,Babruysk,236,703,3.92702,-0.540025,6.0477
Kiev,Odessa,237,238,5.02304,-0.528589,7.67817
Kiev,Hlukhiv,237,242,5.96064,-0.535906,9.15498
Kiev,Kharkiv,237,247,5.89536,-0.53234,9.0337
Kiev,Rivne,237,348,4.30923,-0.53492,6.61432
Kiev,Zhytomyr,237,349,3.44946,-0.533455,5.28959
Odessa,Izmail,238,586,1.72184,-0.520977,2.61888
Odessa,Chişinău,238,672,2.04643,-0.52006,3.1107
Odessa,Mykolaiv,238,673,1.98168,-0.523318,3.01873
Moscow,Kaluga,239,240,4.85979,-0.537396,7.47141
Moscow,Orel,239,246,5.26214,-0.534542,8.07497
Moscow,Voronezh,239,248,5.83758,-0.523104,8.89124
Moscow,Tambov,239,256,4.82828,-0.531987,7.39686
Moscow,Smolensk,239,319,5.27745,-0.536619,8.10943
Moscow,Ryazan,239,320,4.33264,-0.523053,6.59884
Moscow,Velikiye Luki,239,628,4.68176,-0.536194,7.1921
Moscow,Vladimir,239,629,4.45276,-0.522476,6.77922
Kaluga,Bryansk,240,241,2.6312,-0.541197,4.0552
Bryansk,Hlukhiv,241,242,3.25062,-0.540833,5.00867
Hlukhiv,Kursk,242,645,3.49325,-0.539227,5.3769
Kirkenes,Murmansk,243,244,0.337479,-0.530444,0.516493
Murmansk,Petrozavodsk,244,245,0.877348,-0.531891,1.344
Orel,Kharkiv,246,247,3.96283,-0.534853,6.08236
Kharkiv,Luhansk,247,350,3.18499,-0.534721,4.88807
Voronezh,Novorossiysk,248,249,3.70281,-0.526347,5.65177
Voronezh,Kursk,248,645,3.44854,-0.535264,5.29442
Voronezh,Saratov,248,646,3.24003,-0.513584,4.90405
Novorossiysk,Dzhankoy,249,601,1.48751,-0.524099,2.26711
Novorossiysk,Sochi,249,602,1.44467,-0.524122,2.20186
Mineralnye Vody,Nalchik,250,251,0.221264,-0.490731,0.329845
Mineralnye Vody,Makhachkala,250,260,0.491518,-0.496082,0.735351
Mineralnye Vody,Armavir,250,387,0.2582,-0.492641,0.3854
Nalchik,Vladikavkaz,251,252,0.0861239,-0.485062,0.127899
Vladikavkaz,Stepantsminda,252,253,0.0345344,-0.474449,0.0509192
Stepantsminda,Mtskheta,253,254,0.0157145,-0.451174,0.0228045
Mtskheta,Tbilisi,254,255,0.0110745,-0.416859,0.0156911
Tbilisi,Gori,255,428,0.00763045,-0.397468,0.0106633
Tbilisi,Rustavi,255,429,0.0103337,-0.417737,0.0146505
Tambov,Povorino,256,257,2.17676,-0.533255,3.33754
Povorino,Volgograd,257,258,1.84679,-0.5293,2.8243
Volgograd,Astrakhan,258,259,2.14201,-0.514727,3.24455
Volgograd,Luhansk,258,350,2.14235,-0.530634,3.27915
Astrakhan,Makhachkala,259,260,1.49109,-0.501941,2.23954
Astrakhan,Atyrau,259,265,2.11142,-0.490713,3.14752
Makhachkala,Kuba,260,261,0.482567,-0.497881,0.722828
Kuba,Baku,261,262,0.185239,-0.49601,0.27712
Baku,Yevlakh,262,431,0.0716732,-0.492321,0.106959
Samara,Oral,263,264,2.05497,-0.465898,3.01238
Samara,Penza,263,321,1.63003,-0.491602,2.43136
Samara,Ufa,263,322,1.47393,-0.476307,2.17598
Oral,Atyrau,264,265,2.2578,-0.466403,3.31084
Oral,Saratov,264,646,2.48044,-0.490871,3.69801
Oral,Aktobe,264,647,1.51879,-0.460728,2.21853
Atyrau,Beineu,265,266,0.984563,-0.472447,1.44972
Atyrau,Beyneu,265,351,0.984563,-0.472447,1.44972
Beineu,Shetpe,266,267,0.386027,-0.47186,0.568179
Shetpe,Zhetybai,267,268,0.151794,-0.471274,0.223331
Zhetybai,Fetisovo,268,269,0.0606338,-0.468514,0.0890416
Fetisovo,Bekdash,269,270,0.0262892,-0.456265,0.0382841
Bekdash,Türkmenbaşy,270,271,0.0159343,-0.416705,0.0225742
Türkmenbaşy,Gyzylarbat,271,272,0.0188593,-0.37442,0.0259205
Gyzylarbat,Ashgabat,272,432,0.0359068,-0.364867,0.049008
Chelyabinsk,Kostanay,273,274,0.31496,-0.466007,0.461734
Chelyabinsk,Ufa,273,322,0.662011,-0.470455,0.973457
Chelyabinsk,Kurgan,273,323,0.354173,-0.46242,0.517949
Kostanay,Esil,274,275,0.141026,-0.459816,0.205871
Esil,Derzhavinsk,275,276,0.0967826,-0.441538,0.139516
Derzhavinsk,Arkalyk,276,277,0.138006,-0.424216,0.19655
Arkalyk,Jezkazgan,277,278,0.296318,-0.418921,0.420451
Jezkazgan,Kyzylorda,278,279,0.465432,-0.417593,0.659793
Jezkazgan,Karaganda,278,286,0.440755,-0.417587,0.624808
Kyzylorda,Shymkent,279,280,0.448942,-0.412727,0.634233
Kyzylorda,Novokazalinsk,279,650,0.327932,-0.421448,0.466139
Shymkent,Tashkent,280,281,0.365563,-0.405508,0.513802
Shymkent,Zhambyl,280,359,0.294829,-0.403155,0.413691
Tashkent,Ayni,281,282,0.13796,-0.394432,0.192376
Tashkent,Jizzakh,281,358,0.175412,-0.40004,0.245584
Tashkent,Kokand,281,689,0.140868,-0.400328,0.197262
Ayni,Dushanbe,282,283,0.111671,-0.383025,0.154444
Ayni,Kokand,282,689,0.0548254,-0.386322,0.0760057
Dushanbe,Termez,283,440,0.0633563,-0.373939,0.0870477
Dushanbe,Jirgatal,283,441,0.0641929,-0.375526,0.088299
Dushanbe,Kulob,283,692,0.0470604,-0.375271,0.0647208
Ishim,Astana,284,285,0.190689,-0.430171,0.272719
Ishim,Omsk,284,291,0.190689,-0.430171,0.272719
Ishim,Kurgan,284,323,0.266527,-0.448257,0.385999
Ishim,Tyumen,284,635,0.187747,-0.440955,0.270535
Astana,Karaganda,285,286,0.21895,-0.420121,0.310936
Karaganda,Balkhash,286,287,0.266992,-0.410807,0.376674
Karaganda,Pavlodar,286,292,0.263032,-0.419786,0.373449
Balkhash,Burubaytal,287,288,0.163812,-0.405854,0.230296
Burubaytal,Almaty,288,289,0.193601,-0.400415,0.271121
Almaty,Bishkek,289,290,0.300219,-0.396416,0.419231
Almaty,Sary-Ozek,289,360,0.144532,-0.396706,0.201868
Almaty,Kokpek,289,695,0.118508,-0.396921,0.165546
Bishkek,Zhambyl,290,359,0.266995,-0.398511,0.373395
Bishkek,Osh,290,691,0.272944,-0.393934,0.380466
Omsk,Pavlodar,291,292,0.154618,-0.423635,0.22012
Pavlodar,Semey,292,293,0.133334,-0.419999,0.189334
Semey,Georgiyevka,293,294,0.0557895,-0.418024,0.0791108
Georgiyevka,Ayagoz,294,364,0.0248879,-0.414354,0.0352003
Narvik,Kiruna,295,296,0.0100942,-0.337602,0.013502
Narvik,Setermoen,295,498,0.00500727,-0.347941,0.0067495
Kiruna,Töre,296,297,0.0219968,-0.336475,0.0293982
Töre,Luleå,297,298,0.0487022,-0.336761,0.0651032
Luleå,Umeå,298,612,0.083377,-0.339168,0.111656
Luleå,Haparanda,298,613,0.0545863,-0.334576,0.0728495
Helsingborg,Halmstad,299,300,0.0653286,-0.345204,0.0878803
Helsingborg,Jönköping,299,605,0.0404967,-0.343459,0.0544056
Örebro,Stockholm,301,302,0.125807,-0.345586,0.169284
Örebro,Karlstad,301,620,0.0748105,-0.346896,0.100762
Stockholm,Södertälje,302,608,0.0929581,-0.34629,0.125149
Stockholm,Uppsala,302,609,0.11005,-0.346446,0.148176
Tallinn,Narva,303,304,1.5962,-0.540083,2.45828
Tallinn,Riga,303,547,2.20199,-0.540761,3.39274
Colchester,Ipswich,305,306,6.65151e-05,-0.474507,6.65151e-05
Ipswich,Cambridge,306,636,6.65151e-05,-0.474507,6.65151e-05
The Hague,Gouda,307,308,0.362225,-0.519312,0.550333
Amersfoort,Oldenzaal,309,310,0.611957,-0.521572,0.931137
Amersfoort,Hoogeveen,309,698,0.571064,-0.521639,0.868953
Oldenzaal,Osnabrück,310,311,0.525796,-0.522774,0.800668
Osnabrück,Bad Oeynhausen,311,312,0.989379,-0.523733,1.50755
Bad Oeynhausen,Dortmund,312,508,1.69667,-0.524837,2.58715
Braunschweig,Magdeburg,313,314,1.3376,-0.519399,2.03234
Magdeburg,Halle,314,518,1.42359,-0.518567,2.16182
Poznań,Warsaw,315,316,2.58089,-0.526568,3.93991
Poznań,Wrocław,315,339,1.53865,-0.521917,2.3417
Warsaw,Elbląg,316,564,2.05068,-0.528566,3.1346
Warsaw,Radom,316,565,2.43892,-0.528071,3.72685
Warsaw,Lublin,316,713,2.88409,-0.529745,4.41192
Brest,Rennes,317,365,0.330084,-0.510581,0.498618
Brest,Lorient,317,388,0.181132,-0.509654,0.273447
Minsk,Smolensk,318,319,3.84191,-0.540213,5.91735
Minsk,Babruysk,318,703,3.45478,-0.541081,5.3241
Ryazan,Penza,320,321,1.96678,-0.515851,2.98134
Ufa,Yelabuga,322,632,0.706984,-0.47379,1.04195
Bruges,Ghent,324,325,1.56115,-0.520933,2.37441
Bruges,Zeebrugge,324,642,1.76273,-0.522085,2.68303
Ghent,Brussels,325,326,2.11295,-0.521865,3.21563
Brussels,Leuven,326,327,2.68232,-0.524185,4.08835
Leuven,Hasselt,327,708,1.74346,-0.526905,2.6621
Eupen,Aachen,328,329,2.09199,-0.528896,3.19844
Eupen,St. Vith,328,653,1.07613,-0.528903,1.64529
Aachen,Heerlen,329,709,1.64612,-0.528998,2.51692
Olpe,Wetzlar,330,331,1.97272,-0.527234,3.0128
Wetzlar,Gießen,331,332,1.96593,-0.528332,3.00459
Wetzlar,Dortmund,331,508,2.75295,-0.526815,4.20325
Wetzlar,Aschaffenburg,331,509,2.1154,-0.527754,3.23181
Wetzlar,Koblenz,331,660,2.06471,-0.52826,3.15542
Gießen,Bad Hersfeld,332,333,1.21913,-0.529037,1.86409
Bad Hersfeld,Eisenach,333,334,0.572582,-0.527224,0.874461
Eisenach,Erfurt,334,335,0.529794,-0.521821,0.806251
Erfurt,Gera,335,336,1.03992,-0.518778,1.57941
Gera,Chemnitz,336,337,1.55315,-0.51822,2.35803
Gera,Leipzig,336,526,1.56547,-0.517968,2.37633
Gera,Hirschberg,336,527,1.0995,-0.518534,1.66963
Chemnitz,Plauen,337,519,1.46459,-0.518133,2.22344
Wrocław,Opole,339,340,1.28733,-0.519774,1.95645
Wrocław,Kłodzko,339,548,1.30754,-0.519586,1.98692
Opole,Gliwice,340,341,0.615224,-0.519069,0.934568
Gliwice,Zabrze,341,342,0.581804,-0.519006,0.883765
Kraków,Rzeszów,343,344,0.828667,-0.521142,1.26052
Kraków,Radom,343,565,0.99606,-0.524453,1.51845
Kraków,Trstená,343,566,1.04805,-0.519504,1.59251
Rzeszów,Jarosław,344,345,0.784639,-0.524848,1.19646
Rzeszów,Radom,344,565,0.854107,-0.526546,1.30383
Rzeszów,Barwinek,344,710,0.617875,-0.52346,0.941307
Jarosław,Korczowa,345,346,0.850266,-0.526182,1.29766
Korczowa,Lviv,346,347,1.81068,-0.526175,2.76342
Lviv,Rivne,347,348,2.4086,-0.53035,3.686
Lviv,Mukachevo,347,378,3.32118,-0.520713,5.05056
Lviv,Lublin,347,713,1.81268,-0.526984,2.76794
Rivne,Zhytomyr,348,349,1.48676,-0.534009,2.2807
Rivne,Kovel,348,714,1.46981,-0.533575,2.25406
Zhytomyr,Vinnytsia,349,381,2.48429,-0.533491,3.80964
Beyneu,Qo‘ng‘irot,351,352,0.393001,-0.469956,0.577695
Qo‘ng‘irot,Nukus,352,353,0.170827,-0.460061,0.249417
Nukus,Daşoguz,353,354,0.105834,-0.43025,0.151368
Daşoguz,Bukhara,354,355,0.0570142,-0.377154,0.0785173
Daşoguz,Ashgabat,354,432,0.0645447,-0.377735,0.0889255
Daşoguz,Uchkuduk,354,688,0.0364277,-0.396491,0.0508709
Bukhara,Navoiy,355,356,0.0599321,-0.36289,0.0816809
Bukhara,Alat,355,436,0.0497982,-0.353034,0.0673786
Bukhara,Karshi,355,437,0.0505477,-0.353858,0.0684344
Bukhara,Uchkuduk,355,688,0.0331053,-0.360583,0.0450425
Navoiy,Samarkand,356,357,0.0512163,-0.378459,0.0705996
Samarkand,Jizzakh,357,358,0.0812671,-0.394345,0.113314
Sary-Ozek,Taldykorgan,360,361,0.0694955,-0.395498,0.0969809
Sary-Ozek,Koktal,360,697,0.0655904,-0.395591,0.0915374
Taldykorgan,Ucharal,361,362,0.0307152,-0.395222,0.0428545
Ucharal,Taskesken,362,363,0.0162136,-0.397791,0.0226632
Taskesken,Ayagoz,363,364,0.0146111,-0.406514,0.0205507
Rennes,Le Mans,365,366,0.816105,-0.511208,1.2333
Le Mans,Angers,366,391,0.665201,-0.511334,1.00534
Le Mans,Tours,366,392,0.785146,-0.508895,1.1847
Le Mans,Rouen,366,662,1.24797,-0.515585,1.8914
Reims,Charleroi,367,651,1.67697,-0.522712,2.55354
Reims,Charleville-Mézières,367,658,1.53688,-0.522191,2.33942
Reims,Rouen,367,662,1.7672,-0.519304,2.68491
Saarbrücken,Mannheim,368,369,2.88037,-0.528164,4.40167
Saarbrücken,Trier,368,659,1.49783,-0.527151,2.28742
Mannheim,Heilbronn,369,370,2.69952,-0.527954,4.12474
Rozvadov,Plzeň,371,372,2.25039,-0.521593,3.42417
Plzeň,Karlovy Vary,372,523,1.56759,-0.520726,2.38388
Plzeň,České Budějovice,372,524,1.82582,-0.519614,2.77455
Plzeň,Bayerisch Eisenstein,372,530,1.86119,-0.520414,2.82978
Trenčín,Prešov,373,374,1.22277,-0.516591,1.85443
Prešov,Košice,374,375,1.90233,-0.516058,2.88404
Prešov,Svidník,374,712,0.9256,-0.517179,1.4043
Košice,Vyšné Nemecké,375,376,0.96393,-0.515454,1.46079
Košice,Uzhhorod,375,377,1.85736,-0.516854,2.81735
Košice,Miskolc,375,552,1.75169,-0.51214,2.64881
Košice,Zvolen,375,568,1.82783,-0.513725,2.76683
Vyšné Nemecké,Uzhhorod,376,377,0.893431,-0.518364,1.35655
Uzhhorod,Mukachevo,377,378,2.95748,-0.518929,4.4922
Uzhhorod,Chop,377,723,1.5048,-0.51715,2.28301
Mukachevo,Stryj,378,379,2.21914,-0.515047,3.3621
Mukachevo,Halmeu,378,578,2.74592,-0.512589,4.15345
Khmelnytskyi,Vinnytsia,380,381,1.57189,-0.530224,2.40534
Vinnytsia,Uman,381,382,1.53057,-0.529874,2.34158
Vinnytsia,Mohyliv-Podilskyi,381,728,1.41399,-0.53041,2.16399
Uman,Kirovohrad,382,383,1.18279,-0.523708,1.80223
Kirovohrad,Dnipropetrovsk,383,384,0.837252,-0.518979,1.27177
Kirovohrad,Chişinău,383,672,1.68218,-0.518082,2.55368
Dnipropetrovsk,Donetsk,384,385,0.354475,-0.51536,0.537156
Donetsk,Rostov-on-Don,385,386,0.237061,-0.507551,0.357381
Rostov-on-Don,Armavir,386,387,0.209545,-0.497673,0.31383
Rostov-on-Don,Taganrog,386,675,0.212357,-0.508435,0.320326
Lorient,Vannes,388,389,0.21681,-0.509383,0.32725
Vannes,Nantes,389,390,0.473367,-0.509859,0.714717
Nantes,Angers,390,391,0.661879,-0.50909,0.998835
Nantes,Poitiers,390,676,0.920375,-0.511269,1.39093
Angers,Tours,391,392,0.531998,-0.502805,0.79949
Tours,Vierzon,392,503,0.703623,-0.50043,1.05574
Montargis,Auxerre,393,394,1.23211,-0.510711,1.86136
Auxerre,Beaune,394,395,2.28125,-0.512801,3.45108
Beaune,Dole,395,396,2.26725,-0.517876,3.44141
Beaune,Antwerp,395,505,3.85821,-0.518356,5.85813
Dole,Besançon,396,397,1.18309,-0.521124,1.79963
Besançon,Belfort,397,398,1.332,-0.523952,2.02991
Zürich,Winterthur,399,400,1.32951,-0.518585,2.01897
Winterthur,St. Gallen,400,401,0.948884,-0.518067,1.44047
Winterthur,Schaffhausen,400,511,1.27079,-0.522392,1.93463
St. Gallen,St. Margrethen,401,402,0.882901,-0.514579,1.33722
St. Margrethen,Bregenz,402,403,1.46445,-0.512937,2.21562
St. Margrethen,Buchs,402,514,0.682443,-0.512844,1.03243
Bregenz,Feldkirch,403,748,1.41429,-0.511895,2.13825
Bregenz,Lindau,403,513,2.20278,-0.513967,3.33494
Feldkirch,Landeck,748,404,0.652264,-0.509139,0.984358
Feldkirch,Imst,748,406,0.68098,-0.509011,1.02761
Landeck,Telfs,404,405,0.458976,-0.507401,0.691861
Sattledt,Liezen,408,532,0.953967,-0.51281,1.44317
Sattledt,Wels,408,669,0.999622,-0.515421,1.51485
Sankt Pölten,Vienna,409,410,1.99889,-0.51244,3.0232
Vienna,Nickelsdorf,410,411,2.20576,-0.511153,3.33324
Vienna,Halámky,410,525,2.10639,-0.512886,3.18673
Vienna,Graz,410,534,2.74365,-0.508341,4.13836
Nickelsdorf,Mosonmagyaróvár,411,412,1.54698,-0.509126,2.33458
Szolnok,Püspökladány,413,414,1.83647,-0.497275,2.74971
Püspökladány,Oradea,414,415,2.31874,-0.497088,3.47136
Püspökladány,Nyíregyháza,414,722,1.39564,-0.502842,2.09742
Oradea,Cluj-Napoca,415,416,1.15459,-0.486583,1.71639
Oradea,Berettyóújfalu,415,570,1.59862,-0.495523,2.39078
Oradea,Beiuş,415,571,1.08063,-0.488983,1.60905
Oradea,Satu Mare,415,579,1.71502,-0.493643,2.56163
Oradea,Arad,415,684,1.85885,-0.485815,2.76191
Cluj-Napoca,Turda,416,417,0.72286,-0.487934,1.07557
Cluj-Napoca,Zalău,416,580,0.68634,-0.491483,1.02366
Turda,Târgu Mureş,417,418,0.325603,-0.482203,0.48261
Turda,Sebeş,417,581,0.337311,-0.481841,0.499842
Târgu Mureş,Braşov,418,419,0.238383,-0.474369,0.351465
Braşov,Ploieşti,419,420,0.210689,-0.464625,0.30858
Braşov,Sibiu,419,582,0.282377,-0.474183,0.416276
Braşov,Piteşti,419,583,0.178773,-0.461426,0.261264
Slobozia,Hârşova,421,422,0.356315,-0.473376,0.524986
Slobozia,Galaţi,421,588,0.576168,-0.484086,0.855082
Hârşova,Constanţa,422,423,0.371919,-0.467938,0.545954
Constanţa,Varna,423,463,0.343196,-0.446839,0.496549
Constanţa,Tulcea,423,589,0.371919,-0.467938,0.545954
Senaki,Samtredia,424,425,0.027815,-0.533658,0.0426586
Senaki,Zugdidi,424,604,0.0745441,-0.532975,0.114274
Samtredia,Kutaisi,425,426,0.0107732,-0.529535,0.0164779
Kutaisi,Khashuri,426,427,0.00514088,-0.486528,0.00764206
Khashuri,Gori,427,428,0.00451097,-0.415585,0.00638567
Rustavi,Ganja,429,430,0.0133864,-0.457183,0.0195065
Ganja,Yevlakh,430,431,0.0286792,-0.482948,0.0425298
Ashgabat,Tejen,432,433,0.0362369,-0.360386,0.0492962
Tejen,Mary,433,434,0.0195458,-0.348392,0.0263554
Mary,Türkmenabat,434,435,0.0164739,-0.341038,0.0220922
Türkmenabat,Alat,435,436,0.0246385,-0.344887,0.033136
Karshi,Guzar,437,438,0.0266003,-0.349404,0.0358945
Guzar,Sherobod,438,439,0.0212414,-0.354796,0.0287777
Sherobod,Termez,439,440,0.0309551,-0.366456,0.0422989
Jirgatal,Sary Tash,441,442,0.0580637,-0.378663,0.0800503
Jirgatal,Khorugh,441,694,0.0361061,-0.37349,0.0495913
Sary Tash,Irkeshtam,442,443,0.07388,-0.385699,0.102375
Irkeshtam,Osh,443,691,0.146687,-0.389943,0.203887
A Coruña,Bilbao,444,445,0.114777,-0.453573,0.166837
A Coruña,Pontevedra,444,481,0.0513447,-0.44294,0.0740874
Clermont-Ferrand,Montluçon,446,504,0.836704,-0.494581,1.25052
Chambéry,Susa,447,448,0.887133,-0.500055,1.33075
Chambéry,Marseille,447,736,0.670223,-0.502052,1.00671
Susa,Turin,448,449,0.593135,-0.487879,0.882513
Tortona,Brescia,450,451,0.26597,-0.450003,0.385657
Trieste,Postojna,452,453,0.316304,-0.477753,0.467419
Trieste,Ljubljana,452,454,0.60576,-0.484059,0.898984
Postojna,Ljubljana,453,454,0.41743,-0.488646,0.621405
Ljubljana,Maribor,454,535,0.716996,-0.494372,1.07146
Ljubljana,Naklo,454,538,1.04248,-0.494286,1.55777
Vršac,Timişoara,456,457,0.820019,-0.464807,1.20117
Timişoara,Drobeta-Turnu Severin,457,458,0.922713,-0.463768,1.35064
Timişoara,Arad,457,684,1.45448,-0.473909,2.14377
Drobeta-Turnu Severin,Craiova,458,459,0.907842,-0.457206,1.32291
Craiova,Alexandria,459,460,0.378042,-0.457448,0.550976
Craiova,Târgu Jiu,459,574,0.529153,-0.459041,0.772055
Craiova,Piteşti,459,583,0.491288,-0.458546,0.716566
Razgrad,Shumen,461,462,0.0959599,-0.421608,0.136417
Shumen,Varna,462,463,0.148844,-0.430418,0.21291
Varna,Burgas,463,590,0.146357,-0.430326,0.209338
Lisbon,Valladolid,464,465,0.095241,-0.425298,0.135747
Lisbon,Porto,464,483,0.0900722,-0.413449,0.127312
Lisbon,Albufeira,464,484,0.0893025,-0.410123,0.125927
Toulouse,Nice,466,467,0.873541,-0.473237,1.28693
Nice,Cuneo,467,685,0.372647,-0.465109,0.545969
Sofia,Plovdiv,468,469,0.390774,-0.438378,0.562081
Sofia,Botevgrad,468,575,0.392679,-0.438149,0.564731
Sofia,Blagoevgrad,468,576,0.429015,-0.435017,0.615644
Sofia,Kyustendil,468,745,0.29713,-0.439373,0.427681
Plovdiv,Istanbul,469,470,0.16357,-0.436775,0.235014
Istanbul,İzmit,470,471,0.0792536,-0.433461,0.113607
İzmit,Gerede,471,472,0.0277492,-0.426857,0.0395941
İzmit,Bursa,471,479,0.0280892,-0.424353,0.0400089
Gerede,Kızılcahamam,472,599,0.013241,-0.420159,0.0188044
Mazara del Vallo,Palermo,473,474,6.65151e-05,-0.474507,6.65151e-05
Metaponto,Taranto,475,476,0.0113189,-0.415428,0.0160212
Metaponto,Potenza,475,743,0.00617751,-0.410222,0.00871166
Ioannina,Trikala,477,687,0.0414517,-0.398053,0.0579517
Gelibolu,Keşan,478,596,0.12825,-0.395677,0.178995
Gelibolu,Ayvalık,478,597,0.128255,-0.39566,0.179
Bursa,Ankara,479,480,0.0146263,-0.414616,0.0206906
Bursa,Balıkesir,479,746,0.0176725,-0.408313,0.0248885
Ankara,Kızılcahamam,480,599,0.0098596,-0.413208,0.0139337
Pontevedra,Valença,481,482,0.0333976,-0.423628,0.0475457
Valença,Porto,482,483,0.0437467,-0.411189,0.0617349
Albufeira,Castro Marim,484,485,0.0478414,-0.40173,0.0670607
Castro Marim,Huelva,485,486,0.0448189,-0.400393,0.0627641
Cherbourg-Octeville,La Rochelle,487,488,0.175919,-0.510739,0.265768
Cherbourg-Octeville,Caen,487,661,0.377908,-0.516869,0.573237
La Rochelle,Saintes,488,730,0.153628,-0.496574,0.229916
Oslo,Hamar,489,490,0.0571283,-0.347803,0.0769978
Oslo,Askim,489,619,0.0596673,-0.347354,0.0803929
Hamar,Lillehammer,490,491,0.0360569,-0.348285,0.0486149
Lillehammer,Dombås,491,492,0.0401015,-0.348254,0.054067
Dombås,Trondheim,492,493,0.0720771,-0.347755,0.0971422
Trondheim,Stjørdal,493,494,0.0706004,-0.347555,0.095138
Stjørdal,Steinkjer,494,495,0.0356008,-0.347204,0.0479615
Steinkjer,Mosjøen,495,496,0.0253226,-0.345117,0.0340618
Mosjøen,Mo i Rana,496,497,0.0325229,-0.342445,0.0436602
Mo i Rana,Umeå,497,612,0.0619979,-0.341252,0.0831548
Setermoen,Alta,498,499,0.00340478,-0.390595,0.00473467
Alta,Olderfjord,499,500,0.00446208,-0.457199,0.00650214
Olderfjord,Lakselv,500,501,0.00959951,-0.493431,0.0143362
Lakselv,Karasjok,501,502,0.0242103,-0.508123,0.0365121
Vierzon,Montluçon,503,504,0.514699,-0.496339,0.770163
Antwerp,Zeebrugge,505,642,2.57531,-0.522195,3.92013
Martigny,Sion,506,678,0.639026,-0.507297,0.963201
Bremen,Groningen,507,624,2.14699,-0.523348,3.27062
Stuttgart,Schaffhausen,510,511,1.92675,-0.525357,2.93897
Stuttgart,Ulm,510,512,1.71167,-0.523403,2.60757
Ulm,Lindau,512,513,1.49392,-0.519563,2.27011
Lindau,Waldshut,513,666,2.05491,-0.518375,3.12012
Buchs,Chur,514,515,0.272476,-0.511688,0.411899
Chur,San Bernardino,515,516,0.141356,-0.509308,0.21335
Halle,Plauen,518,519,1.35836,-0.518415,2.06255
Plauen,Schönberg,519,520,1.10938,-0.518604,1.68471
Plauen,Hof,519,528,1.47069,-0.519274,2.23439
Schönberg,Vojtanov,520,521,0.667914,-0.51934,1.01479
Vojtanov,Cheb,521,522,0.920196,-0.520425,1.39909
Cheb,Karlovy Vary,522,523,1.52142,-0.520371,2.31313
Cheb,Marktredwitz,522,663,1.21387,-0.521222,1.84657
Karlovy Vary,Teplice,523,715,0.940359,-0.51972,1.42908
České Budějovice,Halámky,524,525,1.29654,-0.516424,1.96611
Hirschberg,Hof,527,528,1.13785,-0.519468,1.72893
Hof,Bayreuth,528,529,1.84306,-0.521314,2.80387
Bayreuth,Marktredwitz,529,663,1.66077,-0.521766,2.5273
Bayerisch Eisenstein,Deggendorf,530,531,1.39993,-0.519753,2.12755
Liezen,Sankt Michael,532,533,0.784807,-0.509161,1.1844
Sankt Michael,Graz,533,534,1.41483,-0.50634,2.13122
Graz,Maribor,534,535,1.21216,-0.501857,1.82049
Graz,Spielfeld,534,536,0.914272,-0.505324,1.37628
Graz,Klagenfurt,534,683,1.70174,-0.502712,2.55723
Maribor,Spielfeld,535,536,0.415075,-0.495975,0.620941
Karavanke Tunnel,Naklo,537,538,0.885227,-0.501513,1.32918
Naklo,Loiblpass,538,734,0.847469,-0.49983,1.27106
Kemijärvi,Posio,539,540,0.0104842,-0.316595,0.0138035
Posio,Kuusamo,540,541,0.00663162,-0.317771,0.00873896
Kuusamo,Kajaani,541,542,0.00699366,-0.329645,0.00929909
Kajaani,Iisalmi,542,543,0.0119666,-0.340715,0.0160437
Iisalmi,Kuopio,543,544,0.0250938,-0.347085,0.0338035
Tampere,Turku,545,546,0.0317432,-0.371739,0.0435434
Tampere,Vaasa,545,616,0.0387999,-0.360649,0.0527931
Tampere,Hämeenlinna,545,618,0.0645421,-0.400847,0.0904136
Turku,Pori,546,617,0.019755,-0.362044,0.0269072
Riga,Šiauliai,547,561,2.27474,-0.541254,3.50595
Riga,Rēzekne,547,627,2.40243,-0.541676,3.70376
Kłodzko,Kudowa-Zdrój,548,549,0.59627,-0.518716,0.905564
Kudowa-Zdrój,Náchod,549,550,0.503586,-0.51785,0.764368
Náchod,Hradec Králové,550,551,0.932466,-0.517573,1.41509
Hradec Králové,Olomouc,551,716,1.28742,-0.516875,1.95285
Miskolc,Debrecen,552,569,1.42571,-0.508271,2.15036
Szekszárd,Mohács,555,556,0.839889,-0.503854,1.26307
Mohács,Osijek,556,557,0.521813,-0.500934,0.783207
Osijek,Đakovo,557,558,0.313201,-0.496135,0.46859
Osijek,Sombor,557,735,0.515679,-0.494401,0.770631
Đakovo,Šamac,558,559,0.141119,-0.486913,0.209832
Šamac,Zenica,559,560,0.106463,-0.461926,0.155641
Zenica,Sarajevo,560,737,0.170164,-0.444538,0.245808
Šiauliai,Tolpaki,561,562,1.76983,-0.539567,2.72477
Šiauliai,Palanga,561,704,1.36201,-0.54013,2.09767
Šiauliai,Panevėžys,561,705,1.40811,-0.540386,2.16903
Tolpaki,Kaliningrad,562,563,1.13081,-0.534842,1.73562
Tolpaki,Nesterov,562,640,1.04757,-0.538792,1.61199
Trstená,Ružomberok,566,567,0.867204,-0.515632,1.31436
Ružomberok,Zvolen,567,568,1.58068,-0.512781,2.39122
Debrecen,Berettyóújfalu,569,570,1.00652,-0.502366,1.51217
Beiuş,Deva,571,572,0.733236,-0.482034,1.08668
Deva,Petroşani,572,573,0.615732,-0.469227,0.90465
Deva,Sibiu,572,582,0.791501,-0.47046,1.16387
Deva,Arad,572,684,1.0835,-0.473594,1.59664
Petroşani,Târgu Jiu,573,574,0.390948,-0.464241,0.572442
Botevgrad,Jablanica,575,585,0.168489,-0.435515,0.241868
Blagoevgrad,Serres,576,577,0.263048,-0.423173,0.374362
Halmeu,Satu Mare,578,579,2.13532,-0.494744,3.19176
Satu Mare,Zalău,579,580,0.913328,-0.492616,1.36325
Sebeş,Sibiu,581,582,0.353483,-0.473392,0.520819
Sibiu,Piteşti,582,583,0.390477,-0.464551,0.571873
Pleven,Jablanica,584,585,0.0910575,-0.42886,0.130109
Izmail,Reni,586,587,0.793297,-0.514707,1.20161
Reni,Galaţi,587,588,0.681386,-0.501115,1.02284
Galaţi,Tulcea,588,589,0.436189,-0.485916,0.64814
Galaţi,Giurgiuleşti,588,729,0.81102,-0.502717,1.21873
Burgas,Malko Tarnovo,590,591,0.0770267,-0.41788,0.109215
Malko Tarnovo,Dereköy,591,592,0.0334799,-0.410522,0.0472241
Dereköy,Kırklareli,592,593,0.0174215,-0.401195,0.0244109
Kırklareli,Babaeski,593,594,0.015342,-0.392926,0.0213702
Babaeski,Havsa,594,595,0.025319,-0.391353,0.0352276
Havsa,Keşan,595,596,0.0551133,-0.393208,0.0767843
Ayvalık,İzmir,597,598,0.0551245,-0.393166,0.0767976
İzmir,Manisa,598,747,0.0253407,-0.391706,0.0352668
Kherson,Dzhankoy,600,601,0.973366,-0.524782,1.48417
Kherson,Mykolaiv,600,673,1.12008,-0.52383,1.70681
Kherson,Melitopol,600,674,0.614495,-0.523681,0.936295
Sochi,Sukhumi,602,603,0.539046,-0.526224,0.822704
Sukhumi,Zugdidi,603,604,0.200734,-0.528369,0.306795
Jönköping,Linköping,605,606,0.0300056,-0.343031,0.0402984
Linköping,Norrköping,606,607,0.0401002,-0.343674,0.0538816
Norrköping,Södertälje,607,608,0.0620734,-0.345326,0.0835089
Norrköping,Kalmar,607,626,0.0399528,-0.343664,0.0536831
Uppsala,Sundsvall,609,610,0.113825,-0.345926,0.1532
Sundsvall,Örnsköldsvik,610,611,0.106058,-0.344752,0.142622
Örnsköldsvik,Umeå,611,612,0.086304,-0.342596,0.115871
Haparanda,Tornio,613,614,0.0394509,-0.328805,0.0524225
Kokkola,Vaasa,615,616,0.0370554,-0.345725,0.0498664
Vaasa,Pori,616,617,0.0220712,-0.354881,0.0299039
Askim,Karlstad,619,620,0.0499022,-0.347414,0.0672389
Kotka,Vaalimaa,621,622,0.345117,-0.525161,0.526359
Vaalimaa,Vyborg,622,623,0.880359,-0.53113,1.34794
Groningen,Hoogeveen,624,698,0.781935,-0.522866,1.19078
Sassnitz,Stralsund,625,699,0.431189,-0.517575,0.654362
Rēzekne,Velikiye Luki,627,628,2.68185,-0.539905,4.12979
Rēzekne,Daugavpils,627,702,1.62337,-0.541632,2.50265
Vladimir,Nizhny Novgorod,629,630,1.70253,-0.524938,2.59626
Nizhny Novgorod,Kazan,630,631,0.739753,-0.521774,1.12574
Kazan,Yelabuga,631,632,0.548942,-0.502145,0.82459
Yelabuga,Perm,632,633,0.382686,-0.484404,0.568061
Perm,Yekaterinburg,633,634,0.171276,-0.476942,0.252964
Yekaterinburg,Tyumen,634,635,0.123243,-0.456566,0.179511
Koszalin,Słupsk,637,638,0.246952,-0.520811,0.375567
Słupsk,Gdynia,638,639,0.402449,-0.523972,0.613322
Nesterov,Marijampolė,640,641,0.941027,-0.540637,1.44978
Aktobe,Karabutak,647,648,0.618048,-0.459897,0.902286
Karabutak,Aral,648,649,0.285785,-0.454645,0.415716
Aral,Novokazalinsk,649,650,0.213384,-0.438057,0.306859
Charleroi,Namur,651,652,1.18606,-0.524836,1.80855
St. Vith,Wittlich,653,654,1.1436,-0.529026,1.7486
Wittlich,Bingen,654,655,0.713595,-0.530571,1.09221
Bingen,Wiesbaden,655,656,1.04081,-0.530673,1.59315
Amiens,Charleville-Mézières,657,658,1.39156,-0.520685,2.11612
Trier,Koblenz,659,660,1.54921,-0.528331,2.36771
Caen,Rouen,661,662,0.970555,-0.517865,1.47317
Regensburg,Passau,667,668,1.17692,-0.522174,1.79148
Passau,Wels,668,669,1.1982,-0.518735,1.81975
Wels,Braunau am Inn,669,721,1.40781,-0.515846,2.13403
Iaşi,Sculeni,670,671,1.30436,-0.512042,1.97225
Iaşi,Bălţi,670,727,1.1073,-0.513404,1.67579
Sculeni,Chişinău,671,672,1.4862,-0.515379,2.25215
Chişinău,Giurgiuleşti,672,729,1.18509,-0.513798,1.79398
Melitopol,Taganrog,674,675,0.27213,-0.519224,0.413426
Poitiers,Mâcon,676,677,1.71825,-0.512265,2.59844
Sion,Simplon,678,679,0.289372,-0.497995,0.433478
Simplon,Gravellona Toce,679,680,0.227931,-0.474555,0.336097
Innichen,Spittal an der Drau,681,682,0.631073,-0.503909,0.949076
Klagenfurt,Loiblpass,683,734,0.974491,-0.502966,1.46463
Cuneo,Asti,685,686,0.222152,-0.461567,0.32469
Kokand,Andijan,689,690,0.116346,-0.391526,0.161898
Andijan,Osh,690,691,0.154553,-0.388847,0.21465
Kulob,Kalaikhumb,692,693,0.0253317,-0.371367,0.0347391
Kalaikhumb,Khorugh,693,694,0.0224178,-0.37029,0.0307189
Kokpek,Chundzha,695,696,0.0583567,-0.395954,0.0814632
Chundzha,Koktal,696,697,0.0444185,-0.39522,0.0619735
Stralsund,Neubrandenburg,699,700,0.629781,-0.517694,0.955814
Ukmergė,Daugavpils,701,702,1.57527,-0.541903,2.42892
Ukmergė,Panevėžys,701,705,1.44509,-0.540992,2.22687
Breda,Gorinchem,706,707,0.77714,-0.520982,1.18202
Hasselt,Heerlen,708,709,1.10885,-0.528419,1.69479
Barwinek,Vyšný Komárnik,710,711,0.339971,-0.521525,0.517274
Vyšný Komárnik,Svidník,711,712,0.416674,-0.518659,0.632785
Lublin,Kovel,713,714,1.40757,-0.530899,2.15485
Olomouc,Český Těšín,716,717,0.816332,-0.517482,1.23877
Garmisch-Partenkirchen,Mittenwald,718,719,0.895797,-0.514727,1.35689
Mittenwald,Seefeld,719,720,0.581333,-0.510709,0.878225
Nyíregyháza,Chop,722,723,0.959485,-0.511456,1.45022
Dunajská Streda,Medveďov,724,725,0.622823,-0.512914,0.942277
Medveďov,Vámosszabadi,725,726,0.544656,-0.511613,0.823309
Bălţi,Mohyliv-Podilskyi,727,728,0.827602,-0.523252,1.26065
Saintes,Angoulême,730,731,0.283912,-0.489241,0.422814
St. Johann in Tirol,Lofer,732,733,0.917395,-0.511271,1.38643
Sarajevo,Užice,737,738,0.230293,-0.443968,0.332536
Užice,Čačak,738,739,0.337568,-0.448857,0.489088
Čačak,Nova Varoš,739,740,0.337273,-0.448861,0.488661
Avellino,Benevento,741,742,0.051521,-0.424901,0.0734123
Balıkesir,Manisa,746,747,0.0154091,-0.395711,0.0215066
Warsaw,Brest-Litovsk,316,0,2.59956,-0.533831,3.98728
Brest-Litovsk,Minsk,0,318,2.52396,-0.538687,3.88359
Lyon,Mâcon,17,677,1.74337,-0.508485,2.62985
Beaune,Mâcon,395,677,2.99275,-0.514756,4.53328
