Glasgow,Preston,1,2,0.000157371,0,0.000157371
Glasgow,Edinburgh,1,13,0.000157371,0,0.000157371
Preston,Birmingham,2,3,0.000157371,0,0.000157371
Birmingham,Cambridge,3,636,0.000157371,0,0.000157371
Le Havre,Paris,4,5,1.99083,-0.516687,3.01947
Le Havre,Amiens,4,657,1.10659,-0.519086,1.68101
Paris,Orléans,5,6,2.1492,-0.508587,3.24225
Paris,Calais,5,16,1.7226,-0.516901,2.61301
Paris,Lyon,5,17,2.6671,-0.509859,4.02695
Paris,Brussels,5,326,2.98397,-0.520214,4.53627
Paris,Le Mans,5,366,1.70583,-0.511157,2.57778
Paris,Reims,5,367,1.8981,-0.518023,2.88136
Paris,Chaumont,5,665,2.74513,-0.518685,4.16899
Orléans,Bordeaux,6,7,1.10398,-0.496642,1.65226
Orléans,Tours,6,392,1.20987,-0.497591,1.81189
Orléans,Montargis,6,393,1.46806,-0.504499,2.2087
Orléans,Toulouse,6,466,1.29383,-0.491484,1.92972
Bordeaux,San Sebastián,7,8,0.679238,-0.477974,1.0039
Bordeaux,Clermont-Ferrand,7,446,1.21946,-0.489741,1.81667
Bordeaux,Toulouse,7,466,0.579931,-0.475369,0.855613
Bordeaux,Angoulême,7,731,0.730812,-0.485503,1.08562
San Sebastián,Burgos,8,9,0.401806,-0.447066,0.581439
San Sebastián,Bilbao,8,445,0.319384,-0.449647,0.462995
San Sebastián,Toulouse,8,466,0.48596,-0.465655,0.71225
Burgos,Madrid,9,10,0.262328,-0.423786,0.373499
Burgos,Valladolid,9,465,0.168976,-0.428563,0.241392
Madrid,Seville,10,11,0.182371,-0.407273,0.256646
Madrid,Barcelona,10,21,0.354566,-0.439844,0.51052
Madrid,Valencia,10,24,0.19259,-0.415709,0.272652
Madrid,Lisbon,10,464,0.179635,-0.411597,0.253572
Seville,Algeciras,11,12,0.0939429,-0.393068,0.130869
Seville,Huelva,11,486,0.0987592,-0.392414,0.137514
Algeciras,Málaga,12,28,0.0430033,-0.385382,0.0595759
Edinburgh,Newcastle,13,14,0.000157371,0,0.000157371
Newcastle,London,14,15,0.000157371,0,0.000157371
London,Colchester,15,305,0.000157371,0,0.000157371
Calais,Bruges,16,324,1.71986,-0.521389,2.61657
Calais,Rouen,16,662,1.14114,-0.51864,1.73297
Lyon,Orange,17,18,1.27945,-0.502856,1.92283
Lyon,Clermont-Ferrand,17,446,1.44918,-0.494295,2.16551
Lyon,Chambéry,17,447,1.2398,-0.504721,1.86555
Orange,Narbonne,18,19,0.588646,-0.495301,0.880202
Orange,Marseille,18,736,0.542488,-0.500899,0.814219
Narbonne,Girona,19,20,0.349562,-0.47686,0.516254
Girona,Barcelona,20,21,0.443863,-0.45778,0.647054
Barcelona,Tarragona,21,22,0.298128,-0.446372,0.431204
Barcelona,Toulouse,21,466,0.792535,-0.463752,1.16007
Tarragona,Castellón de la Plana,22,23,0.15369,-0.432321,0.220134
Castellón de la Plana,Valencia,23,24,0.142139,-0.415889,0.201254
Valencia,Alicante,24,25,0.109565,-0.407235,0.154184
Alicante,Murcia,25,26,0.0486932,-0.3985,0.0680975
Murcia,Almería,26,27,0.0266297,-0.387588,0.0369511
Almería,Málaga,27,28,0.0252089,-0.381117,0.0348165
Hook of Holland,Rotterdam,29,30,0.553991,-0.520984,0.842611
Hook of Holland,The Hague,29,307,0.300767,-0.518657,0.456762
Rotterdam,Eindhoven,30,31,1.38445,-0.521849,2.10693
Eindhoven,Maastricht,31,32,1.47661,-0.525152,2.25205
Eindhoven,Antwerp,31,505,2.49056,-0.524247,3.79623
Eindhoven,Venlo,31,643,1.89327,-0.522846,2.88316
Eindhoven,Breda,31,706,1.39953,-0.521783,2.12979
Maastricht,Liège,32,33,1.81983,-0.52757,2.77992
Liège,Bastogne,33,34,1.68934,-0.528785,2.58264
Liège,Leuven,33,327,2.7756,-0.526802,4.23779
Liège,Eupen,33,328,1.75739,-0.529256,2.68751
Liège,Antwerp,33,505,3.11494,-0.525985,4.75335
Liège,Namur,33,652,1.89094,-0.527723,2.88884
Liège,St. Vith,33,653,1.54343,-0.528847,2.35967
Liège,Charleville-Mézières,33,658,2.02257,-0.527206,3.08889
Bastogne,Arlon,34,35,1.01559,-0.529579,1.55342
Arlon,Luxembourg,35,36,1.41751,-0.528692,2.16693
Luxembourg,Metz,36,37,2.38167,-0.525288,3.63273
Luxembourg,St. Vith,36,653,1.7104,-0.529403,2.61589
Luxembourg,Charleville-Mézières,36,658,1.32878,-0.526502,2.02839
Luxembourg,Trier,36,659,1.68427,-0.529391,2.57591
Metz,Saint-Avold,37,38,2.86006,-0.525028,4.36168
Metz,Lausanne,37,44,2.37431,-0.523649,3.61762
Metz,Geneva,37,45,2.67046,-0.516693,4.05027
Metz,Brussels,37,326,3.29565,-0.523535,5.02103
Metz,Reims,37,367,2.41919,-0.52224,3.68258
Metz,Saarbrücken,37,368,2.7032,-0.526556,4.12658
Saint-Avold,Strasbourg,38,39,2.15346,-0.526717,3.28772
Strasbourg,Mulhouse,39,40,2.7001,-0.527406,4.12414
Strasbourg,Appenweier,39,664,2.02897,-0.528026,3.10033
Mulhouse,Basel,40,41,2.59717,-0.526393,3.9643
Mulhouse,Belfort,40,398,1.95139,-0.526652,2.97909
Mulhouse,Chaumont,40,665,2.49972,-0.524035,3.80966
Basel,Olten,41,42,1.55597,-0.525479,2.3736
Basel,Offenburg,41,61,2.21965,-0.526131,3.38747
Basel,Zürich,41,399,1.83413,-0.523804,2.79486
Basel,Waldshut,41,666,2.17514,-0.523074,3.31289
Olten,Bern,42,43,1.58524,-0.525507,2.41829
Olten,Lucerne,42,62,0.979377,-0.524796,1.49335
Bern,Lausanne,43,44,1.3068,-0.523337,1.9907
Bern,Belfort,43,398,1.61565,-0.525682,2.46496
Bern,Martigny,43,506,0.936492,-0.517821,1.42143
Lausanne,Geneva,44,45,1.08081,-0.511373,1.6335
Lausanne,Martigny,44,506,0.821748,-0.515167,1.24509
Geneva,Mont Blanc,45,46,1.22632,-0.507888,1.84916
Geneva,Chambéry,45,447,1.38388,-0.505281,2.08313
Geneva,Mâcon,45,677,2.10426,-0.512732,3.18318
Mont Blanc,Aosta,46,47,0.731889,-0.504556,1.10117
Aosta,Ivrea,47,48,0.675641,-0.492891,1.00866
Aosta,Martigny,47,506,0.90052,-0.495331,1.34657
Ivrea,Vercelli,48,49,0.286263,-0.481044,0.423969
Ivrea,Turin,48,449,0.431663,-0.47763,0.637839
Vercelli,Alessandria,49,50,0.257815,-0.464941,0.377684
Alessandria,Genoa,50,51,0.347183,-0.451342,0.503882
Alessandria,Turin,50,449,0.324225,-0.465923,0.475289
Alessandria,Tortona,50,450,0.241175,-0.454582,0.350809
Alessandria,Asti,50,686,0.310096,-0.455934,0.451479
Genoa,Rome,51,74,0.719759,-0.440865,1.03708
Genoa,Tortona,51,450,0.401714,-0.445352,0.580619
Genoa,Nice,51,467,0.562856,-0.454397,0.818616
Amsterdam,Utrecht,52,53,1.27164,-0.520426,1.93343
Amsterdam,Amersfoort,52,309,0.736161,-0.522712,1.12096
Amsterdam,Brussels,52,326,3.11143,-0.523108,4.73904
Amsterdam,Groningen,52,624,1.31917,-0.52209,2.00789
Utrecht,Arnhem,53,54,0.970654,-0.518457,1.4739
Utrecht,Gouda,53,308,0.789929,-0.517445,1.19867
Utrecht,Amersfoort,53,309,0.734032,-0.518022,1.11428
Utrecht,Gorinchem,53,707,0.933315,-0.518215,1.41697
Arnhem,Emmerich,54,55,0.873833,-0.520659,1.3288
Emmerich,Oberhausen,55,56,1.68695,-0.522906,2.56906
Oberhausen,Cologne,56,57,2.87399,-0.525494,4.38425
Oberhausen,Dortmund,56,508,2.03776,-0.523704,3.10494
Oberhausen,Venlo,56,643,1.9299,-0.522076,2.93745
Cologne,Frankfurt am Main,57,58,3.29872,-0.529336,5.04486
Cologne,Aachen,57,329,2.88564,-0.529378,4.41323
Cologne,Olpe,57,330,2.04903,-0.527879,3.13066
Cologne,Bremen,57,507,3.05419,-0.524571,4.65632
Frankfurt am Main,Heidelberg,58,59,2.93801,-0.531424,4.49934
Frankfurt am Main,Gießen,58,332,2.08947,-0.530962,3.19891
Frankfurt am Main,Mannheim,58,369,3.39031,-0.530886,5.19018
Frankfurt am Main,Aschaffenburg,58,509,2.46084,-0.530072,3.76526
Frankfurt am Main,Wiesbaden,58,656,2.39017,-0.531951,3.66162
Heidelberg,Karlsruhe,59,60,2.49683,-0.530144,3.82051
Karlsruhe,Offenburg,60,61,2.17819,-0.526453,3.3249
Karlsruhe,Stuttgart,60,510,3.03281,-0.52699,4.63107
Karlsruhe,Appenweier,60,664,2.29997,-0.528906,3.51644
Lucerne,Altdorf,62,63,0.721731,-0.523062,1.09924
Altdorf,Gotthard Pass,63,64,0.51174,-0.519672,0.777678
Altdorf,Zürich,63,399,0.956053,-0.522266,1.45537
Gotthard Pass,Bellinzona,64,65,0.266253,-0.51087,0.402273
Bellinzona,Lugano,65,66,0.148655,-0.491368,0.221699
Bellinzona,San Bernardino,65,516,0.157427,-0.500914,0.236285
Lugano,Chiasso,66,67,0.111393,-0.465405,0.163235
Chiasso,Como,67,68,0.177816,-0.450478,0.257919
Como,Milan,68,69,0.404445,-0.449673,0.586313
Milan,Piacenza,69,70,0.476104,-0.447941,0.689371
Milan,Turin,69,449,0.514843,-0.46182,0.752607
Milan,Tortona,69,450,0.333774,-0.449252,0.483722
Milan,Brescia,69,451,0.420379,-0.448838,0.609062
Milan,Gravellona Toce,69,680,0.430438,-0.454049,0.625878
Piacenza,Parma,70,71,0.360046,-0.44423,0.519989
Parma,Modena,71,72,0.563875,-0.443667,0.814048
Modena,Florence,72,73,0.67086,-0.440746,0.96654
Modena,Verona,72,94,0.754252,-0.44569,1.09042
Modena,Bologna,72,95,0.649998,-0.442602,0.937689
Florence,Rome,73,74,0.613587,-0.437977,0.882324
Rome,Pescara,74,125,0.614127,-0.434382,0.880893
Östersund,Mora,75,76,0.148665,-0.347473,0.200322
Östersund,Trondheim,75,493,0.176768,-0.347826,0.238253
Östersund,Sundsvall,75,610,0.187336,-0.345952,0.252145
Mora,Säffle,76,77,0.108353,-0.34768,0.146025
Säffle,Gothenburg,77,78,0.143385,-0.347325,0.193186
Gothenburg,Halmstad,78,300,0.13788,-0.346297,0.185628
Gothenburg,Örebro,78,301,0.149039,-0.346363,0.20066
Gothenburg,Oslo,78,489,0.125735,-0.347859,0.169474
Hamburg,Hanover,79,80,1.91582,-0.520686,2.91336
Hamburg,Berlin,79,108,2.10773,-0.518651,3.20091
Hamburg,Bremen,79,507,2.38351,-0.522007,3.62772
Hamburg,Lübeck,79,517,1.10027,-0.519807,1.67219
Hanover,Göttingen,80,81,1.31854,-0.523167,2.00836
Hanover,Bad Oeynhausen,80,312,1.51526,-0.522981,2.30771
Hanover,Braunschweig,80,313,1.42188,-0.519791,2.16096
Göttingen,Kassel,81,82,1.18407,-0.525226,1.80598
Kassel,Fulda,82,83,1.58594,-0.527431,2.42242
Kassel,Dortmund,82,508,1.85126,-0.525528,2.82414
Fulda,Würzburg,83,84,2.29264,-0.528347,3.50395
Würzburg,Nuremberg,84,85,3.42984,-0.528093,5.24111
Würzburg,Aschaffenburg,84,509,3.00992,-0.528951,4.60201
Würzburg,Stuttgart,84,510,2.39511,-0.529789,3.66401
Würzburg,Ulm,84,512,1.58174,-0.525683,2.41324
Nuremberg,Munich,85,86,2.98728,-0.521904,4.54636
Nuremberg,Heilbronn,85,370,3.08322,-0.528,4.71116
Nuremberg,Rozvadov,85,371,2.46323,-0.524129,3.75428
Nuremberg,Bayreuth,85,529,3.29656,-0.524405,5.02528
Nuremberg,Regensburg,85,667,2.33693,-0.524813,3.56338
Munich,Rosenheim,86,87,2.19366,-0.515581,3.32467
Munich,Salzburg,86,115,2.62628,-0.514811,3.97832
Munich,Ulm,86,512,2.16214,-0.520654,3.28786
Munich,Lindau,86,513,2.42468,-0.515784,3.67529
Munich,Deggendorf,86,531,2.36925,-0.519496,3.60007
Munich,Garmisch-Partenkirchen,86,718,2.12401,-0.515996,3.21999
Munich,Braunau am Inn,86,721,1.87447,-0.518052,2.84555
Rosenheim,Wörgl,87,88,1.48213,-0.511991,2.24097
Rosenheim,Bad Reichenhall,87,407,1.17398,-0.513431,1.77674
Wörgl,Innsbruck,88,89,1.44021,-0.506908,2.17027
Wörgl,St. Johann in Tirol,88,732,1.06915,-0.509425,1.6138
Innsbruck,Brenner,89,90,0.8606,-0.501697,1.29236
Innsbruck,Telfs,89,405,0.743816,-0.504715,1.11923
Innsbruck,Imst,89,406,0.759612,-0.504856,1.14311
Innsbruck,Seefeld,89,720,0.874686,-0.504976,1.31638
Brenner,Fortezza,90,91,0.54103,-0.495651,0.809192
Fortezza,Bolzano,91,92,0.390452,-0.482508,0.578849
Fortezza,Innichen,91,681,0.475708,-0.496265,0.711785
Bolzano,Trento,92,93,0.349722,-0.460953,0.510927
Trento,Verona,93,94,0.631401,-0.449568,0.915259
Verona,Mestre,94,120,0.897135,-0.449895,1.30075
Verona,Brescia,94,451,0.678802,-0.446316,0.981763
Bologna,Cesena,95,96,0.555884,-0.443247,0.802279
Cesena,Perugia,96,97,0.386185,-0.443816,0.557581
Cesena,Ravenna,96,121,0.565462,-0.446676,0.818041
Cesena,Rimini,96,122,0.401586,-0.443132,0.579541
Perugia,Fiano Romano,97,98,0.160603,-0.442659,0.231695
Fiano Romano,Naples,98,99,0.0772039,-0.439129,0.111106
Naples,Salerno,99,100,0.0211214,-0.432795,0.0302626
Naples,Avellino,99,741,0.032692,-0.425685,0.0466084
Salerno,Sicignano degli Alburni,100,101,0.0135839,-0.410025,0.0191536
Salerno,Avellino,100,741,0.0180235,-0.409372,0.0254018
Sicignano degli Alburni,Potenza,101,743,0.00768276,-0.395025,0.0107176
Messina,Catania,102,103,0.000157371,0,0.000157371
Messina,Palermo,102,474,0.000157371,0,0.000157371
Catania,Siracusa,103,104,0.000157371,0,0.000157371
Siracusa,Gela,104,105,0.000157371,0,0.000157371
Gela,Mazara del Vallo,105,473,0.000157371,0,0.000157371
Helsingborg,Copenhagen,299,106,0.0312007,-0.342192,0.0418773
Copenhagen,Malmö,106,135,0.016148,-0.339625,0.0216323
Rostock,Berlin,107,108,1.59351,-0.517335,2.41789
Rostock,Lübeck,107,517,0.795938,-0.518196,1.20839
Rostock,Sassnitz,107,625,0.674279,-0.517217,1.02303
Berlin,Lübbenau,108,109,2.38894,-0.517115,3.6243
Berlin,Szczecin,108,137,1.89095,-0.51719,2.86893
Berlin,Świebodzin,108,139,2.25349,-0.517568,3.41983
Berlin,Magdeburg,108,314,2.37782,-0.518115,3.6098
Berlin,Leipzig,108,526,2.10883,-0.517277,3.19968
Berlin,Neubrandenburg,108,700,1.46999,-0.517304,2.23042
Lübbenau,Dresden,109,110,1.76079,-0.516885,2.67091
Lübbenau,Cottbus,109,644,1.30936,-0.516587,1.98576
Dresden,Ústí nad Labem,110,111,1.79294,-0.517387,2.72059
Dresden,Chemnitz,110,337,2.00792,-0.517048,3.04611
Dresden,Görlitz,110,338,1.29114,-0.516677,1.95824
Ústí nad Labem,Prague,111,112,2.01478,-0.51814,3.05872
Prague,Tábor,112,113,1.96226,-0.517631,2.97798
Prague,Mladá Boleslav,112,146,1.13271,-0.518681,1.72022
Prague,Jihlava,112,147,1.98781,-0.517297,3.0161
Prague,Plzeň,112,372,2.19149,-0.519389,3.32973
Prague,Karlovy Vary,112,523,1.35088,-0.518789,2.05169
Prague,Hradec Králové,112,551,1.47366,-0.518119,2.2372
Tábor,Linz,113,114,1.73766,-0.517145,2.63629
Linz,Salzburg,114,115,1.85661,-0.514245,2.81136
Linz,Sattledt,114,408,0.747033,-0.516272,1.1327
Linz,Sankt Pölten,114,409,1.75335,-0.515656,2.65748
Linz,Wels,114,669,1.3123,-0.51725,1.99109
Salzburg,Villach,115,116,2.8467,-0.508001,4.29282
Salzburg,Bad Reichenhall,115,407,1.43812,-0.512078,2.17456
Salzburg,Sattledt,115,408,1.50212,-0.513426,2.27334
Salzburg,Lofer,115,733,1.71963,-0.511824,2.59977
Villach,Tarvisio,116,117,1.50527,-0.504543,2.26474
Villach,Karavanke Tunnel,116,537,1.28716,-0.504955,1.93711
Villach,Spittal an der Drau,116,682,1.46113,-0.506193,2.20075
Villach,Klagenfurt,116,683,1.5629,-0.506758,2.35491
Tarvisio,Udine,117,118,0.763167,-0.495083,1.141
Udine,Palmanova,118,119,0.776729,-0.477037,1.14726
Palmanova,Mestre,119,120,0.972145,-0.462074,1.42135
Palmanova,Trieste,119,452,0.936512,-0.47207,1.37861
Mestre,Ravenna,120,121,0.681523,-0.450791,0.988748
Rimini,Fano,122,123,0.204523,-0.439308,0.294372
Fano,Ancona,123,124,0.187158,-0.432862,0.268171
Ancona,Pescara,124,125,0.331819,-0.430661,0.47472
Pescara,Canosa di Puglia,125,126,0.363388,-0.42815,0.518972
Canosa di Puglia,Bari,126,127,0.12234,-0.419772,0.173695
Canosa di Puglia,Benevento,126,742,0.125242,-0.421018,0.177971
Bari,Brindisi,127,128,0.0337839,-0.41509,0.0478072
Bari,Taranto,127,476,0.0321792,-0.413856,0.0454967
Brindisi,Taranto,128,476,0.00837941,-0.401525,0.011744
Igoumenitsa,Preveza,129,130,0.0273379,-0.377399,0.0376552
Igoumenitsa,Ioannina,129,477,0.0596692,-0.390996,0.0829997
Preveza,Rhion,130,131,0.0156411,-0.346483,0.0210605
Rhion,Patras,131,132,0.00717701,-0.29802,0.0093159
Rhion,Aigio,131,175,0.00717701,-0.29802,0.0093159
Patras,Pyrgos,132,133,0.00371101,-0.268408,0.00470707
Pyrgos,Kalamata,133,134,0.00223714,-0.23817,0.00276996
Kalamata,Tripoli,134,177,0.00182891,-0.223211,0.00223714
Malmö,Helsingborg,135,299,0.0430592,-0.341629,0.0577695
Malmö,Kalmar,135,626,0.0412226,-0.340407,0.055255
Goleniów,Szczecin,136,137,0.806634,-0.516892,1.22358
Goleniów,Koszalin,136,637,0.346271,-0.517181,0.525355
Szczecin,Gorzów Wielkopolski,137,138,0.85706,-0.517136,1.30028
Gorzów Wielkopolski,Świebodzin,138,139,1.02197,-0.517871,1.55123
Świebodzin,Zielona Góra,139,140,1.35039,-0.517795,2.04962
Świebodzin,Poznań,139,315,2.10651,-0.519822,3.20152
Zielona Góra,Legnica,140,141,1.3539,-0.517747,2.05488
Legnica,Jelenia Góra,141,142,1.22549,-0.516415,1.85835
Legnica,Görlitz,141,338,1.36072,-0.516635,2.06372
Legnica,Wrocław,141,339,2.05199,-0.517519,3.11393
Legnica,Cottbus,141,644,1.36202,-0.516625,2.06567
Jelenia Góra,Harrachov,142,143,0.529954,-0.515905,0.80336
Harrachov,Železný Brod,143,144,0.381232,-0.516251,0.578043
Železný Brod,Turnov,144,145,0.626131,-0.51738,0.950079
Turnov,Mladá Boleslav,145,146,0.665,-0.518242,1.00963
Turnov,Hradec Králové,145,551,0.940698,-0.517745,1.42774
Turnov,Teplice,145,715,0.806023,-0.518676,1.22409
Jihlava,Brno,147,148,1.01598,-0.515881,1.5401
Jihlava,Vienna,147,410,1.63994,-0.515961,2.48609
Brno,Bratislava,148,149,1.44176,-0.515537,2.18504
Brno,Trenčín,148,373,1.40928,-0.516729,2.13749
Brno,Vienna,148,410,1.66157,-0.513917,2.51548
Brno,Olomouc,148,716,1.41834,-0.516714,2.15121
Bratislava,Rajka,149,150,1.5627,-0.513946,2.36585
Bratislava,Žilina,149,195,1.62564,-0.51559,2.46381
Bratislava,Győr,149,196,1.63777,-0.512606,2.47729
Bratislava,Vienna,149,410,2.27198,-0.509451,3.42945
Bratislava,Zvolen,149,568,2.16395,-0.515098,3.2786
Bratislava,Dunajská Streda,149,724,1.34085,-0.513994,2.03004
Rajka,Csorna,150,151,0.620635,-0.513542,0.939357
Csorna,Szombathely,151,152,0.316011,-0.509365,0.476975
Szombathely,Zalaegerszeg,152,153,0.333316,-0.500511,0.500145
Zalaegerszeg,Nagykanizsa,153,154,0.684279,-0.495776,1.02353
Nagykanizsa,Letenye,154,155,0.429582,-0.494659,0.642079
Nagykanizsa,Zagreb,154,156,0.979343,-0.486825,1.45611
Nagykanizsa,Balatonvilágos,154,553,1.33427,-0.499595,2.00087
Letenye,Zagreb,155,156,0.549761,-0.480703,0.814033
Zagreb,Karlovac,156,157,0.814397,-0.479307,1.20474
Zagreb,Ljubljana,156,454,0.77625,-0.481583,1.15008
Zagreb,Slavonski Brod,156,455,0.984868,-0.466614,1.44442
Zagreb,Maribor,156,535,0.899756,-0.486467,1.33746
Karlovac,Rijeka,157,158,0.369023,-0.476359,0.544811
Karlovac,Knin,157,554,0.295983,-0.476227,0.436938
Rijeka,Split,158,159,0.25663,-0.472248,0.377824
Rijeka,Trieste,158,452,0.636445,-0.475982,0.939381
Split,Dubrovnik,159,160,0.201043,-0.459372,0.293397
Split,Knin,159,554,0.18359,-0.470401,0.269951
Dubrovnik,Petrovac,160,161,0.0706401,-0.449641,0.102403
Dubrovnik,Podgorica,160,162,0.168287,-0.44026,0.242377
Petrovac,Podgorica,161,162,0.117379,-0.433695,0.168285
Petrovac,Prizren,161,744,0.106165,-0.436567,0.152513
Podgorica,Bijelo Polje,162,163,0.178657,-0.434722,0.256323
Podgorica,Pristina,162,164,0.24662,-0.436678,0.354314
Podgorica,Sarajevo,162,737,0.30745,-0.433745,0.440805
Bijelo Polje,Pristina,163,164,0.248076,-0.436904,0.356462
Bijelo Polje,Nova Varoš,163,740,0.264162,-0.438471,0.379989
Pristina,Skopje,164,165,0.340889,-0.435225,0.489252
Pristina,Niš,164,202,0.635362,-0.441882,0.916117
Pristina,Prizren,164,744,0.2049,-0.43665,0.29437
Skopje,Kičevo,165,166,0.239837,-0.431973,0.343441
Skopje,Kumanovo,165,203,0.331381,-0.43715,0.476244
Skopje,Veles,165,204,0.258241,-0.429852,0.369246
Kičevo,Ohrid,166,167,0.101708,-0.428739,0.145314
Ohrid,Bitola,167,168,0.0507907,-0.420876,0.0721673
Bitola,Niki,168,169,0.0426268,-0.407301,0.0599887
Niki,Vevi,169,170,0.0691866,-0.39978,0.0968461
Vevi,Kozani,170,171,0.151065,-0.398882,0.211323
Kozani,Larissa,171,172,0.102372,-0.398785,0.143197
Kozani,Thessaloniki,171,207,0.32821,-0.400757,0.459742
Kozani,Ioannina,171,477,0.12527,-0.397801,0.175103
Larissa,Domokos,172,173,0.0457854,-0.398232,0.0640187
Larissa,Lamia,172,174,0.0457854,-0.398232,0.0640187
Larissa,Katerini,172,208,0.129175,-0.399927,0.180836
Larissa,Trikala,172,687,0.0655869,-0.39705,0.0916282
Domokos,Lamia,173,174,6.60705e-05,-0.46475,3.30352e-05
Aigio,Corinth,175,176,0.00371101,-0.268408,0.00470707
Corinth,Tripoli,176,177,0.00223714,-0.23817,0.00276996
Varangerbotn,Utsjoki,178,179,0.0664289,-0.494649,0.099288
Varangerbotn,Kirkenes,178,243,0.153623,-0.517647,0.233145
Varangerbotn,Karasjok,178,502,0.0643936,-0.500834,0.0966441
Utsjoki,Inari,179,180,0.0310889,-0.451864,0.0451368
Inari,Ivalo,180,181,0.0238447,-0.373263,0.032745
Ivalo,Sodankylä,181,182,0.0344011,-0.322877,0.0455085
Sodankylä,Rovaniemi,182,183,0.0514333,-0.311564,0.067458
Sodankylä,Kemijärvi,182,539,0.0321246,-0.309659,0.0420723
Rovaniemi,Kemi,183,184,0.0734211,-0.314603,0.0965196
Kemi,Oulu,184,185,0.0999803,-0.322777,0.132252
Kemi,Tornio,184,614,0.075718,-0.318091,0.0998032
Oulu,Jyväskylä,185,186,0.0900096,-0.329603,0.119677
Oulu,Kokkola,185,615,0.0681239,-0.333782,0.0908624
Jyväskylä,Heinola,186,187,0.0902161,-0.358752,0.122581
Jyväskylä,Kuopio,186,544,0.0789246,-0.34595,0.106228
Jyväskylä,Tampere,186,545,0.0937499,-0.361457,0.127636
Heinola,Lahti,187,188,0.0687125,-0.392964,0.0957141
Lahti,Helsinki,188,189,0.101212,-0.427475,0.144478
Helsinki,Hämeenlinna,189,618,0.102962,-0.423396,0.146555
Helsinki,Kotka,189,621,0.179793,-0.489012,0.267714
Gdańsk,Świecie,190,191,1.57859,-0.523052,2.40427
Gdańsk,Kaliningrad,190,563,1.18424,-0.52684,1.80814
Gdańsk,Elbląg,190,564,1.33679,-0.525303,2.03901
Gdańsk,Gdynia,190,639,0.959856,-0.523756,1.46259
Świecie,Łódź,191,192,1.13038,-0.521606,1.72
Świecie,Poznań,191,315,1.49853,-0.522698,2.2818
Łódź,Piotrków Trybunalski,192,193,1.29012,-0.522548,1.96428
Piotrków Trybunalski,Katowice,193,194,1.543,-0.521486,2.34766
Piotrków Trybunalski,Warsaw,193,316,2.16807,-0.526604,3.30978
Piotrków Trybunalski,Wrocław,193,339,1.56693,-0.520417,2.38239
Katowice,Žilina,194,195,1.31388,-0.517748,1.99414
Katowice,Zabrze,194,342,1.14143,-0.518254,1.73298
Katowice,Kraków,194,343,1.74352,-0.519077,2.64855
Katowice,Český Těšín,194,717,0.909174,-0.518462,1.38055
Žilina,Olomouc,195,716,0.804027,-0.516812,1.21956
Győr,Budapest,196,197,2.32245,-0.5089,3.50434
Győr,Vámosszabadi,196,726,1.02943,-0.511914,1.55641
Budapest,Szeged,197,198,2.65837,-0.496729,3.97886
Budapest,Mosonmagyaróvár,197,412,2.49461,-0.508441,3.76297
Budapest,Szolnok,197,413,2.54877,-0.503618,3.83237
Budapest,Miskolc,197,552,2.50266,-0.509502,3.77778
Budapest,Balatonvilágos,197,553,2.288,-0.502631,3.43803
Budapest,Szekszárd,197,555,2.03949,-0.506023,3.07152
Budapest,Zvolen,197,568,2.28101,-0.50885,3.44171
Szeged,Subotica,198,199,1.57165,-0.496455,2.3519
Szeged,Arad,198,684,2.08587,-0.488709,3.10526
Subotica,Novi Sad,199,200,1.00607,-0.478771,1.48775
Subotica,Sombor,199,735,0.850631,-0.491456,1.26868
Novi Sad,Belgrade,200,201,1.05382,-0.468471,1.5475
Belgrade,Niš,201,202,0.973821,-0.455101,1.41701
Belgrade,Slavonski Brod,201,455,0.977039,-0.461059,1.42751
Belgrade,Vršac,201,456,0.918357,-0.45907,1.33995
Belgrade,Čačak,201,739,0.843312,-0.452812,1.22517
Niš,Kumanovo,202,203,0.444664,-0.445475,0.642751
Niš,Drobeta-Turnu Severin,202,458,0.981977,-0.448639,1.42253
Niš,Sofia,202,468,0.805355,-0.44162,1.16102
Kumanovo,Kyustendil,203,745,0.301796,-0.439296,0.434374
Veles,Gevgelija,204,205,0.153318,-0.419708,0.217667
Gevgelija,Evzoni,205,206,0.177092,-0.407239,0.249211
Evzoni,Thessaloniki,206,207,0.345105,-0.402537,0.484022
Thessaloniki,Katerini,207,208,0.23615,-0.401377,0.330936
Thessaloniki,Alexandroupoli,207,233,0.497837,-0.398477,0.696214
Thessaloniki,Serres,207,577,0.397526,-0.407408,0.559482
Klaipėda,Kaunas,209,210,1.62864,-0.539828,2.50783
Klaipėda,Palanga,209,704,0.948068,-0.540475,1.46047
Kaunas,Vilnius,210,211,1.80679,-0.540324,2.78304
Kaunas,Warsaw,210,316,3.58421,-0.535253,5.50267
Kaunas,Riga,210,547,2.37135,-0.541774,3.65609
Kaunas,Ukmergė,210,701,1.51764,-0.54045,2.33785
Vilnius,Lida,211,212,1.6693,-0.54299,2.57572
Vilnius,Minsk,211,318,3.43164,-0.542469,5.2932
Vilnius,Marijampolė,211,641,1.75207,-0.542746,2.703
Vilnius,Ukmergė,211,701,1.74898,-0.543463,2.69948
Lida,Slonim,212,213,0.654061,-0.542275,1.00874
Slonim,Kobryn,213,214,0.348183,-0.536254,0.534897
Kobryn,Dubno,214,215,0.415733,-0.526349,0.634554
Dubno,Ternopil,215,216,0.920926,-0.522552,1.40216
Ternopil,Chernivtsi,216,217,1.06262,-0.519476,1.61462
Ternopil,Stryj,216,379,1.51321,-0.519343,2.29909
Ternopil,Khmelnytskyi,216,380,1.2804,-0.525929,1.9538
Chernivtsi,Siret,217,218,0.840665,-0.512451,1.27147
Siret,Suceava,218,219,1.48031,-0.507223,2.23116
Suceava,Roman,219,220,1.49996,-0.502226,2.25328
Suceava,Halmeu,219,578,2.31207,-0.505909,3.48178
Suceava,Iaşi,219,670,1.95096,-0.508034,2.94211
Roman,Urziceni,220,221,0.884909,-0.488259,1.31697
Urziceni,Bucharest,221,222,0.701884,-0.465752,1.02879
Urziceni,Slobozia,221,421,0.556639,-0.468767,0.817572
Bucharest,Giurgiu,222,223,0.420766,-0.441992,0.606742
Bucharest,Ploieşti,222,420,0.355203,-0.45291,0.516079
Bucharest,Constanţa,222,423,0.536529,-0.447533,0.776644
Bucharest,Alexandria,222,460,0.414789,-0.454162,0.60317
Bucharest,Piteşti,222,583,0.447311,-0.454676,0.650693
Giurgiu,Ruse,223,224,0.237443,-0.429509,0.339426
Ruse,Byala,224,225,0.139734,-0.413191,0.197471
Ruse,Razgrad,224,461,0.128675,-0.413811,0.181921
Byala,Veliko Tarnovo,225,226,0.116302,-0.406614,0.163592
Byala,Pleven,225,584,0.11233,-0.411928,0.158601
Veliko Tarnovo,Stara Zagora,226,227,0.131805,-0.408053,0.185588
Veliko Tarnovo,Shumen,226,462,0.124673,-0.405936,0.175282
Stara Zagora,Haskovo,227,228,0.0841455,-0.398518,0.117679
Stara Zagora,Burgas,227,590,0.114892,-0.404238,0.161336
Haskovo,Svilengrad,228,229,0.0428447,-0.392454,0.0596592
Svilengrad,Ormenio,229,230,0.0351729,-0.390384,0.0489039
Ormenio,Kastanies,230,231,0.0549631,-0.392183,0.0765187
Kastanies,Didymoteicho,231,232,0.117865,-0.393919,0.164294
Didymoteicho,Alexandroupoli,232,233,0.273624,-0.395221,0.381766
Alexandroupoli,Gelibolu,233,478,0.333852,-0.394446,0.465539
Saint Petersburg,Pskov,234,235,3.39015,-0.542067,5.22785
Saint Petersburg,Moscow,234,239,6.52562,-0.54081,10.0547
Saint Petersburg,Petrozavodsk,234,245,2.26809,-0.531929,3.47455
Saint Petersburg,Narva,234,304,2.58055,-0.540637,3.97569
Saint Petersburg,Vyborg,234,623,2.26844,-0.531899,3.47503
Pskov,Gomel,235,236,4.44624,-0.543107,6.86103
Pskov,Riga,235,547,3.17735,-0.543739,4.905
Gomel,Kiev,236,237,6.32306,-0.540712,9.74201
Gomel,Babruysk,236,703,3.7143,-0.543567,5.73328
Kiev,Odessa,237,238,4.86653,-0.530724,7.44931
Kiev,Hlukhiv,237,242,5.66574,-0.541957,8.73632
Kiev,Kharkiv,237,247,5.64975,-0.53762,8.68717
Kiev,Rivne,237,348,4.11048,-0.539698,6.32889
Kiev,Zhytomyr,237,349,3.3031,-0.537443,5.07833
Odessa,Izmail,238,586,1.69942,-0.520367,2.58375
Odessa,Chişinău,238,672,2.0249,-0.518866,3.07555
Odessa,Mykolaiv,238,673,1.94647,-0.522824,2.96414
Moscow,Kaluga,239,240,4.59466,-0.545204,7.09968
Moscow,Orel,239,246,5.00585,-0.541867,7.71836
Moscow,Voronezh,239,248,5.69548,-0.528335,8.7046
Moscow,Tambov,239,256,4.61965,-0.538741,7.10845
Moscow,Smolensk,239,319,5.01201,-0.542094,7.72898
Moscow,Ryazan,239,320,4.22588,-0.528524,6.45936
Moscow,Velikiye Luki,239,628,4.44751,-0.542104,6.85852
Moscow,Vladimir,239,629,4.31766,-0.536251,6.633
Kaluga,Bryansk,240,241,2.46786,-0.549522,3.824
Bryansk,Hlukhiv,241,242,3.05334,-0.548637,4.72852
Hlukhiv,Kursk,242,645,3.29136,-0.547073,5.09198
Kirkenes,Murmansk,243,244,0.327867,-0.527408,0.500787
Murmansk,Petrozavodsk,244,245,0.847951,-0.530721,1.29798
Orel,Kharkiv,246,247,3.76878,-0.542139,5.81199
Kharkiv,Luhansk,247,350,3.03075,-0.541802,4.67282
Voronezh,Novorossiysk,248,249,3.58298,-0.533166,5.4933
Voronezh,Kursk,248,645,3.27412,-0.543232,5.05273
Voronezh,Saratov,248,646,3.2207,-0.519181,4.89283
Novorossiysk,Dzhankoy,249,601,1.45049,-0.52829,2.21676
Novorossiysk,Sochi,249,602,1.40797,-0.528894,2.15263
Mineralnye Vody,Nalchik,250,251,0.235003,-0.479753,0.347746
Mineralnye Vody,Makhachkala,250,260,0.512978,-0.490342,0.764513
Mineralnye Vody,Armavir,250,387,0.273194,-0.48164,0.404775
Nalchik,Vladikavkaz,251,252,0.0930436,-0.469787,0.136754
Vladikavkaz,Stepantsminda,252,253,0.0385057,-0.451627,0.0558959
Stepantsminda,Mtskheta,253,254,0.0187482,-0.414124,0.0265123
Mtskheta,Tbilisi,254,255,0.0145189,-0.365394,0.0198241
Tbilisi,Gori,255,428,0.0105553,-0.338706,0.0141305
Tbilisi,Rustavi,255,429,0.0135351,-0.365475,0.0184818
Tambov,Povorino,256,257,2.07625,-0.540598,3.19867
Povorino,Volgograd,257,258,1.77769,-0.535563,2.72975
Volgograd,Astrakhan,258,259,2.12967,-0.518076,3.23301
Volgograd,Luhansk,258,350,2.05637,-0.536963,3.16056
Astrakhan,Makhachkala,259,260,1.52599,-0.502538,2.29285
Astrakhan,Atyrau,259,265,2.2093,-0.491736,3.2957
Makhachkala,Kuba,260,261,0.500613,-0.494059,0.747945
Kuba,Baku,261,262,0.193362,-0.490266,0.288161
Baku,Yevlakh,262,431,0.0757092,-0.483057,0.112281
Samara,Oral,263,264,2.26066,-0.467591,3.31772
Samara,Penza,263,321,1.69549,-0.496135,2.53669
Samara,Ufa,263,322,1.58275,-0.480044,2.34254
Oral,Atyrau,264,265,2.48305,-0.467355,3.64351
Oral,Saratov,264,646,2.58627,-0.494589,3.86541
Oral,Aktobe,264,647,1.69025,-0.461571,2.47042
Atyrau,Beineu,265,266,1.07168,-0.4716,1.57708
Atyrau,Beyneu,265,351,1.07168,-0.4716,1.57708
Beineu,Shetpe,266,267,0.420236,-0.471909,0.618549
Shetpe,Zhetybai,267,268,0.165418,-0.471201,0.243363
Zhetybai,Fetisovo,268,269,0.0664909,-0.46801,0.0976093
Fetisovo,Bekdash,269,270,0.0298005,-0.449681,0.0432012
Bekdash,Türkmenbaşy,270,271,0.0199116,-0.399876,0.0278738
Türkmenbaşy,Gyzylarbat,271,272,0.0259471,-0.354581,0.0351474
Gyzylarbat,Ashgabat,272,432,0.0503831,-0.346143,0.0678229
Chelyabinsk,Kostanay,273,274,0.347357,-0.464957,0.508863
Chelyabinsk,Ufa,273,322,0.722324,-0.470734,1.06235
Chelyabinsk,Kurgan,273,323,0.393969,-0.460443,0.575369
Kostanay,Esil,274,275,0.157744,-0.457552,0.22992
Esil,Derzhavinsk,275,276,0.112484,-0.439072,0.161872
Derzhavinsk,Arkalyk,276,277,0.166,-0.423285,0.236265
Arkalyk,Jezkazgan,277,278,0.360047,-0.418717,0.510805
Jezkazgan,Kyzylorda,278,279,0.566512,-0.418163,0.803407
Jezkazgan,Karaganda,278,286,0.536879,-0.417347,0.760944
Kyzylorda,Shymkent,279,280,0.55197,-0.413484,0.780201
Kyzylorda,Novokazalinsk,279,650,0.394811,-0.424308,0.562332
Shymkent,Tashkent,280,281,0.456759,-0.405852,0.642136
Shymkent,Zhambyl,280,359,0.370549,-0.402757,0.519791
Tashkent,Ayni,281,282,0.177238,-0.391791,0.246679
Tashkent,Jizzakh,281,358,0.221916,-0.399971,0.310675
Tashkent,Kokand,281,689,0.178098,-0.400187,0.24937
Ayni,Dushanbe,282,283,0.147353,-0.379244,0.203236
Ayni,Kokand,282,689,0.0717164,-0.383337,0.099208
Dushanbe,Termez,283,440,0.0856276,-0.366748,0.117031
Dushanbe,Jirgatal,283,441,0.0864035,-0.368831,0.118272
Dushanbe,Kulob,283,692,0.0633844,-0.368531,0.0867435
Ishim,Astana,284,285,0.22755,-0.425834,0.324448
Ishim,Omsk,284,291,0.22755,-0.425834,0.324448
Ishim,Kurgan,284,323,0.306295,-0.443709,0.4422
Ishim,Tyumen,284,635,0.219469,-0.435141,0.314969
Astana,Karaganda,285,286,0.265633,-0.418642,0.376839
Karaganda,Balkhash,286,287,0.328455,-0.414244,0.464516
Karaganda,Pavlodar,286,292,0.319476,-0.41809,0.453045
Balkhash,Burubaytal,287,288,0.203811,-0.407113,0.286785
Burubaytal,Almaty,288,289,0.245114,-0.398973,0.342908
Almaty,Bishkek,289,290,0.383253,-0.39526,0.534738
Almaty,Sary-Ozek,289,360,0.184473,-0.395201,0.257377
Almaty,Kokpek,289,695,0.151171,-0.395503,0.21096
Bishkek,Zhambyl,290,359,0.339145,-0.39769,0.47402
Bishkek,Osh,290,691,0.350433,-0.392509,0.487981
Omsk,Pavlodar,291,292,0.186921,-0.419889,0.265407
Pavlodar,Semey,292,293,0.162341,-0.416665,0.229983
Semey,Georgiyevka,293,294,0.0682542,-0.414228,0.096527
Georgiyevka,Ayagoz,294,364,0.0307131,-0.409912,0.0433027
Narvik,Kiruna,295,296,0.0146985,-0.334767,0.0196191
Narvik,Setermoen,295,498,0.00719804,-0.338066,0.00963145
Kiruna,Töre,296,297,0.0320402,-0.335135,0.0427779
Töre,Luleå,297,298,0.0708573,-0.335787,0.0946503
Luleå,Umeå,298,612,0.120549,-0.338772,0.161387
Luleå,Haparanda,298,613,0.0799133,-0.332745,0.106504
Helsingborg,Halmstad,299,300,0.0932357,-0.344392,0.125345
Helsingborg,Jönköping,299,605,0.0581256,-0.341369,0.0779678
Örebro,Stockholm,301,302,0.178605,-0.347476,0.240666
Örebro,Karlstad,301,620,0.106091,-0.347824,0.142992
Stockholm,Södertälje,302,608,0.132055,-0.346966,0.177874
Stockholm,Uppsala,302,609,0.156208,-0.347467,0.210485
Tallinn,Narva,303,304,1.51107,-0.542821,2.33131
Tallinn,Riga,303,547,2.08207,-0.5434,3.21346
Colchester,Ipswich,305,306,0.000157371,0,0.000157371
Ipswich,Cambridge,306,636,0.000157371,0,0.000157371
The Hague,Gouda,307,308,0.359534,-0.516819,0.545348
Amersfoort,Oldenzaal,309,310,0.60361,-0.520521,0.917802
Amersfoort,Hoogeveen,309,698,0.563216,-0.520562,0.856404
Oldenzaal,Osnabrück,310,311,0.517095,-0.522205,0.787124
Osnabrück,Bad Oeynhausen,311,312,0.970637,-0.52361,1.47887
Bad Oeynhausen,Dortmund,312,508,1.6604,-0.524955,2.53203
Braunschweig,Magdeburg,313,314,1.32448,-0.518725,2.01151
Magdeburg,Halle,314,518,1.41198,-0.517871,2.14321
Poznań,Warsaw,315,316,2.51968,-0.525875,3.84472
Poznań,Wrocław,315,339,1.51712,-0.520658,2.30702
Warsaw,Elbląg,316,564,1.99373,-0.528058,3.04653
Warsaw,Radom,316,565,2.37221,-0.527978,3.62468
Warsaw,Lublin,316,713,2.79416,-0.530174,4.27555
Brest,Rennes,317,365,0.332909,-0.509137,0.502405
Brest,Lorient,317,388,0.183147,-0.50764,0.276119
Minsk,Smolensk,318,319,3.62783,-0.544701,5.60391
Minsk,Babruysk,318,703,3.26009,-0.544835,5.0363
Ryazan,Penza,320,321,1.94593,-0.521473,2.96069
Ufa,Yelabuga,322,632,0.766401,-0.473839,1.12955
Bruges,Ghent,324,325,1.53692,-0.522382,2.33978
Bruges,Zeebrugge,324,642,1.7292,-0.524572,2.63629
Ghent,Brussels,325,326,2.07692,-0.523111,3.16338
Brussels,Leuven,326,327,2.62353,-0.52573,4.0028
Leuven,Hasselt,327,708,1.69588,-0.528564,2.59226
Eupen,Aachen,328,329,2.02718,-0.530458,3.10252
Eupen,St. Vith,328,653,1.04213,-0.530957,1.59546
Aachen,Heerlen,329,709,1.5952,-0.530367,2.44125
Olpe,Wetzlar,330,331,1.91973,-0.528053,2.93344
Wetzlar,Gießen,331,332,1.90765,-0.529722,2.91817
Wetzlar,Dortmund,331,508,2.68156,-0.52754,4.09618
Wetzlar,Aschaffenburg,331,509,2.055,-0.529159,3.14242
Wetzlar,Koblenz,331,660,2.00352,-0.529758,3.0649
Gießen,Bad Hersfeld,332,333,1.18086,-0.530762,1.80761
Bad Hersfeld,Eisenach,333,334,0.556856,-0.528564,0.851191
Eisenach,Erfurt,334,335,0.521525,-0.521992,0.793756
Erfurt,Gera,335,336,1.03066,-0.518341,1.56489
Gera,Chemnitz,336,337,1.54115,-0.517713,2.33903
Gera,Leipzig,336,526,1.55438,-0.517352,2.35854
Gera,Hirschberg,336,527,1.09031,-0.518033,1.65513
Chemnitz,Plauen,337,519,1.45362,-0.517569,2.20597
Wrocław,Opole,339,340,1.27506,-0.518281,1.9359
Wrocław,Kłodzko,339,548,1.29557,-0.518087,1.96679
Opole,Gliwice,340,341,0.610386,-0.51735,0.926169
Gliwice,Zabrze,341,342,0.577277,-0.517311,0.875909
Kraków,Rzeszów,343,344,0.818139,-0.520012,1.24358
Kraków,Radom,343,565,0.976654,-0.523621,1.48805
Kraków,Trstená,343,566,1.03766,-0.518702,1.57589
Rzeszów,Jarosław,344,345,0.768034,-0.52473,1.17105
Rzeszów,Radom,344,565,0.833565,-0.526133,1.27213
Rzeszów,Barwinek,344,710,0.606973,-0.522661,0.924214
Jarosław,Korczowa,345,346,0.828735,-0.527371,1.26579
Korczowa,Lviv,346,347,1.76354,-0.527943,2.69459
Lviv,Rivne,347,348,2.32288,-0.533438,3.56199
Lviv,Mukachevo,347,378,3.27034,-0.522219,4.97817
Lviv,Lublin,347,713,1.76412,-0.528104,2.69576
Rivne,Zhytomyr,348,349,1.42252,-0.537719,2.18743
Rivne,Kovel,348,714,1.40764,-0.5372,2.16383
Zhytomyr,Vinnytsia,349,381,2.38116,-0.53656,3.6588
Beyneu,Qo‘ng‘irot,351,352,0.430021,-0.469052,0.631723
Qo‘ng‘irot,Nukus,352,353,0.191767,-0.454883,0.278999
Nukus,Daşoguz,353,354,0.127977,-0.416183,0.181238
Daşoguz,Bukhara,354,355,0.0777581,-0.359264,0.105694
Daşoguz,Ashgabat,354,432,0.0880314,-0.358957,0.119631
Daşoguz,Uchkuduk,354,688,0.0476529,-0.378138,0.0656722
Bukhara,Navoiy,355,356,0.0837717,-0.349656,0.113063
Bukhara,Alat,355,436,0.0713503,-0.338035,0.0954692
Bukhara,Karshi,355,437,0.072274,-0.338999,0.0967748
Bukhara,Uchkuduk,355,688,0.0466809,-0.344995,0.0627856
Navoiy,Samarkand,356,357,0.0686375,-0.370367,0.0940585
Samarkand,Jizzakh,357,358,0.104345,-0.392266,0.145277
Sary-Ozek,Taldykorgan,360,361,0.0889908,-0.393461,0.124005
Sary-Ozek,Koktal,360,697,0.0839523,-0.393743,0.117008
Taldykorgan,Ucharal,361,362,0.0393968,-0.39236,0.0548545
Ucharal,Taskesken,362,363,0.0207182,-0.393654,0.028874
Taskesken,Ayagoz,363,364,0.0183512,-0.401303,0.0257156
Rennes,Le Mans,365,366,0.821664,-0.510167,1.24085
Le Mans,Angers,366,391,0.669524,-0.510341,1.01121
Le Mans,Tours,366,392,0.794237,-0.507795,1.19755
Le Mans,Rouen,366,662,1.2439,-0.515632,1.88529
Reims,Charleroi,367,651,1.64501,-0.524243,2.5074
Reims,Charleville-Mézières,367,658,1.50933,-0.523627,2.29966
Reims,Rouen,367,662,1.74671,-0.520171,2.6553
Saarbrücken,Mannheim,368,369,2.794,-0.530096,4.2751
Saarbrücken,Trier,368,659,1.45564,-0.529175,2.22593
Mannheim,Heilbronn,369,370,2.61934,-0.52999,4.00756
Rozvadov,Plzeň,371,372,2.21289,-0.522947,3.37012
Plzeň,Karlovy Vary,372,523,1.54472,-0.521754,2.35069
Plzeň,České Budějovice,372,524,1.80239,-0.520981,2.74139
Plzeň,Bayerisch Eisenstein,372,530,1.83457,-0.521714,2.79169
Trenčín,Prešov,373,374,1.21435,-0.517882,1.84325
Prešov,Košice,374,375,1.89051,-0.517645,2.86913
Prešov,Svidník,374,712,0.918136,-0.518489,1.39418
Košice,Vyšné Nemecké,375,376,0.958951,-0.517158,1.45488
Košice,Uzhhorod,375,377,1.84299,-0.518408,2.79841
Košice,Miskolc,375,552,1.75344,-0.514204,2.65507
Košice,Zvolen,375,568,1.82491,-0.515345,2.76536
Vyšné Nemecké,Uzhhorod,376,377,0.884039,-0.519764,1.34353
Uzhhorod,Mukachevo,377,378,2.923,-0.520279,4.44377
Uzhhorod,Chop,377,723,1.49217,-0.518781,2.26628
Mukachevo,Stryj,378,379,2.2096,-0.516361,3.35055
Mukachevo,Halmeu,378,578,2.74288,-0.515858,4.15781
Khmelnytskyi,Vinnytsia,380,381,1.51903,-0.531855,2.32693
Vinnytsia,Uman,381,382,1.48102,-0.531015,2.26747
Vinnytsia,Mohyliv-Podilskyi,381,728,1.36571,-0.532187,2.09252
Uman,Kirovohrad,382,383,1.16148,-0.522815,1.76871
Kirovohrad,Dnipropetrovsk,383,384,0.83146,-0.516599,1.26099
Kirovohrad,Chişinău,383,672,1.67241,-0.516263,2.53582
Dnipropetrovsk,Donetsk,384,385,0.355571,-0.510674,0.537152
Donetsk,Rostov-on-Don,385,386,0.242844,-0.498506,0.363903
Rostov-on-Don,Armavir,386,387,0.219831,-0.485456,0.32655
Rostov-on-Don,Taganrog,386,675,0.217099,-0.499603,0.325562
Lorient,Vannes,388,389,0.21933,-0.5074,0.330618
Vannes,Nantes,389,390,0.478089,-0.508417,0.721157
Nantes,Angers,390,391,0.669525,-0.50765,1.00941
Nantes,Poitiers,390,676,0.925908,-0.510705,1.39877
Angers,Tours,391,392,0.54527,-0.501034,0.818469
Tours,Vierzon,392,503,0.724803,-0.498462,1.08609
Montargis,Auxerre,393,394,1.2338,-0.513658,1.86756
Auxerre,Beaune,394,395,2.26705,-0.519023,3.44371
Beaune,Dole,395,396,2.24072,-0.52093,3.40798
Beaune,Antwerp,395,505,3.8143,-0.520462,5.7995
Dole,Besançon,396,397,1.16236,-0.52389,1.7713
Besançon,Belfort,397,398,1.30189,-0.526377,1.98717
Zürich,Winterthur,399,400,1.31901,-0.517586,2.00171
Winterthur,St. Gallen,400,401,0.942589,-0.516875,1.42979
Winterthur,Schaffhausen,400,511,1.24945,-0.52259,1.90239
St. Gallen,St. Margrethen,401,402,0.883212,-0.513369,1.33663
St. Margrethen,Bregenz,402,403,1.46934,-0.511981,2.22161
St. Margrethen,Buchs,402,514,0.68505,-0.511652,1.03556
Bregenz,Feldkirch,403,748,1.42214,-0.51084,2.14862
Bregenz,Lindau,403,513,2.2051,-0.51317,3.3367
Feldkirch,Landeck,748,404,0.660004,-0.507464,0.994932
Feldkirch,Imst,748,406,0.689277,-0.507287,1.03894
Landeck,Telfs,404,405,0.466309,-0.505246,0.70191
Sattledt,Liezen,408,532,0.95482,-0.513933,1.44553
Sattledt,Wels,408,669,0.995165,-0.516705,1.50937
Sankt Pölten,Vienna,409,410,2.0015,-0.513778,3.02983
Vienna,Nickelsdorf,410,411,2.21357,-0.51273,3.34853
Vienna,Halámky,410,525,2.10726,-0.514227,3.19087
Vienna,Graz,410,534,2.77178,-0.509102,4.18289
Nickelsdorf,Mosonmagyaróvár,411,412,1.55765,-0.511313,2.35409
Szolnok,Püspökladány,413,414,1.87509,-0.505691,2.8233
Püspökladány,Oradea,414,415,2.38595,-0.500526,3.58018
Püspökladány,Nyíregyháza,414,722,1.41867,-0.506712,2.13753
Oradea,Cluj-Napoca,415,416,1.21621,-0.488495,1.81033
Oradea,Berettyóújfalu,415,570,1.6524,-0.498201,2.47562
Oradea,Beiuş,415,571,1.13252,-0.491122,1.68872
Oradea,Satu Mare,415,579,1.77425,-0.499215,2.65998
Oradea,Arad,415,684,1.96034,-0.487879,2.91674
Cluj-Napoca,Turda,416,417,0.75957,-0.489689,1.13152
Cluj-Napoca,Zalău,416,580,0.712748,-0.496029,1.06629
Turda,Târgu Mureş,417,418,0.346667,-0.482926,0.514082
Turda,Sebeş,417,581,0.359372,-0.482623,0.532812
Târgu Mureş,Braşov,418,419,0.258334,-0.473745,0.380719
Braşov,Ploieşti,419,420,0.233884,-0.460922,0.341686
Braşov,Sibiu,419,582,0.305895,-0.474157,0.450937
Braşov,Piteşti,419,583,0.199532,-0.458633,0.291044
Slobozia,Hârşova,421,422,0.391125,-0.464707,0.572883
Slobozia,Galaţi,421,588,0.61797,-0.476419,0.912383
Hârşova,Constanţa,422,423,0.413308,-0.458406,0.602771
Constanţa,Varna,423,463,0.399336,-0.435602,0.573287
Constanţa,Tulcea,423,589,0.413308,-0.458406,0.602771
Senaki,Samtredia,424,425,0.0263252,-0.543441,0.0406314
Senaki,Zugdidi,424,604,0.0707053,-0.545656,0.109286
Samtredia,Kutaisi,425,426,0.0105575,-0.51987,0.016046
Kutaisi,Khashuri,426,427,0.00576681,-0.439034,0.00829864
Khashuri,Gori,427,428,0.0060398,-0.351214,0.00816107
Rustavi,Ganja,429,430,0.0157358,-0.42144,0.0223675
Ganja,Yevlakh,430,431,0.0311999,-0.465468,0.0457225
Ashgabat,Tejen,432,433,0.0513253,-0.342103,0.0688838
Tejen,Mary,433,434,0.0283828,-0.331406,0.0377891
Mary,Türkmenabat,434,435,0.0242529,-0.32597,0.0321586
Türkmenabat,Alat,435,436,0.0359343,-0.330249,0.0478016
Karshi,Guzar,437,438,0.0383608,-0.335433,0.0512283
Guzar,Sherobod,438,439,0.0301825,-0.342486,0.0405196
Sherobod,Termez,439,440,0.0426784,-0.356777,0.0579051
Jirgatal,Sary Tash,441,442,0.0775205,-0.372872,0.106426
Jirgatal,Khorugh,441,694,0.0488809,-0.365783,0.0667607
Sary Tash,Irkeshtam,442,443,0.0968217,-0.382338,0.13384
Irkeshtam,Osh,443,691,0.19016,-0.387775,0.263899
A Coruña,Bilbao,444,445,0.131642,-0.442391,0.189879
A Coruña,Pontevedra,444,481,0.0603744,-0.429875,0.0863278
Clermont-Ferrand,Montluçon,446,504,0.873572,-0.491217,1.30268
Chambéry,Susa,447,448,0.914673,-0.497874,1.37006
Chambéry,Marseille,447,736,0.685946,-0.501758,1.03012
Susa,Turin,448,449,0.62798,-0.484146,0.932014
Tortona,Brescia,450,451,0.304371,-0.446156,0.440169
Trieste,Postojna,452,453,0.340887,-0.476144,0.503198
Trieste,Ljubljana,452,454,0.644428,-0.482571,0.95541
Postojna,Ljubljana,453,454,0.439837,-0.487394,0.654211
Ljubljana,Maribor,454,535,0.746381,-0.493565,1.11477
Ljubljana,Naklo,454,538,1.08532,-0.493531,1.62097
Vršac,Timişoara,456,457,0.907487,-0.463194,1.32783
Timişoara,Drobeta-Turnu Severin,457,458,1.02318,-0.462266,1.49616
Timişoara,Arad,457,684,1.57564,-0.474115,2.32268
Drobeta-Turnu Severin,Craiova,458,459,1.02067,-0.455496,1.48558
Craiova,Alexandria,459,460,0.425146,-0.455174,0.618661
Craiova,Târgu Jiu,459,574,0.591874,-0.458371,0.863172
Craiova,Piteşti,459,583,0.55064,-0.457104,0.80234
Razgrad,Shumen,461,462,0.117967,-0.409038,0.16622
Shumen,Varna,462,463,0.179632,-0.41771,0.254667
Varna,Burgas,463,590,0.176685,-0.417533,0.250457
Lisbon,Valladolid,464,465,0.116496,-0.410677,0.164339
Lisbon,Porto,464,483,0.11309,-0.398359,0.15814
Lisbon,Albufeira,464,484,0.112962,-0.394795,0.157559
Toulouse,Nice,466,467,0.955329,-0.467557,1.402
Nice,Cuneo,467,685,0.414329,-0.459496,0.604712
Sofia,Plovdiv,468,469,0.45688,-0.436573,0.656342
Sofia,Botevgrad,468,575,0.45933,-0.436348,0.659757
Sofia,Blagoevgrad,468,576,0.505123,-0.433234,0.723959
Sofia,Kyustendil,468,745,0.34673,-0.437462,0.498411
Plovdiv,Istanbul,469,470,0.19194,-0.434699,0.275377
Istanbul,İzmit,470,471,0.0938732,-0.429459,0.134188
İzmit,Gerede,471,472,0.0335406,-0.417897,0.0475571
İzmit,Bursa,471,479,0.0341759,-0.414423,0.0483391
Gerede,Kızılcahamam,472,599,0.0163461,-0.405902,0.022981
Mazara del Vallo,Palermo,473,474,0.000157371,0,0.000157371
Metaponto,Taranto,475,476,0.0141502,-0.399525,0.0198036
Metaponto,Potenza,475,743,0.00785138,-0.390392,0.0109165
Ioannina,Trikala,477,687,0.0528873,-0.394655,0.0737595
Gelibolu,Keşan,478,596,0.164899,-0.390753,0.229334
Gelibolu,Ayvalık,478,597,0.164929,-0.390653,0.229359
Bursa,Ankara,479,480,0.0183064,-0.398952,0.0256098
Bursa,Balıkesir,479,746,0.0223767,-0.394209,0.0311978
Ankara,Kızılcahamam,480,599,0.0124214,-0.394869,0.0173262
Pontevedra,Valença,481,482,0.0410135,-0.408841,0.0577814
Valença,Porto,482,483,0.0551885,-0.396152,0.0770516
Albufeira,Castro Marim,484,485,0.0616199,-0.386403,0.0854301
Castro Marim,Huelva,485,486,0.0578982,-0.385009,0.0801896
Cherbourg-Octeville,La Rochelle,487,488,0.177284,-0.509711,0.267648
Cherbourg-Octeville,Caen,487,661,0.375599,-0.517158,0.569843
La Rochelle,Saintes,488,730,0.159697,-0.493464,0.238501
Oslo,Hamar,489,490,0.0808678,-0.348689,0.109065
Oslo,Askim,489,619,0.0845643,-0.348098,0.114001
Hamar,Lillehammer,490,491,0.0509752,-0.349289,0.0687803
Lillehammer,Dombås,491,492,0.0566928,-0.349304,0.0764958
Dombås,Trondheim,492,493,0.102016,-0.348767,0.137596
Trondheim,Stjørdal,493,494,0.0999733,-0.348553,0.134819
Stjørdal,Steinkjer,494,495,0.0504578,-0.348113,0.0680228
Steinkjer,Mosjøen,495,496,0.0360723,-0.345759,0.0485446
Mosjøen,Mo i Rana,496,497,0.0466314,-0.342721,0.0626129
Mo i Rana,Umeå,497,612,0.0891536,-0.341362,0.119587
Setermoen,Alta,498,499,0.00456437,-0.36415,0.00622648
Alta,Olderfjord,499,500,0.00525493,-0.420311,0.00746363
Olderfjord,Lakselv,500,501,0.0103629,-0.465687,0.0151888
Lakselv,Karasjok,501,502,0.0251226,-0.487832,0.0373782
Vierzon,Montluçon,503,504,0.535087,-0.493565,0.799187
Antwerp,Zeebrugge,505,642,2.525,-0.525072,3.8508
Martigny,Sion,506,678,0.647814,-0.507165,0.976362
Bremen,Groningen,507,624,2.10896,-0.522807,3.21154
Stuttgart,Schaffhausen,510,511,1.88057,-0.52676,2.87118
Stuttgart,Ulm,510,512,1.67734,-0.524705,2.55745
Ulm,Lindau,512,513,1.47694,-0.519873,2.24477
Lindau,Waldshut,513,666,2.03794,-0.518034,3.09366
Buchs,Chur,514,515,0.274395,-0.509753,0.414269
Chur,San Bernardino,515,516,0.143489,-0.504725,0.215911
Halle,Plauen,518,519,1.34756,-0.517781,2.0453
Plauen,Schönberg,519,520,1.10009,-0.518001,1.66994
Plauen,Hof,519,528,1.45597,-0.518928,2.21152
Schönberg,Vojtanov,520,521,0.661255,-0.518838,1.00434
Vojtanov,Cheb,521,522,0.908588,-0.520325,1.38135
Cheb,Karlovy Vary,522,523,1.50166,-0.520656,2.2835
Cheb,Marktredwitz,522,663,1.19621,-0.521432,1.81996
Karlovy Vary,Teplice,523,715,0.929248,-0.520076,1.41253
České Budějovice,Halámky,524,525,1.28789,-0.517852,1.95482
Hirschberg,Hof,527,528,1.1259,-0.519209,1.71048
Hof,Bayreuth,528,529,1.81575,-0.521615,2.76287
Bayreuth,Marktredwitz,529,663,1.63435,-0.522237,2.48787
Bayerisch Eisenstein,Deggendorf,530,531,1.38204,-0.520876,2.10191
Liezen,Sankt Michael,532,533,0.7915,-0.509984,1.19515
Sankt Michael,Graz,533,534,1.43549,-0.506851,2.16306
Graz,Maribor,534,535,1.24182,-0.501802,1.86498
Graz,Spielfeld,534,536,0.929651,-0.505711,1.39979
Graz,Klagenfurt,534,683,1.74008,-0.502808,2.61501
Maribor,Spielfeld,535,536,0.43067,-0.495222,0.643947
Karavanke Tunnel,Naklo,537,538,0.907469,-0.501526,1.36259
Naklo,Loiblpass,538,734,0.871836,-0.499695,1.30749
Kemijärvi,Posio,539,540,0.0162135,-0.305792,0.0211715
Posio,Kuusamo,540,541,0.0102183,-0.30754,0.0133609
Kuusamo,Kajaani,541,542,0.0105082,-0.318093,0.0138508
Kajaani,Iisalmi,542,543,0.0174833,-0.330271,0.0232576
Iisalmi,Kuopio,543,544,0.0360069,-0.338742,0.0482039
Tampere,Turku,545,546,0.043032,-0.367518,0.058847
Tampere,Vaasa,545,616,0.054311,-0.349618,0.0732991
Tampere,Hämeenlinna,545,618,0.0829275,-0.388097,0.115111
Turku,Pori,546,617,0.0274678,-0.352039,0.0371375
Riga,Šiauliai,547,561,2.15104,-0.543044,3.31915
Riga,Rēzekne,547,627,2.26657,-0.544663,3.50109
Kłodzko,Kudowa-Zdrój,548,549,0.591806,-0.517237,0.89791
Kudowa-Zdrój,Náchod,549,550,0.500247,-0.517007,0.758878
Náchod,Hradec Králové,550,551,0.925949,-0.51743,1.40506
Hradec Králové,Olomouc,551,716,1.27945,-0.517192,1.94117
Miskolc,Debrecen,552,569,1.43739,-0.510751,2.17155
Szekszárd,Mohács,555,556,0.85457,-0.505934,1.28693
Mohács,Osijek,556,557,0.534361,-0.502522,0.80289
Osijek,Đakovo,557,558,0.324301,-0.496577,0.485341
Osijek,Sombor,557,735,0.535332,-0.495815,0.800758
Đakovo,Šamac,558,559,0.149453,-0.484194,0.221817
Šamac,Zenica,559,560,0.119334,-0.454973,0.173628
Zenica,Sarajevo,560,737,0.197802,-0.437408,0.284323
Šiauliai,Tolpaki,561,562,1.68228,-0.539819,2.59041
Šiauliai,Palanga,561,704,1.29231,-0.540953,1.99139
Šiauliai,Panevėžys,561,705,1.3352,-0.54132,2.05797
Tolpaki,Kaliningrad,562,563,1.08655,-0.53386,1.66661
Tolpaki,Nesterov,562,640,0.997919,-0.538499,1.5353
Trstená,Ružomberok,566,567,0.86379,-0.516096,1.30959
Ružomberok,Zvolen,567,568,1.58152,-0.514203,2.39474
Debrecen,Berettyóújfalu,569,570,1.02655,-0.504932,1.5449
Beiuş,Deva,571,572,0.780526,-0.483143,1.15763
Deva,Petroşani,572,573,0.673847,-0.469217,0.990028
Deva,Sibiu,572,582,0.863823,-0.470611,1.27035
Deva,Arad,572,684,1.17304,-0.474502,1.72965
Petroşani,Târgu Jiu,573,574,0.432179,-0.464348,0.63286
Botevgrad,Jablanica,575,585,0.198282,-0.43331,0.284199
Blagoevgrad,Serres,576,577,0.317526,-0.421376,0.451325
Halmeu,Satu Mare,578,579,2.20637,-0.502254,3.31453
Satu Mare,Zalău,579,580,0.944074,-0.500939,1.417
Sebeş,Sibiu,581,582,0.383419,-0.473615,0.565013
Sibiu,Piteşti,582,583,0.431855,-0.46382,0.632158
Pleven,Jablanica,584,585,0.109069,-0.423927,0.155306
Izmail,Reni,586,587,0.794471,-0.51245,1.2016
Reni,Galaţi,587,588,0.703773,-0.496014,1.05285
Galaţi,Tulcea,588,589,0.466126,-0.478205,0.689029
Galaţi,Giurgiuleşti,588,729,0.834603,-0.497946,1.25019
Burgas,Malko Tarnovo,590,591,0.0955567,-0.404506,0.13421
Malko Tarnovo,Dereköy,591,592,0.042183,-0.397284,0.0589416
Dereköy,Kırklareli,592,593,0.0223266,-0.390191,0.0310382
Kırklareli,Babaeski,593,594,0.0198934,-0.386222,0.0275766
Babaeski,Havsa,594,595,0.0328267,-0.387189,0.0455369
Havsa,Keşan,595,596,0.0711804,-0.388907,0.0988629
Ayvalık,İzmir,597,598,0.0712415,-0.388437,0.0989143
İzmir,Manisa,598,747,0.0328994,-0.38589,0.045595
Kherson,Dzhankoy,600,601,0.949634,-0.527414,1.45048
Kherson,Mykolaiv,600,673,1.09834,-0.523839,1.67369
Kherson,Melitopol,600,674,0.602567,-0.523881,0.91824
Sochi,Sukhumi,602,603,0.522355,-0.531731,0.800108
Sukhumi,Zugdidi,603,604,0.192247,-0.542445,0.29653
Jönköping,Linköping,605,606,0.0431251,-0.340668,0.0578164
Linköping,Norrköping,606,607,0.0575073,-0.341849,0.0771661
Norrköping,Södertälje,607,608,0.0885206,-0.344877,0.119049
Norrköping,Kalmar,607,626,0.0572977,-0.341833,0.0768839
Uppsala,Sundsvall,609,610,0.161793,-0.34684,0.21791
Sundsvall,Örnsköldsvik,610,611,0.151185,-0.345491,0.203419
Örnsköldsvik,Umeå,611,612,0.123689,-0.342951,0.166108
Haparanda,Tornio,613,614,0.0587662,-0.324157,0.0778157
Kokkola,Vaasa,615,616,0.0535718,-0.334818,0.0715086
Vaasa,Pori,616,617,0.031243,-0.343866,0.0419864
Askim,Karlstad,619,620,0.0707027,-0.34829,0.0953278
Kotka,Vaalimaa,621,622,0.339381,-0.520691,0.516093
Vaalimaa,Vyborg,622,623,0.852394,-0.529706,1.30391
Groningen,Hoogeveen,624,698,0.768807,-0.522331,1.17038
Sassnitz,Stralsund,625,699,0.42852,-0.516883,0.650016
Rēzekne,Velikiye Luki,627,628,2.53171,-0.545058,3.91163
Rēzekne,Daugavpils,627,702,1.53121,-0.544877,2.36553
Vladimir,Nizhny Novgorod,629,630,1.63761,-0.537654,2.51807
Nizhny Novgorod,Kazan,630,631,0.718481,-0.530339,1.09952
Kazan,Yelabuga,631,632,0.561433,-0.502861,0.843756
Yelabuga,Perm,632,633,0.40643,-0.483567,0.602965
Perm,Yekaterinburg,633,634,0.185231,-0.473659,0.272968
Yekaterinburg,Tyumen,634,635,0.139506,-0.450477,0.20235
Koszalin,Słupsk,637,638,0.244077,-0.51942,0.370855
Słupsk,Gdynia,638,639,0.395439,-0.522273,0.601966
Nesterov,Marijampolė,640,641,0.89207,-0.541352,1.37499
Aktobe,Karabutak,647,648,0.686742,-0.463037,1.00473
Karabutak,Aral,648,649,0.319206,-0.463235,0.467074
Aral,Novokazalinsk,649,650,0.247406,-0.443008,0.357009
Charleroi,Namur,651,652,1.15798,-0.526782,1.76798
St. Vith,Wittlich,653,654,1.10666,-0.531472,1.69483
Wittlich,Bingen,654,655,0.688337,-0.53317,1.05534
Bingen,Wiesbaden,655,656,1.00401,-0.533101,1.53925
Amiens,Charleville-Mézières,657,658,1.37118,-0.521845,2.08672
Trier,Koblenz,659,660,1.50212,-0.530341,2.29875
Caen,Rouen,661,662,0.962402,-0.518426,1.46134
Regensburg,Passau,667,668,1.15533,-0.52399,1.76071
Passau,Wels,668,669,1.18449,-0.520386,1.80088
Wels,Braunau am Inn,669,721,1.4009,-0.516822,2.12491
Iaşi,Sculeni,670,671,1.31009,-0.511656,1.98041
Iaşi,Bălţi,670,727,1.10829,-0.513613,1.67752
Sculeni,Chişinău,671,672,1.48462,-0.514068,2.24781
Chişinău,Giurgiuleşti,672,729,1.18915,-0.511443,1.79733
Melitopol,Taganrog,674,675,0.270308,-0.51617,0.409833
Poitiers,Mâcon,676,677,1.72384,-0.512371,2.60708
Sion,Simplon,678,679,0.299438,-0.496297,0.448048
Simplon,Gravellona Toce,679,680,0.248282,-0.469852,0.364938
Innichen,Spittal an der Drau,681,682,0.644012,-0.50373,0.968421
Klagenfurt,Loiblpass,683,734,0.995836,-0.503152,1.49689
Cuneo,Asti,685,686,0.24874,-0.456186,0.362212
Kokand,Andijan,689,690,0.150271,-0.389443,0.208793
Andijan,Osh,690,691,0.200953,-0.386217,0.278564
Kulob,Kalaikhumb,692,693,0.0344894,-0.362843,0.0470036
Kalaikhumb,Khorugh,693,694,0.0306229,-0.361241,0.0416851
Kokpek,Chundzha,695,696,0.0746151,-0.394319,0.104037
Chundzha,Koktal,696,697,0.0569036,-0.393298,0.0792837
Stralsund,Neubrandenburg,699,700,0.625752,-0.516979,0.949253
Ukmergė,Daugavpils,701,702,1.4871,-0.544017,2.29611
Ukmergė,Panevėžys,701,705,1.36829,-0.542124,2.11007
Breda,Gorinchem,706,707,0.767455,-0.51986,1.16642
Hasselt,Heerlen,708,709,1.07555,-0.529956,1.64554
Barwinek,Vyšný Komárnik,710,711,0.335072,-0.521128,0.509688
Vyšný Komárnik,Svidník,711,712,0.412403,-0.519399,0.626604
Lublin,Kovel,713,714,1.35821,-0.532729,2.08177
Olomouc,Český Těšín,716,717,0.810771,-0.517333,1.23021
Garmisch-Partenkirchen,Mittenwald,718,719,0.894829,-0.514401,1.35513
Mittenwald,Seefeld,719,720,0.586254,-0.509172,0.884758
Nyíregyháza,Chop,722,723,0.961468,-0.513748,1.45542
Dunajská Streda,Medveďov,724,725,0.623021,-0.514247,0.943407
Medveďov,Vámosszabadi,725,726,0.545966,-0.513328,0.826226
Bălţi,Mohyliv-Podilskyi,727,728,0.811578,-0.524189,1.237
Saintes,Angoulême,730,731,0.299718,-0.485578,0.445254
St. Johann in Tirol,Lofer,732,733,0.922993,-0.510725,1.39439
Sarajevo,Užice,737,738,0.267616,-0.43796,0.384821
Užice,Čačak,738,739,0.387808,-0.443823,0.559926
Čačak,Nova Varoš,739,740,0.387435,-0.443888,0.559413
Avellino,Benevento,741,742,0.0626215,-0.415062,0.0886132
Balıkesir,Manisa,746,747,0.0199485,-0.385472,0.0276381
Warsaw,Brest-Litovsk,316,0,2.4969,-0.534717,3.83203
Brest-Litovsk,Minsk,0,318,2.39705,-0.541044,3.69395
Lyon,Mâcon,17,677,1.76327,-0.507997,2.659
Beaune,Mâcon,395,677,2.98514,-0.515635,4.52438
