Glasgow,Preston,1,2,6.6007e-05,-0.480649,6.6007e-05
Glasgow,Edinburgh,1,13,6.6007e-05,-0.480649,6.6007e-05
Preston,Birmingham,2,3,6.6007e-05,-0.480649,6.6007e-05
Birmingham,Cambridge,3,636,6.6007e-05,-0.480649,6.6007e-05
Le Havre,Paris,4,5,2.01578,-0.515865,3.05565
Le Havre,Amiens,4,657,1.1352,-0.517102,1.72222
Paris,Orléans,5,6,2.0818,-0.511735,3.14713
Paris,Calais,5,16,1.74536,-0.515854,2.64571
Paris,Lyon,5,17,2.59341,-0.511754,3.9206
Paris,Brussels,5,326,3.08331,-0.517917,4.6802
Paris,Le Mans,5,366,1.67684,-0.513147,2.53731
Paris,Reims,5,367,1.93621,-0.516565,2.93639
Paris,Chaumont,5,665,2.81044,-0.516981,4.26338
Orléans,Bordeaux,6,7,0.993964,-0.504518,1.49544
Orléans,Tours,6,392,1.09796,-0.505183,1.65263
Orléans,Montargis,6,393,1.3761,-0.50761,2.07463
Orléans,Toulouse,6,466,1.13308,-0.502129,1.70204
Bordeaux,San Sebastián,7,8,0.55097,-0.495281,0.823855
Bordeaux,Clermont-Ferrand,7,446,1.05869,-0.501023,1.58911
Bordeaux,Toulouse,7,466,0.463401,-0.493115,0.691911
Bordeaux,Angoulême,7,731,0.617587,-0.4984,0.925392
San Sebastián,Burgos,8,9,0.274062,-0.480263,0.405685
San Sebastián,Bilbao,8,445,0.222323,-0.48222,0.329531
San Sebastián,Toulouse,8,466,0.36828,-0.489151,0.548424
Burgos,Madrid,9,10,0.156294,-0.467481,0.229359
Burgos,Valladolid,9,465,0.103561,-0.470213,0.152256
Madrid,Seville,10,11,0.0976798,-0.456475,0.142268
Madrid,Barcelona,10,21,0.232733,-0.476254,0.343574
Madrid,Valencia,10,24,0.109001,-0.461867,0.159345
Madrid,Lisbon,10,464,0.0990464,-0.459736,0.144582
Seville,Algeciras,11,12,0.0455659,-0.446102,0.0658929
Seville,Huelva,11,486,0.0476669,-0.445571,0.0689059
Algeciras,Málaga,12,28,0.0196994,-0.439736,0.0283619
Edinburgh,Newcastle,13,14,6.6007e-05,-0.480649,6.6007e-05
Newcastle,London,14,15,6.6007e-05,-0.480649,6.6007e-05
London,Colchester,15,305,6.6007e-05,-0.480649,6.6007e-05
Calais,Bruges,16,324,1.78184,-0.517677,2.70426
Calais,Rouen,16,662,1.16698,-0.516645,1.7699
Lyon,Orange,17,18,1.15745,-0.503708,1.74046
Lyon,Clermont-Ferrand,17,446,1.29531,-0.503956,1.94809
Lyon,Chambéry,17,447,1.16947,-0.508404,1.76403
Orange,Narbonne,18,19,0.519405,-0.501114,0.779686
Orange,Marseille,18,736,0.498867,-0.505375,0.750982
Narbonne,Girona,19,20,0.282029,-0.493596,0.421237
Girona,Barcelona,20,21,0.323069,-0.484988,0.479753
Barcelona,Tarragona,21,22,0.203502,-0.479555,0.301092
Barcelona,Toulouse,21,466,0.595652,-0.4882,0.886449
Tarragona,Castellón de la Plana,22,23,0.0964072,-0.471576,0.141871
Castellón de la Plana,Valencia,23,24,0.0802395,-0.460823,0.117216
Valencia,Alicante,24,25,0.0579152,-0.451819,0.0840824
Alicante,Murcia,25,26,0.0242943,-0.445556,0.0351188
Murcia,Almería,26,27,0.0123224,-0.43853,0.0177261
Almería,Málaga,27,28,0.0111579,-0.434935,0.0160109
Hook of Holland,Rotterdam,29,30,0.582633,-0.521354,0.88639
Hook of Holland,The Hague,29,307,0.314333,-0.521467,0.478248
Rotterdam,Eindhoven,30,31,1.45845,-0.521253,2.21867
Eindhoven,Maastricht,31,32,1.57327,-0.521493,2.39371
Eindhoven,Antwerp,31,505,2.62045,-0.519626,3.9821
Eindhoven,Venlo,31,643,2.00494,-0.522049,3.05161
Eindhoven,Breda,31,706,1.47408,-0.521258,2.24245
Maastricht,Liège,32,33,1.95922,-0.52204,2.98202
Liège,Bastogne,33,34,1.82884,-0.522426,2.78428
Liège,Leuven,33,327,2.97928,-0.521896,4.53415
Liège,Eupen,33,328,1.91273,-0.523312,2.91368
Liège,Antwerp,33,505,3.30563,-0.520158,5.02508
Liège,Namur,33,652,2.03466,-0.521776,3.0963
Liège,St. Vith,33,653,1.67158,-0.52248,2.54495
Liège,Charleville-Mézières,33,658,2.17034,-0.521531,3.30225
Bastogne,Arlon,34,35,1.10421,-0.522797,1.68149
Arlon,Luxembourg,35,36,1.53414,-0.52241,2.33559
Luxembourg,Metz,36,37,2.53025,-0.520636,3.84758
Luxembourg,St. Vith,36,653,1.86019,-0.523006,2.83309
Luxembourg,Charleville-Mézières,36,658,1.42091,-0.521238,2.16154
Luxembourg,Trier,36,659,1.83301,-0.523295,2.79222
Metz,Saint-Avold,37,38,3.03095,-0.520314,4.60799
Metz,Lausanne,37,44,2.49668,-0.519444,3.79356
Metz,Geneva,37,45,2.70171,-0.5157,4.09497
Metz,Brussels,37,326,3.47023,-0.519848,5.27423
Metz,Reims,37,367,2.5259,-0.516866,3.83145
Metz,Saarbrücken,37,368,2.8956,-0.521712,4.40626
Saint-Avold,Strasbourg,38,39,2.30234,-0.5211,3.50209
Strasbourg,Mulhouse,39,40,2.90318,-0.522022,4.41871
Strasbourg,Appenweier,39,664,2.1899,-0.5225,3.33413
Mulhouse,Basel,40,41,2.77886,-0.521277,4.22741
Mulhouse,Belfort,40,398,2.08469,-0.520496,3.16976
Mulhouse,Chaumont,40,665,2.63575,-0.519808,4.00584
Basel,Olten,41,42,1.65827,-0.520785,2.52187
Basel,Offenburg,41,61,2.37815,-0.522055,3.61967
Basel,Zürich,41,399,1.94433,-0.521046,2.95741
Basel,Waldshut,41,666,2.29428,-0.520551,3.48857
Olten,Bern,42,43,1.67523,-0.516602,2.54066
Olten,Lucerne,42,62,1.04063,-0.519734,1.58148
Bern,Lausanne,43,44,1.36905,-0.517994,2.07821
Bern,Belfort,43,398,1.71727,-0.520129,2.61047
Bern,Martigny,43,506,0.951571,-0.514957,1.44159
Lausanne,Geneva,44,45,1.05463,-0.510566,1.59308
Lausanne,Martigny,44,506,0.821819,-0.514415,1.24458
Geneva,Mont Blanc,45,46,1.17648,-0.510103,1.7766
Geneva,Chambéry,45,447,1.30409,-0.507952,1.96651
Geneva,Mâcon,45,677,2.07324,-0.512438,3.13565
Mont Blanc,Aosta,46,47,0.686988,-0.507697,1.03577
Aosta,Ivrea,47,48,0.590545,-0.500495,0.886109
Aosta,Martigny,47,506,0.804129,-0.502844,1.20848
Ivrea,Vercelli,48,49,0.23246,-0.492657,0.346983
Ivrea,Turin,48,449,0.344205,-0.490674,0.513098
Vercelli,Alessandria,49,50,0.188613,-0.480891,0.279316
Alessandria,Genoa,50,51,0.231255,-0.469712,0.339878
Alessandria,Turin,50,449,0.239868,-0.482288,0.355554
Alessandria,Tortona,50,450,0.16423,-0.471869,0.241725
Alessandria,Asti,50,686,0.213891,-0.47408,0.315292
Genoa,Rome,51,74,0.439592,-0.457541,0.640723
Genoa,Tortona,51,450,0.254982,-0.463022,0.373044
Genoa,Nice,51,467,0.385658,-0.474052,0.56848
Amsterdam,Utrecht,52,53,1.33621,-0.521538,2.03309
Amsterdam,Amersfoort,52,309,0.778017,-0.521284,1.18358
Amsterdam,Brussels,52,326,3.28114,-0.520462,4.98885
Amsterdam,Groningen,52,624,1.39593,-0.522057,2.12468
Utrecht,Arnhem,53,54,1.01724,-0.522323,1.54856
Utrecht,Gouda,53,308,0.823436,-0.521782,1.25309
Utrecht,Amersfoort,53,309,0.767162,-0.522016,1.16763
Utrecht,Gorinchem,53,707,0.975037,-0.521731,1.48374
Arnhem,Emmerich,54,55,0.926046,-0.523383,1.41072
Emmerich,Oberhausen,55,56,1.80421,-0.523947,2.74952
Oberhausen,Cologne,56,57,3.10632,-0.524553,4.73576
Oberhausen,Dortmund,56,508,2.18475,-0.524018,3.32959
Oberhausen,Venlo,56,643,2.0507,-0.523046,3.12331
Cologne,Frankfurt am Main,57,58,3.62164,-0.525454,5.52465
Cologne,Aachen,57,329,3.17129,-0.525538,4.83792
Cologne,Olpe,57,330,2.23839,-0.525348,3.41432
Cologne,Bremen,57,507,3.28745,-0.524267,5.01095
Frankfurt am Main,Heidelberg,58,59,3.24863,-0.525728,4.95652
Frankfurt am Main,Gießen,58,332,2.30969,-0.525975,3.52452
Frankfurt am Main,Mannheim,58,369,3.73935,-0.525502,5.70438
Frankfurt am Main,Aschaffenburg,58,509,2.70368,-0.52518,4.1236
Frankfurt am Main,Wiesbaden,58,656,2.65235,-0.526141,4.04785
Heidelberg,Karlsruhe,59,60,2.73839,-0.524749,4.17536
Karlsruhe,Offenburg,60,61,2.34216,-0.522752,3.56653
Karlsruhe,Stuttgart,60,510,3.2689,-0.522923,4.97828
Karlsruhe,Appenweier,60,664,2.49886,-0.523506,3.80703
Lucerne,Altdorf,62,63,0.764228,-0.520512,1.16202
Altdorf,Gotthard Pass,63,64,0.535605,-0.520575,0.814428
Altdorf,Zürich,63,399,1.00739,-0.520307,1.53154
Gotthard Pass,Bellinzona,64,65,0.269242,-0.518545,0.408856
Bellinzona,Lugano,65,66,0.136513,-0.510543,0.206209
Bellinzona,San Bernardino,65,516,0.152027,-0.515057,0.23033
Lugano,Chiasso,66,67,0.086068,-0.491502,0.128371
Chiasso,Como,67,68,0.120228,-0.472873,0.17708
Como,Milan,68,69,0.268092,-0.469028,0.393835
Milan,Piacenza,69,70,0.309185,-0.465656,0.453159
Milan,Turin,69,449,0.370606,-0.478895,0.548088
Milan,Tortona,69,450,0.219346,-0.467595,0.321911
Milan,Brescia,69,451,0.273244,-0.465169,0.400348
Milan,Gravellona Toce,69,680,0.293762,-0.472534,0.432575
Piacenza,Parma,70,71,0.225178,-0.459718,0.328697
Parma,Modena,71,72,0.348208,-0.457144,0.507389
Modena,Florence,72,73,0.4024,-0.452675,0.584556
Modena,Verona,72,94,0.469183,-0.45709,0.683641
Modena,Bologna,72,95,0.392696,-0.452608,0.570433
Florence,Rome,73,74,0.362869,-0.451868,0.526838
Rome,Pescara,74,125,0.355889,-0.449941,0.516017
Östersund,Mora,75,76,0.0406844,-0.345011,0.0547209
Östersund,Trondheim,75,493,0.0484688,-0.345099,0.0651953
Östersund,Sundsvall,75,610,0.0507331,-0.344044,0.0681875
Mora,Säffle,76,77,0.0297458,-0.345541,0.0400241
Säffle,Gothenburg,77,78,0.0393639,-0.345846,0.0529777
Gothenburg,Halmstad,78,300,0.0377258,-0.345875,0.0507742
Gothenburg,Örebro,78,301,0.0407262,-0.34567,0.054804
Gothenburg,Oslo,78,489,0.0346036,-0.346027,0.0465773
Hamburg,Hanover,79,80,2.0163,-0.52215,3.06911
Hamburg,Berlin,79,108,2.18945,-0.520775,3.32966
Hamburg,Bremen,79,507,2.52922,-0.52301,3.85203
Hamburg,Lübeck,79,517,1.15184,-0.521646,1.75269
Hanover,Göttingen,80,81,1.40519,-0.523304,2.14054
Hanover,Bad Oeynhausen,80,312,1.61328,-0.523231,2.4574
Hanover,Braunschweig,80,313,1.48614,-0.52137,2.26097
Göttingen,Kassel,81,82,1.27443,-0.524101,1.94235
Kassel,Fulda,82,83,1.72259,-0.524555,2.62618
Kassel,Dortmund,82,508,1.99744,-0.524374,3.04485
Fulda,Würzburg,83,84,2.49692,-0.524419,3.80635
Würzburg,Nuremberg,84,85,3.71466,-0.523137,5.65793
Würzburg,Aschaffenburg,84,509,3.28743,-0.524641,5.01215
Würzburg,Stuttgart,84,510,2.62067,-0.524248,3.99455
Würzburg,Ulm,84,512,1.69182,-0.52216,2.57522
Nuremberg,Munich,85,86,3.11579,-0.518923,4.73265
Nuremberg,Heilbronn,85,370,3.3375,-0.523206,5.0837
Nuremberg,Rozvadov,85,371,2.60516,-0.520435,3.96097
Nuremberg,Bayreuth,85,529,3.49661,-0.520924,5.31808
Nuremberg,Regensburg,85,667,2.47702,-0.520583,3.76651
Munich,Rosenheim,86,87,2.21164,-0.515656,3.35208
Munich,Salzburg,86,115,2.627,-0.514402,3.97833
Munich,Ulm,86,512,2.24228,-0.518526,3.40495
Munich,Lindau,86,513,2.45159,-0.515704,3.71589
Munich,Deggendorf,86,531,2.43716,-0.517383,3.69811
Munich,Garmisch-Partenkirchen,86,718,2.14669,-0.515903,3.25417
Munich,Braunau am Inn,86,721,1.90838,-0.516148,2.89339
Rosenheim,Wörgl,87,88,1.467,-0.514071,2.22114
Rosenheim,Bad Reichenhall,87,407,1.16708,-0.514056,1.76702
Wörgl,Innsbruck,88,89,1.38962,-0.511908,2.10098
Wörgl,St. Johann in Tirol,88,732,1.04319,-0.512679,1.57801
Innsbruck,Brenner,89,90,0.807331,-0.509248,1.21846
Innsbruck,Telfs,89,405,0.709819,-0.511081,1.07259
Innsbruck,Imst,89,406,0.725408,-0.511151,1.0962
Innsbruck,Seefeld,89,720,0.836244,-0.511202,1.26373
Brenner,Fortezza,90,91,0.48809,-0.504724,0.734441
Fortezza,Bolzano,91,92,0.322324,-0.494358,0.481667
Fortezza,Innichen,91,681,0.425959,-0.502485,0.639997
Bolzano,Trento,92,93,0.246526,-0.474633,0.363536
Trento,Verona,93,94,0.404748,-0.461158,0.591401
Verona,Mestre,94,120,0.571767,-0.45935,0.834409
Verona,Brescia,94,451,0.426854,-0.459243,0.622884
Bologna,Cesena,95,96,0.334623,-0.45098,0.485531
Cesena,Perugia,96,97,0.232438,-0.450274,0.337099
Cesena,Ravenna,96,121,0.348904,-0.454053,0.507325
Cesena,Rimini,96,122,0.240767,-0.449939,0.349098
Perugia,Fiano Romano,97,98,0.0958326,-0.448909,0.138853
Fiano Romano,Naples,98,99,0.0452668,-0.447096,0.0655055
Naples,Salerno,99,100,0.0120707,-0.445197,0.0174445
Naples,Avellino,99,741,0.0180634,-0.443057,0.0260665
Salerno,Sicignano degli Alburni,100,101,0.00706676,-0.439573,0.0101731
Salerno,Avellino,100,741,0.00926842,-0.438555,0.0133331
Sicignano degli Alburni,Potenza,101,743,0.00376456,-0.436253,0.00540686
Messina,Catania,102,103,6.6007e-05,-0.480649,6.6007e-05
Messina,Palermo,102,474,6.6007e-05,-0.480649,6.6007e-05
Catania,Siracusa,103,104,6.6007e-05,-0.480649,6.6007e-05
Siracusa,Gela,104,105,6.6007e-05,-0.480649,6.6007e-05
Gela,Mazara del Vallo,105,473,6.6007e-05,-0.480649,6.6007e-05
Helsingborg,Copenhagen,299,106,0.00841016,-0.345549,0.0113163
Copenhagen,Malmö,106,135,0.00430897,-0.345166,0.00579628
Rostock,Berlin,107,108,1.64082,-0.51979,2.49371
Rostock,Lübeck,107,517,0.824434,-0.520497,1.25355
Rostock,Sassnitz,107,625,0.69367,-0.519715,1.05418
Berlin,Lübbenau,108,109,2.45531,-0.519428,3.73066
Berlin,Szczecin,108,137,1.94535,-0.519715,2.95638
Berlin,Świebodzin,108,139,2.32759,-0.520338,3.53872
Berlin,Magdeburg,108,314,2.46003,-0.520123,3.73955
Berlin,Leipzig,108,526,2.16839,-0.519407,3.29467
Berlin,Neubrandenburg,108,700,1.51326,-0.519759,2.29979
Lübbenau,Dresden,109,110,1.80499,-0.518922,2.74164
Lübbenau,Cottbus,109,644,1.34177,-0.519135,2.03834
Dresden,Ústí nad Labem,110,111,1.83369,-0.517746,2.78308
Dresden,Chemnitz,110,337,2.05735,-0.518612,3.12431
Dresden,Görlitz,110,338,1.32148,-0.518683,2.00691
Ústí nad Labem,Prague,111,112,2.0574,-0.51651,3.12006
Prague,Tábor,112,113,1.98437,-0.514488,3.00531
Prague,Mladá Boleslav,112,146,1.15915,-0.516408,1.75775
Prague,Jihlava,112,147,2.00494,-0.514039,3.03556
Prague,Plzeň,112,372,2.2434,-0.516034,3.40107
Prague,Karlovy Vary,112,523,1.38456,-0.516687,2.09994
Prague,Hradec Králové,112,551,1.50261,-0.515921,2.27783
Tábor,Linz,113,114,1.74862,-0.513849,2.64714
Linz,Salzburg,114,115,1.84099,-0.512789,2.78502
Linz,Sattledt,114,408,0.746323,-0.512878,1.1291
Linz,Sankt Pölten,114,409,1.74333,-0.512091,2.63607
Linz,Wels,114,669,1.3212,-0.514097,2.00043
Salzburg,Villach,115,116,2.72252,-0.508914,4.10805
Salzburg,Bad Reichenhall,115,407,1.41476,-0.51262,2.13999
Salzburg,Sattledt,115,408,1.48364,-0.512565,2.2441
Salzburg,Lofer,115,733,1.69121,-0.512739,2.55835
Villach,Tarvisio,116,117,1.39955,-0.504864,2.10613
Villach,Karavanke Tunnel,116,537,1.20049,-0.505206,1.80698
Villach,Spittal an der Drau,116,682,1.3733,-0.506097,2.06832
Villach,Klagenfurt,116,683,1.46476,-0.504513,2.20376
Tarvisio,Udine,117,118,0.668095,-0.498204,1.00094
Udine,Palmanova,118,119,0.60234,-0.483983,0.893862
Palmanova,Mestre,119,120,0.677403,-0.470648,0.996222
Palmanova,Trieste,119,452,0.700871,-0.479356,1.03684
Mestre,Ravenna,120,121,0.436283,-0.459635,0.636814
Rimini,Fano,122,123,0.11983,-0.447548,0.17346
Fano,Ancona,123,124,0.106152,-0.445354,0.153427
Ancona,Pescara,124,125,0.187024,-0.445992,0.270436
Pescara,Canosa di Puglia,125,126,0.202678,-0.445362,0.292944
Canosa di Puglia,Bari,126,127,0.0656896,-0.442048,0.0947275
Canosa di Puglia,Benevento,126,742,0.06755,-0.442309,0.0974279
Bari,Brindisi,127,128,0.0177395,-0.440109,0.0255468
Bari,Taranto,127,476,0.0168239,-0.439914,0.024225
Brindisi,Taranto,128,476,0.00416205,-0.436486,0.00597873
Igoumenitsa,Preveza,129,130,0.0107793,-0.402343,0.0151163
Igoumenitsa,Ioannina,129,477,0.024758,-0.404933,0.0347833
Preveza,Rhion,130,131,0.00547465,-0.397624,0.00765151
Rhion,Patras,131,132,0.00202409,-0.38895,0.00281136
Rhion,Aigio,131,175,0.00202409,-0.38895,0.00281136
Patras,Pyrgos,132,133,0.00089337,-0.381609,0.00123429
Pyrgos,Kalamata,133,134,0.000444483,-0.37135,0.000609541
Kalamata,Tripoli,134,177,0.000325713,-0.364648,0.000444483
Malmö,Helsingborg,135,299,0.0115807,-0.345458,0.0155814
Malmö,Kalmar,135,626,0.0110293,-0.345179,0.0148364
Goleniów,Szczecin,136,137,0.82859,-0.519673,1.25919
Goleniów,Koszalin,136,637,0.356968,-0.520374,0.542725
Szczecin,Gorzów Wielkopolski,137,138,0.882456,-0.520006,1.34134
Gorzów Wielkopolski,Świebodzin,138,139,1.05895,-0.520884,1.61055
Świebodzin,Zielona Góra,139,140,1.40009,-0.52099,2.12953
Świebodzin,Poznań,139,315,2.21428,-0.522675,3.37164
Zielona Góra,Legnica,140,141,1.40381,-0.521053,2.13527
Legnica,Jelenia Góra,141,142,1.25868,-0.519735,1.91286
Legnica,Görlitz,141,338,1.39671,-0.519437,2.12221
Legnica,Wrocław,141,339,2.12122,-0.520232,3.22474
Legnica,Cottbus,141,644,1.39811,-0.519464,2.12438
Jelenia Góra,Harrachov,142,143,0.542577,-0.519264,0.824318
Harrachov,Železný Brod,143,144,0.389953,-0.518334,0.592079
Železný Brod,Turnov,144,145,0.641582,-0.517561,0.973639
Turnov,Mladá Boleslav,145,146,0.681231,-0.516864,1.03333
Turnov,Hradec Králové,145,551,0.961838,-0.516753,1.45887
Turnov,Teplice,145,715,0.83,-0.517723,1.25971
Jihlava,Brno,147,148,1.01515,-0.512588,1.5355
Jihlava,Vienna,147,410,1.63532,-0.512261,2.47303
Brno,Bratislava,148,149,1.43036,-0.510663,2.16079
Brno,Trenčín,148,373,1.41275,-0.512532,2.13683
Brno,Vienna,148,410,1.63271,-0.510196,2.46571
Brno,Olomouc,148,716,1.42522,-0.513452,2.15701
Bratislava,Rajka,149,150,1.53431,-0.509347,2.31581
Bratislava,Žilina,149,195,1.62286,-0.512378,2.45438
Bratislava,Győr,149,196,1.57045,-0.504244,2.36233
Bratislava,Vienna,149,410,2.16148,-0.505535,3.25418
Bratislava,Zvolen,149,568,2.14441,-0.510806,3.23978
Bratislava,Dunajská Streda,149,724,1.31716,-0.509537,1.9883
Rajka,Csorna,150,151,0.608053,-0.509201,0.917674
Csorna,Szombathely,151,152,0.301034,-0.505858,0.453315
Szombathely,Zalaegerszeg,152,153,0.298576,-0.497762,0.447196
Zalaegerszeg,Nagykanizsa,153,154,0.593359,-0.493208,0.886007
Nagykanizsa,Letenye,154,155,0.36981,-0.492156,0.551814
Nagykanizsa,Zagreb,154,156,0.808321,-0.48913,1.2037
Nagykanizsa,Balatonvilágos,154,553,1.17539,-0.493475,1.75541
Letenye,Zagreb,155,156,0.438511,-0.486579,0.651881
Zagreb,Karlovac,156,157,0.643466,-0.485802,0.956063
Zagreb,Ljubljana,156,454,0.623028,-0.487646,0.926845
Zagreb,Slavonski Brod,156,455,0.720091,-0.477375,1.06384
Zagreb,Maribor,156,535,0.746572,-0.491621,1.1136
Karlovac,Rijeka,157,158,0.285689,-0.48351,0.423822
Karlovac,Knin,157,554,0.229269,-0.483674,0.340161
Rijeka,Split,158,159,0.193728,-0.480841,0.28688
Rijeka,Trieste,158,452,0.490693,-0.482942,0.727669
Split,Dubrovnik,159,160,0.140678,-0.473057,0.207226
Split,Knin,159,554,0.137308,-0.48002,0.203218
Dubrovnik,Petrovac,160,161,0.0463351,-0.465713,0.067914
Dubrovnik,Podgorica,160,162,0.10363,-0.458451,0.151139
Petrovac,Podgorica,161,162,0.0688785,-0.45245,0.100043
Petrovac,Prizren,161,744,0.0630645,-0.453142,0.0916417
Podgorica,Bijelo Polje,162,163,0.105597,-0.453257,0.153459
Podgorica,Pristina,162,164,0.146136,-0.452421,0.212252
Podgorica,Sarajevo,162,737,0.181502,-0.45367,0.263844
Bijelo Polje,Pristina,163,164,0.147125,-0.452411,0.213687
Bijelo Polje,Nova Varoš,163,740,0.159624,-0.455264,0.232296
Pristina,Skopje,164,165,0.198137,-0.449193,0.287138
Pristina,Niš,164,202,0.388072,-0.455105,0.564686
Pristina,Prizren,164,744,0.121083,-0.451822,0.17579
Skopje,Kičevo,165,166,0.135603,-0.445353,0.195994
Skopje,Kumanovo,165,203,0.194303,-0.449353,0.281613
Skopje,Veles,165,204,0.143547,-0.443238,0.207172
Kičevo,Ohrid,166,167,0.0561933,-0.442513,0.0810595
Ohrid,Bitola,167,168,0.0265163,-0.435423,0.038062
Bitola,Niki,168,169,0.0199308,-0.420528,0.0283122
Niki,Vevi,169,170,0.0301082,-0.409925,0.0424503
Vevi,Kozani,170,171,0.0649699,-0.408226,0.0914922
Kozani,Larissa,171,172,0.0439641,-0.408065,0.0619042
Kozani,Thessaloniki,171,207,0.143252,-0.410822,0.202103
Kozani,Ioannina,171,477,0.0535663,-0.407675,0.0754039
Larissa,Domokos,172,173,0.0195461,-0.406949,0.0275004
Larissa,Lamia,172,174,0.0195461,-0.406949,0.0275004
Larissa,Katerini,172,208,0.0558553,-0.409081,0.0787047
Larissa,Trikala,172,687,0.0278436,-0.40635,0.0391578
Domokos,Lamia,173,174,6.6007e-05,-0.480649,3.30035e-05
Aigio,Corinth,175,176,0.00089337,-0.381609,0.00123429
Corinth,Tripoli,176,177,0.000444483,-0.37135,0.000609541
Varangerbotn,Utsjoki,178,179,0.0668259,-0.52725,0.10206
Varangerbotn,Kirkenes,178,243,0.167261,-0.529595,0.255842
Varangerbotn,Karasjok,178,502,0.0664088,-0.528463,0.101503
Utsjoki,Inari,179,180,0.0260645,-0.518267,0.0395729
Inari,Ivalo,180,181,0.0123199,-0.481244,0.0182487
Ivalo,Sodankylä,181,182,0.0104329,-0.410179,0.0147123
Sodankylä,Rovaniemi,182,183,0.0125141,-0.362363,0.0170488
Sodankylä,Kemijärvi,182,539,0.00792653,-0.370578,0.0108639
Rovaniemi,Kemi,183,184,0.0176865,-0.353517,0.023939
Kemi,Oulu,184,185,0.0258737,-0.363814,0.0352869
Kemi,Tornio,184,614,0.018329,-0.349423,0.0247335
Oulu,Jyväskylä,185,186,0.0250906,-0.376262,0.0345313
Oulu,Kokkola,185,615,0.0190802,-0.37489,0.0262331
Jyväskylä,Heinola,186,187,0.0314739,-0.408958,0.0443454
Jyväskylä,Kuopio,186,544,0.0239814,-0.385175,0.0332185
Jyväskylä,Tampere,186,545,0.0314302,-0.401081,0.0440363
Heinola,Lahti,187,188,0.0327027,-0.453461,0.0475322
Lahti,Helsinki,188,189,0.0635904,-0.485295,0.0944505
Helsinki,Hämeenlinna,189,618,0.0642338,-0.48481,0.095375
Helsinki,Kotka,189,621,0.167633,-0.518255,0.25451
Gdańsk,Świecie,190,191,1.70529,-0.526758,2.60356
Gdańsk,Kaliningrad,190,563,1.31322,-0.529918,2.00911
Gdańsk,Elbląg,190,564,1.4605,-0.527583,2.23103
Gdańsk,Gdynia,190,639,1.04303,-0.527637,1.59337
Świecie,Łódź,191,192,1.20754,-0.525166,1.8417
Świecie,Poznań,191,315,1.60898,-0.52549,2.45448
Łódź,Piotrków Trybunalski,192,193,1.38361,-0.525269,2.11038
Piotrków Trybunalski,Katowice,193,194,1.6395,-0.523658,2.49804
Piotrków Trybunalski,Warsaw,193,316,2.37894,-0.527462,3.63375
Piotrków Trybunalski,Wrocław,193,339,1.65688,-0.523456,2.52418
Katowice,Žilina,194,195,1.35211,-0.518541,2.05323
Katowice,Zabrze,194,342,1.18848,-0.521219,1.80793
Katowice,Kraków,194,343,1.8235,-0.521604,2.77464
Katowice,Český Těšín,194,717,0.944383,-0.52038,1.43582
Žilina,Olomouc,195,716,0.814409,-0.515123,1.23393
Győr,Budapest,196,197,2.18027,-0.50225,3.27531
Győr,Vámosszabadi,196,726,0.987857,-0.505235,1.48696
Budapest,Szeged,197,198,2.29166,-0.49147,3.41794
Budapest,Mosonmagyaróvár,197,412,2.32375,-0.500722,3.48731
Budapest,Szolnok,197,413,2.27279,-0.494107,3.39579
Budapest,Miskolc,197,552,2.31849,-0.499243,3.47599
Budapest,Balatonvilágos,197,553,2.03738,-0.494214,3.04429
Budapest,Szekszárd,197,555,1.85158,-0.495375,2.76881
Budapest,Zvolen,197,568,2.13962,-0.502034,3.21378
Szeged,Subotica,198,199,1.34666,-0.489858,2.00633
Szeged,Arad,198,684,1.66474,-0.482074,2.46727
Subotica,Novi Sad,199,200,0.783448,-0.481363,1.16057
Subotica,Sombor,199,735,0.711424,-0.488203,1.05874
Novi Sad,Belgrade,200,201,0.763663,-0.472648,1.12461
Belgrade,Niš,201,202,0.648187,-0.463815,0.948826
Belgrade,Slavonski Brod,201,455,0.685002,-0.471889,1.00825
Belgrade,Vršac,201,456,0.628201,-0.467446,0.921851
Belgrade,Čačak,201,739,0.55753,-0.464408,0.816452
Niš,Kumanovo,202,203,0.277096,-0.456751,0.40366
Niš,Drobeta-Turnu Severin,202,458,0.630438,-0.461589,0.921441
Niš,Sofia,202,468,0.478598,-0.446167,0.692133
Kumanovo,Kyustendil,203,745,0.177999,-0.447806,0.257708
Veles,Gevgelija,204,205,0.0785495,-0.432767,0.112543
Gevgelija,Evzoni,205,206,0.0815397,-0.418153,0.115636
Evzoni,Thessaloniki,206,207,0.152722,-0.412783,0.215763
Thessaloniki,Katerini,207,208,0.103605,-0.411703,0.14626
Thessaloniki,Alexandroupoli,207,233,0.216062,-0.411564,0.304986
Thessaloniki,Serres,207,577,0.182964,-0.417765,0.2594
Klaipėda,Kaunas,209,210,1.93139,-0.535596,2.96583
Klaipėda,Palanga,209,704,1.13101,-0.536484,1.73777
Kaunas,Vilnius,210,211,2.14395,-0.535372,3.29177
Kaunas,Warsaw,210,316,4.13213,-0.532482,6.33242
Kaunas,Riga,210,547,2.82557,-0.535226,4.33788
Kaunas,Ukmergė,210,701,1.80258,-0.535484,2.76783
Vilnius,Lida,211,212,2.00293,-0.536053,3.0766
Vilnius,Minsk,211,318,4.0707,-0.534059,6.24469
Vilnius,Marijampolė,211,641,2.10228,-0.536228,3.22958
Vilnius,Ukmergė,211,701,2.10412,-0.536326,3.23261
Lida,Slonim,212,213,0.783032,-0.53592,1.20267
Slonim,Kobryn,213,214,0.402418,-0.531852,0.616445
Kobryn,Dubno,214,215,0.449858,-0.523448,0.685335
Dubno,Ternopil,215,216,0.968252,-0.519417,1.47118
Ternopil,Chernivtsi,216,217,1.09271,-0.516525,1.65712
Ternopil,Stryj,216,379,1.55058,-0.515794,2.35036
Ternopil,Khmelnytskyi,216,380,1.37345,-0.521657,2.08993
Chernivtsi,Siret,217,218,0.821751,-0.510076,1.24091
Siret,Suceava,218,219,1.3891,-0.504832,2.09036
Suceava,Roman,219,220,1.36934,-0.502214,2.05705
Suceava,Halmeu,219,578,2.11321,-0.501413,3.1728
Suceava,Iaşi,219,670,1.8463,-0.506262,2.78101
Roman,Urziceni,220,221,0.755121,-0.497047,1.13045
Urziceni,Bucharest,221,222,0.527764,-0.485853,0.78418
Urziceni,Slobozia,221,421,0.432013,-0.491041,0.644149
Bucharest,Giurgiu,222,223,0.272312,-0.4702,0.400352
Bucharest,Ploieşti,222,420,0.243517,-0.474663,0.359105
Bucharest,Constanţa,222,423,0.363294,-0.476646,0.536457
Bucharest,Alexandria,222,460,0.281613,-0.471367,0.414356
Bucharest,Piteşti,222,583,0.305898,-0.472572,0.450457
Giurgiu,Ruse,223,224,0.142336,-0.462712,0.208197
Ruse,Byala,224,225,0.0751729,-0.450947,0.109072
Ruse,Razgrad,224,461,0.0697819,-0.452332,0.101347
Byala,Veliko Tarnovo,225,226,0.0594684,-0.443523,0.0858441
Byala,Pleven,225,584,0.0582796,-0.442676,0.0840786
Veliko Tarnovo,Stara Zagora,226,227,0.0673046,-0.440383,0.0969445
Veliko Tarnovo,Shumen,226,462,0.0644338,-0.447467,0.0932658
Stara Zagora,Haskovo,227,228,0.0407833,-0.437083,0.0586089
Stara Zagora,Burgas,227,590,0.0588432,-0.446762,0.0851321
Haskovo,Svilengrad,228,229,0.0195249,-0.428434,0.02789
Svilengrad,Ormenio,229,230,0.0149967,-0.415515,0.0212281
Ormenio,Kastanies,230,231,0.0229313,-0.408959,0.0323093
Kastanies,Didymoteicho,231,232,0.0496218,-0.409474,0.0699407
Didymoteicho,Alexandroupoli,232,233,0.11695,-0.410755,0.164988
Alexandroupoli,Gelibolu,233,478,0.145994,-0.411097,0.206011
Saint Petersburg,Pskov,234,235,3.98958,-0.531834,6.11137
Saint Petersburg,Moscow,234,239,7.49992,-0.527687,11.4575
Saint Petersburg,Petrozavodsk,234,245,2.55679,-0.52879,3.90879
Saint Petersburg,Narva,234,304,3.01649,-0.531319,4.61921
Saint Petersburg,Vyborg,234,623,2.55684,-0.52878,3.90884
Pskov,Gomel,235,236,5.27496,-0.533385,8.08855
Pskov,Riga,235,547,3.79685,-0.534417,5.82596
Gomel,Kiev,236,237,7.33818,-0.530083,11.228
Gomel,Babruysk,236,703,4.41118,-0.533367,6.76396
Kiev,Odessa,237,238,5.34169,-0.523871,8.14004
Kiev,Hlukhiv,237,242,6.50028,-0.526483,9.92256
Kiev,Kharkiv,237,247,6.34075,-0.524658,9.66748
Kiev,Rivne,237,348,4.6979,-0.527196,7.17462
Kiev,Zhytomyr,237,349,3.74351,-0.526865,5.71583
Odessa,Izmail,238,586,1.78089,-0.520883,2.70853
Odessa,Chişinău,238,672,2.10989,-0.520507,3.2081
Odessa,Mykolaiv,238,673,2.07049,-0.522259,3.15182
Moscow,Kaluga,239,240,5.30607,-0.525705,8.0955
Moscow,Orel,239,246,5.67585,-0.523918,8.64953
Moscow,Voronezh,239,248,5.98806,-0.516097,9.07849
Moscow,Tambov,239,256,5.15272,-0.521132,7.83797
Moscow,Smolensk,239,319,5.79287,-0.528262,8.85302
Moscow,Ryazan,239,320,4.44062,-0.515882,6.73146
Moscow,Velikiye Luki,239,628,5.10771,-0.525952,7.79413
Moscow,Vladimir,239,629,4.54599,-0.515032,6.88732
Kaluga,Bryansk,240,241,2.91625,-0.527669,4.45506
Bryansk,Hlukhiv,241,242,3.60404,-0.528041,5.50713
Hlukhiv,Kursk,242,645,3.84472,-0.526874,5.87041
Kirkenes,Murmansk,243,244,0.367107,-0.529776,0.561591
Murmansk,Petrozavodsk,244,245,0.955921,-0.529359,1.46195
Orel,Kharkiv,246,247,4.28288,-0.524312,6.52845
Kharkiv,Luhansk,247,350,3.44369,-0.524522,5.24998
Voronezh,Novorossiysk,248,249,3.84404,-0.517621,5.8338
Voronezh,Kursk,248,645,3.72303,-0.523597,5.67239
Voronezh,Saratov,248,646,3.17444,-0.508403,4.78834
Novorossiysk,Dzhankoy,249,601,1.53847,-0.518079,2.33552
Novorossiysk,Sochi,249,602,1.49372,-0.517953,2.26739
Mineralnye Vody,Nalchik,250,251,0.200988,-0.500859,0.301654
Mineralnye Vody,Makhachkala,250,260,0.451822,-0.500419,0.677921
Mineralnye Vody,Armavir,250,387,0.237187,-0.503209,0.356542
Nalchik,Vladikavkaz,251,252,0.0769736,-0.499979,0.115459
Vladikavkaz,Stepantsminda,252,253,0.0299298,-0.498131,0.0448388
Stepantsminda,Mtskheta,253,254,0.012704,-0.493816,0.0189774
Mtskheta,Tbilisi,254,255,0.00802501,-0.486797,0.0119316
Tbilisi,Gori,255,428,0.00521041,-0.484087,0.0077327
Tbilisi,Rustavi,255,429,0.0075158,-0.486908,0.0111753
Tambov,Povorino,256,257,2.33005,-0.52232,3.54708
Povorino,Volgograd,257,258,1.94143,-0.519267,2.94955
Volgograd,Astrakhan,258,259,2.11323,-0.509348,3.18959
Volgograd,Luhansk,258,350,2.26964,-0.520801,3.45167
Astrakhan,Makhachkala,259,260,1.38964,-0.500363,2.08497
Astrakhan,Atyrau,259,265,1.85485,-0.489651,2.76307
Makhachkala,Kuba,260,261,0.445364,-0.500338,0.668196
Kuba,Baku,261,262,0.170147,-0.500332,0.255277
Baku,Yevlakh,262,431,0.0651913,-0.500001,0.097787
Samara,Oral,263,264,1.59242,-0.468509,2.33849
Samara,Penza,263,321,1.43047,-0.488269,2.12893
Samara,Ufa,263,322,1.16201,-0.463728,1.70087
Oral,Atyrau,264,265,1.71245,-0.462186,2.50392
Oral,Saratov,264,646,2.17803,-0.490253,3.24581
Oral,Aktobe,264,647,1.15146,-0.466218,1.68829
Atyrau,Beineu,265,266,0.788972,-0.473725,1.16273
Atyrau,Beyneu,265,351,0.788972,-0.473725,1.16273
Beineu,Shetpe,266,267,0.308886,-0.47315,0.455035
Shetpe,Zhetybai,267,268,0.121098,-0.472906,0.178366
Zhetybai,Fetisovo,268,269,0.0478465,-0.472153,0.0704374
Fetisovo,Bekdash,269,270,0.0197768,-0.467534,0.0290232
Bekdash,Türkmenbaşy,270,271,0.0101998,-0.449303,0.0147826
Türkmenbaşy,Gyzylarbat,271,272,0.00978842,-0.419457,0.0138942
Gyzylarbat,Ashgabat,272,432,0.0175887,-0.409572,0.0247925
Chelyabinsk,Kostanay,273,274,0.243253,-0.464225,0.356176
Chelyabinsk,Ufa,273,322,0.518939,-0.465342,0.760424
Chelyabinsk,Kurgan,273,323,0.269245,-0.462283,0.393713
Kostanay,Esil,274,275,0.105812,-0.460783,0.154569
Esil,Derzhavinsk,275,276,0.0658856,-0.445558,0.0952415
Derzhavinsk,Arkalyk,276,277,0.0846705,-0.426163,0.120754
Arkalyk,Jezkazgan,277,278,0.175622,-0.419117,0.249229
Jezkazgan,Kyzylorda,278,279,0.27314,-0.416917,0.387016
Jezkazgan,Karaganda,278,286,0.259729,-0.418576,0.368445
Kyzylorda,Shymkent,279,280,0.256003,-0.41137,0.361315
Kyzylorda,Novokazalinsk,279,650,0.196556,-0.420962,0.279298
Shymkent,Tashkent,280,281,0.198154,-0.401742,0.277761
Shymkent,Zhambyl,280,359,0.160091,-0.40331,0.224657
Tashkent,Ayni,281,282,0.0711017,-0.39544,0.0992181
Tashkent,Jizzakh,281,358,0.091663,-0.394817,0.127853
Tashkent,Kokand,281,689,0.0747618,-0.397871,0.104507
Ayni,Dushanbe,282,283,0.0551476,-0.390314,0.0766724
Ayni,Kokand,282,689,0.027498,-0.392109,0.0382801
Dushanbe,Termez,283,440,0.0301119,-0.386378,0.0417464
Dushanbe,Jirgatal,283,441,0.0307093,-0.387061,0.0425957
Dushanbe,Kulob,283,692,0.0224898,-0.386843,0.0311898
Ishim,Astana,284,285,0.12256,-0.436948,0.176112
Ishim,Omsk,284,291,0.12256,-0.436948,0.176112
Ishim,Kurgan,284,323,0.189549,-0.453666,0.275541
Ishim,Tyumen,284,635,0.129004,-0.449664,0.187013
Astana,Karaganda,285,286,0.132073,-0.42443,0.188129
Karaganda,Balkhash,286,287,0.152162,-0.413803,0.215127
Karaganda,Pavlodar,286,292,0.158314,-0.421027,0.224969
Balkhash,Burubaytal,287,288,0.0908079,-0.408761,0.127927
Burubaytal,Almaty,288,289,0.103691,-0.40246,0.145423
Almaty,Bishkek,289,290,0.1578,-0.399011,0.220765
Almaty,Sary-Ozek,289,360,0.0761168,-0.399585,0.106532
Almaty,Kokpek,289,695,0.0624662,-0.399695,0.0874337
Bishkek,Zhambyl,290,359,0.141546,-0.399579,0.198105
Bishkek,Osh,290,691,0.141792,-0.397336,0.19813
Omsk,Pavlodar,291,292,0.0955071,-0.429419,0.13652
Pavlodar,Semey,292,293,0.0805255,-0.424931,0.114743
Semey,Georgiyevka,293,294,0.0334305,-0.423715,0.0475955
Georgiyevka,Ayagoz,294,364,0.0146655,-0.421172,0.0208423
Narvik,Kiruna,295,296,0.00381657,-0.346973,0.00514082
Narvik,Setermoen,295,498,0.00211862,-0.379324,0.00292226
Kiruna,Töre,296,297,0.00816302,-0.340643,0.0109437
Töre,Luleå,297,298,0.0180708,-0.340097,0.0242166
Luleå,Umeå,298,612,0.0312587,-0.340961,0.0419167
Luleå,Haparanda,298,613,0.0201113,-0.340227,0.0269537
Helsingborg,Halmstad,299,300,0.0253387,-0.345756,0.0340997
Helsingborg,Jönköping,299,605,0.0156175,-0.345434,0.0210123
Örebro,Stockholm,301,302,0.0487812,-0.345479,0.0656341
Örebro,Karlstad,301,620,0.0291182,-0.345769,0.0391864
Stockholm,Södertälje,302,608,0.0360596,-0.345282,0.0485103
Stockholm,Uppsala,302,609,0.0426793,-0.345028,0.0574048
Tallinn,Narva,303,304,1.79423,-0.533392,2.75126
Tallinn,Riga,303,547,2.48603,-0.534344,3.81443
Colchester,Ipswich,305,306,6.6007e-05,-0.480649,6.6007e-05
Ipswich,Cambridge,306,636,6.6007e-05,-0.480649,6.6007e-05
The Hague,Gouda,307,308,0.373863,-0.521641,0.568885
Amersfoort,Oldenzaal,309,310,0.636255,-0.522339,0.968595
Amersfoort,Hoogeveen,309,698,0.593873,-0.522331,0.904071
Oldenzaal,Osnabrück,310,311,0.549537,-0.523226,0.837069
Osnabrück,Bad Oeynhausen,311,312,1.03788,-0.523732,1.58146
Bad Oeynhausen,Dortmund,312,508,1.78784,-0.524301,2.7252
Braunschweig,Magdeburg,313,314,1.37591,-0.520732,2.09238
Magdeburg,Halle,314,518,1.45813,-0.519957,2.21629
Poznań,Warsaw,315,316,2.75171,-0.52692,4.20164
Poznań,Wrocław,315,339,1.60654,-0.52374,2.44794
Warsaw,Elbląg,316,564,2.20719,-0.528498,3.37369
Warsaw,Radom,316,565,2.61215,-0.527058,3.98891
Warsaw,Lublin,316,713,3.1093,-0.527885,4.75065
Brest,Rennes,317,365,0.324588,-0.512382,0.490902
Brest,Lorient,317,388,0.177459,-0.51182,0.268285
Minsk,Smolensk,318,319,4.29977,-0.531788,6.58634
Minsk,Babruysk,318,703,3.89768,-0.533997,5.97903
Ryazan,Penza,320,321,1.94475,-0.509476,2.93555
Ufa,Yelabuga,322,632,0.564129,-0.468983,0.828696
Bruges,Ghent,324,325,1.60294,-0.518489,2.43405
Bruges,Zeebrugge,324,642,1.81566,-0.518679,2.7574
Ghent,Brussels,325,326,2.18125,-0.519523,3.31446
Brussels,Leuven,326,327,2.79865,-0.5212,4.25731
Leuven,Hasselt,327,708,1.84323,-0.523438,2.80805
Eupen,Aachen,328,329,2.23489,-0.525375,3.40905
Eupen,St. Vith,328,653,1.1475,-0.524696,1.74959
Aachen,Heerlen,329,709,1.76072,-0.525716,2.68636
Olpe,Wetzlar,330,331,2.09772,-0.525328,3.19971
Wetzlar,Gießen,331,332,2.09845,-0.525716,3.20163
Wetzlar,Dortmund,331,508,2.92295,-0.525191,4.45806
Wetzlar,Aschaffenburg,331,509,2.25186,-0.525282,3.43473
Wetzlar,Koblenz,331,660,2.20233,-0.525535,3.35974
Gießen,Bad Hersfeld,332,333,1.30459,-0.526009,1.99081
Bad Hersfeld,Eisenach,333,334,0.608002,-0.524907,0.927146
Eisenach,Erfurt,334,335,0.549707,-0.521566,0.836415
Erfurt,Gera,335,336,1.06483,-0.519615,1.61813
Gera,Chemnitz,336,337,1.58602,-0.519121,2.40935
Gera,Leipzig,336,526,1.59783,-0.519235,2.42747
Gera,Hirschberg,336,527,1.12443,-0.519359,1.70842
Chemnitz,Plauen,337,519,1.49512,-0.51908,2.2712
Wrocław,Opole,339,340,1.33002,-0.521847,2.02408
Wrocław,Kłodzko,339,548,1.34983,-0.52176,2.05411
Opole,Gliwice,340,341,0.633904,-0.521523,0.9645
Gliwice,Zabrze,341,342,0.598984,-0.521227,0.91119
Kraków,Rzeszów,343,344,0.859745,-0.521905,1.30845
Kraków,Radom,343,565,1.05058,-0.524887,1.60201
Kraków,Trstená,343,566,1.07696,-0.519916,1.63689
Rzeszów,Jarosław,344,345,0.826039,-0.523653,1.2586
Rzeszów,Radom,344,565,0.908588,-0.52597,1.38648
Rzeszów,Barwinek,344,710,0.647556,-0.523354,0.986457
Jarosław,Korczowa,345,346,0.89623,-0.522771,1.36475
Korczowa,Lviv,346,347,1.90347,-0.521827,2.89675
Lviv,Rivne,347,348,2.5762,-0.524347,3.92702
Lviv,Mukachevo,347,378,3.39528,-0.516784,5.1499
Lviv,Lublin,347,713,1.91959,-0.523847,2.92515
Rivne,Zhytomyr,348,349,1.61718,-0.527117,2.46963
Rivne,Kovel,348,714,1.59663,-0.52708,2.43818
Zhytomyr,Vinnytsia,349,381,2.70049,-0.527323,4.12452
Beyneu,Qo‘ng‘irot,351,352,0.312307,-0.472468,0.459862
Qo‘ng‘irot,Nukus,352,353,0.130752,-0.468692,0.192035
Nukus,Daşoguz,353,354,0.0717622,-0.455332,0.104438
Daşoguz,Bukhara,354,355,0.0297931,-0.419154,0.042281
Daşoguz,Ashgabat,354,432,0.0336096,-0.418317,0.0476691
Daşoguz,Uchkuduk,354,688,0.021082,-0.434687,0.030246
Bukhara,Navoiy,355,356,0.0280648,-0.39452,0.039137
Bukhara,Alat,355,436,0.0224637,-0.393833,0.0313107
Bukhara,Karshi,355,437,0.0228578,-0.393634,0.0318554
Bukhara,Uchkuduk,355,688,0.0156122,-0.401014,0.021873
Navoiy,Samarkand,356,357,0.0251443,-0.391644,0.0349919
Samarkand,Jizzakh,357,358,0.041919,-0.393251,0.0584037
Sary-Ozek,Taldykorgan,360,361,0.0364244,-0.399015,0.0509583
Sary-Ozek,Koktal,360,697,0.0343761,-0.398924,0.0480896
Taldykorgan,Ucharal,361,362,0.0161132,-0.399553,0.0225513
Ucharal,Taskesken,362,363,0.00867813,-0.403943,0.0121836
Taskesken,Ayagoz,363,364,0.00825399,-0.414083,0.0116718
Rennes,Le Mans,365,366,0.804345,-0.512674,1.21671
Le Mans,Angers,366,391,0.655962,-0.512748,0.992305
Le Mans,Tours,366,392,0.765801,-0.511206,1.15728
Le Mans,Rouen,366,662,1.25319,-0.515366,1.89905
Reims,Charleroi,367,651,1.73674,-0.519897,2.63967
Reims,Charleville-Mézières,367,658,1.58823,-0.519602,2.41348
Reims,Rouen,367,662,1.80347,-0.517743,2.73721
Saarbrücken,Mannheim,368,369,3.06596,-0.524872,4.67519
Saarbrücken,Trier,368,659,1.58516,-0.52369,2.41529
Mannheim,Heilbronn,369,370,2.86982,-0.524601,4.37534
Rozvadov,Plzeň,371,372,2.31879,-0.519032,3.52232
Plzeň,Karlovy Vary,372,523,1.6092,-0.51842,2.44344
Plzeň,České Budějovice,372,524,1.86148,-0.516977,2.82383
Plzeň,Bayerisch Eisenstein,372,530,1.90645,-0.517973,2.89394
Trenčín,Prešov,373,374,1.22462,-0.512894,1.85273
Prešov,Košice,374,375,1.89708,-0.511732,2.86788
Prešov,Svidník,374,712,0.929668,-0.513335,1.4069
Košice,Vyšné Nemecké,375,376,0.957583,-0.510873,1.44679
Košice,Uzhhorod,375,377,1.85926,-0.512403,2.81195
Košice,Miskolc,375,552,1.70811,-0.507126,2.57433
Košice,Zvolen,375,568,1.79744,-0.509092,2.7125
Vyšné Nemecké,Uzhhorod,376,377,0.901677,-0.514027,1.36516
Uzhhorod,Mukachevo,377,378,2.9961,-0.515094,4.53938
Uzhhorod,Chop,377,723,1.50697,-0.512327,2.27903
Mukachevo,Stryj,378,379,2.20822,-0.512387,3.33968
Mukachevo,Halmeu,378,578,2.66977,-0.507025,4.02341
Khmelnytskyi,Vinnytsia,380,381,1.68735,-0.525623,2.57427
Vinnytsia,Uman,381,382,1.64342,-0.526089,2.508
Vinnytsia,Mohyliv-Podilskyi,381,728,1.51889,-0.525748,2.31745
Uman,Kirovohrad,382,383,1.24093,-0.523417,1.89046
Kirovohrad,Dnipropetrovsk,383,384,0.862625,-0.521251,1.31227
Kirovohrad,Chişinău,383,672,1.72315,-0.520055,2.61928
Dnipropetrovsk,Donetsk,384,385,0.360946,-0.520179,0.548702
Donetsk,Rostov-on-Don,385,386,0.234779,-0.516937,0.356145
Rostov-on-Don,Armavir,386,387,0.198816,-0.510244,0.30026
Rostov-on-Don,Taganrog,386,675,0.210812,-0.516798,0.31976
Lorient,Vannes,388,389,0.211983,-0.51132,0.320373
Vannes,Nantes,389,390,0.463288,-0.511318,0.700176
Nantes,Angers,390,391,0.645938,-0.511075,0.97606
Nantes,Poitiers,390,676,0.904972,-0.51179,1.36813
Angers,Tours,391,392,0.504834,-0.507088,0.760829
Tours,Vierzon,392,503,0.660558,-0.505536,0.994494
Montargis,Auxerre,393,394,1.20087,-0.510246,1.8136
Auxerre,Beaune,394,395,2.25111,-0.512249,3.40424
Beaune,Dole,395,396,2.28419,-0.515072,3.46071
Beaune,Antwerp,395,505,3.90697,-0.516271,5.92402
Dole,Besançon,396,397,1.20875,-0.517052,1.83374
Besançon,Belfort,397,398,1.3833,-0.519733,2.10225
Zürich,Winterthur,399,400,1.36012,-0.519226,2.06633
Winterthur,St. Gallen,400,401,0.968822,-0.519,1.47164
Winterthur,Schaffhausen,400,511,1.32063,-0.521429,2.00924
St. Gallen,St. Margrethen,401,402,0.88705,-0.516563,1.34527
St. Margrethen,Bregenz,402,403,1.45893,-0.515101,2.21042
St. Margrethen,Buchs,402,514,0.680118,-0.51532,1.0306
Bregenz,Feldkirch,403,748,1.4021,-0.514323,2.12323
Bregenz,Lindau,403,513,2.20307,-0.515467,3.33868
Feldkirch,Landeck,748,404,0.63892,-0.512566,0.966409
Feldkirch,Imst,748,406,0.66667,-0.512475,1.00832
Landeck,Telfs,404,405,0.44618,-0.511428,0.674369
Sattledt,Liezen,408,532,0.941121,-0.511581,1.42258
Sattledt,Wels,408,669,0.999478,-0.514063,1.51327
Sankt Pölten,Vienna,409,410,1.9633,-0.510055,2.96469
Vienna,Nickelsdorf,410,411,2.1488,-0.508069,3.24054
Vienna,Halámky,410,525,2.07309,-0.510308,3.13101
Vienna,Graz,410,534,2.64404,-0.50691,3.98433
Nickelsdorf,Mosonmagyaróvár,411,412,1.48624,-0.504657,2.23628
Szolnok,Püspökladány,413,414,1.64379,-0.490886,2.4507
Püspökladány,Oradea,414,415,2.06648,-0.489721,3.07848
Püspökladány,Nyíregyháza,414,722,1.27993,-0.494701,1.91311
Oradea,Cluj-Napoca,415,416,0.983709,-0.483343,1.45918
Oradea,Berettyóújfalu,415,570,1.42007,-0.489512,2.11521
Oradea,Beiuş,415,571,0.930683,-0.484834,1.38191
Oradea,Satu Mare,415,579,1.51365,-0.489344,2.25435
Oradea,Arad,415,684,1.5759,-0.482173,2.33576
Cluj-Napoca,Turda,416,417,0.618977,-0.483806,0.918442
Cluj-Napoca,Zalău,416,580,0.599217,-0.487421,0.891288
Turda,Târgu Mureş,417,418,0.272085,-0.480206,0.402741
Turda,Sebeş,417,581,0.281336,-0.479888,0.416346
Târgu Mureş,Braşov,418,419,0.192855,-0.476124,0.284678
Braşov,Ploieşti,419,420,0.164578,-0.473441,0.242496
Braşov,Sibiu,419,582,0.227713,-0.475266,0.335938
Braşov,Piteşti,419,583,0.136977,-0.469795,0.201328
Slobozia,Hârşova,421,422,0.299152,-0.491462,0.446173
Slobozia,Galaţi,421,588,0.509226,-0.499493,0.76358
Hârşova,Constanţa,422,423,0.304808,-0.488153,0.453601
Constanţa,Varna,423,463,0.25337,-0.471391,0.372806
Constanţa,Tulcea,423,589,0.304808,-0.488153,0.453601
Senaki,Samtredia,424,425,0.0297105,-0.521318,0.0451991
Senaki,Zugdidi,424,604,0.0790333,-0.520516,0.120171
Samtredia,Kutaisi,425,426,0.0113649,-0.521104,0.0172873
Kutaisi,Khashuri,426,427,0.004864,-0.514495,0.0073665
Khashuri,Gori,427,428,0.00336806,-0.495581,0.0050372
Rustavi,Ganja,429,430,0.0110217,-0.494437,0.0164713
Ganja,Yevlakh,430,431,0.0254267,-0.498679,0.0381065
Ashgabat,Tejen,432,433,0.0172909,-0.405304,0.024299
Tejen,Mary,433,434,0.00870213,-0.394123,0.0121318
Mary,Türkmenabat,434,435,0.00697278,-0.384962,0.00965704
Türkmenabat,Alat,435,436,0.0106119,-0.386952,0.0147183
Karshi,Guzar,437,438,0.0116225,-0.38622,0.0161114
Guzar,Sherobod,438,439,0.00936493,-0.382076,0.012943
Sherobod,Termez,439,440,0.0142636,-0.383831,0.0197384
Jirgatal,Sary Tash,441,442,0.0281615,-0.389049,0.0391177
Jirgatal,Khorugh,441,694,0.0171184,-0.386252,0.0237305
Sary Tash,Irkeshtam,442,443,0.0369632,-0.39285,0.0514841
Irkeshtam,Osh,443,691,0.0748067,-0.395089,0.104362
A Coruña,Bilbao,444,445,0.0878546,-0.47814,0.129861
A Coruña,Pontevedra,444,481,0.0374001,-0.471121,0.0550201
Clermont-Ferrand,Montluçon,446,504,0.765366,-0.501806,1.14943
Chambéry,Susa,447,448,0.827577,-0.503824,1.24453
Chambéry,Marseille,447,736,0.629283,-0.504879,0.946995
Susa,Turin,448,449,0.523851,-0.495504,0.783421
Tortona,Brescia,450,451,0.1926,-0.461147,0.281417
Trieste,Postojna,452,453,0.262649,-0.482822,0.389462
Trieste,Ljubljana,452,454,0.519566,-0.488291,0.773266
Postojna,Ljubljana,453,454,0.366285,-0.492016,0.546504
Ljubljana,Maribor,454,535,0.646934,-0.496579,0.968188
Ljubljana,Naklo,454,538,0.940124,-0.496425,1.40682
Vršac,Timişoara,456,457,0.633173,-0.468838,0.930028
Timişoara,Drobeta-Turnu Severin,457,458,0.70876,-0.467983,1.04045
Timişoara,Arad,457,684,1.16819,-0.474597,1.72261
Drobeta-Turnu Severin,Craiova,458,459,0.676766,-0.463908,0.990724
Craiova,Alexandria,459,460,0.283334,-0.4659,0.415339
Craiova,Târgu Jiu,459,574,0.397079,-0.464712,0.581607
Craiova,Piteşti,459,583,0.368939,-0.465485,0.540675
Razgrad,Shumen,461,462,0.0621661,-0.449558,0.0901134
Shumen,Varna,462,463,0.101021,-0.457405,0.147228
Varna,Burgas,463,590,0.0993196,-0.457473,0.144756
Lisbon,Valladolid,464,465,0.0637584,-0.458996,0.0930233
Lisbon,Porto,464,483,0.0568315,-0.449939,0.0824023
Lisbon,Albufeira,464,484,0.0554067,-0.447331,0.0801918
Toulouse,Nice,466,467,0.72423,-0.487322,1.07716
Nice,Cuneo,467,685,0.295658,-0.479518,0.437432
Sofia,Plovdiv,468,469,0.262087,-0.442891,0.378163
Sofia,Botevgrad,468,575,0.263132,-0.442837,0.379656
Sofia,Blagoevgrad,468,576,0.28271,-0.440178,0.407153
Sofia,Kyustendil,468,745,0.200973,-0.445477,0.290502
Plovdiv,Istanbul,469,470,0.108908,-0.442164,0.157064
Istanbul,İzmit,470,471,0.0520404,-0.440858,0.0749829
İzmit,Gerede,471,472,0.0177688,-0.438419,0.025559
İzmit,Bursa,471,479,0.0177971,-0.437057,0.0255754
Gerede,Kızılcahamam,472,599,0.00827749,-0.435844,0.0118852
Mazara del Vallo,Palermo,473,474,6.6007e-05,-0.480649,6.6007e-05
Metaponto,Taranto,475,476,0.00698543,-0.436281,0.010033
Metaponto,Potenza,475,743,0.00374696,-0.434495,0.00537499
Ioannina,Trikala,477,687,0.0222357,-0.405576,0.0312539
Gelibolu,Keşan,478,596,0.0695108,-0.411501,0.0981146
Gelibolu,Ayvalık,478,597,0.0695168,-0.411513,0.0981239
Bursa,Ankara,479,480,0.00891923,-0.432489,0.0127767
Bursa,Balıkesir,479,746,0.0104068,-0.427044,0.014851
Ankara,Kızılcahamam,480,599,0.00600159,-0.43268,0.00859836
Pontevedra,Valença,481,482,0.0221857,-0.457768,0.0323416
Valença,Porto,482,483,0.027283,-0.448101,0.0395086
Albufeira,Castro Marim,484,485,0.0284049,-0.440463,0.0409162
Castro Marim,Huelva,485,486,0.0264257,-0.439354,0.0380359
Cherbourg-Octeville,La Rochelle,487,488,0.173041,-0.512532,0.261729
Cherbourg-Octeville,Caen,487,661,0.381623,-0.516187,0.578612
La Rochelle,Saintes,488,730,0.141836,-0.503367,0.213232
Oslo,Hamar,489,490,0.0223506,-0.346247,0.0300895
Oslo,Askim,489,619,0.0232891,-0.346025,0.0313477
Hamar,Lillehammer,490,491,0.0141337,-0.34635,0.0190289
Lillehammer,Dombås,491,492,0.0157071,-0.346094,0.0211432
Dombås,Trondheim,492,493,0.0281528,-0.345667,0.0378843
Trondheim,Stjørdal,493,494,0.027547,-0.345514,0.0370649
Stjørdal,Steinkjer,494,495,0.0138663,-0.345284,0.0186542
Steinkjer,Mosjøen,495,496,0.00976133,-0.343972,0.013119
Mosjøen,Mo i Rana,496,497,0.0123716,-0.342332,0.0166068
Mo i Rana,Umeå,497,612,0.0234522,-0.341723,0.0314664
Setermoen,Alta,498,499,0.00202795,-0.455103,0.00295088
Alta,Olderfjord,499,500,0.00378314,-0.508292,0.00570609
Olderfjord,Lakselv,500,501,0.00938422,-0.523594,0.0142977
Lakselv,Karasjok,501,502,0.0248123,-0.527325,0.0378965
Vierzon,Montluçon,503,504,0.474411,-0.502837,0.712962
Antwerp,Zeebrugge,505,642,2.65306,-0.518759,4.02936
Martigny,Sion,506,678,0.618158,-0.509554,0.933143
Bremen,Groningen,507,624,2.24897,-0.523438,3.42617
Stuttgart,Schaffhausen,510,511,2.02565,-0.522911,3.08489
Stuttgart,Ulm,510,512,1.78307,-0.52144,2.71283
Ulm,Lindau,512,513,1.53144,-0.519179,2.32653
Lindau,Waldshut,513,666,2.09674,-0.518421,3.18373
Buchs,Chur,514,515,0.270502,-0.514955,0.409799
Chur,San Bernardino,515,516,0.13948,-0.514662,0.211265
Halle,Plauen,518,519,1.38924,-0.519506,2.11096
Plauen,Schönberg,519,520,1.13495,-0.519375,1.72442
Plauen,Hof,519,528,1.50828,-0.519634,2.29203
Schönberg,Vojtanov,520,521,0.685042,-0.519499,1.04092
Vojtanov,Cheb,521,522,0.946889,-0.519571,1.43886
Cheb,Karlovy Vary,522,523,1.56255,-0.518885,2.37333
Cheb,Marktredwitz,522,663,1.25304,-0.520002,1.90462
Karlovy Vary,Teplice,523,715,0.962095,-0.518075,1.46053
České Budějovice,Halámky,524,525,1.29963,-0.513734,1.96729
Hirschberg,Hof,527,528,1.16763,-0.519662,1.7744
Hof,Bayreuth,528,529,1.90406,-0.520288,2.89472
Bayreuth,Marktredwitz,529,663,1.7186,-0.520472,2.61309
Bayerisch Eisenstein,Deggendorf,530,531,1.43086,-0.517835,2.17181
Liezen,Sankt Michael,532,533,0.75988,-0.508098,1.14597
Sankt Michael,Graz,533,534,1.35083,-0.505545,2.03373
Graz,Maribor,534,535,1.13348,-0.502233,1.70275
Graz,Spielfeld,534,536,0.868693,-0.50471,1.30713
Graz,Klagenfurt,534,683,1.59649,-0.5026,2.39888
Maribor,Spielfeld,535,536,0.377563,-0.497896,0.56555
Karavanke Tunnel,Naklo,537,538,0.826257,-0.501936,1.24099
Naklo,Loiblpass,538,734,0.784555,-0.500516,1.17724
Kemijärvi,Posio,539,540,0.00378764,-0.359677,0.00514996
Posio,Kuusamo,540,541,0.00237339,-0.353176,0.00321162
Kuusamo,Kajaani,541,542,0.0026356,-0.35782,0.00357866
Kajaani,Iisalmi,542,543,0.00478394,-0.367538,0.00654222
Iisalmi,Kuopio,543,544,0.0104488,-0.376487,0.0143827
Tampere,Turku,545,546,0.0157668,-0.414656,0.0223045
Tampere,Vaasa,545,616,0.0180906,-0.40331,0.0253868
Tampere,Hämeenlinna,545,618,0.0388928,-0.4518,0.0564646
Turku,Pori,546,617,0.00912805,-0.398647,0.0127669
Riga,Šiauliai,547,561,2.58405,-0.536156,3.9695
Riga,Rēzekne,547,627,2.72211,-0.534809,4.17791
Kłodzko,Kudowa-Zdrój,548,549,0.612468,-0.520697,0.931378
Kudowa-Zdrój,Náchod,549,550,0.512929,-0.51827,0.778765
Náchod,Hradec Králové,550,551,0.945062,-0.516624,1.4333
Hradec Králové,Olomouc,551,716,1.29785,-0.515314,1.96665
Miskolc,Debrecen,552,569,1.35281,-0.501406,2.03111
Szekszárd,Mohács,555,556,0.779268,-0.495796,1.16563
Mohács,Osijek,556,557,0.479669,-0.49505,0.71713
Osijek,Đakovo,557,558,0.282379,-0.493236,0.421658
Osijek,Sombor,557,735,0.460273,-0.491375,0.68644
Đakovo,Šamac,558,559,0.122562,-0.488843,0.182476
Šamac,Zenica,559,560,0.0825725,-0.472884,0.12162
Zenica,Sarajevo,560,737,0.120677,-0.458178,0.175969
Šiauliai,Tolpaki,561,562,2.00464,-0.536662,3.08046
Šiauliai,Palanga,561,704,1.54416,-0.536494,2.37259
Šiauliai,Panevėžys,561,705,1.59775,-0.53656,2.45504
Tolpaki,Kaliningrad,562,563,1.25721,-0.534342,1.92899
Tolpaki,Nesterov,562,640,1.1839,-0.536584,1.81916
Trstená,Ružomberok,566,567,0.868393,-0.513844,1.31461
Ružomberok,Zvolen,567,568,1.55226,-0.50917,2.34263
Debrecen,Berettyóújfalu,569,570,0.926891,-0.495794,1.38644
Beiuş,Deva,571,572,0.611028,-0.479628,0.904094
Deva,Petroşani,572,573,0.484041,-0.471441,0.712237
Deva,Sibiu,572,582,0.625751,-0.47216,0.921206
Deva,Arad,572,684,0.870424,-0.47493,1.28381
Petroşani,Târgu Jiu,573,574,0.300154,-0.467779,0.44056
Botevgrad,Jablanica,575,585,0.111685,-0.442002,0.161051
Blagoevgrad,Serres,576,577,0.162765,-0.430515,0.232837
Halmeu,Satu Mare,578,579,1.91859,-0.494835,2.86798
Satu Mare,Zalău,579,580,0.806206,-0.490525,1.20167
Sebeş,Sibiu,581,582,0.283735,-0.474398,0.418338
Sibiu,Piteşti,582,583,0.301325,-0.469265,0.442727
Pleven,Jablanica,584,585,0.0589698,-0.44112,0.0849825
Izmail,Reni,586,587,0.800777,-0.518009,1.21559
Reni,Galaţi,587,588,0.650284,-0.510736,0.982407
Galaţi,Tulcea,588,589,0.389363,-0.501334,0.584564
Galaţi,Giurgiuleşti,588,729,0.779203,-0.51161,1.17785
Burgas,Malko Tarnovo,590,591,0.0491588,-0.448038,0.0711838
Malko Tarnovo,Dereköy,591,592,0.0205394,-0.441843,0.0296146
Dereköy,Kırklareli,592,593,0.0100704,-0.430889,0.0144097
Kırklareli,Babaeski,593,594,0.00827992,-0.415341,0.0117189
Babaeski,Havsa,594,595,0.0133674,-0.408844,0.0188326
Havsa,Keşan,595,596,0.0293852,-0.410201,0.0414391
Ayvalık,İzmir,597,598,0.029406,-0.410268,0.0414703
İzmir,Manisa,598,747,0.0134238,-0.40899,0.0189141
Kherson,Dzhankoy,600,601,1.0146,-0.520209,1.54241
Kherson,Mykolaiv,600,673,1.17103,-0.522026,1.78234
Kherson,Melitopol,600,674,0.641182,-0.521412,0.975502
Sochi,Sukhumi,602,603,0.56111,-0.51873,0.852175
Sukhumi,Zugdidi,603,604,0.210632,-0.519575,0.320072
Jönköping,Linköping,605,606,0.0115511,-0.345243,0.0155391
Linköping,Norrköping,606,607,0.0154606,-0.345214,0.0207978
Norrköping,Södertälje,607,608,0.0240271,-0.34524,0.0323222
Norrköping,Kalmar,607,626,0.0154032,-0.345209,0.0207205
Uppsala,Sundsvall,609,610,0.0440227,-0.344431,0.0591855
Sundsvall,Örnsköldsvik,610,611,0.0407931,-0.343674,0.0548126
Örnsköldsvik,Umeå,611,612,0.032857,-0.342475,0.0441097
Haparanda,Tornio,613,614,0.0143173,-0.342443,0.0192201
Kokkola,Vaasa,615,616,0.0155199,-0.379688,0.0214126
Vaasa,Pori,616,617,0.00976709,-0.390187,0.0135781
Askim,Karlstad,619,620,0.0194685,-0.34595,0.0262036
Kotka,Vaalimaa,621,622,0.367927,-0.527539,0.562022
Vaalimaa,Vyborg,622,623,0.956411,-0.529031,1.46238
Groningen,Hoogeveen,624,698,0.816939,-0.522918,1.24413
Sassnitz,Stralsund,625,699,0.439744,-0.519425,0.668158
Rēzekne,Velikiye Luki,627,628,2.98766,-0.53012,4.57148
Rēzekne,Daugavpils,627,702,1.83694,-0.534356,2.81852
Vladimir,Nizhny Novgorod,629,630,1.74588,-0.515038,2.64507
Nizhny Novgorod,Kazan,630,631,0.744163,-0.511108,1.12451
Kazan,Yelabuga,631,632,0.503141,-0.494784,0.752087
Yelabuga,Perm,632,633,0.324316,-0.480909,0.480283
Perm,Yekaterinburg,633,634,0.140947,-0.477526,0.208253
Yekaterinburg,Tyumen,634,635,0.0921896,-0.464109,0.134976
Koszalin,Słupsk,637,638,0.256859,-0.523581,0.391346
Słupsk,Gdynia,638,639,0.425724,-0.526679,0.649944
Nesterov,Marijampolė,640,641,1.06912,-0.536863,1.64309
Aktobe,Karabutak,647,648,0.464003,-0.464164,0.679377
Karabutak,Aral,648,649,0.207296,-0.457625,0.302159
Aral,Novokazalinsk,649,650,0.140316,-0.439079,0.201926
Charleroi,Namur,651,652,1.2396,-0.521219,1.8857
St. Vith,Wittlich,653,654,1.21863,-0.52436,1.85763
Wittlich,Bingen,654,655,0.766311,-0.525782,1.16922
Bingen,Wiesbaden,655,656,1.11981,-0.52644,1.70933
Amiens,Charleville-Mézières,657,658,1.42865,-0.518642,2.16961
Trier,Koblenz,659,660,1.64968,-0.524843,2.5155
Caen,Rouen,661,662,0.984183,-0.516761,1.49277
Regensburg,Passau,667,668,1.21544,-0.519474,1.84683
Passau,Wels,668,669,1.21664,-0.516557,1.8451
Wels,Braunau am Inn,669,721,1.41221,-0.514799,2.13922
Iaşi,Sculeni,670,671,1.28588,-0.512093,1.94437
Iaşi,Bălţi,670,727,1.09553,-0.512108,1.65656
Sculeni,Chişinău,671,672,1.4989,-0.517007,2.27384
Chişinău,Giurgiuleşti,672,729,1.19166,-0.517458,1.8083
Melitopol,Taganrog,674,675,0.280185,-0.520412,0.425997
Poitiers,Mâcon,676,677,1.69511,-0.512211,2.56337
Sion,Simplon,678,679,0.268447,-0.503663,0.403654
Simplon,Gravellona Toce,679,680,0.18915,-0.486146,0.281105
Innichen,Spittal an der Drau,681,682,0.597731,-0.505071,0.899628
Klagenfurt,Loiblpass,683,734,0.915368,-0.502782,1.3756
Cuneo,Asti,685,686,0.172663,-0.475558,0.254774
Kokand,Andijan,689,690,0.0596929,-0.394784,0.0832586
Andijan,Osh,690,691,0.0784465,-0.394273,0.109376
Kulob,Kalaikhumb,692,693,0.0119017,-0.38506,0.0164846
Kalaikhumb,Khorugh,693,694,0.0104794,-0.384622,0.0145101
Kokpek,Chundzha,695,696,0.0306287,-0.39909,0.0428523
Chundzha,Koktal,696,697,0.0232384,-0.39865,0.0325024
Stralsund,Neubrandenburg,699,700,0.642645,-0.519504,0.976502
Ukmergė,Daugavpils,701,702,1.79277,-0.536249,2.75414
Ukmergė,Panevėžys,701,705,1.64321,-0.536807,2.5253
Breda,Gorinchem,706,707,0.804847,-0.521478,1.22456
Hasselt,Heerlen,708,709,1.1817,-0.524905,1.80198
Barwinek,Vyšný Komárnik,710,711,0.35195,-0.520569,0.535164
Vyšný Komárnik,Svidník,711,712,0.422773,-0.51573,0.640809
Lublin,Kovel,713,714,1.51806,-0.526912,2.31794
Olomouc,Český Těšín,716,717,0.827352,-0.516755,1.25489
Garmisch-Partenkirchen,Mittenwald,718,719,0.897361,-0.515297,1.35977
Mittenwald,Seefeld,719,720,0.572849,-0.513143,0.866802
Nyíregyháza,Chop,722,723,0.926061,-0.504706,1.39345
Dunajská Streda,Medveďov,724,725,0.612137,-0.509378,0.923946
Medveďov,Vámosszabadi,725,726,0.530734,-0.50734,0.799997
Bălţi,Mohyliv-Podilskyi,727,728,0.859818,-0.520333,1.30721
Saintes,Angoulême,730,731,0.253423,-0.498333,0.379711
St. Johann in Tirol,Lofer,732,733,0.903877,-0.512592,1.3672
Sarajevo,Užice,737,738,0.162208,-0.456256,0.236216
Užice,Čačak,738,739,0.243158,-0.459341,0.35485
Čačak,Nova Varoš,739,740,0.242902,-0.459281,0.354462
Avellino,Benevento,741,742,0.0329326,-0.440173,0.0474287
Balıkesir,Manisa,746,747,0.00842211,-0.414766,0.0119153
Warsaw,Brest-Litovsk,316,0,2.85719,-0.531161,4.37482
Brest-Litovsk,Minsk,0,318,2.82561,-0.533361,4.33268
Lyon,Mâcon,17,677,1.69211,-0.510101,2.55526
Beaune,Mâcon,395,677,2.98307,-0.513774,4.51569
