Glasgow,Preston,1,2,0.0746537,0,0.0746537
Glasgow,Edinburgh,1,13,0.0746537,0,0.0746537
Preston,Birmingham,2,3,0.0746537,0,0.0746537
Birmingham,Cambridge,3,636,0.0746537,0,0.0746537
Le Havre,Paris,4,5,1.73185,-0.535669,2.65954
Le Havre,Amiens,4,657,0.920219,-0.539094,1.4163
Paris,Orléans,5,6,2.16568,-0.512821,3.27629
Paris,Calais,5,16,1.51356,-0.530821,2.31699
Paris,Lyon,5,17,2.57209,-0.524969,3.92236
Paris,Brussels,5,326,2.49867,-0.538192,3.84343
Paris,Le Mans,5,366,1.67654,-0.508856,2.52967
Paris,Reims,5,367,1.65209,-0.530766,2.52897
Paris,Chaumont,5,665,2.30789,-0.543473,3.56216
Orléans,Bordeaux,6,7,1.2795,-0.494686,1.91245
Orléans,Tours,6,392,1.37961,-0.496022,2.06393
Orléans,Montargis,6,393,1.48725,-0.519974,2.26058
Orléans,Toulouse,6,466,1.63071,-0.487932,2.42639
Bordeaux,San Sebastián,7,8,1.07477,-0.455622,1.56446
Bordeaux,Clermont-Ferrand,7,446,1.54569,-0.487167,2.29871
Bordeaux,Toulouse,7,466,0.895635,-0.464892,1.31201
Bordeaux,Angoulême,7,731,1.00428,-0.467394,1.47368
San Sebastián,Burgos,8,9,1.03706,-0.392236,1.44383
San Sebastián,Bilbao,8,445,0.797237,-0.422062,1.13372
San Sebastián,Toulouse,8,466,0.913924,-0.4387,1.31486
Burgos,Madrid,9,10,0.819641,-0.387869,1.13755
Burgos,Valladolid,9,465,0.548714,-0.377303,0.755745
Madrid,Seville,10,11,0.792644,-0.329384,1.05373
Madrid,Barcelona,10,21,0.989449,-0.3894,1.37474
Madrid,Valencia,10,24,0.748303,-0.340861,1.00337
Madrid,Lisbon,10,464,0.734684,-0.341533,0.985602
Seville,Algeciras,11,12,0.497244,-0.303639,0.648227
Seville,Huelva,11,486,0.514213,-0.315076,0.676229
Algeciras,Málaga,12,28,0.259468,-0.281363,0.332473
Edinburgh,Newcastle,13,14,0.0746537,0,0.0746537
Newcastle,London,14,15,0.0746537,0,0.0746537
London,Colchester,15,305,0.0746537,0,0.0746537
Calais,Bruges,16,324,1.37055,-0.548111,2.12177
Calais,Rouen,16,662,1.00319,-0.521007,1.52586
Lyon,Orange,17,18,1.36091,-0.510898,2.0562
Lyon,Clermont-Ferrand,17,446,1.72913,-0.50449,2.60146
Lyon,Chambéry,17,447,1.27966,-0.516769,1.94095
Orange,Narbonne,18,19,0.704736,-0.488505,1.049
Orange,Marseille,18,736,0.588142,-0.507963,0.886897
Narbonne,Girona,19,20,0.563724,-0.451289,0.818127
Girona,Barcelona,20,21,0.931519,-0.423714,1.32622
Barcelona,Tarragona,21,22,0.74674,-0.400957,1.04615
Barcelona,Toulouse,21,466,1.50971,-0.438574,2.17182
Tarragona,Castellón de la Plana,22,23,0.462679,-0.382318,0.63957
Castellón de la Plana,Valencia,23,24,0.532399,-0.363984,0.726184
Valencia,Alicante,24,25,0.473625,-0.3267,0.628358
Alicante,Murcia,25,26,0.24504,-0.300122,0.318581
Murcia,Almería,26,27,0.163538,-0.261913,0.206371
Almería,Málaga,27,28,0.167702,-0.261188,0.211503
Hook of Holland,Rotterdam,29,30,0.501706,-0.500695,0.752908
Hook of Holland,The Hague,29,307,0.324145,-0.438131,0.466163
Rotterdam,Eindhoven,30,31,1.18167,-0.524053,1.80093
Eindhoven,Maastricht,31,32,1.18718,-0.535195,1.82255
Eindhoven,Antwerp,31,505,1.91928,-0.549799,2.9745
Eindhoven,Venlo,31,643,1.59128,-0.538829,2.4487
Eindhoven,Breda,31,706,1.28013,-0.5152,1.93965
Maastricht,Liège,32,33,1.41148,-0.535098,2.16677
Liège,Bastogne,33,34,1.30039,-0.531607,1.99168
Liège,Leuven,33,327,2.15764,-0.542779,3.32876
Liège,Eupen,33,328,1.35258,-0.535372,2.07672
Liège,Antwerp,33,505,2.34887,-0.549815,3.64031
Liège,Namur,33,652,1.46158,-0.536154,2.24521
Liège,St. Vith,33,653,1.18918,-0.531543,1.82128
Liège,Charleville-Mézières,33,658,1.56897,-0.534761,2.408
Bastogne,Arlon,34,35,0.782072,-0.526742,1.19402
Arlon,Luxembourg,35,36,1.08766,-0.532326,1.66664
Luxembourg,Metz,36,37,1.8454,-0.54538,2.85184
Luxembourg,St. Vith,36,653,1.3265,-0.525226,2.02321
Luxembourg,Charleville-Mézières,36,658,1.03693,-0.533967,1.59062
Luxembourg,Trier,36,659,1.26303,-0.538584,1.94328
Metz,Saint-Avold,37,38,2.16382,-0.559098,3.3736
Metz,Lausanne,37,44,1.87316,-0.546611,2.89705
Metz,Geneva,37,45,2.30904,-0.542053,3.56066
Metz,Brussels,37,326,2.63047,-0.545005,4.0641
Metz,Reims,37,367,1.96591,-0.540659,3.0288
Metz,Saarbrücken,37,368,2.03931,-0.553607,3.16828
Saint-Avold,Strasbourg,38,39,1.58354,-0.567153,2.48164
Strasbourg,Mulhouse,39,40,1.982,-0.558712,3.08937
Strasbourg,Appenweier,39,664,1.42544,-0.569083,2.23663
Mulhouse,Basel,40,41,2.00325,-0.544874,3.09477
Mulhouse,Belfort,40,398,1.50839,-0.539799,2.32262
Mulhouse,Chaumont,40,665,1.94078,-0.552234,3.01255
Basel,Olten,41,42,1.28758,-0.519358,1.95629
Basel,Offenburg,41,61,1.68261,-0.547852,2.60443
Basel,Zürich,41,399,1.57281,-0.515549,2.38367
Basel,Waldshut,41,666,1.74677,-0.540816,2.69145
Olten,Bern,42,43,1.30525,-0.520359,1.98444
Olten,Lucerne,42,62,0.874906,-0.497979,1.31059
Bern,Lausanne,43,44,1.08209,-0.527055,1.65241
Bern,Belfort,43,398,1.30471,-0.524865,1.98951
Bern,Martigny,43,506,0.878142,-0.488689,1.30728
Lausanne,Geneva,44,45,1.04442,-0.508307,1.57531
Lausanne,Martigny,44,506,0.757785,-0.509629,1.14397
Geneva,Mont Blanc,45,46,1.1887,-0.509366,1.79419
Geneva,Chambéry,45,447,1.51226,-0.490289,2.25371
Geneva,Mâcon,45,677,1.91721,-0.532437,2.938
Mont Blanc,Aosta,46,47,0.789288,-0.480774,1.16876
Aosta,Ivrea,47,48,0.908324,-0.437005,1.30527
Aosta,Martigny,47,506,1.01628,-0.472958,1.49693
Ivrea,Vercelli,48,49,0.469024,-0.41511,0.66372
Ivrea,Turin,48,449,0.732889,-0.417533,1.03889
Vercelli,Alessandria,49,50,0.491308,-0.411243,0.693355
Alessandria,Genoa,50,51,0.674596,-0.436665,0.969168
Alessandria,Turin,50,449,0.60267,-0.420781,0.856261
Alessandria,Tortona,50,450,0.491418,-0.415991,0.695843
Alessandria,Asti,50,686,0.618683,-0.417251,0.87683
Genoa,Rome,51,74,1.43964,-0.452963,2.09175
Genoa,Tortona,51,450,0.798904,-0.442838,1.15269
Genoa,Nice,51,467,1.05259,-0.446294,1.52235
Amsterdam,Utrecht,52,53,1.24556,-0.490764,1.85684
Amsterdam,Amersfoort,52,309,0.632624,-0.527335,0.966229
Amsterdam,Brussels,52,326,2.56322,-0.538698,3.94402
Amsterdam,Groningen,52,624,1.17785,-0.521015,1.79152
Utrecht,Arnhem,53,54,1.04423,-0.469386,1.53438
Utrecht,Gouda,53,308,0.91204,-0.445417,1.31828
Utrecht,Amersfoort,53,309,0.828619,-0.45123,1.20252
Utrecht,Gorinchem,53,707,1.02837,-0.461021,1.50246
Arnhem,Emmerich,54,55,0.836379,-0.507027,1.26045
Emmerich,Oberhausen,55,56,1.47666,-0.53469,2.26622
Oberhausen,Cologne,56,57,2.42772,-0.529409,3.71298
Oberhausen,Dortmund,56,508,1.77239,-0.543621,2.7359
Oberhausen,Venlo,56,643,1.71534,-0.541194,2.64367
Cologne,Frankfurt am Main,57,58,2.54331,-0.541381,3.92021
Cologne,Aachen,57,329,2.2909,-0.533139,3.51226
Cologne,Olpe,57,330,1.62646,-0.54131,2.50688
Cologne,Bremen,57,507,2.66299,-0.52199,4.05304
Frankfurt am Main,Heidelberg,58,59,2.07416,-0.560419,3.23656
Frankfurt am Main,Gießen,58,332,1.51746,-0.552223,2.35544
Frankfurt am Main,Mannheim,58,369,2.43337,-0.55534,3.78472
Frankfurt am Main,Aschaffenburg,58,509,1.77012,-0.558908,2.75945
Frankfurt am Main,Wiesbaden,58,656,1.7111,-0.552864,2.6571
Heidelberg,Karlsruhe,59,60,1.76522,-0.563234,2.75945
Karlsruhe,Offenburg,60,61,1.69676,-0.537398,2.6086
Karlsruhe,Stuttgart,60,510,2.22208,-0.56255,3.47211
Karlsruhe,Appenweier,60,664,1.62108,-0.566238,2.53901
Lucerne,Altdorf,62,63,0.736303,-0.463829,1.07782
Altdorf,Gotthard Pass,63,64,0.632907,-0.418575,0.897825
Altdorf,Zürich,63,399,0.920051,-0.483193,1.36461
Gotthard Pass,Bellinzona,64,65,0.480446,-0.349,0.648121
Bellinzona,Lugano,65,66,0.383726,-0.312668,0.503704
Bellinzona,San Bernardino,65,516,0.371055,-0.310038,0.486097
Lugano,Chiasso,66,67,0.311832,-0.333055,0.41569
Chiasso,Como,67,68,0.447654,-0.378646,0.617156
Como,Milan,68,69,0.92248,-0.401897,1.29322
Milan,Piacenza,69,70,1.02786,-0.420499,1.46008
Milan,Turin,69,449,1.02089,-0.41345,1.44297
Milan,Tortona,69,450,0.715552,-0.416772,1.01377
Milan,Brescia,69,451,0.87419,-0.426122,1.2467
Milan,Gravellona Toce,69,680,0.93292,-0.407287,1.31289
Piacenza,Parma,70,71,0.746234,-0.438447,1.07342
Parma,Modena,71,72,1.11897,-0.44957,1.62203
Modena,Florence,72,73,1.28462,-0.465245,1.88229
Modena,Verona,72,94,1.45089,-0.449319,2.10281
Modena,Bologna,72,95,1.24088,-0.457198,1.80822
Florence,Rome,73,74,1.21689,-0.462545,1.77975
Rome,Pescara,74,125,1.36424,-0.439561,1.96391
Östersund,Mora,75,76,0.75283,-0.368792,1.03047
Östersund,Trondheim,75,493,0.90562,-0.36207,1.23352
Östersund,Sundsvall,75,610,0.991097,-0.356399,1.34432
Mora,Säffle,76,77,0.545515,-0.375319,0.750257
Säffle,Gothenburg,77,78,0.747683,-0.357354,1.01487
Gothenburg,Halmstad,78,300,0.770484,-0.340618,1.03292
Gothenburg,Örebro,78,301,0.77898,-0.355707,1.05607
Gothenburg,Oslo,78,489,0.671309,-0.345559,0.903286
Hamburg,Hanover,79,80,1.73941,-0.51555,2.63616
Hamburg,Berlin,79,108,1.92859,-0.517085,2.92584
Hamburg,Bremen,79,507,2.15576,-0.513027,3.26172
Hamburg,Lübeck,79,517,1.00558,-0.515685,1.52415
Hanover,Göttingen,80,81,1.11295,-0.528983,1.70168
Hanover,Bad Oeynhausen,80,312,1.29546,-0.523209,1.97325
Hanover,Braunschweig,80,313,1.261,-0.524899,1.9229
Göttingen,Kassel,81,82,0.951295,-0.534434,1.4597
Kassel,Fulda,82,83,1.19091,-0.550126,1.84606
Kassel,Dortmund,82,508,1.48609,-0.540457,2.28926
Fulda,Würzburg,83,84,1.67023,-0.561024,2.60727
Würzburg,Nuremberg,84,85,2.50152,-0.560523,3.90368
Würzburg,Aschaffenburg,84,509,2.18132,-0.558765,3.40017
Würzburg,Stuttgart,84,510,1.69438,-0.563346,2.6489
Würzburg,Ulm,84,512,1.1765,-0.559044,1.83421
Nuremberg,Munich,85,86,2.3948,-0.546376,3.70326
Nuremberg,Heilbronn,85,370,2.26179,-0.559287,3.52678
Nuremberg,Rozvadov,85,371,1.95934,-0.542671,3.02262
Nuremberg,Bayreuth,85,529,2.65703,-0.53905,4.0893
Nuremberg,Regensburg,85,667,1.79626,-0.55024,2.78463
Munich,Rosenheim,86,87,1.97611,-0.527185,3.01788
Munich,Salzburg,86,115,2.35236,-0.536038,3.61331
Munich,Ulm,86,512,1.74082,-0.550737,2.69955
Munich,Lindau,86,513,2.1999,-0.532855,3.37212
Munich,Deggendorf,86,531,1.95481,-0.546028,3.02219
Munich,Garmisch-Partenkirchen,86,718,1.86545,-0.544347,2.8809
Munich,Braunau am Inn,86,721,1.58071,-0.537872,2.43093
Rosenheim,Wörgl,87,88,1.44109,-0.513826,2.18156
Rosenheim,Bad Reichenhall,87,407,1.07992,-0.525965,1.64791
Wörgl,Innsbruck,88,89,1.62859,-0.478304,2.40755
Wörgl,St. Johann in Tirol,88,732,1.10691,-0.498344,1.65853
Innsbruck,Brenner,89,90,1.11614,-0.44968,1.61805
Innsbruck,Telfs,89,405,0.903149,-0.462453,1.32081
Innsbruck,Imst,89,406,0.918343,-0.463254,1.34377
Innsbruck,Seefeld,89,720,1.05339,-0.464186,1.54236
Brenner,Fortezza,90,91,0.765028,-0.436003,1.09858
Fortezza,Bolzano,91,92,0.608089,-0.434118,0.872071
Fortezza,Innichen,91,681,0.63093,-0.447156,0.913054
Bolzano,Trento,92,93,0.610808,-0.445292,0.882796
Trento,Verona,93,94,1.1575,-0.455868,1.68517
Verona,Mestre,94,120,1.59634,-0.461431,2.33294
Verona,Brescia,94,451,1.31434,-0.449392,1.90499
Bologna,Cesena,95,96,1.06874,-0.446793,1.54625
Cesena,Perugia,96,97,0.782005,-0.417763,1.1087
Cesena,Ravenna,96,121,1.05351,-0.447619,1.52509
Cesena,Rimini,96,122,0.798966,-0.431383,1.14363
Perugia,Fiano Romano,97,98,0.36578,-0.392236,0.509252
Fiano Romano,Naples,98,99,0.236498,-0.285939,0.304123
Naples,Salerno,99,100,0.100258,-0.247396,0.125061
Naples,Avellino,99,741,0.145192,-0.295648,0.188117
Salerno,Sicignano degli Alburni,100,101,0.138686,-0.117489,0.15498
Salerno,Avellino,100,741,0.125322,-0.240906,0.155513
Sicignano degli Alburni,Potenza,101,743,0.113344,-0.131117,0.128205
Messina,Catania,102,103,0.0746537,0,0.0746537
Messina,Palermo,102,474,0.0746537,0,0.0746537
Catania,Siracusa,103,104,0.0746537,0,0.0746537
Siracusa,Gela,104,105,0.0746537,0,0.0746537
Gela,Mazara del Vallo,105,473,0.0746537,0,0.0746537
Helsingborg,Copenhagen,299,106,0.217193,-0.298875,0.282106
Copenhagen,Malmö,106,135,0.126605,-0.272865,0.161151
Rostock,Berlin,107,108,1.46822,-0.516417,2.22643
Rostock,Lübeck,107,517,0.733207,-0.515543,1.11121
Rostock,Sassnitz,107,625,0.629632,-0.506867,0.948771
Berlin,Lübbenau,108,109,2.19865,-0.518827,3.33937
Berlin,Szczecin,108,137,1.74992,-0.514761,2.65071
Berlin,Świebodzin,108,139,2.05978,-0.520873,3.13267
Berlin,Magdeburg,108,314,2.16084,-0.522536,3.28996
Berlin,Leipzig,108,526,1.94648,-0.516945,2.9527
Berlin,Neubrandenburg,108,700,1.35867,-0.514197,2.05729
Lübbenau,Dresden,109,110,1.61568,-0.520643,2.45688
Lübbenau,Cottbus,109,644,1.2011,-0.521925,1.82799
Dresden,Ústí nad Labem,110,111,1.61039,-0.526216,2.4578
Dresden,Chemnitz,110,337,1.83721,-0.521295,2.79493
Dresden,Görlitz,110,338,1.17526,-0.524722,1.79195
Ústí nad Labem,Prague,111,112,1.79633,-0.522977,2.73576
Prague,Tábor,112,113,1.72523,-0.524015,2.62928
Prague,Mladá Boleslav,112,146,1.04546,-0.505949,1.57441
Prague,Jihlava,112,147,1.75098,-0.524467,2.66932
Prague,Plzeň,112,372,1.8682,-0.531863,2.86183
Prague,Karlovy Vary,112,523,1.25403,-0.504987,1.8873
Prague,Hradec Králové,112,551,1.37927,-0.504212,2.07471
Tábor,Linz,113,114,1.50767,-0.526619,2.30163
Linz,Salzburg,114,115,1.6462,-0.52822,2.51576
Linz,Sattledt,114,408,0.649621,-0.525921,0.99127
Linz,Sankt Pölten,114,409,1.51638,-0.530903,2.32142
Linz,Wels,114,669,1.12139,-0.52664,1.71196
Salzburg,Villach,115,116,2.71833,-0.51967,4.13096
Salzburg,Bad Reichenhall,115,407,1.33841,-0.521573,2.0365
Salzburg,Sattledt,115,408,1.34879,-0.525409,2.05745
Salzburg,Lofer,115,733,1.62029,-0.518968,2.46116
Villach,Tarvisio,116,117,1.50293,-0.516199,2.27875
Villach,Karavanke Tunnel,116,537,1.29551,-0.51163,1.95833
Villach,Spittal an der Drau,116,682,1.45649,-0.511055,2.20084
Villach,Klagenfurt,116,683,1.55172,-0.510221,2.34345
Tarvisio,Udine,117,118,0.846911,-0.508508,1.27757
Udine,Palmanova,118,119,1.05221,-0.486689,1.56431
Palmanova,Mestre,119,120,1.52477,-0.474228,2.24786
Palmanova,Trieste,119,452,1.37169,-0.470527,2.01711
Mestre,Ravenna,120,121,1.19856,-0.461951,1.75224
Rimini,Fano,122,123,0.43564,-0.423214,0.620008
Fano,Ancona,123,124,0.44105,-0.422021,0.627183
Ancona,Pescara,124,125,0.818726,-0.419846,1.16247
Pescara,Canosa di Puglia,125,126,1.05222,-0.378587,1.45058
Canosa di Puglia,Bari,126,127,0.579213,-0.274932,0.738457
Canosa di Puglia,Benevento,126,742,0.537332,-0.296942,0.696888
Bari,Brindisi,127,128,0.189662,-0.254406,0.237913
Bari,Taranto,127,476,0.196334,-0.238996,0.243258
Brindisi,Taranto,128,476,0.0793911,-0.196971,0.0950288
Igoumenitsa,Preveza,129,130,0.258362,-0.222291,0.315794
Igoumenitsa,Ioannina,129,477,0.343669,-0.264778,0.434665
Preveza,Rhion,130,131,0.287919,-0.165159,0.335471
Rhion,Patras,131,132,0.237456,-0.140596,0.270841
Rhion,Aigio,131,175,0.237456,-0.140596,0.270841
Patras,Pyrgos,132,133,0.157045,-0.131165,0.177644
Pyrgos,Kalamata,133,134,0.117832,-0.111743,0.130999
Kalamata,Tripoli,134,177,0.104953,-0.122713,0.117832
Malmö,Helsingborg,135,299,0.307891,-0.292872,0.398064
Malmö,Kalmar,135,626,0.311554,-0.279407,0.398605
Goleniów,Szczecin,136,137,0.76933,-0.496426,1.15125
Goleniów,Koszalin,136,637,0.34974,-0.472681,0.515055
Szczecin,Gorzów Wielkopolski,137,138,0.794546,-0.514297,1.20318
Gorzów Wielkopolski,Świebodzin,138,139,0.935354,-0.519149,1.42094
Świebodzin,Zielona Góra,139,140,1.24502,-0.519031,1.89123
Świebodzin,Poznań,139,315,1.89428,-0.52388,2.88665
Zielona Góra,Legnica,140,141,1.24474,-0.519213,1.89103
Legnica,Jelenia Góra,141,142,1.16681,-0.507158,1.75856
Legnica,Görlitz,141,338,1.25854,-0.519304,1.9121
Legnica,Wrocław,141,339,1.94,-0.511916,2.93312
Legnica,Cottbus,141,644,1.26056,-0.51907,1.91489
Jelenia Góra,Harrachov,142,143,0.5355,-0.480645,0.792886
Harrachov,Železný Brod,143,144,0.418966,-0.451394,0.608085
Železný Brod,Turnov,144,145,0.680669,-0.453121,0.989095
Turnov,Mladá Boleslav,145,146,0.660302,-0.483521,0.979572
Turnov,Hradec Králové,145,551,0.964586,-0.473386,1.42121
Turnov,Teplice,145,715,0.812891,-0.482289,1.20494
Jihlava,Brno,147,148,0.938124,-0.512142,1.41858
Jihlava,Vienna,147,410,1.42519,-0.533611,2.18569
Brno,Bratislava,148,149,1.31726,-0.515033,1.9957
Brno,Trenčín,148,373,1.29325,-0.5108,1.95384
Brno,Vienna,148,410,1.48377,-0.530991,2.27164
Brno,Olomouc,148,716,1.30653,-0.512531,1.97616
Bratislava,Rajka,149,150,1.45398,-0.511455,2.19763
Bratislava,Žilina,149,195,1.50851,-0.513456,2.28307
Bratislava,Győr,149,196,1.4608,-0.533636,2.24033
Bratislava,Vienna,149,410,2.1446,-0.519668,3.25908
Bratislava,Zvolen,149,568,1.99267,-0.515093,3.01909
Bratislava,Dunajská Streda,149,724,1.23882,-0.514307,1.87596
Rajka,Csorna,150,151,0.595934,-0.500977,0.894483
Csorna,Szombathely,151,152,0.334985,-0.455288,0.487499
Szombathely,Zalaegerszeg,152,153,0.379064,-0.46813,0.556515
Zalaegerszeg,Nagykanizsa,153,154,0.778045,-0.478748,1.15053
Nagykanizsa,Letenye,154,155,0.482546,-0.491524,0.719729
Nagykanizsa,Zagreb,154,156,1.23126,-0.479779,1.82199
Nagykanizsa,Balatonvilágos,154,553,1.35215,-0.514082,2.04727
Letenye,Zagreb,155,156,0.748714,-0.47221,1.10226
Zagreb,Karlovac,156,157,1.16706,-0.458481,1.70213
Zagreb,Ljubljana,156,454,1.07169,-0.465479,1.57054
Zagreb,Slavonski Brod,156,455,1.50685,-0.48206,2.23324
Zagreb,Maribor,156,535,1.15419,-0.479404,1.70751
Karlovac,Rijeka,157,158,0.575938,-0.434498,0.826181
Karlovac,Knin,157,554,0.476981,-0.423325,0.6789
Rijeka,Split,158,159,0.453752,-0.407327,0.638577
Rijeka,Trieste,158,452,0.956689,-0.448537,1.3858
Split,Dubrovnik,159,160,0.48206,-0.350185,0.650871
Split,Knin,159,554,0.354796,-0.384729,0.491295
Dubrovnik,Petrovac,160,161,0.18953,-0.346283,0.255161
Dubrovnik,Podgorica,160,162,0.472474,-0.357838,0.641543
Petrovac,Podgorica,161,162,0.338236,-0.365796,0.461962
Petrovac,Prizren,161,744,0.283423,-0.371844,0.388813
Podgorica,Bijelo Polje,162,163,0.497702,-0.373566,0.683627
Podgorica,Pristina,162,164,0.619391,-0.391414,0.861828
Podgorica,Sarajevo,162,737,0.904394,-0.364798,1.23431
Bijelo Polje,Pristina,163,164,0.598342,-0.405669,0.84107
Bijelo Polje,Nova Varoš,163,740,0.645425,-0.401373,0.904481
Pristina,Skopje,164,165,0.844205,-0.391435,1.17466
Pristina,Niš,164,202,1.30607,-0.44191,1.88324
Pristina,Prizren,164,744,0.498095,-0.40097,0.697815
Skopje,Kičevo,165,166,0.64684,-0.371616,0.887216
Skopje,Kumanovo,165,203,0.747904,-0.414317,1.05777
Skopje,Veles,165,204,0.684647,-0.383109,0.946942
Kičevo,Ohrid,166,167,0.312634,-0.340435,0.419066
Ohrid,Bitola,167,168,0.191292,-0.302991,0.249251
Bitola,Niki,168,169,0.185868,-0.286741,0.239165
Niki,Vevi,169,170,0.287037,-0.315045,0.377467
Vevi,Kozani,170,171,0.569066,-0.340435,0.762796
Kozani,Larissa,171,172,0.377744,-0.343762,0.507598
Kozani,Thessaloniki,171,207,1.03891,-0.39014,1.44423
Kozani,Ioannina,171,477,0.491388,-0.336322,0.656652
Larissa,Domokos,172,173,0.175124,-0.332308,0.233319
Larissa,Lamia,172,174,0.175124,-0.332308,0.233319
Larissa,Katerini,172,208,0.428763,-0.373159,0.588759
Larissa,Trikala,172,687,0.271944,-0.313664,0.357243
Domokos,Lamia,173,174,0.000583232,0.5,0.000291616
Aigio,Corinth,175,176,0.157045,-0.131165,0.177644
Corinth,Tripoli,176,177,0.117832,-0.111743,0.130999
Varangerbotn,Utsjoki,178,179,0.296326,-0.219124,0.361258
Varangerbotn,Kirkenes,178,243,0.328151,-0.280018,0.420039
Varangerbotn,Karasjok,178,502,0.28204,-0.205672,0.340048
Utsjoki,Inari,179,180,0.216946,-0.217922,0.264223
Inari,Ivalo,180,181,0.232121,-0.237634,0.287281
Ivalo,Sodankylä,181,182,0.357616,-0.261038,0.450967
Sodankylä,Rovaniemi,182,183,0.480615,-0.293503,0.621677
Sodankylä,Kemijärvi,182,539,0.345296,-0.256483,0.433858
Rovaniemi,Kemi,183,184,0.614541,-0.322218,0.812558
Kemi,Oulu,184,185,0.820251,-0.329089,1.09019
Kemi,Tornio,184,614,0.589229,-0.333052,0.785474
Oulu,Jyväskylä,185,186,0.716316,-0.314974,0.941936
Oulu,Kokkola,185,615,0.530221,-0.319387,0.699567
Jyväskylä,Heinola,186,187,0.601802,-0.302572,0.783891
Jyväskylä,Kuopio,186,544,0.599851,-0.301589,0.780759
Jyväskylä,Tampere,186,545,0.606965,-0.302029,0.790285
Heinola,Lahti,187,188,0.400379,-0.3002,0.520573
Lahti,Helsinki,188,189,0.439343,-0.301703,0.571894
Helsinki,Hämeenlinna,189,618,0.474577,-0.303017,0.618382
Helsinki,Kotka,189,621,0.420865,-0.336506,0.562488
Gdańsk,Świecie,190,191,1.40876,-0.517627,2.13798
Gdańsk,Kaliningrad,190,563,1.10052,-0.494683,1.64493
Gdańsk,Elbląg,190,564,1.17466,-0.51839,1.78359
Gdańsk,Gdynia,190,639,0.900159,-0.492454,1.34345
Świecie,Łódź,191,192,1.02364,-0.51688,1.55273
Świecie,Poznań,191,315,1.32972,-0.521719,2.02346
Łódź,Piotrków Trybunalski,192,193,1.15913,-0.518013,1.75957
Piotrków Trybunalski,Katowice,193,194,1.44325,-0.50386,2.17044
Piotrków Trybunalski,Warsaw,193,316,1.85662,-0.523026,2.82768
Piotrków Trybunalski,Wrocław,193,339,1.46585,-0.508064,2.21059
Katowice,Žilina,194,195,1.27147,-0.499024,1.90597
Katowice,Zabrze,194,342,1.13687,-0.490211,1.69417
Katowice,Kraków,194,343,1.68307,-0.499529,2.52381
Katowice,Český Těšín,194,717,0.891696,-0.493908,1.33211
Žilina,Olomouc,195,716,0.772209,-0.499023,1.15756
Győr,Budapest,196,197,2.12412,-0.527945,3.24554
Győr,Vámosszabadi,196,726,0.929188,-0.526476,1.41838
Budapest,Szeged,197,198,2.53908,-0.530265,3.88546
Budapest,Mosonmagyaróvár,197,412,2.17815,-0.548783,3.37349
Budapest,Szolnok,197,413,2.29522,-0.54676,3.55015
Budapest,Miskolc,197,552,2.20293,-0.54111,3.39496
Budapest,Balatonvilágos,197,553,2.17254,-0.526719,3.31686
Budapest,Szekszárd,197,555,1.90517,-0.527519,2.91018
Budapest,Zvolen,197,568,2.07304,-0.531065,3.17396
Szeged,Subotica,198,199,1.66141,-0.508316,2.50592
Szeged,Arad,198,684,2.25296,-0.525167,3.43614
Subotica,Novi Sad,199,200,1.25014,-0.501195,1.87671
Subotica,Sombor,199,735,0.98634,-0.486415,1.46611
Novi Sad,Belgrade,200,201,1.57154,-0.495347,2.35
Belgrade,Niš,201,202,1.64593,-0.473696,2.4256
Belgrade,Slavonski Brod,201,455,1.67094,-0.48129,2.47515
Belgrade,Vršac,201,456,1.40586,-0.496689,2.10413
Belgrade,Čačak,201,739,1.54459,-0.460849,2.25641
Niš,Kumanovo,202,203,0.82876,-0.453495,1.2046
Niš,Drobeta-Turnu Severin,202,458,1.63908,-0.48325,2.43117
Niš,Sofia,202,468,1.55251,-0.456953,2.26194
Kumanovo,Kyustendil,203,745,0.614007,-0.437617,0.882707
Veles,Gevgelija,204,205,0.432086,-0.387816,0.599655
Gevgelija,Evzoni,205,206,0.514663,-0.406919,0.72409
Evzoni,Thessaloniki,206,207,1.01609,-0.4111,1.43381
Thessaloniki,Katerini,207,208,0.712208,-0.404144,1.00004
Thessaloniki,Alexandroupoli,207,233,1.50577,-0.411019,2.12467
Thessaloniki,Serres,207,577,1.10136,-0.418788,1.56259
Klaipėda,Kaunas,209,210,1.23699,-0.527325,1.88928
Klaipėda,Palanga,209,704,0.735923,-0.520175,1.11873
Kaunas,Vilnius,210,211,1.3135,-0.539915,2.02268
Kaunas,Warsaw,210,316,2.76642,-0.539739,4.25957
Kaunas,Riga,210,547,1.66,-0.539783,2.55604
Kaunas,Ukmergė,210,701,1.1243,-0.532782,1.7233
Vilnius,Lida,211,212,1.19681,-0.525604,1.82585
Vilnius,Minsk,211,318,2.2483,-0.561855,3.51153
Vilnius,Marijampolė,211,641,1.27112,-0.526337,1.94016
Vilnius,Ukmergė,211,701,1.2427,-0.530854,1.90239
Lida,Slonim,212,213,0.503373,-0.500731,0.755428
Slonim,Kobryn,213,214,0.31405,-0.449558,0.455233
Kobryn,Dubno,214,215,0.407093,-0.463656,0.595845
Dubno,Ternopil,215,216,0.87764,-0.481626,1.30033
Ternopil,Chernivtsi,216,217,0.996043,-0.496203,1.49028
Ternopil,Stryj,216,379,1.35493,-0.514477,2.05201
Ternopil,Khmelnytskyi,216,380,1.15854,-0.495028,1.73205
Chernivtsi,Siret,217,218,0.786989,-0.512575,1.19038
Siret,Suceava,218,219,1.38472,-0.525391,2.11223
Suceava,Roman,219,220,1.51057,-0.519084,2.29469
Suceava,Halmeu,219,578,2.1664,-0.529096,3.31263
Suceava,Iaşi,219,670,1.81327,-0.527233,2.76928
Roman,Urziceni,220,221,1.1519,-0.483003,1.70827
Urziceni,Bucharest,221,222,1.27579,-0.442348,1.84013
Urziceni,Slobozia,221,421,1.00721,-0.441182,1.45158
Bucharest,Giurgiu,222,223,1.07977,-0.39812,1.50965
Bucharest,Ploieşti,222,420,0.755148,-0.423358,1.07485
Bucharest,Constanţa,222,423,1.2832,-0.407851,1.80656
Bucharest,Alexandria,222,460,0.815955,-0.427149,1.16449
Bucharest,Piteşti,222,583,0.897307,-0.424139,1.27789
Giurgiu,Ruse,223,224,0.727052,-0.376249,1.0006
Ruse,Byala,224,225,0.532429,-0.351309,0.719477
Ruse,Razgrad,224,461,0.486199,-0.354298,0.658459
Byala,Veliko Tarnovo,225,226,0.48215,-0.339487,0.645834
Byala,Pleven,225,584,0.425038,-0.340956,0.569957
Veliko Tarnovo,Stara Zagora,226,227,0.550538,-0.337078,0.736112
Veliko Tarnovo,Shumen,226,462,0.530613,-0.335391,0.708576
Stara Zagora,Haskovo,227,228,0.405633,-0.308813,0.530898
Stara Zagora,Burgas,227,590,0.509682,-0.331015,0.678394
Haskovo,Svilengrad,228,229,0.219772,-0.29306,0.284178
Svilengrad,Ormenio,229,230,0.162723,-0.288497,0.209669
Ormenio,Kastanies,230,231,0.199565,-0.351551,0.269723
Kastanies,Didymoteicho,231,232,0.376722,-0.393317,0.524894
Didymoteicho,Alexandroupoli,232,233,0.850222,-0.407682,1.19684
Alexandroupoli,Gelibolu,233,478,1.09456,-0.400867,1.53334
Saint Petersburg,Pskov,234,235,1.99563,-0.582968,3.15902
Saint Petersburg,Moscow,234,239,3.69248,-0.596148,5.89375
Saint Petersburg,Petrozavodsk,234,245,1.65685,-0.574373,2.60849
Saint Petersburg,Narva,234,304,1.58172,-0.574425,2.4903
Saint Petersburg,Vyborg,234,623,1.65887,-0.57526,2.61315
Pskov,Gomel,235,236,2.43149,-0.605904,3.90474
Pskov,Riga,235,547,1.9256,-0.567298,3.01799
Gomel,Kiev,236,237,3.39656,-0.613681,5.48097
Gomel,Babruysk,236,703,1.96493,-0.618385,3.18002
Kiev,Odessa,237,238,3.3354,-0.564235,5.21735
Kiev,Hlukhiv,237,242,3.05966,-0.612853,4.93478
Kiev,Kharkiv,237,247,3.12359,-0.60991,5.02871
Kiev,Rivne,237,348,2.30738,-0.603761,3.70048
Kiev,Zhytomyr,237,349,2.07724,-0.576288,3.27433
Odessa,Izmail,238,586,1.48181,-0.525739,2.26086
Odessa,Chişinău,238,672,1.98333,-0.4891,2.95337
Odessa,Mykolaiv,238,673,1.70321,-0.535386,2.61509
Moscow,Kaluga,239,240,2.32754,-0.611898,3.75176
Moscow,Orel,239,246,2.64947,-0.607159,4.25812
Moscow,Voronezh,239,248,3.47928,-0.598219,5.56065
Moscow,Tambov,239,256,2.4751,-0.604517,3.97134
Moscow,Smolensk,239,319,2.81976,-0.598824,4.5083
Moscow,Ryazan,239,320,2.53755,-0.608387,4.08136
Moscow,Velikiye Luki,239,628,2.46223,-0.59397,3.92472
Moscow,Vladimir,239,629,2.43193,-0.605748,3.90506
Kaluga,Bryansk,240,241,1.17315,-0.62061,1.90121
Bryansk,Hlukhiv,241,242,1.47488,-0.62198,2.39223
Hlukhiv,Kursk,242,645,1.61987,-0.617624,2.62034
Kirkenes,Murmansk,243,244,0.345118,-0.419153,0.489775
Murmansk,Petrozavodsk,244,245,0.6514,-0.536663,1.00098
Orel,Kharkiv,246,247,1.97479,-0.608448,3.17635
Kharkiv,Luhansk,247,350,1.60431,-0.607689,2.57924
Voronezh,Novorossiysk,248,249,2.11062,-0.575217,3.32468
Voronezh,Kursk,248,645,1.67771,-0.60491,2.69257
Voronezh,Saratov,248,646,2.06422,-0.586471,3.27482
Novorossiysk,Dzhankoy,249,601,1.02271,-0.529491,1.56423
Novorossiysk,Sochi,249,602,0.89715,-0.532127,1.37455
Mineralnye Vody,Nalchik,250,251,0.612748,-0.377318,0.843949
Mineralnye Vody,Makhachkala,250,260,1.08986,-0.361188,1.48351
Mineralnye Vody,Armavir,250,387,0.693806,-0.376357,0.954924
Nalchik,Vladikavkaz,251,252,0.294536,-0.363685,0.401655
Vladikavkaz,Stepantsminda,252,253,0.190561,-0.272747,0.242536
Stepantsminda,Mtskheta,253,254,0.190535,-0.211249,0.230786
Mtskheta,Tbilisi,254,255,0.271011,-0.170407,0.317193
Tbilisi,Gori,255,428,0.264228,-0.158159,0.306018
Tbilisi,Rustavi,255,429,0.266042,-0.166174,0.310252
Tambov,Povorino,256,257,1.11676,-0.596641,1.78307
Povorino,Volgograd,257,258,1.09103,-0.571448,1.71449
Volgograd,Astrakhan,258,259,1.69805,-0.54397,2.62174
Volgograd,Luhansk,258,350,1.22478,-0.580679,1.93598
Astrakhan,Makhachkala,259,260,1.6663,-0.499829,2.49917
Astrakhan,Atyrau,259,265,2.18506,-0.539393,3.36366
Makhachkala,Kuba,260,261,0.858231,-0.450209,1.24461
Kuba,Baku,261,262,0.365707,-0.433047,0.524075
Baku,Yevlakh,262,431,0.18992,-0.350083,0.256408
Samara,Oral,263,264,2.21405,-0.55709,3.44748
Samara,Penza,263,321,1.37903,-0.560682,2.15223
Samara,Ufa,263,322,1.71545,-0.506639,2.58456
Oral,Atyrau,264,265,2.51982,-0.557655,3.92501
Oral,Saratov,264,646,1.9552,-0.574815,3.07908
Oral,Aktobe,264,647,1.49883,-0.562797,2.34236
Atyrau,Beineu,265,266,1.39117,-0.541583,2.14461
Atyrau,Beyneu,265,351,1.41609,-0.541115,2.18236
Beineu,Shetpe,266,267,0.533148,-0.520043,0.810408
Shetpe,Zhetybai,267,268,0.229643,-0.442434,0.331245
Zhetybai,Fetisovo,268,269,0.129341,-0.319664,0.170687
Fetisovo,Bekdash,269,270,0.111731,-0.219439,0.136249
Bekdash,Türkmenbaşy,270,271,0.143156,-0.217589,0.174306
Türkmenbaşy,Gyzylarbat,271,272,0.23688,-0.249207,0.295913
Gyzylarbat,Ashgabat,272,432,0.448669,-0.271024,0.570269
Chelyabinsk,Kostanay,273,274,0.679446,-0.405498,0.95496
Chelyabinsk,Ufa,273,322,1.20203,-0.429022,1.71773
Chelyabinsk,Kurgan,273,323,0.820589,-0.403283,1.15152
Kostanay,Esil,274,275,0.335026,-0.402519,0.469881
Esil,Derzhavinsk,275,276,0.260315,-0.39653,0.363537
Derzhavinsk,Arkalyk,276,277,0.392049,-0.426813,0.55938
Arkalyk,Jezkazgan,277,278,0.858445,-0.431647,1.22899
Jezkazgan,Kyzylorda,278,279,1.32524,-0.440041,1.9084
Jezkazgan,Karaganda,278,286,1.34444,-0.424777,1.91552
Kyzylorda,Shymkent,279,280,1.34207,-0.438795,1.93097
Kyzylorda,Novokazalinsk,279,650,0.855008,-0.444599,1.23514
Shymkent,Tashkent,280,281,1.23586,-0.423042,1.75867
Shymkent,Zhambyl,280,359,1.03472,-0.421571,1.47093
Tashkent,Ayni,281,282,0.595384,-0.38302,0.823428
Tashkent,Jizzakh,281,358,0.681971,-0.397635,0.953147
Tashkent,Kokand,281,689,0.528519,-0.408279,0.744303
Ayni,Dushanbe,282,283,0.750938,-0.320377,0.991522
Ayni,Kokand,282,689,0.312746,-0.347742,0.4215
Dushanbe,Termez,283,440,0.554553,-0.294516,0.717878
Dushanbe,Jirgatal,283,441,0.543607,-0.297062,0.705092
Dushanbe,Kulob,283,692,0.405523,-0.294646,0.525009
Ishim,Astana,284,285,0.63809,-0.387891,0.8856
Ishim,Omsk,284,291,0.63809,-0.387891,0.8856
Ishim,Kurgan,284,323,0.77519,-0.388324,1.07621
Ishim,Tyumen,284,635,0.612311,-0.376046,0.842568
Astana,Karaganda,285,286,0.724005,-0.403597,1.01621
Karaganda,Balkhash,286,287,0.899554,-0.409291,1.26773
Karaganda,Pavlodar,286,292,0.886217,-0.398289,1.23919
Balkhash,Burubaytal,287,288,0.60836,-0.401934,0.85288
Burubaytal,Almaty,288,289,0.806207,-0.386495,1.1178
Almaty,Bishkek,289,290,1.24431,-0.396331,1.73747
Almaty,Sary-Ozek,289,360,0.671165,-0.361108,0.913529
Almaty,Kokpek,289,695,0.532806,-0.370605,0.730267
Bishkek,Zhambyl,290,359,1.02252,-0.410641,1.44241
Bishkek,Osh,290,691,1.12686,-0.403985,1.58209
Omsk,Pavlodar,291,292,0.544677,-0.383331,0.753468
Pavlodar,Semey,292,293,0.498157,-0.366657,0.68081
Semey,Georgiyevka,293,294,0.241638,-0.32731,0.320728
Georgiyevka,Ayagoz,294,364,0.143299,-0.241161,0.177857
Narvik,Kiruna,295,296,0.13892,-0.210896,0.168217
Narvik,Setermoen,295,498,0.0985159,-0.150612,0.113353
Kiruna,Töre,296,297,0.237919,-0.279714,0.304468
Töre,Luleå,297,298,0.470016,-0.31172,0.61653
Luleå,Umeå,298,612,0.731534,-0.332531,0.974792
Luleå,Haparanda,298,613,0.52617,-0.325078,0.697216
Helsingborg,Halmstad,299,300,0.581621,-0.318672,0.766968
Helsingborg,Jönköping,299,605,0.4202,-0.289673,0.54192
Örebro,Stockholm,301,302,0.893315,-0.366889,1.22106
Örebro,Karlstad,301,620,0.542864,-0.356641,0.736471
Stockholm,Södertälje,302,608,0.68437,-0.359067,0.930105
Stockholm,Uppsala,302,609,0.76366,-0.380604,1.05431
Tallinn,Narva,303,304,0.932032,-0.56138,1.45526
Tallinn,Riga,303,547,1.32879,-0.552998,2.06361
Colchester,Ipswich,305,306,0.0746537,0,0.0746537
Ipswich,Cambridge,306,636,0.0746537,0,0.0746537
The Hague,Gouda,307,308,0.43062,-0.435355,0.618092
Amersfoort,Oldenzaal,309,310,0.623806,-0.458969,0.910114
Amersfoort,Hoogeveen,309,698,0.5551,-0.489893,0.82704
Oldenzaal,Osnabrück,310,311,0.500152,-0.474803,0.737626
Osnabrück,Bad Oeynhausen,311,312,0.851446,-0.503457,1.28011
Bad Oeynhausen,Dortmund,312,508,1.36893,-0.533471,2.09922
Braunschweig,Magdeburg,313,314,1.19377,-0.524915,1.8204
Magdeburg,Halle,314,518,1.28578,-0.522995,1.95823
Poznań,Warsaw,315,316,2.14272,-0.528223,3.27456
Poznań,Wrocław,315,339,1.38505,-0.51616,2.09995
Warsaw,Elbląg,316,564,1.66123,-0.528729,2.53958
Warsaw,Radom,316,565,1.99471,-0.521486,3.03492
Warsaw,Lublin,316,713,2.22871,-0.532762,3.41608
Brest,Rennes,317,365,0.42063,-0.42987,0.601447
Brest,Lorient,317,388,0.262077,-0.386764,0.363439
Minsk,Smolensk,318,319,2.0914,-0.59813,3.34233
Minsk,Babruysk,318,703,1.81969,-0.601869,2.91491
Ryazan,Penza,320,321,1.22512,-0.598453,1.95829
Ufa,Yelabuga,322,632,1.24313,-0.431079,1.77902
Bruges,Ghent,324,325,1.20538,-0.552926,1.87186
Bruges,Zeebrugge,324,642,1.27262,-0.564599,1.99115
Ghent,Brussels,325,326,1.65158,-0.547873,2.55643
Brussels,Leuven,326,327,2.07048,-0.539517,3.18754
Leuven,Hasselt,327,708,1.31404,-0.540273,2.02397
Eupen,Aachen,328,329,1.58599,-0.533006,2.43133
Eupen,St. Vith,328,653,0.818932,-0.520771,1.24541
Aachen,Heerlen,329,709,1.24559,-0.537556,1.91516
Olpe,Wetzlar,330,331,1.49772,-0.545635,2.31493
Wetzlar,Gießen,331,332,1.42503,-0.547768,2.20562
Wetzlar,Dortmund,331,508,2.08053,-0.547165,3.21892
Wetzlar,Aschaffenburg,331,509,1.51843,-0.552145,2.35682
Wetzlar,Koblenz,331,660,1.48673,-0.547614,2.30089
Gießen,Bad Hersfeld,332,333,0.876973,-0.539869,1.35042
Bad Hersfeld,Eisenach,333,334,0.446858,-0.511242,0.67531
Eisenach,Erfurt,334,335,0.473648,-0.494793,0.708005
Erfurt,Gera,335,336,0.969153,-0.501778,1.45545
Gera,Chemnitz,336,337,1.43298,-0.512288,2.16707
Gera,Leipzig,336,526,1.44978,-0.511862,2.19187
Gera,Hirschberg,336,527,1.0226,-0.507485,1.54156
Chemnitz,Plauen,337,519,1.35432,-0.512279,2.0481
Wrocław,Opole,339,340,1.23992,-0.498927,1.85856
Wrocław,Kłodzko,339,548,1.2546,-0.50025,1.88221
Opole,Gliwice,340,341,0.615089,-0.487879,0.915177
Gliwice,Zabrze,341,342,0.59043,-0.483627,0.875977
Kraków,Rzeszów,343,344,0.834998,-0.472615,1.22963
Kraków,Radom,343,565,0.886925,-0.50887,1.33826
Kraków,Trstená,343,566,1.00547,-0.495371,1.50355
Rzeszów,Jarosław,344,345,0.744895,-0.466858,1.09266
Rzeszów,Radom,344,565,0.770454,-0.4893,1.14744
Rzeszów,Barwinek,344,710,0.650095,-0.442852,0.937991
Jarosław,Korczowa,345,346,0.685091,-0.513377,1.0368
Korczowa,Lviv,346,347,1.32871,-0.547415,2.05606
Lviv,Rivne,347,348,1.53505,-0.575364,2.41826
Lviv,Mukachevo,347,378,2.60022,-0.554906,4.04309
Lviv,Lublin,347,713,1.39009,-0.536126,2.13535
Rivne,Zhytomyr,348,349,0.918049,-0.5687,1.44014
Rivne,Kovel,348,714,0.887832,-0.576633,1.39979
Zhytomyr,Vinnytsia,349,381,1.69692,-0.541527,2.61584
Beyneu,Qo‘ng‘irot,351,352,0.608643,-0.502935,0.914751
Qo‘ng‘irot,Nukus,352,353,0.413412,-0.407974,0.582073
Nukus,Daşoguz,353,354,0.555503,-0.321594,0.734149
Daşoguz,Bukhara,354,355,0.574365,-0.294568,0.743555
Daşoguz,Ashgabat,354,432,0.672771,-0.288377,0.866782
Daşoguz,Uchkuduk,354,688,0.307135,-0.299312,0.399064
Bukhara,Navoiy,355,356,0.610355,-0.304749,0.79636
Bukhara,Alat,355,436,0.59081,-0.294191,0.764621
Bukhara,Karshi,355,437,0.593144,-0.294881,0.76805
Bukhara,Uchkuduk,355,688,0.367981,-0.298233,0.477725
Navoiy,Samarkand,356,357,0.375988,-0.324224,0.497892
Samarkand,Jizzakh,357,358,0.385428,-0.372446,0.528979
Sary-Ozek,Taldykorgan,360,361,0.386388,-0.308095,0.505433
Sary-Ozek,Koktal,360,697,0.344373,-0.327084,0.457012
Taldykorgan,Ucharal,361,362,0.205043,-0.267302,0.259852
Ucharal,Taskesken,362,363,0.133315,-0.196858,0.15956
Taskesken,Ayagoz,363,364,0.114076,-0.212412,0.138307
Rennes,Le Mans,365,366,0.940816,-0.456481,1.37028
Le Mans,Angers,366,391,0.760167,-0.458311,1.10856
Le Mans,Tours,366,392,0.854485,-0.486774,1.27043
Le Mans,Rouen,366,662,1.22519,-0.490078,1.82563
Reims,Charleroi,367,651,1.33059,-0.533149,2.03999
Reims,Charleville-Mézières,367,658,1.21681,-0.535462,1.86836
Reims,Rouen,367,662,1.52058,-0.519622,2.3107
Saarbrücken,Mannheim,368,369,2.00116,-0.563673,3.12917
Saarbrücken,Trier,368,659,1.06032,-0.555377,1.64921
Mannheim,Heilbronn,369,370,1.85334,-0.565846,2.90204
Rozvadov,Plzeň,371,372,1.77795,-0.5414,2.74053
Plzeň,Karlovy Vary,372,523,1.31505,-0.523548,2.00354
Plzeň,České Budějovice,372,524,1.47027,-0.539749,2.26385
Plzeň,Bayerisch Eisenstein,372,530,1.48384,-0.541055,2.28668
Trenčín,Prešov,373,374,1.11346,-0.503972,1.67462
Prešov,Košice,374,375,1.66775,-0.517491,2.53079
Prešov,Svidník,374,712,0.859498,-0.492345,1.28267
Košice,Vyšné Nemecké,375,376,0.818447,-0.533086,1.25475
Košice,Uzhhorod,375,377,1.53725,-0.54274,2.37157
Košice,Miskolc,375,552,1.51033,-0.536578,2.32073
Košice,Zvolen,375,568,1.60825,-0.528271,2.45785
Vyšné Nemecké,Uzhhorod,376,377,0.718801,-0.55373,1.11682
Uzhhorod,Mukachevo,377,378,2.45037,-0.553155,3.8058
Uzhhorod,Chop,377,723,1.19847,-0.553276,1.86156
Mukachevo,Stryj,378,379,1.91044,-0.536247,2.93492
Mukachevo,Halmeu,378,578,2.35728,-0.539398,3.62879
Khmelnytskyi,Vinnytsia,380,381,1.27052,-0.506362,1.91386
Vinnytsia,Uman,381,382,1.25674,-0.508665,1.896
Vinnytsia,Mohyliv-Podilskyi,381,728,1.11419,-0.512636,1.68537
Uman,Kirovohrad,382,383,1.12282,-0.497235,1.68113
Kirovohrad,Dnipropetrovsk,383,384,0.897864,-0.48045,1.32924
Kirovohrad,Chişinău,383,672,1.699,-0.502009,2.55191
Dnipropetrovsk,Donetsk,384,385,0.477984,-0.432637,0.684778
Donetsk,Rostov-on-Don,385,386,0.471691,-0.370598,0.646499
Rostov-on-Don,Armavir,386,387,0.543505,-0.366024,0.742441
Rostov-on-Don,Taganrog,386,675,0.443171,-0.35328,0.599734
Lorient,Vannes,388,389,0.306248,-0.40516,0.430327
Vannes,Nantes,389,390,0.598577,-0.430475,0.856249
Nantes,Angers,390,391,0.826928,-0.437116,1.18839
Nantes,Poitiers,390,676,0.983159,-0.483462,1.45848
Angers,Tours,391,392,0.652247,-0.468399,0.957759
Tours,Vierzon,392,503,0.846607,-0.480954,1.25379
Montargis,Auxerre,393,394,1.04661,-0.552348,1.6247
Auxerre,Beaune,394,395,1.76215,-0.563431,2.755
Beaune,Dole,395,396,1.70536,-0.563194,2.66581
Beaune,Antwerp,395,505,2.86268,-0.563083,4.4746
Dole,Besançon,396,397,0.868223,-0.558436,1.35307
Besançon,Belfort,397,398,1.00078,-0.537408,1.53861
Zürich,Winterthur,399,400,1.29845,-0.494205,1.94015
Winterthur,St. Gallen,400,401,0.948063,-0.486891,1.40967
Winterthur,Schaffhausen,400,511,1.08107,-0.512929,1.63558
St. Gallen,St. Margrethen,401,402,0.916966,-0.481091,1.35811
St. Margrethen,Bregenz,402,403,1.44988,-0.501326,2.17674
St. Margrethen,Buchs,402,514,0.743877,-0.46853,1.09241
Bregenz,Feldkirch,403,748,1.41482,-0.503778,2.12758
Bregenz,Lindau,403,513,2.00467,-0.528817,3.06477
Feldkirch,Landeck,748,404,0.738336,-0.477985,1.09125
Feldkirch,Imst,748,406,0.775033,-0.477031,1.14475
Landeck,Telfs,404,405,0.560667,-0.463868,0.820743
Sattledt,Liezen,408,532,0.862403,-0.514565,1.30616
Sattledt,Wels,408,669,0.859049,-0.522483,1.30789
Sankt Pölten,Vienna,409,410,1.76307,-0.532004,2.70103
Vienna,Nickelsdorf,410,411,1.90858,-0.546709,2.95202
Vienna,Halámky,410,525,1.82753,-0.539492,2.81347
Vienna,Graz,410,534,2.66392,-0.516328,4.03938
Nickelsdorf,Mosonmagyaróvár,411,412,1.30988,-0.559964,2.04337
Szolnok,Püspökladány,413,414,1.6264,-0.550983,2.52253
Püspökladány,Oradea,414,415,2.20576,-0.538997,3.39466
Püspökladány,Nyíregyháza,414,722,1.20117,-0.550924,1.86292
Oradea,Cluj-Napoca,415,416,1.41644,-0.489063,2.10917
Oradea,Berettyóújfalu,415,570,1.59279,-0.531247,2.43896
Oradea,Beiuş,415,571,1.25246,-0.500987,1.87993
Oradea,Satu Mare,415,579,1.72495,-0.528295,2.63622
Oradea,Arad,415,684,2.10887,-0.523681,3.21324
Cluj-Napoca,Turda,416,417,0.959127,-0.457019,1.39747
Cluj-Napoca,Zalău,416,580,0.771844,-0.496052,1.15472
Turda,Târgu Mureş,417,418,0.514378,-0.423404,0.732168
Turda,Sebeş,417,581,0.530607,-0.424316,0.755753
Târgu Mureş,Braşov,418,419,0.436537,-0.407539,0.614443
Braşov,Ploieşti,419,420,0.45208,-0.418881,0.641448
Braşov,Sibiu,419,582,0.4768,-0.429094,0.681393
Braşov,Piteşti,419,583,0.366432,-0.429988,0.523993
Slobozia,Hârşova,421,422,0.750239,-0.436894,1.07801
Slobozia,Galaţi,421,588,1.03984,-0.447236,1.50489
Hârşova,Constanţa,422,423,0.879785,-0.421732,1.25082
Constanţa,Varna,423,463,1.15552,-0.384009,1.59926
Constanţa,Tulcea,423,589,0.879785,-0.421732,1.25082
Senaki,Samtredia,424,425,0.0891697,-0.112155,0.0991706
Senaki,Zugdidi,424,604,0.105859,-0.231683,0.130385
Samtredia,Kutaisi,425,426,0.0924819,-0.109883,0.102644
Kutaisi,Khashuri,426,427,0.116118,-0.112684,0.129203
Khashuri,Gori,427,428,0.165924,-0.146144,0.190173
Rustavi,Ganja,429,430,0.174997,-0.180454,0.206576
Ganja,Yevlakh,430,431,0.147109,-0.240295,0.182459
Ashgabat,Tejen,432,433,0.458382,-0.274652,0.584278
Tejen,Mary,433,434,0.268135,-0.282889,0.343987
Mary,Türkmenabat,434,435,0.229593,-0.273023,0.292277
Türkmenabat,Alat,435,436,0.316419,-0.296389,0.410202
Karshi,Guzar,437,438,0.32281,-0.300241,0.419731
Guzar,Sherobod,438,439,0.246318,-0.281383,0.315627
Sherobod,Termez,439,440,0.308445,-0.298241,0.400435
Jirgatal,Sary Tash,441,442,0.430622,-0.305188,0.562042
Jirgatal,Khorugh,441,694,0.324352,-0.28684,0.417389
Sary Tash,Irkeshtam,442,443,0.401904,-0.358015,0.545792
Irkeshtam,Osh,443,691,0.660962,-0.387782,0.917272
A Coruña,Bilbao,444,445,0.355944,-0.401553,0.498874
A Coruña,Pontevedra,444,481,0.200511,-0.342661,0.269218
Clermont-Ferrand,Montluçon,446,504,1.06306,-0.495057,1.58933
Chambéry,Susa,447,448,1.11441,-0.479522,1.64879
Chambéry,Marseille,447,736,0.76445,-0.496409,1.14393
Susa,Turin,448,449,0.962189,-0.441361,1.38686
Tortona,Brescia,450,451,0.604071,-0.441322,0.870661
Trieste,Postojna,452,453,0.497984,-0.459614,0.726864
Trieste,Ljubljana,452,454,0.891641,-0.461693,1.30331
Postojna,Ljubljana,453,454,0.579077,-0.466006,0.84893
Ljubljana,Maribor,454,535,0.908297,-0.477725,1.34221
Ljubljana,Naklo,454,538,1.32086,-0.476573,1.95034
Vršac,Timişoara,456,457,1.28025,-0.502126,1.9231
Timişoara,Drobeta-Turnu Severin,457,458,1.47119,-0.496929,2.20227
Timişoara,Arad,457,684,1.98533,-0.50567,2.98925
Drobeta-Turnu Severin,Craiova,458,459,1.56969,-0.482501,2.32707
Craiova,Alexandria,459,460,0.721077,-0.457084,1.05067
Craiova,Târgu Jiu,459,574,0.919724,-0.464149,1.34661
Craiova,Piteşti,459,583,0.904288,-0.455799,1.31646
Razgrad,Shumen,461,462,0.475727,-0.346135,0.640393
Shumen,Varna,462,463,0.662384,-0.354436,0.897157
Varna,Burgas,463,590,0.658167,-0.353875,0.891076
Lisbon,Valladolid,464,465,0.453013,-0.355711,0.614155
Lisbon,Porto,464,483,0.533801,-0.323246,0.70635
Lisbon,Albufeira,464,484,0.554463,-0.326762,0.735641
Toulouse,Nice,466,467,1.60472,-0.458141,2.33991
Nice,Cuneo,467,685,0.750555,-0.446089,1.08537
Sofia,Plovdiv,468,469,0.974202,-0.426914,1.3901
Sofia,Botevgrad,468,575,0.959034,-0.434014,1.37527
Sofia,Blagoevgrad,468,576,1.06633,-0.440976,1.53656
Sofia,Kyustendil,468,745,0.709581,-0.438631,1.02083
Plovdiv,Istanbul,469,470,0.4807,-0.383644,0.665118
Istanbul,İzmit,470,471,0.356034,-0.288303,0.458679
İzmit,Gerede,471,472,0.225737,-0.215003,0.274271
İzmit,Bursa,471,479,0.251235,-0.208484,0.303613
Gerede,Kızılcahamam,472,599,0.161948,-0.179054,0.190945
Mazara del Vallo,Palermo,473,474,0.0746537,0,0.0746537
Metaponto,Taranto,475,476,0.15056,-0.168069,0.175864
Metaponto,Potenza,475,743,0.117725,-0.120849,0.131952
Ioannina,Trikala,477,687,0.253229,-0.29527,0.328
Gelibolu,Keşan,478,596,0.572635,-0.375563,0.787695
Gelibolu,Ayvalık,478,597,0.576825,-0.374819,0.79303
Bursa,Ankara,479,480,0.202272,-0.173861,0.237439
Bursa,Balıkesir,479,746,0.236703,-0.171183,0.277223
Ankara,Kızılcahamam,480,599,0.156154,-0.16622,0.18211
Pontevedra,Valença,481,482,0.182493,-0.302054,0.237615
Valença,Porto,482,483,0.27472,-0.30368,0.358147
Albufeira,Castro Marim,484,485,0.333301,-0.317668,0.43918
Castro Marim,Huelva,485,486,0.323897,-0.308307,0.423757
Cherbourg-Octeville,La Rochelle,487,488,0.220784,-0.408775,0.311035
Cherbourg-Octeville,Caen,487,661,0.39085,-0.451559,0.567342
La Rochelle,Saintes,488,730,0.23122,-0.399819,0.323667
Oslo,Hamar,489,490,0.441161,-0.331453,0.587385
Oslo,Askim,489,619,0.447586,-0.344172,0.601633
Hamar,Lillehammer,490,491,0.281787,-0.323851,0.373044
Lillehammer,Dombås,491,492,0.304927,-0.331283,0.405944
Dombås,Trondheim,492,493,0.530101,-0.351295,0.716322
Trondheim,Stjørdal,493,494,0.520906,-0.348587,0.702487
Stjørdal,Steinkjer,494,495,0.274191,-0.333929,0.365751
Steinkjer,Mosjøen,495,496,0.210597,-0.3051,0.27485
Mosjøen,Mo i Rana,496,497,0.27551,-0.326125,0.36536
Mo i Rana,Umeå,497,612,0.520123,-0.333909,0.693797
Setermoen,Alta,498,499,0.0877873,-0.0871063,0.0954341
Alta,Olderfjord,499,500,0.0923523,-0.107885,0.102316
Olderfjord,Lakselv,500,501,0.116844,-0.121649,0.131058
Lakselv,Karasjok,501,502,0.169764,-0.174818,0.199442
Vierzon,Montluçon,503,504,0.641098,-0.489372,0.954833
Antwerp,Zeebrugge,505,642,1.8408,-0.564115,2.87922
Martigny,Sion,506,678,0.724745,-0.457362,1.05622
Bremen,Groningen,507,624,1.8631,-0.527489,2.84586
Stuttgart,Schaffhausen,510,511,1.41314,-0.547171,2.18636
Stuttgart,Ulm,510,512,1.25371,-0.55775,1.95297
Ulm,Lindau,512,513,1.18213,-0.550873,1.83334
Lindau,Waldshut,513,666,1.71634,-0.543483,2.64915
Buchs,Chur,514,515,0.358958,-0.415587,0.508136
Chur,San Bernardino,515,516,0.272394,-0.339994,0.365006
Halle,Plauen,518,519,1.25146,-0.513818,1.89448
Plauen,Schönberg,519,520,1.04791,-0.501197,1.57312
Plauen,Hof,519,528,1.35269,-0.508793,2.04094
Schönberg,Vojtanov,520,521,0.64305,-0.49246,0.959727
Vojtanov,Cheb,521,522,0.871544,-0.492632,1.30089
Cheb,Karlovy Vary,522,523,1.40182,-0.499816,2.10247
Cheb,Marktredwitz,522,663,1.10052,-0.505695,1.65705
Karlovy Vary,Teplice,523,715,0.875004,-0.495856,1.30888
České Budějovice,Halámky,524,525,1.06752,-0.54461,1.6489
Hirschberg,Hof,527,528,1.04029,-0.510076,1.57092
Hof,Bayreuth,528,529,1.62017,-0.514312,2.45345
Bayreuth,Marktredwitz,529,663,1.43168,-0.51925,2.17508
Bayerisch Eisenstein,Deggendorf,530,531,1.11047,-0.548283,1.71932
Liezen,Sankt Michael,532,533,0.752399,-0.515142,1.13999
Sankt Michael,Graz,533,534,1.41758,-0.515343,2.14812
Graz,Maribor,534,535,1.32734,-0.502221,1.99396
Graz,Spielfeld,534,536,0.938248,-0.512454,1.41906
Graz,Klagenfurt,534,683,1.84616,-0.500604,2.77035
Maribor,Spielfeld,535,536,0.503959,-0.48858,0.750183
Karavanke Tunnel,Naklo,537,538,0.977833,-0.497164,1.46398
Naklo,Loiblpass,538,734,0.95357,-0.49586,1.42641
Kemijärvi,Posio,539,540,0.193797,-0.234807,0.239302
Posio,Kuusamo,540,541,0.133308,-0.1932,0.159064
Kuusamo,Kajaani,541,542,0.12433,-0.219211,0.151585
Kajaani,Iisalmi,542,543,0.169861,-0.246258,0.211691
Iisalmi,Kuopio,543,544,0.299051,-0.286923,0.384856
Tampere,Turku,545,546,0.301291,-0.298646,0.391271
Tampere,Vaasa,545,616,0.402662,-0.308107,0.526725
Tampere,Hämeenlinna,545,618,0.5051,-0.2968,0.655014
Turku,Pori,546,617,0.210692,-0.290081,0.271809
Riga,Šiauliai,547,561,1.53673,-0.526828,2.34633
Riga,Rēzekne,547,627,1.48154,-0.544132,2.28769
Kłodzko,Kudowa-Zdrój,548,549,0.599333,-0.48512,0.890082
Kudowa-Zdrój,Náchod,549,550,0.525566,-0.468269,0.771672
Náchod,Hradec Králové,550,551,0.944011,-0.476733,1.39405
Hradec Králové,Olomouc,551,716,1.23721,-0.493951,1.84834
Miskolc,Debrecen,552,569,1.22767,-0.546821,1.89898
Szekszárd,Mohács,555,556,0.833918,-0.509946,1.25917
Mohács,Osijek,556,557,0.613176,-0.456324,0.892982
Osijek,Đakovo,557,558,0.459073,-0.405396,0.64518
Osijek,Sombor,557,735,0.662409,-0.450747,0.960988
Đakovo,Šamac,558,559,0.286946,-0.362235,0.390887
Šamac,Zenica,559,560,0.322701,-0.346453,0.434502
Zenica,Sarajevo,560,737,0.582059,-0.361562,0.792509
Šiauliai,Tolpaki,561,562,1.40835,-0.494368,2.1046
Šiauliai,Palanga,561,704,1.00048,-0.516327,1.51705
Šiauliai,Panevėžys,561,705,1.02693,-0.516198,1.55703
Tolpaki,Kaliningrad,562,563,0.997816,-0.483398,1.48016
Tolpaki,Nesterov,562,640,0.88243,-0.481917,1.30769
Trstená,Ružomberok,566,567,0.801862,-0.516892,1.21634
Ružomberok,Zvolen,567,568,1.42721,-0.52481,2.17623
Debrecen,Berettyóújfalu,569,570,0.913234,-0.544215,1.41023
Beiuş,Deva,571,572,0.923202,-0.499886,1.3847
Deva,Petroşani,572,573,0.948959,-0.473497,1.39829
Deva,Sibiu,572,582,1.2285,-0.465802,1.80074
Deva,Arad,572,684,1.52035,-0.494609,2.27233
Petroşani,Târgu Jiu,573,574,0.635837,-0.469467,0.934342
Botevgrad,Jablanica,575,585,0.454066,-0.410459,0.640441
Blagoevgrad,Serres,576,577,0.755182,-0.43521,1.08384
Halmeu,Satu Mare,578,579,1.9862,-0.538814,3.05638
Satu Mare,Zalău,579,580,0.934332,-0.518278,1.41858
Sebeş,Sibiu,581,582,0.594274,-0.430226,0.849945
Sibiu,Piteşti,582,583,0.689755,-0.448378,0.999025
Pleven,Jablanica,584,585,0.321848,-0.365712,0.439552
Izmail,Reni,586,587,0.796003,-0.504498,1.19758
Reni,Galaţi,587,588,0.913356,-0.472602,1.34501
Galaţi,Tulcea,588,589,0.774469,-0.447295,1.12088
Galaţi,Giurgiuleşti,588,729,1.06038,-0.475473,1.56456
Burgas,Malko Tarnovo,590,591,0.436553,-0.313684,0.573492
Malko Tarnovo,Dereköy,591,592,0.2229,-0.293173,0.288249
Dereköy,Kırklareli,592,593,0.139945,-0.219382,0.170646
Kırklareli,Babaeski,593,594,0.118392,-0.239287,0.146722
Babaeski,Havsa,594,595,0.153498,-0.265956,0.194322
Havsa,Keşan,595,596,0.270252,-0.343436,0.363067
Ayvalık,İzmir,597,598,0.28232,-0.343037,0.379166
İzmir,Manisa,598,747,0.181507,-0.254849,0.227764
Kherson,Dzhankoy,600,601,0.782376,-0.493161,1.16821
Kherson,Mykolaiv,600,673,0.978305,-0.508537,1.47581
Kherson,Melitopol,600,674,0.601078,-0.454963,0.874547
Sochi,Sukhumi,602,603,0.361161,-0.479606,0.534375
Sukhumi,Zugdidi,603,604,0.1716,-0.360777,0.23351
Jönköping,Linköping,605,606,0.320388,-0.287473,0.412491
Linköping,Norrköping,606,607,0.404782,-0.29246,0.523165
Norrköping,Södertälje,607,608,0.527437,-0.326384,0.699583
Norrköping,Kalmar,607,626,0.403694,-0.292745,0.521874
Uppsala,Sundsvall,609,610,0.80228,-0.377645,1.10526
Sundsvall,Örnsköldsvik,610,611,0.778044,-0.369759,1.06573
Örnsköldsvik,Umeå,611,612,0.676532,-0.358393,0.918996
Haparanda,Tornio,613,614,0.418009,-0.33418,0.5577
Kokkola,Vaasa,615,616,0.415479,-0.312155,0.545173
Vaasa,Pori,616,617,0.242327,-0.297529,0.314427
Askim,Karlstad,619,620,0.367161,-0.348795,0.495225
Kotka,Vaalimaa,621,622,0.375408,-0.439992,0.540585
Vaalimaa,Vyborg,622,623,0.660305,-0.540407,1.01714
Groningen,Hoogeveen,624,698,0.67789,-0.530344,1.0374
Sassnitz,Stralsund,625,699,0.406353,-0.496541,0.608125
Rēzekne,Velikiye Luki,627,628,1.46347,-0.573531,2.30282
Rēzekne,Daugavpils,627,702,1.00185,-0.545151,1.54801
Vladimir,Nizhny Novgorod,629,630,0.9312,-0.592453,1.48289
Nizhny Novgorod,Kazan,630,631,0.533857,-0.527282,0.815351
Kazan,Yelabuga,631,632,0.699501,-0.453627,1.01681
Yelabuga,Perm,632,633,0.656774,-0.427221,0.937361
Perm,Yekaterinburg,633,634,0.360712,-0.400104,0.505035
Yekaterinburg,Tyumen,634,635,0.353295,-0.377068,0.486511
Koszalin,Słupsk,637,638,0.26078,-0.427598,0.372289
Słupsk,Gdynia,638,639,0.394838,-0.470144,0.580469
Nesterov,Marijampolė,640,641,0.71712,-0.501527,1.07677
Aktobe,Karabutak,647,648,0.590773,-0.551029,0.916306
Karabutak,Aral,648,649,0.333785,-0.494747,0.498925
Aral,Novokazalinsk,649,650,0.407076,-0.460161,0.594397
Charleroi,Namur,651,652,0.910336,-0.533591,1.39608
St. Vith,Wittlich,653,654,0.871113,-0.509963,1.31535
Wittlich,Bingen,654,655,0.527834,-0.514158,0.799224
Bingen,Wiesbaden,655,656,0.727336,-0.539133,1.11947
Amiens,Charleville-Mézières,657,658,1.10076,-0.536193,1.69098
Trier,Koblenz,659,660,1.10105,-0.545181,1.70133
Caen,Rouen,661,662,0.9139,-0.489375,1.36114
Regensburg,Passau,667,668,0.894906,-0.545198,1.38281
Passau,Wels,668,669,0.969359,-0.529766,1.48289
Wels,Braunau am Inn,669,721,1.19195,-0.531764,1.82579
Iaşi,Sculeni,670,671,1.23528,-0.520736,1.87853
Iaşi,Bălţi,670,727,1.00972,-0.520465,1.53524
Sculeni,Chişinău,671,672,1.46331,-0.512203,2.21282
Chişinău,Giurgiuleşti,672,729,1.23509,-0.500667,1.85346
Melitopol,Taganrog,674,675,0.374947,-0.39253,0.522125
Poitiers,Mâcon,676,677,1.6389,-0.518262,2.48828
Sion,Simplon,678,679,0.423959,-0.42496,0.604125
Simplon,Gravellona Toce,679,680,0.483504,-0.403173,0.67844
Innichen,Spittal an der Drau,681,682,0.700387,-0.490192,1.04371
Klagenfurt,Loiblpass,683,734,1.04583,-0.501921,1.57075
Cuneo,Asti,685,686,0.478453,-0.430901,0.684619
Kokand,Andijan,689,690,0.513563,-0.386054,0.711825
Andijan,Osh,690,691,0.69162,-0.399599,0.967991
Kulob,Kalaikhumb,692,693,0.246422,-0.276862,0.314647
Kalaikhumb,Khorugh,693,694,0.22377,-0.275356,0.285387
Kokpek,Chundzha,695,696,0.287035,-0.344698,0.385976
Chundzha,Koktal,696,697,0.239145,-0.320137,0.315704
Stralsund,Neubrandenburg,699,700,0.586617,-0.504407,0.882511
Ukmergė,Daugavpils,701,702,1.04764,-0.532272,1.60527
Ukmergė,Panevėžys,701,705,1.035,-0.519482,1.57266
Breda,Gorinchem,706,707,0.775727,-0.487956,1.15425
Hasselt,Heerlen,708,709,0.830537,-0.540945,1.27981
Barwinek,Vyšný Komárnik,710,711,0.375761,-0.430155,0.537396
Vyšný Komárnik,Svidník,711,712,0.424697,-0.454282,0.617629
Lublin,Kovel,713,714,0.983627,-0.551775,1.52637
Olomouc,Český Těšín,716,717,0.786214,-0.4967,1.17673
Garmisch-Partenkirchen,Mittenwald,718,719,0.812837,-0.532683,1.24582
Mittenwald,Seefeld,719,720,0.626195,-0.490132,0.933114
Nyíregyháza,Chop,722,723,0.770677,-0.55684,1.19982
Dunajská Streda,Medveďov,724,725,0.573026,-0.512609,0.866764
Medveďov,Vámosszabadi,725,726,0.494703,-0.518297,0.751107
Bălţi,Mohyliv-Podilskyi,727,728,0.701548,-0.513731,1.06195
Saintes,Angoulême,730,731,0.426549,-0.448256,0.617752
St. Johann in Tirol,Lofer,732,733,0.901632,-0.512364,1.3636
Sarajevo,Užice,737,738,0.698053,-0.388045,0.968928
Užice,Čačak,738,739,0.869404,-0.417815,1.23265
Čačak,Nova Varoš,739,740,0.863124,-0.419182,1.22493
Avellino,Benevento,741,742,0.327853,-0.261172,0.413479
Balıkesir,Manisa,746,747,0.173207,-0.207253,0.209105
Warsaw,Brest-Litovsk,316,0,1.86459,-0.545234,2.88123
Brest-Litovsk,Minsk,0,318,1.57038,-0.568985,2.4639
Lyon,Mâcon,17,677,1.83411,-0.499405,2.75007
Beaune,Mâcon,395,677,2.5966,-0.539965,3.99867
