1657,0,1,5,0,0.25,6,7,0,0,0.00595238
901,0,2,8,0,0.25,6,7,0,0,0.00595238
1477,1,3,12,0,0.708,6,7,0,0,0.0168571
703,1,4,14,0,0.209,6,7,0,0,0.00497619
482,1,5,15,0,0.25,6,7,0,0,0.00595238
804,0,6,16,0,0.709,6,7,0,0,0.016881
1973,1,7,21,0,0.292,6,8,0,0,0.00608333
1717,1,8,26,0,0.25,6,8,0,0,0.00520833
1199,1,9,33,0,0.25,6,8,0,0,0.00520833
1875,0,10,34,0,0.666,6,8,0,0,0.013875
886,1,11,37,0,0.25,6,8,0,0,0.00520833
663,0,12,40,0,0.25,6,8,0,0,0.00520833
646,0,13,42,0,0.25,6,8,0,0,0.00520833
591,0,14,45,0,0.25,6,8,0,0,0.00520833
458,0,15,47,0,0.209,6,8,0,0,0.00435417
178,0,16,49,0,0.208,6,8,0,0,0.00433333
156,2,17,51,0,0.875,6,8,0,0,0.0182292
40,0,18,52,0,0.833,6,8,0,0,0.0173542
1668,7,19,57,0,0.375,6,9,0,0,0.00694444
146,3,20,58,0,0.875,6,8,0,0,0.0182292
1744,5,21,62,0,0.917,6,9,0,0,0.0169815
1544,1,22,65,0,0.292,6,9,0,0,0.00540741
1762,4,23,66,0,1.083,7,7,0,0,0.022102
921,7,24,71,0,0.958,6,9,0,0,0.0177407
896,3,25,78,0,0.959,6,9,0,0,0.0177593
1674,6,26,79,0,1,6,9,0,0,0.0185185
847,5,27,81,0,0.916,6,9,0,0,0.016963
1243,0,28,85,0,1,6,9,0,0,0.0185185
1369,2,29,87,0,0.958,6,9,0,0,0.0177407
502,5,30,90,0,0.958,6,9,0,0,0.0177407
514,6,31,94,0,0.917,6,9,0,0,0.0169815
446,0,32,97,0,1.042,6,9,0,0,0.0192963
529,3,33,101,0,0.417,6,9,0,0,0.00772222
699,1,34,102,0,0.417,6,9,0,0,0.00772222
358,2,35,104,0,0.916,6,9,0,0,0.016963
650,7,36,106,0,0.834,6,9,0,0,0.0154444
661,4,37,107,0,0.875,6,9,0,0,0.0162037
216,6,38,109,0,1.083,6,9,0,0,0.0200556
192,0,39,112,0,0.333,6,9,0,0,0.00616667
277,5,40,115,0,0.833,6,9,0,0,0.0154259
89,2,41,118,0,0.75,6,9,0,0,0.0138889
850,4,42,119,0,0.958,7,8,0,0,0.0171071
189,3,43,120,0,1,6,9,0,0,0.0185185
150,1,44,122,0,0.833,6,9,0,0,0.0154259
23,7,45,125,0,0.833,6,9,0,0,0.0154259
545,5,46,127,0,1,7,8,0,0,0.0178571
258,2,47,128,0,0.958,7,8,0,0,0.0171071
254,4,48,129,0,0.958,7,8,0,0,0.0171071
733,6,49,130,0,0.916,7,8,0,0,0.0163571
1988,3,50,135,0,0.334,6,10,0,0,0.00556667
617,0,51,136,0,0.333,7,8,0,0,0.00594643
1871,5,52,141,0,1.041,6,10,0,0,0.01735
1885,7,53,146,0,0.917,6,10,0,0,0.0152833
1915,1,54,151,0,1,6,10,0,0,0.0166667
1817,4,55,156,0,1.083,6,10,0,0,0.01805
1852,2,56,161,0,1,6,10,0,0,0.0166667
1735,3,57,167,0,1,6,10,0,0,0.0166667
1602,0,58,169,0,0.917,6,10,0,0,0.0152833
1296,1,59,173,0,0.875,6,10,0,0,0.0145833
1739,6,60,182,0,0.917,6,10,0,0,0.0152833
1300,7,61,182,0,0.959,6,10,0,0,0.0159833
1351,5,62,187,0,1,6,10,0,0,0.0166667
1249,4,63,191,0,0.833,6,10,0,0,0.0138833
1079,3,64,196,0,1.083,6,10,0,0,0.01805
971,6,65,204,0,1,6,10,0,0,0.0166667
1172,2,66,205,0,1.083,6,10,0,0,0.01805
996,1,67,207,0,0.958,6,10,0,0,0.0159667
1056,0,68,211,0,0.959,6,10,0,0,0.0159833
764,4,69,216,0,0.417,6,10,0,0,0.00695
801,5,70,217,0,1.042,6,10,0,0,0.0173667
856,7,71,220,0,0.459,6,10,0,0,0.00765
557,0,72,224,0,0.375,6,10,0,0,0.00625
662,3,73,228,0,0.917,6,10,0,0,0.0152833
565,2,74,230,0,0.917,6,10,0,0,0.0152833
564,1,75,233,0,1.042,6,10,0,0,0.0173667
437,5,76,236,0,1.042,6,10,0,0,0.0173667
509,4,77,239,0,1,6,10,0,0,0.0166667
596,6,78,240,0,1.333,6,10,0,0,0.0222167
333,0,79,242,0,1.291,6,10,0,0,0.0215167
180,2,80,244,0,0.875,6,10,0,0,0.0145833
38,4,81,248,0,1.042,6,10,0,0,0.0173667
1980,6,82,254,0,1,7,9,0,0,0.015873
190,3,83,254,0,1.083,6,10,0,0,0.01805
76,5,84,256,0,1,6,10,0,0,0.0166667
88,1,85,259,0,1,6,10,0,0,0.0166667
406,7,86,262,0,1.167,6,10,0,0,0.01945
1895,2,87,263,0,0.958,7,9,0,0,0.0152063
1934,0,88,264,0,0.416,7,9,0,0,0.00660317
1795,6,89,266,0,0.375,7,9,0,0,0.00595238
1338,5,90,267,0,1.042,7,9,0,0,0.0165397
1893,4,91,268,0,1.083,7,9,0,0,0.0171905
1171,7,92,272,0,1.083,7,9,0,0,0.0171905
1582,3,93,274,0,1,7,9,0,0,0.015873
1154,2,94,276,0,1,7,9,0,0,0.015873
1068,6,95,278,0,0.959,7,9,0,0,0.0152222
1096,0,96,281,0,1.167,7,9,0,0,0.0185238
1259,1,97,282,0,1.042,7,9,0,0,0.0165397
597,4,98,284,0,0.958,7,9,0,0,0.0152063
575,7,99,285,0,1.167,7,9,0,0,0.0185238
767,5,100,286,0,1.042,7,9,0,0,0.0165397
540,2,101,288,0,0.333,7,9,0,0,0.00528571
543,3,102,289,0,0.292,7,9,0,0,0.00463492
1207,4,103,290,0,0.958,8,8,0,0,0.0149687
478,6,104,291,0,1.041,7,9,0,0,0.0165238
82,1,105,292,0,1,7,9,0,0,0.015873
169,0,106,293,0,1.125,7,9,0,0,0.0178571
1904,7,107,301,0,0.917,6,11,0,0,0.0138939
1641,6,108,302,0,1.042,6,11,0,0,0.0157879
1818,4,109,307,0,0.542,6,11,0,0,0.00821212
1862,2,110,313,0,0.458,6,11,0,0,0.00693939
1557,6,111,317,0,0.375,6,11,0,0,0.00568182
1856,3,112,320,0,1,6,11,0,0,0.0151515
1890,5,113,324,0,0.916,6,11,0,0,0.0138788
1640,1,114,328,0,1.083,6,11,0,0,0.0164091
1564,0,115,332,0,0.958,6,11,0,0,0.0145152
1560,7,116,336,0,1.042,6,11,0,0,0.0157879
1413,6,117,344,0,1.041,6,11,0,0,0.0157727
1373,3,118,346,0,0.959,6,11,0,0,0.0145303
1508,4,119,354,0,1,6,11,0,0,0.0151515
1494,2,120,356,0,1.042,6,11,0,0,0.0157879
1326,5,121,360,0,0.375,6,11,0,0,0.00568182
1274,0,122,365,0,0.375,6,11,0,0,0.00568182
1117,6,123,370,0,0.959,6,11,0,0,0.0145303
1289,1,124,373,0,1.083,6,11,0,0,0.0164091
1260,7,125,377,0,1.083,6,11,0,0,0.0164091
1086,4,126,382,0,1.125,6,11,0,0,0.0170455
1074,2,127,385,0,0.875,6,11,0,0,0.0132576
1109,3,128,389,0,1.042,6,11,0,0,0.0157879
1034,0,129,391,0,0.958,6,11,0,0,0.0145152
1024,6,130,396,0,1.167,6,11,0,0,0.0176818
999,1,131,400,0,1.292,6,11,0,0,0.0195758
1066,5,132,404,0,1.083,6,11,0,0,0.0164091
897,4,133,408,0,0.417,6,11,0,0,0.00631818
773,0,134,412,0,1,6,11,0,0,0.0151515
882,2,135,417,0,1.083,6,11,0,0,0.0164091
952,7,136,421,0,1.042,6,11,0,0,0.0157879
706,1,137,426,0,1.083,6,11,0,0,0.0164091
873,3,138,431,0,1.083,6,11,0,0,0.0164091
659,5,139,433,0,1.041,6,11,0,0,0.0157727
554,2,140,436,0,2,6,11,0,0,0.030303
655,4,141,439,0,0.375,6,11,0,0,0.00568182
582,0,142,444,0,0.417,6,11,0,0,0.00631818
740,6,143,446,0,1.084,6,11,0,0,0.0164242
257,4,144,453,0,1.042,6,11,0,0,0.0157879
391,5,145,454,0,0.917,6,11,0,0,0.0138939
276,2,146,459,0,1.125,6,11,0,0,0.0170455
524,7,147,460,0,1.083,6,11,0,0,0.0164091
496,1,148,463,0,1.083,6,11,0,0,0.0164091
70,7,149,467,0,1.125,6,11,0,0,0.0170455
188,6,150,470,0,1.125,6,11,0,0,0.0170455
486,3,151,473,0,0.959,6,11,0,0,0.0145303
246,0,152,475,0,1.083,6,11,0,0,0.0164091
106,5,153,479,0,1.334,6,11,0,0,0.0202121
86,2,154,481,0,0.958,6,11,0,0,0.0145152
112,4,155,483,0,0.917,6,11,0,0,0.0138939
11,6,156,487,0,1.083,6,11,0,0,0.0164091
1718,0,157,488,0,1.125,7,10,0,0,0.0160714
1846,3,158,492,0,1.167,7,10,0,0,0.0166714
53,1,159,494,0,0.917,6,11,0,0,0.0138939
29,7,160,496,0,0.917,6,11,0,0,0.0138939
1676,2,161,497,0,1.083,7,10,0,0,0.0154714
1713,5,162,501,0,1.125,7,10,0,0,0.0160714
1669,4,163,504,0,0.5,7,10,0,0,0.00714286
1626,6,164,507,0,1.209,7,10,0,0,0.0172714
1422,5,165,511,0,1.167,7,10,0,0,0.0166714
1539,3,166,512,0,1.084,7,10,0,0,0.0154857
1453,2,167,516,0,0.542,7,10,0,0,0.00774286
1476,1,168,518,0,1.125,7,10,0,0,0.0160714
1360,4,169,521,0,0.958,7,10,0,0,0.0136857
1590,0,170,523,0,0.416,7,10,0,0,0.00594286
1471,7,171,524,0,1.166,7,10,0,0,0.0166571
1314,6,172,525,0,1.25,7,10,0,0,0.0178571
1184,5,173,526,0,0.375,7,10,0,0,0.00535714
1170,3,174,528,0,0.375,7,10,0,0,0.00535714
907,7,175,530,0,1.375,7,10,0,0,0.0196429
1081,1,176,533,0,0.917,7,10,0,0,0.0131
942,0,177,535,0,1.25,7,10,0,0,0.0178571
797,6,178,537,0,1.125,7,10,0,0,0.0160714
1017,4,179,538,0,1.208,7,10,0,0,0.0172571
1159,2,180,539,0,1.084,7,10,0,0,0.0154857
744,3,181,543,0,1.125,7,10,0,0,0.0160714
748,5,182,545,0,1.041,7,10,0,0,0.0148714
640,0,183,546,0,0.375,7,10,0,0,0.00535714
734,7,184,547,0,1.333,7,10,0,0,0.0190429
656,1,185,548,0,0.417,7,10,0,0,0.00595714
490,4,186,549,0,1.125,7,10,0,0,0.0160714
484,2,187,550,0,1,7,10,0,0,0.0142857
417,0,188,554,0,1.041,7,10,0,0,0.0148714
583,6,189,555,0,1.041,7,10,0,0,0.0148714
448,3,190,556,0,0.375,7,10,0,0,0.00535714
425,5,191,557,0,1.042,7,10,0,0,0.0148857
402,2,192,560,0,1.125,7,10,0,0,0.0160714
414,7,193,561,0,1.125,7,10,0,0,0.0160714
389,6,194,563,0,1.042,7,10,0,0,0.0148857
412,1,195,565,0,1,7,10,0,0,0.0142857
409,4,196,567,0,0.417,7,10,0,0,0.00595714
396,0,197,568,0,1.042,7,10,0,0,0.0148857
317,5,198,570,0,1.042,7,10,0,0,0.0148857
304,7,199,571,0,1.083,7,10,0,0,0.0154714
380,3,200,575,0,0.416,7,10,0,0,0.00594286
308,2,201,576,0,1.209,7,10,0,0,0.0172714
271,4,202,578,0,0.375,7,10,0,0,0.00535714
297,6,203,579,0,0.375,7,10,0,0,0.00535714
179,0,204,581,0,0.417,7,10,0,0,0.00595714
120,3,205,583,0,0.5,7,10,0,0,0.00714286
142,5,206,584,0,0.459,7,10,0,0,0.00655714
141,7,207,587,0,1.125,7,10,0,0,0.0160714
288,1,208,588,0,1.167,7,10,0,0,0.0166714
9,4,209,589,0,1.167,7,10,0,0,0.0166714
42,2,210,591,0,0.708,7,10,0,0,0.0101143
1958,3,211,599,0,1.167,6,12,0,0,0.0162083
1889,7,212,601,0,1.166,6,12,0,0,0.0161944
0,6,213,602,0,0.458,7,10,0,0,0.00654286
1960,0,214,607,0,1.083,6,12,0,0,0.0150417
1926,5,215,612,0,1.209,6,12,0,0,0.0167917
1816,3,216,617,0,1.167,6,12,0,0,0.0162083
1886,1,217,622,0,0.375,6,12,0,0,0.00520833
1879,4,218,627,0,1.208,6,12,0,0,0.0167778
1777,7,219,632,0,1.209,6,12,0,0,0.0167917
1842,2,220,637,0,1.125,6,12,0,0,0.015625
1622,5,221,641,0,1.25,6,12,0,0,0.0173611
1606,3,222,645,0,1.125,6,12,0,0,0.015625
1671,0,223,649,0,1.042,6,12,0,0,0.0144722
1712,6,224,656,0,0.417,6,12,0,0,0.00579167
1592,1,225,658,0,0.459,6,12,0,0,0.006375
1563,2,226,663,0,1.083,6,12,0,0,0.0150417
1431,3,227,668,0,0.375,6,12,0,0,0.00520833
1570,7,228,673,0,0.75,6,12,0,0,0.0104167
1585,4,229,677,0,1.208,6,12,0,0,0.0167778
1409,0,230,680,0,1.209,6,12,0,0,0.0167917
1469,5,231,685,0,0.708,6,12,0,0,0.00983333
1339,1,232,689,0,1.083,6,12,0,0,0.0150417
1337,2,233,695,0,1.083,6,12,0,0,0.0150417
1382,6,234,697,0,1.167,6,12,0,0,0.0162083
1283,7,235,701,0,0.708,6,12,0,0,0.00983333
1332,3,236,705,0,1.083,6,12,0,0,0.0150417
1224,1,237,712,0,0.667,6,12,0,0,0.00926389
1275,4,238,713,0,0.75,6,12,0,0,0.0104167
1169,2,239,718,0,1.041,6,12,0,0,0.0144583
1235,0,240,722,0,1.125,6,12,0,0,0.015625
1232,5,241,727,0,2,6,12,0,0,0.0277778
1133,1,242,731,0,1,6,12,0,0,0.0138889
1147,6,243,734,0,1.208,6,12,0,0,0.0167778
1138,7,244,738,0,1.25,6,12,0,0,0.0173611
1053,0,245,741,0,0.541,6,12,0,0,0.00751389
1135,3,246,745,0,1.125,6,12,0,0,0.015625
1058,2,247,750,0,1.041,6,12,0,0,0.0144583
1046,5,248,753,0,1.333,6,12,0,0,0.0185139
1036,6,249,756,0,1.541,6,12,0,0,0.0214028
1011,0,250,761,0,1.084,6,12,0,0,0.0150556
1100,4,251,763,0,1.292,6,12,0,0,0.0179444
1040,1,252,766,0,1.084,6,12,0,0,0.0150556
972,3,253,770,0,1.125,6,12,0,0,0.015625
936,5,254,775,0,1.125,6,12,0,0,0.015625
1012,7,255,777,0,1.292,6,12,0,0,0.0179444
892,0,256,781,0,1.125,6,12,0,0,0.015625
958,2,257,785,0,1.209,6,12,0,0,0.0167917
908,6,258,789,0,1.125,6,12,0,0,0.015625
798,5,259,795,0,0.458,6,12,0,0,0.00636111
869,4,260,796,0,1.167,6,12,0,0,0.0162083
853,1,261,800,0,1.125,6,12,0,0,0.015625
763,7,262,806,0,1.125,6,12,0,0,0.015625
745,6,263,807,0,1.084,6,12,0,0,0.0150556
800,3,264,809,0,1.167,6,12,0,0,0.0162083
758,0,265,814,0,1.084,6,12,0,0,0.0150556
753,2,266,816,0,1.25,6,12,0,0,0.0173611
709,4,267,818,0,1.125,6,12,0,0,0.015625
718,5,268,822,0,1.125,6,12,0,0,0.015625
702,1,269,825,0,1.208,6,12,0,0,0.0167778
698,7,270,829,0,1.208,6,12,0,0,0.0167778
668,0,271,833,0,1.208,6,12,0,0,0.0167778
686,6,272,835,0,114.208,6,12,0,0,1.58622
647,2,273,838,0,0.375,6,12,0,0,0.00520833
627,4,274,843,0,1.208,6,12,0,0,0.0167778
684,3,275,847,0,1.125,6,12,0,0,0.015625
585,5,276,850,0,1.208,6,12,0,0,0.0167778
571,1,277,852,0,1.334,6,12,0,0,0.0185278
485,2,278,857,0,1.25,6,12,0,0,0.0173611
551,7,279,862,0,1.167,6,12,0,0,0.0162083
475,4,280,866,0,1.333,6,12,0,0,0.0185139
473,3,281,870,0,0.541,6,12,0,0,0.00751389
522,0,282,874,0,1.083,6,12,0,0,0.0150417
464,5,283,876,0,1.041,6,12,0,0,0.0144583
488,6,284,880,0,1.125,6,12,0,0,0.015625
456,1,285,882,0,0.417,6,12,0,0,0.00579167
430,7,286,886,0,1.125,6,12,0,0,0.015625
397,4,287,887,0,1.083,6,12,0,0,0.0150417
442,2,288,889,0,1.166,6,12,0,0,0.0161944
298,0,289,892,0,0.375,6,12,0,0,0.00520833
384,3,290,896,0,1.125,6,12,0,0,0.015625
265,5,291,899,0,1.083,6,12,0,0,0.0150417
251,6,292,902,0,1.042,6,12,0,0,0.0144722
210,1,293,905,0,1.042,6,12,0,0,0.0144722
147,0,294,908,0,1.041,6,12,0,0,0.0144583
185,4,295,911,0,1.292,6,12,0,0,0.0179444
159,2,296,912,0,1.125,6,12,0,0,0.015625
186,7,297,916,0,1.167,6,12,0,0,0.0162083
108,6,298,919,0,1.083,6,12,0,0,0.0150417
128,3,299,922,0,1,6,12,0,0,0.0138889
1966,0,300,923,0,1.25,8,9,0,0,0.0173611
119,5,301,925,0,0.542,6,12,0,0,0.00752778
12,1,302,927,0,0.5,6,12,0,0,0.00694444
1620,7,303,928,0,1.292,8,9,0,0,0.0179444
1518,6,304,930,0,1.167,8,9,0,0,0.0162083
1884,4,305,931,0,1.083,8,9,0,0,0.0150417
1478,3,306,932,0,0.542,8,9,0,0,0.00752778
1843,2,307,933,0,1.25,8,9,0,0,0.0173611
1227,0,308,934,0,0.5,8,9,0,0,0.00694444
994,1,309,935,0,1.209,8,9,0,0,0.0167917
1176,5,310,936,0,1.083,8,9,0,0,0.0150417
814,6,311,937,0,0.375,8,9,0,0,0.00520833
834,7,312,939,0,1.25,8,9,0,0,0.0173611
460,3,313,940,0,1.292,8,9,0,0,0.0179444
33,0,314,941,0,1.167,8,9,0,0,0.0162083
390,2,315,942,0,1.166,8,9,0,0,0.0161944
1939,1,316,944,0,1.25,7,11,0,0,0.0162338
493,4,317,945,0,1.125,8,9,0,0,0.015625
1686,7,318,950,0,1.459,7,11,0,0,0.0189481
1734,5,319,952,0,0.459,7,11,0,0,0.00596104
1693,6,320,955,0,0.5,7,11,0,0,0.00649351
1661,0,321,959,0,1.208,7,11,0,0,0.0156883
1681,3,322,961,0,1.25,7,11,0,0,0.0162338
1510,1,323,965,0,1.208,7,11,0,0,0.0156883
1347,6,324,968,0,1.208,7,11,0,0,0.0156883
1390,5,325,969,0,1.209,7,11,0,0,0.0157013
1398,4,326,971,0,1.25,7,11,0,0,0.0162338
1396,7,327,972,0,1.125,7,11,0,0,0.0146104
1523,2,328,973,0,0.459,7,11,0,0,0.00596104
1248,1,329,977,0,1.25,7,11,0,0,0.0162338
1316,0,330,978,0,1.25,7,11,0,0,0.0162338
1253,3,331,980,0,1.25,7,11,0,0,0.0162338
1222,4,332,983,0,1.459,7,11,0,0,0.0189481
1152,7,333,987,0,0.459,7,11,0,0,0.00596104
1233,5,334,989,0,0.417,7,11,0,0,0.00541558
1236,6,335,991,0,1.375,7,11,0,0,0.0178571
1088,0,336,994,0,1.333,7,11,0,0,0.0173117
1039,3,337,997,0,0.417,7,11,0,0,0.00541558
1095,2,338,998,0,1.334,7,11,0,0,0.0173247
874,7,339,1000,0,1.292,7,11,0,0,0.0167792
1089,1,340,1006,0,1.333,7,11,0,0,0.0173117
997,4,341,1006,0,1.292,7,11,0,0,0.0167792
870,5,342,1007,0,1.167,7,11,0,0,0.0151558
852,6,343,1009,0,0.625,7,11,0,0,0.00811688
809,3,344,1013,0,1.208,7,11,0,0,0.0156883
831,0,345,1015,0,1.083,7,11,0,0,0.0140649
787,2,346,1017,0,1.083,7,11,0,0,0.0140649
766,1,347,1018,0,1.208,7,11,0,0,0.0156883
732,4,348,1020,0,0.417,7,11,0,0,0.00541558
771,7,349,1023,0,0.459,7,11,0,0,0.00596104
695,5,350,1025,0,0.708,7,11,0,0,0.00919481
618,0,351,1028,0,1.375,7,11,0,0,0.0178571
653,3,352,1032,0,0.5,7,11,0,0,0.00649351
660,6,353,1034,0,1.125,7,11,0,0,0.0146104
579,2,354,1035,0,0.542,7,11,0,0,0.00703896
558,1,355,1037,0,1.166,7,11,0,0,0.0151429
526,5,356,1038,0,1.083,7,11,0,0,0.0140649
487,0,357,1039,0,1.042,7,11,0,0,0.0135325
532,4,358,1041,0,1.083,7,11,0,0,0.0140649
528,7,359,1042,0,1.291,7,11,0,0,0.0167662
432,6,360,1045,0,1.125,7,11,0,0,0.0146104
422,2,361,1046,0,1.208,7,11,0,0,0.0156883
452,3,362,1048,0,1.375,7,11,0,0,0.0178571
410,5,363,1051,0,1.375,7,11,0,0,0.0178571
415,1,364,1052,0,1.125,7,11,0,0,0.0146104
225,6,365,1054,0,0.459,7,11,0,0,0.00596104
211,3,366,1057,0,1.125,7,11,0,0,0.0146104
382,4,367,1058,0,1.209,7,11,0,0,0.0157013
400,0,368,1059,0,1.083,7,11,0,0,0.0140649
367,7,369,1060,0,1.25,7,11,0,0,0.0162338
202,5,370,1064,0,1.25,7,11,0,0,0.0162338
215,2,371,1065,0,1.917,7,11,0,0,0.0248961
195,1,372,1069,0,0.416,7,11,0,0,0.0054026
176,3,373,1071,0,0.5,7,11,0,0,0.00649351
171,0,374,1075,0,1.167,7,11,0,0,0.0151558
165,7,375,1076,0,1.5,7,11,0,0,0.0194805
145,5,376,1078,0,1,7,11,0,0,0.012987
175,4,377,1081,0,1.167,7,11,0,0,0.0151558
184,6,378,1081,0,1.125,7,11,0,0,0.0146104
136,2,379,1084,0,1.125,7,11,0,0,0.0146104
31,1,380,1086,0,1.084,7,11,0,0,0.0140779
24,3,381,1088,0,1.042,7,11,0,0,0.0135325
1995,5,382,1093,0,1.208,6,13,0,0,0.0154872
1999,7,383,1098,0,1.25,6,13,0,0,0.0160256
1948,3,384,1103,0,1.25,6,13,0,0,0.0160256
1992,4,385,1108,0,0.583,6,13,0,0,0.00747436
1967,2,386,1112,0,0.5,6,13,0,0,0.00641026
1961,1,387,1117,0,1.167,6,13,0,0,0.0149615
15,0,388,1120,0,0.542,7,11,0,0,0.00703896
1987,6,389,1124,0,1.375,6,13,0,0,0.0176282
1880,7,390,1133,0,1.166,6,13,0,0,0.0149487
1900,5,391,1134,0,1.167,6,13,0,0,0.0149615
1848,2,392,1143,0,1.166,6,13,0,0,0.0149487
1876,4,393,1144,0,1.125,6,13,0,0,0.0144231
1877,3,394,1154,0,1.292,6,180613,0,0,,60.0165641395,
1154,0,1.125,6,13,0,0,0.0144231
1838,1,396,1159,0,1.125,6,13,0,0,0.0144231
1819,0,397,1163,0,1.166,6,13,0,0,0.0149487
1788,7,398,1168,0,1.25,6,13,0,0,0.0160256
1696,4,399,1173,0,1.208,6,13,0,0,0.0154872
1705,2,400,1178,0,1.333,6,13,0,0,0.0170897
1747,5,401,1183,0,1.084,6,13,0,0,0.0138974
1635,1,402,1187,0,0.417,6,13,0,0,0.00534615
1652,6,403,1192,0,1.125,6,13,0,0,0.0144231
1655,3,404,1197,0,1.25,6,13,0,0,0.0160256
1614,0,405,1202,0,1.25,6,13,0,0,0.0160256
1536,7,406,1207,0,1.25,6,13,0,0,0.0160256
1424,5,407,1211,0,1.208,6,13,0,0,0.0154872
1512,2,408,1216,0,1.083,6,13,0,0,0.0138846
1519,4,409,1221,0,1.125,6,13,0,0,0.0144231
1408,1,410,1226,0,1.25,6,13,0,0,0.0160256
1371,6,411,1231,0,25.417,6,13,0,0,0.325859
1363,3,412,1236,0,0.541,6,13,0,0,0.0069359
1336,7,413,1240,0,1.209,6,13,0,0,0.0155
1357,0,414,1245,0,1.125,6,13,0,0,0.0144231
1307,2,415,1249,0,1.166,6,13,0,0,0.0149487
1287,4,416,1253,0,1.458,6,13,0,0,0.0186923
1324,5,417,1258,0,1.375,6,13,0,0,0.0176282
1255,1,418,1262,0,0.459,6,13,0,0,0.00588462
1218,3,419,1268,0,1.167,6,13,0,0,0.0149615
1211,7,420,1269,0,1.125,6,13,0,0,0.0144231
1251,6,421,1274,0,1.334,6,13,0,0,0.0171026
1201,0,422,1278,0,1.208,6,13,0,0,0.0154872
1155,2,423,1281,0,1.166,6,13,0,0,0.0149487
1127,4,424,1286,0,1.291,6,13,0,0,0.0165513
1094,7,425,1290,0,1.333,6,13,0,0,0.0170897
1103,1,426,1294,0,1.125,6,13,0,0,0.0144231
1118,5,427,1297,0,1.25,6,13,0,0,0.0160256
1082,6,428,1302,0,1.167,6,13,0,0,0.0149615
1097,3,429,1306,0,1.083,6,13,0,0,0.0138846
1019,0,430,1309,0,1.333,6,13,0,0,0.0170897
954,4,431,1314,0,1.166,6,13,0,0,0.0149487
944,1,432,1319,0,1.291,6,13,0,0,0.0165513
1006,2,433,1323,0,1.25,6,13,0,0,0.0160256
950,7,434,1326,0,1.167,6,13,0,0,0.0149615
928,5,435,1329,0,1.125,6,13,0,0,0.0144231
916,6,436,1333,0,1.583,6,13,0,0,0.0202949
904,3,437,1336,0,1.25,6,13,0,0,0.0160256
887,0,438,1340,0,1.208,6,13,0,0,0.0154872
878,1,439,1343,0,1.167,6,13,0,0,0.0149615
802,2,440,1346,0,1.083,6,13,0,0,0.0138846
721,5,441,1351,0,1.25,6,13,0,0,0.0160256
723,7,442,1353,0,1.084,6,13,0,0,0.0138974
880,4,443,1357,0,1.041,6,13,0,0,0.0133462
719,6,444,1361,0,1.167,6,13,0,0,0.0149615
622,1,445,1366,0,1.042,6,13,0,0,0.013359
675,0,446,1370,0,1.042,6,13,0,0,0.013359
693,3,447,1374,0,1.167,6,13,0,0,0.0149615
588,5,448,1381,0,1.083,6,13,0,0,0.0138846
586,7,449,1383,0,1.208,6,13,0,0,0.0154872
609,2,450,1387,0,1.291,6,13,0,0,0.0165513
570,6,451,1390,0,1.125,6,13,0,0,0.0144231
576,4,452,1394,0,1.083,6,13,0,0,0.0138846
461,0,453,1397,0,1.209,6,13,0,0,0.0155
471,1,454,1400,0,1.125,6,13,0,0,0.0144231
451,3,455,1404,0,1.166,6,13,0,0,0.0149487
383,6,456,1410,0,1.167,6,13,0,0,0.0149615
438,7,457,1412,0,1.209,6,13,0,0,0.0155
405,2,458,1415,0,1.166,6,13,0,0,0.0149487
440,5,459,1418,0,1.125,6,13,0,0,0.0144231
359,4,460,1422,0,1.042,6,13,0,0,0.013359
289,6,461,1426,0,1.084,6,13,0,0,0.0138974
283,7,462,1429,0,1.083,6,13,0,0,0.0138846
314,1,463,1429,0,1.167,6,13,0,0,0.0149615
357,0,464,1431,0,1.25,6,13,0,0,0.0160256
294,3,465,1438,0,1.084,6,13,0,0,0.0138974
255,5,466,1439,0,1.125,6,13,0,0,0.0144231
269,2,467,1443,0,1.042,6,13,0,0,0.013359
227,4,468,1444,0,1.125,6,13,0,0,0.0144231
220,6,469,1447,0,1.042,6,13,0,0,0.013359
201,1,470,1452,0,1.083,6,13,0,0,0.0138846
99,5,471,1456,0,1.334,6,13,0,0,0.0171026
218,7,472,1458,0,1.125,6,13,0,0,0.0144231
83,4,473,1462,0,1.166,6,13,0,0,0.0149487
163,0,474,1465,0,1.375,6,13,0,0,0.0176282
79,6,475,1470,0,1.083,6,13,0,0,0.0138846
122,3,476,1472,0,1.291,6,13,0,0,0.0165513
84,2,477,1474,0,1.125,6,13,0,0,0.0144231
64,7,478,1477,0,1.083,6,13,0,0,0.0138846
66,5,479,1481,0,1.125,6,13,0,0,0.0144231
71,1,480,1484,0,0.375,6,13,0,0,0.00480769
51,0,481,1487,0,0.625,6,13,0,0,0.00801282
50,6,482,1490,0,1.083,6,13,0,0,0.0138846
61,4,483,1494,0,1.25,6,13,0,0,0.0160256
45,3,484,1496,0,1.417,6,13,0,0,0.0181667
13,2,485,1499,0,1.167,6,13,0,0,0.0149615
1918,5,486,1501,0,1.125,8,10,0,0,0.0140625
1905,1,487,1502,0,1.166,8,10,0,0,0.014575
1864,6,488,1504,0,1.167,8,10,0,0,0.0145875
1515,4,489,1505,0,1.125,8,10,0,0,0.0140625
1940,7,490,1506,0,1.125,8,10,0,0,0.0140625
1451,3,491,1507,0,1.208,8,10,0,0,0.0151
1888,0,492,1509,0,1.166,8,10,0,0,0.014575
1244,1,493,1511,0,1.125,8,10,0,0,0.0140625
1436,2,494,1512,0,1.209,8,10,0,0,0.0151125
1366,5,495,1513,0,1.209,8,10,0,0,0.0151125
1054,6,496,1514,0,1.083,8,10,0,0,0.0135375
893,3,497,1515,0,1.167,8,10,0,0,0.0145875
1029,4,498,1516,0,1.292,8,10,0,0,0.01615
755,0,499,1517,0,1.125,8,10,0,0,0.0140625
895,7,500,1518,0,1.083,8,10,0,0,0.0135375
645,1,501,1520,0,1.125,8,10,0,0,0.0140625
320,3,502,1521,0,1.292,8,10,0,0,0.01615
355,6,503,1522,0,1.167,8,10,0,0,0.0145875
413,5,504,1523,0,1.209,8,10,0,0,0.0151125
450,2,505,1524,0,1.125,8,10,0,0,0.0140625
1084,1,506,1525,0,1.208,9,9,0,0,0.0149136
1085,7,507,1526,0,0.417,9,9,0,0,0.00514815
292,4,508,1527,0,1.208,8,10,0,0,0.0151
48,0,509,1528,0,1.125,8,10,0,0,0.0140625
1869,2,510,1533,0,1.208,6,14,0,0,0.014381
1878,5,511,1541,0,1.125,6,14,0,0,0.0133929
1942,3,512,1543,0,1.208,6,14,0,0,0.014381
1861,1,513,1548,0,0.459,6,14,0,0,0.00546429
1829,7,514,1551,0,1.083,6,14,0,0,0.0128929
1912,6,515,1556,0,1.208,6,14,0,0,0.014381
1771,5,516,1561,0,1.166,6,14,0,0,0.013881
1779,2,517,1566,0,1.208,6,14,0,0,0.014381
1786,0,518,1570,0,1.167,6,14,0,0,0.0138929
1825,4,519,1575,0,0.417,6,14,0,0,0.00496429
1702,7,520,1580,0,1.084,6,14,0,0,0.0129048
1724,3,521,1587,0,1.208,6,14,0,0,0.014381
1708,1,522,1589,0,1.167,6,14,0,0,0.0138929
1665,5,523,1594,0,1.208,6,14,0,0,0.014381
1662,2,524,1598,0,1.125,6,14,0,0,0.0133929
1691,6,525,1603,0,0.416,6,14,0,0,0.00495238
1647,0,526,1608,0,1.167,6,14,0,0,0.0138929
1623,7,527,1613,0,1.208,6,14,0,0,0.014381
1646,4,528,1618,0,1.208,6,14,0,0,0.014381
1610,1,529,1624,0,1.125,6,14,0,0,0.0133929
1612,3,530,1627,0,1.292,6,14,0,0,0.015381
1584,5,531,1631,0,1.25,6,14,0,0,0.014881
1549,2,532,1636,0,1.167,6,14,0,0,0.0138929
1513,0,533,1640,0,1.166,6,14,0,0,0.013881
1432,1,534,1644,0,1.125,6,14,0,0,0.0133929
1446,4,535,1648,0,1.125,6,14,0,0,0.0133929
1530,6,536,1653,0,1.167,6,14,0,0,0.0138929
1482,7,537,1657,0,1.333,6,14,0,0,0.015869
1427,3,538,1660,0,1.458,6,14,0,0,0.0173571
1426,5,539,1665,0,1.208,6,14,0,0,0.014381
1325,4,540,1670,0,1.166,6,14,0,0,0.013881
1401,2,541,1675,0,1.208,6,14,0,0,0.014381
1397,0,542,1678,0,1.333,6,14,0,0,0.015869
1359,1,543,1683,0,1.166,6,14,0,0,0.013881
1317,6,544,1686,0,1.209,6,14,0,0,0.0143929
1313,7,545,1693,0,1.333,6,14,0,0,0.015869
1303,3,546,1695,0,1.166,6,14,0,0,0.013881
1301,5,547,1700,0,1.375,6,14,0,0,0.016369
1273,2,548,1705,0,1.166,6,14,0,0,0.013881
1272,0,549,1710,0,0.458,6,14,0,0,0.00545238
1231,3,550,1715,0,1.166,6,14,0,0,0.013881
1271,1,551,1720,0,0.417,6,14,0,0,0.00496429
1299,4,552,1725,0,1.25,6,14,0,0,0.014881
1258,7,553,1730,0,0.417,6,14,0,0,0.00496429
1266,6,554,1733,0,1.167,6,14,0,0,0.0138929
1181,5,555,1737,0,1.167,6,14,0,0,0.0138929
1164,0,556,1741,0,1.208,6,14,0,0,0.014381
1116,1,557,1745,0,1.208,6,14,0,0,0.014381
1165,2,558,1748,0,1.292,6,14,0,0,0.015381
963,4,559,1750,0,1.375,6,14,0,0,0.016369
1140,3,560,1755,0,1.208,6,14,0,0,0.014381
939,7,561,1759,0,1.125,6,14,0,0,0.0133929
938,6,562,1764,0,1.167,6,14,0,0,0.0138929
762,0,563,1767,0,1.167,6,14,0,0,0.0138929
862,5,564,1771,0,0.75,6,14,0,0,0.00892857
754,1,565,1777,0,1.333,6,14,0,0,0.015869
611,3,566,1779,0,1.125,6,14,0,0,0.0133929
562,7,567,1782,0,1.292,6,14,0,0,0.015381
619,4,568,1785,0,1.25,6,14,0,0,0.014881
688,2,569,1788,0,0.375,6,14,0,0,0.00446429
513,0,570,1793,0,1.083,6,14,0,0,0.0128929
547,6,571,1796,0,0.458,6,14,0,0,0.00545238
494,5,572,1800,0,1.25,6,14,0,0,0.014881
492,1,573,1805,0,0.958,6,14,0,0,0.0114048
449,7,574,1808,0,0.625,6,14,0,0,0.00744048
459,3,575,1812,0,1.167,6,14,0,0,0.0138929
349,4,576,1815,0,1.25,6,14,0,0,0.014881
329,2,577,1817,0,1.208,6,14,0,0,0.014381
318,0,578,1821,0,1.208,6,14,0,0,0.014381
303,5,579,1825,0,1.167,6,14,0,0,0.0138929
316,6,580,1830,0,1.083,6,14,0,0,0.0128929
187,7,581,1832,0,1.291,6,14,0,0,0.015369
275,1,582,1837,0,1.25,6,14,0,0,0.014881
149,4,583,1840,0,1.333,6,14,0,0,0.015869
157,3,584,1847,0,1.333,6,14,0,0,0.015869
104,0,585,1848,0,1.333,6,14,0,0,0.015869
97,5,586,1854,0,1.25,6,14,0,0,0.014881
44,7,587,1855,0,1.208,6,14,0,0,0.014381
115,2,588,1858,0,1.292,6,14,0,0,0.015381
65,6,589,1862,0,1.083,6,14,0,0,0.0128929
39,1,590,1866,0,1.167,6,14,0,0,0.0138929
1924,5,591,1868,0,1.125,7,12,0,0,0.0133929
36,4,592,1870,0,1.25,6,14,0,0,0.014881
6,0,593,1875,0,1.25,6,14,0,0,0.014881
1916,7,594,1877,0,1.208,7,12,0,0,0.014381
22,3,595,1880,0,1.334,6,14,0,0,0.015881
1902,2,596,1885,0,1.208,7,12,0,0,0.014381
1628,5,597,1889,0,1.25,7,12,0,0,0.014881
1472,2,598,1890,0,1.292,7,12,0,0,0.015381
1533,0,599,1895,0,1.125,7,12,0,0,0.0133929
1699,6,600,1898,0,1.167,7,12,0,0,0.0138929
1629,1,601,1902,0,1.209,7,12,0,0,0.0143929
1502,7,602,1905,0,1.208,7,12,0,0,0.014381
1485,3,603,1907,0,0.458,7,12,0,0,0.00545238
1551,4,604,1911,0,0.417,7,12,0,0,0.00496429
1448,5,605,1916,0,1.208,7,12,0,0,0.014381
1428,6,606,1920,0,1.333,7,12,0,0,0.015869
1441,2,607,1924,0,1.208,7,12,0,0,0.014381
1388,7,608,1927,0,1.292,7,12,0,0,0.015381
1440,0,609,1930,0,1.125,7,12,0,0,0.0133929
1405,1,610,1933,0,1.208,7,12,0,0,0.014381
1344,3,611,1936,0,1.125,7,12,0,0,0.0133929
1241,6,612,1940,0,1.334,7,12,0,0,0.015881
1209,7,613,1943,0,1.167,7,12,0,0,0.0138929
1305,4,614,1944,0,1.209,7,12,0,0,0.0143929
1223,2,615,1947,0,1.25,7,12,0,0,0.014881
1142,1,616,1953,0,1.209,7,12,0,0,0.0143929
1268,5,617,1953,0,1.209,7,12,0,0,0.0143929
1149,0,618,1956,0,1.125,7,12,0,0,0.0133929
1007,1,619,1959,0,1.25,7,12,0,0,0.014881
1121,6,620,1961,0,1.25,7,12,0,0,0.014881
1132,3,621,1963,0,1.166,7,12,0,0,0.013881
1113,4,622,1965,0,1.291,7,12,0,0,0.015369
1067,2,623,1968,0,1.166,7,12,0,0,0.013881
1115,7,624,1971,0,1.167,7,12,0,0,0.0138929
953,5,625,1973,0,1.25,7,12,0,0,0.014881
912,3,626,1978,0,1.209,7,12,0,0,0.0143929
947,0,627,1981,0,1.25,7,12,0,0,0.014881
934,1,628,1983,0,1.291,7,12,0,0,0.015369
871,2,629,1985,0,0.458,7,12,0,0,0.00545238
841,7,630,1989,0,0.458,7,12,0,0,0.00545238
919,6,631,1991,0,1.292,7,12,0,0,0.015381
832,5,632,1994,0,1.208,7,12,0,0,0.014381
889,4,633,1996,0,0.5,7,12,0,0,0.00595238
820,3,634,2000,0,1.167,7,12,0,0,0.0138929
782,0,635,2003,0,1.334,7,12,0,0,0.015881
691,7,636,2007,0,1.291,7,12,0,0,0.015369
722,2,637,2010,0,0.5,7,12,0,0,0.00595238
669,6,638,2012,0,1.167,7,12,0,0,0.0138929
628,0,639,2015,0,1.292,7,12,0,0,0.015381
776,1,640,2017,0,1.75,7,12,0,0,0.0208333
638,5,641,2019,0,1.125,7,12,0,0,0.0133929
636,4,642,2021,0,1.291,7,12,0,0,0.015369
604,7,643,2023,0,1.458,7,12,0,0,0.0173571
630,3,644,2026,0,1.167,7,12,0,0,0.0138929
568,2,645,2028,0,1.291,7,12,0,0,0.015369
495,4,646,2030,0,1.208,7,12,0,0,0.014381
515,1,647,2033,0,1.25,7,12,0,0,0.014881
519,0,648,2035,0,1.167,7,12,0,0,0.0138929
499,5,649,2037,0,1.25,7,12,0,0,0.014881
541,6,650,2038,0,1.125,7,12,0,0,0.0133929
435,2,651,2041,0,1.125,7,12,0,0,0.0133929
457,7,652,2042,0,1.292,7,12,0,0,0.015381
444,3,653,2046,0,1.25,7,12,0,0,0.014881
369,6,654,2048,0,1.375,7,12,0,0,0.016369
429,4,655,2049,0,1.208,7,12,0,0,0.014381
419,1,656,2053,0,1.209,7,12,0,0,0.0143929
411,0,657,2056,0,1.167,7,12,0,0,0.0138929
399,5,658,2058,0,1.25,7,12,0,0,0.014881
284,7,659,2061,0,1.25,7,12,0,0,0.014881
250,3,660,2065,0,1.125,7,12,0,0,0.0133929
240,6,661,2068,0,1.25,7,12,0,0,0.014881
234,4,662,2073,0,1.5,7,12,0,0,0.0178571
204,1,663,2075,0,1.209,7,12,0,0,0.0143929
365,2,664,2076,0,1.458,7,12,0,0,0.0173571
154,7,665,2078,0,1.125,7,12,0,0,0.0133929
199,0,666,2080,0,1.25,7,12,0,0,0.014881
28,1,667,2083,0,1.166,7,12,0,0,0.013881
193,5,668,2084,0,0.541,7,12,0,0,0.00644048
130,6,669,2086,0,0.458,7,12,0,0,0.00545238
117,4,670,2088,0,1.25,7,12,0,0,0.014881
143,3,671,2089,0,1.167,7,12,0,0,0.0138929
27,2,672,2091,0,1.458,7,12,0,0,0.0173571
20,7,673,2093,0,1.333,7,12,0,0,0.015869
2,5,674,2095,0,1.25,7,12,0,0,0.014881
1578,3,675,2098,0,1.333,8,11,0,0,0.0151477
1919,6,676,2100,0,1.167,8,11,0,0,0.0132614
16,0,677,2102,0,1.208,7,12,0,0,0.014381
3,1,678,2103,0,1.25,7,12,0,0,0.014881
1680,4,679,2106,0,1.333,8,11,0,0,0.0151477
1541,2,680,2109,0,1.166,8,11,0,0,0.01325
1466,5,681,2111,0,1.25,8,11,0,0,0.0142045
1486,7,682,2112,0,1.291,8,11,0,0,0.0146705
1417,0,683,2114,0,1.292,8,11,0,0,0.0146818
1411,1,684,2117,0,1.167,8,11,0,0,0.0132614
1423,3,685,2118,0,1.333,8,11,0,0,0.0151477
1420,6,686,2120,0,1.166,8,11,0,0,0.01325
1407,4,687,2121,0,1.333,8,11,0,0,0.0151477
1323,0,688,2126,0,0.458,8,11,0,0,0.00520455
1375,2,689,2128,0,1.25,8,11,0,0,0.0142045
1356,5,690,2132,0,1.167,8,11,0,0,0.0132614
1310,1,691,2135,0,1.292,8,11,0,0,0.0146818
1306,3,692,2137,0,1.25,8,11,0,0,0.0142045
1335,7,693,2138,0,19.625,8,11,0,0,0.223011
1049,0,694,2139,0,1.333,8,11,0,0,0.0151477
1242,6,695,2140,0,0.5,8,11,0,0,0.00568182
1065,4,696,2141,0,1.125,8,11,0,0,0.0127841
995,2,697,2142,0,1.208,8,11,0,0,0.0137273
924,5,698,2143,0,0.541,8,11,0,0,0.00614773
738,7,699,2146,0,1.25,8,11,0,0,0.0142045
749,3,700,2148,0,1.375,8,11,0,0,0.015625
689,6,701,2149,0,1.291,8,11,0,0,0.0146705
784,1,702,2150,0,1.209,8,11,0,0,0.0137386
633,4,703,2151,0,1.209,8,11,0,0,0.0137386
725,0,704,2152,0,0.959,8,11,0,0,0.0108977
598,5,705,2153,0,1.5,8,11,0,0,0.0170455
615,2,706,2155,0,0.417,8,11,0,0,0.00473864
578,7,707,2156,0,0.416,8,11,0,0,0.00472727
506,3,708,2158,0,0.417,8,11,0,0,0.00473864
343,1,709,2159,0,1.333,8,11,0,0,0.0151477
501,6,710,2160,0,1.333,8,11,0,0,0.0151477
293,0,711,2162,0,1.209,8,11,0,0,0.0137386
299,4,712,2163,0,0.459,8,11,0,0,0.00521591
245,2,713,2165,0,1.334,8,11,0,0,0.0151591
77,3,714,2167,0,1.417,8,11,0,0,0.0161023
17,1,715,2168,0,1.208,8,11,0,0,0.0137273
287,5,716,2169,0,1.25,8,11,0,0,0.0142045
92,7,717,2170,0,1.25,8,11,0,0,0.0142045
1977,6,718,2175,0,1.25,6,15,0,0,0.0138889
1975,0,719,2180,0,1.208,6,15,0,0,0.0134222
1943,2,720,2183,0,1.209,6,15,0,0,0.0134333
1963,4,721,2188,0,1.292,6,15,0,0,0.0143556
1855,5,722,2193,0,1.25,6,15,0,0,0.0138889
1858,1,723,2198,0,1.291,6,15,0,0,0.0143444
1933,3,724,2203,0,1.375,6,15,0,0,0.0152778
1832,6,725,2207,0,1.167,6,15,0,0,0.0129667
1823,0,726,2212,0,1.292,6,15,0,0,0.0143556
1835,7,727,2217,0,1.25,6,15,0,0,0.0138889
1800,4,728,2222,0,1.25,6,15,0,0,0.0138889
1752,1,729,2227,0,1.292,6,15,0,0,0.0143556
1782,5,730,2232,0,0.5,6,15,0,0,0.00555556
1722,3,731,2237,0,0.5,6,15,0,0,0.00555556
1807,2,732,2242,0,1.417,6,15,0,0,0.0157444
1719,6,733,2247,0,1.167,6,15,0,0,0.0129667
1715,0,734,2251,0,0.541,6,15,0,0,0.00601111
1683,7,735,2256,0,1.25,6,15,0,0,0.0138889
1682,4,736,2260,0,1.208,6,15,0,0,0.0134222
1588,2,737,2264,0,1.292,6,15,0,0,0.0143556
1579,0,738,2269,0,0.5,6,15,0,0,0.00555556
1604,5,739,2274,0,0.542,6,15,0,0,0.00602222
1603,3,740,2278,0,0.5,6,15,0,0,0.00555556
1664,1,741,2282,0,0.417,6,15,0,0,0.00463333
1583,6,742,2286,0,0.459,6,15,0,0,0.0051
1576,7,743,2290,0,1.375,6,15,0,0,0.0152778
1457,3,744,2294,0,1.208,6,15,0,0,0.0134222
1538,2,745,2299,0,1.208,6,15,0,0,0.0134222
1540,4,746,2303,0,1.208,6,15,0,0,0.0134222
1439,6,747,2308,0,1.5,6,15,0,0,0.0166667
1445,1,748,2312,0,1.291,6,15,0,0,0.0143444
1506,0,749,2315,0,1.291,6,15,0,0,0.0143444
1489,5,750,2319,0,1.25,6,15,0,0,0.0138889
1414,7,751,2324,0,1.25,6,15,0,0,0.0138889
1387,2,752,2329,0,0.459,6,15,0,0,0.0051
1383,4,753,2338,0,1.25,6,15,0,0,0.0138889
1402,3,754,2339,0,1.209,6,15,0,0,0.0134333
1354,6,755,2344,0,1.333,6,15,0,0,0.0148111
1350,1,756,2349,0,0.417,6,15,0,0,0.00463333
1342,0,757,2354,0,0.458,6,15,0,0,0.00508889
1330,5,758,2358,0,1.25,6,15,0,0,0.0138889
1279,4,759,2362,0,1.291,6,15,0,0,0.0143444
1320,7,760,2366,0,1.458,6,15,0,0,0.0162
1292,2,761,2370,0,1.25,6,15,0,0,0.0138889
1191,0,762,2375,0,1.292,6,15,0,0,0.0143556
1200,6,763,2379,0,1.25,6,15,0,0,0.0138889
1195,1,764,2384,0,1.291,6,15,0,0,0.0143444
1220,3,765,2388,0,1.25,6,15,0,0,0.0138889
1124,4,766,2393,0,1.209,6,15,0,0,0.0134333
1179,5,767,2396,0,1.375,6,15,0,0,0.0152778
1077,0,768,2398,0,1.208,6,15,0,0,0.0134222
1110,7,769,2403,0,1.334,6,15,0,0,0.0148222
1069,6,770,2408,0,1.333,6,15,0,0,0.0148111
1027,1,771,2412,0,0.667,6,15,0,0,0.00741111
1015,4,772,2416,0,1.25,6,15,0,0,0.0138889
1107,2,773,2418,0,1.292,6,15,0,0,0.0143556
1018,3,774,2422,0,1.292,6,15,0,0,0.0143556
992,5,775,2427,0,1.375,6,15,0,0,0.0152778
976,0,776,2431,0,1.5,6,15,0,0,0.0166667
876,6,777,2435,0,1.334,6,15,0,0,0.0148222
860,1,778,2438,0,0.458,6,15,0,0,0.00508889
845,4,779,2442,0,1.292,6,15,0,0,0.0143556
960,7,780,2445,0,1.333,6,15,0,0,0.0148111
794,2,781,2450,0,0.458,6,15,0,0,0.00508889
786,3,782,2455,0,1.292,6,15,0,0,0.0143556
775,5,783,2459,0,0.417,6,15,0,0,0.00463333
770,0,784,2462,0,0.417,6,15,0,0,0.00463333
739,4,785,2467,0,1.333,6,15,0,0,0.0148111
757,1,786,2471,0,1.25,6,15,0,0,0.0138889
670,3,787,2474,0,1.291,6,15,0,0,0.0143444
769,6,788,2477,0,1.292,6,15,0,0,0.0143556
731,7,789,2484,0,1.459,6,15,0,0,0.0162111
694,2,790,2485,0,1.375,6,15,0,0,0.0152778
666,5,791,2487,0,1.292,6,15,0,0,0.0143556
654,0,792,2492,0,1.667,6,15,0,0,0.0185222
521,6,793,2496,0,1.25,6,15,0,0,0.0138889
472,2,794,2500,0,1.292,6,15,0,0,0.0143556
637,1,795,2504,0,1.25,6,15,0,0,0.0138889
555,3,796,2506,0,0.5,6,15,0,0,0.00555556
469,5,797,2511,0,1.25,6,15,0,0,0.0138889
648,4,798,2513,0,1.25,6,15,0,0,0.0138889
476,7,799,2515,0,1.333,6,15,0,0,0.0148111
408,6,800,2518,0,1.5,6,15,0,0,0.0166667
453,0,801,2521,0,1.416,6,15,0,0,0.0157333
394,1,802,2524,0,0.458,6,15,0,0,0.00508889
398,2,803,2527,0,1.25,6,15,0,0,0.0138889
377,5,804,2531,0,1.25,6,15,0,0,0.0138889
387,3,805,2534,0,0.458,6,15,0,0,0.00508889
342,7,806,2536,0,1.292,6,15,0,0,0.0143556
360,4,807,2540,0,1.417,6,15,0,0,0.0157444
328,0,808,2544,0,1.416,6,15,0,0,0.0157333
337,6,809,2549,0,0.5,6,15,0,0,0.00555556
214,2,810,2553,0,1.208,6,15,0,0,0.0134222
135,4,811,2556,0,1.334,6,15,0,0,0.0148222
307,1,812,2561,0,1.166,6,15,0,0,0.0129556
205,5,813,2564,0,1.292,6,15,0,0,0.0143556
144,7,814,2569,0,0.542,6,15,0,0,0.00602222
177,3,815,2572,0,0.458,6,15,0,0,0.00508889
125,0,816,2574,0,1.25,6,15,0,0,0.0138889
121,6,817,2578,0,1.166,6,15,0,0,0.0129556
57,4,818,2584,0,1.292,6,15,0,0,0.0143556
18,1,819,2585,0,1.25,6,15,0,0,0.0138889
118,2,820,2588,0,1.375,6,15,0,0,0.0152778
1600,0,821,2589,0,1.458,9,10,0,0,0.0162
1,7,822,2593,0,1.375,6,15,0,0,0.0152778
1941,3,823,2594,0,1.333,9,10,0,0,0.0148111
846,6,824,2595,0,1.333,9,10,0,0,0.0148111
10,5,825,2598,0,1.25,6,15,0,0,0.0138889
500,4,826,2599,0,1.208,9,10,0,0,0.0134222
454,1,827,2600,0,1.375,9,10,0,0,0.0152778
164,2,828,2601,0,1.208,9,10,0,0,0.0134222
1993,0,829,2604,0,1.25,7,13,0,0,0.0137363
1920,3,830,2610,0,1.417,7,13,0,0,0.0155714
1925,7,831,2614,0,1.291,7,13,0,0,0.0141868
1745,5,832,2618,0,1.25,7,13,0,0,0.0137363
1738,1,833,2622,0,0.625,7,13,0,0,0.00686813
1804,6,834,2624,0,1.292,7,13,0,0,0.0141978
1742,4,835,2628,0,1.5,7,13,0,0,0.0164835
1714,2,836,2631,0,1.25,7,13,0,0,0.0137363
1654,7,837,2637,0,1.25,7,13,0,0,0.0137363
1660,3,838,2641,0,0.5,7,13,0,0,0.00549451
1637,5,839,2645,0,1.292,7,13,0,0,0.0141978
1675,0,840,2646,0,1.333,7,13,0,0,0.0146484
1615,1,841,2649,0,1.5,7,13,0,0,0.0164835
1605,6,842,2652,0,1.209,7,13,0,0,0.0132857
1542,4,843,2656,0,1.292,7,13,0,0,0.0141978
1455,5,844,2660,0,1.583,7,13,0,0,0.0173956
1497,7,845,2665,0,1.292,7,13,0,0,0.0141978
1361,1,846,2671,0,1.375,7,13,0,0,0.0151099
1487,3,847,2673,0,0.5,7,13,0,0,0.00549451
1419,0,848,2677,0,1.25,7,13,0,0,0.0137363
1529,2,849,2680,0,1.292,7,13,0,0,0.0141978
1102,3,850,2686,0,0.667,7,13,0,0,0.00732967
1333,6,851,2690,0,1.417,7,13,0,0,0.0155714
1090,0,852,2693,0,1.25,7,13,0,0,0.0137363
1321,4,853,2695,0,1.334,7,13,0,0,0.0146593
1025,2,854,2699,0,1.333,7,13,0,0,0.0146484
1206,5,855,2702,0,1.416,7,13,0,0,0.0155604
1166,1,856,2704,0,1.291,7,13,0,0,0.0141868
1182,7,857,2706,0,1.166,7,13,0,0,0.0128132
1009,3,858,2710,0,1.292,7,13,0,0,0.0141978
918,0,859,2715,0,0.5,7,13,0,0,0.00549451
890,4,860,2719,0,1.334,7,13,0,0,0.0146593
923,6,861,2722,0,1.25,7,13,0,0,0.0137363
866,2,862,2725,0,1.417,7,13,0,0,0.0155714
864,5,863,2729,0,1.25,7,13,0,0,0.0137363
842,1,864,2731,0,0.458,7,13,0,0,0.00503297
813,7,865,2733,0,1.167,7,13,0,0,0.0128242
705,0,866,2734,0,1.375,7,13,0,0,0.0151099
805,3,867,2739,0,1.375,7,13,0,0,0.0151099
632,2,868,2740,0,1.208,7,13,0,0,0.0132747
680,4,869,2743,0,1.375,7,13,0,0,0.0151099
629,5,870,2746,0,1.375,7,13,0,0,0.0151099
592,7,871,2747,0,1.25,7,13,0,0,0.0137363
658,6,872,2750,0,1.375,7,13,0,0,0.0151099
595,1,873,2753,0,1.25,7,13,0,0,0.0137363
581,0,874,2757,0,0.458,7,13,0,0,0.00503297
423,2,875,2760,0,1.25,7,13,0,0,0.0137363
553,3,876,2762,0,1.25,7,13,0,0,0.0137363
324,5,877,2764,0,1.209,7,13,0,0,0.0132857
237,0,878,2769,0,1.291,7,13,0,0,0.0141868
420,4,879,2771,0,1.208,7,13,0,0,0.0132747
281,7,880,2776,0,1.208,7,13,0,0,0.0132747
267,6,881,2777,0,1.375,7,13,0,0,0.0151099
244,1,882,2778,0,1.416,7,13,0,0,0.0155604
161,5,883,2783,0,1.416,7,13,0,0,0.0155604
231,2,884,2785,0,1.334,7,13,0,0,0.0146593
166,3,885,2787,0,1.375,7,13,0,0,0.0151099
63,0,886,2790,0,1.333,7,13,0,0,0.0146484
5,6,887,2792,0,1.25,7,13,0,0,0.0137363
56,4,888,2794,0,1.417,7,13,0,0,0.0155714
37,7,889,2796,0,1.5,7,13,0,0,0.0164835
1974,1,890,2801,0,1.375,6,16,0,0,0.0143229
1968,5,891,2806,0,1.334,6,16,0,0,0.0138958
1952,2,892,2811,0,1.375,6,16,0,0,0.0143229
1936,3,893,2816,0,0.5,6,16,0,0,0.00520833
1927,0,894,2821,0,1.416,6,16,0,0,0.01475
1837,7,895,2826,0,1.417,6,16,0,0,0.0147604
1903,6,896,2831,0,1.291,6,16,0,0,0.0134479
1828,1,897,2836,0,1.25,6,16,0,0,0.0130208
1863,4,898,2841,0,1.375,6,16,0,0,0.0143229
1812,5,899,2846,0,1.292,6,16,0,0,0.0134583
1778,3,900,2851,0,1.333,6,16,0,0,0.0138854
1793,2,901,2856,0,1.5,6,16,0,0,0.015625
1750,6,902,2860,0,0.667,6,16,0,0,0.00694792
1776,0,903,2865,0,1.292,6,16,0,0,0.0134583
1759,7,904,2872,0,1.5,6,16,0,0,0.015625
1725,4,905,2875,0,1.292,6,16,0,0,0.0134583
1727,1,906,2880,0,1.375,6,16,0,0,0.0143229
1716,5,907,2885,0,1.333,6,16,0,0,0.0138854
1651,3,908,2890,0,1.291,6,16,0,0,0.0134479
1638,2,909,2894,0,0.958,6,16,0,0,0.00997917
1521,7,910,2899,0,1.375,6,16,0,0,0.0143229
1525,0,911,2904,0,1.375,6,16,0,0,0.0143229
1501,4,912,2913,0,0.5,6,16,0,0,0.00520833
1548,6,913,2914,0,1.416,6,16,0,0,0.01475
1473,1,914,2919,0,1.459,6,16,0,0,0.0151979
1443,7,915,2924,0,1.333,6,16,0,0,0.0138854
1464,5,916,2930,0,1.417,6,16,0,0,0.0147604
1389,4,917,2933,0,1.292,6,16,0,0,0.0134583
1462,2,918,2941,0,1.333,6,16,0,0,0.0138854
1437,0,919,2941,0,1.334,6,16,0,0,0.0138958
1463,3,920,2946,0,1.5,6,16,0,0,0.015625
1334,6,921,2950,0,1.292,6,16,0,0,0.0134583
1281,7,922,2955,0,1.667,6,16,0,0,0.0173646
1285,1,923,2959,0,1.25,6,16,0,0,0.0130208
1204,0,924,2964,0,1.25,6,16,0,0,0.0130208
1228,5,925,2969,0,1.292,6,16,0,0,0.0134583
1198,3,926,2973,0,1.25,6,16,0,0,0.0130208
1205,2,927,2977,0,1.292,6,16,0,0,0.0134583
1226,4,928,2981,0,1.292,6,16,0,0,0.0134583
1193,6,929,2986,0,0.458,6,16,0,0,0.00477083
1157,7,930,2990,0,1.375,6,16,0,0,0.0143229
1120,0,931,2995,0,1.375,6,16,0,0,0.0143229
1131,1,932,2999,0,0.458,6,16,0,0,0.00477083
1112,3,933,3004,0,1.334,6,16,0,0,0.0138958
1119,5,934,3008,0,0.459,6,16,0,0,0.00478125
1075,4,935,3013,0,0.459,6,16,0,0,0.00478125
1104,2,936,3017,0,1.25,6,16,0,0,0.0130208
1064,6,937,3021,0,1.416,6,16,0,0,0.01475
1023,1,938,3030,0,1.25,6,16,0,0,0.0130208
1028,0,939,3035,0,1.416,6,16,0,0,0.01475
1033,7,940,3036,0,1.5,6,16,0,0,0.015625
1008,5,941,3044,0,1.25,6,16,0,0,0.0130208
1014,3,942,3046,0,1.375,6,16,0,0,0.0143229
989,2,943,3050,0,1.459,6,16,0,0,0.0151979
1000,4,944,3054,0,1.5,6,16,0,0,0.015625
941,7,945,3060,0,1.292,6,16,0,0,0.0134583
984,6,946,3062,0,1.541,6,16,0,0,0.0160521
981,1,947,3066,0,1.375,6,16,0,0,0.0143229
964,0,948,3069,0,1.417,6,16,0,0,0.0147604
905,2,949,3074,0,1.292,6,16,0,0,0.0134583
913,3,950,3079,0,1.333,6,16,0,0,0.0138854
915,5,951,3082,0,1.208,6,16,0,0,0.0125833
898,4,952,3085,0,1.333,6,16,0,0,0.0138854
736,6,953,3090,0,1.542,6,16,0,0,0.0160625
816,7,954,3093,0,1.334,6,16,0,0,0.0138958
711,1,955,3098,0,1.375,6,16,0,0,0.0143229
657,0,956,3101,0,1.25,6,16,0,0,0.0130208
599,2,957,3106,0,1.5,6,16,0,0,0.015625
594,3,958,3111,0,1.375,6,16,0,0,0.0143229
587,5,959,3115,0,1.209,6,16,0,0,0.0125938
525,4,960,3120,0,0.458,6,16,0,0,0.00477083
392,7,961,3124,0,0.542,6,16,0,0,0.00564583
505,6,962,3129,0,0.5,6,16,0,0,0.00520833
388,1,963,3132,0,0.458,6,16,0,0,0.00477083
379,120,,965965,,31393139,,00,,1.2921.459,,66,,1616,,00,00,0.0134583         

379,120,,965965,,31393139,,00,,1.2921.459,,66,,1616,,00,00,0.0134583         

363,3,966,3143,0,1.25,6,16,0,0,0.0130208
356,5,967,3149,0,1.292,6,16,0,0,0.0134583
354,4,968,3153,0,1.291,6,16,0,0,0.0134479
339,7,969,3156,0,1.375,6,16,0,0,0.0143229
335,6,970,3159,0,1.333,6,16,0,0,0.0138854
263,2,971,3163,0,1.25,6,16,0,0,0.0130208
330,1,972,3166,0,1.25,6,16,0,0,0.0130208
101,5,973,3172,0,1.333,6,16,0,0,0.0138854
91,6,974,3175,0,0.583,6,16,0,0,0.00607292
315,0,975,3178,0,1.25,6,16,0,0,0.0130208
229,3,976,3183,0,1.334,6,16,0,0,0.0138958
95,7,977,3190,0,1.333,6,16,0,0,0.0138854
100,4,978,3192,0,1.291,6,16,0,0,0.0134479
73,2,979,3195,0,1.375,6,16,0,0,0.0143229
1892,5,980,3202,0,1.375,8,12,0,0,0.0143229
26,1,981,3204,0,1.375,6,16,0,0,0.0143229
1854,6,982,3207,0,1.375,8,12,0,0,0.0143229
1763,7,983,3208,0,1.292,8,12,0,0,0.0134583
1755,4,984,3209,0,1.375,8,12,0,0,0.0143229
1824,0,985,3210,0,1.333,8,12,0,0,0.0138854
1766,3,986,3211,0,1.375,8,12,0,0,0.0143229
1562,1,987,3213,0,1.5,8,12,0,0,0.015625
1617,2,988,3214,0,1.333,8,12,0,0,0.0138854
1595,5,989,3215,0,1.458,8,12,0,0,0.0151875
1553,6,990,3218,0,1.375,8,12,0,0,0.0143229
1348,0,991,3220,0,1.417,8,12,0,0,0.0147604
1395,4,992,3222,0,1.458,8,12,0,0,0.0151875
1468,7,993,3223,0,1.333,8,12,0,0,0.0138854
1318,3,994,3224,0,1.417,8,12,0,0,0.0147604
1282,2,995,3228,0,1.458,8,12,0,0,0.0151875
1267,5,996,3229,0,1.25,8,12,0,0,0.0130208
1302,1,997,3231,0,1.416,8,12,0,0,0.01475
1252,6,998,3232,0,1.375,8,12,0,0,0.0143229
1238,0,999,3235,0,0.542,8,12,0,0,0.00564583
1192,3,1000,3238,0,1.5,8,12,0,0,0.015625
1237,4,1001,3239,0,1.417,8,12,0,0,0.0147604
1197,7,1002,3241,0,1.583,8,12,0,0,0.0164896
1180,2,1003,3243,0,1.333,8,12,0,0,0.0138854
1043,6,1004,3244,0,1.292,8,12,0,0,0.0134583
1108,1,1005,3246,0,1.375,8,12,0,0,0.0143229
1041,0,1006,3250,0,1.417,8,12,0,0,0.0147604
1030,3,1007,3251,0,1.458,8,12,0,0,0.0151875
1139,5,1008,3252,0,1.459,8,12,0,0,0.0151979
988,7,1009,3253,0,1.291,8,12,0,0,0.0134479
1001,4,1010,3254,0,0.542,8,12,0,0,0.00564583
929,2,1011,3258,0,0.458,8,12,0,0,0.00477083
909,1,1012,3259,0,0.542,8,12,0,0,0.00564583
824,5,1013,3262,0,1.541,8,12,0,0,0.0160521
920,6,1014,3263,0,1.333,8,12,0,0,0.0138854
844,0,1015,3265,0,1.5,8,12,0,0,0.015625
825,3,1016,3266,0,1.375,8,12,0,0,0.0143229
584,1,1017,3268,0,1.375,8,12,0,0,0.0143229
742,4,1018,3271,0,1.375,8,12,0,0,0.0143229
747,7,1019,3272,0,0.5,8,12,0,0,0.00520833
530,5,1020,3273,0,1.333,8,12,0,0,0.0138854
677,2,1021,3274,0,1.459,8,12,0,0,0.0151979
373,0,1022,3277,0,1.458,8,12,0,0,0.0151875
498,6,1023,3278,0,1.542,8,12,0,0,0.0160625
129,7,1024,3280,0,1.334,8,12,0,0,0.0138958
368,3,1025,3283,0,0.5,8,12,0,0,0.00520833
212,1,1026,3284,0,1.292,8,12,0,0,0.0134583
209,4,1027,3286,0,0.459,8,12,0,0,0.00478125
1998,5,1028,3290,0,1.542,7,14,0,0,0.0157347
1962,6,1029,3292,0,1.333,7,14,0,0,0.013602
1979,0,1030,3297,0,1.292,7,14,0,0,0.0131837
1984,2,1031,3299,0,0.542,7,14,0,0,0.00553061
1949,7,1032,3307,0,1.417,7,14,0,0,0.0144592
1859,1,1033,3307,0,1.375,7,14,0,0,0.0140306
1938,3,1034,3310,0,1.333,7,14,0,0,0.013602
1809,6,1035,3314,0,1.25,7,14,0,0,0.0127551
1757,0,1036,3317,0,1.417,7,14,0,0,0.0144592
1841,4,1037,3319,0,1.375,7,14,0,0,0.0140306
1811,5,1038,3321,0,1.291,7,14,0,0,0.0131735
1749,2,1039,3325,0,0.5,7,14,0,0,0.00510204
1721,1,1040,3328,0,1.292,7,14,0,0,0.0131837
1740,7,1041,3332,0,1.25,7,14,0,0,0.0127551
1709,3,1042,3336,0,1.292,7,14,0,0,0.0131837
1634,4,1043,3340,0,1.334,7,14,0,0,0.0136122
1706,6,1044,3346,0,1.375,7,14,0,0,0.0140306
1677,0,1045,3347,0,1.583,7,14,0,0,0.0161531
1591,5,1046,3350,0,1.292,7,14,0,0,0.0131837
1516,7,1047,3353,0,1.25,7,14,0,0,0.0127551
1587,2,1048,3357,0,1.417,7,14,0,0,0.0144592
1565,1,1049,3361,0,0.5,7,14,0,0,0.00510204
1504,3,1050,3365,0,1.25,7,14,0,0,0.0127551
1418,0,1051,3370,0,0.666,7,14,0,0,0.00679592
1467,4,1052,3375,0,0.666,7,14,0,0,0.00679592
1416,5,1053,3378,0,1.292,7,14,0,0,0.0131837
1370,7,1054,3381,0,1.417,7,14,0,0,0.0144592
1430,6,1055,3385,0,0.625,7,14,0,0,0.00637755
1328,2,1056,3390,0,1.292,7,14,0,0,0.0131837
1265,1,1057,3397,0,1.458,7,14,0,0,0.0148776
1264,3,1058,3398,0,1.292,7,14,0,0,0.0131837
1114,0,1059,3404,0,1.459,7,14,0,0,0.0148878
1051,6,1060,3408,0,1.417,7,14,0,0,0.0144592
1083,4,1061,3413,0,0.625,7,14,0,0,0.00637755
1057,5,1062,3415,0,1.459,7,14,0,0,0.0148878
1044,2,1063,3418,0,0.458,7,14,0,0,0.00467347
1052,7,1064,3421,0,1.334,7,14,0,0,0.0136122
1013,1,1065,3423,0,0.459,7,14,0,0,0.00468367
1010,3,1066,3425,0,1.458,7,14,0,0,0.0148776
998,0,1067,3429,0,1.375,7,14,0,0,0.0140306
966,4,1068,3432,0,1.333,7,14,0,0,0.013602
840,5,1069,3436,0,1.417,7,14,0,0,0.0144592
973,6,1070,3439,0,0.708,7,14,0,0,0.00722449
792,2,1071,3442,0,1.375,7,14,0,0,0.0140306
774,7,1072,3445,0,1.417,7,14,0,0,0.0144592
760,1,1073,3447,0,1.375,7,14,0,0,0.0140306
626,4,1074,3449,0,1.417,7,14,0,0,0.0144592
687,0,1075,3453,0,1.542,7,14,0,0,0.0157347
708,3,1076,3457,0,1,7,14,0,0,0.0102041
616,6,1077,3461,0,1.333,7,14,0,0,0.013602
563,7,1078,3462,0,1.417,7,14,0,0,0.0144592
572,2,1079,3467,0,1.417,7,14,0,0,0.0144592
625,5,1080,3472,0,1.292,7,14,0,0,0.0131837
537,1,1081,3475,0,1.292,7,14,0,0,0.0131837
407,7,1082,3479,0,1.458,7,14,0,0,0.0148776
480,0,1083,3482,0,0.917,7,14,0,0,0.00935714
510,4,1084,3485,0,1.375,7,14,0,0,0.0140306
462,6,1085,3488,0,1.5,7,14,0,0,0.0153061
352,2,1086,3493,0,1.5,7,14,0,0,0.0153061
309,5,1087,3496,0,1.375,7,14,0,0,0.0140306
463,3,1088,3498,0,1.334,7,14,0,0,0.0136122
90,5,1089,3502,0,1.417,7,14,0,0,0.0144592
270,7,1090,3505,0,1.375,7,14,0,0,0.0140306
305,1,1091,3507,0,1.459,7,14,0,0,0.0148878
74,3,1092,3510,0,1.375,7,14,0,0,0.0140306
239,0,1093,3513,0,1.5,7,14,0,0,0.0153061
207,4,1094,3515,0,1.333,7,14,0,0,0.013602
172,6,1095,3517,0,1.75,7,14,0,0,0.0178571
138,2,1096,3521,0,1.458,7,14,0,0,0.0148776
1840,1,1097,3523,0,1.417,9,11,0,0,0.0143131
1581,0,1098,3526,0,1.417,9,11,0,0,0.0143131
4,7,1099,3529,0,1.458,7,14,0,0,0.0148776
67,5,1100,3532,0,1.417,7,14,0,0,0.0144592
1794,3,1101,3533,0,1.5,9,11,0,0,0.0151515
1526,4,1102,3536,0,1.333,9,11,0,0,0.0134646
1444,2,1103,3537,0,1.458,9,11,0,0,0.0147273
1484,6,1104,3538,0,1.5,9,11,0,0,0.0151515
1403,1,1105,3542,0,1.333,9,11,0,0,0.0134646
1379,0,1106,3544,0,1.416,9,11,0,0,0.014303
858,3,1107,3544,0,1.541,9,11,0,0,0.0155657
1212,5,1108,3545,0,1.375,9,11,0,0,0.0138889
631,2,1109,3547,0,0.541,9,11,0,0,0.00546465
1304,7,1110,3548,0,1.416,9,11,0,0,0.014303
867,6,1111,3549,0,1.416,10,10,0,0,0.01416
681,4,1112,3550,0,1.416,9,11,0,0,0.014303
1914,1,1113,3555,0,1.5,6,17,0,0,0.0147059
1830,5,1114,3560,0,1.417,6,17,0,0,0.0138922
1844,3,1115,3565,0,1.416,6,17,0,0,0.0138824
1911,0,1116,3570,0,1.375,6,17,0,0,0.0134804
1822,2,1117,3574,0,1.292,6,17,0,0,0.0126667
1754,6,1118,3579,0,1.5,6,17,0,0,0.0147059
1820,7,17321120,3589,4,0,1120,3589,0,1.3341.541,,66,,1717,,00,0,0,0.01307840.0151078

1820,7,17321120,3589,4,0,1120,3589,0,1.3341.541,,66,,1717,,00,0,0,0.01307840.0151078

1650,1,1121,3594,0,1.417,6,17,0,0,0.0138922
1589,0,1122,3599,0,1.417,6,17,0,0,0.0138922
1636,3,1123,3604,0,1.917,6,17,0,0,0.0187941
1644,5,1124,3608,0,1.333,6,17,0,0,0.0130686
1567,6,1125,3613,0,0.542,6,17,0,0,0.00531373
1556,4,1126,3620,0,1.375,6,17,0,0,0.0134804
1580,2,1127,3623,0,1.375,6,17,0,0,0.0134804
1561,7,1128,3626,0,1.375,6,17,0,0,0.0134804
1543,1,1129,3631,0,1.417,6,17,0,0,0.0138922
1531,0,1130,3635,0,1.334,6,17,0,0,0.0130784
1520,3,1131,3639,0,1.625,6,17,0,0,0.0159314
1460,5,1132,3646,0,1.5,6,17,0,0,0.0147059
1438,6,1133,3651,0,1.417,6,17,0,0,0.0138922
1425,4,1134,3656,0,1.5,6,17,0,0,0.0147059
1385,2,1135,3658,0,1.375,6,17,0,0,0.0134804
1372,1,1136,3663,0,1.625,6,17,0,0,0.0159314
1247,3,1137,3669,0,1.292,6,17,0,0,0.0126667
1378,7,1138,3673,0,1.375,6,17,0,0,0.0134804
1257,0,1139,3678,0,0.959,6,17,0,0,0.00940196
1186,2,1140,3683,0,1.333,6,17,0,0,0.0130686
1219,5,1141,3688,0,1.708,6,17,0,0,0.0167451
1190,6,1142,3693,0,1.5,6,17,0,0,0.0147059
1035,7,1143,3698,0,1.417,6,17,0,0,0.0138922
1091,3,1144,3707,0,1.375,6,17,0,0,0.0134804
1188,4,1145,3708,0,1.5,6,17,0,0,0.0147059
1128,1,1146,3713,0,2.916,6,17,0,0,0.0285882
993,0,1147,3717,0,0.5,6,17,0,0,0.00490196
970,5,1148,3723,0,1.333,6,17,0,0,0.0130686
985,2,1149,3726,0,1.459,6,17,0,0,0.0143039
965,6,1150,3731,0,0.5,6,17,0,0,0.00490196
956,7,1151,3735,0,1.459,6,17,0,0,0.0143039
857,3,1152,3741,0,0.5,6,17,0,0,0.00490196
822,4,1153,3744,0,1.417,6,17,0,0,0.0138922
819,1,1154,3748,0,1.5,6,17,0,0,0.0147059
818,0,1155,3753,0,1.291,6,17,0,0,0.0126569
715,7,1156,3757,0,1.292,6,17,0,0,0.0126667
712,3,1157,3764,0,1.584,6,17,0,0,0.0155294
759,2,1158,3765,0,1.333,6,17,0,0,0.0130686
724,6,1159,3769,0,1.375,6,17,0,0,0.0134804
783,5,1160,3776,0,1.375,6,17,0,0,0.0134804
620,1,1161,3781,0,1.417,6,17,0,0,0.0138922
690,4,1162,3783,0,1.375,6,17,0,0,0.0134804
517,0,1163,3787,0,1.542,6,17,0,0,0.0151176
511,7,1164,3790,0,1.291,6,17,0,0,0.0126569
497,3,1165,3795,0,1.917,6,17,0,0,0.0187941
468,2,1166,3799,0,1.333,6,17,0,0,0.0130686
465,6,1167,3804,0,1.417,6,17,0,0,0.0138922
401,4,1168,3807,0,1.292,6,17,0,0,0.0126667
439,1,1169,3811,0,1.375,6,17,0,0,0.0134804
445,5,1170,3815,0,1.458,6,17,0,0,0.0142941
336,7,1171,3819,0,1.375,6,17,0,0,0.0134804
348,0,1172,3823,0,2.417,6,17,0,0,0.0236961
260,6,1173,3827,0,1.5,6,17,0,0,0.0147059
279,2,1174,3831,0,0.625,6,17,0,0,0.00612745
242,5,1175,3836,0,0.75,6,17,0,0,0.00735294
286,3,1176,3840,0,1.416,6,17,0,0,0.0138824
256,4,1177,3844,0,1.333,6,17,0,0,0.0130686
247,1,1178,3847,0,1.333,6,17,0,0,0.0130686
221,7,1179,3850,0,1.375,6,17,0,0,0.0134804
58,5,1180,3855,0,1.375,6,17,0,0,0.0134804
111,2,1181,3857,0,1.458,6,17,0,0,0.0142941
131,0,1182,3860,0,1.458,6,17,0,0,0.0142941
8,4,1183,3864,0,1.583,6,17,0,0,0.0155196
126,6,1184,3869,0,1.458,6,17,0,0,0.0142941
34,3,1185,3872,0,1.459,6,17,0,0,0.0143039
1874,1,1186,3874,0,1.459,8,13,0,0,0.0140288
1860,7,1187,3878,0,1.459,8,13,0,0,0.0140288
1760,0,1188,3882,0,0.5,8,13,0,0,0.00480769
1851,5,1189,3884,0,1.458,8,13,0,0,0.0140192
1801,2,1190,3885,0,1.417,8,13,0,0,0.013625
1690,6,1191,3887,0,1.416,8,13,0,0,0.0136154
1667,1,1192,3890,0,1.375,8,13,0,0,0.0132212
1726,4,1193,3891,0,1.5,8,13,0,0,0.0144231
1670,3,1194,3892,0,1.375,8,13,0,0,0.0132212
1621,5,1195,3895,0,1.375,8,13,0,0,0.0132212
1632,7,1196,3898,0,0.541,8,13,0,0,0.00520192
1624,0,1197,3899,0,1.458,8,13,0,0,0.0140192
1572,6,1198,3901,0,1.417,8,13,0,0,0.013625
1598,2,1200,3909,0,1568,1,1200,3909,0,1.51.458,8,8,13131,0,,00,,0.01401920.0144231
1598,2,1200,3909,0,1568,1,1200,3909,0,1.51.458,8,8,13131,0,,00,,0.01401920.0144231
1534,4,1201,3913,0,1.375,8,13,0,0,0.0132212
1503,5,1202,3916,0,1.459,8,13,0,0,0.0140288
1491,7,1203,3918,0,0.625,8,13,0,0,0.00600962
1528,3,1204,3920,0,1.542,8,13,0,0,0.0148269
1327,1,1205,3924,0,1.5,8,13,0,0,0.0144231
1391,6,1206,3925,0,0.875,8,13,0,0,0.00841346
1399,0,1207,3927,0,1.458,8,13,0,0,0.0140192
1261,4,1208,3928,0,1.375,8,13,0,0,0.0132212
1362,2,1209,3930,0,1.5,8,13,0,0,0.0144231
1210,5,1210,3937,0,1.417,8,13,0,0,0.013625
1130,7,1211,3937,0,1.417,8,13,0,0,0.013625
1070,3,1212,3939,0,1.459,8,13,0,0,0.0140288
877,0,1213,3942,0,1.458,8,13,0,0,0.0140192
1004,1,1214,3944,0,1.542,8,13,0,0,0.0148269
796,5,1215,3947,0,1.375,8,13,0,0,0.0132212
894,6,1216,3948,0,1.792,8,13,0,0,0.0172308
828,4,1217,3951,0,1.625,8,13,0,0,0.015625
781,7,1218,3956,0,1.375,8,13,0,0,0.0132212
803,2,1219,3958,0,1.5,8,13,0,0,0.0144231
752,0,1220,3961,0,1.5,8,13,0,0,0.0144231
761,3,1221,3962,0,1.583,8,13,0,0,0.0152212
683,1,1222,3966,0,1.583,8,13,0,0,0.0152212
608,6,1223,3968,0,1.458,8,13,0,0,0.0140192
634,5,1224,3970,0,1.417,8,13,0,0,0.013625
516,7,1225,3972,0,1.5,8,13,0,0,0.0144231
561,4,1226,3975,0,0.542,8,13,0,0,0.00521154
474,0,1227,3977,0,1.5,8,13,0,0,0.0144231
507,2,1228,3978,0,1.416,8,13,0,0,0.0136154
424,3,1229,3980,0,1.459,8,13,0,0,0.0140288
418,1,1230,3983,0,3.75,8,13,0,0,0.0360577
344,5,1231,3986,0,1.5,8,13,0,0,0.0144231
103,7,1232,3988,0,1.5,8,13,0,0,0.0144231
346,6,1233,3990,0,1.459,8,13,0,0,0.0140288
1976,0,1234,3994,0,1.417,7,15,0,0,0.0134952
1935,2,1235,3997,0,1.417,7,15,0,0,0.0134952
1986,4,1236,3999,0,1.416,7,15,0,0,0.0134857
1857,5,1237,4005,0,1.75,7,15,0,0,0.0166667
1909,3,1238,4005,0,1.459,7,15,0,0,0.0138952
1849,7,1239,4010,0,1.375,7,15,0,0,0.0130952
1803,0,1240,4015,0,1.375,7,15,0,0,0.0130952
1898,1,1241,4021,0,1.416,7,15,0,0,0.0134857
1827,6,1242,4023,0,1.5,7,15,0,0,0.0142857
1756,2,1243,4028,0,1.375,7,15,0,0,0.0130952
1746,4,1244,4032,0,1.459,7,15,0,0,0.0138952
1733,5,1245,4036,0,1.459,7,15,0,0,0.0138952
1701,3,1246,4040,0,1.5,7,15,0,0,0.0142857
1599,0,1247,4045,0,1.458,7,15,0,0,0.0138857
1616,7,1248,4049,0,1.416,7,15,0,0,0.0134857
1566,1,1249,4054,0,1.541,7,15,0,0,0.0146762
1546,6,1250,4056,0,1.459,7,15,0,0,0.0138952
1452,4,1251,4063,0,1.417,7,15,0,0,0.0134952
1545,2,1252,4066,0,1.459,7,15,0,0,0.0138952
1449,5,1253,4069,0,1.375,7,15,0,0,0.0130952
1434,3,1254,4075,0,1.458,7,15,0,0,0.0138857
1421,0,1255,4077,0,1.375,7,15,0,0,0.0130952
1345,7,1256,4080,0,1.459,7,15,0,0,0.0138952
1343,1,1257,4085,0,1.334,7,15,0,0,0.0127048
1341,6,1258,4089,0,1.458,7,15,0,0,0.0138857
1229,3,1259,4093,0,1.625,7,15,0,0,0.0154762
1288,5,1260,4097,0,1.5,7,15,0,0,0.0142857
1290,2,1261,4100,0,1.458,7,15,0,0,0.0138857
1319,4,1262,4102,0,1.583,7,15,0,0,0.0150762
1202,7,1263,4105,0,1.5,7,15,0,0,0.0142857
1203,0,1264,4107,0,1.625,7,15,0,0,0.0154762
1196,1,1265,4112,0,1.417,7,15,0,0,0.0134952
1174,6,1266,4113,0,1.5,7,15,0,0,0.0142857
1098,2,1267,4117,0,1.459,7,15,0,0,0.0138952
1156,3,1268,4122,0,1.458,7,15,0,0,0.0138857
1122,5,1269,4125,0,1.417,7,15,0,0,0.0134952
1061,4,1270,4128,0,1.583,7,15,0,0,0.0150762
961,0,1271,4131,0,1.458,7,15,0,0,0.0138857
977,7,1272,4135,0,1.458,7,15,0,0,0.0138857
948,1,1273,4137,0,1.416,7,15,0,0,0.0134857
940,6,1274,4141,0,1.458,7,15,0,0,0.0138857
854,2,1275,4142,0,1.417,7,15,0,0,0.0134952
848,3,1276,4146,0,0.583,7,15,0,0,0.00555238
835,5,1277,4150,0,1.416,7,15,0,0,0.0134857
788,4,1278,4153,0,1.417,7,15,0,0,0.0134952
751,0,1279,4157,0,0.542,7,15,0,0,0.0051619
746,7,1280,4161,0,0.542,7,15,0,0,0.0051619
573,2,1281,4166,0,1.416,7,15,0,0,0.0134857
607,6,1282,4168,0,1.459,7,15,0,0,0.0138952
431,4,1283,4172,0,0.833,7,15,0,0,0.00793333
644,1,1284,4175,0,1.375,7,15,0,0,0.0130952
491,5,1285,4177,0,1.458,7,15,0,0,0.0138857
362,0,1286,4181,0,1.5,7,15,0,0,0.0142857
539,3,1287,4183,0,1.625,7,15,0,0,0.0154762
291,2,1288,4190,0,1.416,7,15,0,0,0.0134857
310,7,1289,4191,0,1.375,7,15,0,0,0.0130952
285,6,1290,4193,0,0.625,7,15,0,0,0.00595238
272,1,1291,4196,0,1.542,7,15,0,0,0.0146857
280,4,1292,4200,0,1.416,7,15,0,0,0.0134857
248,0,1293,4202,0,1.5,7,15,0,0,0.0142857
222,3,1294,4205,0,1.583,7,15,0,0,0.0150762
264,5,1295,4209,0,1.542,7,15,0,0,0.0146857
113,6,1296,4217,0,1.334,7,15,0,0,0.0127048
196,2,1297,4218,0,1.417,7,15,0,0,0.0134952
194,7,1298,4220,0,0.5,7,15,0,0,0.0047619
68,0,1299,4225,0,1.458,7,15,0,0,0.0138857
75,4,1300,4227,0,1.417,7,15,0,0,0.0134952
81,1,1301,4230,0,1.542,7,15,0,0,0.0146857
41,5,1302,4233,0,1.459,7,15,0,0,0.0138952
59,3,1303,4235,0,1.667,7,15,0,0,0.0158762
25,6,1304,4239,0,1.417,7,15,0,0,0.0134952
1985,2,1305,4244,0,0.541,6,18,0,0,0.00500926
1972,7,1306,4249,0,1.375,6,18,0,0,0.0127315
1959,4,1307,4254,0,1.458,6,18,0,0,0.0135
1964,0,1308,4259,0,1.5,6,18,0,0,0.0138889
1913,1,1309,4264,0,1.5,6,18,0,0,0.0138889
1887,5,1310,4271,0,1.708,6,18,0,0,0.0158148
1881,3,1311,4274,0,1.417,6,18,0,0,0.0131204
1868,6,1312,4282,0,1.417,6,18,0,0,0.0131204
1847,7,1313,4284,0,0.75,6,18,0,0,0.00694444
1850,2,1314,4289,0,0.667,6,18,0,0,0.00617593
1814,4,1315,4294,0,1.5,6,18,0,0,0.0138889
1802,0,1316,4299,0,1.458,6,18,0,0,0.0135
1792,1,1317,4304,0,1.542,6,18,0,0,0.0142778
1736,3,1318,4312,0,1.542,6,18,0,0,0.0142778
1619,6,1319,4313,0,1.5,6,18,0,0,0.0138889
1775,5,1320,4318,0,1.5,6,18,0,0,0.0138889
1574,7,1321,4323,0,1.5,6,18,0,0,0.0138889
1550,4,1322,4332,0,1.583,6,18,0,0,0.0146574
1555,2,1323,4333,0,1.5,6,18,0,0,0.0138889
1470,0,1324,4338,0,1.458,6,18,0,0,0.0135
1454,1,1325,4342,0,0.667,6,18,0,0,0.00617593
1442,3,1326,4347,0,0.541,6,18,0,0,0.00500926
1406,5,1327,4352,0,1.375,6,18,0,0,0.0127315
1410,6,1328,4357,0,1.5,6,18,0,0,0.0138889
1358,2,1330,4367,0,1284,0,1330,4367,0,1.4581.459,,6,,1818,,00,,00,,0.01350.0135093

1358,2,1330,4367,0,1284,0,1330,4367,0,1.4581.459,,6,,1818,,00,,00,,0.01350.0135093

1240,3,1331,4371,0,1.5,6,18,0,0,0.0138889
1400,7,1332,4375,0,1.417,6,18,0,0,0.0131204
1380,4,1333,4381,0,1.375,6,18,0,0,0.0127315
1225,5,1334,4385,0,1.625,6,18,0,0,0.0150463
1245,1,1335,4394,0,1.375,6,18,0,0,0.0127315
1215,6,1336,4395,0,1.625,6,18,0,0,0.0150463
1111,3,1337,4400,0,1.542,6,18,0,0,0.0142778
1021,5,1338,4405,0,0.708,6,18,0,0,0.00655556
1194,0,1339,4410,0,1.459,6,18,0,0,0.0135093
1136,2,1340,4414,0,1.5,6,18,0,0,0.0138889
1101,7,1341,4419,0,1.5,6,18,0,0,0.0138889
990,6,1342,4423,0,1.416,6,18,0,0,0.0131111
991,1,1343,4427,0,1.417,6,18,0,0,0.0131204
1093,4,1344,4432,0,1.708,6,18,0,0,0.0158148
979,3,1345,4437,0,1.542,6,18,0,0,0.0142778
955,0,1346,4441,0,1.458,6,18,0,0,0.0135
957,5,1347,4445,0,1.417,6,18,0,0,0.0131204
902,7,1348,4450,0,1.375,6,18,0,0,0.0127315
932,2,1349,4454,0,1.542,6,18,0,0,0.0142778
830,6,1350,4458,0,1.416,6,18,0,0,0.0131111
799,1,1351,4462,0,1.5,6,18,0,0,0.0138889
676,3,1352,4467,0,1.459,6,18,0,0,0.0135093
707,4,1353,4471,0,1.5,6,18,0,0,0.0138889
621,5,1354,4476,0,1.375,6,18,0,0,0.0127315
552,2,1355,4481,0,1.542,6,18,0,0,0.0142778
652,0,1356,4485,0,1.5,6,18,0,0,0.0138889
569,7,1357,4490,0,1.417,6,18,0,0,0.0131204
503,1,1358,4495,0,0.958,6,18,0,0,0.00887037
527,6,1359,4500,0,1.583,6,18,0,0,0.0146574
325,5,1360,4504,0,1.625,6,18,0,0,0.0150463
426,3,1361,4508,0,0.875,6,18,0,0,0.00810185
312,2,1362,4512,0,0.583,6,18,0,0,0.00539815
332,4,1363,4516,0,1.375,6,18,0,0,0.0127315
290,0,1364,4520,0,1.5,6,18,0,0,0.0138889
72,6,1365,4524,0,1.542,6,18,0,0,0.0142778
274,7,1366,4526,0,1.5,6,18,0,0,0.0138889
32,3,1367,4531,0,1.416,6,18,0,0,0.0131111
116,1,1368,4534,0,1.417,6,18,0,0,0.0131204
49,5,1369,4537,0,1.542,6,18,0,0,0.0142778
1906,2,1370,4539,0,1.458,9,12,0,0,0.0135
1514,0,1371,4541,0,1.417,9,12,0,0,0.0131204
4,1372,4541,0,1.5,9,12,0,0,0.0138889
1496,6,1373,4542,0,1.5,9,12,0,0,0.0138889
1234,5,1374,4544,0,1.458,9,12,0,0,0.0135
1481,7,1375,4545,0,1.458,9,12,0,0,0.0135
1392,3,1376,4546,0,1.541,9,12,0,0,0.0142685
1280,1,1377,4547,0,1.167,9,12,0,0,0.0108056
1047,6,1378,4548,0,1.708,9,12,0,0,0.0158148
1163,2,1379,4550,0,1.584,9,12,0,0,0.0146667
1060,4,1380,4551,0,1.542,9,12,0,0,0.0142778
975,5,1381,4552,0,1.75,9,12,0,0,0.0162037
1146,0,1382,4553,0,1.5,9,12,0,0,0.0138889
673,3,1383,4555,0,1.417,9,12,0,0,0.0131204
610,1,1384,4556,0,1.5,9,12,0,0,0.0138889
785,7,1385,4557,0,1.541,9,12,0,0,0.0142685
538,2,1386,4558,0,0.584,9,12,0,0,0.00540741
574,6,1387,4560,0,1.5,9,12,0,0,0.0138889
504,4,1388,4561,0,1.584,9,12,0,0,0.0146667
140,1,1389,4563,0,1.459,9,12,0,0,0.0135093
436,5,1390,4564,0,1.583,9,12,0,0,0.0146574
153,3,1391,4565,0,1.5,9,12,0,0,0.0138889
282,0,1392,4566,0,0.875,9,12,0,0,0.00810185
1134,6,1393,4567,0,1.541,10,11,0,0,0.0140091
132,7,1394,4568,0,1.541,9,12,0,0,0.0142685
1435,2,1395,4569,0,1.667,10,11,0,0,0.0151545
1953,4,1396,4573,0,1.583,7,16,0,0,0.0141339
1813,0,1397,4578,0,1.458,7,16,0,0,0.0130179
1921,1,1398,4584,0,1.625,7,16,0,0,0.0145089
1873,5,1399,4588,0,1.5,7,16,0,0,0.0133929
1870,3,1400,4593,0,1.542,7,16,0,0,0.0137679
1797,6,1401,4598,0,1.583,7,16,0,0,0.0141339
1790,7,1402,4601,0,1.5,7,16,0,0,0.0133929
1743,2,1403,4604,0,1.666,7,16,0,0,0.014875
1710,0,1404,4607,0,1.542,7,16,0,0,0.0137679
1741,4,1405,4611,0,1.583,7,16,0,0,0.0141339
1663,1,1406,4615,0,1.583,7,16,0,0,0.0141339
1613,6,1407,4620,0,0.791,7,16,0,0,0.0070625
1658,5,1408,4624,0,1.542,7,16,0,0,0.0137679
1630,3,1409,4627,0,1.667,7,16,0,0,0.0148839
1571,7,1410,4630,0,1.584,7,16,0,0,0.0141429
1499,4,1411,4633,0,1.542,7,16,0,0,0.0137679
1569,2,1412,4638,0,1.542,7,16,0,0,0.0137679
1493,6,1413,4641,0,1.459,7,16,0,0,0.0130268
1498,1,1414,4644,0,1.542,7,16,0,0,0.0137679
1554,0,1415,4647,0,1.625,7,16,0,0,0.0145089
1367,5,1416,4651,0,1.542,7,16,0,0,0.0137679
1353,3,1417,4653,0,1.417,7,16,0,0,0.0126518
1230,4,1418,4657,0,1.583,7,16,0,0,0.0141339
1158,2,1419,4659,0,0.667,7,16,0,0,0.00595536
1038,1,1420,4661,0,2,7,16,0,0,0.0178571
1087,6,1421,4669,0,1.458,7,16,0,0,0.0130179
980,0,1422,4671,0,1.583,7,16,0,0,0.0141339
1349,7,1423,4672,0,1.541,7,16,0,0,0.0137589
935,5,1424,4675,0,1.5,7,16,0,0,0.0133929
925,3,1425,4678,0,1.417,7,16,0,0,0.0126518
891,4,1426,4683,0,1.667,7,16,0,0,0.0148839
704,2,1427,4687,0,1.625,7,16,0,0,0.0145089
635,1,1428,4693,0,1.833,7,16,0,0,0.0163661
512,0,1429,4696,0,1.583,7,16,0,0,0.0141339
508,7,1430,4701,0,1.583,7,16,0,0,0.0141339
416,3,1431,4705,0,1.416,7,16,0,0,0.0126429
590,6,1432,4708,0,1.75,7,16,0,0,0.015625
455,5,1433,4710,0,1.5,7,16,0,0,0.0133929
364,4,1434,4714,0,1.541,7,16,0,0,0.0137589
52,,17,,14361436,,47254725,,00,,1.4581.542,,77,,1616,,0,,00,,0.01301790.0137679

52,,17,,14361436,,47254725,,00,,1.4581.542,,77,,1616,,0,,00,,0.01301790.0137679

361,2,1437,4728,0,1.583,7,16,0,0,0.0141339
268,0,1438,4731,0,1.667,7,16,0,0,0.0148839
1761,5,1439,4733,0,0.583,8,14,0,0,0.00520536
1768,6,1440,4738,0,1.25,8,14,0,0,0.0111607
1836,3,1441,4740,0,1.667,8,14,0,0,0.0148839
1697,4,1442,4742,0,1.5,8,14,0,0,0.0133929
1594,2,1443,4747,0,1.625,8,14,0,0,0.0145089
1685,1,1444,4754,0,1.542,8,14,0,0,0.0137679
1447,5,1445,4755,0,1.458,8,14,0,0,0.0130179
1679,7,1446,4758,0,1.416,8,14,0,0,0.0126429
1511,0,1447,4761,0,1.5,8,14,0,0,0.0133929
1309,3,1448,4764,0,1.5,8,14,0,0,0.0133929
1322,6,1449,4767,0,1.458,8,14,0,0,0.0130179
1295,4,1450,4769,0,0.542,8,14,0,0,0.00483929
1092,5,1451,4774,0,1.584,8,14,0,0,0.0141429
1160,1,1452,4777,0,1.458,8,14,0,0,0.0130179
1072,7,1453,4782,0,1.542,8,14,0,0,0.0137679
1217,2,1454,4783,0,1.5,8,14,0,0,0.0133929
1050,0,1455,4786,0,1.625,8,14,0,0,0.0145089
1045,3,1456,4787,0,1.75,8,14,0,0,0.015625
962,4,1457,4789,0,1.667,8,14,0,0,0.0148839
967,6,1458,4792,0,1.458,8,14,0,0,0.0130179
651,2,1459,4795,0,1.541,8,14,0,0,0.0137589
812,1,1460,4796,0,1.5,8,14,0,0,0.0133929
827,5,1461,4798,0,1.5,8,14,0,0,0.0133929
678,7,1462,4802,0,1.584,8,14,0,0,0.0141429
535,3,1463,4803,0,1.542,8,14,0,0,0.0137679
549,0,1464,4806,0,1.583,8,14,0,0,0.0141339
404,4,1465,4809,0,1.542,8,14,0,0,0.0137679
385,6,1466,4812,0,1.667,8,14,0,0,0.0148839
371,2,1467,4815,0,1.708,8,14,0,0,0.01525
1922,3,1468,4820,0,1.583,6,19,0,0,0.013886
266,1,1469,4822,0,1.625,8,14,0,0,0.0145089
252,5,1470,4826,0,1.583,8,14,0,0,0.0141339
19,7,1471,4828,0,1.625,8,14,0,0,0.0145089
1687,2,1472,4833,0,1.459,6,19,0,0,0.0127982
1833,4,1473,4838,0,1.667,6,19,0,0,0.0146228
1805,6,1474,4843,0,1.416,6,19,0,0,0.0124211
1896,0,1475,4848,0,1.583,6,19,0,0,0.013886
1346,035,,14771477,,4858,,0,0,1.51.459,,66,,1919,,00,,00,,0.01279820.0131579

1346,035,,14771477,,4858,,0,0,1.51.459,,66,,1919,,00,,00,,0.01279820.0131579

1456,1,1478,4862,0,1.708,6,19,0,0,0.0149825
1293,2,1479,4869,0,1.417,6,19,0,0,0.0124298
1331,7,1480,4872,0,1.542,6,19,0,0,0.0135263
1246,6,1481,4877,0,1.584,6,19,0,0,0.0138947
1161,0,1482,4880,0,1.5,6,19,0,0,0.0131579
1153,3,1483,4884,0,1.458,6,19,0,0,0.0127895
1256,4,1484,4889,0,1.459,6,19,0,0,0.0127982
1123,1,1486,4898,0,5,1486,4898,0,1.75,6,19,0,0,0.0153509
,0.0146228
1099,2,1487,4902,0,1.625,6,19,0,0,0.0142544
1022,7,1488,4905,0,1.542,6,19,0,0,0.0135263
1003,6,1489,4909,0,1.583,6,19,0,0,0.013886
949,0,1490,4913,0,1.584,6,19,0,0,0.0138947
772,4,1491,4918,0,1.625,6,19,0,0,0.0142544
888,3,1492,4922,0,1.541,6,19,0,0,0.0135175
730,1,1493,4931,0,1.625,6,19,0,0,0.0142544
641,2,1494,4933,0,1.625,6,19,0,0,0.0142544
667,5,1495,4935,0,1.5,6,19,0,0,0.0131579
612,7,1496,4939,0,1.459,6,19,0,0,0.0127982
559,6,1497,4944,0,1.625,6,19,0,0,0.0142544
441,4,1498,4948,0,1.542,6,19,0,0,0.0135263
546,0,1499,4951,0,1.5,6,19,0,0,0.0131579
300,3,1500,4956,0,1.541,6,19,0,0,0.0135175
219,5,1501,4960,0,1.542,6,19,0,0,0.0135263
1990,4,1502,4964,0,0.708,9,13,0,0,0.00605128
273,1,1503,4968,0,0.583,6,19,0,0,0.00511404
213,7,1504,4971,0,0.541,6,19,0,0,0.00474561
243,2,1505,4975,0,1.542,6,19,0,0,0.0135263
60,6,1506,4978,0,1.542,6,19,0,0,0.0135263
1882,0,1507,4979,0,1.541,9,13,0,0,0.0131709
1839,3,1508,4980,0,1.666,9,13,0,0,0.0142393
1711,1,1509,4983,0,1.709,9,13,0,0,0.0146068
1758,4,1510,4984,0,1.542,9,13,0,0,0.0131795
1781,5,1511,4985,0,1.834,9,13,0,0,0.0156752
1695,2,1512,4987,0,1.667,9,13,0,0,0.0142479
1700,7,1513,4988,0,1.542,9,13,0,0,0.0131795
1694,6,1514,4989,0,1.625,9,13,0,0,0.0138889
1678,3,1515,4990,0,1.542,9,13,0,0,0.0131795
1684,0,1516,4991,0,1.708,9,13,0,0,0.0145983
1649,1,1517,4992,0,1.625,9,13,0,0,0.0138889
1055,6,1518,4994,0,1.583,9,13,0,0,0.0135299
1270,5,1519,4995,0,1.542,9,13,0,0,0.0131795
1250,2,1520,4997,0,1.625,9,13,0,0,0.0138889
1278,4,1521,4998,0,1.666,9,13,0,0,0.0142393
1141,7,1522,4999,0,0.583,9,13,0,0,0.00498291
1032,3,1523,5000,0,1.709,9,13,0,0,0.0146068
879,6,1524,5001,0,1.583,9,13,0,0,0.0135299
927,0,1525,5003,0,1.709,9,13,0,0,0.0146068
544,5,1526,5005,0,1.708,9,13,0,0,0.0145983
926,1,1527,5006,0,0.834,9,13,0,0,0.00712821
230,2,,15291529,5011,,0,,1.7911.625,,79,,17,,0,0,0,0,0.01388890.0150504

230,2,,15291529,5011,,0,,1.7911.625,,79,,17,,0,0,0,0,0.01388890.0150504

1970,7,1530,5017,0,1.542,7,17,0,0,0.012958
1956,6,1531,5022,0,1.583,7,17,0,0,0.0133025
1969,3,1532,5026,0,1.625,7,17,0,0,0.0136555
1932,0,1533,5031,0,1.541,7,17,0,0,0.0129496
1785,7,1534,5034,0,1.666,7,17,0,0,0.014
1931,5,1535,5037,0,0.625,7,17,0,0,0.0052521
1894,1,1536,5042,0,1.708,7,17,0,0,0.0143529
1865,2,1537,5047,0,1.541,7,17,0,0,0.0129496
1791,4,1538,5052,0,1.625,7,17,0,0,0.0136555
1659,3,1539,5056,0,1.625,7,17,0,0,0.0136555
1703,6,1540,5060,0,1.75,7,17,0,0,0.0147059
1522,5,1541,5064,0,1.542,7,17,0,0,0.012958
1643,0,1542,5070,0,1.5,7,17,0,0,0.012605
1394,2,1543,5074,0,1.5,7,17,0,0,0.012605
1633,7,1544,5079,0,1.583,7,17,0,0,0.0133025
1505,1,1545,5083,0,1.708,7,17,0,0,0.0143529
1355,4,1546,5089,0,1.625,7,17,0,0,0.0136555
1352,3,1547,5093,0,1.875,7,17,0,0,0.0157563
1062,5,1548,5097,0,1.5,7,17,0,0,0.012605
1150,6,1549,5102,0,1.792,7,17,0,0,0.0150588
881,7,1550,5104,0,0.708,7,17,0,0,0.00594958
1048,0,1551,5108,0,0.541,7,17,0,0,0.00454622
930,2,1552,5111,0,0.583,7,17,0,0,0.00489916
875,1,1553,5116,0,1.667,7,17,0,0,0.0140084
849,3,1554,5120,0,0.792,7,17,0,0,0.00665546
855,4,1555,5124,0,1.625,7,17,0,0,0.0136555
810,5,1556,5128,0,1.667,7,17,0,0,0.0140084
716,6,1557,5132,0,0.625,7,17,0,0,0.0052521
672,0,1558,5135,0,1.625,7,17,0,0,0.0136555
674,7,1559,5139,0,1.666,7,17,0,0,0.014
623,1,1560,5142,0,1.709,7,17,0,0,0.0143613
642,2,1561,5148,0,1.708,7,17,0,0,0.0143529
600,4,1562,5152,0,1.542,7,17,0,0,0.012958
560,5,1563,5155,0,1.5,7,17,0,0,0.012605
351,0,1564,5161,0,1.625,7,17,0,0,0.0136555
603,3,1565,5164,0,1.541,7,17,0,0,0.0129496
102,7,1566,5170,0,1.584,7,17,0,0,0.0133109
548,6,1567,5173,0,1.583,7,17,0,0,0.0133025
87,1,1568,5175,0,1.584,7,17,0,0,0.0133109
1982,4,1569,5180,0,1.667,6,20,0,0,0.0138917
7,2,1570,5183,0,0.583,7,17,0,0,0.00489916
1808,3,1571,5188,0,0.625,6,20,0,0,0.00520833
1769,6,1572,5193,0,1.792,6,20,0,0,0.0149333
1957,5,1573,5198,0,1.583,6,20,0,0,0.0131917
1789,7,1574,5203,0,1.667,6,20,0,0,0.0138917
1955,0,1575,5208,0,1.583,6,20,0,0,0.0131917
1672,2,1576,5213,0,1.666,6,20,0,0,0.0138833
1767,1,1577,5218,0,1.542,6,20,0,0,0.01285
1704,4,1578,5223,0,1.792,6,20,0,0,0.0149333
1639,6,1579,5228,0,1.5,6,20,0,0,0.0125
1666,3,1580,5233,0,1.542,6,20,0,0,0.01285
1547,7,1581,5240,0,1.541,6,20,0,0,0.0128417
1597,5,1582,5243,0,1.583,6,20,0,0,0.0131917
1483,0,1583,5248,0,1.584,6,20,0,0,0.0132
1458,2,1584,5253,0,1.542,6,20,0,0,0.01285
1308,4,1585,5258,0,1.708,6,20,0,0,0.0142333
1311,1,1586,5263,0,0.625,6,20,0,0,0.00520833
1276,3,1587,5268,0,0.542,6,20,0,0,0.00451667
1291,6,1588,5272,0,1.667,6,20,0,0,0.0138917
1216,5,1589,5277,0,1.709,6,20,0,0,0.0142417
1183,2,1590,5282,0,0.708,6,20,0,0,0.0059
983,1,1591,5287,0,1.583,6,20,0,0,0.0131917
1239,7,1592,5292,0,1.708,6,20,0,0,0.0142333
1042,4,1593,5297,0,0.541,6,20,0,0,0.00450833
1214,0,1594,5302,0,0.583,6,20,0,0,0.00485833
946,3,1595,5307,0,1.5,6,20,0,0,0.0125
945,6,1596,5311,0,1.625,6,20,0,0,0.0135417
726,1,1597,5316,0,1.583,6,20,0,0,0.0131917
900,5,1598,5321,0,1.583,6,20,0,0,0.0131917
566,4,1599,5325,0,1.666,6,20,0,0,0.0138833
851,2,1600,5329,0,1.583,6,20,0,0,0.0131917
649,7,1601,5333,0,1.708,6,20,0,0,0.0142333
375,0,1602,5337,0,1.583,6,20,0,0,0.0131917
203,3,1603,5342,0,0.667,6,20,0,0,0.00555833
167,6,1604,5347,0,1.542,6,20,0,0,0.01285
94,1,1605,5350,0,0.625,6,20,0,0,0.00520833
1883,2,1606,5354,0,0.541,8,15,0,0,0.00450833
1908,4,1607,5358,0,1.584,8,15,0,0,0.0132
1929,5,1608,5360,0,1.625,8,15,0,0,0.0135417
1872,7,1609,5364,0,1.542,8,15,0,0,0.01285
1798,0,1610,5369,0,1.583,8,15,0,0,0.0131917
1773,3,1611,5372,0,0.75,8,15,0,0,0.00625
1728,6,1612,5375,0,0.542,8,15,0,0,0.00451667
1720,1,1613,5377,0,1.875,8,15,0,0,0.015625
1573,7,1614,5381,0,0.667,8,15,0,0,0.00555833
1692,2,1615,5385,0,2.459,8,15,0,0,0.0204917
1596,5,1616,5390,0,1.708,8,15,0,0,0.0142333
1527,0,1617,5393,0,1.791,8,15,0,0,0.014925
1611,4,1618,5396,0,1.708,8,15,0,0,0.0142333
1221,3,1619,5399,0,1.666,8,15,0,0,0.0138833
1162,6,1620,5402,0,1.625,8,15,0,0,0.0135417
1137,1,1621,5405,0,1.583,8,15,0,0,0.0131917
1106,7,1622,5407,0,0.709,8,15,0,0,0.00590833
937,5,1623,5410,0,0.75,8,15,0,0,0.00625
872,0,1624,5413,0,1.875,8,15,0,0,0.015625
1071,2,1625,5415,0,0.625,8,15,0,0,0.00520833
821,6,1626,5418,0,1.625,8,15,0,0,0.0135417
865,4,1627,5420,0,1.792,8,15,0,0,0.0149333
567,1,1628,5422,0,1.625,8,15,0,0,0.0135417
826,3,1629,5423,0,1.583,8,15,0,0,0.0131917
381,5,1630,5426,0,1.708,8,15,0,0,0.0142333
531,7,1631,5430,0,1.625,8,15,0,0,0.0135417
374,0,1632,5432,0,1.834,8,15,0,0,0.0152833
1465,1,1633,5433,0,1.583,10,12,0,0,0.0131917
372,2,1634,5436,0,1.625,8,15,0,0,0.0135417
323,6,1635,5438,0,1.583,8,15,0,0,0.0131917
191,4,1636,5440,0,1.625,8,15,0,0,0.0135417
1078,3,1637,5441,0,1.584,10,12,0,0,0.0132
1031,5,1638,5442,0,1.75,10,12,0,0,0.0145833
728,7,1639,5443,0,1,10,12,0,0,0.00833333
885,1,1640,5450,0,1.583,6,21,0,0,0.0125635
1656,0,1641,5453,0,1.625,6,21,0,0,0.0128968
479,2,1642,5456,0,1.792,6,21,0,0,0.0142222
223,6,1643,5461,0,1.834,6,21,0,0,0.0145556
105,4,1644,5466,0,1.708,6,21,0,0,0.0135556
1983,3,1645,5471,0,1.75,7,18,0,0,0.0138889
1917,7,1646,5476,0,1.666,7,18,0,0,0.0132222
1965,5,1647,5481,0,1.708,7,18,0,0,0.0135556
1810,0,1648,5485,0,0.625,7,18,0,0,0.00496032
1867,1,1649,5489,0,1.875,7,18,0,0,0.014881
1698,6,1650,5492,0,0.625,7,18,0,0,0.00496032
1783,2,1651,5498,0,1.792,7,18,0,0,0.0142222
1492,4,1652,5501,0,1.75,7,18,0,0,0.0138889
1459,3,1653,5504,0,0.583,7,18,0,0,0.00462698
1297,7,1654,5508,0,1.75,7,18,0,0,0.0138889
910,5,1655,5512,0,1.75,7,18,0,0,0.0138889
793,1,1656,5518,0,1.625,7,18,0,0,0.0128968
811,0,1657,5521,0,1.917,7,18,0,0,0.0152143
347,4,1658,5526,0,1.666,7,18,0,0,0.0132222
386,2,1659,5532,0,0.584,7,18,0,0,0.00463492
743,6,1660,5534,0,1.583,7,18,0,0,0.0125635
340,3,1661,5537,0,1.75,7,18,0,0,0.0138889
295,5,1662,5541,0,0.583,7,18,0,0,0.00462698
326,7,1663,5544,0,1.75,7,18,0,0,0.0138889
134,1,1664,5548,0,1,7,18,0,0,0.00793651
1996,4,1665,5549,0,1.958,9,14,0,0,0.0155397
1731,2,1666,5551,0,1.667,9,14,0,0,0.0132302
1026,5,1667,5553,0,1.959,9,14,0,0,0.0155476
107,0,1668,5557,0,0.625,7,18,0,0,0.00496032
1631,6,1669,5561,0,1.708,9,14,0,0,0.0135556
839,7,1670,5562,0,1.708,9,14,0,0,0.0135556
1625,3,1671,5564,0,1.667,9,14,0,0,0.0132302
682,1,1672,5565,0,1.583,9,14,0,0,0.0125635
671,4,1673,5567,0,1.667,9,14,0,0,0.0132302
319,5,1674,5568,0,0.708,9,14,0,0,0.00561905
296,0,1675,5569,0,0.625,9,14,0,0,0.00496032
376,2,1676,5570,0,0.667,9,14,0,0,0.00529365
54,6,1677,5571,0,1.792,9,14,0,0,0.0142222
1989,7,1678,5575,0,1.75,8,16,0,0,0.0136719
1821,3,1679,5578,0,0.625,8,16,0,0,0.00488281
1774,1,1680,5581,0,1.875,8,16,0,0,0.0146484
1524,2,1681,5583,0,1.916,8,16,0,0,0.0149687
1770,4,1682,5587,0,1.709,8,16,0,0,0.0133516
1673,0,1683,5596,0,2,8,16,0,0,0.015625
1753,5,1684,5596,0,0.625,8,16,0,0,0.00488281
1433,6,1685,5599,0,1.75,8,16,0,0,0.0136719
1298,7,1686,5602,0,1.708,8,16,0,0,0.0133437
1167,1,1687,5605,0,0.625,8,16,0,0,0.00488281
1151,2,1688,5609,0,1.791,8,16,0,0,0.0139922
1189,3,1689,5612,0,1.667,8,16,0,0,0.0130234
863,0,1690,5614,0,0.709,8,16,0,0,0.00553906
779,5,1691,5617,0,1.875,8,16,0,0,0.0146484
735,7,1692,5621,0,1.709,8,16,0,0,0.0133516
737,6,1693,5623,0,1.916,8,16,0,0,0.0149687
922,4,1694,5625,0,1.833,8,16,0,0,0.0143203
127,1,1695,5628,0,1.667,8,16,0,0,0.0130234
78,2,1696,5631,0,1.834,8,16,0,0,0.0143281
1945,3,1697,5632,0,1.75,10,13,0,0,0.0134615
1461,0,1698,5633,0,2,10,13,0,0,0.0153846
982,5,1699,5634,0,1.875,10,13,0,0,0.0144231
232,1,1700,5635,0,1.875,11,12,0,0,0.0142045
836,6,1701,5640,0,1.792,6,22,0,0,0.0135758
1845,7,1702,5644,0,1.708,6,22,0,0,0.0129394
1994,2,1703,5649,0,0.625,7,19,0,0,0.00469925
301,4,1704,5653,0,1.792,6,22,0,0,0.0135758
1653,1,1705,5657,0,1.75,7,19,0,0,0.0131579
1780,0,1706,5663,0,0.625,7,19,0,0,0.00469925
1937,3,1707,5667,0,1.791,7,19,0,0,0.0134662
1315,6,1708,5672,0,1.667,7,19,0,0,0.0125338
1729,5,1709,5677,0,1.959,7,19,0,0,0.0147293
1016,7,1710,5680,0,2.167,7,19,0,0,0.0162932
969,2,1711,5683,0,1.75,7,19,0,0,0.0131579
580,4,1712,5688,0,1.792,7,19,0,0,0.0134737
1947,3,1713,5691,0,0.708,9,15,0,0,0.00524444
1951,0,1714,5693,0,1.792,9,15,0,0,0.0132741
253,1,1715,5697,0,1.666,7,19,0,0,0.0125263
1475,5,1716,5699,0,1.833,9,15,0,0,0.0135778
1076,7,1717,5701,0,1.833,9,15,0,0,0.0135778
1944,6,1718,5702,0,1.833,9,15,0,0,0.0135778
914,2,1719,5704,0,1.75,9,15,0,0,0.012963
483,3,1720,5706,0,1.75,9,15,0,0,0.012963
542,4,1721,5709,0,0.667,9,15,0,0,0.00494074
366,1,1722,5712,0,1.75,9,15,0,0,0.012963
433,0,1723,5713,0,1.75,9,15,0,0,0.012963
151,7,1724,5715,0,1.875,9,15,0,0,0.0138889
338,5,1725,5717,0,0.917,9,15,0,0,0.00679259
47,6,1726,5718,0,0.667,9,15,0,0,0.00494074
1991,2,1727,5722,0,1.792,8,17,0,0,0.0131765
1946,4,1728,5726,0,1.917,8,17,0,0,0.0140956
1971,3,1729,5729,0,1.875,8,17,0,0,0.0137868
1910,1,1730,5733,0,1.834,8,17,0,0,0.0134853
1907,0,1731,5743,0,1.834,8,17,0,0,0.0134853
1853,7,1732,5743,0,1.791,8,17,0,0,0.0131691
1607,6,1733,5748,0,1.75,8,17,0,0,0.0128676
1737,5,1734,5752,0,1.791,8,17,0,0,0.0131691
1393,2,1735,5755,0,1.792,8,17,0,0,0.0131765
883,4,1736,5757,0,1.875,8,17,0,0,0.0137868
1689,6,1737,5762,0,0.625,6,23,0,0,0.00452899
197,1,1738,5767,0,0.667,8,17,0,0,0.00490441
1772,7,1739,5770,0,0.708,6,23,0,0,0.00513043
861,3,1740,5773,0,1.875,8,17,0,0,0.0137868
43,0,1741,5775,0,1.833,8,17,0,0,0.0134779
30,2,1742,5780,0,1.708,6,23,0,0,0.0123768
1173,5,1743,5785,0,1.791,6,23,0,0,0.0129783
1751,4,1744,5790,0,1.834,7,20,0,0,0.0131
1730,6,1745,5796,0,1.792,7,20,0,0,0.0128
1559,7,1746,5800,0,0.833,7,20,0,0,0.00595
1707,1,1747,5803,0,1.75,7,20,0,0,0.0125
1507,3,1748,5806,0,1.875,7,20,0,0,0.0133929
1185,5,1749,5810,0,1.75,7,20,0,0,0.0125
903,7,1750,5817,0,1.834,7,20,0,0,0.0131
1368,0,1751,5824,0,1.792,7,20,0,0,0.0128
1312,2,1752,5825,0,1.834,7,20,0,0,0.0131
1080,4,1753,5828,0,1.917,7,20,0,0,0.0136929
943,6,1754,5832,0,1.833,7,20,0,0,0.0130929
823,1,1755,5836,0,1.791,7,20,0,0,0.0127929
790,3,1756,5841,0,1.875,7,20,0,0,0.0133929
133,0,1757,5845,0,2,7,20,0,0,0.0142857
313,7,1758,5849,0,0.667,7,20,0,0,0.00476429
1901,6,1759,5852,0,2,8,18,0,0,0.0138889
1815,1,1760,5856,0,1.917,8,18,0,0,0.0133125
664,5,1761,5860,0,1.875,7,20,0,0,0.0133929
1688,2,1762,5864,0,1.875,6,24,0,0,0.0130208
1480,3,1763,5868,0,1.834,8,18,0,0,0.0127361
403,4,1764,5873,0,0.667,6,24,0,0,0.00463194
1415,0,1765,5876,0,1.916,8,18,0,0,0.0133056
639,7,1766,5878,0,0.667,8,18,0,0,0.00463194
520,6,1767,5883,0,1.958,8,18,0,0,0.0135972
370,1,1768,5888,0,0.666,8,18,0,0,0.004625
1930,2,1769,5890,0,0.667,9,16,0,0,0.00463194
148,5,1770,5894,0,1.916,8,18,0,0,0.0133056
789,4,1771,5896,0,0.667,9,16,0,0,0.00463194
1723,3,1772,5899,0,1.917,9,16,0,0,0.0133125
765,1,1773,5903,0,1.917,7,21,0,0,0.0130408
1500,7,1774,5908,0,1.916,7,21,0,0,0.013034
327,0,1775,5910,0,2,9,16,0,0,0.0138889
833,6,1776,5914,0,1.959,7,21,0,0,0.0133265
69,2,1777,5918,0,1.916,7,21,0,0,0.013034
1488,3,1778,5923,0,1.959,8,19,0,0,0.0128882
1329,5,1779,5928,0,2.125,6,25,0,0,0.0141667
1168,4,1780,5932,0,2.083,6,25,0,0,0.0138867
1213,7,1781,5936,0,1.958,8,19,0,0,0.0128816
1208,0,1782,5941,0,2.042,8,19,0,0,0.0134342
1479,1,1783,5945,0,2.083,8,19,0,0,0.0137039
550,5,1784,5950,0,2,8,19,0,0,0.0131579
987,6,1785,5952,0,1.916,8,19,0,0,0.0126053
986,2,1786,5956,0,0.708,8,19,0,0,0.00465789
679,3,1787,5959,0,0.792,8,19,0,0,0.00521053
1950,4,1788,5965,0,2.416,7,22,0,0,0.0156883
1577,0,1789,5969,0,2.042,8,20,0,0,0.0127625
173,6,1790,5976,0,2.042,7,23,0,0,0.0126832
1799,7,1791,5977,0,2.209,8,20,0,0,0.0138063
1593,5,1792,5979,0,0.917,10,16,0,0,0.00573125
1177,1,1793,5985,0,2.083,8,20,0,0,0.0130188
1891,2,1794,5990,0,2.167,9,18,0,0,0.0133765
1928,4,1795,5995,0,1.041,7,24,0,0,0.00619643
1866,3,1796,5998,0,2.25,9,18,0,0,0.0138889
1997,0,1797,6001,0,2.208,8,21,0,0,0.0131429
974,6,1798,6004,0,2.333,8,21,0,0,0.0138869
808,7,1799,6007,0,2.084,8,21,0,0,0.0124048
1765,5,1800,6011,0,2.333,9,20,0,0,0.0129611
1627,2,1801,6015,0,1,10,21,0,0,0.0047619
1105,1,1802,6016,0,2.458,9,20,0,0,0.0136556
